2026-01-04 19:07:16,847 - INFO - Modelo SBTAYLOR_KAN.Net importado correctamente.
2026-01-04 19:07:16,848 - INFO - Los pesos del modelo se guardarán en: 'models/sbtaylor_kan_cotton\run_20260104_190716\sbtaylor_kan.best_weights.pth'
2026-01-04 19:07:16,850 - INFO - El registro de entrenamiento se guardará en: 'models/sbtaylor_kan_cotton\run_20260104_190716\training_run.log'
2026-01-04 19:07:16,879 - INFO - Versión de PyTorch: 2.9.0+cu126
2026-01-04 19:07:16,880 - INFO - ¿CUDA está disponible?: True
2026-01-04 19:07:16,882 - INFO - Versión de CUDA con la que PyTorch fue compilado: 12.6
2026-01-04 19:07:16,884 - INFO - Número de GPUs disponibles: 1
2026-01-04 19:07:16,889 - INFO - Nombre de la GPU actual: NVIDIA GeForce RTX 4090
2026-01-04 19:07:16,911 - INFO - --- Hyperparámetros de Entrenamiento ---
2026-01-04 19:07:16,912 - INFO - Batch Size: 64
2026-01-04 19:07:16,913 - INFO - Num Epochs: 150
2026-01-04 19:07:16,915 - INFO - Learning Rate: 0.0001
2026-01-04 19:07:16,947 - INFO - 
Cargando dataset de ./Preprocessed Ori...
2026-01-04 19:07:16,964 - INFO - Clases detectadas: ['Bacterial Blight', 'Curl Virus', 'Healthy Leaf', 'Herbicide Growth Damage', 'Leaf Hopper Jassids', 'Leaf Redding']
2026-01-04 19:07:16,985 - INFO - 
Usando dispositivo: cuda
2026-01-04 19:08:32,129 - INFO - Iniciando entrenamiento por 150 épocas...
2026-01-04 19:08:32,131 - INFO - Paciencia configurada: 10 épocas.
2026-01-04 19:08:32,132 - INFO - --- Época 1/150 ---
2026-01-04 19:09:46,872 - INFO - Train Loss: 1.8266 Acc: 0.1856
2026-01-04 19:09:55,887 - INFO -   [LR] Tasa de aprendizaje actual: 0.000100
2026-01-04 19:09:55,888 - INFO -   [Mejora Loss] inf -> 1.7683. Reseteando paciencia.
2026-01-04 19:09:56,381 - INFO -   [Nuevo Récord Loss] Guardado en: models/sbtaylor_kan_cotton\run_20260104_190716\best_model.pth
2026-01-04 19:09:56,382 - INFO - Val Loss: 1.7683 Acc: 0.2458
2026-01-04 19:09:56,383 - INFO - --- Época 2/150 ---
2026-01-04 19:11:09,240 - INFO - Train Loss: 1.7318 Acc: 0.3115
2026-01-04 19:11:15,766 - INFO -   [LR] Tasa de aprendizaje actual: 0.000100
2026-01-04 19:11:15,767 - INFO -   [Mejora Loss] 1.7683 -> 1.7423. Reseteando paciencia.
2026-01-04 19:11:16,638 - INFO -   [Nuevo Récord Loss] Guardado en: models/sbtaylor_kan_cotton\run_20260104_190716\best_model.pth
2026-01-04 19:11:16,649 - INFO - Val Loss: 1.7423 Acc: 0.2750
2026-01-04 19:11:16,652 - INFO - --- Época 3/150 ---
2026-01-04 19:12:29,240 - INFO - Train Loss: 1.6495 Acc: 0.3751
2026-01-04 19:12:36,152 - INFO -   [LR] Tasa de aprendizaje actual: 0.000100
2026-01-04 19:12:36,153 - INFO -   [Mejora Loss] 1.7423 -> 1.7011. Reseteando paciencia.
2026-01-04 19:12:36,858 - INFO -   [Nuevo Récord Loss] Guardado en: models/sbtaylor_kan_cotton\run_20260104_190716\best_model.pth
2026-01-04 19:12:36,860 - INFO - Val Loss: 1.7011 Acc: 0.3208
2026-01-04 19:12:36,889 - INFO - --- Época 4/150 ---
2026-01-04 19:13:51,713 - INFO - Train Loss: 1.5798 Acc: 0.3757
2026-01-04 19:14:00,587 - INFO -   [LR] Tasa de aprendizaje actual: 0.000100
2026-01-04 19:14:00,588 - INFO -   [Mejora Loss] 1.7011 -> 1.6638. Reseteando paciencia.
2026-01-04 19:14:01,149 - INFO -   [Nuevo Récord Loss] Guardado en: models/sbtaylor_kan_cotton\run_20260104_190716\best_model.pth
2026-01-04 19:14:01,150 - INFO - Val Loss: 1.6638 Acc: 0.3208
2026-01-04 19:14:01,151 - INFO - --- Época 5/150 ---
2026-01-04 19:15:14,734 - INFO - Train Loss: 1.5263 Acc: 0.4075
2026-01-04 19:15:21,831 - INFO -   [LR] Tasa de aprendizaje actual: 0.000100
2026-01-04 19:15:21,832 - INFO -   [Mejora Loss] 1.6638 -> 1.6309. Reseteando paciencia.
2026-01-04 19:15:22,397 - INFO -   [Nuevo Récord Loss] Guardado en: models/sbtaylor_kan_cotton\run_20260104_190716\best_model.pth
2026-01-04 19:15:22,399 - INFO - Val Loss: 1.6309 Acc: 0.3292
2026-01-04 19:15:22,400 - INFO - --- Época 6/150 ---
2026-01-04 19:16:35,673 - INFO - Train Loss: 1.4853 Acc: 0.4218
2026-01-04 19:16:42,108 - INFO -   [LR] Tasa de aprendizaje actual: 0.000100
2026-01-04 19:16:42,109 - INFO -   [Mejora Loss] 1.6309 -> 1.6131. Reseteando paciencia.
2026-01-04 19:16:43,003 - INFO -   [Nuevo Récord Loss] Guardado en: models/sbtaylor_kan_cotton\run_20260104_190716\best_model.pth
2026-01-04 19:16:43,005 - INFO - Val Loss: 1.6131 Acc: 0.3333
2026-01-04 19:16:43,006 - INFO - --- Época 7/150 ---
2026-01-04 19:17:55,313 - INFO - Train Loss: 1.4440 Acc: 0.4387
2026-01-04 19:18:03,988 - INFO -   [LR] Tasa de aprendizaje actual: 0.000100
2026-01-04 19:18:03,989 - INFO -   [Mejora Loss] 1.6131 -> 1.5721. Reseteando paciencia.
2026-01-04 19:18:04,491 - INFO -   [Nuevo Récord Loss] Guardado en: models/sbtaylor_kan_cotton\run_20260104_190716\best_model.pth
2026-01-04 19:18:04,493 - INFO - Val Loss: 1.5721 Acc: 0.3417
2026-01-04 19:18:04,494 - INFO - --- Época 8/150 ---
2026-01-04 19:19:15,679 - INFO - Train Loss: 1.4211 Acc: 0.4491
2026-01-04 19:19:22,193 - INFO -   [LR] Tasa de aprendizaje actual: 0.000100
2026-01-04 19:19:22,194 - INFO -   [Mejora Loss] 1.5721 -> 1.5670. Reseteando paciencia.
2026-01-04 19:19:22,960 - INFO -   [Nuevo Récord Loss] Guardado en: models/sbtaylor_kan_cotton\run_20260104_190716\best_model.pth
2026-01-04 19:19:22,962 - INFO - Val Loss: 1.5670 Acc: 0.3250
2026-01-04 19:19:22,964 - INFO - --- Época 9/150 ---
2026-01-04 19:20:36,006 - INFO - Train Loss: 1.3805 Acc: 0.4562
2026-01-04 19:20:42,685 - INFO -   [LR] Tasa de aprendizaje actual: 0.000100
2026-01-04 19:20:42,687 - INFO -   [Mejora Loss] 1.5670 -> 1.5490. Reseteando paciencia.
2026-01-04 19:20:43,230 - INFO -   [Nuevo Récord Loss] Guardado en: models/sbtaylor_kan_cotton\run_20260104_190716\best_model.pth
2026-01-04 19:20:43,232 - INFO - Val Loss: 1.5490 Acc: 0.3375
2026-01-04 19:20:43,233 - INFO - --- Época 10/150 ---
2026-01-04 19:21:55,250 - INFO - Train Loss: 1.3500 Acc: 0.4783
2026-01-04 19:22:03,810 - INFO -   [LR] Tasa de aprendizaje actual: 0.000100
2026-01-04 19:22:03,843 - INFO -   [Mejora Loss] 1.5490 -> 1.5260. Reseteando paciencia.
2026-01-04 19:22:04,770 - INFO -   [Nuevo Récord Loss] Guardado en: models/sbtaylor_kan_cotton\run_20260104_190716\best_model.pth
2026-01-04 19:22:04,772 - INFO - Val Loss: 1.5260 Acc: 0.3375
2026-01-04 19:22:04,774 - INFO - --- Época 11/150 ---
2026-01-04 19:23:17,353 - INFO - Train Loss: 1.3324 Acc: 0.4679
2026-01-04 19:23:23,739 - INFO -   [LR] Tasa de aprendizaje actual: 0.000100
2026-01-04 19:23:23,741 - INFO -   [Mejora Loss] 1.5260 -> 1.5048. Reseteando paciencia.
2026-01-04 19:23:24,547 - INFO -   [Nuevo Récord Loss] Guardado en: models/sbtaylor_kan_cotton\run_20260104_190716\best_model.pth
2026-01-04 19:23:24,548 - INFO - Val Loss: 1.5048 Acc: 0.3375
2026-01-04 19:23:24,550 - INFO - --- Época 12/150 ---
2026-01-04 19:24:37,078 - INFO - Train Loss: 1.3082 Acc: 0.4873
2026-01-04 19:24:42,413 - INFO -   [LR] Tasa de aprendizaje actual: 0.000100
2026-01-04 19:24:42,414 - INFO -   [Mejora Loss] 1.5048 -> 1.4974. Reseteando paciencia.
2026-01-04 19:24:43,319 - INFO -   [Nuevo Récord Loss] Guardado en: models/sbtaylor_kan_cotton\run_20260104_190716\best_model.pth
2026-01-04 19:24:43,321 - INFO - Val Loss: 1.4974 Acc: 0.3417
2026-01-04 19:24:43,323 - INFO - --- Época 13/150 ---
2026-01-04 19:25:56,262 - INFO - Train Loss: 1.3107 Acc: 0.4971
2026-01-04 19:26:03,013 - INFO -   [LR] Tasa de aprendizaje actual: 0.000100
2026-01-04 19:26:03,014 - INFO -   [Mejora Loss] 1.4974 -> 1.4817. Reseteando paciencia.
2026-01-04 19:26:03,496 - INFO -   [Nuevo Récord Loss] Guardado en: models/sbtaylor_kan_cotton\run_20260104_190716\best_model.pth
2026-01-04 19:26:03,498 - INFO - Val Loss: 1.4817 Acc: 0.3333
2026-01-04 19:26:03,499 - INFO - --- Época 14/150 ---
2026-01-04 19:27:17,901 - INFO - Train Loss: 1.2742 Acc: 0.5042
2026-01-04 19:27:24,660 - INFO -   [LR] Tasa de aprendizaje actual: 0.000100
2026-01-04 19:27:24,661 - INFO -   [Mejora Loss] 1.4817 -> 1.4775. Reseteando paciencia.
2026-01-04 19:27:25,129 - INFO -   [Nuevo Récord Loss] Guardado en: models/sbtaylor_kan_cotton\run_20260104_190716\best_model.pth
2026-01-04 19:27:25,130 - INFO - Val Loss: 1.4775 Acc: 0.3458
2026-01-04 19:27:25,132 - INFO - --- Época 15/150 ---
2026-01-04 19:28:37,169 - INFO - Train Loss: 1.2529 Acc: 0.5088
2026-01-04 19:28:43,827 - INFO -   [LR] Tasa de aprendizaje actual: 0.000100
2026-01-04 19:28:43,828 - INFO -   [Mejora Loss] 1.4775 -> 1.4690. Reseteando paciencia.
2026-01-04 19:28:44,352 - INFO -   [Nuevo Récord Loss] Guardado en: models/sbtaylor_kan_cotton\run_20260104_190716\best_model.pth
2026-01-04 19:28:44,353 - INFO - Val Loss: 1.4690 Acc: 0.3458
2026-01-04 19:28:44,354 - INFO - --- Época 16/150 ---
2026-01-04 19:29:56,799 - INFO - Train Loss: 1.2481 Acc: 0.5094
2026-01-04 19:30:03,445 - INFO -   [LR] Tasa de aprendizaje actual: 0.000100
2026-01-04 19:30:03,446 - INFO -   [Mejora Loss] 1.4690 -> 1.4603. Reseteando paciencia.
2026-01-04 19:30:04,248 - INFO -   [Nuevo Récord Loss] Guardado en: models/sbtaylor_kan_cotton\run_20260104_190716\best_model.pth
2026-01-04 19:30:04,251 - INFO - Val Loss: 1.4603 Acc: 0.3583
2026-01-04 19:30:04,253 - INFO - --- Época 17/150 ---
2026-01-04 19:31:17,880 - INFO - Train Loss: 1.2251 Acc: 0.5191
2026-01-04 19:31:24,547 - INFO -   [LR] Tasa de aprendizaje actual: 0.000100
2026-01-04 19:31:24,548 - INFO -   [Sin mejora Loss] Paciencia: 1/10
2026-01-04 19:31:24,549 - INFO - Val Loss: 1.4779 Acc: 0.3375
2026-01-04 19:31:24,550 - INFO - --- Época 18/150 ---
2026-01-04 19:32:36,698 - INFO - Train Loss: 1.2047 Acc: 0.5406
2026-01-04 19:32:43,552 - INFO -   [LR] Tasa de aprendizaje actual: 0.000100
2026-01-04 19:32:43,556 - INFO -   [Sin mejora Loss] Paciencia: 2/10
2026-01-04 19:32:43,559 - INFO - Val Loss: 1.4847 Acc: 0.3542
2026-01-04 19:32:43,561 - INFO - --- Época 19/150 ---
2026-01-04 19:33:55,455 - INFO - Train Loss: 1.1934 Acc: 0.5393
2026-01-04 19:34:01,551 - INFO -   [LR] Tasa de aprendizaje actual: 0.000100
2026-01-04 19:34:01,552 - INFO -   [Mejora Loss] 1.4603 -> 1.4421. Reseteando paciencia.
2026-01-04 19:34:02,543 - INFO -   [Nuevo Récord Loss] Guardado en: models/sbtaylor_kan_cotton\run_20260104_190716\best_model.pth
2026-01-04 19:34:02,546 - INFO - Val Loss: 1.4421 Acc: 0.3708
2026-01-04 19:34:02,548 - INFO - --- Época 20/150 ---
2026-01-04 19:35:17,132 - INFO - Train Loss: 1.1977 Acc: 0.5529
2026-01-04 19:35:22,732 - INFO -   [LR] Tasa de aprendizaje actual: 0.000100
2026-01-04 19:35:22,733 - INFO -   [Mejora Loss] 1.4421 -> 1.4397. Reseteando paciencia.
2026-01-04 19:35:23,468 - INFO -   [Nuevo Récord Loss] Guardado en: models/sbtaylor_kan_cotton\run_20260104_190716\best_model.pth
2026-01-04 19:35:23,477 - INFO - Val Loss: 1.4397 Acc: 0.3750
2026-01-04 19:35:23,479 - INFO - --- Época 21/150 ---
2026-01-04 19:36:38,308 - INFO - Train Loss: 1.1885 Acc: 0.5483
2026-01-04 19:36:43,779 - INFO -   [LR] Tasa de aprendizaje actual: 0.000100
2026-01-04 19:36:43,780 - INFO -   [Sin mejora Loss] Paciencia: 1/10
2026-01-04 19:36:43,794 - INFO - Val Loss: 1.4444 Acc: 0.3833
2026-01-04 19:36:43,796 - INFO - --- Época 22/150 ---
2026-01-04 19:37:57,879 - INFO - Train Loss: 1.1949 Acc: 0.5367
2026-01-04 19:38:04,639 - INFO -   [LR] Tasa de aprendizaje actual: 0.000100
2026-01-04 19:38:04,640 - INFO -   [Sin mejora Loss] Paciencia: 2/10
2026-01-04 19:38:04,642 - INFO - Val Loss: 1.4443 Acc: 0.3750
2026-01-04 19:38:04,643 - INFO - --- Época 23/150 ---
2026-01-04 19:39:18,824 - INFO - Train Loss: 1.1867 Acc: 0.5555
2026-01-04 19:39:25,831 - INFO -   [LR] Tasa de aprendizaje actual: 0.000100
2026-01-04 19:39:25,832 - INFO -   [Mejora Loss] 1.4397 -> 1.4374. Reseteando paciencia.
2026-01-04 19:39:26,704 - INFO -   [Nuevo Récord Loss] Guardado en: models/sbtaylor_kan_cotton\run_20260104_190716\best_model.pth
2026-01-04 19:39:26,714 - INFO - Val Loss: 1.4374 Acc: 0.3833
2026-01-04 19:39:26,716 - INFO - --- Época 24/150 ---
2026-01-04 19:40:41,286 - INFO - Train Loss: 1.1777 Acc: 0.5490
2026-01-04 19:40:47,907 - INFO -   [LR] Tasa de aprendizaje actual: 0.000100
2026-01-04 19:40:47,909 - INFO -   [Mejora Loss] 1.4374 -> 1.4132. Reseteando paciencia.
2026-01-04 19:40:48,464 - INFO -   [Nuevo Récord Loss] Guardado en: models/sbtaylor_kan_cotton\run_20260104_190716\best_model.pth
2026-01-04 19:40:48,475 - INFO - Val Loss: 1.4132 Acc: 0.4333
2026-01-04 19:40:48,477 - INFO - --- Época 25/150 ---
2026-01-04 19:42:03,497 - INFO - Train Loss: 1.1849 Acc: 0.5328
2026-01-04 19:42:10,204 - INFO -   [LR] Tasa de aprendizaje actual: 0.000100
2026-01-04 19:42:10,205 - INFO -   [Sin mejora Loss] Paciencia: 1/10
2026-01-04 19:42:10,207 - INFO - Val Loss: 1.4465 Acc: 0.3792
2026-01-04 19:42:10,208 - INFO - --- Época 26/150 ---
2026-01-04 19:43:25,137 - INFO - Train Loss: 1.1485 Acc: 0.5555
2026-01-04 19:43:32,718 - INFO -   [LR] Tasa de aprendizaje actual: 0.000100
2026-01-04 19:43:32,718 - INFO -   [Sin mejora Loss] Paciencia: 2/10
2026-01-04 19:43:32,720 - INFO - Val Loss: 1.4395 Acc: 0.3958
2026-01-04 19:43:32,720 - INFO - --- Época 27/150 ---
2026-01-04 19:44:45,973 - INFO - Train Loss: 1.1681 Acc: 0.5574
2026-01-04 19:44:52,505 - INFO -   [LR] Tasa de aprendizaje actual: 0.000100
2026-01-04 19:44:52,507 - INFO -   [Mejora Loss] 1.4132 -> 1.4056. Reseteando paciencia.
2026-01-04 19:44:53,180 - INFO -   [Nuevo Récord Loss] Guardado en: models/sbtaylor_kan_cotton\run_20260104_190716\best_model.pth
2026-01-04 19:44:53,181 - INFO - Val Loss: 1.4056 Acc: 0.4292
2026-01-04 19:44:53,182 - INFO - --- Época 28/150 ---
2026-01-04 19:46:08,329 - INFO - Train Loss: 1.1373 Acc: 0.5860
2026-01-04 19:46:15,115 - INFO -   [LR] Tasa de aprendizaje actual: 0.000100
2026-01-04 19:46:15,116 - INFO -   [Mejora Loss] 1.4056 -> 1.3958. Reseteando paciencia.
2026-01-04 19:46:15,863 - INFO -   [Nuevo Récord Loss] Guardado en: models/sbtaylor_kan_cotton\run_20260104_190716\best_model.pth
2026-01-04 19:46:15,900 - INFO - Val Loss: 1.3958 Acc: 0.4375
2026-01-04 19:46:15,903 - INFO - --- Época 29/150 ---
2026-01-04 19:47:28,400 - INFO - Train Loss: 1.1409 Acc: 0.5600
2026-01-04 19:47:38,961 - INFO -   [LR] Tasa de aprendizaje actual: 0.000100
2026-01-04 19:47:38,962 - INFO -   [Sin mejora Loss] Paciencia: 1/10
2026-01-04 19:47:38,963 - INFO - Val Loss: 1.4242 Acc: 0.4167
2026-01-04 19:47:38,964 - INFO - --- Época 30/150 ---
2026-01-04 19:48:52,566 - INFO - Train Loss: 1.1189 Acc: 0.5717
2026-01-04 19:48:59,186 - INFO -   [LR] Tasa de aprendizaje actual: 0.000100
2026-01-04 19:48:59,187 - INFO -   [Mejora Loss] 1.3958 -> 1.3957. Reseteando paciencia.
2026-01-04 19:48:59,722 - INFO -   [Nuevo Récord Loss] Guardado en: models/sbtaylor_kan_cotton\run_20260104_190716\best_model.pth
2026-01-04 19:48:59,723 - INFO - Val Loss: 1.3957 Acc: 0.4208
2026-01-04 19:48:59,724 - INFO - --- Época 31/150 ---
2026-01-04 19:50:14,070 - INFO - Train Loss: 1.1442 Acc: 0.5750
2026-01-04 19:50:20,895 - INFO -   [LR] Tasa de aprendizaje actual: 0.000100
2026-01-04 19:50:20,896 - INFO -   [Sin mejora Loss] Paciencia: 1/10
2026-01-04 19:50:20,897 - INFO - Val Loss: 1.4100 Acc: 0.4292
2026-01-04 19:50:20,898 - INFO - --- Época 32/150 ---
2026-01-04 19:51:35,692 - INFO - Train Loss: 1.1080 Acc: 0.5659
2026-01-04 19:51:45,673 - INFO -   [LR] Tasa de aprendizaje actual: 0.000100
2026-01-04 19:51:45,675 - INFO -   [Sin mejora Loss] Paciencia: 2/10
2026-01-04 19:51:45,676 - INFO - Val Loss: 1.4143 Acc: 0.4208
2026-01-04 19:51:45,678 - INFO - --- Época 33/150 ---
2026-01-04 19:52:58,043 - INFO - Train Loss: 1.1106 Acc: 0.5730
2026-01-04 19:53:04,812 - INFO -   [LR] Tasa de aprendizaje actual: 0.000100
2026-01-04 19:53:04,813 - INFO -   [Mejora Loss] 1.3957 -> 1.3952. Reseteando paciencia.
2026-01-04 19:53:05,411 - INFO -   [Nuevo Récord Loss] Guardado en: models/sbtaylor_kan_cotton\run_20260104_190716\best_model.pth
2026-01-04 19:53:05,415 - INFO - Val Loss: 1.3952 Acc: 0.4458
2026-01-04 19:53:05,416 - INFO - --- Época 34/150 ---
2026-01-04 19:54:19,017 - INFO - Train Loss: 1.1103 Acc: 0.5535
2026-01-04 19:54:25,156 - INFO -   [LR] Tasa de aprendizaje actual: 0.000100
2026-01-04 19:54:25,157 - INFO -   [Sin mejora Loss] Paciencia: 1/10
2026-01-04 19:54:25,159 - INFO - Val Loss: 1.4142 Acc: 0.4333
2026-01-04 19:54:25,160 - INFO - --- Época 35/150 ---
2026-01-04 19:55:40,754 - INFO - Train Loss: 1.0901 Acc: 0.5691
2026-01-04 19:55:47,417 - INFO -   [LR] Tasa de aprendizaje actual: 0.000100
2026-01-04 19:55:47,418 - INFO -   [Mejora Loss] 1.3952 -> 1.3951. Reseteando paciencia.
2026-01-04 19:55:48,113 - INFO -   [Nuevo Récord Loss] Guardado en: models/sbtaylor_kan_cotton\run_20260104_190716\best_model.pth
2026-01-04 19:55:48,128 - INFO - Val Loss: 1.3951 Acc: 0.4625
2026-01-04 19:55:48,130 - INFO - --- Época 36/150 ---
2026-01-04 19:57:05,011 - INFO - Train Loss: 1.1073 Acc: 0.5633
2026-01-04 19:57:12,667 - INFO -   [LR] Tasa de aprendizaje actual: 0.000100
2026-01-04 19:57:12,669 - INFO -   [Sin mejora Loss] Paciencia: 1/10
2026-01-04 19:57:12,671 - INFO - Val Loss: 1.4103 Acc: 0.4292
2026-01-04 19:57:12,672 - INFO - --- Época 37/150 ---
2026-01-04 19:58:27,998 - INFO - Train Loss: 1.1156 Acc: 0.5678
2026-01-04 19:58:33,897 - INFO -   [LR] Tasa de aprendizaje actual: 0.000100
2026-01-04 19:58:33,899 - INFO -   [Sin mejora Loss] Paciencia: 2/10
2026-01-04 19:58:33,901 - INFO - Val Loss: 1.4020 Acc: 0.4583
2026-01-04 19:58:33,903 - INFO - --- Época 38/150 ---
2026-01-04 19:59:49,316 - INFO - Train Loss: 1.0738 Acc: 0.5698
2026-01-04 19:59:56,017 - INFO -   [LR] Tasa de aprendizaje actual: 0.000100
2026-01-04 19:59:56,018 - INFO -   [Mejora Loss] 1.3951 -> 1.3924. Reseteando paciencia.
2026-01-04 19:59:56,647 - INFO -   [Nuevo Récord Loss] Guardado en: models/sbtaylor_kan_cotton\run_20260104_190716\best_model.pth
2026-01-04 19:59:56,650 - INFO - Val Loss: 1.3924 Acc: 0.4833
2026-01-04 19:59:56,652 - INFO - --- Época 39/150 ---
2026-01-04 20:01:13,882 - INFO - Train Loss: 1.1049 Acc: 0.5529
2026-01-04 20:01:20,782 - INFO -   [LR] Tasa de aprendizaje actual: 0.000100
2026-01-04 20:01:20,783 - INFO -   [Sin mejora Loss] Paciencia: 1/10
2026-01-04 20:01:20,784 - INFO - Val Loss: 1.3934 Acc: 0.4667
2026-01-04 20:01:20,785 - INFO - --- Época 40/150 ---
2026-01-04 20:02:36,381 - INFO - Train Loss: 1.0972 Acc: 0.5918
2026-01-04 20:02:43,165 - INFO -   [LR] Tasa de aprendizaje actual: 0.000100
2026-01-04 20:02:43,166 - INFO -   [Sin mejora Loss] Paciencia: 2/10
2026-01-04 20:02:43,168 - INFO - Val Loss: 1.4049 Acc: 0.4708
2026-01-04 20:02:43,170 - INFO - --- Época 41/150 ---
2026-01-04 20:03:53,243 - INFO - Train Loss: 1.0639 Acc: 0.5996
2026-01-04 20:04:01,734 - INFO -   [LR] Tasa de aprendizaje actual: 0.000100
2026-01-04 20:04:01,735 - INFO -   [Mejora Loss] 1.3924 -> 1.3814. Reseteando paciencia.
2026-01-04 20:04:02,537 - INFO -   [Nuevo Récord Loss] Guardado en: models/sbtaylor_kan_cotton\run_20260104_190716\best_model.pth
2026-01-04 20:04:02,538 - INFO - Val Loss: 1.3814 Acc: 0.4625
2026-01-04 20:04:02,539 - INFO - --- Época 42/150 ---
2026-01-04 20:05:13,503 - INFO - Train Loss: 1.0769 Acc: 0.5860
2026-01-04 20:05:20,014 - INFO -   [LR] Tasa de aprendizaje actual: 0.000100
2026-01-04 20:05:20,016 - INFO -   [Sin mejora Loss] Paciencia: 1/10
2026-01-04 20:05:20,017 - INFO - Val Loss: 1.3961 Acc: 0.4542
2026-01-04 20:05:20,018 - INFO - --- Época 43/150 ---
2026-01-04 20:06:14,190 - INFO - Train Loss: 1.0698 Acc: 0.5879
2026-01-04 20:06:16,300 - INFO -   [LR] Tasa de aprendizaje actual: 0.000100
2026-01-04 20:06:16,301 - INFO -   [Sin mejora Loss] Paciencia: 2/10
2026-01-04 20:06:16,303 - INFO - Val Loss: 1.3865 Acc: 0.4583
2026-01-04 20:06:16,304 - INFO - --- Época 44/150 ---
2026-01-04 20:06:40,607 - INFO - Train Loss: 1.0844 Acc: 0.5860
2026-01-04 20:06:42,546 - INFO -   [LR] Tasa de aprendizaje actual: 0.000100
2026-01-04 20:06:42,546 - INFO -   [Sin mejora Loss] Paciencia: 3/10
2026-01-04 20:06:42,548 - INFO - Val Loss: 1.3989 Acc: 0.4625
2026-01-04 20:06:42,548 - INFO - --- Época 45/150 ---
2026-01-04 20:07:06,328 - INFO - Train Loss: 1.0777 Acc: 0.5847
2026-01-04 20:07:08,380 - INFO -   [LR] Tasa de aprendizaje actual: 0.000100
2026-01-04 20:07:08,381 - INFO -   [Sin mejora Loss] Paciencia: 4/10
2026-01-04 20:07:08,382 - INFO - Val Loss: 1.3866 Acc: 0.4708
2026-01-04 20:07:08,383 - INFO - --- Época 46/150 ---
2026-01-04 20:07:32,488 - INFO - Train Loss: 1.0562 Acc: 0.5996
2026-01-04 20:07:34,652 - INFO -   [LR] Tasa de aprendizaje actual: 0.000100
2026-01-04 20:07:34,654 - INFO -   [Mejora Loss] 1.3814 -> 1.3569. Reseteando paciencia.
2026-01-04 20:07:36,153 - INFO -   [Nuevo Récord Loss] Guardado en: models/sbtaylor_kan_cotton\run_20260104_190716\best_model.pth
2026-01-04 20:07:36,155 - INFO - Val Loss: 1.3569 Acc: 0.4833
2026-01-04 20:07:36,156 - INFO - --- Época 47/150 ---
2026-01-04 20:07:59,737 - INFO - Train Loss: 1.0621 Acc: 0.5847
2026-01-04 20:08:01,774 - INFO -   [LR] Tasa de aprendizaje actual: 0.000100
2026-01-04 20:08:01,776 - INFO -   [Sin mejora Loss] Paciencia: 1/10
2026-01-04 20:08:01,777 - INFO - Val Loss: 1.3814 Acc: 0.4875
2026-01-04 20:08:01,777 - INFO - --- Época 48/150 ---
2026-01-04 20:08:25,414 - INFO - Train Loss: 1.0430 Acc: 0.5951
2026-01-04 20:08:27,434 - INFO -   [LR] Tasa de aprendizaje actual: 0.000100
2026-01-04 20:08:27,435 - INFO -   [Sin mejora Loss] Paciencia: 2/10
2026-01-04 20:08:27,436 - INFO - Val Loss: 1.3877 Acc: 0.4833
2026-01-04 20:08:27,437 - INFO - --- Época 49/150 ---
2026-01-04 20:08:51,526 - INFO - Train Loss: 1.0555 Acc: 0.6003
2026-01-04 20:08:53,473 - INFO -   [LR] Tasa de aprendizaje actual: 0.000100
2026-01-04 20:08:53,474 - INFO -   [Mejora Loss] 1.3569 -> 1.3406. Reseteando paciencia.
2026-01-04 20:08:53,919 - INFO -   [Nuevo Récord Loss] Guardado en: models/sbtaylor_kan_cotton\run_20260104_190716\best_model.pth
2026-01-04 20:08:53,921 - INFO - Val Loss: 1.3406 Acc: 0.5042
2026-01-04 20:08:53,922 - INFO - --- Época 50/150 ---
2026-01-04 20:09:17,405 - INFO - Train Loss: 1.0758 Acc: 0.6042
2026-01-04 20:09:19,373 - INFO -   [LR] Tasa de aprendizaje actual: 0.000100
2026-01-04 20:09:19,374 - INFO -   [Sin mejora Loss] Paciencia: 1/10
2026-01-04 20:09:19,375 - INFO - Val Loss: 1.3994 Acc: 0.4708
2026-01-04 20:09:19,376 - INFO - --- Época 51/150 ---
2026-01-04 20:09:42,941 - INFO - Train Loss: 1.0542 Acc: 0.5944
2026-01-04 20:09:44,966 - INFO -   [LR] Tasa de aprendizaje actual: 0.000100
2026-01-04 20:09:44,967 - INFO -   [Sin mejora Loss] Paciencia: 2/10
2026-01-04 20:09:44,968 - INFO - Val Loss: 1.4144 Acc: 0.4458
2026-01-04 20:09:44,970 - INFO - --- Época 52/150 ---
2026-01-04 20:10:09,772 - INFO - Train Loss: 1.0409 Acc: 0.5983
2026-01-04 20:10:11,830 - INFO -   [LR] Tasa de aprendizaje actual: 0.000100
2026-01-04 20:10:11,831 - INFO -   [Sin mejora Loss] Paciencia: 3/10
2026-01-04 20:10:11,832 - INFO - Val Loss: 1.3989 Acc: 0.4500
2026-01-04 20:10:11,833 - INFO - --- Época 53/150 ---
2026-01-04 20:10:35,526 - INFO - Train Loss: 1.0362 Acc: 0.6035
2026-01-04 20:10:37,469 - INFO -   [LR] Tasa de aprendizaje actual: 0.000100
2026-01-04 20:10:37,470 - INFO -   [Sin mejora Loss] Paciencia: 4/10
2026-01-04 20:10:37,471 - INFO - Val Loss: 1.3842 Acc: 0.4792
2026-01-04 20:10:37,472 - INFO - --- Época 54/150 ---
2026-01-04 20:11:01,589 - INFO - Train Loss: 1.0389 Acc: 0.5996
2026-01-04 20:11:03,659 - INFO -   [LR] Tasa de aprendizaje actual: 0.000100
2026-01-04 20:11:03,660 - INFO -   [Sin mejora Loss] Paciencia: 5/10
2026-01-04 20:11:03,661 - INFO - Val Loss: 1.3970 Acc: 0.4667
2026-01-04 20:11:03,662 - INFO - --- Época 55/150 ---
2026-01-04 20:11:27,099 - INFO - Train Loss: 1.0639 Acc: 0.5931
2026-01-04 20:11:29,068 - INFO -   [LR] Tasa de aprendizaje actual: 0.000050
2026-01-04 20:11:29,068 - INFO -   [Sin mejora Loss] Paciencia: 6/10
2026-01-04 20:11:29,069 - INFO - Val Loss: 1.3678 Acc: 0.4833
2026-01-04 20:11:29,070 - INFO - --- Época 56/150 ---
2026-01-04 20:11:52,882 - INFO - Train Loss: 1.0257 Acc: 0.6126
2026-01-04 20:11:54,885 - INFO -   [LR] Tasa de aprendizaje actual: 0.000050
2026-01-04 20:11:54,886 - INFO -   [Sin mejora Loss] Paciencia: 7/10
2026-01-04 20:11:54,887 - INFO - Val Loss: 1.3882 Acc: 0.4708
2026-01-04 20:11:54,888 - INFO - --- Época 57/150 ---
2026-01-04 20:12:19,012 - INFO - Train Loss: 1.0103 Acc: 0.6145
2026-01-04 20:12:21,031 - INFO -   [LR] Tasa de aprendizaje actual: 0.000050
2026-01-04 20:12:21,032 - INFO -   [Sin mejora Loss] Paciencia: 8/10
2026-01-04 20:12:21,033 - INFO - Val Loss: 1.3850 Acc: 0.4667
2026-01-04 20:12:21,034 - INFO - --- Época 58/150 ---
2026-01-04 20:12:44,697 - INFO - Train Loss: 1.0315 Acc: 0.6074
2026-01-04 20:12:46,595 - INFO -   [LR] Tasa de aprendizaje actual: 0.000050
2026-01-04 20:12:46,597 - INFO -   [Sin mejora Loss] Paciencia: 9/10
2026-01-04 20:12:46,599 - INFO - Val Loss: 1.3741 Acc: 0.4750
2026-01-04 20:12:46,601 - INFO - --- Época 59/150 ---
2026-01-04 20:13:10,708 - INFO - Train Loss: 1.0317 Acc: 0.5996
2026-01-04 20:13:12,595 - INFO -   [LR] Tasa de aprendizaje actual: 0.000050
2026-01-04 20:13:12,596 - INFO -   [Sin mejora Loss] Paciencia: 10/10
2026-01-04 20:13:12,597 - INFO - ¡EARLY STOPPING ACTIVADO! El modelo ya no mejora su pérdida.
2026-01-04 20:13:12,598 - INFO - Val Loss: 1.3488 Acc: 0.4875
2026-01-04 20:13:12,600 - INFO - Entrenamiento finalizado en 64m 40s
2026-01-04 20:13:12,601 - INFO - Mejor Val Loss lograda: 1.3406
2026-01-04 21:32:38,831 - INFO - Cargando el mejor modelo para la evaluación...
2026-01-04 21:32:39,552 - INFO - 
========================================
2026-01-04 21:32:39,553 - INFO - --- INICIANDO EVALUACIÓN EN TEST SET ---
2026-01-04 21:32:39,554 - INFO - ========================================
2026-01-04 21:32:41,496 - INFO - Calculando métricas estadísticas...
2026-01-04 21:32:41,506 - INFO - Generando matriz de confusión...
2026-01-04 21:32:42,135 - INFO - Gráfico guardado en: models/sbtaylor_kan_cotton\run_20260104_190716\confusion_matrix.png
2026-01-04 21:32:42,136 - INFO - Escribiendo reporte final...
2026-01-04 21:32:42,150 - INFO - Reporte de texto guardado en: models/sbtaylor_kan_cotton\run_20260104_190716\test_metrics_report.txt
2026-01-04 21:32:42,152 - INFO - --- EVALUACIÓN FINALIZADA ---
