2026-01-02 01:53:49,229 - INFO - Modelo SBTAYLOR_KAN.Net importado correctamente.
2026-01-02 01:53:49,231 - INFO - Los pesos del modelo se guardarán en: 'models/sbtaylor_kan_cotton\run_20260102_015349\sbtaylor_kan.best_weights.pth'
2026-01-02 01:53:49,232 - INFO - El registro de entrenamiento se guardará en: 'models/sbtaylor_kan_cotton\run_20260102_015349\training_run.log'
2026-01-02 01:53:49,260 - INFO - Versión de PyTorch: 2.9.0+cu126
2026-01-02 01:53:49,261 - INFO - ¿CUDA está disponible?: True
2026-01-02 01:53:49,262 - INFO - Versión de CUDA con la que PyTorch fue compilado: 12.6
2026-01-02 01:53:49,264 - INFO - Número de GPUs disponibles: 1
2026-01-02 01:53:49,269 - INFO - Nombre de la GPU actual: NVIDIA GeForce RTX 4090
2026-01-02 01:53:49,292 - INFO - --- Hyperparámetros de Entrenamiento ---
2026-01-02 01:53:49,293 - INFO - Batch Size: 64
2026-01-02 01:53:49,294 - INFO - Num Epochs: 150
2026-01-02 01:53:49,296 - INFO - Learning Rate: 0.0001
2026-01-02 01:53:49,327 - INFO - 
Cargando dataset de ./processed_dataset...
2026-01-02 01:53:49,349 - INFO - Clases detectadas: ['Aphids', 'Army worm', 'Bacterial Blight', 'Healthy', 'Powdery Mildew', 'Target spot']
2026-01-02 01:53:49,370 - INFO - 
Usando dispositivo: cuda
2026-01-02 01:53:50,906 - INFO - Iniciando entrenamiento por 150 épocas...
2026-01-02 01:53:50,907 - INFO - Paciencia configurada: 10 épocas.
2026-01-02 01:53:50,908 - INFO - --- Época 1/150 ---
2026-01-02 01:54:34,720 - INFO - Train Loss: 1.7976 Acc: 0.2165
2026-01-02 01:54:37,729 - INFO -   [LR] Tasa de aprendizaje actual: 0.000100
2026-01-02 01:54:37,730 - INFO -   [Mejora Loss] inf -> 1.7263. Reseteando paciencia.
2026-01-02 01:54:37,731 - INFO - Val Loss: 1.7263 Acc: 0.3137
2026-01-02 01:54:38,187 - INFO -   [Nuevo Récord Acc] Guardado en: models/sbtaylor_kan_cotton\run_20260102_015349\best_model.pth
2026-01-02 01:54:38,188 - INFO - --- Época 2/150 ---
2026-01-02 01:55:23,602 - INFO - Train Loss: 1.6496 Acc: 0.3013
2026-01-02 01:55:26,557 - INFO -   [LR] Tasa de aprendizaje actual: 0.000100
2026-01-02 01:55:26,558 - INFO -   [Mejora Loss] 1.7263 -> 1.5630. Reseteando paciencia.
2026-01-02 01:55:26,559 - INFO - Val Loss: 1.5630 Acc: 0.3697
2026-01-02 01:55:27,108 - INFO -   [Nuevo Récord Acc] Guardado en: models/sbtaylor_kan_cotton\run_20260102_015349\best_model.pth
2026-01-02 01:55:27,110 - INFO - --- Época 3/150 ---
2026-01-02 01:56:11,964 - INFO - Train Loss: 1.5079 Acc: 0.3910
2026-01-02 01:56:14,826 - INFO -   [LR] Tasa de aprendizaje actual: 0.000100
2026-01-02 01:56:14,827 - INFO -   [Mejora Loss] 1.5630 -> 1.4642. Reseteando paciencia.
2026-01-02 01:56:14,828 - INFO - Val Loss: 1.4642 Acc: 0.4314
2026-01-02 01:56:15,278 - INFO -   [Nuevo Récord Acc] Guardado en: models/sbtaylor_kan_cotton\run_20260102_015349\best_model.pth
2026-01-02 01:56:15,280 - INFO - --- Época 4/150 ---
2026-01-02 01:56:59,372 - INFO - Train Loss: 1.3875 Acc: 0.4473
2026-01-02 01:57:02,510 - INFO -   [LR] Tasa de aprendizaje actual: 0.000100
2026-01-02 01:57:02,511 - INFO -   [Mejora Loss] 1.4642 -> 1.3825. Reseteando paciencia.
2026-01-02 01:57:02,512 - INFO - Val Loss: 1.3825 Acc: 0.5462
2026-01-02 01:57:02,967 - INFO -   [Nuevo Récord Acc] Guardado en: models/sbtaylor_kan_cotton\run_20260102_015349\best_model.pth
2026-01-02 01:57:02,969 - INFO - --- Época 5/150 ---
2026-01-02 01:57:48,264 - INFO - Train Loss: 1.2808 Acc: 0.5085
2026-01-02 01:57:51,283 - INFO -   [LR] Tasa de aprendizaje actual: 0.000100
2026-01-02 01:57:51,284 - INFO -   [Mejora Loss] 1.3825 -> 1.2924. Reseteando paciencia.
2026-01-02 01:57:51,285 - INFO - Val Loss: 1.2924 Acc: 0.5994
2026-01-02 01:57:51,763 - INFO -   [Nuevo Récord Acc] Guardado en: models/sbtaylor_kan_cotton\run_20260102_015349\best_model.pth
2026-01-02 01:57:51,764 - INFO - --- Época 6/150 ---
2026-01-02 01:58:36,926 - INFO - Train Loss: 1.1951 Acc: 0.5502
2026-01-02 01:58:39,974 - INFO -   [LR] Tasa de aprendizaje actual: 0.000100
2026-01-02 01:58:39,975 - INFO -   [Mejora Loss] 1.2924 -> 1.2258. Reseteando paciencia.
2026-01-02 01:58:39,975 - INFO - Val Loss: 1.2258 Acc: 0.6275
2026-01-02 01:58:40,418 - INFO -   [Nuevo Récord Acc] Guardado en: models/sbtaylor_kan_cotton\run_20260102_015349\best_model.pth
2026-01-02 01:58:40,419 - INFO - --- Época 7/150 ---
2026-01-02 01:59:24,214 - INFO - Train Loss: 1.1364 Acc: 0.5726
2026-01-02 01:59:27,037 - INFO -   [LR] Tasa de aprendizaje actual: 0.000100
2026-01-02 01:59:27,038 - INFO -   [Mejora Loss] 1.2258 -> 1.1570. Reseteando paciencia.
2026-01-02 01:59:27,039 - INFO - Val Loss: 1.1570 Acc: 0.6331
2026-01-02 01:59:27,459 - INFO -   [Nuevo Récord Acc] Guardado en: models/sbtaylor_kan_cotton\run_20260102_015349\best_model.pth
2026-01-02 01:59:27,461 - INFO - --- Época 8/150 ---
2026-01-02 02:00:13,734 - INFO - Train Loss: 1.0721 Acc: 0.6122
2026-01-02 02:00:20,718 - INFO -   [LR] Tasa de aprendizaje actual: 0.000100
2026-01-02 02:00:20,720 - INFO -   [Mejora Loss] 1.1570 -> 1.0981. Reseteando paciencia.
2026-01-02 02:00:20,723 - INFO - Val Loss: 1.0981 Acc: 0.6443
2026-01-02 02:00:21,316 - INFO -   [Nuevo Récord Acc] Guardado en: models/sbtaylor_kan_cotton\run_20260102_015349\best_model.pth
2026-01-02 02:00:21,318 - INFO - --- Época 9/150 ---
2026-01-02 02:02:27,967 - INFO - Train Loss: 1.0212 Acc: 0.6250
2026-01-02 02:02:36,345 - INFO -   [LR] Tasa de aprendizaje actual: 0.000100
2026-01-02 02:02:36,346 - INFO -   [Mejora Loss] 1.0981 -> 1.0632. Reseteando paciencia.
2026-01-02 02:02:36,348 - INFO - Val Loss: 1.0632 Acc: 0.6639
2026-01-02 02:02:36,874 - INFO -   [Nuevo Récord Acc] Guardado en: models/sbtaylor_kan_cotton\run_20260102_015349\best_model.pth
2026-01-02 02:02:36,876 - INFO - --- Época 10/150 ---
2026-01-02 02:04:44,889 - INFO - Train Loss: 0.9886 Acc: 0.6549
2026-01-02 02:04:53,253 - INFO -   [LR] Tasa de aprendizaje actual: 0.000100
2026-01-02 02:04:53,254 - INFO -   [Mejora Loss] 1.0632 -> 1.0165. Reseteando paciencia.
2026-01-02 02:04:53,256 - INFO - Val Loss: 1.0165 Acc: 0.6863
2026-01-02 02:04:54,129 - INFO -   [Nuevo Récord Acc] Guardado en: models/sbtaylor_kan_cotton\run_20260102_015349\best_model.pth
2026-01-02 02:04:54,130 - INFO - --- Época 11/150 ---
2026-01-02 02:07:03,301 - INFO - Train Loss: 0.9510 Acc: 0.6620
2026-01-02 02:07:12,105 - INFO -   [LR] Tasa de aprendizaje actual: 0.000100
2026-01-02 02:07:12,107 - INFO -   [Mejora Loss] 1.0165 -> 0.9696. Reseteando paciencia.
2026-01-02 02:07:12,108 - INFO - Val Loss: 0.9696 Acc: 0.7059
2026-01-02 02:07:13,077 - INFO -   [Nuevo Récord Acc] Guardado en: models/sbtaylor_kan_cotton\run_20260102_015349\best_model.pth
2026-01-02 02:07:13,078 - INFO - --- Época 12/150 ---
2026-01-02 02:09:23,007 - INFO - Train Loss: 0.9234 Acc: 0.6763
2026-01-02 02:09:31,246 - INFO -   [LR] Tasa de aprendizaje actual: 0.000100
2026-01-02 02:09:31,247 - INFO -   [Sin mejora Loss] Paciencia: 1/10
2026-01-02 02:09:31,251 - INFO - Val Loss: 0.9822 Acc: 0.7227
2026-01-02 02:09:32,112 - INFO -   [Nuevo Récord Acc] Guardado en: models/sbtaylor_kan_cotton\run_20260102_015349\best_model.pth
2026-01-02 02:09:32,114 - INFO - --- Época 13/150 ---
2026-01-02 02:11:36,883 - INFO - Train Loss: 0.8821 Acc: 0.6866
2026-01-02 02:11:45,322 - INFO -   [LR] Tasa de aprendizaje actual: 0.000100
2026-01-02 02:11:45,323 - INFO -   [Mejora Loss] 0.9696 -> 0.9065. Reseteando paciencia.
2026-01-02 02:11:45,326 - INFO - Val Loss: 0.9065 Acc: 0.7255
2026-01-02 02:11:45,816 - INFO -   [Nuevo Récord Acc] Guardado en: models/sbtaylor_kan_cotton\run_20260102_015349\best_model.pth
2026-01-02 02:11:45,818 - INFO - --- Época 14/150 ---
2026-01-02 02:13:55,126 - INFO - Train Loss: 0.8797 Acc: 0.6827
2026-01-02 02:14:05,230 - INFO -   [LR] Tasa de aprendizaje actual: 0.000100
2026-01-02 02:14:05,231 - INFO -   [Sin mejora Loss] Paciencia: 1/10
2026-01-02 02:14:05,232 - INFO - Val Loss: 0.9593 Acc: 0.7031
2026-01-02 02:14:05,237 - INFO - --- Época 15/150 ---
2026-01-02 02:16:10,888 - INFO - Train Loss: 0.8042 Acc: 0.7251
2026-01-02 02:16:19,229 - INFO -   [LR] Tasa de aprendizaje actual: 0.000100
2026-01-02 02:16:19,232 - INFO -   [Mejora Loss] 0.9065 -> 0.8754. Reseteando paciencia.
2026-01-02 02:16:19,234 - INFO - Val Loss: 0.8754 Acc: 0.7451
2026-01-02 02:16:20,999 - INFO -   [Nuevo Récord Acc] Guardado en: models/sbtaylor_kan_cotton\run_20260102_015349\best_model.pth
2026-01-02 02:16:21,002 - INFO - --- Época 16/150 ---
2026-01-02 02:18:29,448 - INFO - Train Loss: 0.8022 Acc: 0.7233
2026-01-02 02:18:38,953 - INFO -   [LR] Tasa de aprendizaje actual: 0.000100
2026-01-02 02:18:38,954 - INFO -   [Mejora Loss] 0.8754 -> 0.8646. Reseteando paciencia.
2026-01-02 02:18:38,955 - INFO - Val Loss: 0.8646 Acc: 0.7395
2026-01-02 02:18:38,957 - INFO - --- Época 17/150 ---
2026-01-02 02:20:47,316 - INFO - Train Loss: 0.7791 Acc: 0.7390
2026-01-02 02:20:56,539 - INFO -   [LR] Tasa de aprendizaje actual: 0.000100
2026-01-02 02:20:56,540 - INFO -   [Mejora Loss] 0.8646 -> 0.8449. Reseteando paciencia.
2026-01-02 02:20:56,542 - INFO - Val Loss: 0.8449 Acc: 0.7451
2026-01-02 02:20:56,544 - INFO - --- Época 18/150 ---
2026-01-02 02:23:02,373 - INFO - Train Loss: 0.7314 Acc: 0.7539
2026-01-02 02:23:11,443 - INFO -   [LR] Tasa de aprendizaje actual: 0.000100
2026-01-02 02:23:11,445 - INFO -   [Mejora Loss] 0.8449 -> 0.8087. Reseteando paciencia.
2026-01-02 02:23:11,448 - INFO - Val Loss: 0.8087 Acc: 0.7395
2026-01-02 02:23:11,450 - INFO - --- Época 19/150 ---
2026-01-02 02:25:19,495 - INFO - Train Loss: 0.7211 Acc: 0.7561
2026-01-02 02:25:28,329 - INFO -   [LR] Tasa de aprendizaje actual: 0.000100
2026-01-02 02:25:28,330 - INFO -   [Mejora Loss] 0.8087 -> 0.7520. Reseteando paciencia.
2026-01-02 02:25:28,331 - INFO - Val Loss: 0.7520 Acc: 0.7675
2026-01-02 02:25:28,892 - INFO -   [Nuevo Récord Acc] Guardado en: models/sbtaylor_kan_cotton\run_20260102_015349\best_model.pth
2026-01-02 02:25:28,894 - INFO - --- Época 20/150 ---
2026-01-02 02:27:38,468 - INFO - Train Loss: 0.6711 Acc: 0.7728
2026-01-02 02:27:47,222 - INFO -   [LR] Tasa de aprendizaje actual: 0.000100
2026-01-02 02:27:47,223 - INFO -   [Mejora Loss] 0.7520 -> 0.7505. Reseteando paciencia.
2026-01-02 02:27:47,225 - INFO - Val Loss: 0.7505 Acc: 0.7703
2026-01-02 02:27:47,864 - INFO -   [Nuevo Récord Acc] Guardado en: models/sbtaylor_kan_cotton\run_20260102_015349\best_model.pth
2026-01-02 02:27:47,866 - INFO - --- Época 21/150 ---
2026-01-02 02:29:55,645 - INFO - Train Loss: 0.6628 Acc: 0.7774
2026-01-02 02:30:03,429 - INFO -   [LR] Tasa de aprendizaje actual: 0.000100
2026-01-02 02:30:03,430 - INFO -   [Mejora Loss] 0.7505 -> 0.7435. Reseteando paciencia.
2026-01-02 02:30:03,432 - INFO - Val Loss: 0.7435 Acc: 0.7619
2026-01-02 02:30:03,433 - INFO - --- Época 22/150 ---
2026-01-02 02:32:12,647 - INFO - Train Loss: 0.6444 Acc: 0.7799
2026-01-02 02:32:21,663 - INFO -   [LR] Tasa de aprendizaje actual: 0.000100
2026-01-02 02:32:21,664 - INFO -   [Mejora Loss] 0.7435 -> 0.6649. Reseteando paciencia.
2026-01-02 02:32:21,665 - INFO - Val Loss: 0.6649 Acc: 0.8095
2026-01-02 02:32:22,216 - INFO -   [Nuevo Récord Acc] Guardado en: models/sbtaylor_kan_cotton\run_20260102_015349\best_model.pth
2026-01-02 02:32:22,218 - INFO - --- Época 23/150 ---
2026-01-02 02:34:33,324 - INFO - Train Loss: 0.6403 Acc: 0.7838
2026-01-02 02:34:43,833 - INFO -   [LR] Tasa de aprendizaje actual: 0.000100
2026-01-02 02:34:43,834 - INFO -   [Sin mejora Loss] Paciencia: 1/10
2026-01-02 02:34:43,835 - INFO - Val Loss: 0.7123 Acc: 0.7815
2026-01-02 02:34:43,864 - INFO - --- Época 24/150 ---
2026-01-02 02:36:52,871 - INFO - Train Loss: 0.6551 Acc: 0.7785
2026-01-02 02:37:01,445 - INFO -   [LR] Tasa de aprendizaje actual: 0.000100
2026-01-02 02:37:01,446 - INFO -   [Sin mejora Loss] Paciencia: 2/10
2026-01-02 02:37:01,447 - INFO - Val Loss: 0.6658 Acc: 0.8011
2026-01-02 02:37:01,449 - INFO - --- Época 25/150 ---
2026-01-02 02:39:08,727 - INFO - Train Loss: 0.6163 Acc: 0.8002
2026-01-02 02:39:17,168 - INFO -   [LR] Tasa de aprendizaje actual: 0.000100
2026-01-02 02:39:17,169 - INFO -   [Sin mejora Loss] Paciencia: 3/10
2026-01-02 02:39:17,171 - INFO - Val Loss: 0.6999 Acc: 0.7843
2026-01-02 02:39:17,172 - INFO - --- Época 26/150 ---
2026-01-02 02:41:26,020 - INFO - Train Loss: 0.5906 Acc: 0.8127
2026-01-02 02:41:35,419 - INFO -   [LR] Tasa de aprendizaje actual: 0.000100
2026-01-02 02:41:35,420 - INFO -   [Mejora Loss] 0.6649 -> 0.6578. Reseteando paciencia.
2026-01-02 02:41:35,421 - INFO - Val Loss: 0.6578 Acc: 0.8207
2026-01-02 02:41:36,227 - INFO -   [Nuevo Récord Acc] Guardado en: models/sbtaylor_kan_cotton\run_20260102_015349\best_model.pth
2026-01-02 02:41:36,232 - INFO - --- Época 27/150 ---
2026-01-02 02:43:46,024 - INFO - Train Loss: 0.5805 Acc: 0.8105
2026-01-02 02:43:54,894 - INFO -   [LR] Tasa de aprendizaje actual: 0.000100
2026-01-02 02:43:54,895 - INFO -   [Mejora Loss] 0.6578 -> 0.6486. Reseteando paciencia.
2026-01-02 02:43:54,896 - INFO - Val Loss: 0.6486 Acc: 0.8011
2026-01-02 02:43:54,897 - INFO - --- Época 28/150 ---
2026-01-02 02:46:02,434 - INFO - Train Loss: 0.5740 Acc: 0.8088
2026-01-02 02:46:11,341 - INFO -   [LR] Tasa de aprendizaje actual: 0.000100
2026-01-02 02:46:11,342 - INFO -   [Mejora Loss] 0.6486 -> 0.6315. Reseteando paciencia.
2026-01-02 02:46:11,344 - INFO - Val Loss: 0.6315 Acc: 0.8095
2026-01-02 02:46:11,345 - INFO - --- Época 29/150 ---
2026-01-02 02:48:17,211 - INFO - Train Loss: 0.5653 Acc: 0.8180
2026-01-02 02:48:25,914 - INFO -   [LR] Tasa de aprendizaje actual: 0.000100
2026-01-02 02:48:25,917 - INFO -   [Mejora Loss] 0.6315 -> 0.6290. Reseteando paciencia.
2026-01-02 02:48:25,921 - INFO - Val Loss: 0.6290 Acc: 0.8319
2026-01-02 02:48:26,633 - INFO -   [Nuevo Récord Acc] Guardado en: models/sbtaylor_kan_cotton\run_20260102_015349\best_model.pth
2026-01-02 02:48:26,636 - INFO - --- Época 30/150 ---
2026-01-02 02:50:38,946 - INFO - Train Loss: 0.5723 Acc: 0.8219
2026-01-02 02:50:49,256 - INFO -   [LR] Tasa de aprendizaje actual: 0.000100
2026-01-02 02:50:49,259 - INFO -   [Mejora Loss] 0.6290 -> 0.5944. Reseteando paciencia.
2026-01-02 02:50:49,261 - INFO - Val Loss: 0.5944 Acc: 0.8431
2026-01-02 02:50:49,892 - INFO -   [Nuevo Récord Acc] Guardado en: models/sbtaylor_kan_cotton\run_20260102_015349\best_model.pth
2026-01-02 02:50:49,894 - INFO - --- Época 31/150 ---
2026-01-02 02:52:57,656 - INFO - Train Loss: 0.5718 Acc: 0.8127
2026-01-02 02:53:07,106 - INFO -   [LR] Tasa de aprendizaje actual: 0.000100
2026-01-02 02:53:07,108 - INFO -   [Sin mejora Loss] Paciencia: 1/10
2026-01-02 02:53:07,109 - INFO - Val Loss: 0.5948 Acc: 0.8319
2026-01-02 02:53:07,111 - INFO - --- Época 32/150 ---
2026-01-02 02:55:18,024 - INFO - Train Loss: 0.5415 Acc: 0.8259
2026-01-02 02:55:26,608 - INFO -   [LR] Tasa de aprendizaje actual: 0.000100
2026-01-02 02:55:26,609 - INFO -   [Sin mejora Loss] Paciencia: 2/10
2026-01-02 02:55:26,611 - INFO - Val Loss: 0.6483 Acc: 0.7899
2026-01-02 02:55:26,613 - INFO - --- Época 33/150 ---
2026-01-02 02:57:00,555 - INFO - Train Loss: 0.5408 Acc: 0.8234
2026-01-02 02:57:03,397 - INFO -   [LR] Tasa de aprendizaje actual: 0.000100
2026-01-02 02:57:03,398 - INFO -   [Sin mejora Loss] Paciencia: 3/10
2026-01-02 02:57:03,399 - INFO - Val Loss: 0.5965 Acc: 0.8319
2026-01-02 02:57:03,400 - INFO - --- Época 34/150 ---
2026-01-02 02:57:46,595 - INFO - Train Loss: 0.5137 Acc: 0.8344
2026-01-02 02:57:49,371 - INFO -   [LR] Tasa de aprendizaje actual: 0.000100
2026-01-02 02:57:49,372 - INFO -   [Sin mejora Loss] Paciencia: 4/10
2026-01-02 02:57:49,374 - INFO - Val Loss: 0.6459 Acc: 0.7703
2026-01-02 02:57:49,375 - INFO - --- Época 35/150 ---
2026-01-02 02:58:32,781 - INFO - Train Loss: 0.4977 Acc: 0.8390
2026-01-02 02:58:35,608 - INFO -   [LR] Tasa de aprendizaje actual: 0.000100
2026-01-02 02:58:35,609 - INFO -   [Mejora Loss] 0.5944 -> 0.5625. Reseteando paciencia.
2026-01-02 02:58:35,610 - INFO - Val Loss: 0.5625 Acc: 0.8515
2026-01-02 02:58:36,045 - INFO -   [Nuevo Récord Acc] Guardado en: models/sbtaylor_kan_cotton\run_20260102_015349\best_model.pth
2026-01-02 02:58:36,048 - INFO - --- Época 36/150 ---
2026-01-02 02:59:19,021 - INFO - Train Loss: 0.5093 Acc: 0.8458
2026-01-02 02:59:21,790 - INFO -   [LR] Tasa de aprendizaje actual: 0.000100
2026-01-02 02:59:21,791 - INFO -   [Sin mejora Loss] Paciencia: 1/10
2026-01-02 02:59:21,792 - INFO - Val Loss: 0.5981 Acc: 0.8235
2026-01-02 02:59:21,793 - INFO - --- Época 37/150 ---
2026-01-02 03:00:04,655 - INFO - Train Loss: 0.4931 Acc: 0.8501
2026-01-02 03:00:07,347 - INFO -   [LR] Tasa de aprendizaje actual: 0.000100
2026-01-02 03:00:07,348 - INFO -   [Mejora Loss] 0.5625 -> 0.5264. Reseteando paciencia.
2026-01-02 03:00:07,349 - INFO - Val Loss: 0.5264 Acc: 0.8599
2026-01-02 03:00:07,763 - INFO -   [Nuevo Récord Acc] Guardado en: models/sbtaylor_kan_cotton\run_20260102_015349\best_model.pth
2026-01-02 03:00:07,764 - INFO - --- Época 38/150 ---
2026-01-02 03:00:50,824 - INFO - Train Loss: 0.4923 Acc: 0.8429
2026-01-02 03:00:53,550 - INFO -   [LR] Tasa de aprendizaje actual: 0.000100
2026-01-02 03:00:53,551 - INFO -   [Sin mejora Loss] Paciencia: 1/10
2026-01-02 03:00:53,552 - INFO - Val Loss: 0.5321 Acc: 0.8459
2026-01-02 03:00:53,553 - INFO - --- Época 39/150 ---
2026-01-02 03:01:36,138 - INFO - Train Loss: 0.4764 Acc: 0.8451
2026-01-02 03:01:38,871 - INFO -   [LR] Tasa de aprendizaje actual: 0.000100
2026-01-02 03:01:38,872 - INFO -   [Sin mejora Loss] Paciencia: 2/10
2026-01-02 03:01:38,873 - INFO - Val Loss: 0.5706 Acc: 0.8263
2026-01-02 03:01:38,874 - INFO - --- Época 40/150 ---
2026-01-02 03:02:21,411 - INFO - Train Loss: 0.4750 Acc: 0.8508
2026-01-02 03:02:24,145 - INFO -   [LR] Tasa de aprendizaje actual: 0.000100
2026-01-02 03:02:24,146 - INFO -   [Sin mejora Loss] Paciencia: 3/10
2026-01-02 03:02:24,147 - INFO - Val Loss: 0.5501 Acc: 0.8319
2026-01-02 03:02:24,147 - INFO - --- Época 41/150 ---
2026-01-02 03:03:07,025 - INFO - Train Loss: 0.4905 Acc: 0.8444
2026-01-02 03:03:09,841 - INFO -   [LR] Tasa de aprendizaje actual: 0.000100
2026-01-02 03:03:09,842 - INFO -   [Sin mejora Loss] Paciencia: 4/10
2026-01-02 03:03:09,843 - INFO - Val Loss: 0.5532 Acc: 0.8515
2026-01-02 03:03:09,844 - INFO - --- Época 42/150 ---
2026-01-02 03:03:52,939 - INFO - Train Loss: 0.4586 Acc: 0.8533
2026-01-02 03:03:55,758 - INFO -   [LR] Tasa de aprendizaje actual: 0.000100
2026-01-02 03:03:55,759 - INFO -   [Mejora Loss] 0.5264 -> 0.4853. Reseteando paciencia.
2026-01-02 03:03:55,760 - INFO - Val Loss: 0.4853 Acc: 0.8711
2026-01-02 03:03:56,183 - INFO -   [Nuevo Récord Acc] Guardado en: models/sbtaylor_kan_cotton\run_20260102_015349\best_model.pth
2026-01-02 03:03:56,185 - INFO - --- Época 43/150 ---
2026-01-02 03:04:39,533 - INFO - Train Loss: 0.4432 Acc: 0.8636
2026-01-02 03:04:42,288 - INFO -   [LR] Tasa de aprendizaje actual: 0.000100
2026-01-02 03:04:42,289 - INFO -   [Sin mejora Loss] Paciencia: 1/10
2026-01-02 03:04:42,291 - INFO - Val Loss: 0.5654 Acc: 0.8067
2026-01-02 03:04:42,292 - INFO - --- Época 44/150 ---
2026-01-02 03:05:25,823 - INFO - Train Loss: 0.4539 Acc: 0.8572
2026-01-02 03:05:28,635 - INFO -   [LR] Tasa de aprendizaje actual: 0.000100
2026-01-02 03:05:28,636 - INFO -   [Mejora Loss] 0.4853 -> 0.4713. Reseteando paciencia.
2026-01-02 03:05:28,637 - INFO - Val Loss: 0.4713 Acc: 0.8683
2026-01-02 03:05:28,638 - INFO - --- Época 45/150 ---
2026-01-02 03:06:11,353 - INFO - Train Loss: 0.4637 Acc: 0.8575
2026-01-02 03:06:14,141 - INFO -   [LR] Tasa de aprendizaje actual: 0.000100
2026-01-02 03:06:14,142 - INFO -   [Sin mejora Loss] Paciencia: 1/10
2026-01-02 03:06:14,143 - INFO - Val Loss: 0.4790 Acc: 0.8824
2026-01-02 03:06:14,559 - INFO -   [Nuevo Récord Acc] Guardado en: models/sbtaylor_kan_cotton\run_20260102_015349\best_model.pth
2026-01-02 03:06:14,561 - INFO - --- Época 46/150 ---
2026-01-02 03:06:57,854 - INFO - Train Loss: 0.4244 Acc: 0.8618
2026-01-02 03:07:00,703 - INFO -   [LR] Tasa de aprendizaje actual: 0.000100
2026-01-02 03:07:00,703 - INFO -   [Sin mejora Loss] Paciencia: 2/10
2026-01-02 03:07:00,705 - INFO - Val Loss: 0.5021 Acc: 0.8543
2026-01-02 03:07:00,706 - INFO - --- Época 47/150 ---
2026-01-02 03:07:43,695 - INFO - Train Loss: 0.4282 Acc: 0.8643
2026-01-02 03:07:46,436 - INFO -   [LR] Tasa de aprendizaje actual: 0.000100
2026-01-02 03:07:46,437 - INFO -   [Mejora Loss] 0.4713 -> 0.4688. Reseteando paciencia.
2026-01-02 03:07:46,439 - INFO - Val Loss: 0.4688 Acc: 0.8739
2026-01-02 03:07:46,440 - INFO - --- Época 48/150 ---
2026-01-02 03:08:30,163 - INFO - Train Loss: 0.4291 Acc: 0.8672
2026-01-02 03:08:32,940 - INFO -   [LR] Tasa de aprendizaje actual: 0.000100
2026-01-02 03:08:32,940 - INFO -   [Sin mejora Loss] Paciencia: 1/10
2026-01-02 03:08:32,942 - INFO - Val Loss: 0.4944 Acc: 0.8571
2026-01-02 03:08:32,943 - INFO - --- Época 49/150 ---
2026-01-02 03:09:16,212 - INFO - Train Loss: 0.4236 Acc: 0.8704
2026-01-02 03:09:18,934 - INFO -   [LR] Tasa de aprendizaje actual: 0.000100
2026-01-02 03:09:18,935 - INFO -   [Sin mejora Loss] Paciencia: 2/10
2026-01-02 03:09:18,936 - INFO - Val Loss: 0.5446 Acc: 0.8347
2026-01-02 03:09:18,936 - INFO - --- Época 50/150 ---
2026-01-02 03:10:02,134 - INFO - Train Loss: 0.4213 Acc: 0.8665
2026-01-02 03:10:04,930 - INFO -   [LR] Tasa de aprendizaje actual: 0.000100
2026-01-02 03:10:04,931 - INFO -   [Sin mejora Loss] Paciencia: 3/10
2026-01-02 03:10:04,932 - INFO - Val Loss: 0.5001 Acc: 0.8543
2026-01-02 03:10:04,933 - INFO - --- Época 51/150 ---
2026-01-02 03:10:48,085 - INFO - Train Loss: 0.4248 Acc: 0.8672
2026-01-02 03:10:50,823 - INFO -   [LR] Tasa de aprendizaje actual: 0.000100
2026-01-02 03:10:50,824 - INFO -   [Mejora Loss] 0.4688 -> 0.4497. Reseteando paciencia.
2026-01-02 03:10:50,824 - INFO - Val Loss: 0.4497 Acc: 0.8768
2026-01-02 03:10:50,825 - INFO - --- Época 52/150 ---
2026-01-02 03:11:33,935 - INFO - Train Loss: 0.4090 Acc: 0.8718
2026-01-02 03:11:36,802 - INFO -   [LR] Tasa de aprendizaje actual: 0.000100
2026-01-02 03:11:36,804 - INFO -   [Sin mejora Loss] Paciencia: 1/10
2026-01-02 03:11:36,807 - INFO - Val Loss: 0.5005 Acc: 0.8487
2026-01-02 03:11:36,808 - INFO - --- Época 53/150 ---
2026-01-02 03:12:19,547 - INFO - Train Loss: 0.4317 Acc: 0.8579
2026-01-02 03:12:22,364 - INFO -   [LR] Tasa de aprendizaje actual: 0.000100
2026-01-02 03:12:22,365 - INFO -   [Mejora Loss] 0.4497 -> 0.4490. Reseteando paciencia.
2026-01-02 03:12:22,366 - INFO - Val Loss: 0.4490 Acc: 0.8852
2026-01-02 03:12:22,778 - INFO -   [Nuevo Récord Acc] Guardado en: models/sbtaylor_kan_cotton\run_20260102_015349\best_model.pth
2026-01-02 03:12:22,780 - INFO - --- Época 54/150 ---
2026-01-02 03:13:07,081 - INFO - Train Loss: 0.4024 Acc: 0.8789
2026-01-02 03:13:09,944 - INFO -   [LR] Tasa de aprendizaje actual: 0.000100
2026-01-02 03:13:09,945 - INFO -   [Sin mejora Loss] Paciencia: 1/10
2026-01-02 03:13:09,946 - INFO - Val Loss: 0.4730 Acc: 0.8768
2026-01-02 03:13:09,947 - INFO - --- Época 55/150 ---
2026-01-02 03:13:53,634 - INFO - Train Loss: 0.4173 Acc: 0.8689
2026-01-02 03:13:56,415 - INFO -   [LR] Tasa de aprendizaje actual: 0.000100
2026-01-02 03:13:56,416 - INFO -   [Sin mejora Loss] Paciencia: 2/10
2026-01-02 03:13:56,417 - INFO - Val Loss: 0.4990 Acc: 0.8571
2026-01-02 03:13:56,418 - INFO - --- Época 56/150 ---
2026-01-02 03:14:39,828 - INFO - Train Loss: 0.4114 Acc: 0.8686
2026-01-02 03:14:42,649 - INFO -   [LR] Tasa de aprendizaje actual: 0.000100
2026-01-02 03:14:42,650 - INFO -   [Mejora Loss] 0.4490 -> 0.4444. Reseteando paciencia.
2026-01-02 03:14:42,651 - INFO - Val Loss: 0.4444 Acc: 0.8880
2026-01-02 03:14:43,068 - INFO -   [Nuevo Récord Acc] Guardado en: models/sbtaylor_kan_cotton\run_20260102_015349\best_model.pth
2026-01-02 03:14:43,069 - INFO - --- Época 57/150 ---
2026-01-02 03:15:26,762 - INFO - Train Loss: 0.4019 Acc: 0.8722
2026-01-02 03:15:29,465 - INFO -   [LR] Tasa de aprendizaje actual: 0.000100
2026-01-02 03:15:29,466 - INFO -   [Sin mejora Loss] Paciencia: 1/10
2026-01-02 03:15:29,467 - INFO - Val Loss: 0.4779 Acc: 0.8543
2026-01-02 03:15:29,468 - INFO - --- Época 58/150 ---
2026-01-02 03:16:13,371 - INFO - Train Loss: 0.3905 Acc: 0.8764
2026-01-02 03:16:16,210 - INFO -   [LR] Tasa de aprendizaje actual: 0.000100
2026-01-02 03:16:16,211 - INFO -   [Sin mejora Loss] Paciencia: 2/10
2026-01-02 03:16:16,213 - INFO - Val Loss: 0.4545 Acc: 0.8683
2026-01-02 03:16:16,213 - INFO - --- Época 59/150 ---
2026-01-02 03:16:59,563 - INFO - Train Loss: 0.4029 Acc: 0.8743
2026-01-02 03:17:02,322 - INFO -   [LR] Tasa de aprendizaje actual: 0.000100
2026-01-02 03:17:02,323 - INFO -   [Sin mejora Loss] Paciencia: 3/10
2026-01-02 03:17:02,324 - INFO - Val Loss: 0.4802 Acc: 0.8599
2026-01-02 03:17:02,325 - INFO - --- Época 60/150 ---
2026-01-02 03:17:44,856 - INFO - Train Loss: 0.3960 Acc: 0.8914
2026-01-02 03:17:47,613 - INFO -   [LR] Tasa de aprendizaje actual: 0.000100
2026-01-02 03:17:47,614 - INFO -   [Mejora Loss] 0.4444 -> 0.4259. Reseteando paciencia.
2026-01-02 03:17:47,615 - INFO - Val Loss: 0.4259 Acc: 0.8739
2026-01-02 03:17:47,617 - INFO - --- Época 61/150 ---
2026-01-02 03:18:30,591 - INFO - Train Loss: 0.3822 Acc: 0.8825
2026-01-02 03:18:33,358 - INFO -   [LR] Tasa de aprendizaje actual: 0.000100
2026-01-02 03:18:33,359 - INFO -   [Mejora Loss] 0.4259 -> 0.4245. Reseteando paciencia.
2026-01-02 03:18:33,361 - INFO - Val Loss: 0.4245 Acc: 0.8880
2026-01-02 03:18:33,362 - INFO - --- Época 62/150 ---
2026-01-02 03:19:16,194 - INFO - Train Loss: 0.4264 Acc: 0.8647
2026-01-02 03:19:18,912 - INFO -   [LR] Tasa de aprendizaje actual: 0.000100
2026-01-02 03:19:18,912 - INFO -   [Sin mejora Loss] Paciencia: 1/10
2026-01-02 03:19:18,913 - INFO - Val Loss: 0.5017 Acc: 0.8571
2026-01-02 03:19:18,914 - INFO - --- Época 63/150 ---
2026-01-02 03:20:02,109 - INFO - Train Loss: 0.3933 Acc: 0.8892
2026-01-02 03:20:04,887 - INFO -   [LR] Tasa de aprendizaje actual: 0.000100
2026-01-02 03:20:04,888 - INFO -   [Mejora Loss] 0.4245 -> 0.4193. Reseteando paciencia.
2026-01-02 03:20:04,889 - INFO - Val Loss: 0.4193 Acc: 0.8852
2026-01-02 03:20:04,890 - INFO - --- Época 64/150 ---
2026-01-02 03:20:48,320 - INFO - Train Loss: 0.3950 Acc: 0.8768
2026-01-02 03:20:51,071 - INFO -   [LR] Tasa de aprendizaje actual: 0.000100
2026-01-02 03:20:51,072 - INFO -   [Sin mejora Loss] Paciencia: 1/10
2026-01-02 03:20:51,073 - INFO - Val Loss: 0.4401 Acc: 0.8824
2026-01-02 03:20:51,075 - INFO - --- Época 65/150 ---
2026-01-02 03:21:34,996 - INFO - Train Loss: 0.3688 Acc: 0.8910
2026-01-02 03:21:37,760 - INFO -   [LR] Tasa de aprendizaje actual: 0.000100
2026-01-02 03:21:37,762 - INFO -   [Sin mejora Loss] Paciencia: 2/10
2026-01-02 03:21:37,763 - INFO - Val Loss: 0.4235 Acc: 0.8711
2026-01-02 03:21:37,764 - INFO - --- Época 66/150 ---
2026-01-02 03:22:20,867 - INFO - Train Loss: 0.3831 Acc: 0.8789
2026-01-02 03:22:23,673 - INFO -   [LR] Tasa de aprendizaje actual: 0.000100
2026-01-02 03:22:23,674 - INFO -   [Sin mejora Loss] Paciencia: 3/10
2026-01-02 03:22:23,675 - INFO - Val Loss: 0.4225 Acc: 0.8739
2026-01-02 03:22:23,676 - INFO - --- Época 67/150 ---
2026-01-02 03:23:07,055 - INFO - Train Loss: 0.3737 Acc: 0.8889
2026-01-02 03:23:09,915 - INFO -   [LR] Tasa de aprendizaje actual: 0.000100
2026-01-02 03:23:09,916 - INFO -   [Sin mejora Loss] Paciencia: 4/10
2026-01-02 03:23:09,917 - INFO - Val Loss: 0.4757 Acc: 0.8431
2026-01-02 03:23:09,919 - INFO - --- Época 68/150 ---
2026-01-02 03:23:52,755 - INFO - Train Loss: 0.3699 Acc: 0.8882
2026-01-02 03:23:55,566 - INFO -   [LR] Tasa de aprendizaje actual: 0.000100
2026-01-02 03:23:55,567 - INFO -   [Sin mejora Loss] Paciencia: 5/10
2026-01-02 03:23:55,568 - INFO - Val Loss: 0.4281 Acc: 0.8880
2026-01-02 03:23:55,570 - INFO - --- Época 69/150 ---
2026-01-02 03:24:38,610 - INFO - Train Loss: 0.3580 Acc: 0.8967
2026-01-02 03:24:41,342 - INFO -   [LR] Tasa de aprendizaje actual: 0.000100
2026-01-02 03:24:41,343 - INFO -   [Mejora Loss] 0.4193 -> 0.4184. Reseteando paciencia.
2026-01-02 03:24:41,345 - INFO - Val Loss: 0.4184 Acc: 0.8796
2026-01-02 03:24:41,346 - INFO - --- Época 70/150 ---
2026-01-02 03:25:24,446 - INFO - Train Loss: 0.3512 Acc: 0.8942
2026-01-02 03:25:27,325 - INFO -   [LR] Tasa de aprendizaje actual: 0.000100
2026-01-02 03:25:27,326 - INFO -   [Mejora Loss] 0.4184 -> 0.3971. Reseteando paciencia.
2026-01-02 03:25:27,327 - INFO - Val Loss: 0.3971 Acc: 0.8936
2026-01-02 03:25:27,737 - INFO -   [Nuevo Récord Acc] Guardado en: models/sbtaylor_kan_cotton\run_20260102_015349\best_model.pth
2026-01-02 03:25:27,738 - INFO - --- Época 71/150 ---
2026-01-02 03:26:10,744 - INFO - Train Loss: 0.3654 Acc: 0.8892
2026-01-02 03:26:13,529 - INFO -   [LR] Tasa de aprendizaje actual: 0.000100
2026-01-02 03:26:13,530 - INFO -   [Sin mejora Loss] Paciencia: 1/10
2026-01-02 03:26:13,531 - INFO - Val Loss: 0.5324 Acc: 0.8319
2026-01-02 03:26:13,533 - INFO - --- Época 72/150 ---
2026-01-02 03:26:56,984 - INFO - Train Loss: 0.3560 Acc: 0.8910
2026-01-02 03:26:59,715 - INFO -   [LR] Tasa de aprendizaje actual: 0.000100
2026-01-02 03:26:59,715 - INFO -   [Sin mejora Loss] Paciencia: 2/10
2026-01-02 03:26:59,716 - INFO - Val Loss: 0.5272 Acc: 0.8347
2026-01-02 03:26:59,717 - INFO - --- Época 73/150 ---
2026-01-02 03:27:42,296 - INFO - Train Loss: 0.3684 Acc: 0.8889
2026-01-02 03:27:45,114 - INFO -   [LR] Tasa de aprendizaje actual: 0.000100
2026-01-02 03:27:45,115 - INFO -   [Sin mejora Loss] Paciencia: 3/10
2026-01-02 03:27:45,116 - INFO - Val Loss: 0.4959 Acc: 0.8515
2026-01-02 03:27:45,117 - INFO - --- Época 74/150 ---
2026-01-02 03:28:28,199 - INFO - Train Loss: 0.3774 Acc: 0.8771
2026-01-02 03:28:30,999 - INFO -   [LR] Tasa de aprendizaje actual: 0.000100
2026-01-02 03:28:31,000 - INFO -   [Mejora Loss] 0.3971 -> 0.3904. Reseteando paciencia.
2026-01-02 03:28:31,001 - INFO - Val Loss: 0.3904 Acc: 0.8711
2026-01-02 03:28:31,002 - INFO - --- Época 75/150 ---
2026-01-02 03:29:14,205 - INFO - Train Loss: 0.3566 Acc: 0.8910
2026-01-02 03:29:17,062 - INFO -   [LR] Tasa de aprendizaje actual: 0.000100
2026-01-02 03:29:17,063 - INFO -   [Sin mejora Loss] Paciencia: 1/10
2026-01-02 03:29:17,064 - INFO - Val Loss: 0.4051 Acc: 0.8880
2026-01-02 03:29:17,065 - INFO - --- Época 76/150 ---
2026-01-02 03:30:00,216 - INFO - Train Loss: 0.3358 Acc: 0.8989
2026-01-02 03:30:02,986 - INFO -   [LR] Tasa de aprendizaje actual: 0.000100
2026-01-02 03:30:02,987 - INFO -   [Sin mejora Loss] Paciencia: 2/10
2026-01-02 03:30:02,988 - INFO - Val Loss: 0.3977 Acc: 0.8824
2026-01-02 03:30:02,990 - INFO - --- Época 77/150 ---
2026-01-02 03:30:46,094 - INFO - Train Loss: 0.3448 Acc: 0.8974
2026-01-02 03:30:48,826 - INFO -   [LR] Tasa de aprendizaje actual: 0.000100
2026-01-02 03:30:48,826 - INFO -   [Sin mejora Loss] Paciencia: 3/10
2026-01-02 03:30:48,828 - INFO - Val Loss: 0.4203 Acc: 0.8880
2026-01-02 03:30:48,829 - INFO - --- Época 78/150 ---
2026-01-02 03:31:32,958 - INFO - Train Loss: 0.3575 Acc: 0.8921
2026-01-02 03:31:35,901 - INFO -   [LR] Tasa de aprendizaje actual: 0.000100
2026-01-02 03:31:35,902 - INFO -   [Sin mejora Loss] Paciencia: 4/10
2026-01-02 03:31:35,903 - INFO - Val Loss: 0.4420 Acc: 0.8571
2026-01-02 03:31:35,904 - INFO - --- Época 79/150 ---
2026-01-02 03:32:19,295 - INFO - Train Loss: 0.3563 Acc: 0.8935
2026-01-02 03:32:22,102 - INFO -   [LR] Tasa de aprendizaje actual: 0.000100
2026-01-02 03:32:22,102 - INFO -   [Sin mejora Loss] Paciencia: 5/10
2026-01-02 03:32:22,103 - INFO - Val Loss: 0.3996 Acc: 0.8964
2026-01-02 03:32:22,539 - INFO -   [Nuevo Récord Acc] Guardado en: models/sbtaylor_kan_cotton\run_20260102_015349\best_model.pth
2026-01-02 03:32:22,541 - INFO - --- Época 80/150 ---
2026-01-02 03:33:05,619 - INFO - Train Loss: 0.3357 Acc: 0.8985
2026-01-02 03:33:08,379 - INFO -   [LR] Tasa de aprendizaje actual: 0.000050
2026-01-02 03:33:08,380 - INFO -   [Sin mejora Loss] Paciencia: 6/10
2026-01-02 03:33:08,381 - INFO - Val Loss: 0.4779 Acc: 0.8403
2026-01-02 03:33:08,382 - INFO - --- Época 81/150 ---
2026-01-02 03:33:51,083 - INFO - Train Loss: 0.3249 Acc: 0.9081
2026-01-02 03:33:53,890 - INFO -   [LR] Tasa de aprendizaje actual: 0.000050
2026-01-02 03:33:53,891 - INFO -   [Mejora Loss] 0.3904 -> 0.3701. Reseteando paciencia.
2026-01-02 03:33:53,892 - INFO - Val Loss: 0.3701 Acc: 0.8992
2026-01-02 03:33:54,298 - INFO -   [Nuevo Récord Acc] Guardado en: models/sbtaylor_kan_cotton\run_20260102_015349\best_model.pth
2026-01-02 03:33:54,299 - INFO - --- Época 82/150 ---
2026-01-02 03:34:37,717 - INFO - Train Loss: 0.3041 Acc: 0.9124
2026-01-02 03:34:40,617 - INFO -   [LR] Tasa de aprendizaje actual: 0.000050
2026-01-02 03:34:40,617 - INFO -   [Mejora Loss] 0.3701 -> 0.3519. Reseteando paciencia.
2026-01-02 03:34:40,618 - INFO - Val Loss: 0.3519 Acc: 0.9076
2026-01-02 03:34:41,024 - INFO -   [Nuevo Récord Acc] Guardado en: models/sbtaylor_kan_cotton\run_20260102_015349\best_model.pth
2026-01-02 03:34:41,026 - INFO - --- Época 83/150 ---
2026-01-02 03:35:24,139 - INFO - Train Loss: 0.3031 Acc: 0.9174
2026-01-02 03:35:26,936 - INFO -   [LR] Tasa de aprendizaje actual: 0.000050
2026-01-02 03:35:26,936 - INFO -   [Sin mejora Loss] Paciencia: 1/10
2026-01-02 03:35:26,937 - INFO - Val Loss: 0.3611 Acc: 0.9104
2026-01-02 03:35:27,360 - INFO -   [Nuevo Récord Acc] Guardado en: models/sbtaylor_kan_cotton\run_20260102_015349\best_model.pth
2026-01-02 03:35:27,361 - INFO - --- Época 84/150 ---
2026-01-02 03:36:11,013 - INFO - Train Loss: 0.3056 Acc: 0.9120
2026-01-02 03:36:13,841 - INFO -   [LR] Tasa de aprendizaje actual: 0.000050
2026-01-02 03:36:13,842 - INFO -   [Mejora Loss] 0.3519 -> 0.3472. Reseteando paciencia.
2026-01-02 03:36:13,844 - INFO - Val Loss: 0.3472 Acc: 0.9104
2026-01-02 03:36:13,845 - INFO - --- Época 85/150 ---
2026-01-02 03:36:57,262 - INFO - Train Loss: 0.2947 Acc: 0.9138
2026-01-02 03:37:00,099 - INFO -   [LR] Tasa de aprendizaje actual: 0.000050
2026-01-02 03:37:00,099 - INFO -   [Sin mejora Loss] Paciencia: 1/10
2026-01-02 03:37:00,100 - INFO - Val Loss: 0.3861 Acc: 0.8936
2026-01-02 03:37:00,101 - INFO - --- Época 86/150 ---
2026-01-02 03:37:43,496 - INFO - Train Loss: 0.3104 Acc: 0.9120
2026-01-02 03:37:46,253 - INFO -   [LR] Tasa de aprendizaje actual: 0.000050
2026-01-02 03:37:46,254 - INFO -   [Sin mejora Loss] Paciencia: 2/10
2026-01-02 03:37:46,255 - INFO - Val Loss: 0.3579 Acc: 0.9020
2026-01-02 03:37:46,256 - INFO - --- Época 87/150 ---
2026-01-02 03:38:29,594 - INFO - Train Loss: 0.3128 Acc: 0.9149
2026-01-02 03:38:32,414 - INFO -   [LR] Tasa de aprendizaje actual: 0.000050
2026-01-02 03:38:32,414 - INFO -   [Sin mejora Loss] Paciencia: 3/10
2026-01-02 03:38:32,416 - INFO - Val Loss: 0.3640 Acc: 0.9076
2026-01-02 03:38:32,417 - INFO - --- Época 88/150 ---
2026-01-02 03:39:15,734 - INFO - Train Loss: 0.3078 Acc: 0.9085
2026-01-02 03:39:18,565 - INFO -   [LR] Tasa de aprendizaje actual: 0.000050
2026-01-02 03:39:18,567 - INFO -   [Sin mejora Loss] Paciencia: 4/10
2026-01-02 03:39:18,568 - INFO - Val Loss: 0.3915 Acc: 0.8908
2026-01-02 03:39:18,570 - INFO - --- Época 89/150 ---
2026-01-02 03:40:01,663 - INFO - Train Loss: 0.3100 Acc: 0.9067
2026-01-02 03:40:04,396 - INFO -   [LR] Tasa de aprendizaje actual: 0.000050
2026-01-02 03:40:04,397 - INFO -   [Sin mejora Loss] Paciencia: 5/10
2026-01-02 03:40:04,398 - INFO - Val Loss: 0.3752 Acc: 0.9020
2026-01-02 03:40:04,399 - INFO - --- Época 90/150 ---
2026-01-02 03:40:47,604 - INFO - Train Loss: 0.3106 Acc: 0.9010
2026-01-02 03:40:50,422 - INFO -   [LR] Tasa de aprendizaje actual: 0.000025
2026-01-02 03:40:50,423 - INFO -   [Sin mejora Loss] Paciencia: 6/10
2026-01-02 03:40:50,424 - INFO - Val Loss: 0.3687 Acc: 0.9048
2026-01-02 03:40:50,425 - INFO - --- Época 91/150 ---
2026-01-02 03:41:33,743 - INFO - Train Loss: 0.2949 Acc: 0.9174
2026-01-02 03:41:36,545 - INFO -   [LR] Tasa de aprendizaje actual: 0.000025
2026-01-02 03:41:36,545 - INFO -   [Sin mejora Loss] Paciencia: 7/10
2026-01-02 03:41:36,546 - INFO - Val Loss: 0.3491 Acc: 0.9244
2026-01-02 03:41:36,943 - INFO -   [Nuevo Récord Acc] Guardado en: models/sbtaylor_kan_cotton\run_20260102_015349\best_model.pth
2026-01-02 03:41:36,945 - INFO - --- Época 92/150 ---
2026-01-02 03:42:20,495 - INFO - Train Loss: 0.2954 Acc: 0.9213
2026-01-02 03:42:23,156 - INFO -   [LR] Tasa de aprendizaje actual: 0.000025
2026-01-02 03:42:23,157 - INFO -   [Sin mejora Loss] Paciencia: 8/10
2026-01-02 03:42:23,159 - INFO - Val Loss: 0.3520 Acc: 0.9244
2026-01-02 03:42:23,160 - INFO - --- Época 93/150 ---
2026-01-02 03:43:06,492 - INFO - Train Loss: 0.2847 Acc: 0.9234
2026-01-02 03:43:09,331 - INFO -   [LR] Tasa de aprendizaje actual: 0.000025
2026-01-02 03:43:09,332 - INFO -   [Sin mejora Loss] Paciencia: 9/10
2026-01-02 03:43:09,333 - INFO - Val Loss: 0.3634 Acc: 0.9104
2026-01-02 03:43:09,335 - INFO - --- Época 94/150 ---
2026-01-02 03:43:52,130 - INFO - Train Loss: 0.2679 Acc: 0.9245
2026-01-02 03:43:54,981 - INFO -   [LR] Tasa de aprendizaje actual: 0.000025
2026-01-02 03:43:54,982 - INFO -   [Mejora Loss] 0.3472 -> 0.3351. Reseteando paciencia.
2026-01-02 03:43:54,983 - INFO - Val Loss: 0.3351 Acc: 0.9104
2026-01-02 03:43:54,984 - INFO - --- Época 95/150 ---
2026-01-02 03:44:38,058 - INFO - Train Loss: 0.2748 Acc: 0.9263
2026-01-02 03:44:40,824 - INFO -   [LR] Tasa de aprendizaje actual: 0.000025
2026-01-02 03:44:40,825 - INFO -   [Mejora Loss] 0.3351 -> 0.3326. Reseteando paciencia.
2026-01-02 03:44:40,827 - INFO - Val Loss: 0.3326 Acc: 0.9356
2026-01-02 03:44:41,265 - INFO -   [Nuevo Récord Acc] Guardado en: models/sbtaylor_kan_cotton\run_20260102_015349\best_model.pth
2026-01-02 03:44:41,267 - INFO - --- Época 96/150 ---
2026-01-02 03:45:24,335 - INFO - Train Loss: 0.2774 Acc: 0.9231
2026-01-02 03:45:27,260 - INFO -   [LR] Tasa de aprendizaje actual: 0.000025
2026-01-02 03:45:27,261 - INFO -   [Sin mejora Loss] Paciencia: 1/10
2026-01-02 03:45:27,262 - INFO - Val Loss: 0.3427 Acc: 0.9188
2026-01-02 03:45:27,264 - INFO - --- Época 97/150 ---
2026-01-02 03:46:10,812 - INFO - Train Loss: 0.2704 Acc: 0.9281
2026-01-02 03:46:13,682 - INFO -   [LR] Tasa de aprendizaje actual: 0.000025
2026-01-02 03:46:13,683 - INFO -   [Sin mejora Loss] Paciencia: 2/10
2026-01-02 03:46:13,684 - INFO - Val Loss: 0.3412 Acc: 0.9020
2026-01-02 03:46:13,685 - INFO - --- Época 98/150 ---
2026-01-02 03:46:57,197 - INFO - Train Loss: 0.2735 Acc: 0.9217
2026-01-02 03:46:59,998 - INFO -   [LR] Tasa de aprendizaje actual: 0.000025
2026-01-02 03:46:59,999 - INFO -   [Sin mejora Loss] Paciencia: 3/10
2026-01-02 03:47:00,000 - INFO - Val Loss: 0.3491 Acc: 0.9160
2026-01-02 03:47:00,001 - INFO - --- Época 99/150 ---
2026-01-02 03:47:43,872 - INFO - Train Loss: 0.2879 Acc: 0.9220
2026-01-02 03:47:46,646 - INFO -   [LR] Tasa de aprendizaje actual: 0.000025
2026-01-02 03:47:46,647 - INFO -   [Sin mejora Loss] Paciencia: 4/10
2026-01-02 03:47:46,648 - INFO - Val Loss: 0.3407 Acc: 0.9216
2026-01-02 03:47:46,650 - INFO - --- Época 100/150 ---
2026-01-02 03:48:30,040 - INFO - Train Loss: 0.2770 Acc: 0.9241
2026-01-02 03:48:32,896 - INFO -   [LR] Tasa de aprendizaje actual: 0.000025
2026-01-02 03:48:32,897 - INFO -   [Mejora Loss] 0.3326 -> 0.3236. Reseteando paciencia.
2026-01-02 03:48:32,898 - INFO - Val Loss: 0.3236 Acc: 0.9216
2026-01-02 03:48:32,899 - INFO - --- Época 101/150 ---
2026-01-02 03:49:16,734 - INFO - Train Loss: 0.2764 Acc: 0.9249
2026-01-02 03:49:19,505 - INFO -   [LR] Tasa de aprendizaje actual: 0.000025
2026-01-02 03:49:19,506 - INFO -   [Sin mejora Loss] Paciencia: 1/10
2026-01-02 03:49:19,507 - INFO - Val Loss: 0.3600 Acc: 0.9076
2026-01-02 03:49:19,509 - INFO - --- Época 102/150 ---
2026-01-02 03:50:02,784 - INFO - Train Loss: 0.2750 Acc: 0.9231
2026-01-02 03:50:05,513 - INFO -   [LR] Tasa de aprendizaje actual: 0.000025
2026-01-02 03:50:05,514 - INFO -   [Sin mejora Loss] Paciencia: 2/10
2026-01-02 03:50:05,517 - INFO - Val Loss: 0.3312 Acc: 0.9328
2026-01-02 03:50:05,518 - INFO - --- Época 103/150 ---
2026-01-02 03:50:48,991 - INFO - Train Loss: 0.2750 Acc: 0.9302
2026-01-02 03:50:51,861 - INFO -   [LR] Tasa de aprendizaje actual: 0.000025
2026-01-02 03:50:51,861 - INFO -   [Sin mejora Loss] Paciencia: 3/10
2026-01-02 03:50:51,863 - INFO - Val Loss: 0.3438 Acc: 0.9132
2026-01-02 03:50:51,864 - INFO - --- Época 104/150 ---
2026-01-02 03:51:35,138 - INFO - Train Loss: 0.2716 Acc: 0.9281
2026-01-02 03:51:37,925 - INFO -   [LR] Tasa de aprendizaje actual: 0.000025
2026-01-02 03:51:37,926 - INFO -   [Sin mejora Loss] Paciencia: 4/10
2026-01-02 03:51:37,927 - INFO - Val Loss: 0.3386 Acc: 0.9328
2026-01-02 03:51:37,928 - INFO - --- Época 105/150 ---
2026-01-02 03:52:21,277 - INFO - Train Loss: 0.2654 Acc: 0.9281
2026-01-02 03:52:24,057 - INFO -   [LR] Tasa de aprendizaje actual: 0.000025
2026-01-02 03:52:24,057 - INFO -   [Sin mejora Loss] Paciencia: 5/10
2026-01-02 03:52:24,058 - INFO - Val Loss: 0.3474 Acc: 0.9300
2026-01-02 03:52:24,059 - INFO - --- Época 106/150 ---
2026-01-02 03:53:07,050 - INFO - Train Loss: 0.2564 Acc: 0.9298
2026-01-02 03:53:09,767 - INFO -   [LR] Tasa de aprendizaje actual: 0.000025
2026-01-02 03:53:09,768 - INFO -   [Mejora Loss] 0.3236 -> 0.3229. Reseteando paciencia.
2026-01-02 03:53:09,769 - INFO - Val Loss: 0.3229 Acc: 0.9216
2026-01-02 03:53:09,770 - INFO - --- Época 107/150 ---
2026-01-02 03:53:53,040 - INFO - Train Loss: 0.2692 Acc: 0.9245
2026-01-02 03:53:55,833 - INFO -   [LR] Tasa de aprendizaje actual: 0.000025
2026-01-02 03:53:55,834 - INFO -   [Sin mejora Loss] Paciencia: 1/10
2026-01-02 03:53:55,836 - INFO - Val Loss: 0.3338 Acc: 0.9300
2026-01-02 03:53:55,836 - INFO - --- Época 108/150 ---
2026-01-02 03:54:38,670 - INFO - Train Loss: 0.2648 Acc: 0.9288
2026-01-02 03:54:41,464 - INFO -   [LR] Tasa de aprendizaje actual: 0.000025
2026-01-02 03:54:41,465 - INFO -   [Sin mejora Loss] Paciencia: 2/10
2026-01-02 03:54:41,466 - INFO - Val Loss: 0.3257 Acc: 0.9216
2026-01-02 03:54:41,468 - INFO - --- Época 109/150 ---
2026-01-02 03:55:23,840 - INFO - Train Loss: 0.2621 Acc: 0.9284
2026-01-02 03:55:26,592 - INFO -   [LR] Tasa de aprendizaje actual: 0.000025
2026-01-02 03:55:26,593 - INFO -   [Mejora Loss] 0.3229 -> 0.3113. Reseteando paciencia.
2026-01-02 03:55:26,594 - INFO - Val Loss: 0.3113 Acc: 0.9216
2026-01-02 03:55:26,595 - INFO - --- Época 110/150 ---
2026-01-02 03:56:09,553 - INFO - Train Loss: 0.2836 Acc: 0.9227
2026-01-02 03:56:12,353 - INFO -   [LR] Tasa de aprendizaje actual: 0.000025
2026-01-02 03:56:12,354 - INFO -   [Sin mejora Loss] Paciencia: 1/10
2026-01-02 03:56:12,356 - INFO - Val Loss: 0.3180 Acc: 0.9272
2026-01-02 03:56:12,358 - INFO - --- Época 111/150 ---
2026-01-02 03:56:55,751 - INFO - Train Loss: 0.2720 Acc: 0.9270
2026-01-02 03:56:58,557 - INFO -   [LR] Tasa de aprendizaje actual: 0.000025
2026-01-02 03:56:58,558 - INFO -   [Sin mejora Loss] Paciencia: 2/10
2026-01-02 03:56:58,560 - INFO - Val Loss: 0.3206 Acc: 0.9188
2026-01-02 03:56:58,561 - INFO - --- Época 112/150 ---
2026-01-02 03:57:41,858 - INFO - Train Loss: 0.2611 Acc: 0.9291
2026-01-02 03:57:44,677 - INFO -   [LR] Tasa de aprendizaje actual: 0.000025
2026-01-02 03:57:44,678 - INFO -   [Sin mejora Loss] Paciencia: 3/10
2026-01-02 03:57:44,679 - INFO - Val Loss: 0.3209 Acc: 0.9188
2026-01-02 03:57:44,680 - INFO - --- Época 113/150 ---
2026-01-02 03:58:27,824 - INFO - Train Loss: 0.2717 Acc: 0.9284
2026-01-02 03:58:30,536 - INFO -   [LR] Tasa de aprendizaje actual: 0.000025
2026-01-02 03:58:30,537 - INFO -   [Sin mejora Loss] Paciencia: 4/10
2026-01-02 03:58:30,538 - INFO - Val Loss: 0.3233 Acc: 0.9300
2026-01-02 03:58:30,539 - INFO - --- Época 114/150 ---
2026-01-02 03:59:13,204 - INFO - Train Loss: 0.2688 Acc: 0.9252
2026-01-02 03:59:15,918 - INFO -   [LR] Tasa de aprendizaje actual: 0.000025
2026-01-02 03:59:15,918 - INFO -   [Mejora Loss] 0.3113 -> 0.3111. Reseteando paciencia.
2026-01-02 03:59:15,920 - INFO - Val Loss: 0.3111 Acc: 0.9384
2026-01-02 03:59:16,338 - INFO -   [Nuevo Récord Acc] Guardado en: models/sbtaylor_kan_cotton\run_20260102_015349\best_model.pth
2026-01-02 03:59:16,339 - INFO - --- Época 115/150 ---
2026-01-02 03:59:59,719 - INFO - Train Loss: 0.2539 Acc: 0.9320
2026-01-02 04:00:02,490 - INFO -   [LR] Tasa de aprendizaje actual: 0.000025
2026-01-02 04:00:02,492 - INFO -   [Sin mejora Loss] Paciencia: 1/10
2026-01-02 04:00:02,493 - INFO - Val Loss: 0.3348 Acc: 0.9104
2026-01-02 04:00:02,493 - INFO - --- Época 116/150 ---
2026-01-02 04:00:46,134 - INFO - Train Loss: 0.2756 Acc: 0.9213
2026-01-02 04:00:48,971 - INFO -   [LR] Tasa de aprendizaje actual: 0.000025
2026-01-02 04:00:48,972 - INFO -   [Sin mejora Loss] Paciencia: 2/10
2026-01-02 04:00:48,973 - INFO - Val Loss: 0.3201 Acc: 0.9244
2026-01-02 04:00:48,974 - INFO - --- Época 117/150 ---
2026-01-02 04:01:32,522 - INFO - Train Loss: 0.2598 Acc: 0.9263
2026-01-02 04:01:35,364 - INFO -   [LR] Tasa de aprendizaje actual: 0.000025
2026-01-02 04:01:35,366 - INFO -   [Sin mejora Loss] Paciencia: 3/10
2026-01-02 04:01:35,367 - INFO - Val Loss: 0.3215 Acc: 0.9272
2026-01-02 04:01:35,368 - INFO - --- Época 118/150 ---
2026-01-02 04:02:18,902 - INFO - Train Loss: 0.2546 Acc: 0.9302
2026-01-02 04:02:21,689 - INFO -   [LR] Tasa de aprendizaje actual: 0.000025
2026-01-02 04:02:21,690 - INFO -   [Sin mejora Loss] Paciencia: 4/10
2026-01-02 04:02:21,691 - INFO - Val Loss: 0.3306 Acc: 0.9188
2026-01-02 04:02:21,692 - INFO - --- Época 119/150 ---
2026-01-02 04:03:04,931 - INFO - Train Loss: 0.2632 Acc: 0.9284
2026-01-02 04:03:07,691 - INFO -   [LR] Tasa de aprendizaje actual: 0.000025
2026-01-02 04:03:07,693 - INFO -   [Sin mejora Loss] Paciencia: 5/10
2026-01-02 04:03:07,694 - INFO - Val Loss: 0.3311 Acc: 0.9188
2026-01-02 04:03:07,695 - INFO - --- Época 120/150 ---
2026-01-02 04:03:51,012 - INFO - Train Loss: 0.2674 Acc: 0.9270
2026-01-02 04:03:53,953 - INFO -   [LR] Tasa de aprendizaje actual: 0.000013
2026-01-02 04:03:53,954 - INFO -   [Sin mejora Loss] Paciencia: 6/10
2026-01-02 04:03:53,955 - INFO - Val Loss: 0.3159 Acc: 0.9272
2026-01-02 04:03:53,956 - INFO - --- Época 121/150 ---
2026-01-02 04:04:37,131 - INFO - Train Loss: 0.2499 Acc: 0.9338
2026-01-02 04:04:39,924 - INFO -   [LR] Tasa de aprendizaje actual: 0.000013
2026-01-02 04:04:39,925 - INFO -   [Mejora Loss] 0.3111 -> 0.3088. Reseteando paciencia.
2026-01-02 04:04:39,926 - INFO - Val Loss: 0.3088 Acc: 0.9300
2026-01-02 04:04:39,927 - INFO - --- Época 122/150 ---
2026-01-02 04:05:22,822 - INFO - Train Loss: 0.2441 Acc: 0.9387
2026-01-02 04:05:25,594 - INFO -   [LR] Tasa de aprendizaje actual: 0.000013
2026-01-02 04:05:25,595 - INFO -   [Sin mejora Loss] Paciencia: 1/10
2026-01-02 04:05:25,596 - INFO - Val Loss: 0.3128 Acc: 0.9356
2026-01-02 04:05:25,596 - INFO - --- Época 123/150 ---
2026-01-02 04:06:08,541 - INFO - Train Loss: 0.2404 Acc: 0.9313
2026-01-02 04:06:11,383 - INFO -   [LR] Tasa de aprendizaje actual: 0.000013
2026-01-02 04:06:11,384 - INFO -   [Mejora Loss] 0.3088 -> 0.3045. Reseteando paciencia.
2026-01-02 04:06:11,385 - INFO - Val Loss: 0.3045 Acc: 0.9272
2026-01-02 04:06:11,387 - INFO - --- Época 124/150 ---
2026-01-02 04:06:54,702 - INFO - Train Loss: 0.2436 Acc: 0.9405
2026-01-02 04:06:57,423 - INFO -   [LR] Tasa de aprendizaje actual: 0.000013
2026-01-02 04:06:57,424 - INFO -   [Sin mejora Loss] Paciencia: 1/10
2026-01-02 04:06:57,425 - INFO - Val Loss: 0.3051 Acc: 0.9328
2026-01-02 04:06:57,427 - INFO - --- Época 125/150 ---
2026-01-02 04:07:40,714 - INFO - Train Loss: 0.2606 Acc: 0.9284
2026-01-02 04:07:43,573 - INFO -   [LR] Tasa de aprendizaje actual: 0.000013
2026-01-02 04:07:43,574 - INFO -   [Sin mejora Loss] Paciencia: 2/10
2026-01-02 04:07:43,575 - INFO - Val Loss: 0.3122 Acc: 0.9272
2026-01-02 04:07:43,576 - INFO - --- Época 126/150 ---
2026-01-02 04:08:27,411 - INFO - Train Loss: 0.2520 Acc: 0.9341
2026-01-02 04:08:30,140 - INFO -   [LR] Tasa de aprendizaje actual: 0.000013
2026-01-02 04:08:30,141 - INFO -   [Sin mejora Loss] Paciencia: 3/10
2026-01-02 04:08:30,143 - INFO - Val Loss: 0.3102 Acc: 0.9300
2026-01-02 04:08:30,144 - INFO - --- Época 127/150 ---
2026-01-02 04:09:13,097 - INFO - Train Loss: 0.2499 Acc: 0.9341
2026-01-02 04:09:15,916 - INFO -   [LR] Tasa de aprendizaje actual: 0.000013
2026-01-02 04:09:15,916 - INFO -   [Mejora Loss] 0.3045 -> 0.3017. Reseteando paciencia.
2026-01-02 04:09:15,918 - INFO - Val Loss: 0.3017 Acc: 0.9356
2026-01-02 04:09:15,919 - INFO - --- Época 128/150 ---
2026-01-02 04:09:58,777 - INFO - Train Loss: 0.2408 Acc: 0.9320
2026-01-02 04:10:01,864 - INFO -   [LR] Tasa de aprendizaje actual: 0.000013
2026-01-02 04:10:01,865 - INFO -   [Sin mejora Loss] Paciencia: 1/10
2026-01-02 04:10:01,867 - INFO - Val Loss: 0.3208 Acc: 0.9300
2026-01-02 04:10:01,868 - INFO - --- Época 129/150 ---
2026-01-02 04:10:45,309 - INFO - Train Loss: 0.2461 Acc: 0.9395
2026-01-02 04:10:48,057 - INFO -   [LR] Tasa de aprendizaje actual: 0.000013
2026-01-02 04:10:48,057 - INFO -   [Sin mejora Loss] Paciencia: 2/10
2026-01-02 04:10:48,059 - INFO - Val Loss: 0.3127 Acc: 0.9216
2026-01-02 04:10:48,061 - INFO - --- Época 130/150 ---
2026-01-02 04:11:30,857 - INFO - Train Loss: 0.2500 Acc: 0.9298
2026-01-02 04:11:33,650 - INFO -   [LR] Tasa de aprendizaje actual: 0.000013
2026-01-02 04:11:33,651 - INFO -   [Sin mejora Loss] Paciencia: 3/10
2026-01-02 04:11:33,652 - INFO - Val Loss: 0.3212 Acc: 0.9300
2026-01-02 04:11:33,653 - INFO - --- Época 131/150 ---
2026-01-02 04:12:20,089 - INFO - Train Loss: 0.2468 Acc: 0.9363
2026-01-02 04:12:27,131 - INFO -   [LR] Tasa de aprendizaje actual: 0.000013
2026-01-02 04:12:27,132 - INFO -   [Sin mejora Loss] Paciencia: 4/10
2026-01-02 04:12:27,133 - INFO - Val Loss: 0.3133 Acc: 0.9188
2026-01-02 04:12:27,134 - INFO - --- Época 132/150 ---
2026-01-02 04:13:10,760 - INFO - Train Loss: 0.2517 Acc: 0.9391
2026-01-02 04:13:13,590 - INFO -   [LR] Tasa de aprendizaje actual: 0.000013
2026-01-02 04:13:13,590 - INFO -   [Sin mejora Loss] Paciencia: 5/10
2026-01-02 04:13:13,591 - INFO - Val Loss: 0.3021 Acc: 0.9356
2026-01-02 04:13:13,592 - INFO - --- Época 133/150 ---
2026-01-02 04:13:57,081 - INFO - Train Loss: 0.2537 Acc: 0.9291
2026-01-02 04:13:59,800 - INFO -   [LR] Tasa de aprendizaje actual: 0.000006
2026-01-02 04:13:59,800 - INFO -   [Sin mejora Loss] Paciencia: 6/10
2026-01-02 04:13:59,801 - INFO - Val Loss: 0.3020 Acc: 0.9272
2026-01-02 04:13:59,802 - INFO - --- Época 134/150 ---
2026-01-02 04:14:42,549 - INFO - Train Loss: 0.2355 Acc: 0.9441
2026-01-02 04:14:45,386 - INFO -   [LR] Tasa de aprendizaje actual: 0.000006
2026-01-02 04:14:45,386 - INFO -   [Sin mejora Loss] Paciencia: 7/10
2026-01-02 04:14:45,387 - INFO - Val Loss: 0.3019 Acc: 0.9272
2026-01-02 04:14:45,389 - INFO - --- Época 135/150 ---
2026-01-02 04:15:28,350 - INFO - Train Loss: 0.2379 Acc: 0.9409
2026-01-02 04:15:31,357 - INFO -   [LR] Tasa de aprendizaje actual: 0.000006
2026-01-02 04:15:31,358 - INFO -   [Sin mejora Loss] Paciencia: 8/10
2026-01-02 04:15:31,359 - INFO - Val Loss: 0.3066 Acc: 0.9356
2026-01-02 04:15:31,360 - INFO - --- Época 136/150 ---
2026-01-02 04:16:14,698 - INFO - Train Loss: 0.2369 Acc: 0.9359
2026-01-02 04:16:17,547 - INFO -   [LR] Tasa de aprendizaje actual: 0.000006
2026-01-02 04:16:17,548 - INFO -   [Sin mejora Loss] Paciencia: 9/10
2026-01-02 04:16:17,549 - INFO - Val Loss: 0.3038 Acc: 0.9328
2026-01-02 04:16:17,550 - INFO - --- Época 137/150 ---
2026-01-02 04:17:00,933 - INFO - Train Loss: 0.2509 Acc: 0.9320
2026-01-02 04:17:03,820 - INFO -   [LR] Tasa de aprendizaje actual: 0.000006
2026-01-02 04:17:03,821 - INFO -   [Mejora Loss] 0.3017 -> 0.2975. Reseteando paciencia.
2026-01-02 04:17:03,822 - INFO - Val Loss: 0.2975 Acc: 0.9328
2026-01-02 04:17:03,823 - INFO - --- Época 138/150 ---
2026-01-02 04:17:47,087 - INFO - Train Loss: 0.2419 Acc: 0.9387
2026-01-02 04:17:50,112 - INFO -   [LR] Tasa de aprendizaje actual: 0.000006
2026-01-02 04:17:50,113 - INFO -   [Sin mejora Loss] Paciencia: 1/10
2026-01-02 04:17:50,114 - INFO - Val Loss: 0.3031 Acc: 0.9328
2026-01-02 04:17:50,116 - INFO - --- Época 139/150 ---
2026-01-02 04:18:33,943 - INFO - Train Loss: 0.2306 Acc: 0.9420
2026-01-02 04:18:36,725 - INFO -   [LR] Tasa de aprendizaje actual: 0.000006
2026-01-02 04:18:36,726 - INFO -   [Sin mejora Loss] Paciencia: 2/10
2026-01-02 04:18:36,727 - INFO - Val Loss: 0.3054 Acc: 0.9356
2026-01-02 04:18:36,728 - INFO - --- Época 140/150 ---
2026-01-02 04:19:20,551 - INFO - Train Loss: 0.2285 Acc: 0.9476
2026-01-02 04:19:23,362 - INFO -   [LR] Tasa de aprendizaje actual: 0.000006
2026-01-02 04:19:23,363 - INFO -   [Sin mejora Loss] Paciencia: 3/10
2026-01-02 04:19:23,364 - INFO - Val Loss: 0.2980 Acc: 0.9356
2026-01-02 04:19:23,365 - INFO - --- Época 141/150 ---
2026-01-02 04:20:07,192 - INFO - Train Loss: 0.2473 Acc: 0.9366
2026-01-02 04:20:10,030 - INFO -   [LR] Tasa de aprendizaje actual: 0.000006
2026-01-02 04:20:10,030 - INFO -   [Mejora Loss] 0.2975 -> 0.2957. Reseteando paciencia.
2026-01-02 04:20:10,032 - INFO - Val Loss: 0.2957 Acc: 0.9356
2026-01-02 04:20:10,033 - INFO - --- Época 142/150 ---
2026-01-02 04:20:53,479 - INFO - Train Loss: 0.2370 Acc: 0.9380
2026-01-02 04:20:56,398 - INFO -   [LR] Tasa de aprendizaje actual: 0.000006
2026-01-02 04:20:56,399 - INFO -   [Sin mejora Loss] Paciencia: 1/10
2026-01-02 04:20:56,400 - INFO - Val Loss: 0.3016 Acc: 0.9412
2026-01-02 04:20:56,838 - INFO -   [Nuevo Récord Acc] Guardado en: models/sbtaylor_kan_cotton\run_20260102_015349\best_model.pth
2026-01-02 04:20:56,839 - INFO - --- Época 143/150 ---
2026-01-02 04:21:40,933 - INFO - Train Loss: 0.2344 Acc: 0.9377
2026-01-02 04:21:43,707 - INFO -   [LR] Tasa de aprendizaje actual: 0.000006
2026-01-02 04:21:43,707 - INFO -   [Sin mejora Loss] Paciencia: 2/10
2026-01-02 04:21:43,708 - INFO - Val Loss: 0.3048 Acc: 0.9216
2026-01-02 04:21:43,709 - INFO - --- Época 144/150 ---
2026-01-02 04:22:27,452 - INFO - Train Loss: 0.2464 Acc: 0.9387
2026-01-02 04:22:30,329 - INFO -   [LR] Tasa de aprendizaje actual: 0.000006
2026-01-02 04:22:30,330 - INFO -   [Sin mejora Loss] Paciencia: 3/10
2026-01-02 04:22:30,332 - INFO - Val Loss: 0.3054 Acc: 0.9160
2026-01-02 04:22:30,333 - INFO - --- Época 145/150 ---
