2025-12-12 03:19:57,919 - INFO - Modelo SBTAYLOR_KAN.Net importado correctamente.
2025-12-12 03:19:57,922 - INFO - Los pesos del modelo se guardarán en: 'models/sbtaylor_kan_cotton\run_20251212_031953\sbtaylor_kan.best_weights.pth'
2025-12-12 03:19:57,925 - INFO - El registro de entrenamiento se guardará en: 'models/sbtaylor_kan_cotton\run_20251212_031953\training_run.log'
2025-12-12 03:19:59,530 - INFO - Versión de PyTorch: 2.9.0+cu126
2025-12-12 03:19:59,532 - INFO - ¿CUDA está disponible?: True
2025-12-12 03:19:59,535 - INFO - Versión de CUDA con la que PyTorch fue compilado: 12.6
2025-12-12 03:19:59,538 - INFO - Número de GPUs disponibles: 1
2025-12-12 03:19:59,548 - INFO - Nombre de la GPU actual: NVIDIA GeForce RTX 4090
2025-12-12 03:20:04,810 - INFO - --- Hyperparámetros de Entrenamiento ---
2025-12-12 03:20:04,813 - INFO - Batch Size: 64
2025-12-12 03:20:04,815 - INFO - Num Epochs: 150
2025-12-12 03:20:04,818 - INFO - Learning Rate: 0.0001
2025-12-12 03:20:04,819 - INFO - Num Classes: 4
2025-12-12 03:20:04,822 - INFO - Num Workers: 4
2025-12-12 03:20:06,935 - INFO - 
Cargando dataset de ./data...
2025-12-12 03:20:06,979 - INFO - Clases detectadas: ['Fresh_Leaf', 'Leaf_Reddening', 'Leaf_Spot_Bacterial_Blight', 'Yellowish_Leaf']
2025-12-12 03:20:11,963 - INFO - 
Usando dispositivo: cuda
2025-12-12 03:23:11,861 - INFO - Iniciando entrenamiento por 150 épocas...
2025-12-12 03:23:11,863 - INFO - Paciencia configurada: 10 épocas.
2025-12-12 03:23:11,864 - INFO - --- Época 1/150 ---
2025-12-12 03:23:47,257 - INFO - Train Loss: 1.0128 Acc: 0.4793
2025-12-12 03:23:53,752 - INFO -   [Mejora Loss] inf -> 0.8607. Reseteando paciencia.
2025-12-12 03:23:53,753 - INFO - Val Loss: 0.8607 Acc: 0.5333
2025-12-12 03:23:54,197 - INFO -   [Nuevo Récord Acc] Guardado en: models/sbtaylor_kan_cotton\run_20251212_031953\best_model.pth
2025-12-12 03:23:54,198 - INFO - --- Época 2/150 ---
2025-12-12 03:24:27,985 - INFO - Train Loss: 0.8780 Acc: 0.5583
2025-12-12 03:24:34,726 - INFO -   [Mejora Loss] 0.8607 -> 0.8321. Reseteando paciencia.
2025-12-12 03:24:34,727 - INFO - Val Loss: 0.8321 Acc: 0.5667
2025-12-12 03:24:35,210 - INFO -   [Nuevo Récord Acc] Guardado en: models/sbtaylor_kan_cotton\run_20251212_031953\best_model.pth
2025-12-12 03:24:35,212 - INFO - --- Época 3/150 ---
2025-12-12 03:25:10,403 - INFO - Train Loss: 0.8125 Acc: 0.5969
2025-12-12 03:25:16,957 - INFO -   [Mejora Loss] 0.8321 -> 0.8196. Reseteando paciencia.
2025-12-12 03:25:16,958 - INFO - Val Loss: 0.8196 Acc: 0.5750
2025-12-12 03:25:17,446 - INFO -   [Nuevo Récord Acc] Guardado en: models/sbtaylor_kan_cotton\run_20251212_031953\best_model.pth
2025-12-12 03:25:17,448 - INFO - --- Época 4/150 ---
2025-12-12 03:25:53,158 - INFO - Train Loss: 0.7706 Acc: 0.6283
2025-12-12 03:25:59,966 - INFO -   [Mejora Loss] 0.8196 -> 0.8030. Reseteando paciencia.
2025-12-12 03:25:59,968 - INFO - Val Loss: 0.8030 Acc: 0.6083
2025-12-12 03:26:00,413 - INFO -   [Nuevo Récord Acc] Guardado en: models/sbtaylor_kan_cotton\run_20251212_031953\best_model.pth
2025-12-12 03:26:00,415 - INFO - --- Época 5/150 ---
2025-12-12 03:26:36,005 - INFO - Train Loss: 0.7492 Acc: 0.6419
2025-12-12 03:26:42,511 - INFO -   [Mejora Loss] 0.8030 -> 0.7994. Reseteando paciencia.
2025-12-12 03:26:42,512 - INFO - Val Loss: 0.7994 Acc: 0.6000
2025-12-12 03:26:42,514 - INFO - --- Época 6/150 ---
2025-12-12 03:27:17,270 - INFO - Train Loss: 0.7309 Acc: 0.6523
2025-12-12 03:27:24,135 - INFO -   [Mejora Loss] 0.7994 -> 0.7744. Reseteando paciencia.
2025-12-12 03:27:24,138 - INFO - Val Loss: 0.7744 Acc: 0.5833
2025-12-12 03:27:24,141 - INFO - --- Época 7/150 ---
2025-12-12 03:27:59,359 - INFO - Train Loss: 0.7181 Acc: 0.6634
2025-12-12 03:28:06,071 - INFO -   [Mejora Loss] 0.7744 -> 0.7575. Reseteando paciencia.
2025-12-12 03:28:06,073 - INFO - Val Loss: 0.7575 Acc: 0.6583
2025-12-12 03:28:06,511 - INFO -   [Nuevo Récord Acc] Guardado en: models/sbtaylor_kan_cotton\run_20251212_031953\best_model.pth
2025-12-12 03:28:06,512 - INFO - --- Época 8/150 ---
2025-12-12 03:28:41,990 - INFO - Train Loss: 0.7070 Acc: 0.6634
2025-12-12 03:28:48,751 - INFO -   [Sin mejora Loss] Paciencia: 1/10
2025-12-12 03:28:48,753 - INFO - Val Loss: 0.7751 Acc: 0.6417
2025-12-12 03:28:48,755 - INFO - --- Época 9/150 ---
2025-12-12 03:29:23,063 - INFO - Train Loss: 0.6848 Acc: 0.6746
2025-12-12 03:29:30,162 - INFO -   [Sin mejora Loss] Paciencia: 2/10
2025-12-12 03:29:30,163 - INFO - Val Loss: 0.7725 Acc: 0.6750
2025-12-12 03:29:30,638 - INFO -   [Nuevo Récord Acc] Guardado en: models/sbtaylor_kan_cotton\run_20251212_031953\best_model.pth
2025-12-12 03:29:30,638 - INFO - --- Época 10/150 ---
2025-12-12 03:30:05,579 - INFO - Train Loss: 0.6680 Acc: 0.6775
2025-12-12 03:30:12,577 - INFO -   [Sin mejora Loss] Paciencia: 3/10
2025-12-12 03:30:12,579 - INFO - Val Loss: 0.7623 Acc: 0.6500
2025-12-12 03:30:12,582 - INFO - --- Época 11/150 ---
2025-12-12 03:30:47,786 - INFO - Train Loss: 0.6595 Acc: 0.6940
2025-12-12 03:30:54,407 - INFO -   [Mejora Loss] 0.7575 -> 0.7498. Reseteando paciencia.
2025-12-12 03:30:54,408 - INFO - Val Loss: 0.7498 Acc: 0.6583
2025-12-12 03:30:54,410 - INFO - --- Época 12/150 ---
2025-12-12 03:31:29,750 - INFO - Train Loss: 0.6482 Acc: 0.7043
2025-12-12 03:31:36,513 - INFO -   [Sin mejora Loss] Paciencia: 1/10
2025-12-12 03:31:36,515 - INFO - Val Loss: 0.7672 Acc: 0.6417
2025-12-12 03:31:36,517 - INFO - --- Época 13/150 ---
2025-12-12 03:32:11,739 - INFO - Train Loss: 0.6323 Acc: 0.7134
2025-12-12 03:32:18,490 - INFO -   [Mejora Loss] 0.7498 -> 0.7281. Reseteando paciencia.
2025-12-12 03:32:18,491 - INFO - Val Loss: 0.7281 Acc: 0.6750
2025-12-12 03:32:18,493 - INFO - --- Época 14/150 ---
2025-12-12 03:32:53,604 - INFO - Train Loss: 0.6262 Acc: 0.7171
2025-12-12 03:33:00,343 - INFO -   [Sin mejora Loss] Paciencia: 1/10
2025-12-12 03:33:00,344 - INFO - Val Loss: 0.7358 Acc: 0.7000
2025-12-12 03:33:00,826 - INFO -   [Nuevo Récord Acc] Guardado en: models/sbtaylor_kan_cotton\run_20251212_031953\best_model.pth
2025-12-12 03:33:00,827 - INFO - --- Época 15/150 ---
2025-12-12 03:33:35,701 - INFO - Train Loss: 0.6255 Acc: 0.7149
2025-12-12 03:33:42,450 - INFO -   [Sin mejora Loss] Paciencia: 2/10
2025-12-12 03:33:42,452 - INFO - Val Loss: 0.7349 Acc: 0.6833
2025-12-12 03:33:42,454 - INFO - --- Época 16/150 ---
2025-12-12 03:34:17,976 - INFO - Train Loss: 0.6006 Acc: 0.7246
2025-12-12 03:34:24,629 - INFO -   [Mejora Loss] 0.7281 -> 0.7189. Reseteando paciencia.
2025-12-12 03:34:24,631 - INFO - Val Loss: 0.7189 Acc: 0.6833
2025-12-12 03:34:24,634 - INFO - --- Época 17/150 ---
2025-12-12 03:34:59,745 - INFO - Train Loss: 0.5875 Acc: 0.7335
2025-12-12 03:35:06,589 - INFO -   [Sin mejora Loss] Paciencia: 1/10
2025-12-12 03:35:06,591 - INFO - Val Loss: 0.7623 Acc: 0.6333
2025-12-12 03:35:06,593 - INFO - --- Época 18/150 ---
2025-12-12 03:35:41,351 - INFO - Train Loss: 0.5779 Acc: 0.7430
2025-12-12 03:35:47,977 - INFO -   [Mejora Loss] 0.7189 -> 0.7061. Reseteando paciencia.
2025-12-12 03:35:47,978 - INFO - Val Loss: 0.7061 Acc: 0.6667
2025-12-12 03:35:47,980 - INFO - --- Época 19/150 ---
2025-12-12 03:36:22,896 - INFO - Train Loss: 0.5693 Acc: 0.7461
2025-12-12 03:36:29,524 - INFO -   [Mejora Loss] 0.7061 -> 0.6603. Reseteando paciencia.
2025-12-12 03:36:29,526 - INFO - Val Loss: 0.6603 Acc: 0.7083
2025-12-12 03:36:29,991 - INFO -   [Nuevo Récord Acc] Guardado en: models/sbtaylor_kan_cotton\run_20251212_031953\best_model.pth
2025-12-12 03:36:29,993 - INFO - --- Época 20/150 ---
2025-12-12 03:37:04,943 - INFO - Train Loss: 0.5677 Acc: 0.7481
2025-12-12 03:37:11,677 - INFO -   [Sin mejora Loss] Paciencia: 1/10
2025-12-12 03:37:11,678 - INFO - Val Loss: 0.6745 Acc: 0.6833
2025-12-12 03:37:11,679 - INFO - --- Época 21/150 ---
2025-12-12 03:37:47,091 - INFO - Train Loss: 0.5408 Acc: 0.7628
2025-12-12 03:37:53,722 - INFO -   [Sin mejora Loss] Paciencia: 2/10
2025-12-12 03:37:53,725 - INFO - Val Loss: 0.7433 Acc: 0.6750
2025-12-12 03:37:53,728 - INFO - --- Época 22/150 ---
2025-12-12 03:38:28,386 - INFO - Train Loss: 0.5483 Acc: 0.7626
2025-12-12 03:38:35,069 - INFO -   [Sin mejora Loss] Paciencia: 3/10
2025-12-12 03:38:35,071 - INFO - Val Loss: 0.6800 Acc: 0.7000
2025-12-12 03:38:35,074 - INFO - --- Época 23/150 ---
2025-12-12 03:39:10,491 - INFO - Train Loss: 0.5219 Acc: 0.7694
2025-12-12 03:39:17,266 - INFO -   [Sin mejora Loss] Paciencia: 4/10
2025-12-12 03:39:17,267 - INFO - Val Loss: 0.7124 Acc: 0.6917
2025-12-12 03:39:17,268 - INFO - --- Época 24/150 ---
2025-12-12 03:39:51,877 - INFO - Train Loss: 0.5333 Acc: 0.7564
2025-12-12 03:39:58,633 - INFO -   [Sin mejora Loss] Paciencia: 5/10
2025-12-12 03:39:58,634 - INFO - Val Loss: 0.6672 Acc: 0.7167
2025-12-12 03:39:59,110 - INFO -   [Nuevo Récord Acc] Guardado en: models/sbtaylor_kan_cotton\run_20251212_031953\best_model.pth
2025-12-12 03:39:59,111 - INFO - --- Época 25/150 ---
2025-12-12 03:40:33,481 - INFO - Train Loss: 0.5099 Acc: 0.7713
2025-12-12 03:40:40,166 - INFO -   [Mejora Loss] 0.6603 -> 0.6341. Reseteando paciencia.
2025-12-12 03:40:40,167 - INFO - Val Loss: 0.6341 Acc: 0.7333
2025-12-12 03:40:40,599 - INFO -   [Nuevo Récord Acc] Guardado en: models/sbtaylor_kan_cotton\run_20251212_031953\best_model.pth
2025-12-12 03:40:40,600 - INFO - --- Época 26/150 ---
2025-12-12 03:41:16,221 - INFO - Train Loss: 0.5056 Acc: 0.7808
2025-12-12 03:41:22,998 - INFO -   [Mejora Loss] 0.6341 -> 0.6273. Reseteando paciencia.
2025-12-12 03:41:22,999 - INFO - Val Loss: 0.6273 Acc: 0.6667
2025-12-12 03:41:23,002 - INFO - --- Época 27/150 ---
2025-12-12 03:41:58,063 - INFO - Train Loss: 0.5159 Acc: 0.7738
2025-12-12 03:42:04,727 - INFO -   [Sin mejora Loss] Paciencia: 1/10
2025-12-12 03:42:04,729 - INFO - Val Loss: 0.6482 Acc: 0.6917
2025-12-12 03:42:04,730 - INFO - --- Época 28/150 ---
2025-12-12 03:42:39,954 - INFO - Train Loss: 0.4802 Acc: 0.7913
2025-12-12 03:42:46,549 - INFO -   [Sin mejora Loss] Paciencia: 2/10
2025-12-12 03:42:46,551 - INFO - Val Loss: 0.7169 Acc: 0.6667
2025-12-12 03:42:46,554 - INFO - --- Época 29/150 ---
2025-12-12 03:43:21,512 - INFO - Train Loss: 0.4715 Acc: 0.7944
2025-12-12 03:43:28,193 - INFO -   [Sin mejora Loss] Paciencia: 3/10
2025-12-12 03:43:28,194 - INFO - Val Loss: 0.7377 Acc: 0.6500
2025-12-12 03:43:28,197 - INFO - --- Época 30/150 ---
2025-12-12 03:44:03,129 - INFO - Train Loss: 0.4755 Acc: 0.7959
2025-12-12 03:44:10,353 - INFO -   [Sin mejora Loss] Paciencia: 4/10
2025-12-12 03:44:10,354 - INFO - Val Loss: 0.7153 Acc: 0.6750
2025-12-12 03:44:10,355 - INFO - --- Época 31/150 ---
2025-12-12 03:44:44,928 - INFO - Train Loss: 0.4614 Acc: 0.8025
2025-12-12 03:44:51,914 - INFO -   [Sin mejora Loss] Paciencia: 5/10
2025-12-12 03:44:51,916 - INFO - Val Loss: 0.6405 Acc: 0.7083
2025-12-12 03:44:51,918 - INFO - --- Época 32/150 ---
2025-12-12 03:45:26,674 - INFO - Train Loss: 0.4544 Acc: 0.8037
2025-12-12 03:45:33,716 - INFO -   [Mejora Loss] 0.6273 -> 0.6268. Reseteando paciencia.
2025-12-12 03:45:33,718 - INFO - Val Loss: 0.6268 Acc: 0.7167
2025-12-12 03:45:33,719 - INFO - --- Época 33/150 ---
2025-12-12 03:46:08,512 - INFO - Train Loss: 0.4369 Acc: 0.8147
2025-12-12 03:46:15,423 - INFO -   [Sin mejora Loss] Paciencia: 1/10
2025-12-12 03:46:15,424 - INFO - Val Loss: 0.6583 Acc: 0.7167
2025-12-12 03:46:15,426 - INFO - --- Época 34/150 ---
2025-12-12 03:46:50,287 - INFO - Train Loss: 0.4347 Acc: 0.8089
2025-12-12 03:46:57,450 - INFO -   [Sin mejora Loss] Paciencia: 2/10
2025-12-12 03:46:57,452 - INFO - Val Loss: 0.6303 Acc: 0.7000
2025-12-12 03:46:57,455 - INFO - --- Época 35/150 ---
2025-12-12 03:47:32,569 - INFO - Train Loss: 0.4341 Acc: 0.8140
2025-12-12 03:47:39,414 - INFO -   [Mejora Loss] 0.6268 -> 0.6198. Reseteando paciencia.
2025-12-12 03:47:39,417 - INFO - Val Loss: 0.6198 Acc: 0.7417
2025-12-12 03:47:39,902 - INFO -   [Nuevo Récord Acc] Guardado en: models/sbtaylor_kan_cotton\run_20251212_031953\best_model.pth
2025-12-12 03:47:39,904 - INFO - --- Época 36/150 ---
2025-12-12 03:48:13,658 - INFO - Train Loss: 0.4271 Acc: 0.8217
2025-12-12 03:48:20,789 - INFO -   [Sin mejora Loss] Paciencia: 1/10
2025-12-12 03:48:20,791 - INFO - Val Loss: 0.6439 Acc: 0.7833
2025-12-12 03:48:21,269 - INFO -   [Nuevo Récord Acc] Guardado en: models/sbtaylor_kan_cotton\run_20251212_031953\best_model.pth
2025-12-12 03:48:21,271 - INFO - --- Época 37/150 ---
2025-12-12 03:48:55,988 - INFO - Train Loss: 0.4077 Acc: 0.8202
2025-12-12 03:49:02,993 - INFO -   [Mejora Loss] 0.6198 -> 0.5791. Reseteando paciencia.
2025-12-12 03:49:02,996 - INFO - Val Loss: 0.5791 Acc: 0.7917
2025-12-12 03:49:03,459 - INFO -   [Nuevo Récord Acc] Guardado en: models/sbtaylor_kan_cotton\run_20251212_031953\best_model.pth
2025-12-12 03:49:03,460 - INFO - --- Época 38/150 ---
2025-12-12 03:49:38,687 - INFO - Train Loss: 0.4026 Acc: 0.8302
2025-12-12 03:49:45,861 - INFO -   [Mejora Loss] 0.5791 -> 0.5648. Reseteando paciencia.
2025-12-12 03:49:45,863 - INFO - Val Loss: 0.5648 Acc: 0.7833
2025-12-12 03:49:45,865 - INFO - --- Época 39/150 ---
2025-12-12 03:50:21,602 - INFO - Train Loss: 0.4020 Acc: 0.8285
2025-12-12 03:50:28,583 - INFO -   [Sin mejora Loss] Paciencia: 1/10
2025-12-12 03:50:28,585 - INFO - Val Loss: 0.6739 Acc: 0.7250
2025-12-12 03:50:28,588 - INFO - --- Época 40/150 ---
2025-12-12 03:51:04,252 - INFO - Train Loss: 0.3988 Acc: 0.8283
2025-12-12 03:51:11,393 - INFO -   [Sin mejora Loss] Paciencia: 2/10
2025-12-12 03:51:11,395 - INFO - Val Loss: 0.6458 Acc: 0.7500
2025-12-12 03:51:11,398 - INFO - --- Época 41/150 ---
2025-12-12 03:51:47,029 - INFO - Train Loss: 0.4133 Acc: 0.8260
2025-12-12 03:51:54,000 - INFO -   [Sin mejora Loss] Paciencia: 3/10
2025-12-12 03:51:54,002 - INFO - Val Loss: 0.6635 Acc: 0.7250
2025-12-12 03:51:54,004 - INFO - --- Época 42/150 ---
2025-12-12 03:52:29,562 - INFO - Train Loss: 0.3836 Acc: 0.8380
2025-12-12 03:52:36,711 - INFO -   [Sin mejora Loss] Paciencia: 4/10
2025-12-12 03:52:36,712 - INFO - Val Loss: 0.6479 Acc: 0.7583
2025-12-12 03:52:36,713 - INFO - --- Época 43/150 ---
2025-12-12 03:53:11,894 - INFO - Train Loss: 0.3772 Acc: 0.8461
2025-12-12 03:53:18,965 - INFO -   [Sin mejora Loss] Paciencia: 5/10
2025-12-12 03:53:18,967 - INFO - Val Loss: 0.6251 Acc: 0.7583
2025-12-12 03:53:18,970 - INFO - --- Época 44/150 ---
2025-12-12 03:53:54,339 - INFO - Train Loss: 0.3776 Acc: 0.8411
2025-12-12 03:54:01,336 - INFO -   [Sin mejora Loss] Paciencia: 6/10
2025-12-12 03:54:01,337 - INFO - Val Loss: 0.6165 Acc: 0.7667
2025-12-12 03:54:01,339 - INFO - --- Época 45/150 ---
2025-12-12 03:54:36,960 - INFO - Train Loss: 0.3752 Acc: 0.8471
2025-12-12 03:54:44,045 - INFO -   [Sin mejora Loss] Paciencia: 7/10
2025-12-12 03:54:44,047 - INFO - Val Loss: 0.6181 Acc: 0.7667
2025-12-12 03:54:44,049 - INFO - --- Época 46/150 ---
2025-12-12 03:55:19,927 - INFO - Train Loss: 0.3633 Acc: 0.8469
2025-12-12 03:55:27,062 - INFO -   [Sin mejora Loss] Paciencia: 8/10
2025-12-12 03:55:27,064 - INFO - Val Loss: 0.7080 Acc: 0.7333
2025-12-12 03:55:27,066 - INFO - --- Época 47/150 ---
2025-12-12 03:56:02,482 - INFO - Train Loss: 0.3453 Acc: 0.8548
2025-12-12 03:56:09,510 - INFO -   [Mejora Loss] 0.5648 -> 0.5471. Reseteando paciencia.
2025-12-12 03:56:09,512 - INFO - Val Loss: 0.5471 Acc: 0.7667
2025-12-12 03:56:09,514 - INFO - --- Época 48/150 ---
2025-12-12 03:56:45,558 - INFO - Train Loss: 0.3415 Acc: 0.8547
2025-12-12 03:56:52,522 - INFO -   [Sin mejora Loss] Paciencia: 1/10
2025-12-12 03:56:52,523 - INFO - Val Loss: 0.5801 Acc: 0.7333
2025-12-12 03:56:52,526 - INFO - --- Época 49/150 ---
2025-12-12 03:57:28,150 - INFO - Train Loss: 0.3400 Acc: 0.8634
2025-12-12 03:57:35,198 - INFO -   [Sin mejora Loss] Paciencia: 2/10
2025-12-12 03:57:35,200 - INFO - Val Loss: 0.6078 Acc: 0.7667
2025-12-12 03:57:35,202 - INFO - --- Época 50/150 ---
2025-12-12 03:58:10,516 - INFO - Train Loss: 0.3384 Acc: 0.8632
2025-12-12 03:58:17,727 - INFO -   [Sin mejora Loss] Paciencia: 3/10
2025-12-12 03:58:17,729 - INFO - Val Loss: 0.6377 Acc: 0.7667
2025-12-12 03:58:17,732 - INFO - --- Época 51/150 ---
2025-12-12 03:58:52,821 - INFO - Train Loss: 0.3361 Acc: 0.8610
2025-12-12 03:58:59,908 - INFO -   [Sin mejora Loss] Paciencia: 4/10
2025-12-12 03:58:59,910 - INFO - Val Loss: 0.6997 Acc: 0.7167
2025-12-12 03:58:59,913 - INFO - --- Época 52/150 ---
2025-12-12 03:59:34,969 - INFO - Train Loss: 0.3481 Acc: 0.8543
2025-12-12 03:59:41,904 - INFO -   [Sin mejora Loss] Paciencia: 5/10
2025-12-12 03:59:41,906 - INFO - Val Loss: 0.6249 Acc: 0.7417
2025-12-12 03:59:41,908 - INFO - --- Época 53/150 ---
2025-12-12 04:00:17,346 - INFO - Train Loss: 0.3099 Acc: 0.8729
2025-12-12 04:00:24,412 - INFO -   [Sin mejora Loss] Paciencia: 6/10
2025-12-12 04:00:24,414 - INFO - Val Loss: 0.6269 Acc: 0.7667
2025-12-12 04:00:24,416 - INFO - --- Época 54/150 ---
2025-12-12 04:01:00,042 - INFO - Train Loss: 0.3080 Acc: 0.8769
2025-12-12 04:01:06,967 - INFO -   [Sin mejora Loss] Paciencia: 7/10
2025-12-12 04:01:06,969 - INFO - Val Loss: 0.6231 Acc: 0.8083
2025-12-12 04:01:07,449 - INFO -   [Nuevo Récord Acc] Guardado en: models/sbtaylor_kan_cotton\run_20251212_031953\best_model.pth
2025-12-12 04:01:07,451 - INFO - --- Época 55/150 ---
2025-12-12 04:01:43,012 - INFO - Train Loss: 0.3044 Acc: 0.8750
2025-12-12 04:01:49,973 - INFO -   [Sin mejora Loss] Paciencia: 8/10
2025-12-12 04:01:49,975 - INFO - Val Loss: 0.5895 Acc: 0.7917
2025-12-12 04:01:49,977 - INFO - --- Época 56/150 ---
2025-12-12 04:02:25,395 - INFO - Train Loss: 0.3040 Acc: 0.8785
2025-12-12 04:02:32,398 - INFO -   [Sin mejora Loss] Paciencia: 9/10
2025-12-12 04:02:32,400 - INFO - Val Loss: 0.6343 Acc: 0.7750
2025-12-12 04:02:32,402 - INFO - --- Época 57/150 ---
2025-12-12 04:03:08,265 - INFO - Train Loss: 0.3050 Acc: 0.8779
2025-12-12 04:03:15,347 - INFO -   [Sin mejora Loss] Paciencia: 10/10
2025-12-12 04:03:15,349 - INFO - ¡EARLY STOPPING ACTIVADO! El modelo ya no mejora su pérdida.
2025-12-12 04:03:15,351 - INFO - Val Loss: 0.6155 Acc: 0.7833
2025-12-12 04:03:15,352 - INFO - Entrenamiento finalizado en 40m 3s
2025-12-12 04:03:15,355 - INFO - Mejor Val Acc lograda: 0.8083
2025-12-12 04:03:22,450 - INFO - Cargando el mejor modelo para la evaluación...
2025-12-12 04:03:23,502 - INFO - 
========================================
2025-12-12 04:03:23,503 - INFO - --- INICIANDO EVALUACIÓN EN TEST SET ---
2025-12-12 04:03:23,504 - INFO - ========================================
2025-12-12 04:03:30,997 - INFO - Calculando métricas estadísticas...
2025-12-12 04:03:31,013 - INFO - Generando matriz de confusión...
2025-12-12 04:03:31,317 - INFO - Gráfico guardado en: models/sbtaylor_kan_cotton\run_20251212_031953\confusion_matrix.png
2025-12-12 04:03:31,319 - INFO - Escribiendo reporte final...
2025-12-12 04:03:31,342 - INFO - Reporte de texto guardado en: models/sbtaylor_kan_cotton\run_20251212_031953\test_metrics_report.txt
2025-12-12 04:03:31,345 - INFO - --- EVALUACIÓN FINALIZADA ---
