2025-12-18 00:53:59,793 - INFO - Modelo SBTAYLOR_KAN.Net importado correctamente.
2025-12-18 00:53:59,794 - INFO - Los pesos del modelo se guardarán en: 'models/sbtaylor_kan_tiny_imagenet\run_20251218_005359\sbtaylor_kan.best_weights.pth'
2025-12-18 00:53:59,796 - INFO - El registro de entrenamiento se guardará en: 'models/sbtaylor_kan_tiny_imagenet\run_20251218_005359\training_run.log'
2025-12-18 00:53:59,810 - INFO - Versión de PyTorch: 2.9.0+cu126
2025-12-18 00:53:59,811 - INFO - ¿CUDA está disponible?: True
2025-12-18 00:53:59,812 - INFO - Versión de CUDA con la que PyTorch fue compilado: 12.6
2025-12-18 00:53:59,814 - INFO - Número de GPUs disponibles: 1
2025-12-18 00:53:59,819 - INFO - Nombre de la GPU actual: NVIDIA GeForce RTX 4090
2025-12-18 00:53:59,841 - INFO - --- Hyperparámetros de Entrenamiento ---
2025-12-18 00:53:59,843 - INFO - Batch Size: 64
2025-12-18 00:53:59,844 - INFO - Num Epochs: 150
2025-12-18 00:53:59,845 - INFO - Num Workers: 4
2025-12-18 00:54:33,503 - INFO - 
Usando dispositivo: cuda
2025-12-18 00:54:35,241 - INFO - Iniciando optimización bayesiana de hiperparámetros...
2025-12-18 01:32:52,156 - INFO - Iniciando entrenamiento por 150 épocas...
2025-12-18 01:32:52,157 - INFO - Paciencia configurada: 6 épocas.
2025-12-18 01:32:52,159 - INFO - --- Época 1/150 ---
2025-12-18 01:33:28,047 - INFO - Train Loss: 2.2525 Acc: 0.1613
2025-12-18 01:33:30,209 - INFO -   [LR] Tasa de aprendizaje actual: 0.000068
2025-12-18 01:33:30,210 - INFO -   [Mejora Loss] inf -> 2.1492. Reseteando paciencia.
2025-12-18 01:33:30,212 - INFO - Val Loss: 2.1492 Acc: 0.2830
2025-12-18 01:33:30,645 - INFO -   [Nuevo Récord Acc] Guardado en: models/sbtaylor_kan_tiny_imagenet\run_20251218_005359\best_model.pth
2025-12-18 01:33:30,647 - INFO - --- Época 2/150 ---
2025-12-18 01:34:06,547 - INFO - Train Loss: 2.0986 Acc: 0.2360
2025-12-18 01:34:08,634 - INFO -   [LR] Tasa de aprendizaje actual: 0.000068
2025-12-18 01:34:08,635 - INFO -   [Mejora Loss] 2.1492 -> 2.0133. Reseteando paciencia.
2025-12-18 01:34:08,636 - INFO - Val Loss: 2.0133 Acc: 0.3600
2025-12-18 01:34:09,108 - INFO -   [Nuevo Récord Acc] Guardado en: models/sbtaylor_kan_tiny_imagenet\run_20251218_005359\best_model.pth
2025-12-18 01:34:09,110 - INFO - --- Época 3/150 ---
2025-12-18 01:34:44,319 - INFO - Train Loss: 2.0093 Acc: 0.2725
2025-12-18 01:34:46,394 - INFO -   [LR] Tasa de aprendizaje actual: 0.000068
2025-12-18 01:34:46,395 - INFO -   [Mejora Loss] 2.0133 -> 1.9256. Reseteando paciencia.
2025-12-18 01:34:46,396 - INFO - Val Loss: 1.9256 Acc: 0.3750
2025-12-18 01:34:46,847 - INFO -   [Nuevo Récord Acc] Guardado en: models/sbtaylor_kan_tiny_imagenet\run_20251218_005359\best_model.pth
2025-12-18 01:34:46,848 - INFO - --- Época 4/150 ---
2025-12-18 01:35:22,328 - INFO - Train Loss: 1.9327 Acc: 0.3128
2025-12-18 01:35:24,448 - INFO -   [LR] Tasa de aprendizaje actual: 0.000068
2025-12-18 01:35:24,449 - INFO -   [Mejora Loss] 1.9256 -> 1.8780. Reseteando paciencia.
2025-12-18 01:35:24,450 - INFO - Val Loss: 1.8780 Acc: 0.3940
2025-12-18 01:35:24,907 - INFO -   [Nuevo Récord Acc] Guardado en: models/sbtaylor_kan_tiny_imagenet\run_20251218_005359\best_model.pth
2025-12-18 01:35:24,909 - INFO - --- Época 5/150 ---
2025-12-18 01:36:00,865 - INFO - Train Loss: 1.8867 Acc: 0.3265
2025-12-18 01:36:02,973 - INFO -   [LR] Tasa de aprendizaje actual: 0.000068
2025-12-18 01:36:02,974 - INFO -   [Mejora Loss] 1.8780 -> 1.8171. Reseteando paciencia.
2025-12-18 01:36:02,976 - INFO - Val Loss: 1.8171 Acc: 0.4220
2025-12-18 01:36:03,430 - INFO -   [Nuevo Récord Acc] Guardado en: models/sbtaylor_kan_tiny_imagenet\run_20251218_005359\best_model.pth
2025-12-18 01:36:03,431 - INFO - --- Época 6/150 ---
2025-12-18 01:36:39,317 - INFO - Train Loss: 1.8549 Acc: 0.3327
2025-12-18 01:36:41,417 - INFO -   [LR] Tasa de aprendizaje actual: 0.000068
2025-12-18 01:36:41,418 - INFO -   [Mejora Loss] 1.8171 -> 1.7997. Reseteando paciencia.
2025-12-18 01:36:41,419 - INFO - Val Loss: 1.7997 Acc: 0.4250
2025-12-18 01:36:41,883 - INFO -   [Nuevo Récord Acc] Guardado en: models/sbtaylor_kan_tiny_imagenet\run_20251218_005359\best_model.pth
2025-12-18 01:36:41,885 - INFO - --- Época 7/150 ---
2025-12-18 01:37:17,853 - INFO - Train Loss: 1.8179 Acc: 0.3478
2025-12-18 01:37:19,960 - INFO -   [LR] Tasa de aprendizaje actual: 0.000068
2025-12-18 01:37:19,961 - INFO -   [Mejora Loss] 1.7997 -> 1.7492. Reseteando paciencia.
2025-12-18 01:37:19,963 - INFO - Val Loss: 1.7492 Acc: 0.4440
2025-12-18 01:37:20,414 - INFO -   [Nuevo Récord Acc] Guardado en: models/sbtaylor_kan_tiny_imagenet\run_20251218_005359\best_model.pth
2025-12-18 01:37:20,416 - INFO - --- Época 8/150 ---
2025-12-18 01:37:56,286 - INFO - Train Loss: 1.7647 Acc: 0.3790
2025-12-18 01:37:58,359 - INFO -   [LR] Tasa de aprendizaje actual: 0.000068
2025-12-18 01:37:58,361 - INFO -   [Sin mejora Loss] Paciencia: 1/6
2025-12-18 01:37:58,362 - INFO - Val Loss: 1.7628 Acc: 0.4180
2025-12-18 01:37:58,364 - INFO - --- Época 9/150 ---
2025-12-18 01:38:34,268 - INFO - Train Loss: 1.7327 Acc: 0.3765
2025-12-18 01:38:36,343 - INFO -   [LR] Tasa de aprendizaje actual: 0.000068
2025-12-18 01:38:36,344 - INFO -   [Mejora Loss] 1.7492 -> 1.6750. Reseteando paciencia.
2025-12-18 01:38:36,345 - INFO - Val Loss: 1.6750 Acc: 0.4490
2025-12-18 01:38:36,810 - INFO -   [Nuevo Récord Acc] Guardado en: models/sbtaylor_kan_tiny_imagenet\run_20251218_005359\best_model.pth
2025-12-18 01:38:36,812 - INFO - --- Época 10/150 ---
2025-12-18 01:39:12,285 - INFO - Train Loss: 1.6902 Acc: 0.4083
2025-12-18 01:39:14,304 - INFO -   [LR] Tasa de aprendizaje actual: 0.000068
2025-12-18 01:39:14,305 - INFO -   [Mejora Loss] 1.6750 -> 1.6231. Reseteando paciencia.
2025-12-18 01:39:14,306 - INFO - Val Loss: 1.6231 Acc: 0.4780
2025-12-18 01:39:14,744 - INFO -   [Nuevo Récord Acc] Guardado en: models/sbtaylor_kan_tiny_imagenet\run_20251218_005359\best_model.pth
2025-12-18 01:39:14,745 - INFO - --- Época 11/150 ---
2025-12-18 01:39:49,875 - INFO - Train Loss: 1.6688 Acc: 0.4145
2025-12-18 01:39:51,928 - INFO -   [LR] Tasa de aprendizaje actual: 0.000068
2025-12-18 01:39:51,929 - INFO -   [Mejora Loss] 1.6231 -> 1.6156. Reseteando paciencia.
2025-12-18 01:39:51,930 - INFO - Val Loss: 1.6156 Acc: 0.4740
2025-12-18 01:39:51,931 - INFO - --- Época 12/150 ---
2025-12-18 01:40:26,824 - INFO - Train Loss: 1.6276 Acc: 0.4283
2025-12-18 01:40:28,877 - INFO -   [LR] Tasa de aprendizaje actual: 0.000068
2025-12-18 01:40:28,878 - INFO -   [Mejora Loss] 1.6156 -> 1.5965. Reseteando paciencia.
2025-12-18 01:40:28,879 - INFO - Val Loss: 1.5965 Acc: 0.4760
2025-12-18 01:40:28,881 - INFO - --- Época 13/150 ---
2025-12-18 01:41:03,748 - INFO - Train Loss: 1.6094 Acc: 0.4445
2025-12-18 01:41:05,755 - INFO -   [LR] Tasa de aprendizaje actual: 0.000068
2025-12-18 01:41:05,756 - INFO -   [Mejora Loss] 1.5965 -> 1.5639. Reseteando paciencia.
2025-12-18 01:41:05,758 - INFO - Val Loss: 1.5639 Acc: 0.4820
2025-12-18 01:41:06,237 - INFO -   [Nuevo Récord Acc] Guardado en: models/sbtaylor_kan_tiny_imagenet\run_20251218_005359\best_model.pth
2025-12-18 01:41:06,239 - INFO - --- Época 14/150 ---
2025-12-18 01:41:41,076 - INFO - Train Loss: 1.5882 Acc: 0.4425
2025-12-18 01:41:43,093 - INFO -   [LR] Tasa de aprendizaje actual: 0.000068
2025-12-18 01:41:43,094 - INFO -   [Mejora Loss] 1.5639 -> 1.5346. Reseteando paciencia.
2025-12-18 01:41:43,095 - INFO - Val Loss: 1.5346 Acc: 0.4890
2025-12-18 01:41:43,577 - INFO -   [Nuevo Récord Acc] Guardado en: models/sbtaylor_kan_tiny_imagenet\run_20251218_005359\best_model.pth
2025-12-18 01:41:43,578 - INFO - --- Época 15/150 ---
2025-12-18 01:42:19,025 - INFO - Train Loss: 1.5528 Acc: 0.4635
2025-12-18 01:42:21,103 - INFO -   [LR] Tasa de aprendizaje actual: 0.000068
2025-12-18 01:42:21,104 - INFO -   [Sin mejora Loss] Paciencia: 1/6
2025-12-18 01:42:21,105 - INFO - Val Loss: 1.5668 Acc: 0.4600
2025-12-18 01:42:21,106 - INFO - --- Época 16/150 ---
2025-12-18 01:42:56,565 - INFO - Train Loss: 1.5414 Acc: 0.4642
2025-12-18 01:42:58,614 - INFO -   [LR] Tasa de aprendizaje actual: 0.000068
2025-12-18 01:42:58,615 - INFO -   [Mejora Loss] 1.5346 -> 1.4873. Reseteando paciencia.
2025-12-18 01:42:58,617 - INFO - Val Loss: 1.4873 Acc: 0.5060
2025-12-18 01:42:59,059 - INFO -   [Nuevo Récord Acc] Guardado en: models/sbtaylor_kan_tiny_imagenet\run_20251218_005359\best_model.pth
2025-12-18 01:42:59,060 - INFO - --- Época 17/150 ---
2025-12-18 01:43:34,891 - INFO - Train Loss: 1.5064 Acc: 0.4783
2025-12-18 01:43:36,945 - INFO -   [LR] Tasa de aprendizaje actual: 0.000068
2025-12-18 01:43:36,945 - INFO -   [Mejora Loss] 1.4873 -> 1.4869. Reseteando paciencia.
2025-12-18 01:43:36,947 - INFO - Val Loss: 1.4869 Acc: 0.5080
2025-12-18 01:43:37,394 - INFO -   [Nuevo Récord Acc] Guardado en: models/sbtaylor_kan_tiny_imagenet\run_20251218_005359\best_model.pth
2025-12-18 01:43:37,395 - INFO - --- Época 18/150 ---
2025-12-18 01:44:13,158 - INFO - Train Loss: 1.5111 Acc: 0.4788
2025-12-18 01:44:15,243 - INFO -   [LR] Tasa de aprendizaje actual: 0.000068
2025-12-18 01:44:15,244 - INFO -   [Mejora Loss] 1.4869 -> 1.4376. Reseteando paciencia.
2025-12-18 01:44:15,245 - INFO - Val Loss: 1.4376 Acc: 0.5040
2025-12-18 01:44:15,246 - INFO - --- Época 19/150 ---
2025-12-18 01:44:50,877 - INFO - Train Loss: 1.4639 Acc: 0.4900
2025-12-18 01:44:52,986 - INFO -   [LR] Tasa de aprendizaje actual: 0.000068
2025-12-18 01:44:52,987 - INFO -   [Sin mejora Loss] Paciencia: 1/6
2025-12-18 01:44:52,988 - INFO - Val Loss: 1.5403 Acc: 0.4720
2025-12-18 01:44:52,989 - INFO - --- Época 20/150 ---
2025-12-18 01:45:28,877 - INFO - Train Loss: 1.4566 Acc: 0.4930
2025-12-18 01:45:30,968 - INFO -   [LR] Tasa de aprendizaje actual: 0.000068
2025-12-18 01:45:30,969 - INFO -   [Mejora Loss] 1.4376 -> 1.4137. Reseteando paciencia.
2025-12-18 01:45:30,971 - INFO - Val Loss: 1.4137 Acc: 0.5230
2025-12-18 01:45:31,418 - INFO -   [Nuevo Récord Acc] Guardado en: models/sbtaylor_kan_tiny_imagenet\run_20251218_005359\best_model.pth
2025-12-18 01:45:31,419 - INFO - --- Época 21/150 ---
2025-12-18 01:46:07,286 - INFO - Train Loss: 1.4326 Acc: 0.5080
2025-12-18 01:46:09,389 - INFO -   [LR] Tasa de aprendizaje actual: 0.000068
2025-12-18 01:46:09,390 - INFO -   [Sin mejora Loss] Paciencia: 1/6
2025-12-18 01:46:09,391 - INFO - Val Loss: 1.4163 Acc: 0.5240
2025-12-18 01:46:09,833 - INFO -   [Nuevo Récord Acc] Guardado en: models/sbtaylor_kan_tiny_imagenet\run_20251218_005359\best_model.pth
2025-12-18 01:46:09,835 - INFO - --- Época 22/150 ---
2025-12-18 01:46:45,712 - INFO - Train Loss: 1.4223 Acc: 0.5010
2025-12-18 01:46:47,786 - INFO -   [LR] Tasa de aprendizaje actual: 0.000068
2025-12-18 01:46:47,787 - INFO -   [Sin mejora Loss] Paciencia: 2/6
2025-12-18 01:46:47,789 - INFO - Val Loss: 1.4366 Acc: 0.5180
2025-12-18 01:46:47,790 - INFO - --- Época 23/150 ---
2025-12-18 01:47:23,419 - INFO - Train Loss: 1.4057 Acc: 0.5172
2025-12-18 01:47:25,455 - INFO -   [LR] Tasa de aprendizaje actual: 0.000068
2025-12-18 01:47:25,457 - INFO -   [Mejora Loss] 1.4137 -> 1.3805. Reseteando paciencia.
2025-12-18 01:47:25,458 - INFO - Val Loss: 1.3805 Acc: 0.5460
2025-12-18 01:47:25,931 - INFO -   [Nuevo Récord Acc] Guardado en: models/sbtaylor_kan_tiny_imagenet\run_20251218_005359\best_model.pth
2025-12-18 01:47:25,933 - INFO - --- Época 24/150 ---
2025-12-18 01:48:00,965 - INFO - Train Loss: 1.3961 Acc: 0.5228
2025-12-18 01:48:02,981 - INFO -   [LR] Tasa de aprendizaje actual: 0.000068
2025-12-18 01:48:02,982 - INFO -   [Sin mejora Loss] Paciencia: 1/6
2025-12-18 01:48:02,983 - INFO - Val Loss: 1.4323 Acc: 0.5050
2025-12-18 01:48:02,984 - INFO - --- Época 25/150 ---
2025-12-18 01:48:38,054 - INFO - Train Loss: 1.3844 Acc: 0.5212
2025-12-18 01:48:40,085 - INFO -   [LR] Tasa de aprendizaje actual: 0.000068
2025-12-18 01:48:40,086 - INFO -   [Sin mejora Loss] Paciencia: 2/6
2025-12-18 01:48:40,087 - INFO - Val Loss: 1.3841 Acc: 0.5410
2025-12-18 01:48:40,089 - INFO - --- Época 26/150 ---
2025-12-18 01:49:15,566 - INFO - Train Loss: 1.3715 Acc: 0.5222
2025-12-18 01:49:17,689 - INFO -   [LR] Tasa de aprendizaje actual: 0.000068
2025-12-18 01:49:17,690 - INFO -   [Mejora Loss] 1.3805 -> 1.3638. Reseteando paciencia.
2025-12-18 01:49:17,691 - INFO - Val Loss: 1.3638 Acc: 0.5340
2025-12-18 01:49:17,692 - INFO - --- Época 27/150 ---
2025-12-18 01:49:53,657 - INFO - Train Loss: 1.3531 Acc: 0.5325
2025-12-18 01:49:55,730 - INFO -   [LR] Tasa de aprendizaje actual: 0.000068
2025-12-18 01:49:55,731 - INFO -   [Sin mejora Loss] Paciencia: 1/6
2025-12-18 01:49:55,732 - INFO - Val Loss: 1.4128 Acc: 0.5070
2025-12-18 01:49:55,734 - INFO - --- Época 28/150 ---
2025-12-18 01:50:31,420 - INFO - Train Loss: 1.3674 Acc: 0.5252
2025-12-18 01:50:33,508 - INFO -   [LR] Tasa de aprendizaje actual: 0.000068
2025-12-18 01:50:33,509 - INFO -   [Sin mejora Loss] Paciencia: 2/6
2025-12-18 01:50:33,511 - INFO - Val Loss: 1.3864 Acc: 0.5230
2025-12-18 01:50:33,512 - INFO - --- Época 29/150 ---
2025-12-18 01:51:09,558 - INFO - Train Loss: 1.3319 Acc: 0.5360
2025-12-18 01:51:11,664 - INFO -   [LR] Tasa de aprendizaje actual: 0.000068
2025-12-18 01:51:11,665 - INFO -   [Mejora Loss] 1.3638 -> 1.3607. Reseteando paciencia.
2025-12-18 01:51:11,666 - INFO - Val Loss: 1.3607 Acc: 0.5450
2025-12-18 01:51:11,667 - INFO - --- Época 30/150 ---
2025-12-18 01:51:47,530 - INFO - Train Loss: 1.3204 Acc: 0.5470
2025-12-18 01:51:49,637 - INFO -   [LR] Tasa de aprendizaje actual: 0.000068
2025-12-18 01:51:49,638 - INFO -   [Mejora Loss] 1.3607 -> 1.3513. Reseteando paciencia.
2025-12-18 01:51:49,639 - INFO - Val Loss: 1.3513 Acc: 0.5450
2025-12-18 01:51:49,640 - INFO - --- Época 31/150 ---
2025-12-18 01:52:25,553 - INFO - Train Loss: 1.3008 Acc: 0.5577
2025-12-18 01:52:27,660 - INFO -   [LR] Tasa de aprendizaje actual: 0.000068
2025-12-18 01:52:27,661 - INFO -   [Mejora Loss] 1.3513 -> 1.3408. Reseteando paciencia.
2025-12-18 01:52:27,662 - INFO - Val Loss: 1.3408 Acc: 0.5450
2025-12-18 01:52:27,664 - INFO - --- Época 32/150 ---
2025-12-18 01:53:03,209 - INFO - Train Loss: 1.2932 Acc: 0.5577
2025-12-18 01:53:05,255 - INFO -   [LR] Tasa de aprendizaje actual: 0.000068
2025-12-18 01:53:05,256 - INFO -   [Sin mejora Loss] Paciencia: 1/6
2025-12-18 01:53:05,257 - INFO - Val Loss: 1.3806 Acc: 0.5210
2025-12-18 01:53:05,258 - INFO - --- Época 33/150 ---
2025-12-18 01:53:40,433 - INFO - Train Loss: 1.2919 Acc: 0.5525
2025-12-18 01:53:42,485 - INFO -   [LR] Tasa de aprendizaje actual: 0.000068
2025-12-18 01:53:42,486 - INFO -   [Mejora Loss] 1.3408 -> 1.3109. Reseteando paciencia.
2025-12-18 01:53:42,487 - INFO - Val Loss: 1.3109 Acc: 0.5610
2025-12-18 01:53:42,955 - INFO -   [Nuevo Récord Acc] Guardado en: models/sbtaylor_kan_tiny_imagenet\run_20251218_005359\best_model.pth
2025-12-18 01:53:42,956 - INFO - --- Época 34/150 ---
2025-12-18 01:54:17,842 - INFO - Train Loss: 1.2786 Acc: 0.5610
2025-12-18 01:54:19,883 - INFO -   [LR] Tasa de aprendizaje actual: 0.000068
2025-12-18 01:54:19,885 - INFO -   [Mejora Loss] 1.3109 -> 1.2994. Reseteando paciencia.
2025-12-18 01:54:19,886 - INFO - Val Loss: 1.2994 Acc: 0.5600
2025-12-18 01:54:19,887 - INFO - --- Época 35/150 ---
2025-12-18 01:54:54,993 - INFO - Train Loss: 1.2461 Acc: 0.5730
2025-12-18 01:54:57,019 - INFO -   [LR] Tasa de aprendizaje actual: 0.000068
2025-12-18 01:54:57,021 - INFO -   [Sin mejora Loss] Paciencia: 1/6
2025-12-18 01:54:57,023 - INFO - Val Loss: 1.3002 Acc: 0.5520
2025-12-18 01:54:57,024 - INFO - --- Época 36/150 ---
2025-12-18 01:55:32,034 - INFO - Train Loss: 1.2574 Acc: 0.5647
2025-12-18 01:55:34,081 - INFO -   [LR] Tasa de aprendizaje actual: 0.000068
2025-12-18 01:55:34,082 - INFO -   [Mejora Loss] 1.2994 -> 1.2899. Reseteando paciencia.
2025-12-18 01:55:34,084 - INFO - Val Loss: 1.2899 Acc: 0.5610
2025-12-18 01:55:34,085 - INFO - --- Época 37/150 ---
2025-12-18 01:56:09,665 - INFO - Train Loss: 1.2488 Acc: 0.5773
2025-12-18 01:56:11,736 - INFO -   [LR] Tasa de aprendizaje actual: 0.000068
2025-12-18 01:56:11,737 - INFO -   [Sin mejora Loss] Paciencia: 1/6
2025-12-18 01:56:11,739 - INFO - Val Loss: 1.3019 Acc: 0.5590
2025-12-18 01:56:11,740 - INFO - --- Época 38/150 ---
2025-12-18 01:56:47,296 - INFO - Train Loss: 1.2306 Acc: 0.5790
2025-12-18 01:56:49,393 - INFO -   [LR] Tasa de aprendizaje actual: 0.000068
2025-12-18 01:56:49,394 - INFO -   [Mejora Loss] 1.2899 -> 1.2876. Reseteando paciencia.
2025-12-18 01:56:49,396 - INFO - Val Loss: 1.2876 Acc: 0.5600
2025-12-18 01:56:49,397 - INFO - --- Época 39/150 ---
2025-12-18 01:57:24,948 - INFO - Train Loss: 1.2187 Acc: 0.5830
2025-12-18 01:57:27,050 - INFO -   [LR] Tasa de aprendizaje actual: 0.000068
2025-12-18 01:57:27,051 - INFO -   [Sin mejora Loss] Paciencia: 1/6
2025-12-18 01:57:27,052 - INFO - Val Loss: 1.3051 Acc: 0.5460
2025-12-18 01:57:27,054 - INFO - --- Época 40/150 ---
2025-12-18 01:58:02,799 - INFO - Train Loss: 1.1924 Acc: 0.5885
2025-12-18 01:58:04,901 - INFO -   [LR] Tasa de aprendizaje actual: 0.000068
2025-12-18 01:58:04,902 - INFO -   [Mejora Loss] 1.2876 -> 1.2674. Reseteando paciencia.
2025-12-18 01:58:04,903 - INFO - Val Loss: 1.2674 Acc: 0.5560
2025-12-18 01:58:04,905 - INFO - --- Época 41/150 ---
2025-12-18 01:58:40,630 - INFO - Train Loss: 1.1862 Acc: 0.6013
2025-12-18 01:58:42,706 - INFO -   [LR] Tasa de aprendizaje actual: 0.000068
2025-12-18 01:58:42,707 - INFO -   [Mejora Loss] 1.2674 -> 1.2668. Reseteando paciencia.
2025-12-18 01:58:42,708 - INFO - Val Loss: 1.2668 Acc: 0.5640
2025-12-18 01:58:43,173 - INFO -   [Nuevo Récord Acc] Guardado en: models/sbtaylor_kan_tiny_imagenet\run_20251218_005359\best_model.pth
2025-12-18 01:58:43,175 - INFO - --- Época 42/150 ---
2025-12-18 01:59:19,284 - INFO - Train Loss: 1.1981 Acc: 0.5820
2025-12-18 01:59:21,386 - INFO -   [LR] Tasa de aprendizaje actual: 0.000068
2025-12-18 01:59:21,387 - INFO -   [Mejora Loss] 1.2668 -> 1.2525. Reseteando paciencia.
2025-12-18 01:59:21,389 - INFO - Val Loss: 1.2525 Acc: 0.5590
2025-12-18 01:59:21,391 - INFO - --- Época 43/150 ---
2025-12-18 01:59:57,448 - INFO - Train Loss: 1.1930 Acc: 0.5895
2025-12-18 01:59:59,554 - INFO -   [LR] Tasa de aprendizaje actual: 0.000068
2025-12-18 01:59:59,556 - INFO -   [Sin mejora Loss] Paciencia: 1/6
2025-12-18 01:59:59,557 - INFO - Val Loss: 1.2633 Acc: 0.5680
2025-12-18 02:00:00,016 - INFO -   [Nuevo Récord Acc] Guardado en: models/sbtaylor_kan_tiny_imagenet\run_20251218_005359\best_model.pth
2025-12-18 02:00:00,017 - INFO - --- Época 44/150 ---
2025-12-18 02:00:36,020 - INFO - Train Loss: 1.1742 Acc: 0.6013
2025-12-18 02:00:38,158 - INFO -   [LR] Tasa de aprendizaje actual: 0.000068
2025-12-18 02:00:38,159 - INFO -   [Mejora Loss] 1.2525 -> 1.2476. Reseteando paciencia.
2025-12-18 02:00:38,161 - INFO - Val Loss: 1.2476 Acc: 0.5720
2025-12-18 02:00:38,622 - INFO -   [Nuevo Récord Acc] Guardado en: models/sbtaylor_kan_tiny_imagenet\run_20251218_005359\best_model.pth
2025-12-18 02:00:38,625 - INFO - --- Época 45/150 ---
2025-12-18 02:01:14,335 - INFO - Train Loss: 1.1750 Acc: 0.5955
2025-12-18 02:01:16,349 - INFO -   [LR] Tasa de aprendizaje actual: 0.000068
2025-12-18 02:01:16,350 - INFO -   [Sin mejora Loss] Paciencia: 1/6
2025-12-18 02:01:16,351 - INFO - Val Loss: 1.3001 Acc: 0.5480
2025-12-18 02:01:16,352 - INFO - --- Época 46/150 ---
2025-12-18 02:01:51,404 - INFO - Train Loss: 1.1658 Acc: 0.6010
2025-12-18 02:01:53,456 - INFO -   [LR] Tasa de aprendizaje actual: 0.000068
2025-12-18 02:01:53,457 - INFO -   [Mejora Loss] 1.2476 -> 1.2324. Reseteando paciencia.
2025-12-18 02:01:53,459 - INFO - Val Loss: 1.2324 Acc: 0.5780
2025-12-18 02:01:53,909 - INFO -   [Nuevo Récord Acc] Guardado en: models/sbtaylor_kan_tiny_imagenet\run_20251218_005359\best_model.pth
2025-12-18 02:01:53,910 - INFO - --- Época 47/150 ---
2025-12-18 02:02:28,920 - INFO - Train Loss: 1.1384 Acc: 0.6088
2025-12-18 02:02:30,931 - INFO -   [LR] Tasa de aprendizaje actual: 0.000068
2025-12-18 02:02:30,932 - INFO -   [Mejora Loss] 1.2324 -> 1.2316. Reseteando paciencia.
2025-12-18 02:02:30,933 - INFO - Val Loss: 1.2316 Acc: 0.5730
2025-12-18 02:02:30,934 - INFO - --- Época 48/150 ---
2025-12-18 02:03:06,381 - INFO - Train Loss: 1.1470 Acc: 0.6142
2025-12-18 02:03:08,496 - INFO -   [LR] Tasa de aprendizaje actual: 0.000068
2025-12-18 02:03:08,497 - INFO -   [Mejora Loss] 1.2316 -> 1.2230. Reseteando paciencia.
2025-12-18 02:03:08,499 - INFO - Val Loss: 1.2230 Acc: 0.5780
2025-12-18 02:03:08,500 - INFO - --- Época 49/150 ---
2025-12-18 02:03:44,247 - INFO - Train Loss: 1.1209 Acc: 0.6140
2025-12-18 02:03:46,354 - INFO -   [LR] Tasa de aprendizaje actual: 0.000068
2025-12-18 02:03:46,354 - INFO -   [Sin mejora Loss] Paciencia: 1/6
2025-12-18 02:03:46,355 - INFO - Val Loss: 1.2348 Acc: 0.5780
2025-12-18 02:03:46,357 - INFO - --- Época 50/150 ---
2025-12-18 02:04:22,047 - INFO - Train Loss: 1.1178 Acc: 0.6215
2025-12-18 02:04:24,131 - INFO -   [LR] Tasa de aprendizaje actual: 0.000068
2025-12-18 02:04:24,132 - INFO -   [Mejora Loss] 1.2230 -> 1.2133. Reseteando paciencia.
2025-12-18 02:04:24,133 - INFO - Val Loss: 1.2133 Acc: 0.5800
2025-12-18 02:04:24,599 - INFO -   [Nuevo Récord Acc] Guardado en: models/sbtaylor_kan_tiny_imagenet\run_20251218_005359\best_model.pth
2025-12-18 02:04:24,601 - INFO - --- Época 51/150 ---
2025-12-18 02:05:00,471 - INFO - Train Loss: 1.1067 Acc: 0.6190
2025-12-18 02:05:02,563 - INFO -   [LR] Tasa de aprendizaje actual: 0.000068
2025-12-18 02:05:02,564 - INFO -   [Sin mejora Loss] Paciencia: 1/6
2025-12-18 02:05:02,565 - INFO - Val Loss: 1.2446 Acc: 0.5690
2025-12-18 02:05:02,566 - INFO - --- Época 52/150 ---
2025-12-18 02:05:38,403 - INFO - Train Loss: 1.0967 Acc: 0.6292
2025-12-18 02:05:40,525 - INFO -   [LR] Tasa de aprendizaje actual: 0.000068
2025-12-18 02:05:40,526 - INFO -   [Sin mejora Loss] Paciencia: 2/6
2025-12-18 02:05:40,528 - INFO - Val Loss: 1.2288 Acc: 0.5780
2025-12-18 02:05:40,529 - INFO - --- Época 53/150 ---
2025-12-18 02:06:16,394 - INFO - Train Loss: 1.0926 Acc: 0.6310
2025-12-18 02:06:18,462 - INFO -   [LR] Tasa de aprendizaje actual: 0.000068
2025-12-18 02:06:18,462 - INFO -   [Sin mejora Loss] Paciencia: 3/6
2025-12-18 02:06:18,464 - INFO - Val Loss: 1.2322 Acc: 0.5900
2025-12-18 02:06:18,920 - INFO -   [Nuevo Récord Acc] Guardado en: models/sbtaylor_kan_tiny_imagenet\run_20251218_005359\best_model.pth
2025-12-18 02:06:18,921 - INFO - --- Época 54/150 ---
2025-12-18 02:06:54,560 - INFO - Train Loss: 1.0810 Acc: 0.6342
2025-12-18 02:06:56,626 - INFO -   [LR] Tasa de aprendizaje actual: 0.000068
2025-12-18 02:06:56,627 - INFO -   [Mejora Loss] 1.2133 -> 1.2003. Reseteando paciencia.
2025-12-18 02:06:56,628 - INFO - Val Loss: 1.2003 Acc: 0.5960
2025-12-18 02:06:57,055 - INFO -   [Nuevo Récord Acc] Guardado en: models/sbtaylor_kan_tiny_imagenet\run_20251218_005359\best_model.pth
2025-12-18 02:06:57,056 - INFO - --- Época 55/150 ---
2025-12-18 02:07:32,203 - INFO - Train Loss: 1.0717 Acc: 0.6392
2025-12-18 02:07:34,302 - INFO -   [LR] Tasa de aprendizaje actual: 0.000068
2025-12-18 02:07:34,303 - INFO -   [Mejora Loss] 1.2003 -> 1.1927. Reseteando paciencia.
2025-12-18 02:07:34,304 - INFO - Val Loss: 1.1927 Acc: 0.5930
2025-12-18 02:07:34,305 - INFO - --- Época 56/150 ---
2025-12-18 02:08:09,420 - INFO - Train Loss: 1.0955 Acc: 0.6260
2025-12-18 02:08:11,479 - INFO -   [LR] Tasa de aprendizaje actual: 0.000068
2025-12-18 02:08:11,480 - INFO -   [Sin mejora Loss] Paciencia: 1/6
2025-12-18 02:08:11,481 - INFO - Val Loss: 1.2031 Acc: 0.5860
2025-12-18 02:08:11,483 - INFO - --- Época 57/150 ---
2025-12-18 02:08:46,295 - INFO - Train Loss: 1.0534 Acc: 0.6350
2025-12-18 02:08:48,360 - INFO -   [LR] Tasa de aprendizaje actual: 0.000068
2025-12-18 02:08:48,361 - INFO -   [Sin mejora Loss] Paciencia: 2/6
2025-12-18 02:08:48,363 - INFO - Val Loss: 1.2322 Acc: 0.5690
2025-12-18 02:08:48,365 - INFO - --- Época 58/150 ---
2025-12-18 02:09:23,136 - INFO - Train Loss: 1.0636 Acc: 0.6362
2025-12-18 02:09:25,181 - INFO -   [LR] Tasa de aprendizaje actual: 0.000068
2025-12-18 02:09:25,182 - INFO -   [Sin mejora Loss] Paciencia: 3/6
2025-12-18 02:09:25,183 - INFO - Val Loss: 1.1949 Acc: 0.5940
2025-12-18 02:09:25,185 - INFO - --- Época 59/150 ---
2025-12-18 02:10:01,104 - INFO - Train Loss: 1.0367 Acc: 0.6485
2025-12-18 02:10:03,278 - INFO -   [LR] Tasa de aprendizaje actual: 0.000068
2025-12-18 02:10:03,279 - INFO -   [Mejora Loss] 1.1927 -> 1.1809. Reseteando paciencia.
2025-12-18 02:10:03,280 - INFO - Val Loss: 1.1809 Acc: 0.5970
2025-12-18 02:10:03,724 - INFO -   [Nuevo Récord Acc] Guardado en: models/sbtaylor_kan_tiny_imagenet\run_20251218_005359\best_model.pth
2025-12-18 02:10:03,726 - INFO - --- Época 60/150 ---
2025-12-18 02:10:39,385 - INFO - Train Loss: 1.0350 Acc: 0.6435
2025-12-18 02:10:41,447 - INFO -   [LR] Tasa de aprendizaje actual: 0.000068
2025-12-18 02:10:41,448 - INFO -   [Sin mejora Loss] Paciencia: 1/6
2025-12-18 02:10:41,449 - INFO - Val Loss: 1.1987 Acc: 0.5850
2025-12-18 02:10:41,451 - INFO - --- Época 61/150 ---
2025-12-18 02:11:17,037 - INFO - Train Loss: 1.0338 Acc: 0.6495
2025-12-18 02:11:19,164 - INFO -   [LR] Tasa de aprendizaje actual: 0.000068
2025-12-18 02:11:19,165 - INFO -   [Sin mejora Loss] Paciencia: 2/6
2025-12-18 02:11:19,167 - INFO - Val Loss: 1.2004 Acc: 0.5830
2025-12-18 02:11:19,168 - INFO - --- Época 62/150 ---
2025-12-18 02:11:54,763 - INFO - Train Loss: 1.0105 Acc: 0.6528
2025-12-18 02:11:56,851 - INFO -   [LR] Tasa de aprendizaje actual: 0.000068
2025-12-18 02:11:56,852 - INFO -   [Sin mejora Loss] Paciencia: 3/6
2025-12-18 02:11:56,854 - INFO - Val Loss: 1.2203 Acc: 0.5850
2025-12-18 02:11:56,855 - INFO - --- Época 63/150 ---
2025-12-18 02:12:32,477 - INFO - Train Loss: 1.0116 Acc: 0.6568
2025-12-18 02:12:34,604 - INFO -   [LR] Tasa de aprendizaje actual: 0.000034
2025-12-18 02:12:34,605 - INFO -   [Sin mejora Loss] Paciencia: 4/6
2025-12-18 02:12:34,606 - INFO - Val Loss: 1.2011 Acc: 0.5930
2025-12-18 02:12:34,608 - INFO - --- Época 64/150 ---
2025-12-18 02:13:10,941 - INFO - Train Loss: 0.9997 Acc: 0.6550
2025-12-18 02:13:13,064 - INFO -   [LR] Tasa de aprendizaje actual: 0.000034
2025-12-18 02:13:13,065 - INFO -   [Mejora Loss] 1.1809 -> 1.1546. Reseteando paciencia.
2025-12-18 02:13:13,066 - INFO - Val Loss: 1.1546 Acc: 0.6070
2025-12-18 02:13:13,531 - INFO -   [Nuevo Récord Acc] Guardado en: models/sbtaylor_kan_tiny_imagenet\run_20251218_005359\best_model.pth
2025-12-18 02:13:13,532 - INFO - --- Época 65/150 ---
2025-12-18 02:13:49,328 - INFO - Train Loss: 0.9539 Acc: 0.6747
2025-12-18 02:13:51,443 - INFO -   [LR] Tasa de aprendizaje actual: 0.000034
2025-12-18 02:13:51,444 - INFO -   [Sin mejora Loss] Paciencia: 1/6
2025-12-18 02:13:51,445 - INFO - Val Loss: 1.1548 Acc: 0.6020
2025-12-18 02:13:51,446 - INFO - --- Época 66/150 ---
2025-12-18 02:14:27,319 - INFO - Train Loss: 0.9545 Acc: 0.6670
2025-12-18 02:14:29,460 - INFO -   [LR] Tasa de aprendizaje actual: 0.000034
2025-12-18 02:14:29,461 - INFO -   [Sin mejora Loss] Paciencia: 2/6
2025-12-18 02:14:29,462 - INFO - Val Loss: 1.1793 Acc: 0.5950
2025-12-18 02:14:29,463 - INFO - --- Época 67/150 ---
2025-12-18 02:15:05,173 - INFO - Train Loss: 0.9448 Acc: 0.6710
2025-12-18 02:15:07,204 - INFO -   [LR] Tasa de aprendizaje actual: 0.000034
2025-12-18 02:15:07,205 - INFO -   [Sin mejora Loss] Paciencia: 3/6
2025-12-18 02:15:07,207 - INFO - Val Loss: 1.1557 Acc: 0.5940
2025-12-18 02:15:07,209 - INFO - --- Época 68/150 ---
2025-12-18 02:15:42,241 - INFO - Train Loss: 0.9610 Acc: 0.6810
2025-12-18 02:15:44,275 - INFO -   [LR] Tasa de aprendizaje actual: 0.000034
2025-12-18 02:15:44,276 - INFO -   [Mejora Loss] 1.1546 -> 1.1466. Reseteando paciencia.
2025-12-18 02:15:44,278 - INFO - Val Loss: 1.1466 Acc: 0.6080
2025-12-18 02:15:44,723 - INFO -   [Nuevo Récord Acc] Guardado en: models/sbtaylor_kan_tiny_imagenet\run_20251218_005359\best_model.pth
2025-12-18 02:15:44,725 - INFO - --- Época 69/150 ---
2025-12-18 02:16:19,851 - INFO - Train Loss: 0.9462 Acc: 0.6795
2025-12-18 02:16:21,938 - INFO -   [LR] Tasa de aprendizaje actual: 0.000034
2025-12-18 02:16:21,939 - INFO -   [Mejora Loss] 1.1466 -> 1.1393. Reseteando paciencia.
2025-12-18 02:16:21,940 - INFO - Val Loss: 1.1393 Acc: 0.6100
2025-12-18 02:16:22,378 - INFO -   [Nuevo Récord Acc] Guardado en: models/sbtaylor_kan_tiny_imagenet\run_20251218_005359\best_model.pth
2025-12-18 02:16:22,379 - INFO - --- Época 70/150 ---
2025-12-18 02:16:57,600 - INFO - Train Loss: 0.9348 Acc: 0.6813
2025-12-18 02:16:59,656 - INFO -   [LR] Tasa de aprendizaje actual: 0.000034
2025-12-18 02:16:59,657 - INFO -   [Sin mejora Loss] Paciencia: 1/6
2025-12-18 02:16:59,658 - INFO - Val Loss: 1.1453 Acc: 0.6040
2025-12-18 02:16:59,660 - INFO - --- Época 71/150 ---
2025-12-18 02:17:35,589 - INFO - Train Loss: 0.9231 Acc: 0.6873
2025-12-18 02:17:37,682 - INFO -   [LR] Tasa de aprendizaje actual: 0.000034
2025-12-18 02:17:37,683 - INFO -   [Sin mejora Loss] Paciencia: 2/6
2025-12-18 02:17:37,685 - INFO - Val Loss: 1.1700 Acc: 0.6000
2025-12-18 02:17:37,686 - INFO - --- Época 72/150 ---
2025-12-18 02:18:13,527 - INFO - Train Loss: 0.9368 Acc: 0.6783
2025-12-18 02:18:15,628 - INFO -   [LR] Tasa de aprendizaje actual: 0.000034
2025-12-18 02:18:15,629 - INFO -   [Sin mejora Loss] Paciencia: 3/6
2025-12-18 02:18:15,631 - INFO - Val Loss: 1.1611 Acc: 0.6010
2025-12-18 02:18:15,632 - INFO - --- Época 73/150 ---
2025-12-18 02:18:51,521 - INFO - Train Loss: 0.9275 Acc: 0.6957
2025-12-18 02:18:53,593 - INFO -   [LR] Tasa de aprendizaje actual: 0.000017
2025-12-18 02:18:53,594 - INFO -   [Sin mejora Loss] Paciencia: 4/6
2025-12-18 02:18:53,596 - INFO - Val Loss: 1.1529 Acc: 0.6020
2025-12-18 02:18:53,597 - INFO - --- Época 74/150 ---
2025-12-18 02:19:29,550 - INFO - Train Loss: 0.8972 Acc: 0.6923
2025-12-18 02:19:31,693 - INFO -   [LR] Tasa de aprendizaje actual: 0.000017
2025-12-18 02:19:31,694 - INFO -   [Sin mejora Loss] Paciencia: 5/6
2025-12-18 02:19:31,695 - INFO - Val Loss: 1.1528 Acc: 0.5970
2025-12-18 02:19:31,697 - INFO - --- Época 75/150 ---
2025-12-18 02:20:07,654 - INFO - Train Loss: 0.8919 Acc: 0.6975
2025-12-18 02:20:09,729 - INFO -   [LR] Tasa de aprendizaje actual: 0.000017
2025-12-18 02:20:09,730 - INFO -   [Mejora Loss] 1.1393 -> 1.1391. Reseteando paciencia.
2025-12-18 02:20:09,732 - INFO - Val Loss: 1.1391 Acc: 0.6110
2025-12-18 02:20:10,191 - INFO -   [Nuevo Récord Acc] Guardado en: models/sbtaylor_kan_tiny_imagenet\run_20251218_005359\best_model.pth
2025-12-18 02:20:10,193 - INFO - --- Época 76/150 ---
2025-12-18 02:20:45,719 - INFO - Train Loss: 0.8945 Acc: 0.6963
2025-12-18 02:20:47,776 - INFO -   [LR] Tasa de aprendizaje actual: 0.000017
2025-12-18 02:20:47,777 - INFO -   [Sin mejora Loss] Paciencia: 1/6
2025-12-18 02:20:47,778 - INFO - Val Loss: 1.1562 Acc: 0.6040
2025-12-18 02:20:47,780 - INFO - --- Época 77/150 ---
2025-12-18 02:21:22,856 - INFO - Train Loss: 0.8957 Acc: 0.6977
2025-12-18 02:21:24,931 - INFO -   [LR] Tasa de aprendizaje actual: 0.000017
2025-12-18 02:21:24,931 - INFO -   [Mejora Loss] 1.1391 -> 1.1307. Reseteando paciencia.
2025-12-18 02:21:24,933 - INFO - Val Loss: 1.1307 Acc: 0.6110
2025-12-18 02:21:24,934 - INFO - --- Época 78/150 ---
2025-12-18 02:22:00,093 - INFO - Train Loss: 0.8839 Acc: 0.6977
2025-12-18 02:22:02,163 - INFO -   [LR] Tasa de aprendizaje actual: 0.000017
2025-12-18 02:22:02,164 - INFO -   [Sin mejora Loss] Paciencia: 1/6
2025-12-18 02:22:02,166 - INFO - Val Loss: 1.1378 Acc: 0.6080
2025-12-18 02:22:02,168 - INFO - --- Época 79/150 ---
2025-12-18 02:22:36,963 - INFO - Train Loss: 0.8775 Acc: 0.7100
2025-12-18 02:22:38,997 - INFO -   [LR] Tasa de aprendizaje actual: 0.000017
2025-12-18 02:22:38,999 - INFO -   [Sin mejora Loss] Paciencia: 2/6
2025-12-18 02:22:39,000 - INFO - Val Loss: 1.1430 Acc: 0.6130
2025-12-18 02:22:39,457 - INFO -   [Nuevo Récord Acc] Guardado en: models/sbtaylor_kan_tiny_imagenet\run_20251218_005359\best_model.pth
2025-12-18 02:22:39,459 - INFO - --- Época 80/150 ---
2025-12-18 02:23:13,875 - INFO - Train Loss: 0.8709 Acc: 0.7045
2025-12-18 02:23:15,808 - INFO -   [LR] Tasa de aprendizaje actual: 0.000017
2025-12-18 02:23:15,809 - INFO -   [Sin mejora Loss] Paciencia: 3/6
2025-12-18 02:23:15,810 - INFO - Val Loss: 1.1435 Acc: 0.5950
2025-12-18 02:23:15,811 - INFO - --- Época 81/150 ---
2025-12-18 02:23:49,635 - INFO - Train Loss: 0.8886 Acc: 0.6980
2025-12-18 02:23:51,601 - INFO -   [LR] Tasa de aprendizaje actual: 0.000009
2025-12-18 02:23:51,602 - INFO -   [Sin mejora Loss] Paciencia: 4/6
2025-12-18 02:23:51,604 - INFO - Val Loss: 1.1308 Acc: 0.6070
2025-12-18 02:23:51,604 - INFO - --- Época 82/150 ---
2025-12-18 02:24:25,631 - INFO - Train Loss: 0.8763 Acc: 0.7107
2025-12-18 02:24:27,595 - INFO -   [LR] Tasa de aprendizaje actual: 0.000009
2025-12-18 02:24:27,596 - INFO -   [Sin mejora Loss] Paciencia: 5/6
2025-12-18 02:24:27,597 - INFO - Val Loss: 1.1315 Acc: 0.6060
2025-12-18 02:24:27,598 - INFO - --- Época 83/150 ---
2025-12-18 02:25:01,606 - INFO - Train Loss: 0.8691 Acc: 0.7035
2025-12-18 02:25:03,620 - INFO -   [LR] Tasa de aprendizaje actual: 0.000009
2025-12-18 02:25:03,620 - INFO -   [Sin mejora Loss] Paciencia: 6/6
2025-12-18 02:25:03,621 - INFO - ¡EARLY STOPPING ACTIVADO!
2025-12-18 02:25:03,623 - INFO - Val Loss: 1.1341 Acc: 0.6090
2025-12-18 02:25:03,623 - INFO - Entrenamiento finalizado en 52m 11s
2025-12-18 02:25:03,625 - INFO - Mejor Val Acc lograda: 0.6130
2025-12-18 02:25:05,069 - INFO - Cargando el mejor modelo para la evaluación...
2025-12-18 02:25:05,943 - INFO - 
========================================
2025-12-18 02:25:05,944 - INFO - --- INICIANDO EVALUACIÓN EN TEST SET ---
2025-12-18 02:25:05,944 - INFO - ========================================
2025-12-18 02:25:08,116 - INFO - Calculando métricas estadísticas...
2025-12-18 02:25:08,124 - INFO - Generando matriz de confusión...
2025-12-18 02:25:08,562 - INFO - Gráfico guardado en: models/sbtaylor_kan_tiny_imagenet\run_20251218_005359\confusion_matrix.png
2025-12-18 02:25:08,563 - INFO - Escribiendo reporte final...
2025-12-18 02:25:08,571 - INFO - Reporte de texto guardado en: models/sbtaylor_kan_tiny_imagenet\run_20251218_005359\test_metrics_report.txt
2025-12-18 02:25:08,572 - INFO - --- EVALUACIÓN FINALIZADA ---
