2025-12-22 16:17:47,955 - INFO - Modelo SBTAYLOR_KAN.Net importado correctamente.
2025-12-22 16:17:47,958 - INFO - Los pesos del modelo se guardarán en: 'models/sbtaylor_kan_tiny_imagenet\run_20251222_161747\sbtaylor_kan.best_weights.pth'
2025-12-22 16:17:47,960 - INFO - El registro de entrenamiento se guardará en: 'models/sbtaylor_kan_tiny_imagenet\run_20251222_161747\training_run.log'
2025-12-22 16:17:47,981 - INFO - Versión de PyTorch: 2.9.0+cu126
2025-12-22 16:17:47,983 - INFO - ¿CUDA está disponible?: True
2025-12-22 16:17:47,986 - INFO - Versión de CUDA con la que PyTorch fue compilado: 12.6
2025-12-22 16:17:47,988 - INFO - Número de GPUs disponibles: 1
2025-12-22 16:17:47,994 - INFO - Nombre de la GPU actual: NVIDIA GeForce RTX 4090
2025-12-22 16:17:48,014 - INFO - --- Hyperparámetros de Entrenamiento ---
2025-12-22 16:17:48,016 - INFO - Batch Size: 64
2025-12-22 16:17:48,018 - INFO - Num Epochs: 250
2025-12-22 16:17:48,020 - INFO - Num Workers: 4
2025-12-22 16:18:32,770 - INFO - 
Usando dispositivo: cuda
2025-12-22 16:18:34,224 - INFO - Iniciando entrenamiento por 250 épocas...
2025-12-22 16:18:34,226 - INFO - Paciencia configurada: 50 épocas.
2025-12-22 16:18:34,227 - INFO - --- Época 1/250 ---
2025-12-22 16:19:46,605 - INFO - Train Loss: 2.3349 Acc: 0.1395
2025-12-22 16:19:47,957 - INFO -   [LR] Tasa de aprendizaje actual: 0.001000
2025-12-22 16:19:47,958 - INFO -   [Mejora Loss] inf -> 2.2006. Reseteando paciencia.
2025-12-22 16:19:47,960 - INFO - Val Loss: 2.2006 Acc: 0.2060
2025-12-22 16:19:48,504 - INFO -   [Nuevo Récord Acc] Guardado en: models/sbtaylor_kan_tiny_imagenet\run_20251222_161747\best_model.pth
2025-12-22 16:19:48,505 - INFO - --- Época 2/250 ---
2025-12-22 16:20:59,863 - INFO - Train Loss: 2.1869 Acc: 0.1827
2025-12-22 16:21:01,188 - INFO -   [LR] Tasa de aprendizaje actual: 0.001000
2025-12-22 16:21:01,189 - INFO -   [Mejora Loss] 2.2006 -> 2.0377. Reseteando paciencia.
2025-12-22 16:21:01,190 - INFO - Val Loss: 2.0377 Acc: 0.2300
2025-12-22 16:21:01,675 - INFO -   [Nuevo Récord Acc] Guardado en: models/sbtaylor_kan_tiny_imagenet\run_20251222_161747\best_model.pth
2025-12-22 16:21:01,677 - INFO - --- Época 3/250 ---
2025-12-22 16:22:13,423 - INFO - Train Loss: 2.1203 Acc: 0.2177
2025-12-22 16:22:14,901 - INFO -   [LR] Tasa de aprendizaje actual: 0.001000
2025-12-22 16:22:14,902 - INFO -   [Sin mejora Loss] Paciencia: 1/50
2025-12-22 16:22:14,904 - INFO - Val Loss: 2.0617 Acc: 0.3000
2025-12-22 16:22:15,504 - INFO -   [Nuevo Récord Acc] Guardado en: models/sbtaylor_kan_tiny_imagenet\run_20251222_161747\best_model.pth
2025-12-22 16:22:15,506 - INFO - --- Época 4/250 ---
2025-12-22 16:23:25,044 - INFO - Train Loss: 2.0743 Acc: 0.2427
2025-12-22 16:23:26,118 - INFO -   [LR] Tasa de aprendizaje actual: 0.001000
2025-12-22 16:23:26,119 - INFO -   [Mejora Loss] 2.0377 -> 1.9208. Reseteando paciencia.
2025-12-22 16:23:26,120 - INFO - Val Loss: 1.9208 Acc: 0.3500
2025-12-22 16:23:26,568 - INFO -   [Nuevo Récord Acc] Guardado en: models/sbtaylor_kan_tiny_imagenet\run_20251222_161747\best_model.pth
2025-12-22 16:23:26,570 - INFO - --- Época 5/250 ---
2025-12-22 16:24:16,654 - INFO - Train Loss: 2.0401 Acc: 0.2515
2025-12-22 16:24:17,699 - INFO -   [LR] Tasa de aprendizaje actual: 0.001000
2025-12-22 16:24:17,701 - INFO -   [Mejora Loss] 1.9208 -> 1.8622. Reseteando paciencia.
2025-12-22 16:24:17,702 - INFO - Val Loss: 1.8622 Acc: 0.3200
2025-12-22 16:24:17,703 - INFO - --- Época 6/250 ---
2025-12-22 16:25:08,007 - INFO - Train Loss: 2.0081 Acc: 0.2655
2025-12-22 16:25:09,054 - INFO -   [LR] Tasa de aprendizaje actual: 0.001000
2025-12-22 16:25:09,055 - INFO -   [Mejora Loss] 1.8622 -> 1.8585. Reseteando paciencia.
2025-12-22 16:25:09,058 - INFO - Val Loss: 1.8585 Acc: 0.3440
2025-12-22 16:25:09,060 - INFO - --- Época 7/250 ---
2025-12-22 16:25:58,689 - INFO - Train Loss: 1.9931 Acc: 0.2910
2025-12-22 16:25:59,694 - INFO -   [LR] Tasa de aprendizaje actual: 0.001000
2025-12-22 16:25:59,695 - INFO -   [Mejora Loss] 1.8585 -> 1.8327. Reseteando paciencia.
2025-12-22 16:25:59,696 - INFO - Val Loss: 1.8327 Acc: 0.3160
2025-12-22 16:25:59,698 - INFO - --- Época 8/250 ---
2025-12-22 16:26:49,539 - INFO - Train Loss: 1.9597 Acc: 0.3053
2025-12-22 16:26:50,532 - INFO -   [LR] Tasa de aprendizaje actual: 0.001000
2025-12-22 16:26:50,532 - INFO -   [Mejora Loss] 1.8327 -> 1.7531. Reseteando paciencia.
2025-12-22 16:26:50,534 - INFO - Val Loss: 1.7531 Acc: 0.3880
2025-12-22 16:26:50,966 - INFO -   [Nuevo Récord Acc] Guardado en: models/sbtaylor_kan_tiny_imagenet\run_20251222_161747\best_model.pth
2025-12-22 16:26:50,967 - INFO - --- Época 9/250 ---
2025-12-22 16:27:41,123 - INFO - Train Loss: 1.9311 Acc: 0.3135
2025-12-22 16:27:42,160 - INFO -   [LR] Tasa de aprendizaje actual: 0.001000
2025-12-22 16:27:42,160 - INFO -   [Sin mejora Loss] Paciencia: 1/50
2025-12-22 16:27:42,162 - INFO - Val Loss: 1.7778 Acc: 0.3860
2025-12-22 16:27:42,163 - INFO - --- Época 10/250 ---
2025-12-22 16:28:32,561 - INFO - Train Loss: 1.8982 Acc: 0.3282
2025-12-22 16:28:33,549 - INFO -   [LR] Tasa de aprendizaje actual: 0.001000
2025-12-22 16:28:33,551 - INFO -   [Mejora Loss] 1.7531 -> 1.7233. Reseteando paciencia.
2025-12-22 16:28:33,551 - INFO - Val Loss: 1.7233 Acc: 0.3940
2025-12-22 16:28:33,978 - INFO -   [Nuevo Récord Acc] Guardado en: models/sbtaylor_kan_tiny_imagenet\run_20251222_161747\best_model.pth
2025-12-22 16:28:33,980 - INFO - --- Época 11/250 ---
2025-12-22 16:29:24,163 - INFO - Train Loss: 1.8791 Acc: 0.3332
2025-12-22 16:29:25,155 - INFO -   [LR] Tasa de aprendizaje actual: 0.001000
2025-12-22 16:29:25,157 - INFO -   [Sin mejora Loss] Paciencia: 1/50
2025-12-22 16:29:25,158 - INFO - Val Loss: 1.7301 Acc: 0.3880
2025-12-22 16:29:25,159 - INFO - --- Época 12/250 ---
2025-12-22 16:30:14,980 - INFO - Train Loss: 1.8732 Acc: 0.3325
2025-12-22 16:30:15,991 - INFO -   [LR] Tasa de aprendizaje actual: 0.001000
2025-12-22 16:30:15,992 - INFO -   [Mejora Loss] 1.7233 -> 1.7105. Reseteando paciencia.
2025-12-22 16:30:15,992 - INFO - Val Loss: 1.7105 Acc: 0.4220
2025-12-22 16:30:16,387 - INFO -   [Nuevo Récord Acc] Guardado en: models/sbtaylor_kan_tiny_imagenet\run_20251222_161747\best_model.pth
2025-12-22 16:30:16,389 - INFO - --- Época 13/250 ---
2025-12-22 16:31:06,615 - INFO - Train Loss: 1.8345 Acc: 0.3523
2025-12-22 16:31:07,612 - INFO -   [LR] Tasa de aprendizaje actual: 0.001000
2025-12-22 16:31:07,612 - INFO -   [Mejora Loss] 1.7105 -> 1.6545. Reseteando paciencia.
2025-12-22 16:31:07,615 - INFO - Val Loss: 1.6545 Acc: 0.4200
2025-12-22 16:31:07,617 - INFO - --- Época 14/250 ---
2025-12-22 16:31:57,905 - INFO - Train Loss: 1.8111 Acc: 0.3503
2025-12-22 16:31:58,919 - INFO -   [LR] Tasa de aprendizaje actual: 0.001000
2025-12-22 16:31:58,919 - INFO -   [Mejora Loss] 1.6545 -> 1.6250. Reseteando paciencia.
2025-12-22 16:31:58,920 - INFO - Val Loss: 1.6250 Acc: 0.4300
2025-12-22 16:31:59,321 - INFO -   [Nuevo Récord Acc] Guardado en: models/sbtaylor_kan_tiny_imagenet\run_20251222_161747\best_model.pth
2025-12-22 16:31:59,323 - INFO - --- Época 15/250 ---
2025-12-22 16:32:49,707 - INFO - Train Loss: 1.8070 Acc: 0.3635
2025-12-22 16:32:50,697 - INFO -   [LR] Tasa de aprendizaje actual: 0.001000
2025-12-22 16:32:50,698 - INFO -   [Mejora Loss] 1.6250 -> 1.5912. Reseteando paciencia.
2025-12-22 16:32:50,699 - INFO - Val Loss: 1.5912 Acc: 0.4560
2025-12-22 16:32:51,097 - INFO -   [Nuevo Récord Acc] Guardado en: models/sbtaylor_kan_tiny_imagenet\run_20251222_161747\best_model.pth
2025-12-22 16:32:51,099 - INFO - --- Época 16/250 ---
2025-12-22 16:33:40,809 - INFO - Train Loss: 1.7894 Acc: 0.3700
2025-12-22 16:33:41,953 - INFO -   [LR] Tasa de aprendizaje actual: 0.001000
2025-12-22 16:33:41,954 - INFO -   [Sin mejora Loss] Paciencia: 1/50
2025-12-22 16:33:41,956 - INFO - Val Loss: 1.6695 Acc: 0.4080
2025-12-22 16:33:41,959 - INFO - --- Época 17/250 ---
2025-12-22 16:34:32,201 - INFO - Train Loss: 1.7491 Acc: 0.3885
2025-12-22 16:34:33,225 - INFO -   [LR] Tasa de aprendizaje actual: 0.001000
2025-12-22 16:34:33,226 - INFO -   [Sin mejora Loss] Paciencia: 2/50
2025-12-22 16:34:33,227 - INFO - Val Loss: 1.5935 Acc: 0.4480
2025-12-22 16:34:33,228 - INFO - --- Época 18/250 ---
2025-12-22 16:35:23,527 - INFO - Train Loss: 1.7530 Acc: 0.3808
2025-12-22 16:35:24,581 - INFO -   [LR] Tasa de aprendizaje actual: 0.001000
2025-12-22 16:35:24,581 - INFO -   [Mejora Loss] 1.5912 -> 1.5272. Reseteando paciencia.
2025-12-22 16:35:24,582 - INFO - Val Loss: 1.5272 Acc: 0.4680
2025-12-22 16:35:25,032 - INFO -   [Nuevo Récord Acc] Guardado en: models/sbtaylor_kan_tiny_imagenet\run_20251222_161747\best_model.pth
2025-12-22 16:35:25,033 - INFO - --- Época 19/250 ---
2025-12-22 16:36:14,580 - INFO - Train Loss: 1.7492 Acc: 0.3830
2025-12-22 16:36:15,649 - INFO -   [LR] Tasa de aprendizaje actual: 0.001000
2025-12-22 16:36:15,650 - INFO -   [Mejora Loss] 1.5272 -> 1.5169. Reseteando paciencia.
2025-12-22 16:36:15,650 - INFO - Val Loss: 1.5169 Acc: 0.5000
2025-12-22 16:36:16,051 - INFO -   [Nuevo Récord Acc] Guardado en: models/sbtaylor_kan_tiny_imagenet\run_20251222_161747\best_model.pth
2025-12-22 16:36:16,053 - INFO - --- Época 20/250 ---
2025-12-22 16:37:06,647 - INFO - Train Loss: 1.7242 Acc: 0.3915
2025-12-22 16:37:07,720 - INFO -   [LR] Tasa de aprendizaje actual: 0.001000
2025-12-22 16:37:07,721 - INFO -   [Mejora Loss] 1.5169 -> 1.4993. Reseteando paciencia.
2025-12-22 16:37:07,722 - INFO - Val Loss: 1.4993 Acc: 0.4880
2025-12-22 16:37:07,723 - INFO - --- Época 21/250 ---
2025-12-22 16:37:57,543 - INFO - Train Loss: 1.7120 Acc: 0.3922
2025-12-22 16:37:58,628 - INFO -   [LR] Tasa de aprendizaje actual: 0.001000
2025-12-22 16:37:58,629 - INFO -   [Mejora Loss] 1.4993 -> 1.4868. Reseteando paciencia.
2025-12-22 16:37:58,630 - INFO - Val Loss: 1.4868 Acc: 0.5000
2025-12-22 16:37:58,631 - INFO - --- Época 22/250 ---
2025-12-22 16:38:48,825 - INFO - Train Loss: 1.6973 Acc: 0.4025
2025-12-22 16:38:49,798 - INFO -   [LR] Tasa de aprendizaje actual: 0.001000
2025-12-22 16:38:49,798 - INFO -   [Sin mejora Loss] Paciencia: 1/50
2025-12-22 16:38:49,799 - INFO - Val Loss: 1.5455 Acc: 0.4760
2025-12-22 16:38:49,800 - INFO - --- Época 23/250 ---
2025-12-22 16:39:39,801 - INFO - Train Loss: 1.6916 Acc: 0.4062
2025-12-22 16:39:40,824 - INFO -   [LR] Tasa de aprendizaje actual: 0.001000
2025-12-22 16:39:40,825 - INFO -   [Mejora Loss] 1.4868 -> 1.4670. Reseteando paciencia.
2025-12-22 16:39:40,827 - INFO - Val Loss: 1.4670 Acc: 0.4840
2025-12-22 16:39:40,828 - INFO - --- Época 24/250 ---
2025-12-22 16:40:30,761 - INFO - Train Loss: 1.6546 Acc: 0.4140
2025-12-22 16:40:31,857 - INFO -   [LR] Tasa de aprendizaje actual: 0.001000
2025-12-22 16:40:31,858 - INFO -   [Mejora Loss] 1.4670 -> 1.4590. Reseteando paciencia.
2025-12-22 16:40:31,859 - INFO - Val Loss: 1.4590 Acc: 0.4940
2025-12-22 16:40:31,861 - INFO - --- Época 25/250 ---
2025-12-22 16:41:21,731 - INFO - Train Loss: 1.6344 Acc: 0.4308
2025-12-22 16:41:22,813 - INFO -   [LR] Tasa de aprendizaje actual: 0.001000
2025-12-22 16:41:22,813 - INFO -   [Mejora Loss] 1.4590 -> 1.4462. Reseteando paciencia.
2025-12-22 16:41:22,816 - INFO - Val Loss: 1.4462 Acc: 0.4980
2025-12-22 16:41:22,817 - INFO - --- Época 26/250 ---
2025-12-22 16:42:12,874 - INFO - Train Loss: 1.6549 Acc: 0.4210
2025-12-22 16:42:13,951 - INFO -   [LR] Tasa de aprendizaje actual: 0.001000
2025-12-22 16:42:13,952 - INFO -   [Sin mejora Loss] Paciencia: 1/50
2025-12-22 16:42:13,953 - INFO - Val Loss: 1.4633 Acc: 0.5080
2025-12-22 16:42:14,410 - INFO -   [Nuevo Récord Acc] Guardado en: models/sbtaylor_kan_tiny_imagenet\run_20251222_161747\best_model.pth
2025-12-22 16:42:14,411 - INFO - --- Época 27/250 ---
2025-12-22 16:43:04,686 - INFO - Train Loss: 1.6350 Acc: 0.4370
2025-12-22 16:43:05,736 - INFO -   [LR] Tasa de aprendizaje actual: 0.001000
2025-12-22 16:43:05,737 - INFO -   [Sin mejora Loss] Paciencia: 2/50
2025-12-22 16:43:05,738 - INFO - Val Loss: 1.5699 Acc: 0.4820
2025-12-22 16:43:05,740 - INFO - --- Época 28/250 ---
2025-12-22 16:43:55,301 - INFO - Train Loss: 1.6043 Acc: 0.4500
2025-12-22 16:43:56,364 - INFO -   [LR] Tasa de aprendizaje actual: 0.001000
2025-12-22 16:43:56,365 - INFO -   [Mejora Loss] 1.4462 -> 1.4235. Reseteando paciencia.
2025-12-22 16:43:56,366 - INFO - Val Loss: 1.4235 Acc: 0.5140
2025-12-22 16:43:56,822 - INFO -   [Nuevo Récord Acc] Guardado en: models/sbtaylor_kan_tiny_imagenet\run_20251222_161747\best_model.pth
2025-12-22 16:43:56,824 - INFO - --- Época 29/250 ---
2025-12-22 16:44:47,023 - INFO - Train Loss: 1.6192 Acc: 0.4453
2025-12-22 16:44:48,047 - INFO -   [LR] Tasa de aprendizaje actual: 0.001000
2025-12-22 16:44:48,048 - INFO -   [Mejora Loss] 1.4235 -> 1.3963. Reseteando paciencia.
2025-12-22 16:44:48,050 - INFO - Val Loss: 1.3963 Acc: 0.5220
2025-12-22 16:44:48,495 - INFO -   [Nuevo Récord Acc] Guardado en: models/sbtaylor_kan_tiny_imagenet\run_20251222_161747\best_model.pth
2025-12-22 16:44:48,497 - INFO - --- Época 30/250 ---
2025-12-22 16:45:38,317 - INFO - Train Loss: 1.6069 Acc: 0.4398
2025-12-22 16:45:39,231 - INFO -   [LR] Tasa de aprendizaje actual: 0.001000
2025-12-22 16:45:39,232 - INFO -   [Sin mejora Loss] Paciencia: 1/50
2025-12-22 16:45:39,233 - INFO - Val Loss: 1.4366 Acc: 0.5120
2025-12-22 16:45:39,234 - INFO - --- Época 31/250 ---
2025-12-22 16:46:43,713 - INFO - Train Loss: 1.5739 Acc: 0.4632
2025-12-22 16:46:45,271 - INFO -   [LR] Tasa de aprendizaje actual: 0.001000
2025-12-22 16:46:45,273 - INFO -   [Sin mejora Loss] Paciencia: 2/50
2025-12-22 16:46:45,274 - INFO - Val Loss: 1.4232 Acc: 0.5180
2025-12-22 16:46:45,275 - INFO - --- Época 32/250 ---
2025-12-22 16:47:52,130 - INFO - Train Loss: 1.5701 Acc: 0.4620
2025-12-22 16:47:53,196 - INFO -   [LR] Tasa de aprendizaje actual: 0.001000
2025-12-22 16:47:53,196 - INFO -   [Mejora Loss] 1.3963 -> 1.3962. Reseteando paciencia.
2025-12-22 16:47:53,197 - INFO - Val Loss: 1.3962 Acc: 0.4960
2025-12-22 16:47:53,198 - INFO - --- Época 33/250 ---
2025-12-22 16:48:43,213 - INFO - Train Loss: 1.5607 Acc: 0.4665
2025-12-22 16:48:44,223 - INFO -   [LR] Tasa de aprendizaje actual: 0.001000
2025-12-22 16:48:44,224 - INFO -   [Mejora Loss] 1.3962 -> 1.3338. Reseteando paciencia.
2025-12-22 16:48:44,225 - INFO - Val Loss: 1.3338 Acc: 0.5440
2025-12-22 16:48:44,706 - INFO -   [Nuevo Récord Acc] Guardado en: models/sbtaylor_kan_tiny_imagenet\run_20251222_161747\best_model.pth
2025-12-22 16:48:44,707 - INFO - --- Época 34/250 ---
2025-12-22 16:49:35,179 - INFO - Train Loss: 1.5614 Acc: 0.4745
2025-12-22 16:49:36,143 - INFO -   [LR] Tasa de aprendizaje actual: 0.001000
2025-12-22 16:49:36,144 - INFO -   [Sin mejora Loss] Paciencia: 1/50
2025-12-22 16:49:36,146 - INFO - Val Loss: 1.3422 Acc: 0.5340
2025-12-22 16:49:36,147 - INFO - --- Época 35/250 ---
2025-12-22 16:50:39,845 - INFO - Train Loss: 1.5218 Acc: 0.4750
2025-12-22 16:50:41,412 - INFO -   [LR] Tasa de aprendizaje actual: 0.001000
2025-12-22 16:50:41,412 - INFO -   [Sin mejora Loss] Paciencia: 2/50
2025-12-22 16:50:41,413 - INFO - Val Loss: 1.4184 Acc: 0.4940
2025-12-22 16:50:41,415 - INFO - --- Época 36/250 ---
2025-12-22 16:51:55,360 - INFO - Train Loss: 1.5377 Acc: 0.4607
2025-12-22 16:51:56,910 - INFO -   [LR] Tasa de aprendizaje actual: 0.001000
2025-12-22 16:51:56,912 - INFO -   [Sin mejora Loss] Paciencia: 3/50
2025-12-22 16:51:56,913 - INFO - Val Loss: 1.3363 Acc: 0.5400
2025-12-22 16:51:56,914 - INFO - --- Época 37/250 ---
2025-12-22 16:53:12,904 - INFO - Train Loss: 1.5184 Acc: 0.4733
2025-12-22 16:53:14,404 - INFO -   [LR] Tasa de aprendizaje actual: 0.001000
2025-12-22 16:53:14,405 - INFO -   [Sin mejora Loss] Paciencia: 4/50
2025-12-22 16:53:14,408 - INFO - Val Loss: 1.4636 Acc: 0.4920
2025-12-22 16:53:14,411 - INFO - --- Época 38/250 ---
2025-12-22 16:54:28,815 - INFO - Train Loss: 1.4843 Acc: 0.4898
2025-12-22 16:54:30,388 - INFO -   [LR] Tasa de aprendizaje actual: 0.001000
2025-12-22 16:54:30,388 - INFO -   [Sin mejora Loss] Paciencia: 5/50
2025-12-22 16:54:30,389 - INFO - Val Loss: 1.3519 Acc: 0.5260
2025-12-22 16:54:30,391 - INFO - --- Época 39/250 ---
2025-12-22 16:55:47,982 - INFO - Train Loss: 1.4693 Acc: 0.4910
2025-12-22 16:55:49,643 - INFO -   [LR] Tasa de aprendizaje actual: 0.001000
2025-12-22 16:55:49,644 - INFO -   [Mejora Loss] 1.3338 -> 1.3171. Reseteando paciencia.
2025-12-22 16:55:49,645 - INFO - Val Loss: 1.3171 Acc: 0.5440
2025-12-22 16:55:49,646 - INFO - --- Época 40/250 ---
2025-12-22 16:57:06,698 - INFO - Train Loss: 1.4799 Acc: 0.4968
2025-12-22 16:57:08,247 - INFO -   [LR] Tasa de aprendizaje actual: 0.001000
2025-12-22 16:57:08,248 - INFO -   [Sin mejora Loss] Paciencia: 1/50
2025-12-22 16:57:08,250 - INFO - Val Loss: 1.3583 Acc: 0.5260
2025-12-22 16:57:08,252 - INFO - --- Época 41/250 ---
2025-12-22 16:58:24,335 - INFO - Train Loss: 1.4899 Acc: 0.5002
2025-12-22 16:58:25,806 - INFO -   [LR] Tasa de aprendizaje actual: 0.001000
2025-12-22 16:58:25,807 - INFO -   [Sin mejora Loss] Paciencia: 2/50
2025-12-22 16:58:25,808 - INFO - Val Loss: 1.3889 Acc: 0.5160
2025-12-22 16:58:25,809 - INFO - --- Época 42/250 ---
2025-12-22 16:59:38,881 - INFO - Train Loss: 1.4550 Acc: 0.4925
2025-12-22 16:59:40,467 - INFO -   [LR] Tasa de aprendizaje actual: 0.001000
2025-12-22 16:59:40,467 - INFO -   [Mejora Loss] 1.3171 -> 1.2920. Reseteando paciencia.
2025-12-22 16:59:40,469 - INFO - Val Loss: 1.2920 Acc: 0.5820
2025-12-22 16:59:40,964 - INFO -   [Nuevo Récord Acc] Guardado en: models/sbtaylor_kan_tiny_imagenet\run_20251222_161747\best_model.pth
2025-12-22 16:59:40,965 - INFO - --- Época 43/250 ---
2025-12-22 17:00:54,427 - INFO - Train Loss: 1.4651 Acc: 0.4968
2025-12-22 17:00:56,019 - INFO -   [LR] Tasa de aprendizaje actual: 0.001000
2025-12-22 17:00:56,021 - INFO -   [Sin mejora Loss] Paciencia: 1/50
2025-12-22 17:00:56,023 - INFO - Val Loss: 1.3495 Acc: 0.5340
2025-12-22 17:00:56,025 - INFO - --- Época 44/250 ---
2025-12-22 17:02:10,091 - INFO - Train Loss: 1.4662 Acc: 0.5005
2025-12-22 17:02:11,646 - INFO -   [LR] Tasa de aprendizaje actual: 0.001000
2025-12-22 17:02:11,647 - INFO -   [Mejora Loss] 1.2920 -> 1.2162. Reseteando paciencia.
2025-12-22 17:02:11,648 - INFO - Val Loss: 1.2162 Acc: 0.5800
2025-12-22 17:02:11,650 - INFO - --- Época 45/250 ---
2025-12-22 17:03:20,333 - INFO - Train Loss: 1.4377 Acc: 0.5025
2025-12-22 17:03:21,267 - INFO -   [LR] Tasa de aprendizaje actual: 0.001000
2025-12-22 17:03:21,268 - INFO -   [Sin mejora Loss] Paciencia: 1/50
2025-12-22 17:03:21,269 - INFO - Val Loss: 1.2349 Acc: 0.5560
2025-12-22 17:03:21,270 - INFO - --- Época 46/250 ---
2025-12-22 17:04:11,605 - INFO - Train Loss: 1.4276 Acc: 0.5108
2025-12-22 17:04:12,623 - INFO -   [LR] Tasa de aprendizaje actual: 0.001000
2025-12-22 17:04:12,624 - INFO -   [Sin mejora Loss] Paciencia: 2/50
2025-12-22 17:04:12,626 - INFO - Val Loss: 1.2430 Acc: 0.5680
2025-12-22 17:04:12,626 - INFO - --- Época 47/250 ---
2025-12-22 17:05:24,346 - INFO - Train Loss: 1.4332 Acc: 0.5178
2025-12-22 17:05:25,817 - INFO -   [LR] Tasa de aprendizaje actual: 0.001000
2025-12-22 17:05:25,818 - INFO -   [Sin mejora Loss] Paciencia: 3/50
2025-12-22 17:05:25,819 - INFO - Val Loss: 1.4238 Acc: 0.4940
2025-12-22 17:05:25,820 - INFO - --- Época 48/250 ---
2025-12-22 17:06:40,204 - INFO - Train Loss: 1.4365 Acc: 0.5195
2025-12-22 17:06:41,684 - INFO -   [LR] Tasa de aprendizaje actual: 0.001000
2025-12-22 17:06:41,685 - INFO -   [Sin mejora Loss] Paciencia: 4/50
2025-12-22 17:06:41,686 - INFO - Val Loss: 1.4534 Acc: 0.5080
2025-12-22 17:06:41,687 - INFO - --- Época 49/250 ---
2025-12-22 17:07:56,727 - INFO - Train Loss: 1.4280 Acc: 0.5195
2025-12-22 17:07:57,940 - INFO -   [LR] Tasa de aprendizaje actual: 0.001000
2025-12-22 17:07:57,941 - INFO -   [Sin mejora Loss] Paciencia: 5/50
2025-12-22 17:07:57,942 - INFO - Val Loss: 1.2810 Acc: 0.5520
2025-12-22 17:07:57,944 - INFO - --- Época 50/250 ---
2025-12-22 17:09:12,496 - INFO - Train Loss: 1.4196 Acc: 0.5160
2025-12-22 17:09:13,957 - INFO -   [LR] Tasa de aprendizaje actual: 0.000500
2025-12-22 17:09:13,958 - INFO -   [Sin mejora Loss] Paciencia: 6/50
2025-12-22 17:09:13,960 - INFO - Val Loss: 1.2243 Acc: 0.5540
2025-12-22 17:09:13,962 - INFO - --- Época 51/250 ---
2025-12-22 17:10:28,932 - INFO - Train Loss: 1.3520 Acc: 0.5413
2025-12-22 17:10:30,353 - INFO -   [LR] Tasa de aprendizaje actual: 0.000500
2025-12-22 17:10:30,354 - INFO -   [Sin mejora Loss] Paciencia: 7/50
2025-12-22 17:10:30,355 - INFO - Val Loss: 1.2308 Acc: 0.5680
2025-12-22 17:10:30,356 - INFO - --- Época 52/250 ---
2025-12-22 17:11:48,345 - INFO - Train Loss: 1.3354 Acc: 0.5450
2025-12-22 17:11:49,901 - INFO -   [LR] Tasa de aprendizaje actual: 0.000500
2025-12-22 17:11:49,903 - INFO -   [Mejora Loss] 1.2162 -> 1.1899. Reseteando paciencia.
2025-12-22 17:11:49,905 - INFO - Val Loss: 1.1899 Acc: 0.5640
2025-12-22 17:11:49,908 - INFO - --- Época 53/250 ---
2025-12-22 17:13:05,235 - INFO - Train Loss: 1.3174 Acc: 0.5500
2025-12-22 17:13:06,849 - INFO -   [LR] Tasa de aprendizaje actual: 0.000500
2025-12-22 17:13:06,850 - INFO -   [Mejora Loss] 1.1899 -> 1.1529. Reseteando paciencia.
2025-12-22 17:13:06,852 - INFO - Val Loss: 1.1529 Acc: 0.6040
2025-12-22 17:13:07,402 - INFO -   [Nuevo Récord Acc] Guardado en: models/sbtaylor_kan_tiny_imagenet\run_20251222_161747\best_model.pth
2025-12-22 17:13:07,404 - INFO - --- Época 54/250 ---
2025-12-22 17:14:24,860 - INFO - Train Loss: 1.2990 Acc: 0.5573
2025-12-22 17:14:26,498 - INFO -   [LR] Tasa de aprendizaje actual: 0.000500
2025-12-22 17:14:26,500 - INFO -   [Sin mejora Loss] Paciencia: 1/50
2025-12-22 17:14:26,502 - INFO - Val Loss: 1.1924 Acc: 0.5840
2025-12-22 17:14:26,504 - INFO - --- Época 55/250 ---
2025-12-22 17:15:41,246 - INFO - Train Loss: 1.3059 Acc: 0.5545
2025-12-22 17:15:42,810 - INFO -   [LR] Tasa de aprendizaje actual: 0.000500
2025-12-22 17:15:42,811 - INFO -   [Sin mejora Loss] Paciencia: 2/50
2025-12-22 17:15:42,813 - INFO - Val Loss: 1.1623 Acc: 0.5960
2025-12-22 17:15:42,815 - INFO - --- Época 56/250 ---
2025-12-22 17:16:57,876 - INFO - Train Loss: 1.2928 Acc: 0.5723
2025-12-22 17:16:59,475 - INFO -   [LR] Tasa de aprendizaje actual: 0.000500
2025-12-22 17:16:59,477 - INFO -   [Sin mejora Loss] Paciencia: 3/50
2025-12-22 17:16:59,479 - INFO - Val Loss: 1.1832 Acc: 0.5960
2025-12-22 17:16:59,481 - INFO - --- Época 57/250 ---
2025-12-22 17:18:06,381 - INFO - Train Loss: 1.2914 Acc: 0.5675
2025-12-22 17:18:07,301 - INFO -   [LR] Tasa de aprendizaje actual: 0.000500
2025-12-22 17:18:07,302 - INFO -   [Mejora Loss] 1.1529 -> 1.1491. Reseteando paciencia.
2025-12-22 17:18:07,303 - INFO - Val Loss: 1.1491 Acc: 0.5840
2025-12-22 17:18:07,305 - INFO - --- Época 58/250 ---
2025-12-22 17:18:57,438 - INFO - Train Loss: 1.2682 Acc: 0.5710
2025-12-22 17:18:58,499 - INFO -   [LR] Tasa de aprendizaje actual: 0.000500
2025-12-22 17:18:58,500 - INFO -   [Sin mejora Loss] Paciencia: 1/50
2025-12-22 17:18:58,501 - INFO - Val Loss: 1.1936 Acc: 0.5900
2025-12-22 17:18:58,501 - INFO - --- Época 59/250 ---
2025-12-22 17:19:48,885 - INFO - Train Loss: 1.2837 Acc: 0.5570
2025-12-22 17:19:49,878 - INFO -   [LR] Tasa de aprendizaje actual: 0.000500
2025-12-22 17:19:49,879 - INFO -   [Sin mejora Loss] Paciencia: 2/50
2025-12-22 17:19:49,880 - INFO - Val Loss: 1.1876 Acc: 0.6180
2025-12-22 17:19:50,327 - INFO -   [Nuevo Récord Acc] Guardado en: models/sbtaylor_kan_tiny_imagenet\run_20251222_161747\best_model.pth
2025-12-22 17:19:50,328 - INFO - --- Época 60/250 ---
2025-12-22 17:20:40,242 - INFO - Train Loss: 1.2790 Acc: 0.5663
2025-12-22 17:20:41,271 - INFO -   [LR] Tasa de aprendizaje actual: 0.000500
2025-12-22 17:20:41,272 - INFO -   [Sin mejora Loss] Paciencia: 3/50
2025-12-22 17:20:41,273 - INFO - Val Loss: 1.1762 Acc: 0.6020
2025-12-22 17:20:41,274 - INFO - --- Época 61/250 ---
2025-12-22 17:21:31,708 - INFO - Train Loss: 1.2582 Acc: 0.5760
2025-12-22 17:21:32,675 - INFO -   [LR] Tasa de aprendizaje actual: 0.000500
2025-12-22 17:21:32,676 - INFO -   [Sin mejora Loss] Paciencia: 4/50
2025-12-22 17:21:32,677 - INFO - Val Loss: 1.1508 Acc: 0.5940
2025-12-22 17:21:32,679 - INFO - --- Época 62/250 ---
2025-12-22 17:22:22,868 - INFO - Train Loss: 1.2472 Acc: 0.5817
2025-12-22 17:22:23,901 - INFO -   [LR] Tasa de aprendizaje actual: 0.000500
2025-12-22 17:22:23,902 - INFO -   [Sin mejora Loss] Paciencia: 5/50
2025-12-22 17:22:23,903 - INFO - Val Loss: 1.1541 Acc: 0.6020
2025-12-22 17:22:23,904 - INFO - --- Época 63/250 ---
2025-12-22 17:23:14,059 - INFO - Train Loss: 1.2475 Acc: 0.5800
2025-12-22 17:23:15,052 - INFO -   [LR] Tasa de aprendizaje actual: 0.000500
2025-12-22 17:23:15,053 - INFO -   [Mejora Loss] 1.1491 -> 1.1207. Reseteando paciencia.
2025-12-22 17:23:15,054 - INFO - Val Loss: 1.1207 Acc: 0.6120
2025-12-22 17:23:15,055 - INFO - --- Época 64/250 ---
2025-12-22 17:24:04,693 - INFO - Train Loss: 1.2388 Acc: 0.5745
2025-12-22 17:24:05,794 - INFO -   [LR] Tasa de aprendizaje actual: 0.000500
2025-12-22 17:24:05,796 - INFO -   [Mejora Loss] 1.1207 -> 1.0950. Reseteando paciencia.
2025-12-22 17:24:05,797 - INFO - Val Loss: 1.0950 Acc: 0.6080
2025-12-22 17:24:05,798 - INFO - --- Época 65/250 ---
2025-12-22 17:24:56,393 - INFO - Train Loss: 1.2282 Acc: 0.5925
2025-12-22 17:24:57,404 - INFO -   [LR] Tasa de aprendizaje actual: 0.000500
2025-12-22 17:24:57,404 - INFO -   [Sin mejora Loss] Paciencia: 1/50
2025-12-22 17:24:57,405 - INFO - Val Loss: 1.1824 Acc: 0.5840
2025-12-22 17:24:57,406 - INFO - --- Época 66/250 ---
2025-12-22 17:25:47,744 - INFO - Train Loss: 1.2266 Acc: 0.5890
2025-12-22 17:25:48,664 - INFO -   [LR] Tasa de aprendizaje actual: 0.000500
2025-12-22 17:25:48,665 - INFO -   [Mejora Loss] 1.0950 -> 1.0925. Reseteando paciencia.
2025-12-22 17:25:48,666 - INFO - Val Loss: 1.0925 Acc: 0.6220
2025-12-22 17:25:49,120 - INFO -   [Nuevo Récord Acc] Guardado en: models/sbtaylor_kan_tiny_imagenet\run_20251222_161747\best_model.pth
2025-12-22 17:25:49,122 - INFO - --- Época 67/250 ---
2025-12-22 17:26:39,233 - INFO - Train Loss: 1.2382 Acc: 0.5820
2025-12-22 17:26:40,281 - INFO -   [LR] Tasa de aprendizaje actual: 0.000500
2025-12-22 17:26:40,282 - INFO -   [Sin mejora Loss] Paciencia: 1/50
2025-12-22 17:26:40,283 - INFO - Val Loss: 1.2716 Acc: 0.5700
2025-12-22 17:26:40,284 - INFO - --- Época 68/250 ---
2025-12-22 17:27:30,589 - INFO - Train Loss: 1.2184 Acc: 0.5850
2025-12-22 17:27:31,572 - INFO -   [LR] Tasa de aprendizaje actual: 0.000500
2025-12-22 17:27:31,573 - INFO -   [Sin mejora Loss] Paciencia: 2/50
2025-12-22 17:27:31,574 - INFO - Val Loss: 1.1077 Acc: 0.6300
2025-12-22 17:27:31,999 - INFO -   [Nuevo Récord Acc] Guardado en: models/sbtaylor_kan_tiny_imagenet\run_20251222_161747\best_model.pth
2025-12-22 17:27:32,000 - INFO - --- Época 69/250 ---
2025-12-22 17:28:22,532 - INFO - Train Loss: 1.1917 Acc: 0.6013
2025-12-22 17:28:23,558 - INFO -   [LR] Tasa de aprendizaje actual: 0.000500
2025-12-22 17:28:23,559 - INFO -   [Sin mejora Loss] Paciencia: 3/50
2025-12-22 17:28:23,561 - INFO - Val Loss: 1.1622 Acc: 0.6180
2025-12-22 17:28:23,562 - INFO - --- Época 70/250 ---
2025-12-22 17:29:14,374 - INFO - Train Loss: 1.2183 Acc: 0.5930
2025-12-22 17:29:15,433 - INFO -   [LR] Tasa de aprendizaje actual: 0.000500
2025-12-22 17:29:15,434 - INFO -   [Sin mejora Loss] Paciencia: 4/50
2025-12-22 17:29:15,435 - INFO - Val Loss: 1.1509 Acc: 0.6100
2025-12-22 17:29:15,437 - INFO - --- Época 71/250 ---
2025-12-22 17:30:29,373 - INFO - Train Loss: 1.1961 Acc: 0.5938
2025-12-22 17:30:31,020 - INFO -   [LR] Tasa de aprendizaje actual: 0.000500
2025-12-22 17:30:31,021 - INFO -   [Sin mejora Loss] Paciencia: 5/50
2025-12-22 17:30:31,023 - INFO - Val Loss: 1.1122 Acc: 0.6400
2025-12-22 17:30:31,578 - INFO -   [Nuevo Récord Acc] Guardado en: models/sbtaylor_kan_tiny_imagenet\run_20251222_161747\best_model.pth
2025-12-22 17:30:31,579 - INFO - --- Época 72/250 ---
2025-12-22 17:31:24,143 - INFO - Train Loss: 1.1738 Acc: 0.6118
2025-12-22 17:31:25,152 - INFO -   [LR] Tasa de aprendizaje actual: 0.000500
2025-12-22 17:31:25,153 - INFO -   [Mejora Loss] 1.0925 -> 1.0749. Reseteando paciencia.
2025-12-22 17:31:25,154 - INFO - Val Loss: 1.0749 Acc: 0.6320
2025-12-22 17:31:25,156 - INFO - --- Época 73/250 ---
2025-12-22 17:32:14,944 - INFO - Train Loss: 1.2173 Acc: 0.5933
2025-12-22 17:32:15,958 - INFO -   [LR] Tasa de aprendizaje actual: 0.000500
2025-12-22 17:32:15,958 - INFO -   [Sin mejora Loss] Paciencia: 1/50
2025-12-22 17:32:15,959 - INFO - Val Loss: 1.1185 Acc: 0.6120
2025-12-22 17:32:15,960 - INFO - --- Época 74/250 ---
2025-12-22 17:33:06,733 - INFO - Train Loss: 1.1733 Acc: 0.6043
2025-12-22 17:33:07,738 - INFO -   [LR] Tasa de aprendizaje actual: 0.000500
2025-12-22 17:33:07,739 - INFO -   [Mejora Loss] 1.0749 -> 1.0598. Reseteando paciencia.
2025-12-22 17:33:07,740 - INFO - Val Loss: 1.0598 Acc: 0.6180
2025-12-22 17:33:07,742 - INFO - --- Época 75/250 ---
2025-12-22 17:34:15,304 - INFO - Train Loss: 1.1824 Acc: 0.5990
2025-12-22 17:34:16,364 - INFO -   [LR] Tasa de aprendizaje actual: 0.000500
2025-12-22 17:34:16,366 - INFO -   [Sin mejora Loss] Paciencia: 1/50
2025-12-22 17:34:16,368 - INFO - Val Loss: 1.1481 Acc: 0.6080
2025-12-22 17:34:16,369 - INFO - --- Época 76/250 ---
2025-12-22 17:35:06,837 - INFO - Train Loss: 1.1925 Acc: 0.6045
2025-12-22 17:35:07,966 - INFO -   [LR] Tasa de aprendizaje actual: 0.000500
2025-12-22 17:35:07,968 - INFO -   [Sin mejora Loss] Paciencia: 2/50
2025-12-22 17:35:07,969 - INFO - Val Loss: 1.1188 Acc: 0.5960
2025-12-22 17:35:07,970 - INFO - --- Época 77/250 ---
2025-12-22 17:35:59,407 - INFO - Train Loss: 1.1819 Acc: 0.6140
2025-12-22 17:36:00,363 - INFO -   [LR] Tasa de aprendizaje actual: 0.000500
2025-12-22 17:36:00,363 - INFO -   [Sin mejora Loss] Paciencia: 3/50
2025-12-22 17:36:00,365 - INFO - Val Loss: 1.1121 Acc: 0.6260
2025-12-22 17:36:00,366 - INFO - --- Época 78/250 ---
2025-12-22 17:37:05,232 - INFO - Train Loss: 1.1620 Acc: 0.6140
2025-12-22 17:37:06,738 - INFO -   [LR] Tasa de aprendizaje actual: 0.000500
2025-12-22 17:37:06,739 - INFO -   [Sin mejora Loss] Paciencia: 4/50
2025-12-22 17:37:06,740 - INFO - Val Loss: 1.0995 Acc: 0.6080
2025-12-22 17:37:06,741 - INFO - --- Época 79/250 ---
2025-12-22 17:38:13,148 - INFO - Train Loss: 1.1758 Acc: 0.6080
2025-12-22 17:38:14,137 - INFO -   [LR] Tasa de aprendizaje actual: 0.000500
2025-12-22 17:38:14,139 - INFO -   [Sin mejora Loss] Paciencia: 5/50
2025-12-22 17:38:14,140 - INFO - Val Loss: 1.0824 Acc: 0.6360
2025-12-22 17:38:14,141 - INFO - --- Época 80/250 ---
2025-12-22 17:39:09,298 - INFO - Train Loss: 1.1549 Acc: 0.6135
2025-12-22 17:39:11,046 - INFO -   [LR] Tasa de aprendizaje actual: 0.000500
2025-12-22 17:39:11,047 - INFO -   [Mejora Loss] 1.0598 -> 1.0239. Reseteando paciencia.
2025-12-22 17:39:11,049 - INFO - Val Loss: 1.0239 Acc: 0.6560
2025-12-22 17:39:11,585 - INFO -   [Nuevo Récord Acc] Guardado en: models/sbtaylor_kan_tiny_imagenet\run_20251222_161747\best_model.pth
2025-12-22 17:39:11,587 - INFO - --- Época 81/250 ---
2025-12-22 17:40:32,369 - INFO - Train Loss: 1.1493 Acc: 0.6115
2025-12-22 17:40:34,107 - INFO -   [LR] Tasa de aprendizaje actual: 0.000500
2025-12-22 17:40:34,108 - INFO -   [Sin mejora Loss] Paciencia: 1/50
2025-12-22 17:40:34,110 - INFO - Val Loss: 1.0391 Acc: 0.6340
2025-12-22 17:40:34,112 - INFO - --- Época 82/250 ---
2025-12-22 17:41:24,333 - INFO - Train Loss: 1.1471 Acc: 0.6175
2025-12-22 17:41:25,385 - INFO -   [LR] Tasa de aprendizaje actual: 0.000500
2025-12-22 17:41:25,386 - INFO -   [Sin mejora Loss] Paciencia: 2/50
2025-12-22 17:41:25,387 - INFO - Val Loss: 1.0973 Acc: 0.6200
2025-12-22 17:41:25,388 - INFO - --- Época 83/250 ---
2025-12-22 17:42:15,969 - INFO - Train Loss: 1.1390 Acc: 0.6232
2025-12-22 17:42:16,985 - INFO -   [LR] Tasa de aprendizaje actual: 0.000500
2025-12-22 17:42:16,986 - INFO -   [Sin mejora Loss] Paciencia: 3/50
2025-12-22 17:42:16,987 - INFO - Val Loss: 1.1493 Acc: 0.6000
2025-12-22 17:42:16,988 - INFO - --- Época 84/250 ---
2025-12-22 17:43:07,010 - INFO - Train Loss: 1.1763 Acc: 0.6068
2025-12-22 17:43:08,032 - INFO -   [LR] Tasa de aprendizaje actual: 0.000500
2025-12-22 17:43:08,033 - INFO -   [Sin mejora Loss] Paciencia: 4/50
2025-12-22 17:43:08,035 - INFO - Val Loss: 1.0767 Acc: 0.6200
2025-12-22 17:43:08,036 - INFO - --- Época 85/250 ---
2025-12-22 17:43:58,277 - INFO - Train Loss: 1.1401 Acc: 0.6110
2025-12-22 17:43:59,297 - INFO -   [LR] Tasa de aprendizaje actual: 0.000500
2025-12-22 17:43:59,298 - INFO -   [Sin mejora Loss] Paciencia: 5/50
2025-12-22 17:43:59,299 - INFO - Val Loss: 1.1676 Acc: 0.6000
2025-12-22 17:43:59,300 - INFO - --- Época 86/250 ---
2025-12-22 17:44:49,200 - INFO - Train Loss: 1.1399 Acc: 0.6082
2025-12-22 17:44:50,217 - INFO -   [LR] Tasa de aprendizaje actual: 0.000250
2025-12-22 17:44:50,218 - INFO -   [Sin mejora Loss] Paciencia: 6/50
2025-12-22 17:44:50,219 - INFO - Val Loss: 1.0989 Acc: 0.6260
2025-12-22 17:44:50,220 - INFO - --- Época 87/250 ---
2025-12-22 17:45:40,539 - INFO - Train Loss: 1.0889 Acc: 0.6350
2025-12-22 17:45:41,582 - INFO -   [LR] Tasa de aprendizaje actual: 0.000250
2025-12-22 17:45:41,583 - INFO -   [Sin mejora Loss] Paciencia: 7/50
2025-12-22 17:45:41,584 - INFO - Val Loss: 1.0373 Acc: 0.6400
2025-12-22 17:45:41,587 - INFO - --- Época 88/250 ---
2025-12-22 17:46:31,841 - INFO - Train Loss: 1.0717 Acc: 0.6400
2025-12-22 17:46:32,825 - INFO -   [LR] Tasa de aprendizaje actual: 0.000250
2025-12-22 17:46:32,826 - INFO -   [Mejora Loss] 1.0239 -> 1.0136. Reseteando paciencia.
2025-12-22 17:46:32,827 - INFO - Val Loss: 1.0136 Acc: 0.6460
2025-12-22 17:46:32,828 - INFO - --- Época 89/250 ---
2025-12-22 17:47:23,089 - INFO - Train Loss: 1.0651 Acc: 0.6402
2025-12-22 17:47:24,050 - INFO -   [LR] Tasa de aprendizaje actual: 0.000250
2025-12-22 17:47:24,051 - INFO -   [Sin mejora Loss] Paciencia: 1/50
2025-12-22 17:47:24,052 - INFO - Val Loss: 1.0159 Acc: 0.6360
2025-12-22 17:47:24,054 - INFO - --- Época 90/250 ---
2025-12-22 17:48:14,225 - INFO - Train Loss: 1.0781 Acc: 0.6370
2025-12-22 17:48:15,228 - INFO -   [LR] Tasa de aprendizaje actual: 0.000250
2025-12-22 17:48:15,229 - INFO -   [Sin mejora Loss] Paciencia: 2/50
2025-12-22 17:48:15,230 - INFO - Val Loss: 1.0318 Acc: 0.6420
2025-12-22 17:48:15,231 - INFO - --- Época 91/250 ---
2025-12-22 17:49:04,940 - INFO - Train Loss: 1.0557 Acc: 0.6418
2025-12-22 17:49:05,969 - INFO -   [LR] Tasa de aprendizaje actual: 0.000250
2025-12-22 17:49:05,970 - INFO -   [Sin mejora Loss] Paciencia: 3/50
2025-12-22 17:49:05,971 - INFO - Val Loss: 1.0257 Acc: 0.6400
2025-12-22 17:49:05,972 - INFO - --- Época 92/250 ---
2025-12-22 17:49:56,072 - INFO - Train Loss: 1.0397 Acc: 0.6525
2025-12-22 17:49:57,097 - INFO -   [LR] Tasa de aprendizaje actual: 0.000250
2025-12-22 17:49:57,098 - INFO -   [Sin mejora Loss] Paciencia: 4/50
2025-12-22 17:49:57,099 - INFO - Val Loss: 1.0624 Acc: 0.6440
2025-12-22 17:49:57,100 - INFO - --- Época 93/250 ---
2025-12-22 17:50:47,352 - INFO - Train Loss: 1.0493 Acc: 0.6538
2025-12-22 17:50:48,375 - INFO -   [LR] Tasa de aprendizaje actual: 0.000250
2025-12-22 17:50:48,376 - INFO -   [Sin mejora Loss] Paciencia: 5/50
2025-12-22 17:50:48,377 - INFO - Val Loss: 1.0237 Acc: 0.6520
2025-12-22 17:50:48,378 - INFO - --- Época 94/250 ---
2025-12-22 17:51:39,106 - INFO - Train Loss: 1.0536 Acc: 0.6485
2025-12-22 17:51:40,160 - INFO -   [LR] Tasa de aprendizaje actual: 0.000125
2025-12-22 17:51:40,161 - INFO -   [Sin mejora Loss] Paciencia: 6/50
2025-12-22 17:51:40,163 - INFO - Val Loss: 1.0386 Acc: 0.6140
2025-12-22 17:51:40,164 - INFO - --- Época 95/250 ---
2025-12-22 17:52:30,413 - INFO - Train Loss: 1.0246 Acc: 0.6502
2025-12-22 17:52:31,408 - INFO -   [LR] Tasa de aprendizaje actual: 0.000125
2025-12-22 17:52:31,410 - INFO -   [Mejora Loss] 1.0136 -> 0.9734. Reseteando paciencia.
2025-12-22 17:52:31,410 - INFO - Val Loss: 0.9734 Acc: 0.6600
2025-12-22 17:52:31,865 - INFO -   [Nuevo Récord Acc] Guardado en: models/sbtaylor_kan_tiny_imagenet\run_20251222_161747\best_model.pth
2025-12-22 17:52:31,867 - INFO - --- Época 96/250 ---
2025-12-22 17:53:21,646 - INFO - Train Loss: 1.0237 Acc: 0.6608
2025-12-22 17:53:22,659 - INFO -   [LR] Tasa de aprendizaje actual: 0.000125
2025-12-22 17:53:22,660 - INFO -   [Sin mejora Loss] Paciencia: 1/50
2025-12-22 17:53:22,662 - INFO - Val Loss: 0.9847 Acc: 0.6540
2025-12-22 17:53:22,663 - INFO - --- Época 97/250 ---
2025-12-22 17:54:12,977 - INFO - Train Loss: 1.0092 Acc: 0.6660
2025-12-22 17:54:14,047 - INFO -   [LR] Tasa de aprendizaje actual: 0.000125
2025-12-22 17:54:14,047 - INFO -   [Mejora Loss] 0.9734 -> 0.9697. Reseteando paciencia.
2025-12-22 17:54:14,049 - INFO - Val Loss: 0.9697 Acc: 0.6420
2025-12-22 17:54:14,050 - INFO - --- Época 98/250 ---
2025-12-22 17:55:03,886 - INFO - Train Loss: 0.9866 Acc: 0.6713
2025-12-22 17:55:04,943 - INFO -   [LR] Tasa de aprendizaje actual: 0.000125
2025-12-22 17:55:04,944 - INFO -   [Sin mejora Loss] Paciencia: 1/50
2025-12-22 17:55:04,945 - INFO - Val Loss: 0.9743 Acc: 0.6660
2025-12-22 17:55:05,425 - INFO -   [Nuevo Récord Acc] Guardado en: models/sbtaylor_kan_tiny_imagenet\run_20251222_161747\best_model.pth
2025-12-22 17:55:05,426 - INFO - --- Época 99/250 ---
2025-12-22 17:55:55,028 - INFO - Train Loss: 1.0046 Acc: 0.6560
2025-12-22 17:55:56,096 - INFO -   [LR] Tasa de aprendizaje actual: 0.000125
2025-12-22 17:55:56,096 - INFO -   [Sin mejora Loss] Paciencia: 2/50
2025-12-22 17:55:56,097 - INFO - Val Loss: 0.9717 Acc: 0.6700
2025-12-22 17:55:56,536 - INFO -   [Nuevo Récord Acc] Guardado en: models/sbtaylor_kan_tiny_imagenet\run_20251222_161747\best_model.pth
2025-12-22 17:55:56,538 - INFO - --- Época 100/250 ---
2025-12-22 17:56:46,767 - INFO - Train Loss: 1.0021 Acc: 0.6623
2025-12-22 17:56:47,792 - INFO -   [LR] Tasa de aprendizaje actual: 0.000125
2025-12-22 17:56:47,793 - INFO -   [Mejora Loss] 0.9697 -> 0.9641. Reseteando paciencia.
2025-12-22 17:56:47,794 - INFO - Val Loss: 0.9641 Acc: 0.6580
2025-12-22 17:56:47,795 - INFO - --- Época 101/250 ---
2025-12-22 17:57:37,933 - INFO - Train Loss: 1.0117 Acc: 0.6585
2025-12-22 17:57:38,957 - INFO -   [LR] Tasa de aprendizaje actual: 0.000125
2025-12-22 17:57:38,958 - INFO -   [Sin mejora Loss] Paciencia: 1/50
2025-12-22 17:57:38,959 - INFO - Val Loss: 0.9746 Acc: 0.6540
2025-12-22 17:57:38,961 - INFO - --- Época 102/250 ---
2025-12-22 17:58:29,514 - INFO - Train Loss: 0.9853 Acc: 0.6615
2025-12-22 17:58:30,548 - INFO -   [LR] Tasa de aprendizaje actual: 0.000125
2025-12-22 17:58:30,549 - INFO -   [Sin mejora Loss] Paciencia: 2/50
2025-12-22 17:58:30,550 - INFO - Val Loss: 0.9928 Acc: 0.6540
2025-12-22 17:58:30,551 - INFO - --- Época 103/250 ---
2025-12-22 17:59:21,482 - INFO - Train Loss: 0.9836 Acc: 0.6765
2025-12-22 17:59:22,532 - INFO -   [LR] Tasa de aprendizaje actual: 0.000125
2025-12-22 17:59:22,533 - INFO -   [Sin mejora Loss] Paciencia: 3/50
2025-12-22 17:59:22,534 - INFO - Val Loss: 0.9773 Acc: 0.6500
2025-12-22 17:59:22,535 - INFO - --- Época 104/250 ---
2025-12-22 18:00:25,223 - INFO - Train Loss: 0.9620 Acc: 0.6773
2025-12-22 18:00:26,734 - INFO -   [LR] Tasa de aprendizaje actual: 0.000125
2025-12-22 18:00:26,735 - INFO -   [Sin mejora Loss] Paciencia: 4/50
2025-12-22 18:00:26,737 - INFO - Val Loss: 0.9859 Acc: 0.6560
2025-12-22 18:00:26,740 - INFO - --- Época 105/250 ---
2025-12-22 18:01:42,829 - INFO - Train Loss: 0.9506 Acc: 0.6840
2025-12-22 18:01:44,450 - INFO -   [LR] Tasa de aprendizaje actual: 0.000125
2025-12-22 18:01:44,451 - INFO -   [Sin mejora Loss] Paciencia: 5/50
2025-12-22 18:01:44,452 - INFO - Val Loss: 0.9670 Acc: 0.6600
2025-12-22 18:01:44,453 - INFO - --- Época 106/250 ---
2025-12-22 18:02:36,666 - INFO - Train Loss: 0.9829 Acc: 0.6770
2025-12-22 18:02:37,646 - INFO -   [LR] Tasa de aprendizaje actual: 0.000063
2025-12-22 18:02:37,647 - INFO -   [Sin mejora Loss] Paciencia: 6/50
2025-12-22 18:02:37,648 - INFO - Val Loss: 0.9743 Acc: 0.6640
2025-12-22 18:02:37,649 - INFO - --- Época 107/250 ---
2025-12-22 18:03:27,020 - INFO - Train Loss: 0.9621 Acc: 0.6700
2025-12-22 18:03:27,952 - INFO -   [LR] Tasa de aprendizaje actual: 0.000063
2025-12-22 18:03:27,952 - INFO -   [Mejora Loss] 0.9641 -> 0.9519. Reseteando paciencia.
2025-12-22 18:03:27,953 - INFO - Val Loss: 0.9519 Acc: 0.6740
2025-12-22 18:03:28,389 - INFO -   [Nuevo Récord Acc] Guardado en: models/sbtaylor_kan_tiny_imagenet\run_20251222_161747\best_model.pth
2025-12-22 18:03:28,391 - INFO - --- Época 108/250 ---
2025-12-22 18:04:21,705 - INFO - Train Loss: 0.9446 Acc: 0.6887
2025-12-22 18:04:22,737 - INFO -   [LR] Tasa de aprendizaje actual: 0.000063
2025-12-22 18:04:22,738 - INFO -   [Sin mejora Loss] Paciencia: 1/50
2025-12-22 18:04:22,739 - INFO - Val Loss: 0.9673 Acc: 0.6560
2025-12-22 18:04:22,740 - INFO - --- Época 109/250 ---
2025-12-22 18:05:13,019 - INFO - Train Loss: 0.9643 Acc: 0.6783
2025-12-22 18:05:14,090 - INFO -   [LR] Tasa de aprendizaje actual: 0.000063
2025-12-22 18:05:14,091 - INFO -   [Sin mejora Loss] Paciencia: 2/50
2025-12-22 18:05:14,092 - INFO - Val Loss: 0.9686 Acc: 0.6540
2025-12-22 18:05:14,093 - INFO - --- Época 110/250 ---
2025-12-22 18:06:04,840 - INFO - Train Loss: 0.9402 Acc: 0.6763
2025-12-22 18:06:05,865 - INFO -   [LR] Tasa de aprendizaje actual: 0.000063
2025-12-22 18:06:05,866 - INFO -   [Sin mejora Loss] Paciencia: 3/50
2025-12-22 18:06:05,867 - INFO - Val Loss: 0.9540 Acc: 0.6640
2025-12-22 18:06:05,868 - INFO - --- Época 111/250 ---
2025-12-22 18:06:56,769 - INFO - Train Loss: 0.9442 Acc: 0.6780
2025-12-22 18:06:57,796 - INFO -   [LR] Tasa de aprendizaje actual: 0.000063
2025-12-22 18:06:57,797 - INFO -   [Sin mejora Loss] Paciencia: 4/50
2025-12-22 18:06:57,798 - INFO - Val Loss: 0.9577 Acc: 0.6540
2025-12-22 18:06:57,799 - INFO - --- Época 112/250 ---
2025-12-22 18:07:48,368 - INFO - Train Loss: 0.9336 Acc: 0.6843
2025-12-22 18:07:49,554 - INFO -   [LR] Tasa de aprendizaje actual: 0.000063
2025-12-22 18:07:49,556 - INFO -   [Sin mejora Loss] Paciencia: 5/50
2025-12-22 18:07:49,557 - INFO - Val Loss: 0.9599 Acc: 0.6580
2025-12-22 18:07:49,558 - INFO - --- Época 113/250 ---
2025-12-22 18:08:52,240 - INFO - Train Loss: 0.9244 Acc: 0.6870
2025-12-22 18:08:53,420 - INFO -   [LR] Tasa de aprendizaje actual: 0.000063
2025-12-22 18:08:53,423 - INFO -   [Mejora Loss] 0.9519 -> 0.9444. Reseteando paciencia.
2025-12-22 18:08:53,424 - INFO - Val Loss: 0.9444 Acc: 0.6620
2025-12-22 18:08:53,427 - INFO - --- Época 114/250 ---
2025-12-22 18:10:02,025 - INFO - Train Loss: 0.9281 Acc: 0.6863
2025-12-22 18:10:03,365 - INFO -   [LR] Tasa de aprendizaje actual: 0.000063
2025-12-22 18:10:03,365 - INFO -   [Sin mejora Loss] Paciencia: 1/50
2025-12-22 18:10:03,367 - INFO - Val Loss: 0.9514 Acc: 0.6620
2025-12-22 18:10:03,368 - INFO - --- Época 115/250 ---
2025-12-22 18:10:58,011 - INFO - Train Loss: 0.9421 Acc: 0.6787
2025-12-22 18:10:59,034 - INFO -   [LR] Tasa de aprendizaje actual: 0.000063
2025-12-22 18:10:59,035 - INFO -   [Sin mejora Loss] Paciencia: 2/50
2025-12-22 18:10:59,037 - INFO - Val Loss: 0.9641 Acc: 0.6520
2025-12-22 18:10:59,037 - INFO - --- Época 116/250 ---
2025-12-22 18:11:48,911 - INFO - Train Loss: 0.9229 Acc: 0.6885
2025-12-22 18:11:49,930 - INFO -   [LR] Tasa de aprendizaje actual: 0.000063
2025-12-22 18:11:49,931 - INFO -   [Sin mejora Loss] Paciencia: 3/50
2025-12-22 18:11:49,932 - INFO - Val Loss: 0.9557 Acc: 0.6620
2025-12-22 18:11:49,933 - INFO - --- Época 117/250 ---
2025-12-22 18:12:40,426 - INFO - Train Loss: 0.9410 Acc: 0.6767
2025-12-22 18:12:41,439 - INFO -   [LR] Tasa de aprendizaje actual: 0.000063
2025-12-22 18:12:41,440 - INFO -   [Sin mejora Loss] Paciencia: 4/50
2025-12-22 18:12:41,441 - INFO - Val Loss: 0.9609 Acc: 0.6560
2025-12-22 18:12:41,442 - INFO - --- Época 118/250 ---
2025-12-22 18:13:31,593 - INFO - Train Loss: 0.9234 Acc: 0.6845
2025-12-22 18:13:32,671 - INFO -   [LR] Tasa de aprendizaje actual: 0.000063
2025-12-22 18:13:32,672 - INFO -   [Sin mejora Loss] Paciencia: 5/50
2025-12-22 18:13:32,673 - INFO - Val Loss: 0.9598 Acc: 0.6720
2025-12-22 18:13:32,673 - INFO - --- Época 119/250 ---
2025-12-22 18:14:23,041 - INFO - Train Loss: 0.9179 Acc: 0.6917
2025-12-22 18:14:24,064 - INFO -   [LR] Tasa de aprendizaje actual: 0.000031
2025-12-22 18:14:24,065 - INFO -   [Sin mejora Loss] Paciencia: 6/50
2025-12-22 18:14:24,066 - INFO - Val Loss: 0.9446 Acc: 0.6540
2025-12-22 18:14:24,067 - INFO - --- Época 120/250 ---
2025-12-22 18:15:14,132 - INFO - Train Loss: 0.9213 Acc: 0.6920
2025-12-22 18:15:15,152 - INFO -   [LR] Tasa de aprendizaje actual: 0.000031
2025-12-22 18:15:15,154 - INFO -   [Sin mejora Loss] Paciencia: 7/50
2025-12-22 18:15:15,155 - INFO - Val Loss: 0.9500 Acc: 0.6700
2025-12-22 18:15:15,156 - INFO - --- Época 121/250 ---
2025-12-22 18:16:05,125 - INFO - Train Loss: 0.9259 Acc: 0.6945
2025-12-22 18:16:06,123 - INFO -   [LR] Tasa de aprendizaje actual: 0.000031
2025-12-22 18:16:06,124 - INFO -   [Sin mejora Loss] Paciencia: 8/50
2025-12-22 18:16:06,125 - INFO - Val Loss: 0.9485 Acc: 0.6620
2025-12-22 18:16:06,126 - INFO - --- Época 122/250 ---
2025-12-22 18:16:56,085 - INFO - Train Loss: 0.9150 Acc: 0.6855
2025-12-22 18:16:57,106 - INFO -   [LR] Tasa de aprendizaje actual: 0.000031
2025-12-22 18:16:57,108 - INFO -   [Sin mejora Loss] Paciencia: 9/50
2025-12-22 18:16:57,109 - INFO - Val Loss: 0.9511 Acc: 0.6660
2025-12-22 18:16:57,110 - INFO - --- Época 123/250 ---
2025-12-22 18:17:46,917 - INFO - Train Loss: 0.9092 Acc: 0.6963
2025-12-22 18:17:47,960 - INFO -   [LR] Tasa de aprendizaje actual: 0.000031
2025-12-22 18:17:47,960 - INFO -   [Sin mejora Loss] Paciencia: 10/50
2025-12-22 18:17:47,961 - INFO - Val Loss: 0.9513 Acc: 0.6560
2025-12-22 18:17:47,962 - INFO - --- Época 124/250 ---
2025-12-22 18:18:38,487 - INFO - Train Loss: 0.9092 Acc: 0.6910
2025-12-22 18:18:39,471 - INFO -   [LR] Tasa de aprendizaje actual: 0.000031
2025-12-22 18:18:39,472 - INFO -   [Sin mejora Loss] Paciencia: 11/50
2025-12-22 18:18:39,474 - INFO - Val Loss: 0.9460 Acc: 0.6640
2025-12-22 18:18:39,474 - INFO - --- Época 125/250 ---
2025-12-22 18:19:29,532 - INFO - Train Loss: 0.9024 Acc: 0.6967
2025-12-22 18:19:30,538 - INFO -   [LR] Tasa de aprendizaje actual: 0.000016
2025-12-22 18:19:30,539 - INFO -   [Sin mejora Loss] Paciencia: 12/50
2025-12-22 18:19:30,540 - INFO - Val Loss: 0.9574 Acc: 0.6580
2025-12-22 18:19:30,541 - INFO - --- Época 126/250 ---
2025-12-22 18:20:21,576 - INFO - Train Loss: 0.9105 Acc: 0.6913
2025-12-22 18:20:22,595 - INFO -   [LR] Tasa de aprendizaje actual: 0.000016
2025-12-22 18:20:22,596 - INFO -   [Sin mejora Loss] Paciencia: 13/50
2025-12-22 18:20:22,597 - INFO - Val Loss: 0.9504 Acc: 0.6580
2025-12-22 18:20:22,598 - INFO - --- Época 127/250 ---
2025-12-22 18:21:13,335 - INFO - Train Loss: 0.9149 Acc: 0.6930
2025-12-22 18:21:14,384 - INFO -   [LR] Tasa de aprendizaje actual: 0.000016
2025-12-22 18:21:14,385 - INFO -   [Sin mejora Loss] Paciencia: 14/50
2025-12-22 18:21:14,386 - INFO - Val Loss: 0.9469 Acc: 0.6620
2025-12-22 18:21:14,388 - INFO - --- Época 128/250 ---
2025-12-22 18:22:04,404 - INFO - Train Loss: 0.8999 Acc: 0.6993
2025-12-22 18:22:05,372 - INFO -   [LR] Tasa de aprendizaje actual: 0.000016
2025-12-22 18:22:05,373 - INFO -   [Sin mejora Loss] Paciencia: 15/50
2025-12-22 18:22:05,374 - INFO - Val Loss: 0.9471 Acc: 0.6620
2025-12-22 18:22:05,375 - INFO - --- Época 129/250 ---
2025-12-22 18:22:55,281 - INFO - Train Loss: 0.9098 Acc: 0.6975
2025-12-22 18:22:56,312 - INFO -   [LR] Tasa de aprendizaje actual: 0.000016
2025-12-22 18:22:56,313 - INFO -   [Sin mejora Loss] Paciencia: 16/50
2025-12-22 18:22:56,314 - INFO - Val Loss: 0.9449 Acc: 0.6640
2025-12-22 18:22:56,315 - INFO - --- Época 130/250 ---
2025-12-22 18:23:46,645 - INFO - Train Loss: 0.9144 Acc: 0.6935
2025-12-22 18:23:47,592 - INFO -   [LR] Tasa de aprendizaje actual: 0.000016
2025-12-22 18:23:47,593 - INFO -   [Sin mejora Loss] Paciencia: 17/50
2025-12-22 18:23:47,595 - INFO - Val Loss: 0.9460 Acc: 0.6540
2025-12-22 18:23:47,596 - INFO - --- Época 131/250 ---
2025-12-22 18:24:38,087 - INFO - Train Loss: 0.9125 Acc: 0.6960
2025-12-22 18:24:39,049 - INFO -   [LR] Tasa de aprendizaje actual: 0.000016
2025-12-22 18:24:39,050 - INFO -   [Mejora Loss] 0.9444 -> 0.9435. Reseteando paciencia.
2025-12-22 18:24:39,051 - INFO - Val Loss: 0.9435 Acc: 0.6640
2025-12-22 18:24:39,052 - INFO - --- Época 132/250 ---
2025-12-22 18:25:29,795 - INFO - Train Loss: 0.9144 Acc: 0.6957
2025-12-22 18:25:30,915 - INFO -   [LR] Tasa de aprendizaje actual: 0.000016
2025-12-22 18:25:30,916 - INFO -   [Mejora Loss] 0.9435 -> 0.9424. Reseteando paciencia.
2025-12-22 18:25:30,917 - INFO - Val Loss: 0.9424 Acc: 0.6660
2025-12-22 18:25:30,918 - INFO - --- Época 133/250 ---
2025-12-22 18:26:31,278 - INFO - Train Loss: 0.9055 Acc: 0.6937
2025-12-22 18:26:32,454 - INFO -   [LR] Tasa de aprendizaje actual: 0.000016
2025-12-22 18:26:32,455 - INFO -   [Sin mejora Loss] Paciencia: 1/50
2025-12-22 18:26:32,457 - INFO - Val Loss: 0.9432 Acc: 0.6680
2025-12-22 18:26:32,459 - INFO - --- Época 134/250 ---
2025-12-22 18:27:33,910 - INFO - Train Loss: 0.9060 Acc: 0.6965
2025-12-22 18:27:35,185 - INFO -   [LR] Tasa de aprendizaje actual: 0.000016
2025-12-22 18:27:35,187 - INFO -   [Sin mejora Loss] Paciencia: 2/50
2025-12-22 18:27:35,189 - INFO - Val Loss: 0.9449 Acc: 0.6620
2025-12-22 18:27:35,191 - INFO - --- Época 135/250 ---
2025-12-22 18:28:39,635 - INFO - Train Loss: 0.8909 Acc: 0.6980
2025-12-22 18:28:40,943 - INFO -   [LR] Tasa de aprendizaje actual: 0.000016
2025-12-22 18:28:40,944 - INFO -   [Sin mejora Loss] Paciencia: 3/50
2025-12-22 18:28:40,946 - INFO - Val Loss: 0.9428 Acc: 0.6620
2025-12-22 18:28:40,948 - INFO - --- Época 136/250 ---
2025-12-22 18:29:43,675 - INFO - Train Loss: 0.9091 Acc: 0.6893
2025-12-22 18:29:44,870 - INFO -   [LR] Tasa de aprendizaje actual: 0.000016
2025-12-22 18:29:44,871 - INFO -   [Sin mejora Loss] Paciencia: 4/50
2025-12-22 18:29:44,873 - INFO - Val Loss: 0.9476 Acc: 0.6660
2025-12-22 18:29:44,875 - INFO - --- Época 137/250 ---
2025-12-22 18:30:48,326 - INFO - Train Loss: 0.8934 Acc: 0.6927
2025-12-22 18:30:49,659 - INFO -   [LR] Tasa de aprendizaje actual: 0.000016
2025-12-22 18:30:49,659 - INFO -   [Mejora Loss] 0.9424 -> 0.9399. Reseteando paciencia.
2025-12-22 18:30:49,661 - INFO - Val Loss: 0.9399 Acc: 0.6640
2025-12-22 18:30:49,663 - INFO - --- Época 138/250 ---
2025-12-22 18:31:53,110 - INFO - Train Loss: 0.8997 Acc: 0.7020
2025-12-22 18:31:54,394 - INFO -   [LR] Tasa de aprendizaje actual: 0.000016
2025-12-22 18:31:54,396 - INFO -   [Sin mejora Loss] Paciencia: 1/50
2025-12-22 18:31:54,397 - INFO - Val Loss: 0.9461 Acc: 0.6600
2025-12-22 18:31:54,399 - INFO - --- Época 139/250 ---
2025-12-22 18:32:47,243 - INFO - Train Loss: 0.8903 Acc: 0.7010
2025-12-22 18:32:48,275 - INFO -   [LR] Tasa de aprendizaje actual: 0.000016
2025-12-22 18:32:48,276 - INFO -   [Sin mejora Loss] Paciencia: 2/50
2025-12-22 18:32:48,277 - INFO - Val Loss: 0.9407 Acc: 0.6640
2025-12-22 18:32:48,278 - INFO - --- Época 140/250 ---
2025-12-22 18:33:38,992 - INFO - Train Loss: 0.8915 Acc: 0.7007
2025-12-22 18:33:40,055 - INFO -   [LR] Tasa de aprendizaje actual: 0.000016
2025-12-22 18:33:40,055 - INFO -   [Sin mejora Loss] Paciencia: 3/50
2025-12-22 18:33:40,056 - INFO - Val Loss: 0.9437 Acc: 0.6680
2025-12-22 18:33:40,058 - INFO - --- Época 141/250 ---
2025-12-22 18:34:30,654 - INFO - Train Loss: 0.8797 Acc: 0.7010
2025-12-22 18:34:31,669 - INFO -   [LR] Tasa de aprendizaje actual: 0.000016
2025-12-22 18:34:31,670 - INFO -   [Mejora Loss] 0.9399 -> 0.9357. Reseteando paciencia.
2025-12-22 18:34:31,672 - INFO - Val Loss: 0.9357 Acc: 0.6620
2025-12-22 18:34:31,673 - INFO - --- Época 142/250 ---
2025-12-22 18:35:22,931 - INFO - Train Loss: 0.9006 Acc: 0.7007
2025-12-22 18:35:23,937 - INFO -   [LR] Tasa de aprendizaje actual: 0.000016
2025-12-22 18:35:23,938 - INFO -   [Sin mejora Loss] Paciencia: 1/50
2025-12-22 18:35:23,939 - INFO - Val Loss: 0.9425 Acc: 0.6600
2025-12-22 18:35:23,941 - INFO - --- Época 143/250 ---
2025-12-22 18:36:19,850 - INFO - Train Loss: 0.8963 Acc: 0.6945
2025-12-22 18:36:20,761 - INFO -   [LR] Tasa de aprendizaje actual: 0.000016
2025-12-22 18:36:20,762 - INFO -   [Sin mejora Loss] Paciencia: 2/50
2025-12-22 18:36:20,764 - INFO - Val Loss: 0.9498 Acc: 0.6560
2025-12-22 18:36:20,766 - INFO - --- Época 144/250 ---
2025-12-22 18:37:10,985 - INFO - Train Loss: 0.8896 Acc: 0.7017
2025-12-22 18:37:11,992 - INFO -   [LR] Tasa de aprendizaje actual: 0.000016
2025-12-22 18:37:11,992 - INFO -   [Sin mejora Loss] Paciencia: 3/50
2025-12-22 18:37:11,993 - INFO - Val Loss: 0.9465 Acc: 0.6640
2025-12-22 18:37:11,994 - INFO - --- Época 145/250 ---
2025-12-22 18:38:03,159 - INFO - Train Loss: 0.9020 Acc: 0.6953
2025-12-22 18:38:04,280 - INFO -   [LR] Tasa de aprendizaje actual: 0.000016
2025-12-22 18:38:04,281 - INFO -   [Sin mejora Loss] Paciencia: 4/50
2025-12-22 18:38:04,282 - INFO - Val Loss: 0.9451 Acc: 0.6680
2025-12-22 18:38:04,283 - INFO - --- Época 146/250 ---
2025-12-22 18:39:02,298 - INFO - Train Loss: 0.8766 Acc: 0.7000
2025-12-22 18:39:03,339 - INFO -   [LR] Tasa de aprendizaje actual: 0.000016
2025-12-22 18:39:03,340 - INFO -   [Mejora Loss] 0.9357 -> 0.9354. Reseteando paciencia.
2025-12-22 18:39:03,341 - INFO - Val Loss: 0.9354 Acc: 0.6700
2025-12-22 18:39:03,342 - INFO - --- Época 147/250 ---
2025-12-22 18:40:03,329 - INFO - Train Loss: 0.8855 Acc: 0.7093
2025-12-22 18:40:04,563 - INFO -   [LR] Tasa de aprendizaje actual: 0.000016
2025-12-22 18:40:04,564 - INFO -   [Sin mejora Loss] Paciencia: 1/50
2025-12-22 18:40:04,565 - INFO - Val Loss: 0.9473 Acc: 0.6680
2025-12-22 18:40:04,568 - INFO - --- Época 148/250 ---
2025-12-22 18:41:05,762 - INFO - Train Loss: 0.8849 Acc: 0.6995
2025-12-22 18:41:07,035 - INFO -   [LR] Tasa de aprendizaje actual: 0.000016
2025-12-22 18:41:07,036 - INFO -   [Sin mejora Loss] Paciencia: 2/50
2025-12-22 18:41:07,037 - INFO - Val Loss: 0.9419 Acc: 0.6720
2025-12-22 18:41:07,039 - INFO - --- Época 149/250 ---
2025-12-22 18:42:09,569 - INFO - Train Loss: 0.8800 Acc: 0.7037
2025-12-22 18:42:10,905 - INFO -   [LR] Tasa de aprendizaje actual: 0.000016
2025-12-22 18:42:10,906 - INFO -   [Sin mejora Loss] Paciencia: 3/50
2025-12-22 18:42:10,907 - INFO - Val Loss: 0.9431 Acc: 0.6700
2025-12-22 18:42:10,908 - INFO - --- Época 150/250 ---
2025-12-22 18:43:13,418 - INFO - Train Loss: 0.8999 Acc: 0.6957
2025-12-22 18:43:14,700 - INFO -   [LR] Tasa de aprendizaje actual: 0.000016
2025-12-22 18:43:14,701 - INFO -   [Sin mejora Loss] Paciencia: 4/50
2025-12-22 18:43:14,702 - INFO - Val Loss: 0.9432 Acc: 0.6640
2025-12-22 18:43:14,703 - INFO - --- Época 151/250 ---
2025-12-22 18:44:15,751 - INFO - Train Loss: 0.9044 Acc: 0.6907
2025-12-22 18:44:17,040 - INFO -   [LR] Tasa de aprendizaje actual: 0.000016
2025-12-22 18:44:17,041 - INFO -   [Sin mejora Loss] Paciencia: 5/50
2025-12-22 18:44:17,043 - INFO - Val Loss: 0.9484 Acc: 0.6620
2025-12-22 18:44:17,045 - INFO - --- Época 152/250 ---
2025-12-22 18:45:18,417 - INFO - Train Loss: 0.8745 Acc: 0.7080
2025-12-22 18:45:19,649 - INFO -   [LR] Tasa de aprendizaje actual: 0.000008
2025-12-22 18:45:19,650 - INFO -   [Sin mejora Loss] Paciencia: 6/50
2025-12-22 18:45:19,652 - INFO - Val Loss: 0.9406 Acc: 0.6640
2025-12-22 18:45:19,653 - INFO - --- Época 153/250 ---
2025-12-22 18:46:20,802 - INFO - Train Loss: 0.8996 Acc: 0.6943
2025-12-22 18:46:22,046 - INFO -   [LR] Tasa de aprendizaje actual: 0.000008
2025-12-22 18:46:22,048 - INFO -   [Sin mejora Loss] Paciencia: 7/50
2025-12-22 18:46:22,049 - INFO - Val Loss: 0.9402 Acc: 0.6660
2025-12-22 18:46:22,051 - INFO - --- Época 154/250 ---
2025-12-22 18:47:25,010 - INFO - Train Loss: 0.8963 Acc: 0.6887
2025-12-22 18:47:26,299 - INFO -   [LR] Tasa de aprendizaje actual: 0.000008
2025-12-22 18:47:26,300 - INFO -   [Sin mejora Loss] Paciencia: 8/50
2025-12-22 18:47:26,302 - INFO - Val Loss: 0.9377 Acc: 0.6640
2025-12-22 18:47:26,303 - INFO - --- Época 155/250 ---
2025-12-22 18:48:27,516 - INFO - Train Loss: 0.8693 Acc: 0.7170
2025-12-22 18:48:28,608 - INFO -   [LR] Tasa de aprendizaje actual: 0.000008
2025-12-22 18:48:28,609 - INFO -   [Sin mejora Loss] Paciencia: 9/50
2025-12-22 18:48:28,610 - INFO - Val Loss: 0.9376 Acc: 0.6580
2025-12-22 18:48:28,611 - INFO - --- Época 156/250 ---
2025-12-22 18:49:33,496 - INFO - Train Loss: 0.8761 Acc: 0.7050
2025-12-22 18:49:34,551 - INFO -   [LR] Tasa de aprendizaje actual: 0.000008
2025-12-22 18:49:34,552 - INFO -   [Mejora Loss] 0.9354 -> 0.9350. Reseteando paciencia.
2025-12-22 18:49:34,553 - INFO - Val Loss: 0.9350 Acc: 0.6660
2025-12-22 18:49:34,555 - INFO - --- Época 157/250 ---
2025-12-22 18:50:39,578 - INFO - Train Loss: 0.8853 Acc: 0.6987
2025-12-22 18:50:40,808 - INFO -   [LR] Tasa de aprendizaje actual: 0.000008
2025-12-22 18:50:40,809 - INFO -   [Sin mejora Loss] Paciencia: 1/50
2025-12-22 18:50:40,810 - INFO - Val Loss: 0.9390 Acc: 0.6620
2025-12-22 18:50:40,812 - INFO - --- Época 158/250 ---
2025-12-22 18:51:42,746 - INFO - Train Loss: 0.8922 Acc: 0.6940
2025-12-22 18:51:44,027 - INFO -   [LR] Tasa de aprendizaje actual: 0.000008
2025-12-22 18:51:44,027 - INFO -   [Sin mejora Loss] Paciencia: 2/50
2025-12-22 18:51:44,028 - INFO - Val Loss: 0.9403 Acc: 0.6660
2025-12-22 18:51:44,029 - INFO - --- Época 159/250 ---
2025-12-22 18:52:45,211 - INFO - Train Loss: 0.8773 Acc: 0.7103
2025-12-22 18:52:46,438 - INFO -   [LR] Tasa de aprendizaje actual: 0.000008
2025-12-22 18:52:46,439 - INFO -   [Sin mejora Loss] Paciencia: 3/50
2025-12-22 18:52:46,441 - INFO - Val Loss: 0.9375 Acc: 0.6620
2025-12-22 18:52:46,443 - INFO - --- Época 160/250 ---
2025-12-22 18:53:47,313 - INFO - Train Loss: 0.8901 Acc: 0.6967
2025-12-22 18:53:48,524 - INFO -   [LR] Tasa de aprendizaje actual: 0.000008
2025-12-22 18:53:48,525 - INFO -   [Sin mejora Loss] Paciencia: 4/50
2025-12-22 18:53:48,526 - INFO - Val Loss: 0.9401 Acc: 0.6600
2025-12-22 18:53:48,527 - INFO - --- Época 161/250 ---
2025-12-22 18:54:50,521 - INFO - Train Loss: 0.8813 Acc: 0.7040
2025-12-22 18:54:51,954 - INFO -   [LR] Tasa de aprendizaje actual: 0.000008
2025-12-22 18:54:51,955 - INFO -   [Sin mejora Loss] Paciencia: 5/50
2025-12-22 18:54:51,957 - INFO - Val Loss: 0.9402 Acc: 0.6620
2025-12-22 18:54:51,959 - INFO - --- Época 162/250 ---
2025-12-22 18:55:55,034 - INFO - Train Loss: 0.8972 Acc: 0.6967
2025-12-22 18:55:56,349 - INFO -   [LR] Tasa de aprendizaje actual: 0.000004
2025-12-22 18:55:56,350 - INFO -   [Sin mejora Loss] Paciencia: 6/50
2025-12-22 18:55:56,351 - INFO - Val Loss: 0.9383 Acc: 0.6660
2025-12-22 18:55:56,353 - INFO - --- Época 163/250 ---
2025-12-22 18:57:00,185 - INFO - Train Loss: 0.8916 Acc: 0.7005
2025-12-22 18:57:01,248 - INFO -   [LR] Tasa de aprendizaje actual: 0.000004
2025-12-22 18:57:01,249 - INFO -   [Sin mejora Loss] Paciencia: 7/50
2025-12-22 18:57:01,250 - INFO - Val Loss: 0.9438 Acc: 0.6580
2025-12-22 18:57:01,251 - INFO - --- Época 164/250 ---
2025-12-22 18:58:02,700 - INFO - Train Loss: 0.8865 Acc: 0.6990
2025-12-22 18:58:03,709 - INFO -   [LR] Tasa de aprendizaje actual: 0.000004
2025-12-22 18:58:03,710 - INFO -   [Sin mejora Loss] Paciencia: 8/50
2025-12-22 18:58:03,711 - INFO - Val Loss: 0.9425 Acc: 0.6560
2025-12-22 18:58:03,712 - INFO - --- Época 165/250 ---
2025-12-22 18:59:05,441 - INFO - Train Loss: 0.8918 Acc: 0.7017
2025-12-22 18:59:06,684 - INFO -   [LR] Tasa de aprendizaje actual: 0.000004
2025-12-22 18:59:06,685 - INFO -   [Sin mejora Loss] Paciencia: 9/50
2025-12-22 18:59:06,687 - INFO - Val Loss: 0.9472 Acc: 0.6600
2025-12-22 18:59:06,688 - INFO - --- Época 166/250 ---
2025-12-22 19:00:08,077 - INFO - Train Loss: 0.8833 Acc: 0.7050
2025-12-22 19:00:09,282 - INFO -   [LR] Tasa de aprendizaje actual: 0.000004
2025-12-22 19:00:09,283 - INFO -   [Sin mejora Loss] Paciencia: 10/50
2025-12-22 19:00:09,284 - INFO - Val Loss: 0.9419 Acc: 0.6600
2025-12-22 19:00:09,285 - INFO - --- Época 167/250 ---
2025-12-22 19:01:10,353 - INFO - Train Loss: 0.8915 Acc: 0.6935
2025-12-22 19:01:11,542 - INFO -   [LR] Tasa de aprendizaje actual: 0.000004
2025-12-22 19:01:11,543 - INFO -   [Sin mejora Loss] Paciencia: 11/50
2025-12-22 19:01:11,545 - INFO - Val Loss: 0.9396 Acc: 0.6680
2025-12-22 19:01:11,546 - INFO - --- Época 168/250 ---
2025-12-22 19:02:13,038 - INFO - Train Loss: 0.8627 Acc: 0.7087
2025-12-22 19:02:14,241 - INFO -   [LR] Tasa de aprendizaje actual: 0.000002
2025-12-22 19:02:14,242 - INFO -   [Sin mejora Loss] Paciencia: 12/50
2025-12-22 19:02:14,243 - INFO - Val Loss: 0.9419 Acc: 0.6640
2025-12-22 19:02:14,244 - INFO - --- Época 169/250 ---
2025-12-22 19:03:18,019 - INFO - Train Loss: 0.9100 Acc: 0.6903
2025-12-22 19:03:19,318 - INFO -   [LR] Tasa de aprendizaje actual: 0.000002
2025-12-22 19:03:19,319 - INFO -   [Sin mejora Loss] Paciencia: 13/50
2025-12-22 19:03:19,320 - INFO - Val Loss: 0.9398 Acc: 0.6700
2025-12-22 19:03:19,321 - INFO - --- Época 170/250 ---
2025-12-22 19:04:23,009 - INFO - Train Loss: 0.8843 Acc: 0.7075
2025-12-22 19:04:24,349 - INFO -   [LR] Tasa de aprendizaje actual: 0.000002
2025-12-22 19:04:24,349 - INFO -   [Sin mejora Loss] Paciencia: 14/50
2025-12-22 19:04:24,351 - INFO - Val Loss: 0.9353 Acc: 0.6680
2025-12-22 19:04:24,352 - INFO - --- Época 171/250 ---
2025-12-22 19:05:27,719 - INFO - Train Loss: 0.8760 Acc: 0.7037
2025-12-22 19:05:28,996 - INFO -   [LR] Tasa de aprendizaje actual: 0.000002
2025-12-22 19:05:28,996 - INFO -   [Sin mejora Loss] Paciencia: 15/50
2025-12-22 19:05:28,997 - INFO - Val Loss: 0.9381 Acc: 0.6700
2025-12-22 19:05:28,999 - INFO - --- Época 172/250 ---
2025-12-22 19:06:32,423 - INFO - Train Loss: 0.8846 Acc: 0.7017
2025-12-22 19:06:33,929 - INFO -   [LR] Tasa de aprendizaje actual: 0.000002
2025-12-22 19:06:33,930 - INFO -   [Sin mejora Loss] Paciencia: 16/50
2025-12-22 19:06:33,931 - INFO - Val Loss: 0.9375 Acc: 0.6640
2025-12-22 19:06:33,932 - INFO - --- Época 173/250 ---
2025-12-22 19:07:39,740 - INFO - Train Loss: 0.8697 Acc: 0.7095
2025-12-22 19:07:40,943 - INFO -   [LR] Tasa de aprendizaje actual: 0.000002
2025-12-22 19:07:40,944 - INFO -   [Sin mejora Loss] Paciencia: 17/50
2025-12-22 19:07:40,945 - INFO - Val Loss: 0.9389 Acc: 0.6700
2025-12-22 19:07:40,946 - INFO - --- Época 174/250 ---
2025-12-22 19:08:43,808 - INFO - Train Loss: 0.8671 Acc: 0.7095
2025-12-22 19:08:45,073 - INFO -   [LR] Tasa de aprendizaje actual: 0.000001
2025-12-22 19:08:45,074 - INFO -   [Sin mejora Loss] Paciencia: 18/50
2025-12-22 19:08:45,076 - INFO - Val Loss: 0.9372 Acc: 0.6700
2025-12-22 19:08:45,078 - INFO - --- Época 175/250 ---
2025-12-22 19:09:48,701 - INFO - Train Loss: 0.8874 Acc: 0.6983
2025-12-22 19:09:49,877 - INFO -   [LR] Tasa de aprendizaje actual: 0.000001
2025-12-22 19:09:49,878 - INFO -   [Sin mejora Loss] Paciencia: 19/50
2025-12-22 19:09:49,880 - INFO - Val Loss: 0.9421 Acc: 0.6640
2025-12-22 19:09:49,881 - INFO - --- Época 176/250 ---
2025-12-22 19:10:52,698 - INFO - Train Loss: 0.8772 Acc: 0.7010
2025-12-22 19:10:53,926 - INFO -   [LR] Tasa de aprendizaje actual: 0.000001
2025-12-22 19:10:53,927 - INFO -   [Sin mejora Loss] Paciencia: 20/50
2025-12-22 19:10:53,928 - INFO - Val Loss: 0.9369 Acc: 0.6680
2025-12-22 19:10:53,930 - INFO - --- Época 177/250 ---
2025-12-22 19:11:59,982 - INFO - Train Loss: 0.8775 Acc: 0.7033
2025-12-22 19:12:01,311 - INFO -   [LR] Tasa de aprendizaje actual: 0.000001
2025-12-22 19:12:01,312 - INFO -   [Sin mejora Loss] Paciencia: 21/50
2025-12-22 19:12:01,313 - INFO - Val Loss: 0.9367 Acc: 0.6660
2025-12-22 19:12:01,315 - INFO - --- Época 178/250 ---
2025-12-22 19:13:05,362 - INFO - Train Loss: 0.8880 Acc: 0.7037
2025-12-22 19:13:06,572 - INFO -   [LR] Tasa de aprendizaje actual: 0.000001
2025-12-22 19:13:06,573 - INFO -   [Sin mejora Loss] Paciencia: 22/50
2025-12-22 19:13:06,575 - INFO - Val Loss: 0.9373 Acc: 0.6720
2025-12-22 19:13:06,576 - INFO - --- Época 179/250 ---
2025-12-22 19:14:08,548 - INFO - Train Loss: 0.8785 Acc: 0.7045
2025-12-22 19:14:09,944 - INFO -   [LR] Tasa de aprendizaje actual: 0.000001
2025-12-22 19:14:09,945 - INFO -   [Sin mejora Loss] Paciencia: 23/50
2025-12-22 19:14:09,946 - INFO - Val Loss: 0.9372 Acc: 0.6680
2025-12-22 19:14:09,947 - INFO - --- Época 180/250 ---
2025-12-22 19:15:14,579 - INFO - Train Loss: 0.8777 Acc: 0.6987
2025-12-22 19:15:15,952 - INFO -   [LR] Tasa de aprendizaje actual: 0.000001
2025-12-22 19:15:15,952 - INFO -   [Mejora Loss] 0.9350 -> 0.9345. Reseteando paciencia.
2025-12-22 19:15:15,953 - INFO - Val Loss: 0.9345 Acc: 0.6720
2025-12-22 19:15:15,954 - INFO - --- Época 181/250 ---
2025-12-22 19:16:20,848 - INFO - Train Loss: 0.8773 Acc: 0.6990
2025-12-22 19:16:22,125 - INFO -   [LR] Tasa de aprendizaje actual: 0.000001
2025-12-22 19:16:22,126 - INFO -   [Sin mejora Loss] Paciencia: 1/50
2025-12-22 19:16:22,126 - INFO - Val Loss: 0.9375 Acc: 0.6640
2025-12-22 19:16:22,128 - INFO - --- Época 182/250 ---
2025-12-22 19:17:26,565 - INFO - Train Loss: 0.8662 Acc: 0.7113
2025-12-22 19:17:27,785 - INFO -   [LR] Tasa de aprendizaje actual: 0.000001
2025-12-22 19:17:27,786 - INFO -   [Sin mejora Loss] Paciencia: 2/50
2025-12-22 19:17:27,787 - INFO - Val Loss: 0.9417 Acc: 0.6620
2025-12-22 19:17:27,787 - INFO - --- Época 183/250 ---
2025-12-22 19:18:31,953 - INFO - Train Loss: 0.8826 Acc: 0.7027
2025-12-22 19:18:33,235 - INFO -   [LR] Tasa de aprendizaje actual: 0.000001
2025-12-22 19:18:33,237 - INFO -   [Sin mejora Loss] Paciencia: 3/50
2025-12-22 19:18:33,238 - INFO - Val Loss: 0.9361 Acc: 0.6700
2025-12-22 19:18:33,239 - INFO - --- Época 184/250 ---
2025-12-22 19:19:36,370 - INFO - Train Loss: 0.8870 Acc: 0.7047
2025-12-22 19:19:37,583 - INFO -   [LR] Tasa de aprendizaje actual: 0.000001
2025-12-22 19:19:37,584 - INFO -   [Sin mejora Loss] Paciencia: 4/50
2025-12-22 19:19:37,585 - INFO - Val Loss: 0.9361 Acc: 0.6660
2025-12-22 19:19:37,586 - INFO - --- Época 185/250 ---
2025-12-22 19:20:41,140 - INFO - Train Loss: 0.8789 Acc: 0.7047
2025-12-22 19:20:42,099 - INFO -   [LR] Tasa de aprendizaje actual: 0.000001
2025-12-22 19:20:42,100 - INFO -   [Sin mejora Loss] Paciencia: 5/50
2025-12-22 19:20:42,101 - INFO - Val Loss: 0.9429 Acc: 0.6660
2025-12-22 19:20:42,102 - INFO - --- Época 186/250 ---
2025-12-22 19:21:45,642 - INFO - Train Loss: 0.8787 Acc: 0.7070
2025-12-22 19:21:46,705 - INFO -   [LR] Tasa de aprendizaje actual: 0.000001
2025-12-22 19:21:46,706 - INFO -   [Sin mejora Loss] Paciencia: 6/50
2025-12-22 19:21:46,707 - INFO - Val Loss: 0.9382 Acc: 0.6620
2025-12-22 19:21:46,708 - INFO - --- Época 187/250 ---
2025-12-22 19:22:53,634 - INFO - Train Loss: 0.8851 Acc: 0.7025
2025-12-22 19:22:54,977 - INFO -   [LR] Tasa de aprendizaje actual: 0.000001
2025-12-22 19:22:54,978 - INFO -   [Sin mejora Loss] Paciencia: 7/50
2025-12-22 19:22:54,979 - INFO - Val Loss: 0.9371 Acc: 0.6660
2025-12-22 19:22:54,980 - INFO - --- Época 188/250 ---
2025-12-22 19:24:00,097 - INFO - Train Loss: 0.8817 Acc: 0.7043
2025-12-22 19:24:01,346 - INFO -   [LR] Tasa de aprendizaje actual: 0.000001
2025-12-22 19:24:01,347 - INFO -   [Sin mejora Loss] Paciencia: 8/50
2025-12-22 19:24:01,349 - INFO - Val Loss: 0.9419 Acc: 0.6660
2025-12-22 19:24:01,351 - INFO - --- Época 189/250 ---
2025-12-22 19:25:04,905 - INFO - Train Loss: 0.8996 Acc: 0.6930
2025-12-22 19:25:06,190 - INFO -   [LR] Tasa de aprendizaje actual: 0.000001
2025-12-22 19:25:06,191 - INFO -   [Sin mejora Loss] Paciencia: 9/50
2025-12-22 19:25:06,192 - INFO - Val Loss: 0.9401 Acc: 0.6640
2025-12-22 19:25:06,194 - INFO - --- Época 190/250 ---
2025-12-22 19:26:09,251 - INFO - Train Loss: 0.8901 Acc: 0.7017
2025-12-22 19:26:10,480 - INFO -   [LR] Tasa de aprendizaje actual: 0.000001
2025-12-22 19:26:10,481 - INFO -   [Sin mejora Loss] Paciencia: 10/50
2025-12-22 19:26:10,483 - INFO - Val Loss: 0.9413 Acc: 0.6620
2025-12-22 19:26:10,484 - INFO - --- Época 191/250 ---
2025-12-22 19:27:15,445 - INFO - Train Loss: 0.8941 Acc: 0.6970
2025-12-22 19:27:17,001 - INFO -   [LR] Tasa de aprendizaje actual: 0.000001
2025-12-22 19:27:17,002 - INFO -   [Sin mejora Loss] Paciencia: 11/50
2025-12-22 19:27:17,003 - INFO - Val Loss: 0.9366 Acc: 0.6680
2025-12-22 19:27:17,004 - INFO - --- Época 192/250 ---
2025-12-22 19:28:18,667 - INFO - Train Loss: 0.8788 Acc: 0.7037
2025-12-22 19:28:19,941 - INFO -   [LR] Tasa de aprendizaje actual: 0.000001
2025-12-22 19:28:19,942 - INFO -   [Sin mejora Loss] Paciencia: 12/50
2025-12-22 19:28:19,943 - INFO - Val Loss: 0.9418 Acc: 0.6600
2025-12-22 19:28:19,944 - INFO - --- Época 193/250 ---
2025-12-22 19:29:21,092 - INFO - Train Loss: 0.8520 Acc: 0.7157
2025-12-22 19:29:22,303 - INFO -   [LR] Tasa de aprendizaje actual: 0.000001
2025-12-22 19:29:22,304 - INFO -   [Sin mejora Loss] Paciencia: 13/50
2025-12-22 19:29:22,306 - INFO - Val Loss: 0.9442 Acc: 0.6640
2025-12-22 19:29:22,307 - INFO - --- Época 194/250 ---
2025-12-22 19:30:25,003 - INFO - Train Loss: 0.8731 Acc: 0.7070
2025-12-22 19:30:26,160 - INFO -   [LR] Tasa de aprendizaje actual: 0.000001
2025-12-22 19:30:26,161 - INFO -   [Sin mejora Loss] Paciencia: 14/50
2025-12-22 19:30:26,162 - INFO - Val Loss: 0.9403 Acc: 0.6620
2025-12-22 19:30:26,163 - INFO - --- Época 195/250 ---
2025-12-22 19:31:27,220 - INFO - Train Loss: 0.8919 Acc: 0.6975
2025-12-22 19:31:28,380 - INFO -   [LR] Tasa de aprendizaje actual: 0.000001
2025-12-22 19:31:28,381 - INFO -   [Sin mejora Loss] Paciencia: 15/50
2025-12-22 19:31:28,381 - INFO - Val Loss: 0.9370 Acc: 0.6660
2025-12-22 19:31:28,383 - INFO - --- Época 196/250 ---
2025-12-22 19:32:28,539 - INFO - Train Loss: 0.8788 Acc: 0.7060
2025-12-22 19:32:29,570 - INFO -   [LR] Tasa de aprendizaje actual: 0.000001
2025-12-22 19:32:29,570 - INFO -   [Sin mejora Loss] Paciencia: 16/50
2025-12-22 19:32:29,571 - INFO - Val Loss: 0.9398 Acc: 0.6640
2025-12-22 19:32:29,572 - INFO - --- Época 197/250 ---
2025-12-22 19:33:30,749 - INFO - Train Loss: 0.8809 Acc: 0.6990
2025-12-22 19:33:31,783 - INFO -   [LR] Tasa de aprendizaje actual: 0.000001
2025-12-22 19:33:31,783 - INFO -   [Sin mejora Loss] Paciencia: 17/50
2025-12-22 19:33:31,784 - INFO - Val Loss: 0.9368 Acc: 0.6640
2025-12-22 19:33:31,785 - INFO - --- Época 198/250 ---
2025-12-22 19:34:34,882 - INFO - Train Loss: 0.8782 Acc: 0.7015
2025-12-22 19:34:36,235 - INFO -   [LR] Tasa de aprendizaje actual: 0.000001
2025-12-22 19:34:36,236 - INFO -   [Sin mejora Loss] Paciencia: 18/50
2025-12-22 19:34:36,237 - INFO - Val Loss: 0.9366 Acc: 0.6640
2025-12-22 19:34:36,239 - INFO - --- Época 199/250 ---
2025-12-22 19:35:44,203 - INFO - Train Loss: 0.8883 Acc: 0.6973
2025-12-22 19:35:45,710 - INFO -   [LR] Tasa de aprendizaje actual: 0.000001
2025-12-22 19:35:45,711 - INFO -   [Sin mejora Loss] Paciencia: 19/50
2025-12-22 19:35:45,712 - INFO - Val Loss: 0.9395 Acc: 0.6640
2025-12-22 19:35:45,714 - INFO - --- Época 200/250 ---
2025-12-22 19:36:48,678 - INFO - Train Loss: 0.8822 Acc: 0.7013
2025-12-22 19:36:49,673 - INFO -   [LR] Tasa de aprendizaje actual: 0.000001
2025-12-22 19:36:49,674 - INFO -   [Sin mejora Loss] Paciencia: 20/50
2025-12-22 19:36:49,674 - INFO - Val Loss: 0.9390 Acc: 0.6700
2025-12-22 19:36:49,675 - INFO - --- Época 201/250 ---
2025-12-22 19:37:50,501 - INFO - Train Loss: 0.8755 Acc: 0.7063
2025-12-22 19:37:51,755 - INFO -   [LR] Tasa de aprendizaje actual: 0.000001
2025-12-22 19:37:51,756 - INFO -   [Sin mejora Loss] Paciencia: 21/50
2025-12-22 19:37:51,758 - INFO - Val Loss: 0.9359 Acc: 0.6660
2025-12-22 19:37:51,759 - INFO - --- Época 202/250 ---
2025-12-22 19:38:54,363 - INFO - Train Loss: 0.8739 Acc: 0.7027
2025-12-22 19:38:55,629 - INFO -   [LR] Tasa de aprendizaje actual: 0.000001
2025-12-22 19:38:55,630 - INFO -   [Sin mejora Loss] Paciencia: 22/50
2025-12-22 19:38:55,631 - INFO - Val Loss: 0.9380 Acc: 0.6640
2025-12-22 19:38:55,632 - INFO - --- Época 203/250 ---
2025-12-22 19:39:56,912 - INFO - Train Loss: 0.8938 Acc: 0.6965
2025-12-22 19:39:58,148 - INFO -   [LR] Tasa de aprendizaje actual: 0.000001
2025-12-22 19:39:58,149 - INFO -   [Sin mejora Loss] Paciencia: 23/50
2025-12-22 19:39:58,150 - INFO - Val Loss: 0.9384 Acc: 0.6620
2025-12-22 19:39:58,152 - INFO - --- Época 204/250 ---
2025-12-22 19:40:59,815 - INFO - Train Loss: 0.8827 Acc: 0.7007
2025-12-22 19:41:01,072 - INFO -   [LR] Tasa de aprendizaje actual: 0.000001
2025-12-22 19:41:01,073 - INFO -   [Sin mejora Loss] Paciencia: 24/50
2025-12-22 19:41:01,075 - INFO - Val Loss: 0.9384 Acc: 0.6680
2025-12-22 19:41:01,076 - INFO - --- Época 205/250 ---
2025-12-22 19:42:02,730 - INFO - Train Loss: 0.8777 Acc: 0.7030
2025-12-22 19:42:04,089 - INFO -   [LR] Tasa de aprendizaje actual: 0.000001
2025-12-22 19:42:04,090 - INFO -   [Sin mejora Loss] Paciencia: 25/50
2025-12-22 19:42:04,091 - INFO - Val Loss: 0.9430 Acc: 0.6620
2025-12-22 19:42:04,092 - INFO - --- Época 206/250 ---
2025-12-22 19:43:06,005 - INFO - Train Loss: 0.8840 Acc: 0.6985
2025-12-22 19:43:07,269 - INFO -   [LR] Tasa de aprendizaje actual: 0.000001
2025-12-22 19:43:07,270 - INFO -   [Sin mejora Loss] Paciencia: 26/50
2025-12-22 19:43:07,272 - INFO - Val Loss: 0.9360 Acc: 0.6680
2025-12-22 19:43:07,273 - INFO - --- Época 207/250 ---
2025-12-22 19:44:09,426 - INFO - Train Loss: 0.8811 Acc: 0.7005
2025-12-22 19:44:10,738 - INFO -   [LR] Tasa de aprendizaje actual: 0.000001
2025-12-22 19:44:10,738 - INFO -   [Sin mejora Loss] Paciencia: 27/50
2025-12-22 19:44:10,739 - INFO - Val Loss: 0.9383 Acc: 0.6620
2025-12-22 19:44:10,740 - INFO - --- Época 208/250 ---
2025-12-22 19:45:12,732 - INFO - Train Loss: 0.8881 Acc: 0.6955
2025-12-22 19:45:14,093 - INFO -   [LR] Tasa de aprendizaje actual: 0.000001
2025-12-22 19:45:14,094 - INFO -   [Sin mejora Loss] Paciencia: 28/50
2025-12-22 19:45:14,095 - INFO - Val Loss: 0.9347 Acc: 0.6680
2025-12-22 19:45:14,096 - INFO - --- Época 209/250 ---
2025-12-22 19:46:17,018 - INFO - Train Loss: 0.8736 Acc: 0.7050
2025-12-22 19:46:18,275 - INFO -   [LR] Tasa de aprendizaje actual: 0.000001
2025-12-22 19:46:18,276 - INFO -   [Sin mejora Loss] Paciencia: 29/50
2025-12-22 19:46:18,278 - INFO - Val Loss: 0.9379 Acc: 0.6660
2025-12-22 19:46:18,279 - INFO - --- Época 210/250 ---
2025-12-22 19:47:21,909 - INFO - Train Loss: 0.8796 Acc: 0.7043
2025-12-22 19:47:23,242 - INFO -   [LR] Tasa de aprendizaje actual: 0.000001
2025-12-22 19:47:23,243 - INFO -   [Sin mejora Loss] Paciencia: 30/50
2025-12-22 19:47:23,244 - INFO - Val Loss: 0.9409 Acc: 0.6660
2025-12-22 19:47:23,245 - INFO - --- Época 211/250 ---
2025-12-22 19:48:24,582 - INFO - Train Loss: 0.8834 Acc: 0.7013
2025-12-22 19:48:25,841 - INFO -   [LR] Tasa de aprendizaje actual: 0.000001
2025-12-22 19:48:25,841 - INFO -   [Sin mejora Loss] Paciencia: 31/50
2025-12-22 19:48:25,842 - INFO - Val Loss: 0.9386 Acc: 0.6660
2025-12-22 19:48:25,843 - INFO - --- Época 212/250 ---
2025-12-22 19:49:27,235 - INFO - Train Loss: 0.8811 Acc: 0.7013
2025-12-22 19:49:28,500 - INFO -   [LR] Tasa de aprendizaje actual: 0.000001
2025-12-22 19:49:28,501 - INFO -   [Sin mejora Loss] Paciencia: 32/50
2025-12-22 19:49:28,503 - INFO - Val Loss: 0.9371 Acc: 0.6660
2025-12-22 19:49:28,505 - INFO - --- Época 213/250 ---
2025-12-22 19:50:27,971 - INFO - Train Loss: 0.8735 Acc: 0.7050
2025-12-22 19:50:28,944 - INFO -   [LR] Tasa de aprendizaje actual: 0.000001
2025-12-22 19:50:28,945 - INFO -   [Sin mejora Loss] Paciencia: 33/50
2025-12-22 19:50:28,946 - INFO - Val Loss: 0.9420 Acc: 0.6660
2025-12-22 19:50:28,947 - INFO - --- Época 214/250 ---
2025-12-22 19:51:19,183 - INFO - Train Loss: 0.8865 Acc: 0.7033
2025-12-22 19:51:20,248 - INFO -   [LR] Tasa de aprendizaje actual: 0.000001
2025-12-22 19:51:20,248 - INFO -   [Sin mejora Loss] Paciencia: 34/50
2025-12-22 19:51:20,249 - INFO - Val Loss: 0.9396 Acc: 0.6720
2025-12-22 19:51:20,250 - INFO - --- Época 215/250 ---
2025-12-22 19:52:10,590 - INFO - Train Loss: 0.8811 Acc: 0.7025
2025-12-22 19:52:11,572 - INFO -   [LR] Tasa de aprendizaje actual: 0.000001
2025-12-22 19:52:11,573 - INFO -   [Sin mejora Loss] Paciencia: 35/50
2025-12-22 19:52:11,573 - INFO - Val Loss: 0.9403 Acc: 0.6700
2025-12-22 19:52:11,574 - INFO - --- Época 216/250 ---
2025-12-22 19:53:01,705 - INFO - Train Loss: 0.8584 Acc: 0.7120
2025-12-22 19:53:02,720 - INFO -   [LR] Tasa de aprendizaje actual: 0.000001
2025-12-22 19:53:02,720 - INFO -   [Sin mejora Loss] Paciencia: 36/50
2025-12-22 19:53:02,721 - INFO - Val Loss: 0.9427 Acc: 0.6640
2025-12-22 19:53:02,722 - INFO - --- Época 217/250 ---
2025-12-22 19:53:53,124 - INFO - Train Loss: 0.8717 Acc: 0.7090
2025-12-22 19:53:54,166 - INFO -   [LR] Tasa de aprendizaje actual: 0.000001
2025-12-22 19:53:54,166 - INFO -   [Sin mejora Loss] Paciencia: 37/50
2025-12-22 19:53:54,167 - INFO - Val Loss: 0.9381 Acc: 0.6660
2025-12-22 19:53:54,168 - INFO - --- Época 218/250 ---
2025-12-22 19:54:44,466 - INFO - Train Loss: 0.8637 Acc: 0.7065
2025-12-22 19:54:45,457 - INFO -   [LR] Tasa de aprendizaje actual: 0.000001
2025-12-22 19:54:45,457 - INFO -   [Sin mejora Loss] Paciencia: 38/50
2025-12-22 19:54:45,458 - INFO - Val Loss: 0.9372 Acc: 0.6680
2025-12-22 19:54:45,459 - INFO - --- Época 219/250 ---
2025-12-22 19:55:35,846 - INFO - Train Loss: 0.8887 Acc: 0.7023
2025-12-22 19:55:36,872 - INFO -   [LR] Tasa de aprendizaje actual: 0.000001
2025-12-22 19:55:36,873 - INFO -   [Mejora Loss] 0.9345 -> 0.9342. Reseteando paciencia.
2025-12-22 19:55:36,874 - INFO - Val Loss: 0.9342 Acc: 0.6660
2025-12-22 19:55:36,875 - INFO - --- Época 220/250 ---
2025-12-22 19:56:27,318 - INFO - Train Loss: 0.8595 Acc: 0.7085
2025-12-22 19:56:28,306 - INFO -   [LR] Tasa de aprendizaje actual: 0.000001
2025-12-22 19:56:28,307 - INFO -   [Sin mejora Loss] Paciencia: 1/50
2025-12-22 19:56:28,308 - INFO - Val Loss: 0.9365 Acc: 0.6620
2025-12-22 19:56:28,309 - INFO - --- Época 221/250 ---
2025-12-22 19:57:18,853 - INFO - Train Loss: 0.8847 Acc: 0.7050
2025-12-22 19:57:19,872 - INFO -   [LR] Tasa de aprendizaje actual: 0.000001
2025-12-22 19:57:19,872 - INFO -   [Sin mejora Loss] Paciencia: 2/50
2025-12-22 19:57:19,873 - INFO - Val Loss: 0.9361 Acc: 0.6700
2025-12-22 19:57:19,874 - INFO - --- Época 222/250 ---
2025-12-22 19:58:10,227 - INFO - Train Loss: 0.8684 Acc: 0.7065
2025-12-22 19:58:11,266 - INFO -   [LR] Tasa de aprendizaje actual: 0.000001
2025-12-22 19:58:11,267 - INFO -   [Sin mejora Loss] Paciencia: 3/50
2025-12-22 19:58:11,268 - INFO - Val Loss: 0.9392 Acc: 0.6680
2025-12-22 19:58:11,269 - INFO - --- Época 223/250 ---
2025-12-22 19:59:01,355 - INFO - Train Loss: 0.8817 Acc: 0.6973
2025-12-22 19:59:02,367 - INFO -   [LR] Tasa de aprendizaje actual: 0.000001
2025-12-22 19:59:02,368 - INFO -   [Sin mejora Loss] Paciencia: 4/50
2025-12-22 19:59:02,369 - INFO - Val Loss: 0.9391 Acc: 0.6680
2025-12-22 19:59:02,370 - INFO - --- Época 224/250 ---
2025-12-22 19:59:52,636 - INFO - Train Loss: 0.8798 Acc: 0.6973
2025-12-22 19:59:53,600 - INFO -   [LR] Tasa de aprendizaje actual: 0.000001
2025-12-22 19:59:53,601 - INFO -   [Sin mejora Loss] Paciencia: 5/50
2025-12-22 19:59:53,601 - INFO - Val Loss: 0.9379 Acc: 0.6640
2025-12-22 19:59:53,602 - INFO - --- Época 225/250 ---
2025-12-22 20:00:43,951 - INFO - Train Loss: 0.8804 Acc: 0.6985
2025-12-22 20:00:44,940 - INFO -   [LR] Tasa de aprendizaje actual: 0.000001
2025-12-22 20:00:44,941 - INFO -   [Sin mejora Loss] Paciencia: 6/50
2025-12-22 20:00:44,942 - INFO - Val Loss: 0.9375 Acc: 0.6660
2025-12-22 20:00:44,943 - INFO - --- Época 226/250 ---
2025-12-22 20:01:35,717 - INFO - Train Loss: 0.8807 Acc: 0.7050
2025-12-22 20:01:36,706 - INFO -   [LR] Tasa de aprendizaje actual: 0.000001
2025-12-22 20:01:36,707 - INFO -   [Sin mejora Loss] Paciencia: 7/50
2025-12-22 20:01:36,708 - INFO - Val Loss: 0.9385 Acc: 0.6680
2025-12-22 20:01:36,709 - INFO - --- Época 227/250 ---
2025-12-22 20:02:27,153 - INFO - Train Loss: 0.8817 Acc: 0.6997
2025-12-22 20:02:28,145 - INFO -   [LR] Tasa de aprendizaje actual: 0.000001
2025-12-22 20:02:28,146 - INFO -   [Sin mejora Loss] Paciencia: 8/50
2025-12-22 20:02:28,147 - INFO - Val Loss: 0.9423 Acc: 0.6620
2025-12-22 20:02:28,148 - INFO - --- Época 228/250 ---
2025-12-22 20:03:18,261 - INFO - Train Loss: 0.8778 Acc: 0.7063
2025-12-22 20:03:19,239 - INFO -   [LR] Tasa de aprendizaje actual: 0.000001
2025-12-22 20:03:19,240 - INFO -   [Sin mejora Loss] Paciencia: 9/50
2025-12-22 20:03:19,241 - INFO - Val Loss: 0.9391 Acc: 0.6680
2025-12-22 20:03:19,242 - INFO - --- Época 229/250 ---
2025-12-22 20:04:09,144 - INFO - Train Loss: 0.8899 Acc: 0.7000
2025-12-22 20:04:10,148 - INFO -   [LR] Tasa de aprendizaje actual: 0.000001
2025-12-22 20:04:10,149 - INFO -   [Sin mejora Loss] Paciencia: 10/50
2025-12-22 20:04:10,151 - INFO - Val Loss: 0.9387 Acc: 0.6640
2025-12-22 20:04:10,152 - INFO - --- Época 230/250 ---
2025-12-22 20:05:00,665 - INFO - Train Loss: 0.8584 Acc: 0.7067
2025-12-22 20:05:01,720 - INFO -   [LR] Tasa de aprendizaje actual: 0.000001
2025-12-22 20:05:01,721 - INFO -   [Sin mejora Loss] Paciencia: 11/50
2025-12-22 20:05:01,721 - INFO - Val Loss: 0.9392 Acc: 0.6660
2025-12-22 20:05:01,722 - INFO - --- Época 231/250 ---
2025-12-22 20:05:52,270 - INFO - Train Loss: 0.8708 Acc: 0.7113
2025-12-22 20:05:53,239 - INFO -   [LR] Tasa de aprendizaje actual: 0.000001
2025-12-22 20:05:53,240 - INFO -   [Sin mejora Loss] Paciencia: 12/50
2025-12-22 20:05:53,242 - INFO - Val Loss: 0.9353 Acc: 0.6700
2025-12-22 20:05:53,243 - INFO - --- Época 232/250 ---
2025-12-22 20:06:43,721 - INFO - Train Loss: 0.9081 Acc: 0.6895
2025-12-22 20:06:44,759 - INFO -   [LR] Tasa de aprendizaje actual: 0.000001
2025-12-22 20:06:44,760 - INFO -   [Sin mejora Loss] Paciencia: 13/50
2025-12-22 20:06:44,761 - INFO - Val Loss: 0.9364 Acc: 0.6660
2025-12-22 20:06:44,762 - INFO - --- Época 233/250 ---
2025-12-22 20:07:34,920 - INFO - Train Loss: 0.8719 Acc: 0.7040
2025-12-22 20:07:35,951 - INFO -   [LR] Tasa de aprendizaje actual: 0.000001
2025-12-22 20:07:35,952 - INFO -   [Sin mejora Loss] Paciencia: 14/50
2025-12-22 20:07:35,953 - INFO - Val Loss: 0.9372 Acc: 0.6640
2025-12-22 20:07:35,954 - INFO - --- Época 234/250 ---
2025-12-22 20:08:26,510 - INFO - Train Loss: 0.8832 Acc: 0.7005
2025-12-22 20:08:27,494 - INFO -   [LR] Tasa de aprendizaje actual: 0.000001
2025-12-22 20:08:27,495 - INFO -   [Sin mejora Loss] Paciencia: 15/50
2025-12-22 20:08:27,496 - INFO - Val Loss: 0.9375 Acc: 0.6640
2025-12-22 20:08:27,497 - INFO - --- Época 235/250 ---
2025-12-22 20:09:17,411 - INFO - Train Loss: 0.8838 Acc: 0.6970
2025-12-22 20:09:18,452 - INFO -   [LR] Tasa de aprendizaje actual: 0.000001
2025-12-22 20:09:18,453 - INFO -   [Sin mejora Loss] Paciencia: 16/50
2025-12-22 20:09:18,454 - INFO - Val Loss: 0.9412 Acc: 0.6660
2025-12-22 20:09:18,455 - INFO - --- Época 236/250 ---
2025-12-22 20:10:09,035 - INFO - Train Loss: 0.8830 Acc: 0.7030
2025-12-22 20:10:10,109 - INFO -   [LR] Tasa de aprendizaje actual: 0.000001
2025-12-22 20:10:10,110 - INFO -   [Sin mejora Loss] Paciencia: 17/50
2025-12-22 20:10:10,111 - INFO - Val Loss: 0.9392 Acc: 0.6640
2025-12-22 20:10:10,112 - INFO - --- Época 237/250 ---
2025-12-22 20:11:00,718 - INFO - Train Loss: 0.8808 Acc: 0.7073
2025-12-22 20:11:01,730 - INFO -   [LR] Tasa de aprendizaje actual: 0.000001
2025-12-22 20:11:01,731 - INFO -   [Sin mejora Loss] Paciencia: 18/50
2025-12-22 20:11:01,732 - INFO - Val Loss: 0.9416 Acc: 0.6620
2025-12-22 20:11:01,733 - INFO - --- Época 238/250 ---
2025-12-22 20:11:51,203 - INFO - Train Loss: 0.9072 Acc: 0.6885
2025-12-22 20:11:52,193 - INFO -   [LR] Tasa de aprendizaje actual: 0.000001
2025-12-22 20:11:52,195 - INFO -   [Sin mejora Loss] Paciencia: 19/50
2025-12-22 20:11:52,196 - INFO - Val Loss: 0.9357 Acc: 0.6640
2025-12-22 20:11:52,197 - INFO - --- Época 239/250 ---
2025-12-22 20:12:42,470 - INFO - Train Loss: 0.8752 Acc: 0.6980
2025-12-22 20:12:43,476 - INFO -   [LR] Tasa de aprendizaje actual: 0.000001
2025-12-22 20:12:43,477 - INFO -   [Sin mejora Loss] Paciencia: 20/50
2025-12-22 20:12:43,478 - INFO - Val Loss: 0.9401 Acc: 0.6660
2025-12-22 20:12:43,479 - INFO - --- Época 240/250 ---
2025-12-22 20:13:33,698 - INFO - Train Loss: 0.8867 Acc: 0.7013
2025-12-22 20:13:34,721 - INFO -   [LR] Tasa de aprendizaje actual: 0.000001
2025-12-22 20:13:34,721 - INFO -   [Sin mejora Loss] Paciencia: 21/50
2025-12-22 20:13:34,723 - INFO - Val Loss: 0.9402 Acc: 0.6680
2025-12-22 20:13:34,724 - INFO - --- Época 241/250 ---
2025-12-22 20:14:24,809 - INFO - Train Loss: 0.8803 Acc: 0.7003
2025-12-22 20:14:25,804 - INFO -   [LR] Tasa de aprendizaje actual: 0.000001
2025-12-22 20:14:25,805 - INFO -   [Sin mejora Loss] Paciencia: 22/50
2025-12-22 20:14:25,806 - INFO - Val Loss: 0.9365 Acc: 0.6660
2025-12-22 20:14:25,807 - INFO - --- Época 242/250 ---
2025-12-22 20:15:15,954 - INFO - Train Loss: 0.8909 Acc: 0.6957
2025-12-22 20:15:16,928 - INFO -   [LR] Tasa de aprendizaje actual: 0.000001
2025-12-22 20:15:16,928 - INFO -   [Sin mejora Loss] Paciencia: 23/50
2025-12-22 20:15:16,930 - INFO - Val Loss: 0.9421 Acc: 0.6620
2025-12-22 20:15:16,931 - INFO - --- Época 243/250 ---
2025-12-22 20:16:07,077 - INFO - Train Loss: 0.8797 Acc: 0.7020
2025-12-22 20:16:08,131 - INFO -   [LR] Tasa de aprendizaje actual: 0.000001
2025-12-22 20:16:08,132 - INFO -   [Sin mejora Loss] Paciencia: 24/50
2025-12-22 20:16:08,133 - INFO - Val Loss: 0.9391 Acc: 0.6660
2025-12-22 20:16:08,134 - INFO - --- Época 244/250 ---
2025-12-22 20:16:58,622 - INFO - Train Loss: 0.8688 Acc: 0.7053
2025-12-22 20:16:59,681 - INFO -   [LR] Tasa de aprendizaje actual: 0.000001
2025-12-22 20:16:59,681 - INFO -   [Mejora Loss] 0.9342 -> 0.9339. Reseteando paciencia.
2025-12-22 20:16:59,682 - INFO - Val Loss: 0.9339 Acc: 0.6660
2025-12-22 20:16:59,683 - INFO - --- Época 245/250 ---
2025-12-22 20:17:50,183 - INFO - Train Loss: 0.8731 Acc: 0.7043
2025-12-22 20:17:51,243 - INFO -   [LR] Tasa de aprendizaje actual: 0.000001
2025-12-22 20:17:51,243 - INFO -   [Sin mejora Loss] Paciencia: 1/50
2025-12-22 20:17:51,244 - INFO - Val Loss: 0.9389 Acc: 0.6720
2025-12-22 20:17:51,245 - INFO - --- Época 246/250 ---
2025-12-22 20:18:42,028 - INFO - Train Loss: 0.8738 Acc: 0.7077
2025-12-22 20:18:43,035 - INFO -   [LR] Tasa de aprendizaje actual: 0.000001
2025-12-22 20:18:43,035 - INFO -   [Mejora Loss] 0.9339 -> 0.9318. Reseteando paciencia.
2025-12-22 20:18:43,036 - INFO - Val Loss: 0.9318 Acc: 0.6640
2025-12-22 20:18:43,038 - INFO - --- Época 247/250 ---
2025-12-22 20:19:33,420 - INFO - Train Loss: 0.8956 Acc: 0.6997
2025-12-22 20:19:34,433 - INFO -   [LR] Tasa de aprendizaje actual: 0.000001
2025-12-22 20:19:34,434 - INFO -   [Sin mejora Loss] Paciencia: 1/50
2025-12-22 20:19:34,435 - INFO - Val Loss: 0.9360 Acc: 0.6680
2025-12-22 20:19:34,436 - INFO - --- Época 248/250 ---
2025-12-22 20:20:25,162 - INFO - Train Loss: 0.8735 Acc: 0.7045
2025-12-22 20:20:26,200 - INFO -   [LR] Tasa de aprendizaje actual: 0.000001
2025-12-22 20:20:26,201 - INFO -   [Sin mejora Loss] Paciencia: 2/50
2025-12-22 20:20:26,202 - INFO - Val Loss: 0.9407 Acc: 0.6660
2025-12-22 20:20:26,203 - INFO - --- Época 249/250 ---
2025-12-22 20:21:17,289 - INFO - Train Loss: 0.8661 Acc: 0.7090
2025-12-22 20:21:18,309 - INFO -   [LR] Tasa de aprendizaje actual: 0.000001
2025-12-22 20:21:18,310 - INFO -   [Sin mejora Loss] Paciencia: 3/50
2025-12-22 20:21:18,311 - INFO - Val Loss: 0.9389 Acc: 0.6600
2025-12-22 20:21:18,312 - INFO - --- Época 250/250 ---
2025-12-22 20:22:08,573 - INFO - Train Loss: 0.8802 Acc: 0.7057
2025-12-22 20:22:09,693 - INFO -   [LR] Tasa de aprendizaje actual: 0.000001
2025-12-22 20:22:09,694 - INFO -   [Sin mejora Loss] Paciencia: 4/50
2025-12-22 20:22:09,695 - INFO - Val Loss: 0.9356 Acc: 0.6640
2025-12-22 20:22:09,696 - INFO - Entrenamiento finalizado en 243m 35s
2025-12-22 20:22:09,697 - INFO - Mejor Val Acc lograda: 0.6740
2025-12-22 20:22:16,259 - INFO - Cargando el mejor modelo para la evaluación...
2025-12-22 20:22:17,439 - INFO - 
========================================
2025-12-22 20:22:17,440 - INFO - --- INICIANDO EVALUACIÓN EN TEST SET ---
2025-12-22 20:22:17,442 - INFO - ========================================
2025-12-22 20:22:18,836 - INFO - Calculando métricas estadísticas...
2025-12-22 20:22:18,843 - INFO - Generando matriz de confusión...
2025-12-22 20:22:19,244 - INFO - Gráfico guardado en: models/sbtaylor_kan_tiny_imagenet\run_20251222_161747\confusion_matrix.png
2025-12-22 20:22:19,245 - INFO - Escribiendo reporte final...
2025-12-22 20:22:19,253 - INFO - Reporte de texto guardado en: models/sbtaylor_kan_tiny_imagenet\run_20251222_161747\test_metrics_report.txt
2025-12-22 20:22:19,254 - INFO - --- EVALUACIÓN FINALIZADA ---
