2025-11-09 18:37:10,753 - INFO - Modelo SBTAYLOR_KAN.Net importado correctamente.
2025-11-09 18:37:10,754 - INFO - Los pesos del modelo se guardarán en: 'models/sbtaylor_kan_cotton\run_20251109_183710\sbtaylor_kan.best_weights.pth'
2025-11-09 18:37:10,755 - INFO - El registro de entrenamiento se guardará en: 'models/sbtaylor_kan_cotton\run_20251109_183710\training_run.log'
2025-11-09 18:37:10,782 - INFO - Versión de PyTorch: 2.9.0+cu126
2025-11-09 18:37:10,803 - INFO - ¿CUDA está disponible?: True
2025-11-09 18:37:10,804 - INFO - Versión de CUDA con la que PyTorch fue compilado: 12.6
2025-11-09 18:37:10,806 - INFO - Número de GPUs disponibles: 1
2025-11-09 18:37:10,809 - INFO - Nombre de la GPU actual: NVIDIA GeForce RTX 4090
2025-11-09 18:37:10,832 - INFO - --- Hyperparámetros de Entrenamiento ---
2025-11-09 18:37:10,833 - INFO - Batch Size: 32
2025-11-09 18:37:10,834 - INFO - Num Epochs: 300
2025-11-09 18:37:10,835 - INFO - Learning Rate: 0.0001
2025-11-09 18:37:10,835 - INFO - Num Classes: 4
2025-11-09 18:37:10,836 - INFO - Num Workers: 4
2025-11-09 18:37:10,864 - INFO - 
Cargando dataset de ./data...
2025-11-09 18:37:10,909 - INFO - Dataset cargado exitosamente.
2025-11-09 18:37:10,910 - INFO -   - 5212 imágenes de entrenamiento.
2025-11-09 18:37:10,912 - INFO -   - 240 imágenes de validación.
2025-11-09 18:37:10,938 - INFO - 
Usando dispositivo: cuda
2025-11-09 18:51:29,434 - INFO - Aplicando pesos de clase a la función de pérdida CrossEntropyLoss.
2025-11-09 18:51:29,497 - INFO - 
--- INICIANDO ENTRENAMIENTO ---
2025-11-09 18:51:29,500 - INFO - 
--- Época 1/300 ---
2025-11-09 18:53:30,415 - INFO - Entrenamiento | Pérdida: 1.9555, Accuracy: 0.2922, Tiempo: 120.91s
2025-11-09 18:53:48,412 - INFO - Validación    | Pérdida: 1.2941, Accuracy: 0.3583
2025-11-09 18:53:48,446 - INFO - Tasa de aprendizaje reducida de 0.0001 a 9.999540880528966e-05
2025-11-09 18:53:49,357 - INFO - [+] Mejora en val_loss. Guardando el mejor modelo en 'models/sbtaylor_kan_cotton\run_20251109_183710\sbtaylor_kan.best_weights.pth'
2025-11-09 18:53:49,368 - INFO - 
--- Época 2/300 ---
2025-11-09 18:55:47,932 - INFO - Entrenamiento | Pérdida: 1.5024, Accuracy: 0.3102, Tiempo: 118.56s
2025-11-09 18:56:04,137 - INFO - Validación    | Pérdida: 1.2990, Accuracy: 0.3708
2025-11-09 18:56:04,149 - INFO - Tasa de aprendizaje reducida de 9.999540880528966e-05 a 9.999537373603758e-05
2025-11-09 18:56:04,149 - INFO - 
--- Época 3/300 ---
2025-11-09 18:57:57,970 - INFO - Entrenamiento | Pérdida: 1.4085, Accuracy: 0.3619, Tiempo: 113.81s
2025-11-09 18:58:17,952 - INFO - Validación    | Pérdida: 1.1176, Accuracy: 0.5417
2025-11-09 18:58:18,480 - INFO - [+] Mejora en val_loss. Guardando el mejor modelo en 'models/sbtaylor_kan_cotton\run_20251109_183710\sbtaylor_kan.best_weights.pth'
2025-11-09 18:58:18,485 - INFO - 
--- Época 4/300 ---
2025-11-09 19:00:16,854 - INFO - Entrenamiento | Pérdida: 1.4129, Accuracy: 0.3477, Tiempo: 118.37s
2025-11-09 19:00:36,267 - INFO - Validación    | Pérdida: 1.1969, Accuracy: 0.3958
2025-11-09 19:00:36,268 - INFO - Tasa de aprendizaje reducida de 9.999657547755992e-05 a 9.999607228246092e-05
2025-11-09 19:00:36,269 - INFO - 
--- Época 5/300 ---
2025-11-09 19:02:26,129 - INFO - Entrenamiento | Pérdida: 1.3617, Accuracy: 0.3089, Tiempo: 109.86s
2025-11-09 19:02:42,030 - INFO - Validación    | Pérdida: 1.1657, Accuracy: 0.4000
2025-11-09 19:02:42,032 - INFO - 
--- Época 6/300 ---
2025-11-09 19:04:32,876 - INFO - Entrenamiento | Pérdida: 1.3152, Accuracy: 0.3505, Tiempo: 110.84s
2025-11-09 19:04:52,159 - INFO - Validación    | Pérdida: 1.2150, Accuracy: 0.4125
2025-11-09 19:04:52,159 - INFO - Tasa de aprendizaje reducida de 9.999627493615465e-05 a 9.999595289042929e-05
2025-11-09 19:04:52,159 - INFO - 
--- Época 7/300 ---
2025-11-09 19:06:44,196 - INFO - Entrenamiento | Pérdida: 1.3157, Accuracy: 0.3701, Tiempo: 112.04s
2025-11-09 19:07:00,685 - INFO - Validación    | Pérdida: 1.0866, Accuracy: 0.4958
2025-11-09 19:07:01,447 - INFO - [+] Mejora en val_loss. Guardando el mejor modelo en 'models/sbtaylor_kan_cotton\run_20251109_183710\sbtaylor_kan.best_weights.pth'
2025-11-09 19:07:01,449 - INFO - 
--- Época 8/300 ---
2025-11-09 19:08:18,497 - INFO - Entrenamiento | Pérdida: 1.2510, Accuracy: 0.3906, Tiempo: 77.05s
2025-11-09 19:08:25,930 - INFO - Validación    | Pérdida: 0.9765, Accuracy: 0.5958
2025-11-09 19:08:26,289 - INFO - [+] Mejora en val_loss. Guardando el mejor modelo en 'models/sbtaylor_kan_cotton\run_20251109_183710\sbtaylor_kan.best_weights.pth'
2025-11-09 19:08:26,290 - INFO - 
--- Época 9/300 ---
2025-11-09 19:09:20,102 - INFO - Entrenamiento | Pérdida: 1.1934, Accuracy: 0.4043, Tiempo: 53.81s
2025-11-09 19:09:27,748 - INFO - Validación    | Pérdida: 1.0245, Accuracy: 0.4792
2025-11-09 19:09:27,748 - INFO - Tasa de aprendizaje reducida de 9.999738592878453e-05 a 9.999712247077107e-05
2025-11-09 19:09:27,748 - INFO - 
--- Época 10/300 ---
2025-11-09 19:10:21,810 - INFO - Entrenamiento | Pérdida: 1.1885, Accuracy: 0.4131, Tiempo: 54.06s
2025-11-09 19:10:29,533 - INFO - Validación    | Pérdida: 1.1004, Accuracy: 0.5000
2025-11-09 19:10:29,533 - INFO - Tasa de aprendizaje reducida de 9.999712247077107e-05 a 9.999668052926277e-05
2025-11-09 19:10:29,533 - INFO - 
--- Época 11/300 ---
2025-11-09 19:11:24,201 - INFO - Entrenamiento | Pérdida: 1.1755, Accuracy: 0.4163, Tiempo: 54.67s
2025-11-09 19:11:31,784 - INFO - Validación    | Pérdida: 0.9942, Accuracy: 0.5208
2025-11-09 19:11:31,784 - INFO - 
--- Época 12/300 ---
2025-11-09 19:12:26,869 - INFO - Entrenamiento | Pérdida: 1.1623, Accuracy: 0.4501, Tiempo: 55.08s
2025-11-09 19:12:34,467 - INFO - Validación    | Pérdida: 1.0428, Accuracy: 0.5042
2025-11-09 19:12:34,469 - INFO - Tasa de aprendizaje reducida de 9.999729033109045e-05 a 9.999701854753232e-05
2025-11-09 19:12:34,469 - INFO - 
--- Época 13/300 ---
2025-11-09 19:13:28,057 - INFO - Entrenamiento | Pérdida: 1.1551, Accuracy: 0.4440, Tiempo: 53.59s
2025-11-09 19:13:35,586 - INFO - Validación    | Pérdida: 1.0047, Accuracy: 0.4750
2025-11-09 19:13:35,587 - INFO - 
--- Época 14/300 ---
2025-11-09 19:14:29,738 - INFO - Entrenamiento | Pérdida: 1.1234, Accuracy: 0.4394, Tiempo: 54.15s
2025-11-09 19:14:37,194 - INFO - Validación    | Pérdida: 1.0586, Accuracy: 0.4583
2025-11-09 19:14:37,194 - INFO - Tasa de aprendizaje reducida de 9.999723290341805e-05 a 9.999692770990668e-05
2025-11-09 19:14:37,194 - INFO - 
--- Época 15/300 ---
2025-11-09 19:15:30,932 - INFO - Entrenamiento | Pérdida: 1.1080, Accuracy: 0.4459, Tiempo: 53.73s
2025-11-09 19:15:38,638 - INFO - Validación    | Pérdida: 0.9704, Accuracy: 0.5250
2025-11-09 19:15:39,007 - INFO - [+] Mejora en val_loss. Guardando el mejor modelo en 'models/sbtaylor_kan_cotton\run_20251109_183710\sbtaylor_kan.best_weights.pth'
2025-11-09 19:15:39,007 - INFO - 
--- Época 16/300 ---
2025-11-09 19:16:32,757 - INFO - Entrenamiento | Pérdida: 1.0980, Accuracy: 0.4614, Tiempo: 53.75s
2025-11-09 19:16:40,373 - INFO - Validación    | Pérdida: 0.9287, Accuracy: 0.5375
2025-11-09 19:16:40,741 - INFO - [+] Mejora en val_loss. Guardando el mejor modelo en 'models/sbtaylor_kan_cotton\run_20251109_183710\sbtaylor_kan.best_weights.pth'
2025-11-09 19:16:40,741 - INFO - 
--- Época 17/300 ---
2025-11-09 19:17:34,422 - INFO - Entrenamiento | Pérdida: 1.0491, Accuracy: 0.4618, Tiempo: 53.68s
2025-11-09 19:17:42,027 - INFO - Validación    | Pérdida: 0.9451, Accuracy: 0.4875
2025-11-09 19:17:42,027 - INFO - Tasa de aprendizaje reducida de 9.99976356425061e-05 a 9.999755128330767e-05
2025-11-09 19:17:42,027 - INFO - 
--- Época 18/300 ---
2025-11-09 19:18:34,708 - INFO - Entrenamiento | Pérdida: 1.0838, Accuracy: 0.4566, Tiempo: 52.68s
2025-11-09 19:18:42,243 - INFO - Validación    | Pérdida: 0.9436, Accuracy: 0.4375
2025-11-09 19:18:42,245 - INFO - 
--- Época 19/300 ---
2025-11-09 19:19:35,148 - INFO - Entrenamiento | Pérdida: 1.0826, Accuracy: 0.4643, Tiempo: 52.90s
2025-11-09 19:19:42,664 - INFO - Validación    | Pérdida: 0.9318, Accuracy: 0.4500
2025-11-09 19:19:42,664 - INFO - 
--- Época 20/300 ---
2025-11-09 19:20:35,713 - INFO - Entrenamiento | Pérdida: 1.0557, Accuracy: 0.4645, Tiempo: 53.03s
2025-11-09 19:20:43,471 - INFO - Validación    | Pérdida: 1.1024, Accuracy: 0.5000
2025-11-09 19:20:43,473 - INFO - Tasa de aprendizaje reducida de 9.999761956400577e-05 a 9.999666822358249e-05
2025-11-09 19:20:43,474 - INFO - 
--- Época 21/300 ---
2025-11-09 19:21:38,269 - INFO - Entrenamiento | Pérdida: 1.0401, Accuracy: 0.4752, Tiempo: 54.79s
2025-11-09 19:21:45,980 - INFO - Validación    | Pérdida: 0.9319, Accuracy: 0.5000
2025-11-09 19:21:45,982 - INFO - 
--- Época 22/300 ---
2025-11-09 19:22:40,199 - INFO - Entrenamiento | Pérdida: 1.0633, Accuracy: 0.4777, Tiempo: 54.21s
2025-11-09 19:22:47,951 - INFO - Validación    | Pérdida: 0.9574, Accuracy: 0.4333
2025-11-09 19:22:47,953 - INFO - Tasa de aprendizaje reducida de 9.999761893080269e-05 a 9.999748716142163e-05
2025-11-09 19:22:47,954 - INFO - 
--- Época 23/300 ---
2025-11-09 19:23:41,933 - INFO - Entrenamiento | Pérdida: 1.0490, Accuracy: 0.4814, Tiempo: 53.98s
2025-11-09 19:23:49,370 - INFO - Validación    | Pérdida: 0.9761, Accuracy: 0.5708
2025-11-09 19:23:49,372 - INFO - Tasa de aprendizaje reducida de 9.999748716142163e-05 a 9.99973880837151e-05
2025-11-09 19:23:49,372 - INFO - 
--- Época 24/300 ---
2025-11-09 19:24:43,308 - INFO - Entrenamiento | Pérdida: 1.0310, Accuracy: 0.4779, Tiempo: 53.94s
2025-11-09 19:24:50,801 - INFO - Validación    | Pérdida: 1.0013, Accuracy: 0.5375
2025-11-09 19:24:50,801 - INFO - Tasa de aprendizaje reducida de 9.99973880837151e-05 a 9.999725151766027e-05
2025-11-09 19:24:50,801 - INFO - 
--- Época 25/300 ---
2025-11-09 19:25:45,636 - INFO - Entrenamiento | Pérdida: 1.0804, Accuracy: 0.4695, Tiempo: 54.83s
2025-11-09 19:25:53,336 - INFO - Validación    | Pérdida: 1.0087, Accuracy: 0.4750
2025-11-09 19:25:53,336 - INFO - Tasa de aprendizaje reducida de 9.999725151766027e-05 a 9.999721037453855e-05
2025-11-09 19:25:53,336 - INFO - 
--- Época 26/300 ---
2025-11-09 19:26:46,909 - INFO - Entrenamiento | Pérdida: 1.0278, Accuracy: 0.4797, Tiempo: 53.57s
2025-11-09 19:26:54,479 - INFO - Validación    | Pérdida: 0.9700, Accuracy: 0.4625
2025-11-09 19:26:54,479 - INFO - 
--- Época 27/300 ---
2025-11-09 19:27:48,089 - INFO - Entrenamiento | Pérdida: 1.0356, Accuracy: 0.4756, Tiempo: 53.60s
2025-11-09 19:27:55,655 - INFO - Validación    | Pérdida: 0.9365, Accuracy: 0.5625
2025-11-09 19:27:55,655 - INFO - 
--- Época 28/300 ---
2025-11-09 19:28:51,239 - INFO - Entrenamiento | Pérdida: 1.0193, Accuracy: 0.4835, Tiempo: 55.58s
2025-11-09 19:28:58,990 - INFO - Validación    | Pérdida: 1.0097, Accuracy: 0.5208
2025-11-09 19:28:58,990 - INFO - Tasa de aprendizaje reducida de 9.999759570904035e-05 a 9.999720488376125e-05
2025-11-09 19:28:58,990 - INFO - 
--- Época 29/300 ---
2025-11-09 19:29:54,141 - INFO - Entrenamiento | Pérdida: 1.0092, Accuracy: 0.4891, Tiempo: 55.15s
2025-11-09 19:30:01,791 - INFO - Validación    | Pérdida: 1.0653, Accuracy: 0.4708
2025-11-09 19:30:01,791 - INFO - Tasa de aprendizaje reducida de 9.999720488376125e-05 a 9.999688893509815e-05
2025-11-09 19:30:01,791 - INFO - 
--- Época 30/300 ---
2025-11-09 19:30:56,759 - INFO - Entrenamiento | Pérdida: 1.0244, Accuracy: 0.4728, Tiempo: 54.97s
2025-11-09 19:31:04,322 - INFO - Validación    | Pérdida: 0.9833, Accuracy: 0.4958
2025-11-09 19:31:04,325 - INFO - 
--- Época 31/300 ---
2025-11-09 19:31:59,662 - INFO - Entrenamiento | Pérdida: 1.0157, Accuracy: 0.4877, Tiempo: 55.34s
2025-11-09 19:32:07,299 - INFO - Validación    | Pérdida: 0.9114, Accuracy: 0.5167
2025-11-09 19:32:07,693 - INFO - [+] Mejora en val_loss. Guardando el mejor modelo en 'models/sbtaylor_kan_cotton\run_20251109_183710\sbtaylor_kan.best_weights.pth'
2025-11-09 19:32:07,693 - INFO - 
--- Época 32/300 ---
2025-11-09 19:33:01,395 - INFO - Entrenamiento | Pérdida: 1.0095, Accuracy: 0.4783, Tiempo: 53.70s
2025-11-09 19:33:08,848 - INFO - Validación    | Pérdida: 1.0083, Accuracy: 0.4500
2025-11-09 19:33:08,848 - INFO - Tasa de aprendizaje reducida de 9.999772279967124e-05 a 9.999721289350545e-05
2025-11-09 19:33:08,848 - INFO - 
--- Época 33/300 ---
2025-11-09 19:34:03,746 - INFO - Entrenamiento | Pérdida: 0.9660, Accuracy: 0.4996, Tiempo: 54.90s
2025-11-09 19:34:11,277 - INFO - Validación    | Pérdida: 0.9320, Accuracy: 0.5625
2025-11-09 19:34:11,278 - INFO - 
--- Época 34/300 ---
2025-11-09 19:35:06,553 - INFO - Entrenamiento | Pérdida: 0.9808, Accuracy: 0.4866, Tiempo: 55.27s
2025-11-09 19:35:14,467 - INFO - Validación    | Pérdida: 0.9617, Accuracy: 0.4208
2025-11-09 19:35:14,477 - INFO - Tasa de aprendizaje reducida de 9.99976188284858e-05 a 9.999746438577206e-05
2025-11-09 19:35:14,477 - INFO - 
--- Época 35/300 ---
2025-11-09 19:36:10,057 - INFO - Entrenamiento | Pérdida: 0.9786, Accuracy: 0.4946, Tiempo: 55.58s
2025-11-09 19:36:17,582 - INFO - Validación    | Pérdida: 0.9435, Accuracy: 0.5750
2025-11-09 19:36:17,582 - INFO - 
--- Época 36/300 ---
2025-11-09 19:37:12,516 - INFO - Entrenamiento | Pérdida: 0.9808, Accuracy: 0.4916, Tiempo: 54.93s
2025-11-09 19:37:20,216 - INFO - Validación    | Pérdida: 0.9002, Accuracy: 0.5625
2025-11-09 19:37:20,600 - INFO - [+] Mejora en val_loss. Guardando el mejor modelo en 'models/sbtaylor_kan_cotton\run_20251109_183710\sbtaylor_kan.best_weights.pth'
2025-11-09 19:37:20,600 - INFO - 
--- Época 37/300 ---
2025-11-09 19:38:15,684 - INFO - Entrenamiento | Pérdida: 0.9711, Accuracy: 0.5000, Tiempo: 55.08s
2025-11-09 19:38:23,378 - INFO - Validación    | Pérdida: 0.9531, Accuracy: 0.5958
2025-11-09 19:38:23,378 - INFO - Tasa de aprendizaje reducida de 9.999777835289064e-05 a 9.999750974681958e-05
2025-11-09 19:38:23,378 - INFO - 
--- Época 38/300 ---
2025-11-09 19:39:17,510 - INFO - Entrenamiento | Pérdida: 0.9877, Accuracy: 0.4772, Tiempo: 54.13s
2025-11-09 19:39:25,111 - INFO - Validación    | Pérdida: 0.9336, Accuracy: 0.5625
2025-11-09 19:39:25,112 - INFO - 
--- Época 39/300 ---
2025-11-09 19:40:19,624 - INFO - Entrenamiento | Pérdida: 0.9827, Accuracy: 0.4896, Tiempo: 54.51s
2025-11-09 19:40:27,071 - INFO - Validación    | Pérdida: 0.9652, Accuracy: 0.4917
2025-11-09 19:40:27,071 - INFO - Tasa de aprendizaje reducida de 9.999761055306474e-05 a 9.99974458416094e-05
2025-11-09 19:40:27,071 - INFO - 
--- Época 40/300 ---
2025-11-09 19:41:21,910 - INFO - Entrenamiento | Pérdida: 0.9818, Accuracy: 0.4889, Tiempo: 54.84s
2025-11-09 19:41:29,438 - INFO - Validación    | Pérdida: 0.9473, Accuracy: 0.5417
2025-11-09 19:41:29,455 - INFO - 
--- Época 41/300 ---
2025-11-09 19:42:23,840 - INFO - Entrenamiento | Pérdida: 0.9709, Accuracy: 0.4952, Tiempo: 54.38s
2025-11-09 19:42:31,556 - INFO - Validación    | Pérdida: 0.9533, Accuracy: 0.5208
2025-11-09 19:42:31,556 - INFO - Tasa de aprendizaje reducida de 9.999754000220827e-05 a 9.999750837895995e-05
2025-11-09 19:42:31,556 - INFO - 
--- Época 42/300 ---
2025-11-09 19:43:25,924 - INFO - Entrenamiento | Pérdida: 0.9613, Accuracy: 0.5033, Tiempo: 54.37s
2025-11-09 19:43:33,508 - INFO - Validación    | Pérdida: 0.9097, Accuracy: 0.5708
2025-11-09 19:43:33,508 - INFO - 
--- Época 43/300 ---
2025-11-09 19:44:28,934 - INFO - Entrenamiento | Pérdida: 0.9637, Accuracy: 0.4964, Tiempo: 55.43s
2025-11-09 19:44:36,559 - INFO - Validación    | Pérdida: 0.9331, Accuracy: 0.4917
2025-11-09 19:44:36,559 - INFO - Tasa de aprendizaje reducida de 9.999773125290966e-05 a 9.999761291409107e-05
2025-11-09 19:44:36,559 - INFO - 
--- Época 44/300 ---
2025-11-09 19:45:31,949 - INFO - Entrenamiento | Pérdida: 0.9578, Accuracy: 0.4992, Tiempo: 55.39s
2025-11-09 19:45:39,410 - INFO - Validación    | Pérdida: 0.9532, Accuracy: 0.5125
2025-11-09 19:45:39,410 - INFO - Tasa de aprendizaje reducida de 9.999761291409107e-05 a 9.99975090756259e-05
2025-11-09 19:45:39,410 - INFO - 
--- Época 45/300 ---
2025-11-09 19:46:33,778 - INFO - Entrenamiento | Pérdida: 0.9513, Accuracy: 0.4954, Tiempo: 54.37s
2025-11-09 19:46:41,612 - INFO - Validación    | Pérdida: 0.9418, Accuracy: 0.4583
2025-11-09 19:46:41,612 - INFO - 
--- Época 46/300 ---
2025-11-09 19:47:36,744 - INFO - Entrenamiento | Pérdida: 0.9527, Accuracy: 0.5015, Tiempo: 55.13s
2025-11-09 19:47:44,713 - INFO - Validación    | Pérdida: 0.9349, Accuracy: 0.5458
2025-11-09 19:47:44,713 - INFO - 
--- Época 47/300 ---
2025-11-09 19:48:40,189 - INFO - Entrenamiento | Pérdida: 0.9391, Accuracy: 0.5140, Tiempo: 55.48s
2025-11-09 19:48:47,698 - INFO - Validación    | Pérdida: 0.9787, Accuracy: 0.5375
2025-11-09 19:48:47,714 - INFO - Tasa de aprendizaje reducida de 9.999760389944508e-05 a 9.999737390559027e-05
2025-11-09 19:48:47,714 - INFO - 
--- Época 48/300 ---
2025-11-09 19:49:41,949 - INFO - Entrenamiento | Pérdida: 0.9802, Accuracy: 0.4814, Tiempo: 54.23s
2025-11-09 19:49:49,588 - INFO - Validación    | Pérdida: 0.9405, Accuracy: 0.5500
2025-11-09 19:49:49,588 - INFO - 
--- Época 49/300 ---
2025-11-09 19:50:43,500 - INFO - Entrenamiento | Pérdida: 0.9494, Accuracy: 0.5067, Tiempo: 53.91s
2025-11-09 19:50:51,100 - INFO - Validación    | Pérdida: 0.9775, Accuracy: 0.5125
2025-11-09 19:50:51,100 - INFO - Tasa de aprendizaje reducida de 9.999757486336672e-05 a 9.999738021180208e-05
2025-11-09 19:50:51,115 - INFO - 
--- Época 50/300 ---
2025-11-09 19:51:45,835 - INFO - Entrenamiento | Pérdida: 0.9588, Accuracy: 0.4975, Tiempo: 54.72s
2025-11-09 19:51:53,517 - INFO - Validación    | Pérdida: 0.9377, Accuracy: 0.4917
2025-11-09 19:51:53,518 - INFO - 
--- Época 51/300 ---
2025-11-09 19:52:47,973 - INFO - Entrenamiento | Pérdida: 0.9556, Accuracy: 0.4964, Tiempo: 54.45s
2025-11-09 19:52:55,636 - INFO - Validación    | Pérdida: 0.9255, Accuracy: 0.4875
2025-11-09 19:52:55,636 - INFO - 
--- Época 52/300 ---
2025-11-09 19:53:50,054 - INFO - Entrenamiento | Pérdida: 0.9348, Accuracy: 0.4998, Tiempo: 54.42s
2025-11-09 19:53:57,754 - INFO - Validación    | Pérdida: 0.9569, Accuracy: 0.5167
2025-11-09 19:53:57,769 - INFO - Tasa de aprendizaje reducida de 9.99976518161025e-05 a 9.999748951247783e-05
2025-11-09 19:53:57,770 - INFO - 
--- Época 53/300 ---
2025-11-09 19:54:52,302 - INFO - Entrenamiento | Pérdida: 0.9296, Accuracy: 0.5077, Tiempo: 54.53s
2025-11-09 19:54:59,871 - INFO - Validación    | Pérdida: 0.9464, Accuracy: 0.4708
2025-11-09 19:54:59,872 - INFO - 
--- Época 54/300 ---
2025-11-09 19:55:54,040 - INFO - Entrenamiento | Pérdida: 0.9458, Accuracy: 0.4937, Tiempo: 54.17s
2025-11-09 19:56:01,782 - INFO - Validación    | Pérdida: 0.9273, Accuracy: 0.5625
2025-11-09 19:56:01,790 - INFO - 
--- Época 55/300 ---
2025-11-09 19:56:57,241 - INFO - Entrenamiento | Pérdida: 0.9311, Accuracy: 0.5063, Tiempo: 55.45s
2025-11-09 19:57:04,698 - INFO - Validación    | Pérdida: 0.9567, Accuracy: 0.5125
2025-11-09 19:57:04,700 - INFO - Tasa de aprendizaje reducida de 9.99976427007718e-05 a 9.99974905214607e-05
2025-11-09 19:57:04,701 - INFO - 
--- Época 56/300 ---
2025-11-09 19:58:00,592 - INFO - Entrenamiento | Pérdida: 0.9401, Accuracy: 0.4975, Tiempo: 55.89s
2025-11-09 19:58:08,498 - INFO - Validación    | Pérdida: 0.9523, Accuracy: 0.5500
2025-11-09 19:58:08,498 - INFO - 
--- Época 57/300 ---
2025-11-09 19:59:04,860 - INFO - Entrenamiento | Pérdida: 0.9400, Accuracy: 0.4987, Tiempo: 56.36s
2025-11-09 19:59:12,561 - INFO - Validación    | Pérdida: 0.9069, Accuracy: 0.5208
2025-11-09 19:59:12,576 - INFO - 
--- Época 58/300 ---
2025-11-09 20:00:09,214 - INFO - Entrenamiento | Pérdida: 0.9403, Accuracy: 0.5031, Tiempo: 56.64s
2025-11-09 20:00:16,931 - INFO - Validación    | Pérdida: 0.8911, Accuracy: 0.5833
2025-11-09 20:00:17,306 - INFO - [+] Mejora en val_loss. Guardando el mejor modelo en 'models/sbtaylor_kan_cotton\run_20251109_183710\sbtaylor_kan.best_weights.pth'
2025-11-09 20:00:17,307 - INFO - 
--- Época 59/300 ---
2025-11-09 20:01:15,249 - INFO - Entrenamiento | Pérdida: 0.9168, Accuracy: 0.5121, Tiempo: 57.94s
2025-11-09 20:01:22,797 - INFO - Validación    | Pérdida: 0.8910, Accuracy: 0.5667
2025-11-09 20:01:23,171 - INFO - [+] Mejora en val_loss. Guardando el mejor modelo en 'models/sbtaylor_kan_cotton\run_20251109_183710\sbtaylor_kan.best_weights.pth'
2025-11-09 20:01:23,172 - INFO - 
--- Época 60/300 ---
2025-11-09 20:02:21,015 - INFO - Entrenamiento | Pérdida: 0.9619, Accuracy: 0.4990, Tiempo: 57.84s
2025-11-09 20:02:28,715 - INFO - Validación    | Pérdida: 0.8928, Accuracy: 0.5000
2025-11-09 20:02:28,715 - INFO - Tasa de aprendizaje reducida de 9.999782342964694e-05 a 9.999781452070238e-05
2025-11-09 20:02:28,715 - INFO - 
--- Época 61/300 ---
2025-11-09 20:03:22,166 - INFO - Entrenamiento | Pérdida: 0.9424, Accuracy: 0.5065, Tiempo: 53.45s
2025-11-09 20:03:30,279 - INFO - Validación    | Pérdida: 0.9481, Accuracy: 0.5667
2025-11-09 20:03:30,282 - INFO - Tasa de aprendizaje reducida de 9.999781452070238e-05 a 9.999753570439503e-05
2025-11-09 20:03:30,283 - INFO - 
--- Época 62/300 ---
2025-11-09 20:04:26,246 - INFO - Entrenamiento | Pérdida: 0.9152, Accuracy: 0.5115, Tiempo: 55.96s
2025-11-09 20:04:33,617 - INFO - Validación    | Pérdida: 0.8859, Accuracy: 0.6167
2025-11-09 20:04:33,968 - INFO - [+] Mejora en val_loss. Guardando el mejor modelo en 'models/sbtaylor_kan_cotton\run_20251109_183710\sbtaylor_kan.best_weights.pth'
2025-11-09 20:04:33,978 - INFO - 
--- Época 63/300 ---
2025-11-09 20:05:29,236 - INFO - Entrenamiento | Pérdida: 0.9136, Accuracy: 0.5205, Tiempo: 55.26s
2025-11-09 20:05:37,152 - INFO - Validación    | Pérdida: 0.8902, Accuracy: 0.5792
2025-11-09 20:05:37,168 - INFO - Tasa de aprendizaje reducida de 9.99978483138384e-05 a 9.999782736342671e-05
2025-11-09 20:05:37,168 - INFO - 
--- Época 64/300 ---
2025-11-09 20:06:33,436 - INFO - Entrenamiento | Pérdida: 0.9175, Accuracy: 0.5125, Tiempo: 56.27s
2025-11-09 20:06:41,053 - INFO - Validación    | Pérdida: 0.8993, Accuracy: 0.5292
2025-11-09 20:06:41,069 - INFO - Tasa de aprendizaje reducida de 9.999782736342671e-05 a 9.99977827333946e-05
2025-11-09 20:06:41,069 - INFO - 
--- Época 65/300 ---
2025-11-09 20:07:37,925 - INFO - Entrenamiento | Pérdida: 0.9313, Accuracy: 0.5129, Tiempo: 56.85s
2025-11-09 20:07:45,529 - INFO - Validación    | Pérdida: 0.8844, Accuracy: 0.5708
2025-11-09 20:07:45,921 - INFO - [+] Mejora en val_loss. Guardando el mejor modelo en 'models/sbtaylor_kan_cotton\run_20251109_183710\sbtaylor_kan.best_weights.pth'
2025-11-09 20:07:45,921 - INFO - 
--- Época 66/300 ---
2025-11-09 20:08:43,856 - INFO - Entrenamiento | Pérdida: 0.9164, Accuracy: 0.5096, Tiempo: 57.93s
2025-11-09 20:08:51,323 - INFO - Validación    | Pérdida: 0.8887, Accuracy: 0.5833
2025-11-09 20:08:51,323 - INFO - Tasa de aprendizaje reducida de 9.999785558943354e-05 a 9.999783460336114e-05
2025-11-09 20:08:51,330 - INFO - 
--- Época 67/300 ---
2025-11-09 20:09:46,791 - INFO - Entrenamiento | Pérdida: 0.9129, Accuracy: 0.5152, Tiempo: 55.46s
2025-11-09 20:09:54,641 - INFO - Validación    | Pérdida: 0.9136, Accuracy: 0.6042
2025-11-09 20:09:54,641 - INFO - Tasa de aprendizaje reducida de 9.999783460336114e-05 a 9.99977118209317e-05
2025-11-09 20:09:54,641 - INFO - 
--- Época 68/300 ---
2025-11-09 20:10:50,092 - INFO - Entrenamiento | Pérdida: 0.9142, Accuracy: 0.5215, Tiempo: 55.44s
2025-11-09 20:10:57,714 - INFO - Validación    | Pérdida: 0.9022, Accuracy: 0.5917
2025-11-09 20:10:57,714 - INFO - 
--- Época 69/300 ---
2025-11-09 20:11:53,160 - INFO - Entrenamiento | Pérdida: 0.9104, Accuracy: 0.5130, Tiempo: 55.45s
2025-11-09 20:12:00,826 - INFO - Validación    | Pérdida: 0.9433, Accuracy: 0.5167
2025-11-09 20:12:00,826 - INFO - Tasa de aprendizaje reducida de 9.999776842362216e-05 a 9.999756046545803e-05
2025-11-09 20:12:00,826 - INFO - 
--- Época 70/300 ---
2025-11-09 20:12:56,778 - INFO - Entrenamiento | Pérdida: 0.8954, Accuracy: 0.5248, Tiempo: 55.94s
2025-11-09 20:13:04,347 - INFO - Validación    | Pérdida: 0.9476, Accuracy: 0.5292
2025-11-09 20:13:04,349 - INFO - Tasa de aprendizaje reducida de 9.999756046545803e-05 a 9.999753843313832e-05
2025-11-09 20:13:04,350 - INFO - 
--- Época 71/300 ---
2025-11-09 20:13:58,278 - INFO - Entrenamiento | Pérdida: 0.9133, Accuracy: 0.5119, Tiempo: 53.93s
2025-11-09 20:14:05,746 - INFO - Validación    | Pérdida: 0.9114, Accuracy: 0.5833
2025-11-09 20:14:05,746 - INFO - 
--- Época 72/300 ---
2025-11-09 20:14:59,947 - INFO - Entrenamiento | Pérdida: 0.8970, Accuracy: 0.5205, Tiempo: 54.20s
2025-11-09 20:15:07,366 - INFO - Validación    | Pérdida: 0.9229, Accuracy: 0.5083
2025-11-09 20:15:07,369 - INFO - Tasa de aprendizaje reducida de 9.999772284218483e-05 a 9.999766499022502e-05
2025-11-09 20:15:07,369 - INFO - 
--- Época 73/300 ---
2025-11-09 20:16:02,326 - INFO - Entrenamiento | Pérdida: 0.8884, Accuracy: 0.5267, Tiempo: 54.96s
2025-11-09 20:16:09,982 - INFO - Validación    | Pérdida: 0.8607, Accuracy: 0.6000
2025-11-09 20:16:10,365 - INFO - [+] Mejora en val_loss. Guardando el mejor modelo en 'models/sbtaylor_kan_cotton\run_20251109_183710\sbtaylor_kan.best_weights.pth'
2025-11-09 20:16:10,366 - INFO - 
--- Época 74/300 ---
2025-11-09 20:17:06,322 - INFO - Entrenamiento | Pérdida: 0.9150, Accuracy: 0.5257, Tiempo: 55.95s
2025-11-09 20:17:13,957 - INFO - Validación    | Pérdida: 0.9438, Accuracy: 0.4833
2025-11-09 20:17:13,957 - INFO - Tasa de aprendizaje reducida de 9.999796919185458e-05 a 9.999755786482702e-05
2025-11-09 20:17:13,957 - INFO - 
--- Época 75/300 ---
2025-11-09 20:18:10,528 - INFO - Entrenamiento | Pérdida: 0.8926, Accuracy: 0.5192, Tiempo: 56.57s
2025-11-09 20:18:18,868 - INFO - Validación    | Pérdida: 0.9555, Accuracy: 0.5042
2025-11-09 20:18:18,868 - INFO - Tasa de aprendizaje reducida de 9.999755786482702e-05 a 9.999749720806586e-05
2025-11-09 20:18:18,868 - INFO - 
--- Época 76/300 ---
2025-11-09 20:19:16,541 - INFO - Entrenamiento | Pérdida: 0.9086, Accuracy: 0.5084, Tiempo: 57.66s
2025-11-09 20:19:24,678 - INFO - Validación    | Pérdida: 0.9377, Accuracy: 0.5125
2025-11-09 20:19:24,678 - INFO - 
--- Época 77/300 ---
2025-11-09 20:20:21,429 - INFO - Entrenamiento | Pérdida: 0.8825, Accuracy: 0.5259, Tiempo: 56.75s
2025-11-09 20:20:29,154 - INFO - Validación    | Pérdida: 0.9227, Accuracy: 0.4542
2025-11-09 20:20:29,154 - INFO - 
--- Época 78/300 ---
2025-11-09 20:21:23,355 - INFO - Entrenamiento | Pérdida: 0.8976, Accuracy: 0.5165, Tiempo: 54.20s
2025-11-09 20:21:31,088 - INFO - Validación    | Pérdida: 0.9529, Accuracy: 0.5333
2025-11-09 20:21:31,091 - INFO - Tasa de aprendizaje reducida de 9.999766587525049e-05 a 9.999751071786661e-05
2025-11-09 20:21:31,093 - INFO - 
--- Época 79/300 ---
2025-11-09 20:22:26,406 - INFO - Entrenamiento | Pérdida: 0.9016, Accuracy: 0.5326, Tiempo: 55.31s
2025-11-09 20:22:33,996 - INFO - Validación    | Pérdida: 0.8997, Accuracy: 0.5292
2025-11-09 20:22:33,996 - INFO - 
--- Época 80/300 ---
2025-11-09 20:23:29,458 - INFO - Entrenamiento | Pérdida: 0.8784, Accuracy: 0.5253, Tiempo: 55.46s
2025-11-09 20:23:37,091 - INFO - Validación    | Pérdida: 0.8843, Accuracy: 0.5750
2025-11-09 20:23:37,091 - INFO - 
--- Época 81/300 ---
2025-11-09 20:24:31,534 - INFO - Entrenamiento | Pérdida: 0.8984, Accuracy: 0.5318, Tiempo: 54.44s
2025-11-09 20:24:39,347 - INFO - Validación    | Pérdida: 0.8801, Accuracy: 0.6083
2025-11-09 20:24:39,347 - INFO - 
--- Época 82/300 ---
2025-11-09 20:25:34,477 - INFO - Entrenamiento | Pérdida: 0.8866, Accuracy: 0.5363, Tiempo: 55.13s
2025-11-09 20:25:42,094 - INFO - Validación    | Pérdida: 0.9070, Accuracy: 0.5375
2025-11-09 20:25:42,094 - INFO - Tasa de aprendizaje reducida de 9.999787636025949e-05 a 9.99977447201379e-05
2025-11-09 20:25:42,109 - INFO - 
--- Época 83/300 ---
2025-11-09 20:26:37,995 - INFO - Entrenamiento | Pérdida: 0.8799, Accuracy: 0.5336, Tiempo: 55.88s
2025-11-09 20:26:45,845 - INFO - Validación    | Pérdida: 0.8870, Accuracy: 0.5792
2025-11-09 20:26:45,845 - INFO - 
--- Época 84/300 ---
2025-11-09 20:27:42,730 - INFO - Entrenamiento | Pérdida: 0.8896, Accuracy: 0.5286, Tiempo: 56.88s
2025-11-09 20:27:50,571 - INFO - Validación    | Pérdida: 0.9024, Accuracy: 0.5750
2025-11-09 20:27:50,573 - INFO - Tasa de aprendizaje reducida de 9.999784280237285e-05 a 9.999776737013515e-05
2025-11-09 20:27:50,574 - INFO - 
--- Época 85/300 ---
2025-11-09 20:28:46,889 - INFO - Entrenamiento | Pérdida: 0.8786, Accuracy: 0.5378, Tiempo: 56.32s
2025-11-09 20:28:54,798 - INFO - Validación    | Pérdida: 0.9443, Accuracy: 0.4708
2025-11-09 20:28:54,798 - INFO - Tasa de aprendizaje reducida de 9.999776737013515e-05 a 9.999755513835416e-05
2025-11-09 20:28:54,814 - INFO - 
--- Época 86/300 ---
2025-11-09 20:29:50,551 - INFO - Entrenamiento | Pérdida: 0.8638, Accuracy: 0.5405, Tiempo: 55.74s
2025-11-09 20:29:58,166 - INFO - Validación    | Pérdida: 0.9332, Accuracy: 0.5083
2025-11-09 20:29:58,166 - INFO - 
--- Época 87/300 ---
2025-11-09 20:30:52,867 - INFO - Entrenamiento | Pérdida: 0.8742, Accuracy: 0.5320, Tiempo: 54.70s
2025-11-09 20:31:00,500 - INFO - Validación    | Pérdida: 0.9374, Accuracy: 0.5375
2025-11-09 20:31:00,500 - INFO - Tasa de aprendizaje reducida de 9.999761245724472e-05 a 9.999759105335091e-05
2025-11-09 20:31:00,516 - INFO - 
--- Época 88/300 ---
2025-11-09 20:31:56,851 - INFO - Entrenamiento | Pérdida: 0.8851, Accuracy: 0.5203, Tiempo: 56.33s
2025-11-09 20:32:04,352 - INFO - Validación    | Pérdida: 0.9140, Accuracy: 0.5542
2025-11-09 20:32:04,352 - INFO - 
--- Época 89/300 ---
2025-11-09 20:33:01,573 - INFO - Entrenamiento | Pérdida: 0.8870, Accuracy: 0.5255, Tiempo: 57.22s
2025-11-09 20:33:09,238 - INFO - Validación    | Pérdida: 0.8701, Accuracy: 0.5625
2025-11-09 20:33:09,240 - INFO - 
--- Época 90/300 ---
2025-11-09 20:34:06,971 - INFO - Entrenamiento | Pérdida: 0.8887, Accuracy: 0.5355, Tiempo: 57.73s
2025-11-09 20:34:15,314 - INFO - Validación    | Pérdida: 0.9262, Accuracy: 0.5000
2025-11-09 20:34:15,315 - INFO - Tasa de aprendizaje reducida de 9.999792448821076e-05 a 9.999764812351631e-05
2025-11-09 20:34:15,317 - INFO - 
--- Época 91/300 ---
2025-11-09 20:35:11,972 - INFO - Entrenamiento | Pérdida: 0.8651, Accuracy: 0.5326, Tiempo: 56.65s
2025-11-09 20:35:19,509 - INFO - Validación    | Pérdida: 0.8696, Accuracy: 0.6000
2025-11-09 20:35:19,509 - INFO - 
--- Época 92/300 ---
2025-11-09 20:36:15,790 - INFO - Entrenamiento | Pérdida: 0.8758, Accuracy: 0.5376, Tiempo: 56.28s
2025-11-09 20:36:23,284 - INFO - Validación    | Pérdida: 0.9095, Accuracy: 0.5375
2025-11-09 20:36:23,287 - INFO - Tasa de aprendizaje reducida de 9.999792674999152e-05 a 9.999773209893052e-05
2025-11-09 20:36:23,289 - INFO - 
--- Época 93/300 ---
2025-11-09 20:37:19,441 - INFO - Entrenamiento | Pérdida: 0.8768, Accuracy: 0.5280, Tiempo: 56.15s
2025-11-09 20:37:27,142 - INFO - Validación    | Pérdida: 0.8926, Accuracy: 0.6083
2025-11-09 20:37:27,142 - INFO - 
--- Época 94/300 ---
2025-11-09 20:38:22,498 - INFO - Entrenamiento | Pérdida: 0.8627, Accuracy: 0.5414, Tiempo: 55.36s
2025-11-09 20:38:30,159 - INFO - Validación    | Pérdida: 0.8978, Accuracy: 0.5708
2025-11-09 20:38:30,164 - INFO - Tasa de aprendizaje reducida de 9.999781562763109e-05 a 9.999778997497402e-05
2025-11-09 20:38:30,166 - INFO - 
--- Época 95/300 ---
2025-11-09 20:39:26,944 - INFO - Entrenamiento | Pérdida: 0.8683, Accuracy: 0.5355, Tiempo: 56.78s
2025-11-09 20:39:34,831 - INFO - Validación    | Pérdida: 0.9057, Accuracy: 0.5417
2025-11-09 20:39:34,832 - INFO - Tasa de aprendizaje reducida de 9.999778997497402e-05 a 9.999775122812703e-05
2025-11-09 20:39:34,833 - INFO - 
--- Época 96/300 ---
2025-11-09 20:40:30,795 - INFO - Entrenamiento | Pérdida: 0.8602, Accuracy: 0.5459, Tiempo: 55.96s
2025-11-09 20:40:38,529 - INFO - Validación    | Pérdida: 0.9379, Accuracy: 0.4833
2025-11-09 20:40:38,529 - INFO - Tasa de aprendizaje reducida de 9.999775122812703e-05 a 9.999758830735113e-05
2025-11-09 20:40:38,538 - INFO - 
--- Época 97/300 ---
2025-11-09 20:41:32,164 - INFO - Entrenamiento | Pérdida: 0.8585, Accuracy: 0.5397, Tiempo: 53.63s
2025-11-09 20:41:39,771 - INFO - Validación    | Pérdida: 0.9421, Accuracy: 0.5125
2025-11-09 20:41:39,772 - INFO - Tasa de aprendizaje reducida de 9.999758830735113e-05 a 9.999756662295419e-05
2025-11-09 20:41:39,773 - INFO - 
--- Época 98/300 ---
2025-11-09 20:42:35,091 - INFO - Entrenamiento | Pérdida: 0.8779, Accuracy: 0.5386, Tiempo: 55.32s
2025-11-09 20:42:42,740 - INFO - Validación    | Pérdida: 0.8836, Accuracy: 0.5917
2025-11-09 20:42:42,748 - INFO - 
--- Época 99/300 ---
2025-11-09 20:43:39,542 - INFO - Entrenamiento | Pérdida: 0.8789, Accuracy: 0.5244, Tiempo: 56.79s
2025-11-09 20:43:47,199 - INFO - Validación    | Pérdida: 0.8935, Accuracy: 0.5542
2025-11-09 20:43:47,199 - INFO - Tasa de aprendizaje reducida de 9.999785963622228e-05 a 9.999781147848277e-05
2025-11-09 20:43:47,199 - INFO - 
--- Época 100/300 ---
2025-11-09 20:44:44,801 - INFO - Entrenamiento | Pérdida: 0.8621, Accuracy: 0.5318, Tiempo: 57.60s
2025-11-09 20:44:52,771 - INFO - Validación    | Pérdida: 0.8866, Accuracy: 0.5792
2025-11-09 20:44:52,771 - INFO - 
--- Época 101/300 ---
2025-11-09 20:45:49,628 - INFO - Entrenamiento | Pérdida: 0.8673, Accuracy: 0.5365, Tiempo: 56.86s
2025-11-09 20:45:57,378 - INFO - Validación    | Pérdida: 0.9324, Accuracy: 0.4667
2025-11-09 20:45:57,378 - INFO - Tasa de aprendizaje reducida de 9.999784482018826e-05 a 9.999761634483537e-05
2025-11-09 20:45:57,384 - INFO - 
--- Época 102/300 ---
2025-11-09 20:46:54,543 - INFO - Entrenamiento | Pérdida: 0.8531, Accuracy: 0.5372, Tiempo: 57.16s
2025-11-09 20:47:02,170 - INFO - Validación    | Pérdida: 0.8900, Accuracy: 0.5375
2025-11-09 20:47:02,170 - INFO - 
--- Época 103/300 ---
2025-11-09 20:47:57,471 - INFO - Entrenamiento | Pérdida: 0.8690, Accuracy: 0.5317, Tiempo: 55.30s
2025-11-09 20:48:06,555 - INFO - Validación    | Pérdida: 0.9168, Accuracy: 0.5417
2025-11-09 20:48:06,555 - INFO - Tasa de aprendizaje reducida de 9.99978285247658e-05 a 9.999769544201544e-05
2025-11-09 20:48:06,555 - INFO - 
--- Época 104/300 ---
2025-11-09 20:49:02,090 - INFO - Entrenamiento | Pérdida: 0.8680, Accuracy: 0.5355, Tiempo: 55.53s
2025-11-09 20:49:10,023 - INFO - Validación    | Pérdida: 0.8936, Accuracy: 0.5667
2025-11-09 20:49:10,023 - INFO - 
--- Época 105/300 ---
2025-11-09 20:50:04,974 - INFO - Entrenamiento | Pérdida: 0.8454, Accuracy: 0.5470, Tiempo: 54.95s
2025-11-09 20:50:12,774 - INFO - Validación    | Pérdida: 0.9182, Accuracy: 0.5250
2025-11-09 20:50:12,774 - INFO - Tasa de aprendizaje reducida de 9.999781084250459e-05 a 9.99976884726975e-05
2025-11-09 20:50:12,774 - INFO - 
--- Época 106/300 ---
2025-11-09 20:51:08,035 - INFO - Entrenamiento | Pérdida: 0.8474, Accuracy: 0.5464, Tiempo: 55.26s
2025-11-09 20:51:15,659 - INFO - Validación    | Pérdida: 0.8841, Accuracy: 0.5083
2025-11-09 20:51:15,659 - INFO - 
--- Época 107/300 ---
2025-11-09 20:52:11,450 - INFO - Entrenamiento | Pérdida: 0.8488, Accuracy: 0.5549, Tiempo: 55.79s
2025-11-09 20:52:19,477 - INFO - Validación    | Pérdida: 0.8629, Accuracy: 0.5583
2025-11-09 20:52:19,477 - INFO - 
--- Época 108/300 ---
2025-11-09 20:53:14,095 - INFO - Entrenamiento | Pérdida: 0.8492, Accuracy: 0.5363, Tiempo: 54.62s
2025-11-09 20:53:21,912 - INFO - Validación    | Pérdida: 0.9285, Accuracy: 0.5417
2025-11-09 20:53:21,912 - INFO - Tasa de aprendizaje reducida de 9.999795882737508e-05 a 9.999763655087834e-05
2025-11-09 20:53:21,912 - INFO - 
--- Época 109/300 ---
2025-11-09 20:54:16,982 - INFO - Entrenamiento | Pérdida: 0.8728, Accuracy: 0.5457, Tiempo: 55.06s
2025-11-09 20:54:24,546 - INFO - Validación    | Pérdida: 0.9035, Accuracy: 0.5042
2025-11-09 20:54:24,561 - INFO - 
--- Época 110/300 ---
2025-11-09 20:55:21,031 - INFO - Entrenamiento | Pérdida: 0.8396, Accuracy: 0.5533, Tiempo: 56.47s
2025-11-09 20:55:28,497 - INFO - Validación    | Pérdida: 0.8992, Accuracy: 0.5083
2025-11-09 20:55:28,497 - INFO - 
--- Época 111/300 ---
2025-11-09 20:56:24,097 - INFO - Entrenamiento | Pérdida: 0.8372, Accuracy: 0.5495, Tiempo: 55.59s
2025-11-09 20:56:31,932 - INFO - Validación    | Pérdida: 0.8831, Accuracy: 0.5417
2025-11-09 20:56:31,932 - INFO - 
--- Época 112/300 ---
2025-11-09 20:57:29,067 - INFO - Entrenamiento | Pérdida: 0.8687, Accuracy: 0.5478, Tiempo: 57.13s
2025-11-09 20:57:36,871 - INFO - Validación    | Pérdida: 0.8882, Accuracy: 0.5292
2025-11-09 20:57:36,872 - INFO - Tasa de aprendizaje reducida de 9.999786191354668e-05 a 9.999783718063615e-05
2025-11-09 20:57:36,872 - INFO - 
--- Época 113/300 ---
2025-11-09 20:58:33,554 - INFO - Entrenamiento | Pérdida: 0.8483, Accuracy: 0.5447, Tiempo: 56.68s
2025-11-09 20:58:41,585 - INFO - Validación    | Pérdida: 0.9060, Accuracy: 0.5417
2025-11-09 20:58:41,587 - INFO - Tasa de aprendizaje reducida de 9.999783718063615e-05 a 9.999774987758003e-05
2025-11-09 20:58:41,589 - INFO - 
--- Época 114/300 ---
2025-11-09 20:59:37,086 - INFO - Entrenamiento | Pérdida: 0.8455, Accuracy: 0.5485, Tiempo: 55.50s
2025-11-09 20:59:45,136 - INFO - Validación    | Pérdida: 0.9013, Accuracy: 0.4750
2025-11-09 20:59:45,136 - INFO - 
--- Época 115/300 ---
2025-11-09 21:00:41,837 - INFO - Entrenamiento | Pérdida: 0.8526, Accuracy: 0.5411, Tiempo: 56.70s
2025-11-09 21:00:49,576 - INFO - Validación    | Pérdida: 0.9152, Accuracy: 0.5167
2025-11-09 21:00:49,576 - INFO - Tasa de aprendizaje reducida de 9.999777315771257e-05 a 9.999770392622583e-05
2025-11-09 21:00:49,580 - INFO - 
--- Época 116/300 ---
2025-11-09 21:01:45,822 - INFO - Entrenamiento | Pérdida: 0.8296, Accuracy: 0.5508, Tiempo: 56.24s
2025-11-09 21:01:53,514 - INFO - Validación    | Pérdida: 0.8906, Accuracy: 0.5125
2025-11-09 21:01:53,516 - INFO - 
--- Época 117/300 ---
2025-11-09 21:02:49,331 - INFO - Entrenamiento | Pérdida: 0.8489, Accuracy: 0.5343, Tiempo: 55.81s
2025-11-09 21:02:56,958 - INFO - Validación    | Pérdida: 0.8783, Accuracy: 0.5375
2025-11-09 21:02:56,961 - INFO - 
--- Época 118/300 ---
2025-11-09 21:03:55,579 - INFO - Entrenamiento | Pérdida: 0.8684, Accuracy: 0.5403, Tiempo: 58.62s
2025-11-09 21:04:03,208 - INFO - Validación    | Pérdida: 0.8824, Accuracy: 0.5250
2025-11-09 21:04:03,208 - INFO - Tasa de aprendizaje reducida de 9.999788518413401e-05 a 9.999786534049728e-05
2025-11-09 21:04:03,208 - INFO - 
--- Época 119/300 ---
2025-11-09 21:04:58,895 - INFO - Entrenamiento | Pérdida: 0.8636, Accuracy: 0.5445, Tiempo: 55.69s
2025-11-09 21:05:06,693 - INFO - Validación    | Pérdida: 0.8876, Accuracy: 0.5167
2025-11-09 21:05:06,693 - INFO - Tasa de aprendizaje reducida de 9.999786534049728e-05 a 9.99978399686509e-05
2025-11-09 21:05:06,693 - INFO - 
--- Época 120/300 ---
2025-11-09 21:06:03,181 - INFO - Entrenamiento | Pérdida: 0.8771, Accuracy: 0.5389, Tiempo: 56.49s
2025-11-09 21:06:11,193 - INFO - Validación    | Pérdida: 0.8917, Accuracy: 0.5208
2025-11-09 21:06:11,195 - INFO - Tasa de aprendizaje reducida de 9.99978399686509e-05 a 9.999782032736666e-05
2025-11-09 21:06:11,197 - INFO - 
--- Época 121/300 ---
2025-11-09 21:07:07,276 - INFO - Entrenamiento | Pérdida: 0.8546, Accuracy: 0.5487, Tiempo: 56.08s
2025-11-09 21:07:15,045 - INFO - Validación    | Pérdida: 0.8527, Accuracy: 0.5375
2025-11-09 21:07:15,438 - INFO - [+] Mejora en val_loss. Guardando el mejor modelo en 'models/sbtaylor_kan_cotton\run_20251109_183710\sbtaylor_kan.best_weights.pth'
2025-11-09 21:07:15,438 - INFO - 
--- Época 122/300 ---
2025-11-09 21:08:10,847 - INFO - Entrenamiento | Pérdida: 0.8509, Accuracy: 0.5472, Tiempo: 55.41s
2025-11-09 21:08:18,465 - INFO - Validación    | Pérdida: 0.8852, Accuracy: 0.4958
2025-11-09 21:08:18,468 - INFO - Tasa de aprendizaje reducida de 9.999800678112198e-05 a 9.999785157006856e-05
2025-11-09 21:08:18,469 - INFO - 
--- Época 123/300 ---
2025-11-09 21:09:14,448 - INFO - Entrenamiento | Pérdida: 0.8365, Accuracy: 0.5526, Tiempo: 55.98s
2025-11-09 21:09:22,647 - INFO - Validación    | Pérdida: 0.8834, Accuracy: 0.5667
2025-11-09 21:09:22,649 - INFO - 
--- Época 124/300 ---
2025-11-09 21:10:17,454 - INFO - Entrenamiento | Pérdida: 0.8379, Accuracy: 0.5522, Tiempo: 54.80s
2025-11-09 21:10:25,100 - INFO - Validación    | Pérdida: 0.8662, Accuracy: 0.5708
2025-11-09 21:10:25,116 - INFO - 
--- Época 125/300 ---
2025-11-09 21:11:21,833 - INFO - Entrenamiento | Pérdida: 0.8541, Accuracy: 0.5560, Tiempo: 56.72s
2025-11-09 21:11:29,378 - INFO - Validación    | Pérdida: 0.8176, Accuracy: 0.6125
2025-11-09 21:11:29,734 - INFO - [+] Mejora en val_loss. Guardando el mejor modelo en 'models/sbtaylor_kan_cotton\run_20251109_183710\sbtaylor_kan.best_weights.pth'
2025-11-09 21:11:29,734 - INFO - 
--- Época 126/300 ---
2025-11-09 21:12:24,419 - INFO - Entrenamiento | Pérdida: 0.8437, Accuracy: 0.5497, Tiempo: 54.68s
2025-11-09 21:12:31,819 - INFO - Validación    | Pérdida: 0.8643, Accuracy: 0.5458
2025-11-09 21:12:31,819 - INFO - Tasa de aprendizaje reducida de 9.999816732500575e-05 a 9.999795189095127e-05
2025-11-09 21:12:31,819 - INFO - 
--- Época 127/300 ---
2025-11-09 21:13:26,353 - INFO - Entrenamiento | Pérdida: 0.8469, Accuracy: 0.5554, Tiempo: 54.53s
2025-11-09 21:13:34,181 - INFO - Validación    | Pérdida: 0.8571, Accuracy: 0.5458
2025-11-09 21:13:34,184 - INFO - 
--- Época 128/300 ---
2025-11-09 21:14:28,788 - INFO - Entrenamiento | Pérdida: 0.8588, Accuracy: 0.5428, Tiempo: 54.60s
2025-11-09 21:14:36,307 - INFO - Validación    | Pérdida: 0.8854, Accuracy: 0.5500
2025-11-09 21:14:36,309 - INFO - Tasa de aprendizaje reducida de 9.999798594669709e-05 a 9.999785085840149e-05
2025-11-09 21:14:36,310 - INFO - 
--- Época 129/300 ---
2025-11-09 21:15:32,397 - INFO - Entrenamiento | Pérdida: 0.8559, Accuracy: 0.5591, Tiempo: 56.09s
2025-11-09 21:15:39,906 - INFO - Validación    | Pérdida: 0.8806, Accuracy: 0.5708
2025-11-09 21:15:39,906 - INFO - 
--- Época 130/300 ---
2025-11-09 21:16:33,711 - INFO - Entrenamiento | Pérdida: 0.8391, Accuracy: 0.5551, Tiempo: 53.79s
2025-11-09 21:16:41,248 - INFO - Validación    | Pérdida: 0.8941, Accuracy: 0.5667
2025-11-09 21:16:41,249 - INFO - Tasa de aprendizaje reducida de 9.999787389585859e-05 a 9.999780854300044e-05
2025-11-09 21:16:41,250 - INFO - 
--- Época 131/300 ---
2025-11-09 21:17:36,793 - INFO - Entrenamiento | Pérdida: 0.8464, Accuracy: 0.5466, Tiempo: 55.54s
2025-11-09 21:17:44,491 - INFO - Validación    | Pérdida: 0.8654, Accuracy: 0.6250
2025-11-09 21:17:44,493 - INFO - 
--- Época 132/300 ---
2025-11-09 21:18:39,143 - INFO - Entrenamiento | Pérdida: 0.8443, Accuracy: 0.5551, Tiempo: 54.65s
2025-11-09 21:18:46,760 - INFO - Validación    | Pérdida: 0.8456, Accuracy: 0.5833
2025-11-09 21:18:46,760 - INFO - 
--- Época 133/300 ---
2025-11-09 21:19:42,762 - INFO - Entrenamiento | Pérdida: 0.8585, Accuracy: 0.5549, Tiempo: 56.00s
2025-11-09 21:19:50,494 - INFO - Validación    | Pérdida: 0.8529, Accuracy: 0.5542
2025-11-09 21:19:50,494 - INFO - Tasa de aprendizaje reducida de 9.999803946418855e-05 a 9.999800572239015e-05
2025-11-09 21:19:50,511 - INFO - 
--- Época 134/300 ---
2025-11-09 21:20:46,292 - INFO - Entrenamiento | Pérdida: 0.8361, Accuracy: 0.5457, Tiempo: 55.78s
2025-11-09 21:20:54,030 - INFO - Validación    | Pérdida: 0.8699, Accuracy: 0.5375
2025-11-09 21:20:54,045 - INFO - Tasa de aprendizaje reducida de 9.999800572239015e-05 a 9.999792525367223e-05
2025-11-09 21:20:54,046 - INFO - 
--- Época 135/300 ---
2025-11-09 21:21:50,430 - INFO - Entrenamiento | Pérdida: 0.8226, Accuracy: 0.5451, Tiempo: 56.38s
2025-11-09 21:21:58,247 - INFO - Validación    | Pérdida: 0.8754, Accuracy: 0.5250
2025-11-09 21:21:58,250 - INFO - Tasa de aprendizaje reducida de 9.999792525367223e-05 a 9.999789913812059e-05
2025-11-09 21:21:58,251 - INFO - 
--- Época 136/300 ---
2025-11-09 21:22:52,815 - INFO - Entrenamiento | Pérdida: 0.8233, Accuracy: 0.5507, Tiempo: 54.56s
2025-11-09 21:23:00,421 - INFO - Validación    | Pérdida: 0.8527, Accuracy: 0.5583
2025-11-09 21:23:00,421 - INFO - 
--- Época 137/300 ---
2025-11-09 21:23:55,269 - INFO - Entrenamiento | Pérdida: 0.8305, Accuracy: 0.5595, Tiempo: 54.85s
2025-11-09 21:24:02,842 - INFO - Validación    | Pérdida: 0.8467, Accuracy: 0.5708
2025-11-09 21:24:02,842 - INFO - 
--- Época 138/300 ---
2025-11-09 21:24:57,956 - INFO - Entrenamiento | Pérdida: 0.8316, Accuracy: 0.5681, Tiempo: 55.11s
2025-11-09 21:25:05,735 - INFO - Validación    | Pérdida: 0.8631, Accuracy: 0.5500
2025-11-09 21:25:05,750 - INFO - Tasa de aprendizaje reducida de 9.999803458111019e-05 a 9.999795767523688e-05
2025-11-09 21:25:05,753 - INFO - 
--- Época 139/300 ---
2025-11-09 21:26:00,094 - INFO - Entrenamiento | Pérdida: 0.8273, Accuracy: 0.5574, Tiempo: 54.34s
2025-11-09 21:26:07,771 - INFO - Validación    | Pérdida: 0.8547, Accuracy: 0.5333
2025-11-09 21:26:07,772 - INFO - 
--- Época 140/300 ---
2025-11-09 21:27:02,216 - INFO - Entrenamiento | Pérdida: 0.8091, Accuracy: 0.5553, Tiempo: 54.44s
2025-11-09 21:27:10,120 - INFO - Validación    | Pérdida: 0.8260, Accuracy: 0.5875
2025-11-09 21:27:10,130 - INFO - 
--- Época 141/300 ---
2025-11-09 21:28:07,122 - INFO - Entrenamiento | Pérdida: 0.8384, Accuracy: 0.5616, Tiempo: 56.99s
2025-11-09 21:28:14,888 - INFO - Validación    | Pérdida: 0.8394, Accuracy: 0.6083
2025-11-09 21:28:14,888 - INFO - Tasa de aprendizaje reducida de 9.999812948107845e-05 a 9.999806825724973e-05
2025-11-09 21:28:14,888 - INFO - 
--- Época 142/300 ---
2025-11-09 21:29:11,539 - INFO - Entrenamiento | Pérdida: 0.8050, Accuracy: 0.5595, Tiempo: 56.65s
2025-11-09 21:29:20,729 - INFO - Validación    | Pérdida: 0.8578, Accuracy: 0.5833
2025-11-09 21:29:20,729 - INFO - Tasa de aprendizaje reducida de 9.999806825724973e-05 a 9.99979827429558e-05
2025-11-09 21:29:20,729 - INFO - 
--- Época 143/300 ---
2025-11-09 21:30:15,883 - INFO - Entrenamiento | Pérdida: 0.8180, Accuracy: 0.5631, Tiempo: 55.15s
2025-11-09 21:30:23,541 - INFO - Validación    | Pérdida: 0.9185, Accuracy: 0.5000
2025-11-09 21:30:23,541 - INFO - Tasa de aprendizaje reducida de 9.99979827429558e-05 a 9.999768702511122e-05
2025-11-09 21:30:23,541 - INFO - 
--- Época 144/300 ---
2025-11-09 21:31:18,298 - INFO - Entrenamiento | Pérdida: 0.8536, Accuracy: 0.5530, Tiempo: 54.76s
2025-11-09 21:31:25,879 - INFO - Validación    | Pérdida: 0.8832, Accuracy: 0.5708
2025-11-09 21:31:25,879 - INFO - 
--- Época 145/300 ---
2025-11-09 21:32:22,627 - INFO - Entrenamiento | Pérdida: 0.8194, Accuracy: 0.5516, Tiempo: 56.75s
2025-11-09 21:32:29,998 - INFO - Validación    | Pérdida: 0.8678, Accuracy: 0.5625
2025-11-09 21:32:29,998 - INFO - 
--- Época 146/300 ---
2025-11-09 21:33:26,210 - INFO - Entrenamiento | Pérdida: 0.8413, Accuracy: 0.5512, Tiempo: 56.21s
2025-11-09 21:33:33,928 - INFO - Validación    | Pérdida: 0.8328, Accuracy: 0.5542
2025-11-09 21:33:33,928 - INFO - 
--- Época 147/300 ---
2025-11-09 21:34:29,596 - INFO - Entrenamiento | Pérdida: 0.8411, Accuracy: 0.5581, Tiempo: 55.67s
2025-11-09 21:34:37,580 - INFO - Validación    | Pérdida: 0.8799, Accuracy: 0.6167
2025-11-09 21:34:37,580 - INFO - Tasa de aprendizaje reducida de 9.999809873801742e-05 a 9.99978772545817e-05
2025-11-09 21:34:37,580 - INFO - 
--- Época 148/300 ---
2025-11-09 21:35:33,189 - INFO - Entrenamiento | Pérdida: 0.8326, Accuracy: 0.5658, Tiempo: 55.60s
2025-11-09 21:35:41,681 - INFO - Validación    | Pérdida: 0.8598, Accuracy: 0.5667
2025-11-09 21:35:41,681 - INFO - 
--- Época 149/300 ---
2025-11-09 21:36:39,714 - INFO - Entrenamiento | Pérdida: 0.8318, Accuracy: 0.5560, Tiempo: 58.03s
2025-11-09 21:36:48,083 - INFO - Validación    | Pérdida: 0.8458, Accuracy: 0.5792
2025-11-09 21:36:48,092 - INFO - 
--- Época 150/300 ---
2025-11-09 21:37:44,314 - INFO - Entrenamiento | Pérdida: 0.8189, Accuracy: 0.5664, Tiempo: 56.22s
2025-11-09 21:37:51,967 - INFO - Validación    | Pérdida: 0.8255, Accuracy: 0.5958
2025-11-09 21:37:51,967 - INFO - 
--- Época 151/300 ---
2025-11-09 21:38:48,569 - INFO - Entrenamiento | Pérdida: 0.8247, Accuracy: 0.5606, Tiempo: 56.60s
2025-11-09 21:38:56,652 - INFO - Validación    | Pérdida: 0.8095, Accuracy: 0.5917
2025-11-09 21:38:57,027 - INFO - [+] Mejora en val_loss. Guardando el mejor modelo en 'models/sbtaylor_kan_cotton\run_20251109_183710\sbtaylor_kan.best_weights.pth'
2025-11-09 21:38:57,027 - INFO - 
--- Época 152/300 ---
2025-11-09 21:39:52,987 - INFO - Entrenamiento | Pérdida: 0.8164, Accuracy: 0.5599, Tiempo: 55.96s
2025-11-09 21:40:00,620 - INFO - Validación    | Pérdida: 0.8185, Accuracy: 0.5875
2025-11-09 21:40:00,628 - INFO - Tasa de aprendizaje reducida de 9.999820370590009e-05 a 9.999816339941971e-05
2025-11-09 21:40:00,628 - INFO - 
--- Época 153/300 ---
2025-11-09 21:40:56,871 - INFO - Entrenamiento | Pérdida: 0.8129, Accuracy: 0.5599, Tiempo: 56.24s
2025-11-09 21:41:04,555 - INFO - Validación    | Pérdida: 0.8542, Accuracy: 0.5375
2025-11-09 21:41:04,555 - INFO - Tasa de aprendizaje reducida de 9.999816339941971e-05 a 9.999799969245707e-05
2025-11-09 21:41:04,555 - INFO - 
--- Época 154/300 ---
2025-11-09 21:42:00,471 - INFO - Entrenamiento | Pérdida: 0.8223, Accuracy: 0.5610, Tiempo: 55.90s
2025-11-09 21:42:08,286 - INFO - Validación    | Pérdida: 0.8327, Accuracy: 0.5458
2025-11-09 21:42:08,288 - INFO - 
--- Época 155/300 ---
2025-11-09 21:43:03,138 - INFO - Entrenamiento | Pérdida: 0.8295, Accuracy: 0.5599, Tiempo: 54.85s
2025-11-09 21:43:11,224 - INFO - Validación    | Pérdida: 0.8354, Accuracy: 0.5708
2025-11-09 21:43:11,224 - INFO - Tasa de aprendizaje reducida de 9.999809891059975e-05 a 9.999808688517934e-05
2025-11-09 21:43:11,224 - INFO - 
--- Época 156/300 ---
2025-11-09 21:44:07,092 - INFO - Entrenamiento | Pérdida: 0.8193, Accuracy: 0.5606, Tiempo: 55.87s
2025-11-09 21:44:14,659 - INFO - Validación    | Pérdida: 0.8548, Accuracy: 0.5125
2025-11-09 21:44:14,674 - INFO - Tasa de aprendizaje reducida de 9.999808688517934e-05 a 9.999799692709488e-05
2025-11-09 21:44:14,675 - INFO - 
--- Época 157/300 ---
2025-11-09 21:45:09,493 - INFO - Entrenamiento | Pérdida: 0.8126, Accuracy: 0.5708, Tiempo: 54.82s
2025-11-09 21:45:17,346 - INFO - Validación    | Pérdida: 0.8375, Accuracy: 0.5583
2025-11-09 21:45:17,348 - INFO - 
--- Época 158/300 ---
2025-11-09 21:46:12,444 - INFO - Entrenamiento | Pérdida: 0.8172, Accuracy: 0.5654, Tiempo: 55.10s
2025-11-09 21:46:19,947 - INFO - Validación    | Pérdida: 0.8428, Accuracy: 0.5542
2025-11-09 21:46:19,949 - INFO - Tasa de aprendizaje reducida de 9.999807708460159e-05 a 9.999805243370842e-05
2025-11-09 21:46:19,949 - INFO - 
--- Época 159/300 ---
2025-11-09 21:47:13,271 - INFO - Entrenamiento | Pérdida: 0.8398, Accuracy: 0.5714, Tiempo: 53.32s
2025-11-09 21:47:20,963 - INFO - Validación    | Pérdida: 0.8300, Accuracy: 0.5292
2025-11-09 21:47:20,963 - INFO - 
--- Época 160/300 ---
2025-11-09 21:48:16,231 - INFO - Entrenamiento | Pérdida: 0.8097, Accuracy: 0.5718, Tiempo: 55.27s
2025-11-09 21:48:23,719 - INFO - Validación    | Pérdida: 0.8264, Accuracy: 0.5792
2025-11-09 21:48:23,719 - INFO - 
--- Época 161/300 ---
2025-11-09 21:49:18,654 - INFO - Entrenamiento | Pérdida: 0.8197, Accuracy: 0.5679, Tiempo: 54.93s
2025-11-09 21:49:26,304 - INFO - Validación    | Pérdida: 0.8225, Accuracy: 0.5542
2025-11-09 21:49:26,305 - INFO - 
--- Época 162/300 ---
2025-11-09 21:50:22,533 - INFO - Entrenamiento | Pérdida: 0.8216, Accuracy: 0.5645, Tiempo: 56.23s
2025-11-09 21:50:30,342 - INFO - Validación    | Pérdida: 0.8800, Accuracy: 0.5000
2025-11-09 21:50:30,342 - INFO - Tasa de aprendizaje reducida de 9.999814527990768e-05 a 9.9997877173772e-05
2025-11-09 21:50:30,349 - INFO - 
--- Época 163/300 ---
2025-11-09 21:51:27,317 - INFO - Entrenamiento | Pérdida: 0.8041, Accuracy: 0.5727, Tiempo: 56.97s
2025-11-09 21:51:34,934 - INFO - Validación    | Pérdida: 0.8639, Accuracy: 0.5583
2025-11-09 21:51:34,934 - INFO - 
--- Época 164/300 ---
2025-11-09 21:52:30,528 - INFO - Entrenamiento | Pérdida: 0.8241, Accuracy: 0.5589, Tiempo: 55.58s
2025-11-09 21:52:38,069 - INFO - Validación    | Pérdida: 0.8669, Accuracy: 0.5792
2025-11-09 21:52:38,079 - INFO - Tasa de aprendizaje reducida de 9.999795385133284e-05 a 9.999793977987141e-05
2025-11-09 21:52:38,079 - INFO - 
--- Época 165/300 ---
2025-11-09 21:53:35,013 - INFO - Entrenamiento | Pérdida: 0.8079, Accuracy: 0.5579, Tiempo: 56.93s
2025-11-09 21:53:42,720 - INFO - Validación    | Pérdida: 0.8539, Accuracy: 0.5167
2025-11-09 21:53:42,720 - INFO - 
--- Época 166/300 ---
2025-11-09 21:54:37,655 - INFO - Entrenamiento | Pérdida: 0.8181, Accuracy: 0.5664, Tiempo: 54.93s
2025-11-09 21:54:45,005 - INFO - Validación    | Pérdida: 0.8246, Accuracy: 0.5792
2025-11-09 21:54:45,007 - INFO - 
--- Época 167/300 ---
2025-11-09 21:55:39,839 - INFO - Entrenamiento | Pérdida: 0.8174, Accuracy: 0.5624, Tiempo: 54.83s
2025-11-09 21:55:47,440 - INFO - Validación    | Pérdida: 0.8412, Accuracy: 0.5500
2025-11-09 21:55:47,440 - INFO - Tasa de aprendizaje reducida de 9.999813599106139e-05 a 9.999806019877828e-05
2025-11-09 21:55:47,440 - INFO - 
--- Época 168/300 ---
2025-11-09 21:56:41,694 - INFO - Entrenamiento | Pérdida: 0.7980, Accuracy: 0.5769, Tiempo: 54.25s
2025-11-09 21:56:49,223 - INFO - Validación    | Pérdida: 0.8355, Accuracy: 0.5917
2025-11-09 21:56:49,224 - INFO - 
--- Época 169/300 ---
2025-11-09 21:57:43,008 - INFO - Entrenamiento | Pérdida: 0.8046, Accuracy: 0.5704, Tiempo: 53.78s
2025-11-09 21:57:50,559 - INFO - Validación    | Pérdida: 0.8873, Accuracy: 0.5500
2025-11-09 21:57:50,559 - INFO - Tasa de aprendizaje reducida de 9.999808630424741e-05 a 9.999784150060048e-05
2025-11-09 21:57:50,575 - INFO - 
--- Época 170/300 ---
2025-11-09 21:58:44,817 - INFO - Entrenamiento | Pérdida: 0.8141, Accuracy: 0.5620, Tiempo: 54.24s
2025-11-09 21:58:52,265 - INFO - Validación    | Pérdida: 0.8553, Accuracy: 0.5750
2025-11-09 21:58:52,266 - INFO - 
--- Época 171/300 ---
2025-11-09 21:59:47,697 - INFO - Entrenamiento | Pérdida: 0.8065, Accuracy: 0.5643, Tiempo: 55.43s
2025-11-09 21:59:55,463 - INFO - Validación    | Pérdida: 0.8321, Accuracy: 0.5667
2025-11-09 21:59:55,463 - INFO - 
--- Época 172/300 ---
2025-11-09 22:00:51,045 - INFO - Entrenamiento | Pérdida: 0.8115, Accuracy: 0.5708, Tiempo: 55.58s
2025-11-09 22:00:58,696 - INFO - Validación    | Pérdida: 0.8349, Accuracy: 0.5750
2025-11-09 22:00:58,696 - INFO - Tasa de aprendizaje reducida de 9.999810168067804e-05 a 9.999808887588923e-05
2025-11-09 22:00:58,696 - INFO - 
--- Época 173/300 ---
2025-11-09 22:01:54,747 - INFO - Entrenamiento | Pérdida: 0.8052, Accuracy: 0.5779, Tiempo: 56.05s
2025-11-09 22:02:02,381 - INFO - Validación    | Pérdida: 0.8552, Accuracy: 0.5750
2025-11-09 22:02:02,381 - INFO - Tasa de aprendizaje reducida de 9.999808887588923e-05 a 9.999799499432818e-05
2025-11-09 22:02:02,381 - INFO - 
--- Época 174/300 ---
2025-11-09 22:02:59,547 - INFO - Entrenamiento | Pérdida: 0.8169, Accuracy: 0.5647, Tiempo: 57.16s
2025-11-09 22:03:07,318 - INFO - Validación    | Pérdida: 0.8358, Accuracy: 0.6083
2025-11-09 22:03:07,320 - INFO - 
--- Época 175/300 ---
2025-11-09 22:04:02,742 - INFO - Entrenamiento | Pérdida: 0.8047, Accuracy: 0.5610, Tiempo: 55.42s
2025-11-09 22:04:10,400 - INFO - Validación    | Pérdida: 0.8145, Accuracy: 0.5958
2025-11-09 22:04:10,400 - INFO - 
--- Época 176/300 ---
2025-11-09 22:05:04,401 - INFO - Entrenamiento | Pérdida: 0.8044, Accuracy: 0.5670, Tiempo: 54.00s
2025-11-09 22:05:12,018 - INFO - Validación    | Pérdida: 0.9080, Accuracy: 0.5375
2025-11-09 22:05:12,018 - INFO - Tasa de aprendizaje reducida de 9.999818142145453e-05 a 9.999773993893926e-05
2025-11-09 22:05:12,028 - INFO - 
--- Época 177/300 ---
2025-11-09 22:06:06,552 - INFO - Entrenamiento | Pérdida: 0.8314, Accuracy: 0.5595, Tiempo: 54.52s
2025-11-09 22:06:14,086 - INFO - Validación    | Pérdida: 0.8800, Accuracy: 0.5875
2025-11-09 22:06:14,086 - INFO - 
--- Época 178/300 ---
2025-11-09 22:07:08,853 - INFO - Entrenamiento | Pérdida: 0.8141, Accuracy: 0.5735, Tiempo: 54.77s
2025-11-09 22:07:16,708 - INFO - Validación    | Pérdida: 0.8211, Accuracy: 0.5708
2025-11-09 22:07:16,711 - INFO - 
--- Época 179/300 ---
2025-11-09 22:08:11,772 - INFO - Entrenamiento | Pérdida: 0.7979, Accuracy: 0.5789, Tiempo: 55.06s
2025-11-09 22:08:19,393 - INFO - Validación    | Pérdida: 0.8388, Accuracy: 0.5708
2025-11-09 22:08:19,406 - INFO - Tasa de aprendizaje reducida de 9.999815179902501e-05 a 9.999807127297449e-05
2025-11-09 22:08:19,407 - INFO - 
--- Época 180/300 ---
2025-11-09 22:09:14,423 - INFO - Entrenamiento | Pérdida: 0.8186, Accuracy: 0.5700, Tiempo: 55.01s
2025-11-09 22:09:22,259 - INFO - Validación    | Pérdida: 0.8371, Accuracy: 0.5750
2025-11-09 22:09:22,261 - INFO - 
--- Época 181/300 ---
2025-11-09 22:10:17,740 - INFO - Entrenamiento | Pérdida: 0.8111, Accuracy: 0.5714, Tiempo: 55.48s
2025-11-09 22:10:25,175 - INFO - Validación    | Pérdida: 0.8149, Accuracy: 0.6000
2025-11-09 22:10:25,183 - INFO - 
--- Época 182/300 ---
2025-11-09 22:11:19,393 - INFO - Entrenamiento | Pérdida: 0.7926, Accuracy: 0.5767, Tiempo: 54.21s
2025-11-09 22:11:27,075 - INFO - Validación    | Pérdida: 0.8249, Accuracy: 0.5833
2025-11-09 22:11:27,076 - INFO - Tasa de aprendizaje reducida de 9.999817942067183e-05 a 9.999813466456418e-05
2025-11-09 22:11:27,077 - INFO - 
--- Época 183/300 ---
2025-11-09 22:12:22,076 - INFO - Entrenamiento | Pérdida: 0.8161, Accuracy: 0.5743, Tiempo: 55.00s
2025-11-09 22:12:29,584 - INFO - Validación    | Pérdida: 0.8650, Accuracy: 0.5500
2025-11-09 22:12:29,585 - INFO - Tasa de aprendizaje reducida de 9.999813466456418e-05 a 9.999794870308666e-05
2025-11-09 22:12:29,585 - INFO - 
--- Época 184/300 ---
2025-11-09 22:13:24,184 - INFO - Entrenamiento | Pérdida: 0.8028, Accuracy: 0.5602, Tiempo: 54.60s
2025-11-09 22:13:31,545 - INFO - Validación    | Pérdida: 0.8249, Accuracy: 0.5500
2025-11-09 22:13:31,546 - INFO - 
--- Época 185/300 ---
2025-11-09 22:14:24,446 - INFO - Entrenamiento | Pérdida: 0.7898, Accuracy: 0.5737, Tiempo: 52.90s
2025-11-09 22:14:32,100 - INFO - Validación    | Pérdida: 0.8103, Accuracy: 0.5792
2025-11-09 22:14:32,100 - INFO - 
--- Época 186/300 ---
2025-11-09 22:15:27,031 - INFO - Entrenamiento | Pérdida: 0.8029, Accuracy: 0.5714, Tiempo: 54.93s
2025-11-09 22:15:34,481 - INFO - Validación    | Pérdida: 0.7871, Accuracy: 0.6000
2025-11-09 22:15:34,847 - INFO - [+] Mejora en val_loss. Guardando el mejor modelo en 'models/sbtaylor_kan_cotton\run_20251109_183710\sbtaylor_kan.best_weights.pth'
2025-11-09 22:15:34,847 - INFO - 
--- Época 187/300 ---
2025-11-09 22:16:28,915 - INFO - Entrenamiento | Pérdida: 0.8140, Accuracy: 0.5810, Tiempo: 54.07s
2025-11-09 22:16:36,482 - INFO - Validación    | Pérdida: 0.8464, Accuracy: 0.5833
2025-11-09 22:16:36,482 - INFO - Tasa de aprendizaje reducida de 9.999830150582585e-05 a 9.999803600670639e-05
2025-11-09 22:16:36,482 - INFO - 
--- Época 188/300 ---
2025-11-09 22:17:31,417 - INFO - Entrenamiento | Pérdida: 0.8216, Accuracy: 0.5666, Tiempo: 54.93s
2025-11-09 22:17:39,117 - INFO - Validación    | Pérdida: 0.8504, Accuracy: 0.5583
2025-11-09 22:17:39,119 - INFO - Tasa de aprendizaje reducida de 9.999803600670639e-05 a 9.999801751206079e-05
2025-11-09 22:17:39,119 - INFO - 
--- Época 189/300 ---
2025-11-09 22:18:34,242 - INFO - Entrenamiento | Pérdida: 0.8066, Accuracy: 0.5769, Tiempo: 55.12s
2025-11-09 22:18:41,768 - INFO - Validación    | Pérdida: 0.8050, Accuracy: 0.5375
2025-11-09 22:18:41,778 - INFO - 
--- Época 190/300 ---
2025-11-09 22:19:37,718 - INFO - Entrenamiento | Pérdida: 0.7935, Accuracy: 0.5664, Tiempo: 55.94s
2025-11-09 22:19:45,344 - INFO - Validación    | Pérdida: 0.8347, Accuracy: 0.5750
2025-11-09 22:19:45,344 - INFO - Tasa de aprendizaje reducida de 9.999822332030517e-05 a 9.999808971629609e-05
2025-11-09 22:19:45,344 - INFO - 
--- Época 191/300 ---
2025-11-09 22:20:40,001 - INFO - Entrenamiento | Pérdida: 0.7991, Accuracy: 0.5704, Tiempo: 54.66s
2025-11-09 22:20:47,321 - INFO - Validación    | Pérdida: 0.8519, Accuracy: 0.5625
2025-11-09 22:20:47,330 - INFO - Tasa de aprendizaje reducida de 9.999808971629609e-05 a 9.999801042830568e-05
2025-11-09 22:20:47,330 - INFO - 
--- Época 192/300 ---
2025-11-09 22:21:41,204 - INFO - Entrenamiento | Pérdida: 0.8328, Accuracy: 0.5627, Tiempo: 53.87s
2025-11-09 22:21:48,602 - INFO - Validación    | Pérdida: 0.7963, Accuracy: 0.6208
2025-11-09 22:21:48,605 - INFO - 
--- Época 193/300 ---
2025-11-09 22:22:43,757 - INFO - Entrenamiento | Pérdida: 0.8072, Accuracy: 0.5756, Tiempo: 55.15s
2025-11-09 22:22:51,357 - INFO - Validación    | Pérdida: 0.8152, Accuracy: 0.5833
2025-11-09 22:22:51,357 - INFO - Tasa de aprendizaje reducida de 9.999826173771822e-05 a 9.999817796341297e-05
2025-11-09 22:22:51,357 - INFO - 
--- Época 194/300 ---
2025-11-09 22:23:46,607 - INFO - Entrenamiento | Pérdida: 0.8072, Accuracy: 0.5660, Tiempo: 55.25s
2025-11-09 22:23:54,241 - INFO - Validación    | Pérdida: 0.7685, Accuracy: 0.6500
2025-11-09 22:23:54,620 - INFO - [+] Mejora en val_loss. Guardando el mejor modelo en 'models/sbtaylor_kan_cotton\run_20251109_183710\sbtaylor_kan.best_weights.pth'
2025-11-09 22:23:54,622 - INFO - 
--- Época 195/300 ---
2025-11-09 22:24:49,192 - INFO - Entrenamiento | Pérdida: 0.7988, Accuracy: 0.5773, Tiempo: 54.57s
2025-11-09 22:24:56,685 - INFO - Validación    | Pérdida: 0.8133, Accuracy: 0.6125
2025-11-09 22:24:56,685 - INFO - Tasa de aprendizaje reducida de 9.999838095171812e-05 a 9.999818675538373e-05
2025-11-09 22:24:56,685 - INFO - 
--- Época 196/300 ---
2025-11-09 22:25:50,960 - INFO - Entrenamiento | Pérdida: 0.8123, Accuracy: 0.5714, Tiempo: 54.28s
2025-11-09 22:25:58,536 - INFO - Validación    | Pérdida: 0.8137, Accuracy: 0.5667
2025-11-09 22:25:58,536 - INFO - Tasa de aprendizaje reducida de 9.999818675538373e-05 a 9.999818492177294e-05
2025-11-09 22:25:58,536 - INFO - 
--- Época 197/300 ---
2025-11-09 22:26:52,678 - INFO - Entrenamiento | Pérdida: 0.7971, Accuracy: 0.5764, Tiempo: 54.14s
2025-11-09 22:27:00,128 - INFO - Validación    | Pérdida: 0.8101, Accuracy: 0.5458
2025-11-09 22:27:00,128 - INFO - 
--- Época 198/300 ---
2025-11-09 22:27:53,713 - INFO - Entrenamiento | Pérdida: 0.7916, Accuracy: 0.5743, Tiempo: 53.58s
2025-11-09 22:28:01,340 - INFO - Validación    | Pérdida: 0.8480, Accuracy: 0.6000
2025-11-09 22:28:01,340 - INFO - Tasa de aprendizaje reducida de 9.999820086026683e-05 a 9.999802876813703e-05
2025-11-09 22:28:01,346 - INFO - 
--- Época 199/300 ---
2025-11-09 22:28:56,464 - INFO - Entrenamiento | Pérdida: 0.7951, Accuracy: 0.5752, Tiempo: 55.12s
2025-11-09 22:29:03,990 - INFO - Validación    | Pérdida: 0.8747, Accuracy: 0.5500
2025-11-09 22:29:03,990 - INFO - Tasa de aprendizaje reducida de 9.999802876813703e-05 a 9.999790258308271e-05
2025-11-09 22:29:03,990 - INFO - 
--- Época 200/300 ---
2025-11-09 22:29:59,349 - INFO - Entrenamiento | Pérdida: 0.8015, Accuracy: 0.5783, Tiempo: 55.35s
2025-11-09 22:30:06,882 - INFO - Validación    | Pérdida: 0.8064, Accuracy: 0.5958
2025-11-09 22:30:06,882 - INFO - 
--- Época 201/300 ---
2025-11-09 22:31:01,167 - INFO - Entrenamiento | Pérdida: 0.8067, Accuracy: 0.5881, Tiempo: 54.28s
2025-11-09 22:31:08,640 - INFO - Validación    | Pérdida: 0.7893, Accuracy: 0.6083
2025-11-09 22:31:08,648 - INFO - 
--- Época 202/300 ---
2025-11-09 22:32:02,868 - INFO - Entrenamiento | Pérdida: 0.8076, Accuracy: 0.5746, Tiempo: 54.22s
2025-11-09 22:32:10,439 - INFO - Validación    | Pérdida: 0.8101, Accuracy: 0.5917
2025-11-09 22:32:10,451 - INFO - Tasa de aprendizaje reducida de 9.999829221862212e-05 a 9.999820098799799e-05
2025-11-09 22:32:10,452 - INFO - 
--- Época 203/300 ---
2025-11-09 22:33:04,470 - INFO - Entrenamiento | Pérdida: 0.8006, Accuracy: 0.5758, Tiempo: 54.02s
2025-11-09 22:33:12,036 - INFO - Validación    | Pérdida: 0.8150, Accuracy: 0.5583
2025-11-09 22:33:12,036 - INFO - Tasa de aprendizaje reducida de 9.999820098799799e-05 a 9.999817899229183e-05
2025-11-09 22:33:12,036 - INFO - 
--- Época 204/300 ---
2025-11-09 22:34:06,341 - INFO - Entrenamiento | Pérdida: 0.7926, Accuracy: 0.5693, Tiempo: 54.31s
2025-11-09 22:34:13,921 - INFO - Validación    | Pérdida: 0.8078, Accuracy: 0.6000
2025-11-09 22:34:13,921 - INFO - 
--- Época 205/300 ---
2025-11-09 22:35:07,472 - INFO - Entrenamiento | Pérdida: 0.7995, Accuracy: 0.5675, Tiempo: 53.55s
2025-11-09 22:35:14,889 - INFO - Validación    | Pérdida: 0.8062, Accuracy: 0.5875
2025-11-09 22:35:14,889 - INFO - 
--- Época 206/300 ---
2025-11-09 22:36:08,391 - INFO - Entrenamiento | Pérdida: 0.8027, Accuracy: 0.5647, Tiempo: 53.50s
2025-11-09 22:36:15,907 - INFO - Validación    | Pérdida: 0.8565, Accuracy: 0.5125
2025-11-09 22:36:15,907 - INFO - Tasa de aprendizaje reducida de 9.999821801080923e-05 a 9.999798898443063e-05
2025-11-09 22:36:15,907 - INFO - 
--- Época 207/300 ---
2025-11-09 22:37:10,560 - INFO - Entrenamiento | Pérdida: 0.8015, Accuracy: 0.5602, Tiempo: 54.65s
2025-11-09 22:37:17,934 - INFO - Validación    | Pérdida: 0.8121, Accuracy: 0.5750
2025-11-09 22:37:17,941 - INFO - 
--- Época 208/300 ---
2025-11-09 22:38:10,215 - INFO - Entrenamiento | Pérdida: 0.7868, Accuracy: 0.5796, Tiempo: 52.27s
2025-11-09 22:38:17,759 - INFO - Validación    | Pérdida: 0.8572, Accuracy: 0.5458
2025-11-09 22:38:17,759 - INFO - Tasa de aprendizaje reducida de 9.999819171652383e-05 a 9.999798565275001e-05
2025-11-09 22:38:17,759 - INFO - 
--- Época 209/300 ---
2025-11-09 22:39:11,547 - INFO - Entrenamiento | Pérdida: 0.7898, Accuracy: 0.5700, Tiempo: 53.79s
2025-11-09 22:39:19,293 - INFO - Validación    | Pérdida: 0.8248, Accuracy: 0.6042
2025-11-09 22:39:19,293 - INFO - 
--- Época 210/300 ---
2025-11-09 22:40:12,961 - INFO - Entrenamiento | Pérdida: 0.7769, Accuracy: 0.5827, Tiempo: 53.67s
2025-11-09 22:40:20,462 - INFO - Validación    | Pérdida: 0.8014, Accuracy: 0.5792
2025-11-09 22:40:20,476 - INFO - 
--- Época 211/300 ---
2025-11-09 22:41:15,513 - INFO - Entrenamiento | Pérdida: 0.7883, Accuracy: 0.5829, Tiempo: 55.04s
2025-11-09 22:41:23,046 - INFO - Validación    | Pérdida: 0.8300, Accuracy: 0.5792
2025-11-09 22:41:23,046 - INFO - Tasa de aprendizaje reducida de 9.999823923171536e-05 a 9.999811124309866e-05
2025-11-09 22:41:23,046 - INFO - 
--- Época 212/300 ---
2025-11-09 22:42:18,489 - INFO - Entrenamiento | Pérdida: 0.7882, Accuracy: 0.5877, Tiempo: 55.44s
2025-11-09 22:42:26,136 - INFO - Validación    | Pérdida: 0.8279, Accuracy: 0.6000
2025-11-09 22:42:26,136 - INFO - 
--- Época 213/300 ---
2025-11-09 22:43:19,940 - INFO - Entrenamiento | Pérdida: 0.7875, Accuracy: 0.5848, Tiempo: 53.80s
2025-11-09 22:43:27,341 - INFO - Validación    | Pérdida: 0.8316, Accuracy: 0.5750
2025-11-09 22:43:27,341 - INFO - Tasa de aprendizaje reducida de 9.999812080417511e-05 a 9.999810408009662e-05
2025-11-09 22:43:27,341 - INFO - 
--- Época 214/300 ---
2025-11-09 22:44:20,067 - INFO - Entrenamiento | Pérdida: 0.7818, Accuracy: 0.5954, Tiempo: 52.72s
2025-11-09 22:44:27,450 - INFO - Validación    | Pérdida: 0.8046, Accuracy: 0.6083
2025-11-09 22:44:27,450 - INFO - 
--- Época 215/300 ---
2025-11-09 22:45:21,415 - INFO - Entrenamiento | Pérdida: 0.7812, Accuracy: 0.5942, Tiempo: 53.96s
2025-11-09 22:45:28,833 - INFO - Validación    | Pérdida: 0.7968, Accuracy: 0.5875
2025-11-09 22:45:28,835 - INFO - 
--- Época 216/300 ---
2025-11-09 22:46:20,403 - INFO - Entrenamiento | Pérdida: 0.8106, Accuracy: 0.5804, Tiempo: 51.57s
2025-11-09 22:46:27,843 - INFO - Validación    | Pérdida: 0.8075, Accuracy: 0.5875
2025-11-09 22:46:27,845 - INFO - Tasa de aprendizaje reducida de 9.999825931820069e-05 a 9.999821249644481e-05
2025-11-09 22:46:27,846 - INFO - 
--- Época 217/300 ---
2025-11-09 22:47:21,871 - INFO - Entrenamiento | Pérdida: 0.7746, Accuracy: 0.5877, Tiempo: 54.02s
2025-11-09 22:47:29,371 - INFO - Validación    | Pérdida: 0.7953, Accuracy: 0.5917
2025-11-09 22:47:29,380 - INFO - 
--- Época 218/300 ---
2025-11-09 22:48:23,722 - INFO - Entrenamiento | Pérdida: 0.7926, Accuracy: 0.5879, Tiempo: 54.34s
2025-11-09 22:48:31,239 - INFO - Validación    | Pérdida: 0.7930, Accuracy: 0.6125
2025-11-09 22:48:31,239 - INFO - 
--- Época 219/300 ---
2025-11-09 22:49:26,090 - INFO - Entrenamiento | Pérdida: 0.7804, Accuracy: 0.5869, Tiempo: 54.85s
2025-11-09 22:49:33,873 - INFO - Validación    | Pérdida: 0.8017, Accuracy: 0.5667
2025-11-09 22:49:33,873 - INFO - Tasa de aprendizaje reducida de 9.999827606465195e-05 a 9.999823795773533e-05
2025-11-09 22:49:33,873 - INFO - 
--- Época 220/300 ---
2025-11-09 22:50:29,133 - INFO - Entrenamiento | Pérdida: 0.7984, Accuracy: 0.5940, Tiempo: 55.26s
2025-11-09 22:50:36,808 - INFO - Validación    | Pérdida: 0.8091, Accuracy: 0.5875
2025-11-09 22:50:36,808 - INFO - Tasa de aprendizaje reducida de 9.999823795773533e-05 a 9.999820536898617e-05
2025-11-09 22:50:36,808 - INFO - 
--- Época 221/300 ---
2025-11-09 22:51:31,809 - INFO - Entrenamiento | Pérdida: 0.8095, Accuracy: 0.5727, Tiempo: 55.00s
2025-11-09 22:51:39,259 - INFO - Validación    | Pérdida: 0.8006, Accuracy: 0.6083
2025-11-09 22:51:39,259 - INFO - 
--- Época 222/300 ---
2025-11-09 22:52:34,736 - INFO - Entrenamiento | Pérdida: 0.7717, Accuracy: 0.5948, Tiempo: 55.46s
2025-11-09 22:52:42,436 - INFO - Validación    | Pérdida: 0.8433, Accuracy: 0.5750
2025-11-09 22:52:42,436 - INFO - Tasa de aprendizaje reducida de 9.999824291885369e-05 a 9.999805035229228e-05
2025-11-09 22:52:42,436 - INFO - 
--- Época 223/300 ---
2025-11-09 22:53:37,295 - INFO - Entrenamiento | Pérdida: 0.8102, Accuracy: 0.5698, Tiempo: 54.85s
2025-11-09 22:53:44,662 - INFO - Validación    | Pérdida: 0.8327, Accuracy: 0.6083
2025-11-09 22:53:44,662 - INFO - 
--- Época 224/300 ---
2025-11-09 22:54:39,163 - INFO - Entrenamiento | Pérdida: 0.7787, Accuracy: 0.5817, Tiempo: 54.49s
2025-11-09 22:54:46,715 - INFO - Validación    | Pérdida: 0.8193, Accuracy: 0.6083
2025-11-09 22:54:46,715 - INFO - 
--- Época 225/300 ---
2025-11-09 22:55:40,680 - INFO - Entrenamiento | Pérdida: 0.7859, Accuracy: 0.5833, Tiempo: 53.94s
2025-11-09 22:55:48,214 - INFO - Validación    | Pérdida: 0.8152, Accuracy: 0.6042
2025-11-09 22:55:48,214 - INFO - 
--- Época 226/300 ---
2025-11-09 22:56:42,920 - INFO - Entrenamiento | Pérdida: 0.8054, Accuracy: 0.5913, Tiempo: 54.71s
2025-11-09 22:56:50,431 - INFO - Validación    | Pérdida: 0.8007, Accuracy: 0.6042
2025-11-09 22:56:50,431 - INFO - 
--- Época 227/300 ---
2025-11-09 22:57:43,516 - INFO - Entrenamiento | Pérdida: 0.7923, Accuracy: 0.5812, Tiempo: 53.08s
2025-11-09 22:57:50,934 - INFO - Validación    | Pérdida: 0.7887, Accuracy: 0.6000
2025-11-09 22:57:50,934 - INFO - 
--- Época 228/300 ---
2025-11-09 22:58:45,101 - INFO - Entrenamiento | Pérdida: 0.7842, Accuracy: 0.5883, Tiempo: 54.17s
2025-11-09 22:58:52,548 - INFO - Validación    | Pérdida: 0.8221, Accuracy: 0.5750
2025-11-09 22:58:52,551 - INFO - Tasa de aprendizaje reducida de 9.999829450422416e-05 a 9.99981471426986e-05
2025-11-09 22:58:52,553 - INFO - 
--- Época 229/300 ---
2025-11-09 22:59:48,714 - INFO - Entrenamiento | Pérdida: 0.7883, Accuracy: 0.5823, Tiempo: 56.16s
2025-11-09 22:59:56,286 - INFO - Validación    | Pérdida: 0.7846, Accuracy: 0.5917
2025-11-09 22:59:56,286 - INFO - 
--- Época 230/300 ---
2025-11-09 23:00:50,617 - INFO - Entrenamiento | Pérdida: 0.7968, Accuracy: 0.5752, Tiempo: 54.33s
2025-11-09 23:00:58,103 - INFO - Validación    | Pérdida: 0.7879, Accuracy: 0.6083
2025-11-09 23:00:58,103 - INFO - Tasa de aprendizaje reducida de 9.999831241472651e-05 a 9.999829809468438e-05
2025-11-09 23:00:58,105 - INFO - 
--- Época 231/300 ---
2025-11-09 23:01:53,114 - INFO - Entrenamiento | Pérdida: 0.7879, Accuracy: 0.5783, Tiempo: 55.01s
2025-11-09 23:02:00,918 - INFO - Validación    | Pérdida: 0.8082, Accuracy: 0.6375
2025-11-09 23:02:00,919 - INFO - Tasa de aprendizaje reducida de 9.999829809468438e-05 a 9.999820932767168e-05
2025-11-09 23:02:00,920 - INFO - 
--- Época 232/300 ---
2025-11-09 23:02:55,353 - INFO - Entrenamiento | Pérdida: 0.7839, Accuracy: 0.5934, Tiempo: 54.43s
2025-11-09 23:03:03,051 - INFO - Validación    | Pérdida: 0.8114, Accuracy: 0.5917
2025-11-09 23:03:03,052 - INFO - Tasa de aprendizaje reducida de 9.999820932767168e-05 a 9.999819514007561e-05
2025-11-09 23:03:03,053 - INFO - 
--- Época 233/300 ---
2025-11-09 23:03:58,283 - INFO - Entrenamiento | Pérdida: 0.7907, Accuracy: 0.5808, Tiempo: 55.23s
2025-11-09 23:04:05,785 - INFO - Validación    | Pérdida: 0.7920, Accuracy: 0.6000
2025-11-09 23:04:05,787 - INFO - 
--- Época 234/300 ---
2025-11-09 23:04:59,869 - INFO - Entrenamiento | Pérdida: 0.7935, Accuracy: 0.5840, Tiempo: 54.08s
2025-11-09 23:05:07,355 - INFO - Validación    | Pérdida: 0.7838, Accuracy: 0.6042
2025-11-09 23:05:07,356 - INFO - 
--- Época 235/300 ---
2025-11-09 23:06:01,400 - INFO - Entrenamiento | Pérdida: 0.7800, Accuracy: 0.5894, Tiempo: 54.04s
2025-11-09 23:06:08,617 - INFO - Validación    | Pérdida: 0.7770, Accuracy: 0.6292
2025-11-09 23:06:08,618 - INFO - 
--- Época 236/300 ---
2025-11-09 23:07:02,601 - INFO - Entrenamiento | Pérdida: 0.7708, Accuracy: 0.5913, Tiempo: 53.98s
2025-11-09 23:07:09,996 - INFO - Validación    | Pérdida: 0.7937, Accuracy: 0.5667
2025-11-09 23:07:09,997 - INFO - Tasa de aprendizaje reducida de 9.999834501354395e-05 a 9.999827312106636e-05
2025-11-09 23:07:09,999 - INFO - 
--- Época 237/300 ---
2025-11-09 23:08:01,438 - INFO - Entrenamiento | Pérdida: 0.7816, Accuracy: 0.5904, Tiempo: 51.44s
2025-11-09 23:08:08,784 - INFO - Validación    | Pérdida: 0.8170, Accuracy: 0.5792
2025-11-09 23:08:08,785 - INFO - Tasa de aprendizaje reducida de 9.999827312106636e-05 a 9.999816999800425e-05
2025-11-09 23:08:08,787 - INFO - 
--- Época 238/300 ---
2025-11-09 23:09:01,903 - INFO - Entrenamiento | Pérdida: 0.7842, Accuracy: 0.5846, Tiempo: 53.11s
2025-11-09 23:09:09,452 - INFO - Validación    | Pérdida: 0.8153, Accuracy: 0.6083
2025-11-09 23:09:09,453 - INFO - 
--- Época 239/300 ---
2025-11-09 23:10:02,249 - INFO - Entrenamiento | Pérdida: 0.7782, Accuracy: 0.5861, Tiempo: 52.79s
2025-11-09 23:10:09,637 - INFO - Validación    | Pérdida: 0.8465, Accuracy: 0.5542
2025-11-09 23:10:09,639 - INFO - Tasa de aprendizaje reducida de 9.99981778729677e-05 a 9.999803550249858e-05
2025-11-09 23:10:09,640 - INFO - 
--- Época 240/300 ---
2025-11-09 23:11:03,103 - INFO - Entrenamiento | Pérdida: 0.8103, Accuracy: 0.5792, Tiempo: 53.46s
2025-11-09 23:11:10,568 - INFO - Validación    | Pérdida: 0.9811, Accuracy: 0.5250
2025-11-09 23:11:10,569 - INFO - Tasa de aprendizaje reducida de 9.999803550249858e-05 a 9.999736085596564e-05
2025-11-09 23:11:10,571 - INFO - 
--- Época 241/300 ---
2025-11-09 23:12:03,330 - INFO - Entrenamiento | Pérdida: 0.7767, Accuracy: 0.5850, Tiempo: 52.76s
2025-11-09 23:12:11,205 - INFO - Validación    | Pérdida: 0.8039, Accuracy: 0.5792
2025-11-09 23:12:11,207 - INFO - 
--- Época 242/300 ---
2025-11-09 23:13:05,573 - INFO - Entrenamiento | Pérdida: 0.7759, Accuracy: 0.5902, Tiempo: 54.37s
2025-11-09 23:13:12,871 - INFO - Validación    | Pérdida: 0.8053, Accuracy: 0.6292
2025-11-09 23:13:12,872 - INFO - Tasa de aprendizaje reducida de 9.99982282072267e-05 a 9.999822209223761e-05
2025-11-09 23:13:12,873 - INFO - 
--- Época 243/300 ---
2025-11-09 23:14:05,582 - INFO - Entrenamiento | Pérdida: 0.7734, Accuracy: 0.5775, Tiempo: 52.71s
2025-11-09 23:14:12,994 - INFO - Validación    | Pérdida: 0.8174, Accuracy: 0.5500
2025-11-09 23:14:12,995 - INFO - Tasa de aprendizaje reducida de 9.999822209223761e-05 a 9.999816811537161e-05
2025-11-09 23:14:12,996 - INFO - 
--- Época 244/300 ---
2025-11-09 23:15:07,393 - INFO - Entrenamiento | Pérdida: 0.7705, Accuracy: 0.5875, Tiempo: 54.40s
2025-11-09 23:15:14,701 - INFO - Validación    | Pérdida: 0.8331, Accuracy: 0.5708
2025-11-09 23:15:14,702 - INFO - Tasa de aprendizaje reducida de 9.999816811537161e-05 a 9.999809704657934e-05
2025-11-09 23:15:14,702 - INFO - 
--- Época 245/300 ---
2025-11-09 23:16:06,702 - INFO - Entrenamiento | Pérdida: 0.7883, Accuracy: 0.5789, Tiempo: 52.00s
2025-11-09 23:16:15,097 - INFO - Validación    | Pérdida: 0.8293, Accuracy: 0.6042
2025-11-09 23:16:15,098 - INFO - 
--- Época 246/300 ---
2025-11-09 23:17:04,612 - INFO - Entrenamiento | Pérdida: 0.7826, Accuracy: 0.5852, Tiempo: 49.51s
2025-11-09 23:17:12,902 - INFO - Validación    | Pérdida: 0.7819, Accuracy: 0.6042
2025-11-09 23:17:12,903 - INFO - 
--- Época 247/300 ---
2025-11-09 23:18:02,191 - INFO - Entrenamiento | Pérdida: 0.7663, Accuracy: 0.5877, Tiempo: 49.29s
2025-11-09 23:18:09,761 - INFO - Validación    | Pérdida: 0.7868, Accuracy: 0.6333
2025-11-09 23:18:09,761 - INFO - Tasa de aprendizaje reducida de 9.999832381065184e-05 a 9.999830284735455e-05
2025-11-09 23:18:09,761 - INFO - 
--- Época 248/300 ---
2025-11-09 23:18:59,085 - INFO - Entrenamiento | Pérdida: 0.7856, Accuracy: 0.5900, Tiempo: 49.32s
2025-11-09 23:19:06,460 - INFO - Validación    | Pérdida: 0.7867, Accuracy: 0.6125
2025-11-09 23:19:06,475 - INFO - 
--- Época 249/300 ---
2025-11-09 23:19:56,552 - INFO - Entrenamiento | Pérdida: 0.7816, Accuracy: 0.5957, Tiempo: 50.08s
2025-11-09 23:20:04,015 - INFO - Validación    | Pérdida: 0.7998, Accuracy: 0.6000
2025-11-09 23:20:04,015 - INFO - Tasa de aprendizaje reducida de 9.999830342846993e-05 a 9.999824614753442e-05
2025-11-09 23:20:04,015 - INFO - 
--- Época 250/300 ---
2025-11-09 23:20:54,764 - INFO - Entrenamiento | Pérdida: 0.7798, Accuracy: 0.5806, Tiempo: 50.75s
2025-11-09 23:21:02,148 - INFO - Validación    | Pérdida: 0.8365, Accuracy: 0.5917
2025-11-09 23:21:02,148 - INFO - Tasa de aprendizaje reducida de 9.999824614753442e-05 a 9.999808157386209e-05
2025-11-09 23:21:02,148 - INFO - 
--- Época 251/300 ---
2025-11-09 23:21:51,247 - INFO - Entrenamiento | Pérdida: 0.7748, Accuracy: 0.5923, Tiempo: 49.10s
2025-11-09 23:21:58,817 - INFO - Validación    | Pérdida: 0.8083, Accuracy: 0.6042
2025-11-09 23:21:58,818 - INFO - 
--- Época 252/300 ---
2025-11-09 23:22:48,559 - INFO - Entrenamiento | Pérdida: 0.7821, Accuracy: 0.5967, Tiempo: 49.74s
2025-11-09 23:22:56,148 - INFO - Validación    | Pérdida: 0.7803, Accuracy: 0.6083
2025-11-09 23:22:56,163 - INFO - 
--- Época 253/300 ---
2025-11-09 23:23:46,682 - INFO - Entrenamiento | Pérdida: 0.7841, Accuracy: 0.5946, Tiempo: 50.52s
2025-11-09 23:23:54,292 - INFO - Validación    | Pérdida: 0.8068, Accuracy: 0.5917
2025-11-09 23:23:54,292 - INFO - Tasa de aprendizaje reducida de 9.9998330596961e-05 a 9.99982153820253e-05
2025-11-09 23:23:54,292 - INFO - 
--- Época 254/300 ---
2025-11-09 23:24:44,342 - INFO - Entrenamiento | Pérdida: 0.7827, Accuracy: 0.5823, Tiempo: 50.05s
2025-11-09 23:24:51,816 - INFO - Validación    | Pérdida: 0.7948, Accuracy: 0.6000
2025-11-09 23:24:51,816 - INFO - 
--- Época 255/300 ---
2025-11-09 23:25:42,117 - INFO - Entrenamiento | Pérdida: 0.7905, Accuracy: 0.5904, Tiempo: 50.30s
2025-11-09 23:25:49,621 - INFO - Validación    | Pérdida: 0.7894, Accuracy: 0.6000
2025-11-09 23:25:49,622 - INFO - 
--- Época 256/300 ---
2025-11-09 23:26:40,802 - INFO - Entrenamiento | Pérdida: 0.7859, Accuracy: 0.5950, Tiempo: 51.18s
2025-11-09 23:26:48,434 - INFO - Validación    | Pérdida: 0.8255, Accuracy: 0.5917
2025-11-09 23:26:48,434 - INFO - Tasa de aprendizaje reducida de 9.999829177084938e-05 a 9.999813163717115e-05
2025-11-09 23:26:48,434 - INFO - 
--- Época 257/300 ---
2025-11-09 23:27:39,353 - INFO - Entrenamiento | Pérdida: 0.7728, Accuracy: 0.6007, Tiempo: 50.92s
2025-11-09 23:27:46,893 - INFO - Validación    | Pérdida: 0.7956, Accuracy: 0.6375
2025-11-09 23:27:46,893 - INFO - 
--- Época 258/300 ---
2025-11-09 23:28:37,366 - INFO - Entrenamiento | Pérdida: 0.7701, Accuracy: 0.5942, Tiempo: 50.47s
2025-11-09 23:28:45,624 - INFO - Validación    | Pérdida: 0.7681, Accuracy: 0.6333
2025-11-09 23:28:46,003 - INFO - [+] Mejora en val_loss. Guardando el mejor modelo en 'models/sbtaylor_kan_cotton\run_20251109_183710\sbtaylor_kan.best_weights.pth'
2025-11-09 23:28:46,005 - INFO - 
--- Época 259/300 ---
2025-11-09 23:29:34,900 - INFO - Entrenamiento | Pérdida: 0.7848, Accuracy: 0.5840, Tiempo: 48.89s
2025-11-09 23:29:42,250 - INFO - Validación    | Pérdida: 0.7820, Accuracy: 0.6375
2025-11-09 23:29:42,252 - INFO - Tasa de aprendizaje reducida de 9.999838263886314e-05 a 9.999832333966719e-05
2025-11-09 23:29:42,253 - INFO - 
--- Época 260/300 ---
2025-11-09 23:30:31,618 - INFO - Entrenamiento | Pérdida: 0.7739, Accuracy: 0.5934, Tiempo: 49.36s
2025-11-09 23:30:39,235 - INFO - Validación    | Pérdida: 0.7765, Accuracy: 0.6042
2025-11-09 23:30:39,237 - INFO - 
--- Época 261/300 ---
2025-11-09 23:31:30,565 - INFO - Entrenamiento | Pérdida: 0.7852, Accuracy: 0.5977, Tiempo: 51.33s
2025-11-09 23:31:38,377 - INFO - Validación    | Pérdida: 0.7995, Accuracy: 0.6042
2025-11-09 23:31:38,379 - INFO - Tasa de aprendizaje reducida de 9.999834704005968e-05 a 9.999824751533506e-05
2025-11-09 23:31:38,381 - INFO - 
--- Época 262/300 ---
2025-11-09 23:32:28,055 - INFO - Entrenamiento | Pérdida: 0.7652, Accuracy: 0.5886, Tiempo: 49.67s
2025-11-09 23:32:35,821 - INFO - Validación    | Pérdida: 0.8052, Accuracy: 0.5958
2025-11-09 23:32:35,822 - INFO - Tasa de aprendizaje reducida de 9.999824751533506e-05 a 9.999822252779799e-05
2025-11-09 23:32:35,823 - INFO - 
--- Época 263/300 ---
2025-11-09 23:33:26,057 - INFO - Entrenamiento | Pérdida: 0.7684, Accuracy: 0.5946, Tiempo: 50.23s
2025-11-09 23:33:33,892 - INFO - Validación    | Pérdida: 0.7968, Accuracy: 0.6208
2025-11-09 23:33:33,893 - INFO - 
--- Época 264/300 ---
2025-11-09 23:34:27,285 - INFO - Entrenamiento | Pérdida: 0.7817, Accuracy: 0.5877, Tiempo: 53.39s
2025-11-09 23:34:35,684 - INFO - Validación    | Pérdida: 0.8303, Accuracy: 0.5708
2025-11-09 23:34:35,686 - INFO - Tasa de aprendizaje reducida de 9.999825929670776e-05 a 9.999810979173675e-05
2025-11-09 23:34:35,687 - INFO - 
--- Época 265/300 ---
2025-11-09 23:35:28,883 - INFO - Entrenamiento | Pérdida: 0.7828, Accuracy: 0.5975, Tiempo: 53.20s
2025-11-09 23:35:37,108 - INFO - Validación    | Pérdida: 0.7788, Accuracy: 0.6125
2025-11-09 23:35:37,109 - INFO - 
--- Época 266/300 ---
2025-11-09 23:36:27,994 - INFO - Entrenamiento | Pérdida: 0.7760, Accuracy: 0.6057, Tiempo: 50.88s
2025-11-09 23:36:35,533 - INFO - Validación    | Pérdida: 0.7854, Accuracy: 0.6083
2025-11-09 23:36:35,535 - INFO - Tasa de aprendizaje reducida de 9.999833714507127e-05 a 9.999830869688172e-05
2025-11-09 23:36:35,536 - INFO - 
--- Época 267/300 ---
2025-11-09 23:37:26,285 - INFO - Entrenamiento | Pérdida: 0.7723, Accuracy: 0.6080, Tiempo: 50.75s
2025-11-09 23:37:34,008 - INFO - Validación    | Pérdida: 0.7885, Accuracy: 0.5917
2025-11-09 23:37:34,010 - INFO - Tasa de aprendizaje reducida de 9.999830869688172e-05 a 9.999829567142491e-05
2025-11-09 23:37:34,011 - INFO - 
--- Época 268/300 ---
2025-11-09 23:38:24,499 - INFO - Entrenamiento | Pérdida: 0.7670, Accuracy: 0.5986, Tiempo: 50.49s
2025-11-09 23:38:32,226 - INFO - Validación    | Pérdida: 0.8322, Accuracy: 0.5917
2025-11-09 23:38:32,227 - INFO - Tasa de aprendizaje reducida de 9.999829567142491e-05 a 9.999810122540627e-05
2025-11-09 23:38:32,228 - INFO - 
--- Época 269/300 ---
2025-11-09 23:39:22,933 - INFO - Entrenamiento | Pérdida: 0.7650, Accuracy: 0.5971, Tiempo: 50.70s
2025-11-09 23:39:31,217 - INFO - Validación    | Pérdida: 0.8127, Accuracy: 0.5875
2025-11-09 23:39:31,218 - INFO - 
--- Época 270/300 ---
2025-11-09 23:40:21,050 - INFO - Entrenamiento | Pérdida: 0.7650, Accuracy: 0.5888, Tiempo: 49.83s
2025-11-09 23:40:29,080 - INFO - Validación    | Pérdida: 0.7950, Accuracy: 0.5750
2025-11-09 23:40:29,081 - INFO - 
--- Época 271/300 ---
2025-11-09 23:41:18,634 - INFO - Entrenamiento | Pérdida: 0.7690, Accuracy: 0.5913, Tiempo: 49.55s
2025-11-09 23:41:26,570 - INFO - Validación    | Pérdida: 0.8284, Accuracy: 0.5875
2025-11-09 23:41:26,572 - INFO - Tasa de aprendizaje reducida de 9.999826735949275e-05 a 9.999811860877711e-05
2025-11-09 23:41:26,573 - INFO - 
--- Época 272/300 ---
2025-11-09 23:42:16,507 - INFO - Entrenamiento | Pérdida: 0.7617, Accuracy: 0.6086, Tiempo: 49.93s
2025-11-09 23:42:24,787 - INFO - Validación    | Pérdida: 0.7949, Accuracy: 0.6125
2025-11-09 23:42:24,789 - INFO - 
--- Época 273/300 ---
2025-11-09 23:43:15,120 - INFO - Entrenamiento | Pérdida: 0.7646, Accuracy: 0.5975, Tiempo: 50.33s
2025-11-09 23:43:23,262 - INFO - Validación    | Pérdida: 0.7920, Accuracy: 0.6083
2025-11-09 23:43:23,263 - INFO - 
--- Época 274/300 ---
2025-11-09 23:44:12,226 - INFO - Entrenamiento | Pérdida: 0.7770, Accuracy: 0.6013, Tiempo: 48.96s
2025-11-09 23:44:20,122 - INFO - Validación    | Pérdida: 0.7880, Accuracy: 0.5958
2025-11-09 23:44:20,124 - INFO - 
--- Época 275/300 ---
2025-11-09 23:45:09,095 - INFO - Entrenamiento | Pérdida: 0.7700, Accuracy: 0.5938, Tiempo: 48.97s
2025-11-09 23:45:16,983 - INFO - Validación    | Pérdida: 0.8222, Accuracy: 0.6125
2025-11-09 23:45:16,984 - INFO - Tasa de aprendizaje reducida de 9.999829756797577e-05 a 9.999814678684964e-05
2025-11-09 23:45:16,985 - INFO - 
--- Época 276/300 ---
2025-11-09 23:46:08,067 - INFO - Entrenamiento | Pérdida: 0.7677, Accuracy: 0.6050, Tiempo: 51.08s
2025-11-09 23:46:15,947 - INFO - Validación    | Pérdida: 0.8020, Accuracy: 0.6208
2025-11-09 23:46:15,948 - INFO - 
--- Época 277/300 ---
2025-11-09 23:47:05,864 - INFO - Entrenamiento | Pérdida: 0.7561, Accuracy: 0.6082, Tiempo: 49.91s
2025-11-09 23:47:13,727 - INFO - Validación    | Pérdida: 0.8079, Accuracy: 0.6000
2025-11-09 23:47:13,728 - INFO - Tasa de aprendizaje reducida de 9.999823642890685e-05 a 9.999821048791711e-05
2025-11-09 23:47:13,729 - INFO - 
--- Época 278/300 ---
2025-11-09 23:48:03,086 - INFO - Entrenamiento | Pérdida: 0.7692, Accuracy: 0.6130, Tiempo: 49.36s
2025-11-09 23:48:10,718 - INFO - Validación    | Pérdida: 0.8015, Accuracy: 0.5875
2025-11-09 23:48:10,719 - INFO - 
--- Época 279/300 ---
2025-11-09 23:49:00,699 - INFO - Entrenamiento | Pérdida: 0.7620, Accuracy: 0.6144, Tiempo: 49.98s
2025-11-09 23:49:08,881 - INFO - Validación    | Pérdida: 0.8221, Accuracy: 0.5750
2025-11-09 23:49:08,882 - INFO - Tasa de aprendizaje reducida de 9.999823869131377e-05 a 9.999814692445722e-05
2025-11-09 23:49:08,883 - INFO - 
--- Época 280/300 ---
2025-11-09 23:49:58,477 - INFO - Entrenamiento | Pérdida: 0.7679, Accuracy: 0.6078, Tiempo: 49.59s
2025-11-09 23:50:06,444 - INFO - Validación    | Pérdida: 0.8095, Accuracy: 0.5917
2025-11-09 23:50:06,445 - INFO - 
--- Época 281/300 ---
2025-11-09 23:50:55,522 - INFO - Entrenamiento | Pérdida: 0.7746, Accuracy: 0.6115, Tiempo: 49.08s
2025-11-09 23:51:03,346 - INFO - Validación    | Pérdida: 0.7855, Accuracy: 0.6125
2025-11-09 23:51:03,348 - INFO - 
--- Época 282/300 ---
2025-11-09 23:51:53,735 - INFO - Entrenamiento | Pérdida: 0.7604, Accuracy: 0.6111, Tiempo: 50.39s
2025-11-09 23:52:01,921 - INFO - Validación    | Pérdida: 0.8351, Accuracy: 0.5792
2025-11-09 23:52:01,922 - INFO - Tasa de aprendizaje reducida de 9.999830835804575e-05 a 9.999808814135505e-05
2025-11-09 23:52:01,923 - INFO - 
--- Época 283/300 ---
2025-11-09 23:52:51,242 - INFO - Entrenamiento | Pérdida: 0.7590, Accuracy: 0.6096, Tiempo: 49.32s
2025-11-09 23:52:59,126 - INFO - Validación    | Pérdida: 0.8327, Accuracy: 0.6042
2025-11-09 23:52:59,128 - INFO - 
--- Época 284/300 ---
2025-11-09 23:53:48,442 - INFO - Entrenamiento | Pérdida: 0.7649, Accuracy: 0.5884, Tiempo: 49.31s
2025-11-09 23:53:56,223 - INFO - Validación    | Pérdida: 0.8425, Accuracy: 0.6000
2025-11-09 23:53:56,224 - INFO - Tasa de aprendizaje reducida de 9.999809887055743e-05 a 9.999805415121372e-05
2025-11-09 23:53:56,226 - INFO - 
--- Época 285/300 ---
2025-11-09 23:54:46,151 - INFO - Entrenamiento | Pérdida: 0.7870, Accuracy: 0.5973, Tiempo: 49.92s
2025-11-09 23:54:53,884 - INFO - Validación    | Pérdida: 0.8188, Accuracy: 0.5750
2025-11-09 23:54:53,886 - INFO - 
--- Época 286/300 ---
2025-11-09 23:55:42,787 - INFO - Entrenamiento | Pérdida: 0.7658, Accuracy: 0.6065, Tiempo: 48.90s
2025-11-09 23:55:50,237 - INFO - Validación    | Pérdida: 0.8164, Accuracy: 0.5833
2025-11-09 23:55:50,237 - INFO - 
--- Época 287/300 ---
2025-11-09 23:56:41,288 - INFO - Entrenamiento | Pérdida: 0.7680, Accuracy: 0.5944, Tiempo: 51.05s
2025-11-09 23:56:48,771 - INFO - Validación    | Pérdida: 0.8130, Accuracy: 0.6083
2025-11-09 23:56:48,772 - INFO - 
--- Época 288/300 ---
2025-11-09 23:57:40,029 - INFO - Entrenamiento | Pérdida: 0.7675, Accuracy: 0.5979, Tiempo: 51.26s
2025-11-09 23:57:48,037 - INFO - Validación    | Pérdida: 0.8431, Accuracy: 0.5958
2025-11-09 23:57:48,038 - INFO - Tasa de aprendizaje reducida de 9.999818805029483e-05 a 9.99980513740543e-05
2025-11-09 23:57:48,039 - INFO - 
--- Época 289/300 ---
2025-11-09 23:58:37,092 - INFO - Entrenamiento | Pérdida: 0.7564, Accuracy: 0.6034, Tiempo: 49.05s
2025-11-09 23:58:45,081 - INFO - Validación    | Pérdida: 0.8228, Accuracy: 0.6292
2025-11-09 23:58:45,083 - INFO - 
--- Época 290/300 ---
2025-11-09 23:59:34,400 - INFO - Entrenamiento | Pérdida: 0.7633, Accuracy: 0.5929, Tiempo: 49.32s
2025-11-09 23:59:42,282 - INFO - Validación    | Pérdida: 0.7957, Accuracy: 0.6208
2025-11-09 23:59:42,283 - INFO - 
--- Época 291/300 ---
2025-11-10 00:00:32,283 - INFO - Entrenamiento | Pérdida: 0.7817, Accuracy: 0.6005, Tiempo: 50.00s
2025-11-10 00:00:40,123 - INFO - Validación    | Pérdida: 0.7717, Accuracy: 0.6417
2025-11-10 00:00:40,125 - INFO - 
--- Época 292/300 ---
2025-11-10 00:01:30,091 - INFO - Entrenamiento | Pérdida: 0.7603, Accuracy: 0.6026, Tiempo: 49.97s
2025-11-10 00:01:38,241 - INFO - Validación    | Pérdida: 0.7812, Accuracy: 0.6417
2025-11-10 00:01:38,242 - INFO - Tasa de aprendizaje reducida de 9.99983674138504e-05 a 9.999832707692873e-05
2025-11-10 00:01:38,243 - INFO - 
--- Época 293/300 ---
2025-11-10 00:02:27,245 - INFO - Entrenamiento | Pérdida: 0.7594, Accuracy: 0.6057, Tiempo: 49.00s
2025-11-10 00:02:35,106 - INFO - Validación    | Pérdida: 0.8176, Accuracy: 0.5875
2025-11-10 00:02:35,108 - INFO - Tasa de aprendizaje reducida de 9.999832707692873e-05 a 9.999816738086935e-05
2025-11-10 00:02:35,108 - INFO - 
--- Época 294/300 ---
2025-11-10 00:03:25,742 - INFO - Entrenamiento | Pérdida: 0.7647, Accuracy: 0.5982, Tiempo: 50.63s
2025-11-10 00:03:33,879 - INFO - Validación    | Pérdida: 0.8208, Accuracy: 0.6083
2025-11-10 00:03:33,881 - INFO - Tasa de aprendizaje reducida de 9.999816738086935e-05 a 9.999815302082618e-05
2025-11-10 00:03:33,882 - INFO - 
--- Época 295/300 ---
2025-11-10 00:04:24,171 - INFO - Entrenamiento | Pérdida: 0.7565, Accuracy: 0.6111, Tiempo: 50.29s
2025-11-10 00:04:32,524 - INFO - Validación    | Pérdida: 0.7948, Accuracy: 0.5875
2025-11-10 00:04:32,526 - INFO - 
--- Época 296/300 ---
2025-11-10 00:05:23,624 - INFO - Entrenamiento | Pérdida: 0.7482, Accuracy: 0.6142, Tiempo: 51.10s
2025-11-10 00:05:32,155 - INFO - Validación    | Pérdida: 0.8447, Accuracy: 0.5875
2025-11-10 00:05:32,157 - INFO - Tasa de aprendizaje reducida de 9.999826810373954e-05 a 9.999804401924116e-05
2025-11-10 00:05:32,158 - INFO - 
--- Época 297/300 ---
2025-11-10 00:06:22,226 - INFO - Entrenamiento | Pérdida: 0.7487, Accuracy: 0.6165, Tiempo: 50.07s
2025-11-10 00:06:30,096 - INFO - Validación    | Pérdida: 0.8448, Accuracy: 0.6292
2025-11-10 00:06:30,097 - INFO - Tasa de aprendizaje reducida de 9.999804401924116e-05 a 9.999804321861608e-05
2025-11-10 00:06:30,098 - INFO - 
--- Época 298/300 ---
2025-11-10 00:07:19,855 - INFO - Entrenamiento | Pérdida: 0.7553, Accuracy: 0.6124, Tiempo: 49.76s
2025-11-10 00:07:27,732 - INFO - Validación    | Pérdida: 0.8170, Accuracy: 0.5792
2025-11-10 00:07:27,733 - INFO - 
--- Época 299/300 ---
2025-11-10 00:08:16,717 - INFO - Entrenamiento | Pérdida: 0.7728, Accuracy: 0.6086, Tiempo: 48.98s
2025-11-10 00:08:24,707 - INFO - Validación    | Pérdida: 0.8036, Accuracy: 0.5708
2025-11-10 00:08:24,708 - INFO - 
--- Época 300/300 ---
2025-11-10 00:09:13,797 - INFO - Entrenamiento | Pérdida: 0.7752, Accuracy: 0.5938, Tiempo: 49.09s
2025-11-10 00:09:21,917 - INFO - Validación    | Pérdida: 0.7963, Accuracy: 0.6125
2025-11-10 00:09:21,918 - INFO - 
--- ENTRENAMIENTO FINALIZADO ---
2025-11-10 00:09:21,919 - INFO - La mejor pérdida en validación fue: 0.7681
2025-11-10 00:09:21,920 - INFO - Los mejores pesos están guardados en: 'models/sbtaylor_kan_cotton\run_20251109_183710\sbtaylor_kan.best_weights.pth'
