2025-11-09 16:05:48,554 - INFO - Modelo SBTAYLOR_KAN.Net importado correctamente.
2025-11-09 16:05:48,556 - INFO - Los pesos del modelo se guardarán en: 'models/sbtaylor_kan_cotton\run_20251109_160546\sbtaylor_kan.best_weights.pth'
2025-11-09 16:05:48,558 - INFO - El registro de entrenamiento se guardará en: 'models/sbtaylor_kan_cotton\run_20251109_160546\training_run.log'
2025-11-09 16:05:50,937 - INFO - Versión de PyTorch: 2.9.0+cu126
2025-11-09 16:05:50,962 - INFO - ¿CUDA está disponible?: True
2025-11-09 16:05:50,965 - INFO - Versión de CUDA con la que PyTorch fue compilado: 12.6
2025-11-09 16:05:50,967 - INFO - Número de GPUs disponibles: 1
2025-11-09 16:05:50,974 - INFO - Nombre de la GPU actual: NVIDIA GeForce RTX 4090
2025-11-09 16:05:52,852 - INFO - --- Hyperparámetros de Entrenamiento ---
2025-11-09 16:05:52,853 - INFO - Batch Size: 32
2025-11-09 16:05:52,854 - INFO - Num Epochs: 300
2025-11-09 16:05:52,855 - INFO - Learning Rate: 0.0001
2025-11-09 16:05:52,856 - INFO - Num Classes: 4
2025-11-09 16:05:52,857 - INFO - Num Workers: 4
2025-11-09 16:05:54,027 - INFO - 
Cargando dataset de ./data...
2025-11-09 16:05:54,083 - INFO - Dataset cargado exitosamente.
2025-11-09 16:05:54,084 - INFO -   - 5212 imágenes de entrenamiento.
2025-11-09 16:05:54,085 - INFO -   - 240 imágenes de validación.
2025-11-09 16:05:56,491 - INFO - 
Usando dispositivo: cuda
2025-11-09 16:06:03,955 - INFO - 
--- INICIANDO ENTRENAMIENTO ---
2025-11-09 16:06:03,957 - INFO - 
--- Época 1/300 ---
