2025-12-05 20:46:36,540 - INFO - Modelo SBTAYLOR_KAN.Net importado correctamente.
2025-12-05 20:46:36,541 - INFO - Los pesos del modelo se guardarán en: 'models/sbtaylor_kan_cotton\run_20251205_204635\sbtaylor_kan.best_weights.pth'
2025-12-05 20:46:36,542 - INFO - El registro de entrenamiento se guardará en: 'models/sbtaylor_kan_cotton\run_20251205_204635\training_run.log'
2025-12-05 20:46:36,867 - INFO - Versión de PyTorch: 2.9.0+cu126
2025-12-05 20:46:36,868 - INFO - ¿CUDA está disponible?: True
2025-12-05 20:46:36,869 - INFO - Versión de CUDA con la que PyTorch fue compilado: 12.6
2025-12-05 20:46:36,871 - INFO - Número de GPUs disponibles: 1
2025-12-05 20:46:36,876 - INFO - Nombre de la GPU actual: NVIDIA GeForce RTX 4090
2025-12-05 20:46:37,220 - INFO - --- Hyperparámetros de Entrenamiento ---
2025-12-05 20:46:37,221 - INFO - Batch Size: 64
2025-12-05 20:46:37,223 - INFO - Num Epochs: 150
2025-12-05 20:46:37,224 - INFO - Learning Rate: 0.0001
2025-12-05 20:46:37,224 - INFO - Num Classes: 4
2025-12-05 20:46:37,225 - INFO - Num Workers: 4
2025-12-05 20:46:37,584 - INFO - 
Cargando dataset de ./data...
2025-12-05 20:46:37,780 - INFO - Clases detectadas: ['Fresh_Leaf', 'Leaf_Reddening', 'Leaf_Spot_Bacterial_Blight', 'Yellowish_Leaf']
2025-12-05 20:46:38,549 - INFO - 
Usando dispositivo: cuda
2025-12-05 20:46:43,535 - INFO - Iniciando entrenamiento por 150 épocas...
2025-12-05 20:46:43,536 - INFO - Los modelos se guardarán en: models/sbtaylor_kan_cotton\run_20251205_204635
2025-12-05 20:46:43,538 - INFO - --- Época 1/150 ---
2025-12-05 20:47:22,242 - INFO - Train Loss: 1.0366 Acc: 0.4975
2025-12-05 20:47:30,206 - INFO - Val Loss: 0.8425 Acc: 0.5750
2025-12-05 20:47:30,635 - INFO - --- Época 2/150 ---
