2025-12-19 04:11:28,127 - INFO - Modelo SBTAYLOR_KAN.Net importado correctamente.
2025-12-19 04:11:28,129 - INFO - Los pesos del modelo se guardarán en: 'models/sbtaylor_kan_tiny_imagenet\run_20251219_041128\sbtaylor_kan.best_weights.pth'
2025-12-19 04:11:28,130 - INFO - El registro de entrenamiento se guardará en: 'models/sbtaylor_kan_tiny_imagenet\run_20251219_041128\training_run.log'
2025-12-19 04:11:28,160 - INFO - Versión de PyTorch: 2.9.0+cu126
2025-12-19 04:11:28,161 - INFO - ¿CUDA está disponible?: True
2025-12-19 04:11:28,163 - INFO - Versión de CUDA con la que PyTorch fue compilado: 12.6
2025-12-19 04:11:28,166 - INFO - Número de GPUs disponibles: 1
2025-12-19 04:11:28,170 - INFO - Nombre de la GPU actual: NVIDIA GeForce RTX 4090
2025-12-19 04:11:28,198 - INFO - --- Hyperparámetros de Entrenamiento ---
2025-12-19 04:11:28,199 - INFO - Batch Size: 64
2025-12-19 04:11:28,201 - INFO - Num Epochs: 250
2025-12-19 04:11:28,202 - INFO - Num Workers: 4
2025-12-19 04:12:05,396 - INFO - 
Usando dispositivo: cuda
2025-12-19 04:12:06,529 - INFO - Iniciando entrenamiento por 250 épocas...
2025-12-19 04:12:06,531 - INFO - Paciencia configurada: 20 épocas.
2025-12-19 04:12:06,532 - INFO - --- Época 1/250 ---
2025-12-19 04:12:46,487 - INFO - Train Loss: 2.3670 Acc: 0.1183
2025-12-19 04:12:48,621 - INFO -   [LR] Tasa de aprendizaje actual: 0.000999
2025-12-19 04:12:48,622 - INFO -   [Mejora Loss] inf -> 2.2857. Reseteando paciencia.
2025-12-19 04:12:48,624 - INFO - Val Loss: 2.2857 Acc: 0.1260
2025-12-19 04:12:49,129 - INFO -   [Nuevo Récord Acc] Guardado en: models/sbtaylor_kan_tiny_imagenet\run_20251219_041128\best_model.pth
2025-12-19 04:12:49,131 - INFO - --- Época 2/250 ---
2025-12-19 04:13:27,433 - INFO - Train Loss: 2.2909 Acc: 0.1072
2025-12-19 04:13:29,577 - INFO -   [LR] Tasa de aprendizaje actual: 0.000999
2025-12-19 04:13:29,578 - INFO -   [Sin mejora Loss] Paciencia: 1/20
2025-12-19 04:13:29,580 - INFO - Val Loss: 2.2961 Acc: 0.1140
2025-12-19 04:13:29,581 - INFO - --- Época 3/250 ---
2025-12-19 04:14:06,952 - INFO - Train Loss: 2.2685 Acc: 0.1438
2025-12-19 04:14:09,036 - INFO -   [LR] Tasa de aprendizaje actual: 0.000999
2025-12-19 04:14:09,037 - INFO -   [Mejora Loss] 2.2857 -> 2.2271. Reseteando paciencia.
2025-12-19 04:14:09,039 - INFO - Val Loss: 2.2271 Acc: 0.1700
2025-12-19 04:14:09,562 - INFO -   [Nuevo Récord Acc] Guardado en: models/sbtaylor_kan_tiny_imagenet\run_20251219_041128\best_model.pth
2025-12-19 04:14:09,564 - INFO - --- Época 4/250 ---
2025-12-19 04:14:46,982 - INFO - Train Loss: 2.2515 Acc: 0.1512
2025-12-19 04:14:49,078 - INFO -   [LR] Tasa de aprendizaje actual: 0.000999
2025-12-19 04:14:49,079 - INFO -   [Sin mejora Loss] Paciencia: 1/20
2025-12-19 04:14:49,080 - INFO - Val Loss: 2.2583 Acc: 0.1360
2025-12-19 04:14:49,082 - INFO - --- Época 5/250 ---
2025-12-19 04:15:26,332 - INFO - Train Loss: 2.2363 Acc: 0.1530
2025-12-19 04:15:28,392 - INFO -   [LR] Tasa de aprendizaje actual: 0.000999
2025-12-19 04:15:28,393 - INFO -   [Mejora Loss] 2.2271 -> 2.1997. Reseteando paciencia.
2025-12-19 04:15:28,395 - INFO - Val Loss: 2.1997 Acc: 0.1830
2025-12-19 04:15:28,910 - INFO -   [Nuevo Récord Acc] Guardado en: models/sbtaylor_kan_tiny_imagenet\run_20251219_041128\best_model.pth
2025-12-19 04:15:28,911 - INFO - --- Época 6/250 ---
2025-12-19 04:16:06,171 - INFO - Train Loss: 2.2466 Acc: 0.1525
2025-12-19 04:16:08,229 - INFO -   [LR] Tasa de aprendizaje actual: 0.000999
2025-12-19 04:16:08,230 - INFO -   [Mejora Loss] 2.1997 -> 2.1956. Reseteando paciencia.
2025-12-19 04:16:08,231 - INFO - Val Loss: 2.1956 Acc: 0.2060
2025-12-19 04:16:08,669 - INFO -   [Nuevo Récord Acc] Guardado en: models/sbtaylor_kan_tiny_imagenet\run_20251219_041128\best_model.pth
2025-12-19 04:16:08,671 - INFO - --- Época 7/250 ---
2025-12-19 04:16:44,918 - INFO - Train Loss: 2.2267 Acc: 0.1658
2025-12-19 04:16:46,888 - INFO -   [LR] Tasa de aprendizaje actual: 0.000999
2025-12-19 04:16:46,889 - INFO -   [Sin mejora Loss] Paciencia: 1/20
2025-12-19 04:16:46,890 - INFO - Val Loss: 2.1982 Acc: 0.2120
2025-12-19 04:16:47,313 - INFO -   [Nuevo Récord Acc] Guardado en: models/sbtaylor_kan_tiny_imagenet\run_20251219_041128\best_model.pth
2025-12-19 04:16:47,314 - INFO - --- Época 8/250 ---
2025-12-19 04:17:22,856 - INFO - Train Loss: 2.2200 Acc: 0.1695
2025-12-19 04:17:24,840 - INFO -   [LR] Tasa de aprendizaje actual: 0.000999
2025-12-19 04:17:24,841 - INFO -   [Sin mejora Loss] Paciencia: 2/20
2025-12-19 04:17:24,842 - INFO - Val Loss: 2.2004 Acc: 0.1920
2025-12-19 04:17:24,843 - INFO - --- Época 9/250 ---
2025-12-19 04:18:00,480 - INFO - Train Loss: 2.2125 Acc: 0.1645
2025-12-19 04:18:02,451 - INFO -   [LR] Tasa de aprendizaje actual: 0.000999
2025-12-19 04:18:02,452 - INFO -   [Mejora Loss] 2.1956 -> 2.1922. Reseteando paciencia.
2025-12-19 04:18:02,453 - INFO - Val Loss: 2.1922 Acc: 0.1960
2025-12-19 04:18:02,454 - INFO - --- Época 10/250 ---
2025-12-19 04:18:38,353 - INFO - Train Loss: 2.2120 Acc: 0.1787
2025-12-19 04:18:40,299 - INFO -   [LR] Tasa de aprendizaje actual: 0.000999
2025-12-19 04:18:40,300 - INFO -   [Sin mejora Loss] Paciencia: 1/20
2025-12-19 04:18:40,301 - INFO - Val Loss: 2.1961 Acc: 0.1860
2025-12-19 04:18:40,302 - INFO - --- Época 11/250 ---
2025-12-19 04:19:15,912 - INFO - Train Loss: 2.1954 Acc: 0.1802
2025-12-19 04:19:17,945 - INFO -   [LR] Tasa de aprendizaje actual: 0.000999
2025-12-19 04:19:17,946 - INFO -   [Mejora Loss] 2.1922 -> 2.1644. Reseteando paciencia.
2025-12-19 04:19:17,947 - INFO - Val Loss: 2.1644 Acc: 0.2100
2025-12-19 04:19:17,948 - INFO - --- Época 12/250 ---
2025-12-19 04:19:53,771 - INFO - Train Loss: 2.2033 Acc: 0.1628
2025-12-19 04:19:55,735 - INFO -   [LR] Tasa de aprendizaje actual: 0.000999
2025-12-19 04:19:55,736 - INFO -   [Sin mejora Loss] Paciencia: 1/20
2025-12-19 04:19:55,737 - INFO - Val Loss: 2.1820 Acc: 0.2010
2025-12-19 04:19:55,738 - INFO - --- Época 13/250 ---
2025-12-19 04:20:31,598 - INFO - Train Loss: 2.1966 Acc: 0.1792
2025-12-19 04:20:33,565 - INFO -   [LR] Tasa de aprendizaje actual: 0.000999
2025-12-19 04:20:33,566 - INFO -   [Sin mejora Loss] Paciencia: 2/20
2025-12-19 04:20:33,567 - INFO - Val Loss: 2.1909 Acc: 0.1810
2025-12-19 04:20:33,568 - INFO - --- Época 14/250 ---
2025-12-19 04:21:09,576 - INFO - Train Loss: 2.1898 Acc: 0.1842
2025-12-19 04:21:11,535 - INFO -   [LR] Tasa de aprendizaje actual: 0.000999
2025-12-19 04:21:11,536 - INFO -   [Sin mejora Loss] Paciencia: 3/20
2025-12-19 04:21:11,537 - INFO - Val Loss: 2.1665 Acc: 0.1710
2025-12-19 04:21:11,538 - INFO - --- Época 15/250 ---
2025-12-19 04:21:47,900 - INFO - Train Loss: 2.1737 Acc: 0.1820
2025-12-19 04:21:49,942 - INFO -   [LR] Tasa de aprendizaje actual: 0.000999
2025-12-19 04:21:49,943 - INFO -   [Mejora Loss] 2.1644 -> 2.1555. Reseteando paciencia.
2025-12-19 04:21:49,944 - INFO - Val Loss: 2.1555 Acc: 0.2100
2025-12-19 04:21:49,945 - INFO - --- Época 16/250 ---
2025-12-19 04:22:26,243 - INFO - Train Loss: 2.1810 Acc: 0.1883
2025-12-19 04:22:28,252 - INFO -   [LR] Tasa de aprendizaje actual: 0.001000
2025-12-19 04:22:28,252 - INFO -   [Mejora Loss] 2.1555 -> 2.1283. Reseteando paciencia.
2025-12-19 04:22:28,253 - INFO - Val Loss: 2.1283 Acc: 0.2230
2025-12-19 04:22:28,674 - INFO -   [Nuevo Récord Acc] Guardado en: models/sbtaylor_kan_tiny_imagenet\run_20251219_041128\best_model.pth
2025-12-19 04:22:28,675 - INFO - --- Época 17/250 ---
2025-12-19 04:23:05,013 - INFO - Train Loss: 2.1722 Acc: 0.1925
2025-12-19 04:23:06,999 - INFO -   [LR] Tasa de aprendizaje actual: 0.000999
2025-12-19 04:23:07,000 - INFO -   [Sin mejora Loss] Paciencia: 1/20
2025-12-19 04:23:07,001 - INFO - Val Loss: 2.1767 Acc: 0.1950
2025-12-19 04:23:07,002 - INFO - --- Época 18/250 ---
2025-12-19 04:23:42,520 - INFO - Train Loss: 2.1737 Acc: 0.1883
2025-12-19 04:23:44,490 - INFO -   [LR] Tasa de aprendizaje actual: 0.001000
2025-12-19 04:23:44,491 - INFO -   [Sin mejora Loss] Paciencia: 2/20
2025-12-19 04:23:44,492 - INFO - Val Loss: 2.1310 Acc: 0.2520
2025-12-19 04:23:44,905 - INFO -   [Nuevo Récord Acc] Guardado en: models/sbtaylor_kan_tiny_imagenet\run_20251219_041128\best_model.pth
2025-12-19 04:23:44,907 - INFO - --- Época 19/250 ---
2025-12-19 04:24:20,819 - INFO - Train Loss: 2.1670 Acc: 0.1845
2025-12-19 04:24:22,829 - INFO -   [LR] Tasa de aprendizaje actual: 0.000999
2025-12-19 04:24:22,830 - INFO -   [Sin mejora Loss] Paciencia: 3/20
2025-12-19 04:24:22,831 - INFO - Val Loss: 2.1367 Acc: 0.2300
2025-12-19 04:24:22,832 - INFO - --- Época 20/250 ---
2025-12-19 04:24:59,067 - INFO - Train Loss: 2.1761 Acc: 0.1875
2025-12-19 04:25:01,116 - INFO -   [LR] Tasa de aprendizaje actual: 0.000999
2025-12-19 04:25:01,116 - INFO -   [Sin mejora Loss] Paciencia: 4/20
2025-12-19 04:25:01,118 - INFO - Val Loss: 2.1692 Acc: 0.1850
2025-12-19 04:25:01,118 - INFO - --- Época 21/250 ---
2025-12-19 04:25:37,024 - INFO - Train Loss: 2.1625 Acc: 0.1925
2025-12-19 04:25:38,989 - INFO -   [LR] Tasa de aprendizaje actual: 0.001000
2025-12-19 04:25:38,990 - INFO -   [Mejora Loss] 2.1283 -> 2.1244. Reseteando paciencia.
2025-12-19 04:25:38,991 - INFO - Val Loss: 2.1244 Acc: 0.2310
2025-12-19 04:25:38,992 - INFO - --- Época 22/250 ---
2025-12-19 04:26:14,556 - INFO - Train Loss: 2.1697 Acc: 0.1918
2025-12-19 04:26:16,535 - INFO -   [LR] Tasa de aprendizaje actual: 0.001000
2025-12-19 04:26:16,535 - INFO -   [Sin mejora Loss] Paciencia: 1/20
2025-12-19 04:26:16,537 - INFO - Val Loss: 2.1346 Acc: 0.2180
2025-12-19 04:26:16,538 - INFO - --- Época 23/250 ---
2025-12-19 04:26:52,047 - INFO - Train Loss: 2.1698 Acc: 0.2013
2025-12-19 04:26:54,048 - INFO -   [LR] Tasa de aprendizaje actual: 0.001000
2025-12-19 04:26:54,049 - INFO -   [Sin mejora Loss] Paciencia: 2/20
2025-12-19 04:26:54,050 - INFO - Val Loss: 2.1277 Acc: 0.2130
2025-12-19 04:26:54,051 - INFO - --- Época 24/250 ---
2025-12-19 04:27:29,478 - INFO - Train Loss: 2.1640 Acc: 0.1960
2025-12-19 04:27:31,461 - INFO -   [LR] Tasa de aprendizaje actual: 0.001000
2025-12-19 04:27:31,462 - INFO -   [Sin mejora Loss] Paciencia: 3/20
2025-12-19 04:27:31,463 - INFO - Val Loss: 2.1256 Acc: 0.2200
2025-12-19 04:27:31,464 - INFO - --- Época 25/250 ---
2025-12-19 04:28:07,009 - INFO - Train Loss: 2.1664 Acc: 0.1945
2025-12-19 04:28:09,005 - INFO -   [LR] Tasa de aprendizaje actual: 0.000999
2025-12-19 04:28:09,006 - INFO -   [Sin mejora Loss] Paciencia: 4/20
2025-12-19 04:28:09,006 - INFO - Val Loss: 2.1356 Acc: 0.2120
2025-12-19 04:28:09,007 - INFO - --- Época 26/250 ---
2025-12-19 04:28:45,086 - INFO - Train Loss: 2.1611 Acc: 0.1990
2025-12-19 04:28:47,040 - INFO -   [LR] Tasa de aprendizaje actual: 0.000999
2025-12-19 04:28:47,041 - INFO -   [Sin mejora Loss] Paciencia: 5/20
2025-12-19 04:28:47,042 - INFO - Val Loss: 2.1719 Acc: 0.1880
2025-12-19 04:28:47,044 - INFO - --- Época 27/250 ---
2025-12-19 04:29:22,564 - INFO - Train Loss: 2.1575 Acc: 0.1950
2025-12-19 04:29:24,565 - INFO -   [LR] Tasa de aprendizaje actual: 0.001000
2025-12-19 04:29:24,566 - INFO -   [Sin mejora Loss] Paciencia: 6/20
2025-12-19 04:29:24,567 - INFO - Val Loss: 2.1322 Acc: 0.2120
2025-12-19 04:29:24,568 - INFO - --- Época 28/250 ---
2025-12-19 04:30:00,012 - INFO - Train Loss: 2.1443 Acc: 0.2115
2025-12-19 04:30:01,949 - INFO -   [LR] Tasa de aprendizaje actual: 0.001000
2025-12-19 04:30:01,950 - INFO -   [Mejora Loss] 2.1244 -> 2.1223. Reseteando paciencia.
2025-12-19 04:30:01,951 - INFO - Val Loss: 2.1223 Acc: 0.2320
2025-12-19 04:30:01,952 - INFO - --- Época 29/250 ---
2025-12-19 04:30:37,419 - INFO - Train Loss: 2.1449 Acc: 0.2028
2025-12-19 04:30:39,437 - INFO -   [LR] Tasa de aprendizaje actual: 0.001000
2025-12-19 04:30:39,438 - INFO -   [Mejora Loss] 2.1223 -> 2.0842. Reseteando paciencia.
2025-12-19 04:30:39,439 - INFO - Val Loss: 2.0842 Acc: 0.2630
2025-12-19 04:30:39,882 - INFO -   [Nuevo Récord Acc] Guardado en: models/sbtaylor_kan_tiny_imagenet\run_20251219_041128\best_model.pth
2025-12-19 04:30:39,884 - INFO - --- Época 30/250 ---
2025-12-19 04:31:15,354 - INFO - Train Loss: 2.1603 Acc: 0.2030
2025-12-19 04:31:17,356 - INFO -   [LR] Tasa de aprendizaje actual: 0.001000
2025-12-19 04:31:17,356 - INFO -   [Sin mejora Loss] Paciencia: 1/20
2025-12-19 04:31:17,358 - INFO - Val Loss: 2.1070 Acc: 0.2550
2025-12-19 04:31:17,359 - INFO - --- Época 31/250 ---
2025-12-19 04:31:53,065 - INFO - Train Loss: 2.1610 Acc: 0.2003
2025-12-19 04:31:55,012 - INFO -   [LR] Tasa de aprendizaje actual: 0.001000
2025-12-19 04:31:55,013 - INFO -   [Sin mejora Loss] Paciencia: 2/20
2025-12-19 04:31:55,014 - INFO - Val Loss: 2.1124 Acc: 0.2320
2025-12-19 04:31:55,015 - INFO - --- Época 32/250 ---
2025-12-19 04:32:30,721 - INFO - Train Loss: 2.1553 Acc: 0.2033
2025-12-19 04:32:32,708 - INFO -   [LR] Tasa de aprendizaje actual: 0.000999
2025-12-19 04:32:32,708 - INFO -   [Sin mejora Loss] Paciencia: 3/20
2025-12-19 04:32:32,710 - INFO - Val Loss: 2.1689 Acc: 0.1780
2025-12-19 04:32:32,711 - INFO - --- Época 33/250 ---
2025-12-19 04:33:08,111 - INFO - Train Loss: 2.1589 Acc: 0.2048
2025-12-19 04:33:10,093 - INFO -   [LR] Tasa de aprendizaje actual: 0.001000
2025-12-19 04:33:10,093 - INFO -   [Sin mejora Loss] Paciencia: 4/20
2025-12-19 04:33:10,094 - INFO - Val Loss: 2.1157 Acc: 0.2150
2025-12-19 04:33:10,095 - INFO - --- Época 34/250 ---
2025-12-19 04:33:45,531 - INFO - Train Loss: 2.1610 Acc: 0.2013
2025-12-19 04:33:47,505 - INFO -   [LR] Tasa de aprendizaje actual: 0.001000
2025-12-19 04:33:47,505 - INFO -   [Sin mejora Loss] Paciencia: 5/20
2025-12-19 04:33:47,507 - INFO - Val Loss: 2.1051 Acc: 0.2140
2025-12-19 04:33:47,508 - INFO - --- Época 35/250 ---
2025-12-19 04:34:23,210 - INFO - Train Loss: 2.1568 Acc: 0.2080
2025-12-19 04:34:25,217 - INFO -   [LR] Tasa de aprendizaje actual: 0.000999
2025-12-19 04:34:25,217 - INFO -   [Sin mejora Loss] Paciencia: 6/20
2025-12-19 04:34:25,218 - INFO - Val Loss: 2.1412 Acc: 0.2120
2025-12-19 04:34:25,219 - INFO - --- Época 36/250 ---
2025-12-19 04:35:00,426 - INFO - Train Loss: 2.1542 Acc: 0.2050
2025-12-19 04:35:02,416 - INFO -   [LR] Tasa de aprendizaje actual: 0.001000
2025-12-19 04:35:02,417 - INFO -   [Sin mejora Loss] Paciencia: 7/20
2025-12-19 04:35:02,418 - INFO - Val Loss: 2.1249 Acc: 0.2170
2025-12-19 04:35:02,419 - INFO - --- Época 37/250 ---
2025-12-19 04:35:37,748 - INFO - Train Loss: 2.1504 Acc: 0.2105
2025-12-19 04:35:39,749 - INFO -   [LR] Tasa de aprendizaje actual: 0.001000
2025-12-19 04:35:39,750 - INFO -   [Sin mejora Loss] Paciencia: 8/20
2025-12-19 04:35:39,751 - INFO - Val Loss: 2.1178 Acc: 0.2300
2025-12-19 04:35:39,752 - INFO - --- Época 38/250 ---
2025-12-19 04:36:15,005 - INFO - Train Loss: 2.1427 Acc: 0.2038
2025-12-19 04:36:16,998 - INFO -   [LR] Tasa de aprendizaje actual: 0.001000
2025-12-19 04:36:16,999 - INFO -   [Mejora Loss] 2.0842 -> 2.0778. Reseteando paciencia.
2025-12-19 04:36:17,000 - INFO - Val Loss: 2.0778 Acc: 0.2350
2025-12-19 04:36:17,001 - INFO - --- Época 39/250 ---
2025-12-19 04:36:52,418 - INFO - Train Loss: 2.1546 Acc: 0.2045
2025-12-19 04:36:54,439 - INFO -   [LR] Tasa de aprendizaje actual: 0.001000
2025-12-19 04:36:54,440 - INFO -   [Sin mejora Loss] Paciencia: 1/20
2025-12-19 04:36:54,442 - INFO - Val Loss: 2.1092 Acc: 0.2240
2025-12-19 04:36:54,443 - INFO - --- Época 40/250 ---
2025-12-19 04:37:30,420 - INFO - Train Loss: 2.1278 Acc: 0.2140
2025-12-19 04:37:32,383 - INFO -   [LR] Tasa de aprendizaje actual: 0.001000
2025-12-19 04:37:32,384 - INFO -   [Sin mejora Loss] Paciencia: 2/20
2025-12-19 04:37:32,385 - INFO - Val Loss: 2.0955 Acc: 0.1920
2025-12-19 04:37:32,386 - INFO - --- Época 41/250 ---
2025-12-19 04:38:07,816 - INFO - Train Loss: 2.1344 Acc: 0.2255
2025-12-19 04:38:09,799 - INFO -   [LR] Tasa de aprendizaje actual: 0.001000
2025-12-19 04:38:09,800 - INFO -   [Sin mejora Loss] Paciencia: 3/20
2025-12-19 04:38:09,801 - INFO - Val Loss: 2.1015 Acc: 0.2370
2025-12-19 04:38:09,802 - INFO - --- Época 42/250 ---
2025-12-19 04:38:45,095 - INFO - Train Loss: 2.1395 Acc: 0.2228
2025-12-19 04:38:47,075 - INFO -   [LR] Tasa de aprendizaje actual: 0.001000
2025-12-19 04:38:47,076 - INFO -   [Sin mejora Loss] Paciencia: 4/20
2025-12-19 04:38:47,076 - INFO - Val Loss: 2.0933 Acc: 0.2470
2025-12-19 04:38:47,078 - INFO - --- Época 43/250 ---
2025-12-19 04:39:22,512 - INFO - Train Loss: 2.1405 Acc: 0.2130
2025-12-19 04:39:24,513 - INFO -   [LR] Tasa de aprendizaje actual: 0.001000
2025-12-19 04:39:24,514 - INFO -   [Sin mejora Loss] Paciencia: 5/20
2025-12-19 04:39:24,515 - INFO - Val Loss: 2.0992 Acc: 0.2290
2025-12-19 04:39:24,516 - INFO - --- Época 44/250 ---
2025-12-19 04:40:00,147 - INFO - Train Loss: 2.1421 Acc: 0.2097
2025-12-19 04:40:02,150 - INFO -   [LR] Tasa de aprendizaje actual: 0.001000
2025-12-19 04:40:02,151 - INFO -   [Sin mejora Loss] Paciencia: 6/20
2025-12-19 04:40:02,152 - INFO - Val Loss: 2.0908 Acc: 0.2190
2025-12-19 04:40:02,153 - INFO - --- Época 45/250 ---
2025-12-19 04:40:37,660 - INFO - Train Loss: 2.1450 Acc: 0.2073
2025-12-19 04:40:39,668 - INFO -   [LR] Tasa de aprendizaje actual: 0.001000
2025-12-19 04:40:39,670 - INFO -   [Sin mejora Loss] Paciencia: 7/20
2025-12-19 04:40:39,671 - INFO - Val Loss: 2.0948 Acc: 0.2430
2025-12-19 04:40:39,672 - INFO - --- Época 46/250 ---
2025-12-19 04:41:15,026 - INFO - Train Loss: 2.1392 Acc: 0.2333
2025-12-19 04:41:17,034 - INFO -   [LR] Tasa de aprendizaje actual: 0.001000
2025-12-19 04:41:17,035 - INFO -   [Sin mejora Loss] Paciencia: 8/20
2025-12-19 04:41:17,036 - INFO - Val Loss: 2.0922 Acc: 0.2490
2025-12-19 04:41:17,037 - INFO - --- Época 47/250 ---
2025-12-19 04:41:52,596 - INFO - Train Loss: 2.1319 Acc: 0.2150
2025-12-19 04:41:54,568 - INFO -   [LR] Tasa de aprendizaje actual: 0.001000
2025-12-19 04:41:54,569 - INFO -   [Sin mejora Loss] Paciencia: 9/20
2025-12-19 04:41:54,570 - INFO - Val Loss: 2.1244 Acc: 0.2360
2025-12-19 04:41:54,571 - INFO - --- Época 48/250 ---
2025-12-19 04:42:30,260 - INFO - Train Loss: 2.1278 Acc: 0.2230
2025-12-19 04:42:32,233 - INFO -   [LR] Tasa de aprendizaje actual: 0.001000
2025-12-19 04:42:32,234 - INFO -   [Sin mejora Loss] Paciencia: 10/20
2025-12-19 04:42:32,235 - INFO - Val Loss: 2.1008 Acc: 0.2440
2025-12-19 04:42:32,236 - INFO - --- Época 49/250 ---
2025-12-19 04:43:07,557 - INFO - Train Loss: 2.1348 Acc: 0.2238
2025-12-19 04:43:09,527 - INFO -   [LR] Tasa de aprendizaje actual: 0.001000
2025-12-19 04:43:09,528 - INFO -   [Sin mejora Loss] Paciencia: 11/20
2025-12-19 04:43:09,529 - INFO - Val Loss: 2.1193 Acc: 0.2170
2025-12-19 04:43:09,530 - INFO - --- Época 50/250 ---
2025-12-19 04:43:44,970 - INFO - Train Loss: 2.1406 Acc: 0.2097
2025-12-19 04:43:46,917 - INFO -   [LR] Tasa de aprendizaje actual: 0.001000
2025-12-19 04:43:46,918 - INFO -   [Sin mejora Loss] Paciencia: 12/20
2025-12-19 04:43:46,919 - INFO - Val Loss: 2.0823 Acc: 0.2450
2025-12-19 04:43:46,920 - INFO - --- Época 51/250 ---
2025-12-19 04:44:22,064 - INFO - Train Loss: 2.1311 Acc: 0.2120
2025-12-19 04:44:24,054 - INFO -   [LR] Tasa de aprendizaje actual: 0.001000
2025-12-19 04:44:24,055 - INFO -   [Mejora Loss] 2.0778 -> 2.0723. Reseteando paciencia.
2025-12-19 04:44:24,056 - INFO - Val Loss: 2.0723 Acc: 0.2400
2025-12-19 04:44:24,057 - INFO - --- Época 52/250 ---
2025-12-19 04:44:59,957 - INFO - Train Loss: 2.1374 Acc: 0.2208
2025-12-19 04:45:01,798 - INFO -   [LR] Tasa de aprendizaje actual: 0.001000
2025-12-19 04:45:01,799 - INFO -   [Mejora Loss] 2.0723 -> 2.0615. Reseteando paciencia.
2025-12-19 04:45:01,800 - INFO - Val Loss: 2.0615 Acc: 0.2510
2025-12-19 04:45:01,801 - INFO - --- Época 53/250 ---
2025-12-19 04:45:37,269 - INFO - Train Loss: 2.1213 Acc: 0.2253
2025-12-19 04:45:39,247 - INFO -   [LR] Tasa de aprendizaje actual: 0.001000
2025-12-19 04:45:39,248 - INFO -   [Sin mejora Loss] Paciencia: 1/20
2025-12-19 04:45:39,249 - INFO - Val Loss: 2.0988 Acc: 0.2200
2025-12-19 04:45:39,250 - INFO - --- Época 54/250 ---
2025-12-19 04:46:14,695 - INFO - Train Loss: 2.1262 Acc: 0.2235
2025-12-19 04:46:16,668 - INFO -   [LR] Tasa de aprendizaje actual: 0.001000
2025-12-19 04:46:16,669 - INFO -   [Sin mejora Loss] Paciencia: 2/20
2025-12-19 04:46:16,670 - INFO - Val Loss: 2.0738 Acc: 0.2120
2025-12-19 04:46:16,671 - INFO - --- Época 55/250 ---
2025-12-19 04:46:52,674 - INFO - Train Loss: 2.1318 Acc: 0.2250
2025-12-19 04:46:54,683 - INFO -   [LR] Tasa de aprendizaje actual: 0.001000
2025-12-19 04:46:54,683 - INFO -   [Sin mejora Loss] Paciencia: 3/20
2025-12-19 04:46:54,684 - INFO - Val Loss: 2.1267 Acc: 0.1970
2025-12-19 04:46:54,685 - INFO - --- Época 56/250 ---
2025-12-19 04:47:30,054 - INFO - Train Loss: 2.1346 Acc: 0.2185
2025-12-19 04:47:32,056 - INFO -   [LR] Tasa de aprendizaje actual: 0.001000
2025-12-19 04:47:32,057 - INFO -   [Sin mejora Loss] Paciencia: 4/20
2025-12-19 04:47:32,058 - INFO - Val Loss: 2.0910 Acc: 0.2130
2025-12-19 04:47:32,059 - INFO - --- Época 57/250 ---
2025-12-19 04:48:07,566 - INFO - Train Loss: 2.1272 Acc: 0.2225
2025-12-19 04:48:09,569 - INFO -   [LR] Tasa de aprendizaje actual: 0.001000
2025-12-19 04:48:09,570 - INFO -   [Sin mejora Loss] Paciencia: 5/20
2025-12-19 04:48:09,571 - INFO - Val Loss: 2.0771 Acc: 0.2360
2025-12-19 04:48:09,572 - INFO - --- Época 58/250 ---
2025-12-19 04:48:44,688 - INFO - Train Loss: 2.1322 Acc: 0.2243
2025-12-19 04:48:46,694 - INFO -   [LR] Tasa de aprendizaje actual: 0.001000
2025-12-19 04:48:46,695 - INFO -   [Sin mejora Loss] Paciencia: 6/20
2025-12-19 04:48:46,696 - INFO - Val Loss: 2.1150 Acc: 0.2170
2025-12-19 04:48:46,697 - INFO - --- Época 59/250 ---
2025-12-19 04:49:22,396 - INFO - Train Loss: 2.1281 Acc: 0.2233
2025-12-19 04:49:24,403 - INFO -   [LR] Tasa de aprendizaje actual: 0.001000
2025-12-19 04:49:24,404 - INFO -   [Sin mejora Loss] Paciencia: 7/20
2025-12-19 04:49:24,405 - INFO - Val Loss: 2.0733 Acc: 0.2290
2025-12-19 04:49:24,406 - INFO - --- Época 60/250 ---
2025-12-19 04:50:00,187 - INFO - Train Loss: 2.1353 Acc: 0.2162
2025-12-19 04:50:02,188 - INFO -   [LR] Tasa de aprendizaje actual: 0.001000
2025-12-19 04:50:02,189 - INFO -   [Sin mejora Loss] Paciencia: 8/20
2025-12-19 04:50:02,190 - INFO - Val Loss: 2.0910 Acc: 0.2390
2025-12-19 04:50:02,191 - INFO - --- Época 61/250 ---
2025-12-19 04:50:37,964 - INFO - Train Loss: 2.1127 Acc: 0.2308
2025-12-19 04:50:39,945 - INFO -   [LR] Tasa de aprendizaje actual: 0.001000
2025-12-19 04:50:39,946 - INFO -   [Sin mejora Loss] Paciencia: 9/20
2025-12-19 04:50:39,947 - INFO - Val Loss: 2.0987 Acc: 0.2130
2025-12-19 04:50:39,948 - INFO - --- Época 62/250 ---
2025-12-19 04:51:15,706 - INFO - Train Loss: 2.1189 Acc: 0.2320
2025-12-19 04:51:17,713 - INFO -   [LR] Tasa de aprendizaje actual: 0.001000
2025-12-19 04:51:17,713 - INFO -   [Sin mejora Loss] Paciencia: 10/20
2025-12-19 04:51:17,715 - INFO - Val Loss: 2.0667 Acc: 0.2410
2025-12-19 04:51:17,716 - INFO - --- Época 63/250 ---
2025-12-19 04:51:53,257 - INFO - Train Loss: 2.1096 Acc: 0.2358
2025-12-19 04:51:55,286 - INFO -   [LR] Tasa de aprendizaje actual: 0.001000
2025-12-19 04:51:55,286 - INFO -   [Mejora Loss] 2.0615 -> 2.0492. Reseteando paciencia.
2025-12-19 04:51:55,287 - INFO - Val Loss: 2.0492 Acc: 0.2470
2025-12-19 04:51:55,289 - INFO - --- Época 64/250 ---
2025-12-19 04:52:30,837 - INFO - Train Loss: 2.1313 Acc: 0.2157
2025-12-19 04:52:32,830 - INFO -   [LR] Tasa de aprendizaje actual: 0.001000
2025-12-19 04:52:32,830 - INFO -   [Sin mejora Loss] Paciencia: 1/20
2025-12-19 04:52:32,832 - INFO - Val Loss: 2.0973 Acc: 0.2220
2025-12-19 04:52:32,833 - INFO - --- Época 65/250 ---
2025-12-19 04:53:08,358 - INFO - Train Loss: 2.1247 Acc: 0.2235
2025-12-19 04:53:10,359 - INFO -   [LR] Tasa de aprendizaje actual: 0.001000
2025-12-19 04:53:10,360 - INFO -   [Sin mejora Loss] Paciencia: 2/20
2025-12-19 04:53:10,361 - INFO - Val Loss: 2.1064 Acc: 0.2210
2025-12-19 04:53:10,362 - INFO - --- Época 66/250 ---
2025-12-19 04:53:45,881 - INFO - Train Loss: 2.1194 Acc: 0.2230
2025-12-19 04:53:47,877 - INFO -   [LR] Tasa de aprendizaje actual: 0.001000
2025-12-19 04:53:47,878 - INFO -   [Sin mejora Loss] Paciencia: 3/20
2025-12-19 04:53:47,878 - INFO - Val Loss: 2.1141 Acc: 0.1910
2025-12-19 04:53:47,880 - INFO - --- Época 67/250 ---
2025-12-19 04:54:23,532 - INFO - Train Loss: 2.1111 Acc: 0.2353
2025-12-19 04:54:25,537 - INFO -   [LR] Tasa de aprendizaje actual: 0.001000
2025-12-19 04:54:25,538 - INFO -   [Sin mejora Loss] Paciencia: 4/20
2025-12-19 04:54:25,539 - INFO - Val Loss: 2.0885 Acc: 0.2390
2025-12-19 04:54:25,540 - INFO - --- Época 68/250 ---
2025-12-19 04:55:01,681 - INFO - Train Loss: 2.1215 Acc: 0.2328
2025-12-19 04:55:03,732 - INFO -   [LR] Tasa de aprendizaje actual: 0.001000
2025-12-19 04:55:03,733 - INFO -   [Sin mejora Loss] Paciencia: 5/20
2025-12-19 04:55:03,734 - INFO - Val Loss: 2.0823 Acc: 0.2340
2025-12-19 04:55:03,736 - INFO - --- Época 69/250 ---
2025-12-19 04:55:39,452 - INFO - Train Loss: 2.1103 Acc: 0.2368
2025-12-19 04:55:41,469 - INFO -   [LR] Tasa de aprendizaje actual: 0.001000
2025-12-19 04:55:41,470 - INFO -   [Sin mejora Loss] Paciencia: 6/20
2025-12-19 04:55:41,471 - INFO - Val Loss: 2.1105 Acc: 0.2250
2025-12-19 04:55:41,472 - INFO - --- Época 70/250 ---
2025-12-19 04:56:17,526 - INFO - Train Loss: 2.1208 Acc: 0.2283
2025-12-19 04:56:19,545 - INFO -   [LR] Tasa de aprendizaje actual: 0.001000
2025-12-19 04:56:19,546 - INFO -   [Sin mejora Loss] Paciencia: 7/20
2025-12-19 04:56:19,547 - INFO - Val Loss: 2.0881 Acc: 0.2390
2025-12-19 04:56:19,548 - INFO - --- Época 71/250 ---
2025-12-19 04:56:55,046 - INFO - Train Loss: 2.0999 Acc: 0.2350
2025-12-19 04:56:57,010 - INFO -   [LR] Tasa de aprendizaje actual: 0.001000
2025-12-19 04:56:57,011 - INFO -   [Mejora Loss] 2.0492 -> 2.0266. Reseteando paciencia.
2025-12-19 04:56:57,012 - INFO - Val Loss: 2.0266 Acc: 0.2580
2025-12-19 04:56:57,013 - INFO - --- Época 72/250 ---
2025-12-19 04:57:32,438 - INFO - Train Loss: 2.1149 Acc: 0.2265
2025-12-19 04:57:34,452 - INFO -   [LR] Tasa de aprendizaje actual: 0.001000
2025-12-19 04:57:34,453 - INFO -   [Sin mejora Loss] Paciencia: 1/20
2025-12-19 04:57:34,454 - INFO - Val Loss: 2.0725 Acc: 0.2220
2025-12-19 04:57:34,454 - INFO - --- Época 73/250 ---
2025-12-19 04:58:10,027 - INFO - Train Loss: 2.1165 Acc: 0.2245
2025-12-19 04:58:12,021 - INFO -   [LR] Tasa de aprendizaje actual: 0.001000
2025-12-19 04:58:12,022 - INFO -   [Sin mejora Loss] Paciencia: 2/20
2025-12-19 04:58:12,023 - INFO - Val Loss: 2.1282 Acc: 0.2130
2025-12-19 04:58:12,024 - INFO - --- Época 74/250 ---
2025-12-19 04:58:47,924 - INFO - Train Loss: 2.1164 Acc: 0.2275
2025-12-19 04:58:49,910 - INFO -   [LR] Tasa de aprendizaje actual: 0.001000
2025-12-19 04:58:49,911 - INFO -   [Sin mejora Loss] Paciencia: 3/20
2025-12-19 04:58:49,912 - INFO - Val Loss: 2.0890 Acc: 0.2330
2025-12-19 04:58:49,913 - INFO - --- Época 75/250 ---
2025-12-19 04:59:25,507 - INFO - Train Loss: 2.1091 Acc: 0.2328
2025-12-19 04:59:27,496 - INFO -   [LR] Tasa de aprendizaje actual: 0.001000
2025-12-19 04:59:27,497 - INFO -   [Sin mejora Loss] Paciencia: 4/20
2025-12-19 04:59:27,498 - INFO - Val Loss: 2.1072 Acc: 0.2190
2025-12-19 04:59:27,499 - INFO - --- Época 76/250 ---
2025-12-19 05:00:02,935 - INFO - Train Loss: 2.1048 Acc: 0.2378
2025-12-19 05:00:04,944 - INFO -   [LR] Tasa de aprendizaje actual: 0.001000
2025-12-19 05:00:04,945 - INFO -   [Sin mejora Loss] Paciencia: 5/20
2025-12-19 05:00:04,946 - INFO - Val Loss: 2.0545 Acc: 0.2370
2025-12-19 05:00:04,947 - INFO - --- Época 77/250 ---
2025-12-19 05:00:40,741 - INFO - Train Loss: 2.0982 Acc: 0.2383
2025-12-19 05:00:42,725 - INFO -   [LR] Tasa de aprendizaje actual: 0.001000
2025-12-19 05:00:42,726 - INFO -   [Sin mejora Loss] Paciencia: 6/20
2025-12-19 05:00:42,727 - INFO - Val Loss: 2.0812 Acc: 0.2400
2025-12-19 05:00:42,728 - INFO - --- Época 78/250 ---
2025-12-19 05:01:18,162 - INFO - Train Loss: 2.1226 Acc: 0.2288
2025-12-19 05:01:20,152 - INFO -   [LR] Tasa de aprendizaje actual: 0.001000
2025-12-19 05:01:20,153 - INFO -   [Sin mejora Loss] Paciencia: 7/20
2025-12-19 05:01:20,154 - INFO - Val Loss: 2.0366 Acc: 0.2750
2025-12-19 05:01:20,612 - INFO -   [Nuevo Récord Acc] Guardado en: models/sbtaylor_kan_tiny_imagenet\run_20251219_041128\best_model.pth
2025-12-19 05:01:20,613 - INFO - --- Época 79/250 ---
2025-12-19 05:01:56,402 - INFO - Train Loss: 2.1030 Acc: 0.2380
2025-12-19 05:01:58,364 - INFO -   [LR] Tasa de aprendizaje actual: 0.001000
2025-12-19 05:01:58,364 - INFO -   [Sin mejora Loss] Paciencia: 8/20
2025-12-19 05:01:58,366 - INFO - Val Loss: 2.0579 Acc: 0.2340
2025-12-19 05:01:58,366 - INFO - --- Época 80/250 ---
2025-12-19 05:02:33,905 - INFO - Train Loss: 2.1016 Acc: 0.2452
2025-12-19 05:02:35,917 - INFO -   [LR] Tasa de aprendizaje actual: 0.001000
2025-12-19 05:02:35,917 - INFO -   [Sin mejora Loss] Paciencia: 9/20
2025-12-19 05:02:35,918 - INFO - Val Loss: 2.0483 Acc: 0.2410
2025-12-19 05:02:35,920 - INFO - --- Época 81/250 ---
2025-12-19 05:03:11,282 - INFO - Train Loss: 2.1040 Acc: 0.2368
2025-12-19 05:03:13,271 - INFO -   [LR] Tasa de aprendizaje actual: 0.001000
2025-12-19 05:03:13,272 - INFO -   [Sin mejora Loss] Paciencia: 10/20
2025-12-19 05:03:13,273 - INFO - Val Loss: 2.0685 Acc: 0.2400
2025-12-19 05:03:13,274 - INFO - --- Época 82/250 ---
2025-12-19 05:03:48,881 - INFO - Train Loss: 2.0959 Acc: 0.2400
2025-12-19 05:03:50,843 - INFO -   [LR] Tasa de aprendizaje actual: 0.001000
2025-12-19 05:03:50,843 - INFO -   [Sin mejora Loss] Paciencia: 11/20
2025-12-19 05:03:50,844 - INFO - Val Loss: 2.0350 Acc: 0.2400
2025-12-19 05:03:50,845 - INFO - --- Época 83/250 ---
2025-12-19 05:04:26,209 - INFO - Train Loss: 2.0921 Acc: 0.2335
2025-12-19 05:04:28,200 - INFO -   [LR] Tasa de aprendizaje actual: 0.001000
2025-12-19 05:04:28,201 - INFO -   [Sin mejora Loss] Paciencia: 12/20
2025-12-19 05:04:28,202 - INFO - Val Loss: 2.1052 Acc: 0.1920
2025-12-19 05:04:28,203 - INFO - --- Época 84/250 ---
2025-12-19 05:05:03,651 - INFO - Train Loss: 2.0872 Acc: 0.2358
2025-12-19 05:05:05,646 - INFO -   [LR] Tasa de aprendizaje actual: 0.001000
2025-12-19 05:05:05,647 - INFO -   [Sin mejora Loss] Paciencia: 13/20
2025-12-19 05:05:05,648 - INFO - Val Loss: 2.0618 Acc: 0.2290
2025-12-19 05:05:05,649 - INFO - --- Época 85/250 ---
2025-12-19 05:05:41,003 - INFO - Train Loss: 2.0963 Acc: 0.2318
2025-12-19 05:05:42,992 - INFO -   [LR] Tasa de aprendizaje actual: 0.001000
2025-12-19 05:05:42,993 - INFO -   [Sin mejora Loss] Paciencia: 14/20
2025-12-19 05:05:42,994 - INFO - Val Loss: 2.0354 Acc: 0.2200
2025-12-19 05:05:42,995 - INFO - --- Época 86/250 ---
2025-12-19 05:06:18,505 - INFO - Train Loss: 2.1002 Acc: 0.2380
2025-12-19 05:06:20,523 - INFO -   [LR] Tasa de aprendizaje actual: 0.001000
2025-12-19 05:06:20,524 - INFO -   [Sin mejora Loss] Paciencia: 15/20
2025-12-19 05:06:20,525 - INFO - Val Loss: 2.0765 Acc: 0.2150
2025-12-19 05:06:20,526 - INFO - --- Época 87/250 ---
2025-12-19 05:06:56,012 - INFO - Train Loss: 2.0764 Acc: 0.2427
2025-12-19 05:06:58,010 - INFO -   [LR] Tasa de aprendizaje actual: 0.001000
2025-12-19 05:06:58,011 - INFO -   [Sin mejora Loss] Paciencia: 16/20
2025-12-19 05:06:58,012 - INFO - Val Loss: 2.0792 Acc: 0.2140
2025-12-19 05:06:58,013 - INFO - --- Época 88/250 ---
2025-12-19 05:07:33,631 - INFO - Train Loss: 2.0951 Acc: 0.2462
2025-12-19 05:07:35,640 - INFO -   [LR] Tasa de aprendizaje actual: 0.001000
2025-12-19 05:07:35,641 - INFO -   [Mejora Loss] 2.0266 -> 2.0134. Reseteando paciencia.
2025-12-19 05:07:35,642 - INFO - Val Loss: 2.0134 Acc: 0.2520
2025-12-19 05:07:35,643 - INFO - --- Época 89/250 ---
2025-12-19 05:08:11,280 - INFO - Train Loss: 2.0907 Acc: 0.2378
2025-12-19 05:08:13,279 - INFO -   [LR] Tasa de aprendizaje actual: 0.001000
2025-12-19 05:08:13,280 - INFO -   [Sin mejora Loss] Paciencia: 1/20
2025-12-19 05:08:13,281 - INFO - Val Loss: 2.0382 Acc: 0.2350
2025-12-19 05:08:13,282 - INFO - --- Época 90/250 ---
2025-12-19 05:08:49,284 - INFO - Train Loss: 2.0882 Acc: 0.2410
2025-12-19 05:08:51,296 - INFO -   [LR] Tasa de aprendizaje actual: 0.001000
2025-12-19 05:08:51,297 - INFO -   [Sin mejora Loss] Paciencia: 2/20
2025-12-19 05:08:51,298 - INFO - Val Loss: 2.0592 Acc: 0.2290
2025-12-19 05:08:51,299 - INFO - --- Época 91/250 ---
2025-12-19 05:09:26,815 - INFO - Train Loss: 2.0823 Acc: 0.2400
2025-12-19 05:09:28,834 - INFO -   [LR] Tasa de aprendizaje actual: 0.001000
2025-12-19 05:09:28,835 - INFO -   [Sin mejora Loss] Paciencia: 3/20
2025-12-19 05:09:28,836 - INFO - Val Loss: 2.0212 Acc: 0.2520
2025-12-19 05:09:28,837 - INFO - --- Época 92/250 ---
2025-12-19 05:10:04,691 - INFO - Train Loss: 2.0912 Acc: 0.2445
2025-12-19 05:10:06,702 - INFO -   [LR] Tasa de aprendizaje actual: 0.001000
2025-12-19 05:10:06,703 - INFO -   [Sin mejora Loss] Paciencia: 4/20
2025-12-19 05:10:06,704 - INFO - Val Loss: 2.0395 Acc: 0.2430
2025-12-19 05:10:06,705 - INFO - --- Época 93/250 ---
2025-12-19 05:10:42,247 - INFO - Train Loss: 2.0828 Acc: 0.2482
2025-12-19 05:10:44,245 - INFO -   [LR] Tasa de aprendizaje actual: 0.001000
2025-12-19 05:10:44,246 - INFO -   [Mejora Loss] 2.0134 -> 1.9975. Reseteando paciencia.
2025-12-19 05:10:44,247 - INFO - Val Loss: 1.9975 Acc: 0.2560
2025-12-19 05:10:44,248 - INFO - --- Época 94/250 ---
2025-12-19 05:11:19,986 - INFO - Train Loss: 2.0740 Acc: 0.2510
2025-12-19 05:11:21,986 - INFO -   [LR] Tasa de aprendizaje actual: 0.001000
2025-12-19 05:11:21,987 - INFO -   [Sin mejora Loss] Paciencia: 1/20
2025-12-19 05:11:21,988 - INFO - Val Loss: 2.0361 Acc: 0.2400
2025-12-19 05:11:21,989 - INFO - --- Época 95/250 ---
2025-12-19 05:11:57,783 - INFO - Train Loss: 2.0729 Acc: 0.2587
2025-12-19 05:11:59,833 - INFO -   [LR] Tasa de aprendizaje actual: 0.001000
2025-12-19 05:11:59,833 - INFO -   [Sin mejora Loss] Paciencia: 2/20
2025-12-19 05:11:59,835 - INFO - Val Loss: 2.0697 Acc: 0.2380
2025-12-19 05:11:59,836 - INFO - --- Época 96/250 ---
2025-12-19 05:12:35,733 - INFO - Train Loss: 2.0939 Acc: 0.2437
2025-12-19 05:12:37,712 - INFO -   [LR] Tasa de aprendizaje actual: 0.001000
2025-12-19 05:12:37,714 - INFO -   [Sin mejora Loss] Paciencia: 3/20
2025-12-19 05:12:37,715 - INFO - Val Loss: 2.0643 Acc: 0.2250
2025-12-19 05:12:37,716 - INFO - --- Época 97/250 ---
2025-12-19 05:13:13,506 - INFO - Train Loss: 2.0785 Acc: 0.2482
2025-12-19 05:13:15,539 - INFO -   [LR] Tasa de aprendizaje actual: 0.001000
2025-12-19 05:13:15,540 - INFO -   [Sin mejora Loss] Paciencia: 4/20
2025-12-19 05:13:15,542 - INFO - Val Loss: 2.0288 Acc: 0.2400
2025-12-19 05:13:15,543 - INFO - --- Época 98/250 ---
2025-12-19 05:13:52,599 - INFO - Train Loss: 2.0900 Acc: 0.2520
2025-12-19 05:13:54,697 - INFO -   [LR] Tasa de aprendizaje actual: 0.001000
2025-12-19 05:13:54,699 - INFO -   [Sin mejora Loss] Paciencia: 5/20
2025-12-19 05:13:54,700 - INFO - Val Loss: 2.0524 Acc: 0.2310
2025-12-19 05:13:54,701 - INFO - --- Época 99/250 ---
2025-12-19 05:14:30,640 - INFO - Train Loss: 2.0795 Acc: 0.2525
2025-12-19 05:14:32,611 - INFO -   [LR] Tasa de aprendizaje actual: 0.001000
2025-12-19 05:14:32,612 - INFO -   [Sin mejora Loss] Paciencia: 6/20
2025-12-19 05:14:32,613 - INFO - Val Loss: 2.0069 Acc: 0.2720
2025-12-19 05:14:32,614 - INFO - --- Época 100/250 ---
2025-12-19 05:15:08,290 - INFO - Train Loss: 2.0850 Acc: 0.2515
2025-12-19 05:15:10,328 - INFO -   [LR] Tasa de aprendizaje actual: 0.001000
2025-12-19 05:15:10,329 - INFO -   [Mejora Loss] 1.9975 -> 1.9807. Reseteando paciencia.
2025-12-19 05:15:10,330 - INFO - Val Loss: 1.9807 Acc: 0.2840
2025-12-19 05:15:10,811 - INFO -   [Nuevo Récord Acc] Guardado en: models/sbtaylor_kan_tiny_imagenet\run_20251219_041128\best_model.pth
2025-12-19 05:15:10,812 - INFO - --- Época 101/250 ---
2025-12-19 05:15:46,768 - INFO - Train Loss: 2.0877 Acc: 0.2472
2025-12-19 05:15:48,785 - INFO -   [LR] Tasa de aprendizaje actual: 0.001000
2025-12-19 05:15:48,786 - INFO -   [Sin mejora Loss] Paciencia: 1/20
2025-12-19 05:15:48,787 - INFO - Val Loss: 2.0361 Acc: 0.2610
2025-12-19 05:15:48,788 - INFO - --- Época 102/250 ---
2025-12-19 05:16:24,398 - INFO - Train Loss: 2.0728 Acc: 0.2518
2025-12-19 05:16:26,332 - INFO -   [LR] Tasa de aprendizaje actual: 0.001000
2025-12-19 05:16:26,333 - INFO -   [Sin mejora Loss] Paciencia: 2/20
2025-12-19 05:16:26,334 - INFO - Val Loss: 1.9997 Acc: 0.2580
2025-12-19 05:16:26,335 - INFO - --- Época 103/250 ---
2025-12-19 05:17:02,111 - INFO - Train Loss: 2.0829 Acc: 0.2510
2025-12-19 05:17:04,123 - INFO -   [LR] Tasa de aprendizaje actual: 0.001000
2025-12-19 05:17:04,124 - INFO -   [Sin mejora Loss] Paciencia: 3/20
2025-12-19 05:17:04,125 - INFO - Val Loss: 2.0391 Acc: 0.2610
2025-12-19 05:17:04,126 - INFO - --- Época 104/250 ---
2025-12-19 05:17:40,297 - INFO - Train Loss: 2.0822 Acc: 0.2477
2025-12-19 05:17:42,294 - INFO -   [LR] Tasa de aprendizaje actual: 0.001000
2025-12-19 05:17:42,294 - INFO -   [Sin mejora Loss] Paciencia: 4/20
2025-12-19 05:17:42,296 - INFO - Val Loss: 2.0809 Acc: 0.2210
2025-12-19 05:17:42,297 - INFO - --- Época 105/250 ---
2025-12-19 05:18:18,568 - INFO - Train Loss: 2.0755 Acc: 0.2548
2025-12-19 05:18:20,561 - INFO -   [LR] Tasa de aprendizaje actual: 0.001000
2025-12-19 05:18:20,562 - INFO -   [Sin mejora Loss] Paciencia: 5/20
2025-12-19 05:18:20,563 - INFO - Val Loss: 2.0322 Acc: 0.2420
2025-12-19 05:18:20,563 - INFO - --- Época 106/250 ---
2025-12-19 05:18:55,999 - INFO - Train Loss: 2.0720 Acc: 0.2445
2025-12-19 05:18:58,000 - INFO -   [LR] Tasa de aprendizaje actual: 0.001000
2025-12-19 05:18:58,001 - INFO -   [Sin mejora Loss] Paciencia: 6/20
2025-12-19 05:18:58,002 - INFO - Val Loss: 2.0344 Acc: 0.2540
2025-12-19 05:18:58,003 - INFO - --- Época 107/250 ---
2025-12-19 05:19:33,561 - INFO - Train Loss: 2.0656 Acc: 0.2657
2025-12-19 05:19:35,545 - INFO -   [LR] Tasa de aprendizaje actual: 0.001000
2025-12-19 05:19:35,546 - INFO -   [Sin mejora Loss] Paciencia: 7/20
2025-12-19 05:19:35,547 - INFO - Val Loss: 2.0570 Acc: 0.2500
2025-12-19 05:19:35,548 - INFO - --- Época 108/250 ---
2025-12-19 05:20:11,231 - INFO - Train Loss: 2.0902 Acc: 0.2445
2025-12-19 05:20:13,221 - INFO -   [LR] Tasa de aprendizaje actual: 0.001000
2025-12-19 05:20:13,222 - INFO -   [Sin mejora Loss] Paciencia: 8/20
2025-12-19 05:20:13,223 - INFO - Val Loss: 2.0615 Acc: 0.2240
2025-12-19 05:20:13,225 - INFO - --- Época 109/250 ---
2025-12-19 05:20:48,808 - INFO - Train Loss: 2.0706 Acc: 0.2523
2025-12-19 05:20:50,816 - INFO -   [LR] Tasa de aprendizaje actual: 0.001000
2025-12-19 05:20:50,817 - INFO -   [Sin mejora Loss] Paciencia: 9/20
2025-12-19 05:20:50,818 - INFO - Val Loss: 2.0518 Acc: 0.2330
2025-12-19 05:20:50,820 - INFO - --- Época 110/250 ---
2025-12-19 05:21:26,501 - INFO - Train Loss: 2.0594 Acc: 0.2515
2025-12-19 05:21:28,277 - INFO -   [LR] Tasa de aprendizaje actual: 0.001000
2025-12-19 05:21:28,278 - INFO -   [Sin mejora Loss] Paciencia: 10/20
2025-12-19 05:21:28,279 - INFO - Val Loss: 2.0100 Acc: 0.2620
2025-12-19 05:21:28,280 - INFO - --- Época 111/250 ---
2025-12-19 05:22:03,361 - INFO - Train Loss: 2.0562 Acc: 0.2550
2025-12-19 05:22:05,348 - INFO -   [LR] Tasa de aprendizaje actual: 0.001000
2025-12-19 05:22:05,349 - INFO -   [Sin mejora Loss] Paciencia: 11/20
2025-12-19 05:22:05,350 - INFO - Val Loss: 2.0454 Acc: 0.2450
2025-12-19 05:22:05,351 - INFO - --- Época 112/250 ---
2025-12-19 05:22:40,605 - INFO - Train Loss: 2.0741 Acc: 0.2540
2025-12-19 05:22:42,413 - INFO -   [LR] Tasa de aprendizaje actual: 0.001000
2025-12-19 05:22:42,414 - INFO -   [Sin mejora Loss] Paciencia: 12/20
2025-12-19 05:22:42,415 - INFO - Val Loss: 2.0286 Acc: 0.2580
2025-12-19 05:22:42,416 - INFO - --- Época 113/250 ---
2025-12-19 05:23:17,840 - INFO - Train Loss: 2.0715 Acc: 0.2533
2025-12-19 05:23:19,829 - INFO -   [LR] Tasa de aprendizaje actual: 0.001000
2025-12-19 05:23:19,830 - INFO -   [Sin mejora Loss] Paciencia: 13/20
2025-12-19 05:23:19,831 - INFO - Val Loss: 2.0319 Acc: 0.2440
2025-12-19 05:23:19,832 - INFO - --- Época 114/250 ---
2025-12-19 05:23:55,230 - INFO - Train Loss: 2.0720 Acc: 0.2475
2025-12-19 05:23:57,229 - INFO -   [LR] Tasa de aprendizaje actual: 0.001000
2025-12-19 05:23:57,230 - INFO -   [Sin mejora Loss] Paciencia: 14/20
2025-12-19 05:23:57,231 - INFO - Val Loss: 2.0398 Acc: 0.2370
2025-12-19 05:23:57,232 - INFO - --- Época 115/250 ---
2025-12-19 05:24:32,420 - INFO - Train Loss: 2.0648 Acc: 0.2575
2025-12-19 05:24:34,402 - INFO -   [LR] Tasa de aprendizaje actual: 0.001000
2025-12-19 05:24:34,403 - INFO -   [Sin mejora Loss] Paciencia: 15/20
2025-12-19 05:24:34,404 - INFO - Val Loss: 2.0767 Acc: 0.2130
2025-12-19 05:24:34,405 - INFO - --- Época 116/250 ---
2025-12-19 05:25:09,030 - INFO - Train Loss: 2.0699 Acc: 0.2490
2025-12-19 05:25:11,030 - INFO -   [LR] Tasa de aprendizaje actual: 0.001000
2025-12-19 05:25:11,031 - INFO -   [Sin mejora Loss] Paciencia: 16/20
2025-12-19 05:25:11,032 - INFO - Val Loss: 2.0529 Acc: 0.2420
2025-12-19 05:25:11,033 - INFO - --- Época 117/250 ---
2025-12-19 05:25:46,330 - INFO - Train Loss: 2.0518 Acc: 0.2615
2025-12-19 05:25:48,324 - INFO -   [LR] Tasa de aprendizaje actual: 0.001000
2025-12-19 05:25:48,324 - INFO -   [Sin mejora Loss] Paciencia: 17/20
2025-12-19 05:25:48,325 - INFO - Val Loss: 2.0714 Acc: 0.2180
2025-12-19 05:25:48,326 - INFO - --- Época 118/250 ---
2025-12-19 05:26:24,587 - INFO - Train Loss: 2.0691 Acc: 0.2660
2025-12-19 05:26:26,569 - INFO -   [LR] Tasa de aprendizaje actual: 0.001000
2025-12-19 05:26:26,570 - INFO -   [Sin mejora Loss] Paciencia: 18/20
2025-12-19 05:26:26,571 - INFO - Val Loss: 2.0336 Acc: 0.2450
2025-12-19 05:26:26,572 - INFO - --- Época 119/250 ---
2025-12-19 05:27:02,135 - INFO - Train Loss: 2.0751 Acc: 0.2492
2025-12-19 05:27:03,971 - INFO -   [LR] Tasa de aprendizaje actual: 0.001000
2025-12-19 05:27:03,971 - INFO -   [Sin mejora Loss] Paciencia: 19/20
2025-12-19 05:27:03,972 - INFO - Val Loss: 2.0705 Acc: 0.2370
2025-12-19 05:27:03,973 - INFO - --- Época 120/250 ---
2025-12-19 05:27:39,289 - INFO - Train Loss: 2.0550 Acc: 0.2657
2025-12-19 05:27:41,293 - INFO -   [LR] Tasa de aprendizaje actual: 0.001000
2025-12-19 05:27:41,294 - INFO -   [Sin mejora Loss] Paciencia: 20/20
2025-12-19 05:27:41,295 - INFO - ¡EARLY STOPPING ACTIVADO!
2025-12-19 05:27:41,296 - INFO - Val Loss: 2.0185 Acc: 0.2620
2025-12-19 05:27:41,297 - INFO - Entrenamiento finalizado en 75m 35s
2025-12-19 05:27:41,298 - INFO - Mejor Val Acc lograda: 0.2840
2025-12-19 05:27:46,614 - INFO - Cargando el mejor modelo para la evaluación...
2025-12-19 05:27:47,868 - INFO - 
========================================
2025-12-19 05:27:47,870 - INFO - --- INICIANDO EVALUACIÓN EN TEST SET ---
2025-12-19 05:27:47,872 - INFO - ========================================
2025-12-19 05:27:49,715 - INFO - Calculando métricas estadísticas...
2025-12-19 05:27:49,723 - INFO - Generando matriz de confusión...
2025-12-19 05:27:50,157 - INFO - Gráfico guardado en: models/sbtaylor_kan_tiny_imagenet\run_20251219_041128\confusion_matrix.png
2025-12-19 05:27:50,159 - INFO - Escribiendo reporte final...
2025-12-19 05:27:50,174 - INFO - Reporte de texto guardado en: models/sbtaylor_kan_tiny_imagenet\run_20251219_041128\test_metrics_report.txt
2025-12-19 05:27:50,177 - INFO - --- EVALUACIÓN FINALIZADA ---
