2025-11-09 23:15:38,607 - INFO - Modelo RESNET18_KAN.Net importado correctamente.
2025-11-09 23:15:38,608 - INFO - Los pesos del modelo se guardarán en: 'models/resnet18_kan_cotton\run_20251109_231538\resnet18_kan.best_weights.pth'
2025-11-09 23:15:38,609 - INFO - El registro de entrenamiento se guardará en: 'models/resnet18_kan_cotton\run_20251109_231538\training_run.log'
2025-11-09 23:15:38,640 - INFO - Versión de PyTorch: 2.9.0+cu126
2025-11-09 23:15:38,661 - INFO - ¿CUDA está disponible?: True
2025-11-09 23:15:38,662 - INFO - Versión de CUDA con la que PyTorch fue compilado: 12.6
2025-11-09 23:15:38,664 - INFO - Número de GPUs disponibles: 1
2025-11-09 23:15:38,669 - INFO - Nombre de la GPU actual: NVIDIA GeForce RTX 4090
2025-11-09 23:15:38,704 - INFO - --- Hyperparámetros de Entrenamiento ---
2025-11-09 23:15:38,706 - INFO - Batch Size: 32
2025-11-09 23:15:38,707 - INFO - Num Epochs: 300
2025-11-09 23:15:38,709 - INFO - Learning Rate: 0.0001
2025-11-09 23:15:38,710 - INFO - Num Classes: 4
2025-11-09 23:15:38,711 - INFO - Num Workers: 4
2025-11-09 23:15:38,731 - INFO - 
Cargando dataset de ./data...
2025-11-09 23:15:38,768 - INFO - Dataset cargado exitosamente.
2025-11-09 23:15:38,769 - INFO -   - 5212 imágenes de entrenamiento.
2025-11-09 23:15:38,770 - INFO -   - 240 imágenes de validación.
2025-11-09 23:15:38,787 - INFO - 
Usando dispositivo: cuda
2025-11-09 23:15:39,139 - INFO - Aplicando pesos de clase a la función de pérdida CrossEntropyLoss.
2025-11-09 23:15:39,197 - INFO - 
--- INICIANDO ENTRENAMIENTO ---
2025-11-09 23:15:39,198 - INFO - 
--- Época 1/300 ---
2025-11-09 23:16:29,686 - INFO - Entrenamiento | Pérdida: 1.3440, Accuracy: 0.4096, Tiempo: 50.49s
2025-11-09 23:16:36,912 - INFO - Validación    | Pérdida: 1.2552, Accuracy: 0.5375
2025-11-09 23:16:36,914 - INFO - Tasa de aprendizaje reducida de 0.0001 a 9.99956803603393e-05
2025-11-09 23:16:36,988 - INFO - [+] Mejora en val_loss. Guardando el mejor modelo en 'models/resnet18_kan_cotton\run_20251109_231538\resnet18_kan.best_weights.pth'
2025-11-09 23:16:36,990 - INFO - 
--- Época 2/300 ---
2025-11-09 23:17:27,736 - INFO - Entrenamiento | Pérdida: 1.0318, Accuracy: 0.5401, Tiempo: 50.74s
2025-11-09 23:17:34,997 - INFO - Validación    | Pérdida: 0.9266, Accuracy: 0.5708
2025-11-09 23:17:35,070 - INFO - [+] Mejora en val_loss. Guardando el mejor modelo en 'models/resnet18_kan_cotton\run_20251109_231538\resnet18_kan.best_weights.pth'
2025-11-09 23:17:35,071 - INFO - 
--- Época 3/300 ---
2025-11-09 23:18:25,992 - INFO - Entrenamiento | Pérdida: 0.8443, Accuracy: 0.6165, Tiempo: 50.92s
2025-11-09 23:18:33,292 - INFO - Validación    | Pérdida: 0.8363, Accuracy: 0.6042
2025-11-09 23:18:33,359 - INFO - [+] Mejora en val_loss. Guardando el mejor modelo en 'models/resnet18_kan_cotton\run_20251109_231538\resnet18_kan.best_weights.pth'
2025-11-09 23:18:33,359 - INFO - 
--- Época 4/300 ---
2025-11-09 23:19:24,292 - INFO - Entrenamiento | Pérdida: 0.7572, Accuracy: 0.6710, Tiempo: 50.93s
2025-11-09 23:19:31,621 - INFO - Validación    | Pérdida: 0.7863, Accuracy: 0.6208
2025-11-09 23:19:31,710 - INFO - [+] Mejora en val_loss. Guardando el mejor modelo en 'models/resnet18_kan_cotton\run_20251109_231538\resnet18_kan.best_weights.pth'
2025-11-09 23:19:31,710 - INFO - 
--- Época 5/300 ---
2025-11-09 23:20:22,495 - INFO - Entrenamiento | Pérdida: 0.6967, Accuracy: 0.6947, Tiempo: 50.78s
2025-11-09 23:20:29,987 - INFO - Validación    | Pérdida: 0.7587, Accuracy: 0.6292
2025-11-09 23:20:30,094 - INFO - [+] Mejora en val_loss. Guardando el mejor modelo en 'models/resnet18_kan_cotton\run_20251109_231538\resnet18_kan.best_weights.pth'
2025-11-09 23:20:30,111 - INFO - 
--- Época 6/300 ---
2025-11-09 23:21:20,462 - INFO - Entrenamiento | Pérdida: 0.6601, Accuracy: 0.7160, Tiempo: 50.35s
2025-11-09 23:21:27,829 - INFO - Validación    | Pérdida: 0.7514, Accuracy: 0.6625
2025-11-09 23:21:27,939 - INFO - [+] Mejora en val_loss. Guardando el mejor modelo en 'models/resnet18_kan_cotton\run_20251109_231538\resnet18_kan.best_weights.pth'
2025-11-09 23:21:27,946 - INFO - 
--- Época 7/300 ---
2025-11-09 23:22:18,864 - INFO - Entrenamiento | Pérdida: 0.6399, Accuracy: 0.7276, Tiempo: 50.92s
2025-11-09 23:22:26,364 - INFO - Validación    | Pérdida: 0.7297, Accuracy: 0.6458
2025-11-09 23:22:26,445 - INFO - [+] Mejora en val_loss. Guardando el mejor modelo en 'models/resnet18_kan_cotton\run_20251109_231538\resnet18_kan.best_weights.pth'
2025-11-09 23:22:26,447 - INFO - 
--- Época 8/300 ---
2025-11-09 23:23:17,682 - INFO - Entrenamiento | Pérdida: 0.6202, Accuracy: 0.7441, Tiempo: 51.23s
2025-11-09 23:23:25,198 - INFO - Validación    | Pérdida: 0.7188, Accuracy: 0.6625
2025-11-09 23:23:25,265 - INFO - [+] Mejora en val_loss. Guardando el mejor modelo en 'models/resnet18_kan_cotton\run_20251109_231538\resnet18_kan.best_weights.pth'
2025-11-09 23:23:25,265 - INFO - 
--- Época 9/300 ---
2025-11-09 23:24:15,382 - INFO - Entrenamiento | Pérdida: 0.5994, Accuracy: 0.7465, Tiempo: 50.12s
2025-11-09 23:24:23,064 - INFO - Validación    | Pérdida: 0.7170, Accuracy: 0.6708
2025-11-09 23:24:23,133 - INFO - [+] Mejora en val_loss. Guardando el mejor modelo en 'models/resnet18_kan_cotton\run_20251109_231538\resnet18_kan.best_weights.pth'
2025-11-09 23:24:23,133 - INFO - 
--- Época 10/300 ---
2025-11-09 23:25:13,580 - INFO - Entrenamiento | Pérdida: 0.5886, Accuracy: 0.7525, Tiempo: 50.45s
2025-11-09 23:25:21,092 - INFO - Validación    | Pérdida: 0.6959, Accuracy: 0.6750
2025-11-09 23:25:21,165 - INFO - [+] Mejora en val_loss. Guardando el mejor modelo en 'models/resnet18_kan_cotton\run_20251109_231538\resnet18_kan.best_weights.pth'
2025-11-09 23:25:21,167 - INFO - 
--- Época 11/300 ---
2025-11-09 23:26:11,168 - INFO - Entrenamiento | Pérdida: 0.5757, Accuracy: 0.7671, Tiempo: 50.00s
2025-11-09 23:26:18,704 - INFO - Validación    | Pérdida: 0.6928, Accuracy: 0.6708
2025-11-09 23:26:18,785 - INFO - [+] Mejora en val_loss. Guardando el mejor modelo en 'models/resnet18_kan_cotton\run_20251109_231538\resnet18_kan.best_weights.pth'
2025-11-09 23:26:18,785 - INFO - 
--- Época 12/300 ---
2025-11-09 23:27:09,626 - INFO - Entrenamiento | Pérdida: 0.5628, Accuracy: 0.7596, Tiempo: 50.84s
2025-11-09 23:27:17,187 - INFO - Validación    | Pérdida: 0.6908, Accuracy: 0.6958
2025-11-09 23:27:17,253 - INFO - [+] Mejora en val_loss. Guardando el mejor modelo en 'models/resnet18_kan_cotton\run_20251109_231538\resnet18_kan.best_weights.pth'
2025-11-09 23:27:17,269 - INFO - 
--- Época 13/300 ---
2025-11-09 23:28:07,637 - INFO - Entrenamiento | Pérdida: 0.5523, Accuracy: 0.7688, Tiempo: 50.37s
2025-11-09 23:28:15,344 - INFO - Validación    | Pérdida: 0.6936, Accuracy: 0.6875
2025-11-09 23:28:15,345 - INFO - Tasa de aprendizaje reducida de 9.999869162555418e-05 a 9.999868090557002e-05
2025-11-09 23:28:15,347 - INFO - 
--- Época 14/300 ---
2025-11-09 23:29:05,221 - INFO - Entrenamiento | Pérdida: 0.5453, Accuracy: 0.7732, Tiempo: 49.87s
2025-11-09 23:29:12,680 - INFO - Validación    | Pérdida: 0.6845, Accuracy: 0.6958
2025-11-09 23:29:12,761 - INFO - [+] Mejora en val_loss. Guardando el mejor modelo en 'models/resnet18_kan_cotton\run_20251109_231538\resnet18_kan.best_weights.pth'
2025-11-09 23:29:12,763 - INFO - 
--- Época 15/300 ---
2025-11-09 23:30:01,744 - INFO - Entrenamiento | Pérdida: 0.5495, Accuracy: 0.7759, Tiempo: 48.98s
2025-11-09 23:30:09,255 - INFO - Validación    | Pérdida: 0.6871, Accuracy: 0.6958
2025-11-09 23:30:09,257 - INFO - Tasa de aprendizaje reducida de 9.999871543826794e-05 a 9.9998705749486e-05
2025-11-09 23:30:09,257 - INFO - 
--- Época 16/300 ---
2025-11-09 23:30:58,589 - INFO - Entrenamiento | Pérdida: 0.5344, Accuracy: 0.7807, Tiempo: 49.33s
2025-11-09 23:31:06,491 - INFO - Validación    | Pérdida: 0.6862, Accuracy: 0.6958
2025-11-09 23:31:06,493 - INFO - 
--- Época 17/300 ---
2025-11-09 23:32:01,497 - INFO - Entrenamiento | Pérdida: 0.5309, Accuracy: 0.7918, Tiempo: 55.00s
2025-11-09 23:32:09,910 - INFO - Validación    | Pérdida: 0.6826, Accuracy: 0.7000
2025-11-09 23:32:09,984 - INFO - [+] Mejora en val_loss. Guardando el mejor modelo en 'models/resnet18_kan_cotton\run_20251109_231538\resnet18_kan.best_weights.pth'
2025-11-09 23:32:09,985 - INFO - 
--- Época 18/300 ---
2025-11-09 23:32:59,316 - INFO - Entrenamiento | Pérdida: 0.5179, Accuracy: 0.7865, Tiempo: 49.33s
2025-11-09 23:33:07,724 - INFO - Validación    | Pérdida: 0.6746, Accuracy: 0.7042
2025-11-09 23:33:07,799 - INFO - [+] Mejora en val_loss. Guardando el mejor modelo en 'models/resnet18_kan_cotton\run_20251109_231538\resnet18_kan.best_weights.pth'
2025-11-09 23:33:07,800 - INFO - 
--- Época 19/300 ---
2025-11-09 23:33:59,150 - INFO - Entrenamiento | Pérdida: 0.5317, Accuracy: 0.7794, Tiempo: 51.35s
2025-11-09 23:34:08,056 - INFO - Validación    | Pérdida: 0.6832, Accuracy: 0.6792
2025-11-09 23:34:08,058 - INFO - Tasa de aprendizaje reducida de 9.99987522515102e-05 a 9.999872017763743e-05
2025-11-09 23:34:08,058 - INFO - 
--- Época 20/300 ---
2025-11-09 23:35:00,622 - INFO - Entrenamiento | Pérdida: 0.5168, Accuracy: 0.7909, Tiempo: 52.56s
2025-11-09 23:35:09,621 - INFO - Validación    | Pérdida: 0.6573, Accuracy: 0.7125
2025-11-09 23:35:09,710 - INFO - [+] Mejora en val_loss. Guardando el mejor modelo en 'models/resnet18_kan_cotton\run_20251109_231538\resnet18_kan.best_weights.pth'
2025-11-09 23:35:09,711 - INFO - 
--- Época 21/300 ---
2025-11-09 23:36:02,220 - INFO - Entrenamiento | Pérdida: 0.5030, Accuracy: 0.7968, Tiempo: 52.51s
2025-11-09 23:36:10,279 - INFO - Validación    | Pérdida: 0.6706, Accuracy: 0.6958
2025-11-09 23:36:10,281 - INFO - Tasa de aprendizaje reducida de 9.999881536577697e-05 a 9.999876725443966e-05
2025-11-09 23:36:10,282 - INFO - 
--- Época 22/300 ---
2025-11-09 23:36:59,675 - INFO - Entrenamiento | Pérdida: 0.5116, Accuracy: 0.7853, Tiempo: 49.39s
2025-11-09 23:37:07,882 - INFO - Validación    | Pérdida: 0.6643, Accuracy: 0.7125
2025-11-09 23:37:07,884 - INFO - 
--- Época 23/300 ---
2025-11-09 23:37:56,792 - INFO - Entrenamiento | Pérdida: 0.5074, Accuracy: 0.7911, Tiempo: 48.91s
2025-11-09 23:38:04,998 - INFO - Validación    | Pérdida: 0.6666, Accuracy: 0.7125
2025-11-09 23:38:05,000 - INFO - Tasa de aprendizaje reducida de 9.999878999458006e-05 a 9.999878188085718e-05
2025-11-09 23:38:05,002 - INFO - 
--- Época 24/300 ---
2025-11-09 23:38:54,542 - INFO - Entrenamiento | Pérdida: 0.5094, Accuracy: 0.7949, Tiempo: 49.54s
2025-11-09 23:39:02,428 - INFO - Validación    | Pérdida: 0.6669, Accuracy: 0.6917
2025-11-09 23:39:02,430 - INFO - Tasa de aprendizaje reducida de 9.999878188085718e-05 a 9.999878079162725e-05
2025-11-09 23:39:02,431 - INFO - 
--- Época 25/300 ---
2025-11-09 23:39:51,568 - INFO - Entrenamiento | Pérdida: 0.4960, Accuracy: 0.7985, Tiempo: 49.13s
2025-11-09 23:39:59,495 - INFO - Validación    | Pérdida: 0.6687, Accuracy: 0.6917
2025-11-09 23:39:59,497 - INFO - Tasa de aprendizaje reducida de 9.999878079162725e-05 a 9.999877418399193e-05
2025-11-09 23:39:59,497 - INFO - 
--- Época 26/300 ---
2025-11-09 23:40:49,730 - INFO - Entrenamiento | Pérdida: 0.4939, Accuracy: 0.7936, Tiempo: 50.23s
2025-11-09 23:40:58,020 - INFO - Validación    | Pérdida: 0.6659, Accuracy: 0.7250
2025-11-09 23:40:58,022 - INFO - 
--- Época 27/300 ---
2025-11-09 23:41:47,179 - INFO - Entrenamiento | Pérdida: 0.4984, Accuracy: 0.7985, Tiempo: 49.16s
2025-11-09 23:41:55,338 - INFO - Validación    | Pérdida: 0.6683, Accuracy: 0.7000
2025-11-09 23:41:55,340 - INFO - Tasa de aprendizaje reducida de 9.999878450408934e-05 a 9.999877553667813e-05
2025-11-09 23:41:55,340 - INFO - 
--- Época 28/300 ---
2025-11-09 23:42:45,553 - INFO - Entrenamiento | Pérdida: 0.4816, Accuracy: 0.8022, Tiempo: 50.21s
2025-11-09 23:42:53,415 - INFO - Validación    | Pérdida: 0.6510, Accuracy: 0.7250
2025-11-09 23:42:53,514 - INFO - [+] Mejora en val_loss. Guardando el mejor modelo en 'models/resnet18_kan_cotton\run_20251109_231538\resnet18_kan.best_weights.pth'
2025-11-09 23:42:53,515 - INFO - 
--- Época 29/300 ---
2025-11-09 23:43:43,443 - INFO - Entrenamiento | Pérdida: 0.4765, Accuracy: 0.8060, Tiempo: 49.93s
2025-11-09 23:43:51,253 - INFO - Validación    | Pérdida: 0.6604, Accuracy: 0.7292
2025-11-09 23:43:51,254 - INFO - Tasa de aprendizaje reducida de 9.999883819745648e-05 a 9.999880449363706e-05
2025-11-09 23:43:51,255 - INFO - 
--- Época 30/300 ---
2025-11-09 23:44:41,955 - INFO - Entrenamiento | Pérdida: 0.4862, Accuracy: 0.8033, Tiempo: 50.70s
2025-11-09 23:44:50,024 - INFO - Validación    | Pérdida: 0.6585, Accuracy: 0.7042
2025-11-09 23:44:50,026 - INFO - 
--- Época 31/300 ---
2025-11-09 23:45:39,097 - INFO - Entrenamiento | Pérdida: 0.4714, Accuracy: 0.8005, Tiempo: 49.07s
2025-11-09 23:45:47,612 - INFO - Validación    | Pérdida: 0.6672, Accuracy: 0.7042
2025-11-09 23:45:47,613 - INFO - Tasa de aprendizaje reducida de 9.99988112257114e-05 a 9.999877967309985e-05
2025-11-09 23:45:47,614 - INFO - 
--- Época 32/300 ---
2025-11-09 23:46:37,441 - INFO - Entrenamiento | Pérdida: 0.4790, Accuracy: 0.8062, Tiempo: 49.82s
2025-11-09 23:46:45,428 - INFO - Validación    | Pérdida: 0.6460, Accuracy: 0.7083
2025-11-09 23:46:45,520 - INFO - [+] Mejora en val_loss. Guardando el mejor modelo en 'models/resnet18_kan_cotton\run_20251109_231538\resnet18_kan.best_weights.pth'
2025-11-09 23:46:45,522 - INFO - 
--- Época 33/300 ---
2025-11-09 23:47:34,640 - INFO - Entrenamiento | Pérdida: 0.4859, Accuracy: 0.8039, Tiempo: 49.12s
2025-11-09 23:47:42,829 - INFO - Validación    | Pérdida: 0.6697, Accuracy: 0.6917
2025-11-09 23:47:42,830 - INFO - Tasa de aprendizaje reducida de 9.999885606906431e-05 a 9.999877036460471e-05
2025-11-09 23:47:42,831 - INFO - 
--- Época 34/300 ---
2025-11-09 23:48:31,128 - INFO - Entrenamiento | Pérdida: 0.4933, Accuracy: 0.8001, Tiempo: 48.30s
2025-11-09 23:48:38,857 - INFO - Validación    | Pérdida: 0.6507, Accuracy: 0.7167
2025-11-09 23:48:38,858 - INFO - 
--- Época 35/300 ---
2025-11-09 23:49:29,216 - INFO - Entrenamiento | Pérdida: 0.4784, Accuracy: 0.8076, Tiempo: 50.36s
2025-11-09 23:49:37,866 - INFO - Validación    | Pérdida: 0.6522, Accuracy: 0.7000
2025-11-09 23:49:37,868 - INFO - Tasa de aprendizaje reducida de 9.999883935989435e-05 a 9.999883372524043e-05
2025-11-09 23:49:37,869 - INFO - 
--- Época 36/300 ---
2025-11-09 23:50:27,015 - INFO - Entrenamiento | Pérdida: 0.4750, Accuracy: 0.8001, Tiempo: 49.14s
2025-11-09 23:50:34,892 - INFO - Validación    | Pérdida: 0.6471, Accuracy: 0.7167
2025-11-09 23:50:34,893 - INFO - 
--- Época 37/300 ---
2025-11-09 23:51:24,519 - INFO - Entrenamiento | Pérdida: 0.4729, Accuracy: 0.8116, Tiempo: 49.62s
2025-11-09 23:51:32,912 - INFO - Validación    | Pérdida: 0.6522, Accuracy: 0.7000
2025-11-09 23:51:32,913 - INFO - Tasa de aprendizaje reducida de 9.999885195925904e-05 a 9.999883391362403e-05
2025-11-09 23:51:32,914 - INFO - 
--- Época 38/300 ---
2025-11-09 23:52:22,949 - INFO - Entrenamiento | Pérdida: 0.4689, Accuracy: 0.8074, Tiempo: 50.03s
2025-11-09 23:52:31,383 - INFO - Validación    | Pérdida: 0.6358, Accuracy: 0.7167
2025-11-09 23:52:31,459 - INFO - [+] Mejora en val_loss. Guardando el mejor modelo en 'models/resnet18_kan_cotton\run_20251109_231538\resnet18_kan.best_weights.pth'
2025-11-09 23:52:31,461 - INFO - 
--- Época 39/300 ---
2025-11-09 23:53:20,356 - INFO - Entrenamiento | Pérdida: 0.4569, Accuracy: 0.8143, Tiempo: 48.89s
2025-11-09 23:53:28,404 - INFO - Validación    | Pérdida: 0.6493, Accuracy: 0.7125
2025-11-09 23:53:28,405 - INFO - Tasa de aprendizaje reducida de 9.99988916991862e-05 a 9.999884428723587e-05
2025-11-09 23:53:28,407 - INFO - 
--- Época 40/300 ---
2025-11-09 23:54:17,655 - INFO - Entrenamiento | Pérdida: 0.4544, Accuracy: 0.8193, Tiempo: 49.25s
2025-11-09 23:54:25,502 - INFO - Validación    | Pérdida: 0.6364, Accuracy: 0.7083
2025-11-09 23:54:25,503 - INFO - 
--- Época 41/300 ---
2025-11-09 23:55:15,737 - INFO - Entrenamiento | Pérdida: 0.4709, Accuracy: 0.8056, Tiempo: 50.23s
2025-11-09 23:55:23,629 - INFO - Validación    | Pérdida: 0.6328, Accuracy: 0.7000
2025-11-09 23:55:23,720 - INFO - [+] Mejora en val_loss. Guardando el mejor modelo en 'models/resnet18_kan_cotton\run_20251109_231538\resnet18_kan.best_weights.pth'
2025-11-09 23:55:23,720 - INFO - 
--- Época 42/300 ---
2025-11-09 23:56:13,483 - INFO - Entrenamiento | Pérdida: 0.4716, Accuracy: 0.8097, Tiempo: 49.76s
2025-11-09 23:56:20,954 - INFO - Validación    | Pérdida: 0.6435, Accuracy: 0.7083
2025-11-09 23:56:20,954 - INFO - Tasa de aprendizaje reducida de 9.999890218349306e-05 a 9.999886484868753e-05
2025-11-09 23:56:20,954 - INFO - 
--- Época 43/300 ---
2025-11-09 23:57:10,605 - INFO - Entrenamiento | Pérdida: 0.4679, Accuracy: 0.8079, Tiempo: 49.64s
2025-11-09 23:57:18,172 - INFO - Validación    | Pérdida: 0.6424, Accuracy: 0.7000
2025-11-09 23:57:18,181 - INFO - 
--- Época 44/300 ---
2025-11-09 23:58:07,324 - INFO - Entrenamiento | Pérdida: 0.4386, Accuracy: 0.8231, Tiempo: 49.14s
2025-11-09 23:58:14,873 - INFO - Validación    | Pérdida: 0.6401, Accuracy: 0.6958
2025-11-09 23:58:14,875 - INFO - 
--- Época 45/300 ---
2025-11-09 23:59:04,877 - INFO - Entrenamiento | Pérdida: 0.4602, Accuracy: 0.8106, Tiempo: 50.00s
2025-11-09 23:59:12,597 - INFO - Validación    | Pérdida: 0.6403, Accuracy: 0.6958
2025-11-09 23:59:12,598 - INFO - Tasa de aprendizaje reducida de 9.999887678132562e-05 a 9.999887606722286e-05
2025-11-09 23:59:12,600 - INFO - 
--- Época 46/300 ---
2025-11-10 00:00:02,416 - INFO - Entrenamiento | Pérdida: 0.4442, Accuracy: 0.8206, Tiempo: 49.81s
2025-11-10 00:00:10,078 - INFO - Validación    | Pérdida: 0.6374, Accuracy: 0.7208
2025-11-10 00:00:10,080 - INFO - 
--- Época 47/300 ---
2025-11-10 00:00:59,421 - INFO - Entrenamiento | Pérdida: 0.4599, Accuracy: 0.8172, Tiempo: 49.34s
2025-11-10 00:01:07,214 - INFO - Validación    | Pérdida: 0.6366, Accuracy: 0.7292
2025-11-10 00:01:07,215 - INFO - 
--- Época 48/300 ---
2025-11-10 00:01:56,850 - INFO - Entrenamiento | Pérdida: 0.4498, Accuracy: 0.8160, Tiempo: 49.63s
2025-11-10 00:02:04,409 - INFO - Validación    | Pérdida: 0.6353, Accuracy: 0.7208
2025-11-10 00:02:04,411 - INFO - 
--- Época 49/300 ---
2025-11-10 00:02:54,142 - INFO - Entrenamiento | Pérdida: 0.4542, Accuracy: 0.8187, Tiempo: 49.73s
2025-11-10 00:03:01,703 - INFO - Validación    | Pérdida: 0.6320, Accuracy: 0.7125
2025-11-10 00:03:01,773 - INFO - [+] Mejora en val_loss. Guardando el mejor modelo en 'models/resnet18_kan_cotton\run_20251109_231538\resnet18_kan.best_weights.pth'
2025-11-10 00:03:01,775 - INFO - 
--- Época 50/300 ---
2025-11-10 00:03:52,845 - INFO - Entrenamiento | Pérdida: 0.4419, Accuracy: 0.8189, Tiempo: 51.07s
2025-11-10 00:04:00,672 - INFO - Validación    | Pérdida: 0.6392, Accuracy: 0.7042
2025-11-10 00:04:00,673 - INFO - Tasa de aprendizaje reducida de 9.999890499224008e-05 a 9.99988799806092e-05
2025-11-10 00:04:00,674 - INFO - 
--- Época 51/300 ---
2025-11-10 00:04:51,567 - INFO - Entrenamiento | Pérdida: 0.4570, Accuracy: 0.8125, Tiempo: 50.89s
2025-11-10 00:04:59,652 - INFO - Validación    | Pérdida: 0.6297, Accuracy: 0.7250
2025-11-10 00:04:59,732 - INFO - [+] Mejora en val_loss. Guardando el mejor modelo en 'models/resnet18_kan_cotton\run_20251109_231538\resnet18_kan.best_weights.pth'
2025-11-10 00:04:59,733 - INFO - 
--- Época 52/300 ---
2025-11-10 00:05:51,375 - INFO - Entrenamiento | Pérdida: 0.4285, Accuracy: 0.8275, Tiempo: 51.64s
2025-11-10 00:05:59,346 - INFO - Validación    | Pérdida: 0.6483, Accuracy: 0.6958
2025-11-10 00:05:59,347 - INFO - Tasa de aprendizaje reducida de 9.99989130259359e-05 a 9.99988478685111e-05
2025-11-10 00:05:59,348 - INFO - 
--- Época 53/300 ---
2025-11-10 00:06:48,828 - INFO - Entrenamiento | Pérdida: 0.4388, Accuracy: 0.8260, Tiempo: 49.48s
2025-11-10 00:06:56,506 - INFO - Validación    | Pérdida: 0.6388, Accuracy: 0.7250
2025-11-10 00:06:56,507 - INFO - 
--- Época 54/300 ---
2025-11-10 00:07:46,130 - INFO - Entrenamiento | Pérdida: 0.4417, Accuracy: 0.8237, Tiempo: 49.62s
2025-11-10 00:07:53,574 - INFO - Validación    | Pérdida: 0.6441, Accuracy: 0.7167
2025-11-10 00:07:53,576 - INFO - Tasa de aprendizaje reducida de 9.99988813927522e-05 a 9.999886254598821e-05
2025-11-10 00:07:53,576 - INFO - 
--- Época 55/300 ---
2025-11-10 00:08:44,717 - INFO - Entrenamiento | Pérdida: 0.4340, Accuracy: 0.8250, Tiempo: 51.14s
2025-11-10 00:08:52,425 - INFO - Validación    | Pérdida: 0.6315, Accuracy: 0.7167
2025-11-10 00:08:52,426 - INFO - 
--- Época 56/300 ---
2025-11-10 00:09:41,187 - INFO - Entrenamiento | Pérdida: 0.4405, Accuracy: 0.8208, Tiempo: 48.76s
2025-11-10 00:09:48,898 - INFO - Validación    | Pérdida: 0.6428, Accuracy: 0.7167
2025-11-10 00:09:48,900 - INFO - Tasa de aprendizaje reducida de 9.999890662705373e-05 a 9.999886728825096e-05
2025-11-10 00:09:48,901 - INFO - 
--- Época 57/300 ---
2025-11-10 00:10:42,635 - INFO - Entrenamiento | Pérdida: 0.4373, Accuracy: 0.8237, Tiempo: 53.73s
2025-11-10 00:10:50,276 - INFO - Validación    | Pérdida: 0.6600, Accuracy: 0.6958
2025-11-10 00:10:50,278 - INFO - Tasa de aprendizaje reducida de 9.999886728825096e-05 a 9.999880568711375e-05
2025-11-10 00:10:50,280 - INFO - 
--- Época 58/300 ---
2025-11-10 00:11:43,997 - INFO - Entrenamiento | Pérdida: 0.4127, Accuracy: 0.8321, Tiempo: 53.72s
2025-11-10 00:11:51,125 - INFO - Validación    | Pérdida: 0.6477, Accuracy: 0.7125
2025-11-10 00:11:51,126 - INFO - 
--- Época 59/300 ---
2025-11-10 00:12:45,831 - INFO - Entrenamiento | Pérdida: 0.4346, Accuracy: 0.8269, Tiempo: 54.70s
2025-11-10 00:12:53,418 - INFO - Validación    | Pérdida: 0.6337, Accuracy: 0.7167
2025-11-10 00:12:53,420 - INFO - 
--- Época 60/300 ---
2025-11-10 00:13:47,731 - INFO - Entrenamiento | Pérdida: 0.4293, Accuracy: 0.8260, Tiempo: 54.31s
2025-11-10 00:13:55,335 - INFO - Validación    | Pérdida: 0.6368, Accuracy: 0.7250
2025-11-10 00:13:55,336 - INFO - Tasa de aprendizaje reducida de 9.999889892096365e-05 a 9.99988881196912e-05
2025-11-10 00:13:55,337 - INFO - 
--- Época 61/300 ---
2025-11-10 00:14:49,277 - INFO - Entrenamiento | Pérdida: 0.4371, Accuracy: 0.8256, Tiempo: 53.94s
2025-11-10 00:14:56,793 - INFO - Validación    | Pérdida: 0.6399, Accuracy: 0.7208
2025-11-10 00:14:56,793 - INFO - Tasa de aprendizaje reducida de 9.99988881196912e-05 a 9.999887725112848e-05
2025-11-10 00:14:56,793 - INFO - 
--- Época 62/300 ---
2025-11-10 00:15:51,443 - INFO - Entrenamiento | Pérdida: 0.4225, Accuracy: 0.8325, Tiempo: 54.65s
2025-11-10 00:15:59,391 - INFO - Validación    | Pérdida: 0.6479, Accuracy: 0.7208
2025-11-10 00:15:59,391 - INFO - Tasa de aprendizaje reducida de 9.999887725112848e-05 a 9.999884929302564e-05
2025-11-10 00:15:59,407 - INFO - 
--- Época 63/300 ---
2025-11-10 00:16:52,705 - INFO - Entrenamiento | Pérdida: 0.4179, Accuracy: 0.8273, Tiempo: 53.30s
2025-11-10 00:17:00,517 - INFO - Validación    | Pérdida: 0.6513, Accuracy: 0.7042
2025-11-10 00:17:00,519 - INFO - Tasa de aprendizaje reducida de 9.999884929302564e-05 a 9.99988371752167e-05
2025-11-10 00:17:00,520 - INFO - 
--- Época 64/300 ---
2025-11-10 00:17:52,770 - INFO - Entrenamiento | Pérdida: 0.4123, Accuracy: 0.8331, Tiempo: 52.25s
2025-11-10 00:18:00,311 - INFO - Validación    | Pérdida: 0.6487, Accuracy: 0.7208
2025-11-10 00:18:00,311 - INFO - 
--- Época 65/300 ---
2025-11-10 00:18:54,929 - INFO - Entrenamiento | Pérdida: 0.4287, Accuracy: 0.8292, Tiempo: 54.62s
2025-11-10 00:19:02,524 - INFO - Validación    | Pérdida: 0.6277, Accuracy: 0.7125
2025-11-10 00:19:02,596 - INFO - [+] Mejora en val_loss. Guardando el mejor modelo en 'models/resnet18_kan_cotton\run_20251109_231538\resnet18_kan.best_weights.pth'
2025-11-10 00:19:02,597 - INFO - 
--- Época 66/300 ---
2025-11-10 00:19:56,212 - INFO - Entrenamiento | Pérdida: 0.4150, Accuracy: 0.8296, Tiempo: 53.61s
2025-11-10 00:20:03,866 - INFO - Validación    | Pérdida: 0.6350, Accuracy: 0.7167
2025-11-10 00:20:03,866 - INFO - Tasa de aprendizaje reducida de 9.999891996133835e-05 a 9.999889452754764e-05
2025-11-10 00:20:03,866 - INFO - 
--- Época 67/300 ---
2025-11-10 00:20:59,147 - INFO - Entrenamiento | Pérdida: 0.4201, Accuracy: 0.8398, Tiempo: 55.28s
2025-11-10 00:21:06,638 - INFO - Validación    | Pérdida: 0.6260, Accuracy: 0.7500
2025-11-10 00:21:06,701 - INFO - [+] Mejora en val_loss. Guardando el mejor modelo en 'models/resnet18_kan_cotton\run_20251109_231538\resnet18_kan.best_weights.pth'
2025-11-10 00:21:06,701 - INFO - 
--- Época 68/300 ---
2025-11-10 00:21:59,835 - INFO - Entrenamiento | Pérdida: 0.4053, Accuracy: 0.8415, Tiempo: 53.13s
2025-11-10 00:22:07,668 - INFO - Validación    | Pérdida: 0.6332, Accuracy: 0.7250
2025-11-10 00:22:07,670 - INFO - Tasa de aprendizaje reducida de 9.999892553832011e-05 a 9.999890089816611e-05
2025-11-10 00:22:07,670 - INFO - 
--- Época 69/300 ---
2025-11-10 00:23:01,601 - INFO - Entrenamiento | Pérdida: 0.3951, Accuracy: 0.8409, Tiempo: 53.93s
2025-11-10 00:23:09,134 - INFO - Validación    | Pérdida: 0.6294, Accuracy: 0.7167
2025-11-10 00:23:09,134 - INFO - 
--- Época 70/300 ---
2025-11-10 00:24:01,580 - INFO - Entrenamiento | Pérdida: 0.4062, Accuracy: 0.8363, Tiempo: 52.44s
2025-11-10 00:24:09,184 - INFO - Validación    | Pérdida: 0.6383, Accuracy: 0.7208
2025-11-10 00:24:09,200 - INFO - Tasa de aprendizaje reducida de 9.999891407690553e-05 a 9.999888318050312e-05
2025-11-10 00:24:09,200 - INFO - 
--- Época 71/300 ---
2025-11-10 00:25:01,990 - INFO - Entrenamiento | Pérdida: 0.4066, Accuracy: 0.8427, Tiempo: 52.79s
2025-11-10 00:25:09,488 - INFO - Validación    | Pérdida: 0.6308, Accuracy: 0.7292
2025-11-10 00:25:09,491 - INFO - 
--- Época 72/300 ---
2025-11-10 00:26:01,840 - INFO - Entrenamiento | Pérdida: 0.4254, Accuracy: 0.8273, Tiempo: 52.35s
2025-11-10 00:26:09,355 - INFO - Validación    | Pérdida: 0.6337, Accuracy: 0.7208
2025-11-10 00:26:09,355 - INFO - Tasa de aprendizaje reducida de 9.999890926811333e-05 a 9.999889895994273e-05
2025-11-10 00:26:09,355 - INFO - 
--- Época 73/300 ---
2025-11-10 00:27:02,106 - INFO - Entrenamiento | Pérdida: 0.4174, Accuracy: 0.8340, Tiempo: 52.75s
2025-11-10 00:27:09,786 - INFO - Validación    | Pérdida: 0.6202, Accuracy: 0.7292
2025-11-10 00:27:09,858 - INFO - [+] Mejora en val_loss. Guardando el mejor modelo en 'models/resnet18_kan_cotton\run_20251109_231538\resnet18_kan.best_weights.pth'
2025-11-10 00:27:09,858 - INFO - 
--- Época 74/300 ---
2025-11-10 00:28:02,423 - INFO - Entrenamiento | Pérdida: 0.4000, Accuracy: 0.8434, Tiempo: 52.56s
2025-11-10 00:28:09,809 - INFO - Validación    | Pérdida: 0.6341, Accuracy: 0.7042
2025-11-10 00:28:09,809 - INFO - Tasa de aprendizaje reducida de 9.9998945573885e-05 a 9.999889773604674e-05
2025-11-10 00:28:09,809 - INFO - 
--- Época 75/300 ---
2025-11-10 00:29:02,908 - INFO - Entrenamiento | Pérdida: 0.4193, Accuracy: 0.8308, Tiempo: 53.10s
2025-11-10 00:29:10,549 - INFO - Validación    | Pérdida: 0.6267, Accuracy: 0.7167
2025-11-10 00:29:10,551 - INFO - 
--- Época 76/300 ---
2025-11-10 00:30:03,730 - INFO - Entrenamiento | Pérdida: 0.4036, Accuracy: 0.8390, Tiempo: 53.18s
2025-11-10 00:30:11,334 - INFO - Validación    | Pérdida: 0.6376, Accuracy: 0.7250
2025-11-10 00:30:11,335 - INFO - Tasa de aprendizaje reducida de 9.999892323117914e-05 a 9.999888533526182e-05
2025-11-10 00:30:11,335 - INFO - 
--- Época 77/300 ---
2025-11-10 00:31:04,025 - INFO - Entrenamiento | Pérdida: 0.4045, Accuracy: 0.8400, Tiempo: 52.69s
2025-11-10 00:31:11,378 - INFO - Validación    | Pérdida: 0.6376, Accuracy: 0.7125
2025-11-10 00:31:11,378 - INFO - 
--- Época 78/300 ---
2025-11-10 00:32:03,811 - INFO - Entrenamiento | Pérdida: 0.3997, Accuracy: 0.8356, Tiempo: 52.43s
2025-11-10 00:32:11,327 - INFO - Validación    | Pérdida: 0.6246, Accuracy: 0.7208
2025-11-10 00:32:11,327 - INFO - 
--- Época 79/300 ---
2025-11-10 00:33:03,639 - INFO - Entrenamiento | Pérdida: 0.4106, Accuracy: 0.8425, Tiempo: 52.31s
2025-11-10 00:33:11,332 - INFO - Validación    | Pérdida: 0.6292, Accuracy: 0.7250
2025-11-10 00:33:11,333 - INFO - Tasa de aprendizaje reducida de 9.999893047755154e-05 a 9.999891451384951e-05
2025-11-10 00:33:11,333 - INFO - 
--- Época 80/300 ---
2025-11-10 00:34:04,864 - INFO - Entrenamiento | Pérdida: 0.4113, Accuracy: 0.8400, Tiempo: 53.53s
2025-11-10 00:34:12,510 - INFO - Validación    | Pérdida: 0.6428, Accuracy: 0.7208
2025-11-10 00:34:12,512 - INFO - Tasa de aprendizaje reducida de 9.999891451384951e-05 a 9.99988670488975e-05
2025-11-10 00:34:12,513 - INFO - 
--- Época 81/300 ---
2025-11-10 00:35:05,799 - INFO - Entrenamiento | Pérdida: 0.3910, Accuracy: 0.8494, Tiempo: 53.28s
2025-11-10 00:35:13,635 - INFO - Validación    | Pérdida: 0.6341, Accuracy: 0.7250
2025-11-10 00:35:13,635 - INFO - 
--- Época 82/300 ---
2025-11-10 00:36:06,483 - INFO - Entrenamiento | Pérdida: 0.3821, Accuracy: 0.8454, Tiempo: 52.85s
2025-11-10 00:36:14,215 - INFO - Validación    | Pérdida: 0.6463, Accuracy: 0.7208
2025-11-10 00:36:14,215 - INFO - Tasa de aprendizaje reducida de 9.999889773950054e-05 a 9.999885488018543e-05
2025-11-10 00:36:14,215 - INFO - 
--- Época 83/300 ---
2025-11-10 00:37:10,118 - INFO - Entrenamiento | Pérdida: 0.3995, Accuracy: 0.8417, Tiempo: 55.89s
2025-11-10 00:37:17,856 - INFO - Validación    | Pérdida: 0.6349, Accuracy: 0.7125
2025-11-10 00:37:17,858 - INFO - 
--- Época 84/300 ---
2025-11-10 00:38:11,530 - INFO - Entrenamiento | Pérdida: 0.3754, Accuracy: 0.8551, Tiempo: 53.67s
2025-11-10 00:38:19,420 - INFO - Validación    | Pérdida: 0.6327, Accuracy: 0.7250
2025-11-10 00:38:19,430 - INFO - 
--- Época 85/300 ---
2025-11-10 00:39:12,870 - INFO - Entrenamiento | Pérdida: 0.3893, Accuracy: 0.8459, Tiempo: 53.44s
2025-11-10 00:39:20,566 - INFO - Validación    | Pérdida: 0.6321, Accuracy: 0.7208
2025-11-10 00:39:20,567 - INFO - 
--- Época 86/300 ---
2025-11-10 00:40:15,328 - INFO - Entrenamiento | Pérdida: 0.3952, Accuracy: 0.8467, Tiempo: 54.76s
2025-11-10 00:40:22,988 - INFO - Validación    | Pérdida: 0.6509, Accuracy: 0.7167
2025-11-10 00:40:22,988 - INFO - Tasa de aprendizaje reducida de 9.999890451730005e-05 a 9.999883850169229e-05
2025-11-10 00:40:22,988 - INFO - 
--- Época 87/300 ---
2025-11-10 00:41:17,397 - INFO - Entrenamiento | Pérdida: 0.3786, Accuracy: 0.8498, Tiempo: 54.41s
2025-11-10 00:41:25,124 - INFO - Validación    | Pérdida: 0.6532, Accuracy: 0.7333
2025-11-10 00:41:25,124 - INFO - Tasa de aprendizaje reducida de 9.999883850169229e-05 a 9.999883027648705e-05
2025-11-10 00:41:25,124 - INFO - 
--- Época 88/300 ---
2025-11-10 00:42:19,343 - INFO - Entrenamiento | Pérdida: 0.4016, Accuracy: 0.8423, Tiempo: 54.21s
2025-11-10 00:42:26,958 - INFO - Validación    | Pérdida: 0.6331, Accuracy: 0.7250
2025-11-10 00:42:26,958 - INFO - 
--- Época 89/300 ---
2025-11-10 00:43:20,708 - INFO - Entrenamiento | Pérdida: 0.4136, Accuracy: 0.8438, Tiempo: 53.73s
2025-11-10 00:43:28,482 - INFO - Validación    | Pérdida: 0.6424, Accuracy: 0.7125
2025-11-10 00:43:28,483 - INFO - Tasa de aprendizaje reducida de 9.999890109852125e-05 a 9.99988686791655e-05
2025-11-10 00:43:28,484 - INFO - 
--- Época 90/300 ---
2025-11-10 00:44:23,161 - INFO - Entrenamiento | Pérdida: 0.3782, Accuracy: 0.8534, Tiempo: 54.66s
2025-11-10 00:44:30,913 - INFO - Validación    | Pérdida: 0.6378, Accuracy: 0.7375
2025-11-10 00:44:30,913 - INFO - 
--- Época 91/300 ---
2025-11-10 00:45:23,466 - INFO - Entrenamiento | Pérdida: 0.3792, Accuracy: 0.8532, Tiempo: 52.55s
2025-11-10 00:45:31,273 - INFO - Validación    | Pérdida: 0.6317, Accuracy: 0.7167
2025-11-10 00:45:31,274 - INFO - 
--- Época 92/300 ---
2025-11-10 00:46:24,923 - INFO - Entrenamiento | Pérdida: 0.3870, Accuracy: 0.8463, Tiempo: 53.65s
2025-11-10 00:46:32,618 - INFO - Validación    | Pérdida: 0.6505, Accuracy: 0.7292
2025-11-10 00:46:32,618 - INFO - Tasa de aprendizaje reducida de 9.99989059734331e-05 a 9.999883985197338e-05
2025-11-10 00:46:32,618 - INFO - 
--- Época 93/300 ---
2025-11-10 00:47:27,647 - INFO - Entrenamiento | Pérdida: 0.3810, Accuracy: 0.8482, Tiempo: 55.03s
2025-11-10 00:47:35,401 - INFO - Validación    | Pérdida: 0.6467, Accuracy: 0.7208
2025-11-10 00:47:35,402 - INFO - 
--- Época 94/300 ---
2025-11-10 00:48:29,011 - INFO - Entrenamiento | Pérdida: 0.3802, Accuracy: 0.8480, Tiempo: 53.61s
2025-11-10 00:48:36,618 - INFO - Validación    | Pérdida: 0.6321, Accuracy: 0.7083
2025-11-10 00:48:36,618 - INFO - 
--- Época 95/300 ---
2025-11-10 00:49:31,118 - INFO - Entrenamiento | Pérdida: 0.3805, Accuracy: 0.8431, Tiempo: 54.50s
2025-11-10 00:49:38,779 - INFO - Validación    | Pérdida: 0.6238, Accuracy: 0.7208
2025-11-10 00:49:38,779 - INFO - 
--- Época 96/300 ---
2025-11-10 00:50:31,532 - INFO - Entrenamiento | Pérdida: 0.3903, Accuracy: 0.8490, Tiempo: 52.75s
2025-11-10 00:50:39,160 - INFO - Validación    | Pérdida: 0.6378, Accuracy: 0.7250
2025-11-10 00:50:39,162 - INFO - Tasa de aprendizaje reducida de 9.999893318633341e-05 a 9.999888490207262e-05
2025-11-10 00:50:39,163 - INFO - 
--- Época 97/300 ---
2025-11-10 00:52:33,253 - INFO - Entrenamiento | Pérdida: 0.3898, Accuracy: 0.8463, Tiempo: 114.09s
2025-11-10 00:52:54,290 - INFO - Validación    | Pérdida: 0.6381, Accuracy: 0.7208
2025-11-10 00:52:54,290 - INFO - Tasa de aprendizaje reducida de 9.999888490207262e-05 a 9.999888378967575e-05
2025-11-10 00:52:54,290 - INFO - 
--- Época 98/300 ---
2025-11-10 00:53:46,807 - INFO - Entrenamiento | Pérdida: 0.3901, Accuracy: 0.8461, Tiempo: 52.50s
2025-11-10 00:53:54,322 - INFO - Validación    | Pérdida: 0.6297, Accuracy: 0.7417
2025-11-10 00:53:54,322 - INFO - 
--- Época 99/300 ---
2025-11-10 00:54:47,042 - INFO - Entrenamiento | Pérdida: 0.3607, Accuracy: 0.8601, Tiempo: 52.71s
2025-11-10 00:54:54,506 - INFO - Validación    | Pérdida: 0.6379, Accuracy: 0.7167
2025-11-10 00:54:54,507 - INFO - Tasa de aprendizaje reducida de 9.99989129252356e-05 a 9.99988842945518e-05
2025-11-10 00:54:54,508 - INFO - 
--- Época 100/300 ---
2025-11-10 00:55:47,212 - INFO - Entrenamiento | Pérdida: 0.3744, Accuracy: 0.8505, Tiempo: 52.70s
2025-11-10 00:55:54,960 - INFO - Validación    | Pérdida: 0.6305, Accuracy: 0.7208
2025-11-10 00:55:54,960 - INFO - 
--- Época 101/300 ---
2025-11-10 00:56:47,891 - INFO - Entrenamiento | Pérdida: 0.3917, Accuracy: 0.8521, Tiempo: 52.92s
2025-11-10 00:56:55,694 - INFO - Validación    | Pérdida: 0.6441, Accuracy: 0.7083
2025-11-10 00:56:55,696 - INFO - Tasa de aprendizaje reducida de 9.999891001622355e-05 a 9.999886254756002e-05
2025-11-10 00:56:55,696 - INFO - 
--- Época 102/300 ---
2025-11-10 00:57:49,038 - INFO - Entrenamiento | Pérdida: 0.3857, Accuracy: 0.8419, Tiempo: 53.34s
2025-11-10 00:57:56,442 - INFO - Validación    | Pérdida: 0.6252, Accuracy: 0.7042
2025-11-10 00:57:56,442 - INFO - 
--- Época 103/300 ---
2025-11-10 00:58:49,746 - INFO - Entrenamiento | Pérdida: 0.3747, Accuracy: 0.8534, Tiempo: 53.30s
2025-11-10 00:58:57,080 - INFO - Validación    | Pérdida: 0.6471, Accuracy: 0.7083
2025-11-10 00:58:57,080 - INFO - Tasa de aprendizaje reducida de 9.999892841662139e-05 a 9.999885184109789e-05
2025-11-10 00:58:57,080 - INFO - 
--- Época 104/300 ---
2025-11-10 00:59:50,549 - INFO - Entrenamiento | Pérdida: 0.3587, Accuracy: 0.8599, Tiempo: 53.47s
2025-11-10 00:59:58,213 - INFO - Validación    | Pérdida: 0.6630, Accuracy: 0.7125
2025-11-10 00:59:58,213 - INFO - Tasa de aprendizaje reducida de 9.999885184109789e-05 a 9.999879502311916e-05
2025-11-10 00:59:58,213 - INFO - 
--- Época 105/300 ---
2025-11-10 01:00:51,584 - INFO - Entrenamiento | Pérdida: 0.3767, Accuracy: 0.8517, Tiempo: 53.37s
2025-11-10 01:00:59,304 - INFO - Validación    | Pérdida: 0.6287, Accuracy: 0.7250
2025-11-10 01:00:59,304 - INFO - 
--- Época 106/300 ---
2025-11-10 01:01:51,720 - INFO - Entrenamiento | Pérdida: 0.3564, Accuracy: 0.8592, Tiempo: 52.41s
2025-11-10 01:01:59,085 - INFO - Validación    | Pérdida: 0.6507, Accuracy: 0.7042
2025-11-10 01:01:59,085 - INFO - Tasa de aprendizaje reducida de 9.999891641356283e-05 a 9.999883912207429e-05
2025-11-10 01:01:59,085 - INFO - 
--- Época 107/300 ---
2025-11-10 01:02:53,391 - INFO - Entrenamiento | Pérdida: 0.3618, Accuracy: 0.8622, Tiempo: 54.31s
2025-11-10 01:03:01,186 - INFO - Validación    | Pérdida: 0.6332, Accuracy: 0.7292
2025-11-10 01:03:01,186 - INFO - 
--- Época 108/300 ---
2025-11-10 01:03:53,606 - INFO - Entrenamiento | Pérdida: 0.3567, Accuracy: 0.8607, Tiempo: 52.42s
2025-11-10 01:04:01,352 - INFO - Validación    | Pérdida: 0.6408, Accuracy: 0.7167
2025-11-10 01:04:01,352 - INFO - Tasa de aprendizaje reducida de 9.999890067548341e-05 a 9.999887441223477e-05
2025-11-10 01:04:01,352 - INFO - 
--- Época 109/300 ---
2025-11-10 01:04:54,531 - INFO - Entrenamiento | Pérdida: 0.3632, Accuracy: 0.8622, Tiempo: 53.18s
2025-11-10 01:05:01,922 - INFO - Validación    | Pérdida: 0.6283, Accuracy: 0.7167
2025-11-10 01:05:01,932 - INFO - 
--- Época 110/300 ---
2025-11-10 01:05:55,172 - INFO - Entrenamiento | Pérdida: 0.3863, Accuracy: 0.8484, Tiempo: 53.24s
2025-11-10 01:06:02,891 - INFO - Validación    | Pérdida: 0.6387, Accuracy: 0.7125
2025-11-10 01:06:02,891 - INFO - Tasa de aprendizaje reducida de 9.999891777384909e-05 a 9.999888163104481e-05
2025-11-10 01:06:02,891 - INFO - 
--- Época 111/300 ---
2025-11-10 01:06:55,207 - INFO - Entrenamiento | Pérdida: 0.3719, Accuracy: 0.8597, Tiempo: 52.32s
2025-11-10 01:07:02,806 - INFO - Validación    | Pérdida: 0.6413, Accuracy: 0.7208
2025-11-10 01:07:02,807 - INFO - Tasa de aprendizaje reducida de 9.999888163104481e-05 a 9.999887247546227e-05
2025-11-10 01:07:02,808 - INFO - 
--- Época 112/300 ---
2025-11-10 01:07:54,924 - INFO - Entrenamiento | Pérdida: 0.3552, Accuracy: 0.8586, Tiempo: 52.11s
2025-11-10 01:08:02,475 - INFO - Validación    | Pérdida: 0.6588, Accuracy: 0.7000
2025-11-10 01:08:02,476 - INFO - Tasa de aprendizaje reducida de 9.999887247546227e-05 a 9.999881027950311e-05
2025-11-10 01:08:02,477 - INFO - 
--- Época 113/300 ---
2025-11-10 01:08:56,157 - INFO - Entrenamiento | Pérdida: 0.3507, Accuracy: 0.8665, Tiempo: 53.68s
2025-11-10 01:09:04,037 - INFO - Validación    | Pérdida: 0.6382, Accuracy: 0.7375
2025-11-10 01:09:04,037 - INFO - 
--- Época 114/300 ---
2025-11-10 01:09:56,751 - INFO - Entrenamiento | Pérdida: 0.3495, Accuracy: 0.8636, Tiempo: 52.71s
2025-11-10 01:10:04,645 - INFO - Validación    | Pérdida: 0.6458, Accuracy: 0.7250
2025-11-10 01:10:04,645 - INFO - Tasa de aprendizaje reducida de 9.99988835287969e-05 a 9.999885660178434e-05
2025-11-10 01:10:04,645 - INFO - 
--- Época 115/300 ---
2025-11-10 01:10:58,413 - INFO - Entrenamiento | Pérdida: 0.3636, Accuracy: 0.8597, Tiempo: 53.77s
2025-11-10 01:11:06,344 - INFO - Validación    | Pérdida: 0.6562, Accuracy: 0.7042
2025-11-10 01:11:06,346 - INFO - Tasa de aprendizaje reducida de 9.999885660178434e-05 a 9.99988193221022e-05
2025-11-10 01:11:06,347 - INFO - 
--- Época 116/300 ---
2025-11-10 01:11:59,192 - INFO - Entrenamiento | Pérdida: 0.3705, Accuracy: 0.8563, Tiempo: 52.84s
2025-11-10 01:12:06,976 - INFO - Validación    | Pérdida: 0.6379, Accuracy: 0.7250
2025-11-10 01:12:06,977 - INFO - 
--- Época 117/300 ---
2025-11-10 01:13:01,646 - INFO - Entrenamiento | Pérdida: 0.3552, Accuracy: 0.8555, Tiempo: 54.67s
2025-11-10 01:13:09,381 - INFO - Validación    | Pérdida: 0.6465, Accuracy: 0.7208
2025-11-10 01:13:09,381 - INFO - Tasa de aprendizaje reducida de 9.999888453717002e-05 a 9.9998853983078e-05
2025-11-10 01:13:09,381 - INFO - 
--- Época 118/300 ---
2025-11-10 01:14:04,542 - INFO - Entrenamiento | Pérdida: 0.3636, Accuracy: 0.8559, Tiempo: 55.16s
2025-11-10 01:14:12,365 - INFO - Validación    | Pérdida: 0.6562, Accuracy: 0.7125
2025-11-10 01:14:12,365 - INFO - Tasa de aprendizaje reducida de 9.9998853983078e-05 a 9.999881954200505e-05
2025-11-10 01:14:12,365 - INFO - 
--- Época 119/300 ---
2025-11-10 01:15:07,489 - INFO - Entrenamiento | Pérdida: 0.3502, Accuracy: 0.8665, Tiempo: 55.12s
2025-11-10 01:15:15,451 - INFO - Validación    | Pérdida: 0.6477, Accuracy: 0.7208
2025-11-10 01:15:15,466 - INFO - 
--- Época 120/300 ---
2025-11-10 01:16:11,185 - INFO - Entrenamiento | Pérdida: 0.3491, Accuracy: 0.8665, Tiempo: 55.72s
2025-11-10 01:16:18,935 - INFO - Validación    | Pérdida: 0.6311, Accuracy: 0.7208
2025-11-10 01:16:18,938 - INFO - 
--- Época 121/300 ---
2025-11-10 01:17:14,520 - INFO - Entrenamiento | Pérdida: 0.3540, Accuracy: 0.8613, Tiempo: 55.58s
2025-11-10 01:17:22,105 - INFO - Validación    | Pérdida: 0.6546, Accuracy: 0.7167
2025-11-10 01:17:22,120 - INFO - Tasa de aprendizaje reducida de 9.999890799429587e-05 a 9.999882522952068e-05
2025-11-10 01:17:22,120 - INFO - 
--- Época 122/300 ---
2025-11-10 01:18:17,022 - INFO - Entrenamiento | Pérdida: 0.3589, Accuracy: 0.8584, Tiempo: 54.90s
2025-11-10 01:18:24,706 - INFO - Validación    | Pérdida: 0.6438, Accuracy: 0.7250
2025-11-10 01:18:24,706 - INFO - 
--- Época 123/300 ---
2025-11-10 01:19:19,525 - INFO - Entrenamiento | Pérdida: 0.3380, Accuracy: 0.8716, Tiempo: 54.82s
2025-11-10 01:19:27,458 - INFO - Validación    | Pérdida: 0.6446, Accuracy: 0.7125
2025-11-10 01:19:27,458 - INFO - Tasa de aprendizaje reducida de 9.999886365228708e-05 a 9.99988607767132e-05
2025-11-10 01:19:27,458 - INFO - 
--- Época 124/300 ---
2025-11-10 01:20:21,492 - INFO - Entrenamiento | Pérdida: 0.3602, Accuracy: 0.8626, Tiempo: 54.03s
2025-11-10 01:20:28,846 - INFO - Validación    | Pérdida: 0.6741, Accuracy: 0.7042
2025-11-10 01:20:28,847 - INFO - Tasa de aprendizaje reducida de 9.99988607767132e-05 a 9.999875415989572e-05
2025-11-10 01:20:28,848 - INFO - 
--- Época 125/300 ---
2025-11-10 01:21:22,493 - INFO - Entrenamiento | Pérdida: 0.3326, Accuracy: 0.8734, Tiempo: 53.64s
2025-11-10 01:21:30,166 - INFO - Validación    | Pérdida: 0.6588, Accuracy: 0.6958
2025-11-10 01:21:30,168 - INFO - 
--- Época 126/300 ---
2025-11-10 01:22:24,010 - INFO - Entrenamiento | Pérdida: 0.3481, Accuracy: 0.8628, Tiempo: 53.84s
2025-11-10 01:22:31,643 - INFO - Validación    | Pérdida: 0.6729, Accuracy: 0.6958
2025-11-10 01:22:31,643 - INFO - Tasa de aprendizaje reducida de 9.99988101293822e-05 a 9.999875859003516e-05
2025-11-10 01:22:31,643 - INFO - 
--- Época 127/300 ---
2025-11-10 01:23:25,096 - INFO - Entrenamiento | Pérdida: 0.3577, Accuracy: 0.8617, Tiempo: 53.45s
2025-11-10 01:23:32,911 - INFO - Validación    | Pérdida: 0.6571, Accuracy: 0.7042
2025-11-10 01:23:32,911 - INFO - 
--- Época 128/300 ---
2025-11-10 01:24:26,896 - INFO - Entrenamiento | Pérdida: 0.3609, Accuracy: 0.8597, Tiempo: 53.98s
2025-11-10 01:24:34,362 - INFO - Validación    | Pérdida: 0.6496, Accuracy: 0.7083
2025-11-10 01:24:34,362 - INFO - 
--- Época 129/300 ---
2025-11-10 01:25:26,898 - INFO - Entrenamiento | Pérdida: 0.3557, Accuracy: 0.8651, Tiempo: 52.54s
2025-11-10 01:25:34,749 - INFO - Validación    | Pérdida: 0.6499, Accuracy: 0.7042
2025-11-10 01:25:34,749 - INFO - Tasa de aprendizaje reducida de 9.999884301822786e-05 a 9.999884206289267e-05
2025-11-10 01:25:34,749 - INFO - 
--- Época 130/300 ---
2025-11-10 01:26:27,499 - INFO - Entrenamiento | Pérdida: 0.3513, Accuracy: 0.8626, Tiempo: 52.75s
2025-11-10 01:26:34,916 - INFO - Validación    | Pérdida: 0.6444, Accuracy: 0.7042
2025-11-10 01:26:34,916 - INFO - 
--- Época 131/300 ---
2025-11-10 01:27:27,218 - INFO - Entrenamiento | Pérdida: 0.3404, Accuracy: 0.8626, Tiempo: 52.30s
2025-11-10 01:27:34,916 - INFO - Validación    | Pérdida: 0.6609, Accuracy: 0.7042
2025-11-10 01:27:34,916 - INFO - Tasa de aprendizaje reducida de 9.999886167722918e-05 a 9.999880267104522e-05
2025-11-10 01:27:34,916 - INFO - 
--- Época 132/300 ---
2025-11-10 01:28:27,115 - INFO - Entrenamiento | Pérdida: 0.3418, Accuracy: 0.8640, Tiempo: 52.18s
2025-11-10 01:28:34,719 - INFO - Validación    | Pérdida: 0.6482, Accuracy: 0.7250
2025-11-10 01:28:34,719 - INFO - 
--- Época 133/300 ---
2025-11-10 01:29:27,965 - INFO - Entrenamiento | Pérdida: 0.3245, Accuracy: 0.8732, Tiempo: 53.24s
2025-11-10 01:29:35,650 - INFO - Validación    | Pérdida: 0.6526, Accuracy: 0.7083
2025-11-10 01:29:35,650 - INFO - Tasa de aprendizaje reducida de 9.999884799427015e-05 a 9.999883243431767e-05
2025-11-10 01:29:35,650 - INFO - 
--- Época 134/300 ---
2025-11-10 01:30:27,901 - INFO - Entrenamiento | Pérdida: 0.3279, Accuracy: 0.8738, Tiempo: 52.25s
2025-11-10 01:30:35,555 - INFO - Validación    | Pérdida: 0.6467, Accuracy: 0.7250
2025-11-10 01:30:35,557 - INFO - 
--- Época 135/300 ---
2025-11-10 01:31:28,479 - INFO - Entrenamiento | Pérdida: 0.3506, Accuracy: 0.8617, Tiempo: 52.92s
2025-11-10 01:31:36,038 - INFO - Validación    | Pérdida: 0.6667, Accuracy: 0.6958
2025-11-10 01:31:36,039 - INFO - Tasa de aprendizaje reducida de 9.999885337536594e-05 a 9.999878159140889e-05
2025-11-10 01:31:36,040 - INFO - 
--- Época 136/300 ---
2025-11-10 01:32:28,782 - INFO - Entrenamiento | Pérdida: 0.3334, Accuracy: 0.8691, Tiempo: 52.74s
2025-11-10 01:32:36,400 - INFO - Validación    | Pérdida: 0.6479, Accuracy: 0.7292
2025-11-10 01:32:36,402 - INFO - 
--- Época 137/300 ---
2025-11-10 01:33:28,822 - INFO - Entrenamiento | Pérdida: 0.3371, Accuracy: 0.8736, Tiempo: 52.42s
2025-11-10 01:33:36,371 - INFO - Validación    | Pérdida: 0.6610, Accuracy: 0.7000
2025-11-10 01:33:36,371 - INFO - Tasa de aprendizaje reducida de 9.999884934650879e-05 a 9.99988021419446e-05
2025-11-10 01:33:36,381 - INFO - 
--- Época 138/300 ---
2025-11-10 01:34:29,975 - INFO - Entrenamiento | Pérdida: 0.3252, Accuracy: 0.8728, Tiempo: 53.59s
2025-11-10 01:34:37,360 - INFO - Validación    | Pérdida: 0.6501, Accuracy: 0.7000
2025-11-10 01:34:37,376 - INFO - 
--- Época 139/300 ---
2025-11-10 01:35:30,107 - INFO - Entrenamiento | Pérdida: 0.3436, Accuracy: 0.8634, Tiempo: 52.73s
2025-11-10 01:35:37,577 - INFO - Validación    | Pérdida: 0.6588, Accuracy: 0.6958
2025-11-10 01:35:37,577 - INFO - Tasa de aprendizaje reducida de 9.999884135228687e-05 a 9.999881021711057e-05
2025-11-10 01:35:37,577 - INFO - 
--- Época 140/300 ---
2025-11-10 01:36:30,830 - INFO - Entrenamiento | Pérdida: 0.3347, Accuracy: 0.8761, Tiempo: 53.24s
2025-11-10 01:36:38,538 - INFO - Validación    | Pérdida: 0.6502, Accuracy: 0.7125
2025-11-10 01:36:38,540 - INFO - 
--- Época 141/300 ---
2025-11-10 01:37:31,248 - INFO - Entrenamiento | Pérdida: 0.3405, Accuracy: 0.8645, Tiempo: 52.71s
2025-11-10 01:37:38,912 - INFO - Validación    | Pérdida: 0.6477, Accuracy: 0.7083
2025-11-10 01:37:38,912 - INFO - 
--- Época 142/300 ---
2025-11-10 01:38:32,189 - INFO - Entrenamiento | Pérdida: 0.3356, Accuracy: 0.8642, Tiempo: 53.28s
2025-11-10 01:38:39,863 - INFO - Validación    | Pérdida: 0.6528, Accuracy: 0.7208
2025-11-10 01:38:39,863 - INFO - Tasa de aprendizaje reducida de 9.999884990139534e-05 a 9.999883186025101e-05
2025-11-10 01:38:39,863 - INFO - 
--- Época 143/300 ---
2025-11-10 01:39:32,231 - INFO - Entrenamiento | Pérdida: 0.3352, Accuracy: 0.8670, Tiempo: 52.35s
2025-11-10 01:39:39,614 - INFO - Validación    | Pérdida: 0.6446, Accuracy: 0.7083
2025-11-10 01:39:39,614 - INFO - 
--- Época 144/300 ---
2025-11-10 01:40:32,471 - INFO - Entrenamiento | Pérdida: 0.3367, Accuracy: 0.8718, Tiempo: 52.86s
2025-11-10 01:40:40,253 - INFO - Validación    | Pérdida: 0.6582, Accuracy: 0.7125
2025-11-10 01:40:40,253 - INFO - Tasa de aprendizaje reducida de 9.999886073219036e-05 a 9.99988123394035e-05
2025-11-10 01:40:40,253 - INFO - 
--- Época 145/300 ---
2025-11-10 01:41:34,103 - INFO - Entrenamiento | Pérdida: 0.3505, Accuracy: 0.8672, Tiempo: 53.85s
2025-11-10 01:41:41,883 - INFO - Validación    | Pérdida: 0.6548, Accuracy: 0.7042
2025-11-10 01:41:41,899 - INFO - 
--- Época 146/300 ---
2025-11-10 01:42:36,244 - INFO - Entrenamiento | Pérdida: 0.3348, Accuracy: 0.8695, Tiempo: 54.34s
2025-11-10 01:42:44,018 - INFO - Validación    | Pérdida: 0.6613, Accuracy: 0.7167
2025-11-10 01:42:44,018 - INFO - Tasa de aprendizaje reducida de 9.999882445096633e-05 a 9.999880097957226e-05
2025-11-10 01:42:44,028 - INFO - 
--- Época 147/300 ---
2025-11-10 01:43:38,222 - INFO - Entrenamiento | Pérdida: 0.3163, Accuracy: 0.8805, Tiempo: 54.19s
2025-11-10 01:43:45,841 - INFO - Validación    | Pérdida: 0.6582, Accuracy: 0.7042
2025-11-10 01:43:45,843 - INFO - 
--- Época 148/300 ---
2025-11-10 01:44:39,686 - INFO - Entrenamiento | Pérdida: 0.3237, Accuracy: 0.8755, Tiempo: 53.84s
2025-11-10 01:44:47,387 - INFO - Validación    | Pérdida: 0.6527, Accuracy: 0.7083
2025-11-10 01:44:47,387 - INFO - 
--- Época 149/300 ---
2025-11-10 01:45:40,375 - INFO - Entrenamiento | Pérdida: 0.3262, Accuracy: 0.8782, Tiempo: 52.99s
2025-11-10 01:45:47,962 - INFO - Validación    | Pérdida: 0.6596, Accuracy: 0.7167
2025-11-10 01:45:47,965 - INFO - Tasa de aprendizaje reducida de 9.99988318818542e-05 a 9.999880705956786e-05
2025-11-10 01:45:47,966 - INFO - 
--- Época 150/300 ---
2025-11-10 01:46:41,590 - INFO - Entrenamiento | Pérdida: 0.3180, Accuracy: 0.8734, Tiempo: 53.62s
2025-11-10 01:46:49,141 - INFO - Validación    | Pérdida: 0.6416, Accuracy: 0.7042
2025-11-10 01:46:49,141 - INFO - 
--- Época 151/300 ---
2025-11-10 01:47:42,107 - INFO - Entrenamiento | Pérdida: 0.3184, Accuracy: 0.8764, Tiempo: 52.97s
2025-11-10 01:47:49,774 - INFO - Validación    | Pérdida: 0.6484, Accuracy: 0.7167
2025-11-10 01:47:49,774 - INFO - Tasa de aprendizaje reducida de 9.999887148527049e-05 a 9.999884727474921e-05
2025-11-10 01:47:49,774 - INFO - 
--- Época 152/300 ---
2025-11-10 01:48:43,359 - INFO - Entrenamiento | Pérdida: 0.3344, Accuracy: 0.8726, Tiempo: 53.59s
2025-11-10 01:48:50,674 - INFO - Validación    | Pérdida: 0.6503, Accuracy: 0.7208
2025-11-10 01:48:50,676 - INFO - Tasa de aprendizaje reducida de 9.999884727474921e-05 a 9.999884056624134e-05
2025-11-10 01:48:50,677 - INFO - 
--- Época 153/300 ---
2025-11-10 01:49:43,811 - INFO - Entrenamiento | Pérdida: 0.3209, Accuracy: 0.8743, Tiempo: 53.13s
2025-11-10 01:49:51,303 - INFO - Validación    | Pérdida: 0.6510, Accuracy: 0.7125
2025-11-10 01:49:51,303 - INFO - Tasa de aprendizaje reducida de 9.999884056624134e-05 a 9.999883827652064e-05
2025-11-10 01:49:51,303 - INFO - 
--- Época 154/300 ---
2025-11-10 01:50:44,358 - INFO - Entrenamiento | Pérdida: 0.3311, Accuracy: 0.8659, Tiempo: 53.06s
2025-11-10 01:50:51,862 - INFO - Validación    | Pérdida: 0.6428, Accuracy: 0.7042
2025-11-10 01:50:51,862 - INFO - 
--- Época 155/300 ---
2025-11-10 01:51:45,416 - INFO - Entrenamiento | Pérdida: 0.3334, Accuracy: 0.8722, Tiempo: 53.55s
2025-11-10 01:51:53,248 - INFO - Validación    | Pérdida: 0.6246, Accuracy: 0.7292
2025-11-10 01:51:53,248 - INFO - 
--- Época 156/300 ---
2025-11-10 01:52:47,951 - INFO - Entrenamiento | Pérdida: 0.3331, Accuracy: 0.8713, Tiempo: 54.70s
2025-11-10 01:52:55,700 - INFO - Validación    | Pérdida: 0.6380, Accuracy: 0.7167
2025-11-10 01:52:55,702 - INFO - Tasa de aprendizaje reducida de 9.999893041904781e-05 a 9.999888406438307e-05
2025-11-10 01:52:55,703 - INFO - 
--- Época 157/300 ---
2025-11-10 01:53:49,562 - INFO - Entrenamiento | Pérdida: 0.3249, Accuracy: 0.8774, Tiempo: 53.86s
2025-11-10 01:53:57,427 - INFO - Validación    | Pérdida: 0.6465, Accuracy: 0.7167
2025-11-10 01:53:57,428 - INFO - Tasa de aprendizaje reducida de 9.999888406438307e-05 a 9.999885416964223e-05
2025-11-10 01:53:57,430 - INFO - 
--- Época 158/300 ---
2025-11-10 01:54:51,952 - INFO - Entrenamiento | Pérdida: 0.3192, Accuracy: 0.8759, Tiempo: 54.52s
2025-11-10 01:54:59,834 - INFO - Validación    | Pérdida: 0.6565, Accuracy: 0.7125
2025-11-10 01:54:59,834 - INFO - Tasa de aprendizaje reducida de 9.999885416964223e-05 a 9.999881844597632e-05
2025-11-10 01:54:59,850 - INFO - 
--- Época 159/300 ---
2025-11-10 01:55:55,619 - INFO - Entrenamiento | Pérdida: 0.3388, Accuracy: 0.8703, Tiempo: 55.77s
2025-11-10 01:56:03,471 - INFO - Validación    | Pérdida: 0.6604, Accuracy: 0.7125
2025-11-10 01:56:03,473 - INFO - Tasa de aprendizaje reducida de 9.999881844597632e-05 a 9.99988042641713e-05
2025-11-10 01:56:03,474 - INFO - 
--- Época 160/300 ---
2025-11-10 01:56:59,238 - INFO - Entrenamiento | Pérdida: 0.3381, Accuracy: 0.8674, Tiempo: 55.76s
2025-11-10 01:57:07,206 - INFO - Validación    | Pérdida: 0.6413, Accuracy: 0.7250
2025-11-10 01:57:07,206 - INFO - 
--- Época 161/300 ---
2025-11-10 01:58:00,795 - INFO - Entrenamiento | Pérdida: 0.3178, Accuracy: 0.8787, Tiempo: 53.59s
2025-11-10 01:58:08,588 - INFO - Validación    | Pérdida: 0.6550, Accuracy: 0.7125
2025-11-10 01:58:08,588 - INFO - Tasa de aprendizaje reducida de 9.999887264571228e-05 a 9.999882377840531e-05
2025-11-10 01:58:08,588 - INFO - 
--- Época 162/300 ---
2025-11-10 01:59:03,658 - INFO - Entrenamiento | Pérdida: 0.3163, Accuracy: 0.8784, Tiempo: 55.07s
2025-11-10 01:59:11,313 - INFO - Validación    | Pérdida: 0.6463, Accuracy: 0.7208
2025-11-10 01:59:11,313 - INFO - 
--- Época 163/300 ---
2025-11-10 02:00:06,486 - INFO - Entrenamiento | Pérdida: 0.3265, Accuracy: 0.8747, Tiempo: 55.17s
2025-11-10 02:00:14,174 - INFO - Validación    | Pérdida: 0.6809, Accuracy: 0.7000
2025-11-10 02:00:14,176 - INFO - Tasa de aprendizaje reducida de 9.99988547756581e-05 a 9.99987288088308e-05
2025-11-10 02:00:14,177 - INFO - 
--- Época 164/300 ---
2025-11-10 02:01:08,104 - INFO - Entrenamiento | Pérdida: 0.3199, Accuracy: 0.8780, Tiempo: 53.93s
2025-11-10 02:01:15,693 - INFO - Validación    | Pérdida: 0.6509, Accuracy: 0.7042
2025-11-10 02:01:15,693 - INFO - 
--- Época 165/300 ---
2025-11-10 02:02:08,487 - INFO - Entrenamiento | Pérdida: 0.3173, Accuracy: 0.8801, Tiempo: 52.79s
2025-11-10 02:02:16,059 - INFO - Validación    | Pérdida: 0.6501, Accuracy: 0.7000
2025-11-10 02:02:16,061 - INFO - 
--- Época 166/300 ---
2025-11-10 02:03:08,990 - INFO - Entrenamiento | Pérdida: 0.3025, Accuracy: 0.8870, Tiempo: 52.93s
2025-11-10 02:03:16,648 - INFO - Validación    | Pérdida: 0.6729, Accuracy: 0.6833
2025-11-10 02:03:16,648 - INFO - Tasa de aprendizaje reducida de 9.99988414044033e-05 a 9.99987584966263e-05
2025-11-10 02:03:16,648 - INFO - 
--- Época 167/300 ---
2025-11-10 02:04:10,229 - INFO - Entrenamiento | Pérdida: 0.3130, Accuracy: 0.8795, Tiempo: 53.58s
2025-11-10 02:04:17,844 - INFO - Validación    | Pérdida: 0.6861, Accuracy: 0.6958
2025-11-10 02:04:17,844 - INFO - Tasa de aprendizaje reducida de 9.99987584966263e-05 a 9.999870956371765e-05
2025-11-10 02:04:17,859 - INFO - 
--- Época 168/300 ---
2025-11-10 02:05:10,613 - INFO - Entrenamiento | Pérdida: 0.3251, Accuracy: 0.8703, Tiempo: 52.75s
2025-11-10 02:05:18,199 - INFO - Validación    | Pérdida: 0.6460, Accuracy: 0.7042
2025-11-10 02:05:18,214 - INFO - 
--- Época 169/300 ---
2025-11-10 02:06:11,728 - INFO - Entrenamiento | Pérdida: 0.3264, Accuracy: 0.8768, Tiempo: 53.51s
2025-11-10 02:06:19,181 - INFO - Validación    | Pérdida: 0.6707, Accuracy: 0.7083
2025-11-10 02:06:19,181 - INFO - Tasa de aprendizaje reducida de 9.999885582275053e-05 a 9.999876668844007e-05
2025-11-10 02:06:19,181 - INFO - 
--- Época 170/300 ---
2025-11-10 02:07:11,982 - INFO - Entrenamiento | Pérdida: 0.3174, Accuracy: 0.8753, Tiempo: 52.80s
2025-11-10 02:07:19,578 - INFO - Validación    | Pérdida: 0.6720, Accuracy: 0.6875
2025-11-10 02:07:19,579 - INFO - Tasa de aprendizaje reducida de 9.999876668844007e-05 a 9.999876209603389e-05
2025-11-10 02:07:19,580 - INFO - 
--- Época 171/300 ---
2025-11-10 02:08:11,708 - INFO - Entrenamiento | Pérdida: 0.3211, Accuracy: 0.8785, Tiempo: 52.13s
2025-11-10 02:08:19,138 - INFO - Validación    | Pérdida: 0.6802, Accuracy: 0.7042
2025-11-10 02:08:19,139 - INFO - Tasa de aprendizaje reducida de 9.999876209603389e-05 a 9.999873166839494e-05
2025-11-10 02:08:19,140 - INFO - 
--- Época 172/300 ---
2025-11-10 02:09:12,635 - INFO - Entrenamiento | Pérdida: 0.3208, Accuracy: 0.8738, Tiempo: 53.49s
2025-11-10 02:09:20,203 - INFO - Validación    | Pérdida: 0.6644, Accuracy: 0.7125
2025-11-10 02:09:20,203 - INFO - 
--- Época 173/300 ---
2025-11-10 02:10:13,819 - INFO - Entrenamiento | Pérdida: 0.3099, Accuracy: 0.8816, Tiempo: 53.62s
2025-11-10 02:10:21,718 - INFO - Validación    | Pérdida: 0.6739, Accuracy: 0.7000
2025-11-10 02:10:21,718 - INFO - Tasa de aprendizaje reducida de 9.999878985307162e-05 a 9.999875478189698e-05
2025-11-10 02:10:21,718 - INFO - 
--- Época 174/300 ---
2025-11-10 02:11:14,724 - INFO - Entrenamiento | Pérdida: 0.3017, Accuracy: 0.8826, Tiempo: 53.00s
2025-11-10 02:11:22,083 - INFO - Validación    | Pérdida: 0.6491, Accuracy: 0.7208
2025-11-10 02:11:22,083 - INFO - 
--- Época 175/300 ---
2025-11-10 02:12:14,446 - INFO - Entrenamiento | Pérdida: 0.3153, Accuracy: 0.8770, Tiempo: 52.36s
2025-11-10 02:12:22,180 - INFO - Validación    | Pérdida: 0.6669, Accuracy: 0.7042
2025-11-10 02:12:22,181 - INFO - Tasa de aprendizaje reducida de 9.999884476146697e-05 a 9.99987808390587e-05
2025-11-10 02:12:22,182 - INFO - 
--- Época 176/300 ---
2025-11-10 02:13:15,010 - INFO - Entrenamiento | Pérdida: 0.3123, Accuracy: 0.8791, Tiempo: 52.83s
2025-11-10 02:13:22,896 - INFO - Validación    | Pérdida: 0.6834, Accuracy: 0.6792
2025-11-10 02:13:22,897 - INFO - Tasa de aprendizaje reducida de 9.99987808390587e-05 a 9.999871962766005e-05
2025-11-10 02:13:22,898 - INFO - 
--- Época 177/300 ---
2025-11-10 02:14:16,342 - INFO - Entrenamiento | Pérdida: 0.3136, Accuracy: 0.8789, Tiempo: 53.44s
2025-11-10 02:14:23,859 - INFO - Validación    | Pérdida: 0.6750, Accuracy: 0.7000
2025-11-10 02:14:23,859 - INFO - 
--- Época 178/300 ---
2025-11-10 02:15:17,293 - INFO - Entrenamiento | Pérdida: 0.3057, Accuracy: 0.8820, Tiempo: 53.43s
2025-11-10 02:15:25,046 - INFO - Validación    | Pérdida: 0.6641, Accuracy: 0.7083
2025-11-10 02:15:25,046 - INFO - 
--- Época 179/300 ---
2025-11-10 02:16:17,312 - INFO - Entrenamiento | Pérdida: 0.3141, Accuracy: 0.8782, Tiempo: 52.27s
2025-11-10 02:16:24,814 - INFO - Validación    | Pérdida: 0.6792, Accuracy: 0.6917
2025-11-10 02:16:24,814 - INFO - Tasa de aprendizaje reducida de 9.99987908230693e-05 a 9.999873531998661e-05
2025-11-10 02:16:24,814 - INFO - 
--- Época 180/300 ---
2025-11-10 02:17:16,997 - INFO - Entrenamiento | Pérdida: 0.3124, Accuracy: 0.8814, Tiempo: 52.18s
2025-11-10 02:17:24,597 - INFO - Validación    | Pérdida: 0.6955, Accuracy: 0.6917
2025-11-10 02:17:24,613 - INFO - Tasa de aprendizaje reducida de 9.999873531998661e-05 a 9.999867379500404e-05
2025-11-10 02:17:24,613 - INFO - 
--- Época 181/300 ---
2025-11-10 02:18:18,445 - INFO - Entrenamiento | Pérdida: 0.3055, Accuracy: 0.8851, Tiempo: 53.83s
2025-11-10 02:18:26,298 - INFO - Validación    | Pérdida: 0.6794, Accuracy: 0.7125
2025-11-10 02:18:26,298 - INFO - 
--- Época 182/300 ---
2025-11-10 02:19:19,450 - INFO - Entrenamiento | Pérdida: 0.3272, Accuracy: 0.8816, Tiempo: 53.15s
2025-11-10 02:19:27,504 - INFO - Validación    | Pérdida: 0.6750, Accuracy: 0.7042
2025-11-10 02:19:27,505 - INFO - 
--- Época 183/300 ---
2025-11-10 02:20:23,148 - INFO - Entrenamiento | Pérdida: 0.3088, Accuracy: 0.8837, Tiempo: 55.64s
2025-11-10 02:20:30,964 - INFO - Validación    | Pérdida: 0.6787, Accuracy: 0.6958
2025-11-10 02:20:30,964 - INFO - Tasa de aprendizaje reducida de 9.999875072139408e-05 a 9.999873717039969e-05
2025-11-10 02:20:30,964 - INFO - 
--- Época 184/300 ---
2025-11-10 02:21:25,137 - INFO - Entrenamiento | Pérdida: 0.2937, Accuracy: 0.8880, Tiempo: 54.17s
2025-11-10 02:21:33,353 - INFO - Validación    | Pérdida: 0.6755, Accuracy: 0.6958
2025-11-10 02:21:33,353 - INFO - 
--- Época 185/300 ---
2025-11-10 02:22:26,361 - INFO - Entrenamiento | Pérdida: 0.3024, Accuracy: 0.8833, Tiempo: 53.01s
2025-11-10 02:22:34,548 - INFO - Validación    | Pérdida: 0.6822, Accuracy: 0.6958
2025-11-10 02:22:34,551 - INFO - Tasa de aprendizaje reducida de 9.99987490732074e-05 a 9.999872391292642e-05
2025-11-10 02:22:34,552 - INFO - 
--- Época 186/300 ---
2025-11-10 02:23:30,184 - INFO - Entrenamiento | Pérdida: 0.3042, Accuracy: 0.8872, Tiempo: 55.63s
2025-11-10 02:23:38,090 - INFO - Validación    | Pérdida: 0.6732, Accuracy: 0.6917
2025-11-10 02:23:38,090 - INFO - 
--- Época 187/300 ---
2025-11-10 02:24:34,399 - INFO - Entrenamiento | Pérdida: 0.3026, Accuracy: 0.8849, Tiempo: 56.29s
2025-11-10 02:24:42,906 - INFO - Validación    | Pérdida: 0.6624, Accuracy: 0.7000
2025-11-10 02:24:42,908 - INFO - 
--- Época 188/300 ---
2025-11-10 02:25:37,791 - INFO - Entrenamiento | Pérdida: 0.3085, Accuracy: 0.8828, Tiempo: 54.88s
2025-11-10 02:25:45,458 - INFO - Validación    | Pérdida: 0.6691, Accuracy: 0.7083
2025-11-10 02:25:45,458 - INFO - Tasa de aprendizaje reducida de 9.999879715749747e-05 a 9.999877260737551e-05
2025-11-10 02:25:45,473 - INFO - 
--- Época 189/300 ---
2025-11-10 02:26:41,026 - INFO - Entrenamiento | Pérdida: 0.3166, Accuracy: 0.8807, Tiempo: 55.55s
2025-11-10 02:26:48,856 - INFO - Validación    | Pérdida: 0.6738, Accuracy: 0.7042
2025-11-10 02:26:48,858 - INFO - Tasa de aprendizaje reducida de 9.999877260737551e-05 a 9.999875524772527e-05
2025-11-10 02:26:48,859 - INFO - 
--- Época 190/300 ---
2025-11-10 02:27:42,162 - INFO - Entrenamiento | Pérdida: 0.3072, Accuracy: 0.8826, Tiempo: 53.30s
2025-11-10 02:27:49,842 - INFO - Validación    | Pérdida: 0.6458, Accuracy: 0.7250
2025-11-10 02:27:49,842 - INFO - 
--- Época 191/300 ---
2025-11-10 02:28:43,429 - INFO - Entrenamiento | Pérdida: 0.2934, Accuracy: 0.8809, Tiempo: 53.59s
2025-11-10 02:28:51,595 - INFO - Validación    | Pérdida: 0.6622, Accuracy: 0.7208
2025-11-10 02:28:51,595 - INFO - Tasa de aprendizaje reducida de 9.999885658594076e-05 a 9.999879790286163e-05
2025-11-10 02:28:51,595 - INFO - 
--- Época 192/300 ---
2025-11-10 02:29:46,245 - INFO - Entrenamiento | Pérdida: 0.3010, Accuracy: 0.8835, Tiempo: 54.65s
2025-11-10 02:29:53,855 - INFO - Validación    | Pérdida: 0.6838, Accuracy: 0.7000
2025-11-10 02:29:53,857 - INFO - Tasa de aprendizaje reducida de 9.999879790286163e-05 a 9.999871797585691e-05
2025-11-10 02:29:53,857 - INFO - 
--- Época 193/300 ---
2025-11-10 02:30:47,028 - INFO - Entrenamiento | Pérdida: 0.3050, Accuracy: 0.8833, Tiempo: 53.17s
2025-11-10 02:30:55,061 - INFO - Validación    | Pérdida: 0.6778, Accuracy: 0.7000
2025-11-10 02:30:55,061 - INFO - 
--- Época 194/300 ---
2025-11-10 02:31:51,693 - INFO - Entrenamiento | Pérdida: 0.3002, Accuracy: 0.8849, Tiempo: 56.63s
2025-11-10 02:31:59,279 - INFO - Validación    | Pérdida: 0.6427, Accuracy: 0.7083
2025-11-10 02:31:59,281 - INFO - 
--- Época 195/300 ---
2025-11-10 02:32:54,584 - INFO - Entrenamiento | Pérdida: 0.3047, Accuracy: 0.8862, Tiempo: 55.30s
2025-11-10 02:33:02,365 - INFO - Validación    | Pérdida: 0.6906, Accuracy: 0.7000
2025-11-10 02:33:02,365 - INFO - Tasa de aprendizaje reducida de 9.999886771498386e-05 a 9.999869234418109e-05
2025-11-10 02:33:02,365 - INFO - 
--- Época 196/300 ---
2025-11-10 02:33:56,500 - INFO - Entrenamiento | Pérdida: 0.3010, Accuracy: 0.8856, Tiempo: 54.13s
2025-11-10 02:34:04,702 - INFO - Validación    | Pérdida: 0.6510, Accuracy: 0.7250
2025-11-10 02:34:04,702 - INFO - 
--- Época 197/300 ---
2025-11-10 02:35:01,479 - INFO - Entrenamiento | Pérdida: 0.3135, Accuracy: 0.8782, Tiempo: 56.78s
2025-11-10 02:35:09,553 - INFO - Validación    | Pérdida: 0.6651, Accuracy: 0.7042
2025-11-10 02:35:09,555 - INFO - Tasa de aprendizaje reducida de 9.999883805588032e-05 a 9.99987872308253e-05
2025-11-10 02:35:09,556 - INFO - 
--- Época 198/300 ---
2025-11-10 02:36:04,289 - INFO - Entrenamiento | Pérdida: 0.2914, Accuracy: 0.8872, Tiempo: 54.73s
2025-11-10 02:36:12,725 - INFO - Validación    | Pérdida: 0.6659, Accuracy: 0.7042
2025-11-10 02:36:12,727 - INFO - Tasa de aprendizaje reducida de 9.99987872308253e-05 a 9.999878447018515e-05
2025-11-10 02:36:12,729 - INFO - 
--- Época 199/300 ---
2025-11-10 02:37:07,956 - INFO - Entrenamiento | Pérdida: 0.3111, Accuracy: 0.8816, Tiempo: 55.22s
2025-11-10 02:37:15,631 - INFO - Validación    | Pérdida: 0.6603, Accuracy: 0.7125
2025-11-10 02:37:15,631 - INFO - 
--- Época 200/300 ---
2025-11-10 02:38:09,990 - INFO - Entrenamiento | Pérdida: 0.3003, Accuracy: 0.8868, Tiempo: 54.35s
2025-11-10 02:38:18,837 - INFO - Validación    | Pérdida: 0.6837, Accuracy: 0.6833
2025-11-10 02:38:18,837 - INFO - Tasa de aprendizaje reducida de 9.999880464730693e-05 a 9.999871835680102e-05
2025-11-10 02:38:18,837 - INFO - 
--- Época 201/300 ---
2025-11-10 02:39:15,225 - INFO - Entrenamiento | Pérdida: 0.2986, Accuracy: 0.8818, Tiempo: 56.37s
2025-11-10 02:39:23,133 - INFO - Validación    | Pérdida: 0.6751, Accuracy: 0.7042
2025-11-10 02:39:23,136 - INFO - 
--- Época 202/300 ---
2025-11-10 02:40:17,093 - INFO - Entrenamiento | Pérdida: 0.2977, Accuracy: 0.8862, Tiempo: 53.96s
2025-11-10 02:40:24,788 - INFO - Validación    | Pérdida: 0.6746, Accuracy: 0.7083
2025-11-10 02:40:24,790 - INFO - 
--- Época 203/300 ---
2025-11-10 02:41:18,461 - INFO - Entrenamiento | Pérdida: 0.2807, Accuracy: 0.8899, Tiempo: 53.67s
2025-11-10 02:41:26,392 - INFO - Validación    | Pérdida: 0.6913, Accuracy: 0.7083
2025-11-10 02:41:26,393 - INFO - Tasa de aprendizaje reducida de 9.999875228214207e-05 a 9.99986897071963e-05
2025-11-10 02:41:26,394 - INFO - 
--- Época 204/300 ---
2025-11-10 02:42:20,145 - INFO - Entrenamiento | Pérdida: 0.2991, Accuracy: 0.8897, Tiempo: 53.75s
2025-11-10 02:42:27,939 - INFO - Validación    | Pérdida: 0.7042, Accuracy: 0.7000
2025-11-10 02:42:27,946 - INFO - Tasa de aprendizaje reducida de 9.99986897071963e-05 a 9.999864033909146e-05
2025-11-10 02:42:27,946 - INFO - 
--- Época 205/300 ---
2025-11-10 02:43:20,591 - INFO - Entrenamiento | Pérdida: 0.2916, Accuracy: 0.8862, Tiempo: 52.64s
2025-11-10 02:43:28,965 - INFO - Validación    | Pérdida: 0.6857, Accuracy: 0.7042
2025-11-10 02:43:28,967 - INFO - 
--- Época 206/300 ---
2025-11-10 02:44:22,528 - INFO - Entrenamiento | Pérdida: 0.2854, Accuracy: 0.8941, Tiempo: 53.56s
2025-11-10 02:44:30,296 - INFO - Validación    | Pérdida: 0.6797, Accuracy: 0.7042
2025-11-10 02:44:30,296 - INFO - 
--- Época 207/300 ---
2025-11-10 02:45:23,968 - INFO - Entrenamiento | Pérdida: 0.3183, Accuracy: 0.8751, Tiempo: 53.67s
2025-11-10 02:45:31,683 - INFO - Validación    | Pérdida: 0.7005, Accuracy: 0.6958
2025-11-10 02:45:31,683 - INFO - Tasa de aprendizaje reducida de 9.999873329223115e-05 a 9.999865477780186e-05
2025-11-10 02:45:31,683 - INFO - 
--- Época 208/300 ---
2025-11-10 02:46:26,348 - INFO - Entrenamiento | Pérdida: 0.2928, Accuracy: 0.8883, Tiempo: 54.67s
2025-11-10 02:46:34,084 - INFO - Validación    | Pérdida: 0.6799, Accuracy: 0.7000
2025-11-10 02:46:34,084 - INFO - 
--- Época 209/300 ---
2025-11-10 02:47:26,617 - INFO - Entrenamiento | Pérdida: 0.3029, Accuracy: 0.8799, Tiempo: 52.53s
2025-11-10 02:47:34,852 - INFO - Validación    | Pérdida: 0.6683, Accuracy: 0.7083
2025-11-10 02:47:34,852 - INFO - 
--- Época 210/300 ---
2025-11-10 02:48:29,257 - INFO - Entrenamiento | Pérdida: 0.2975, Accuracy: 0.8837, Tiempo: 54.40s
2025-11-10 02:48:36,787 - INFO - Validación    | Pérdida: 0.6981, Accuracy: 0.6958
2025-11-10 02:48:36,787 - INFO - Tasa de aprendizaje reducida de 9.999877558472856e-05 a 9.999866407271072e-05
2025-11-10 02:48:36,787 - INFO - 
--- Época 211/300 ---
2025-11-10 02:49:32,322 - INFO - Entrenamiento | Pérdida: 0.3002, Accuracy: 0.8837, Tiempo: 55.54s
2025-11-10 02:49:40,340 - INFO - Validación    | Pérdida: 0.6659, Accuracy: 0.7083
2025-11-10 02:49:40,340 - INFO - 
--- Época 212/300 ---
2025-11-10 02:50:34,682 - INFO - Entrenamiento | Pérdida: 0.2975, Accuracy: 0.8883, Tiempo: 54.34s
2025-11-10 02:50:42,658 - INFO - Validación    | Pérdida: 0.6854, Accuracy: 0.7042
2025-11-10 02:50:42,658 - INFO - Tasa de aprendizaje reducida de 9.999878441839222e-05 a 9.999871191939483e-05
2025-11-10 02:50:42,658 - INFO - 
--- Época 213/300 ---
2025-11-10 02:51:37,785 - INFO - Entrenamiento | Pérdida: 0.2883, Accuracy: 0.8876, Tiempo: 55.13s
2025-11-10 02:51:46,103 - INFO - Validación    | Pérdida: 0.6866, Accuracy: 0.6958
2025-11-10 02:51:46,103 - INFO - Tasa de aprendizaje reducida de 9.999871191939483e-05 a 9.999870758836205e-05
2025-11-10 02:51:46,119 - INFO - 
--- Época 214/300 ---
2025-11-10 02:52:39,384 - INFO - Entrenamiento | Pérdida: 0.2973, Accuracy: 0.8893, Tiempo: 53.26s
2025-11-10 02:52:47,993 - INFO - Validación    | Pérdida: 0.6879, Accuracy: 0.6917
2025-11-10 02:52:47,993 - INFO - Tasa de aprendizaje reducida de 9.999870758836205e-05 a 9.99987028264733e-05
2025-11-10 02:52:47,993 - INFO - 
--- Época 215/300 ---
2025-11-10 02:53:43,579 - INFO - Entrenamiento | Pérdida: 0.3081, Accuracy: 0.8803, Tiempo: 55.59s
2025-11-10 02:53:51,386 - INFO - Validación    | Pérdida: 0.6604, Accuracy: 0.7083
2025-11-10 02:53:51,388 - INFO - 
--- Época 216/300 ---
2025-11-10 02:54:46,335 - INFO - Entrenamiento | Pérdida: 0.2926, Accuracy: 0.8906, Tiempo: 54.94s
2025-11-10 02:54:54,130 - INFO - Validación    | Pérdida: 0.6632, Accuracy: 0.7000
2025-11-10 02:54:54,139 - INFO - Tasa de aprendizaje reducida de 9.999880434815159e-05 a 9.999879434693965e-05
2025-11-10 02:54:54,139 - INFO - 
--- Época 217/300 ---
2025-11-10 02:55:47,064 - INFO - Entrenamiento | Pérdida: 0.2808, Accuracy: 0.8906, Tiempo: 52.93s
2025-11-10 02:55:54,878 - INFO - Validación    | Pérdida: 0.6755, Accuracy: 0.7208
2025-11-10 02:55:54,878 - INFO - Tasa de aprendizaje reducida de 9.999879434693965e-05 a 9.999874906136723e-05
2025-11-10 02:55:54,878 - INFO - 
--- Época 218/300 ---
2025-11-10 02:56:48,434 - INFO - Entrenamiento | Pérdida: 0.2863, Accuracy: 0.8939, Tiempo: 53.56s
2025-11-10 02:56:56,246 - INFO - Validación    | Pérdida: 0.6661, Accuracy: 0.7042
2025-11-10 02:56:56,246 - INFO - 
--- Época 219/300 ---
2025-11-10 02:57:50,511 - INFO - Entrenamiento | Pérdida: 0.2929, Accuracy: 0.8870, Tiempo: 54.26s
2025-11-10 02:57:58,280 - INFO - Validación    | Pérdida: 0.6719, Accuracy: 0.7000
2025-11-10 02:57:58,280 - INFO - Tasa de aprendizaje reducida de 9.999878361644758e-05 a 9.999876229597221e-05
2025-11-10 02:57:58,280 - INFO - 
--- Época 220/300 ---
2025-11-10 02:58:51,534 - INFO - Entrenamiento | Pérdida: 0.2763, Accuracy: 0.8927, Tiempo: 53.24s
2025-11-10 02:59:00,247 - INFO - Validación    | Pérdida: 0.6758, Accuracy: 0.6958
2025-11-10 02:59:00,247 - INFO - Tasa de aprendizaje reducida de 9.999876229597221e-05 a 9.999874783494078e-05
2025-11-10 02:59:00,247 - INFO - 
--- Época 221/300 ---
2025-11-10 02:59:55,385 - INFO - Entrenamiento | Pérdida: 0.3100, Accuracy: 0.8797, Tiempo: 55.12s
2025-11-10 03:00:03,215 - INFO - Validación    | Pérdida: 0.6555, Accuracy: 0.7292
2025-11-10 03:00:03,215 - INFO - 
--- Época 222/300 ---
2025-11-10 03:00:57,101 - INFO - Entrenamiento | Pérdida: 0.2912, Accuracy: 0.8872, Tiempo: 53.89s
2025-11-10 03:01:05,203 - INFO - Validación    | Pérdida: 0.6793, Accuracy: 0.7042
2025-11-10 03:01:05,203 - INFO - Tasa de aprendizaje reducida de 9.999882197740875e-05 a 9.999873484237083e-05
2025-11-10 03:01:05,203 - INFO - 
--- Época 223/300 ---
2025-11-10 03:01:56,703 - INFO - Entrenamiento | Pérdida: 0.2869, Accuracy: 0.8883, Tiempo: 51.50s
2025-11-10 03:02:04,109 - INFO - Validación    | Pérdida: 0.6667, Accuracy: 0.7250
2025-11-10 03:02:04,110 - INFO - 
--- Época 224/300 ---
2025-11-10 03:02:56,904 - INFO - Entrenamiento | Pérdida: 0.2896, Accuracy: 0.8895, Tiempo: 52.79s
2025-11-10 03:03:04,582 - INFO - Validación    | Pérdida: 0.6949, Accuracy: 0.6875
2025-11-10 03:03:04,582 - INFO - Tasa de aprendizaje reducida de 9.999878153622841e-05 a 9.999867605104226e-05
2025-11-10 03:03:04,589 - INFO - 
--- Época 225/300 ---
2025-11-10 03:03:56,940 - INFO - Entrenamiento | Pérdida: 0.2928, Accuracy: 0.8853, Tiempo: 52.35s
2025-11-10 03:04:04,551 - INFO - Validación    | Pérdida: 0.6816, Accuracy: 0.7042
2025-11-10 03:04:04,553 - INFO - 
--- Época 226/300 ---
2025-11-10 03:04:59,274 - INFO - Entrenamiento | Pérdida: 0.2962, Accuracy: 0.8841, Tiempo: 54.72s
2025-11-10 03:05:06,857 - INFO - Validación    | Pérdida: 0.6889, Accuracy: 0.7042
2025-11-10 03:05:06,857 - INFO - Tasa de aprendizaje reducida de 9.999872640962019e-05 a 9.999869880836618e-05
2025-11-10 03:05:06,857 - INFO - 
--- Época 227/300 ---
2025-11-10 03:05:59,261 - INFO - Entrenamiento | Pérdida: 0.2979, Accuracy: 0.8874, Tiempo: 52.40s
2025-11-10 03:06:06,793 - INFO - Validación    | Pérdida: 0.6848, Accuracy: 0.6917
2025-11-10 03:06:06,793 - INFO - 
--- Época 228/300 ---
2025-11-10 03:07:01,145 - INFO - Entrenamiento | Pérdida: 0.2908, Accuracy: 0.8906, Tiempo: 54.35s
2025-11-10 03:07:08,925 - INFO - Validación    | Pérdida: 0.7113, Accuracy: 0.6917
2025-11-10 03:07:08,925 - INFO - Tasa de aprendizaje reducida de 9.999871426478066e-05 a 9.9998612820213e-05
2025-11-10 03:07:08,925 - INFO - 
--- Época 229/300 ---
2025-11-10 03:08:03,993 - INFO - Entrenamiento | Pérdida: 0.2918, Accuracy: 0.8908, Tiempo: 55.07s
2025-11-10 03:08:11,963 - INFO - Validación    | Pérdida: 0.6909, Accuracy: 0.6958
2025-11-10 03:08:11,963 - INFO - 
--- Época 230/300 ---
2025-11-10 03:09:07,788 - INFO - Entrenamiento | Pérdida: 0.2858, Accuracy: 0.8878, Tiempo: 55.82s
2025-11-10 03:09:15,965 - INFO - Validación    | Pérdida: 0.6908, Accuracy: 0.7000
2025-11-10 03:09:15,965 - INFO - 
--- Época 231/300 ---
2025-11-10 03:10:11,524 - INFO - Entrenamiento | Pérdida: 0.2898, Accuracy: 0.8885, Tiempo: 55.54s
2025-11-10 03:10:19,681 - INFO - Validación    | Pérdida: 0.6732, Accuracy: 0.7167
2025-11-10 03:10:19,681 - INFO - 
--- Época 232/300 ---
2025-11-10 03:11:12,664 - INFO - Entrenamiento | Pérdida: 0.2892, Accuracy: 0.8887, Tiempo: 52.98s
2025-11-10 03:11:20,432 - INFO - Validación    | Pérdida: 0.6597, Accuracy: 0.7333
2025-11-10 03:11:20,432 - INFO - 
--- Época 233/300 ---
2025-11-10 03:12:13,584 - INFO - Entrenamiento | Pérdida: 0.2858, Accuracy: 0.8933, Tiempo: 53.15s
2025-11-10 03:12:21,248 - INFO - Validación    | Pérdida: 0.6915, Accuracy: 0.6917
2025-11-10 03:12:21,248 - INFO - Tasa de aprendizaje reducida de 9.999880697114826e-05 a 9.999868909897486e-05
2025-11-10 03:12:21,248 - INFO - 
--- Época 234/300 ---
2025-11-10 03:13:14,285 - INFO - Entrenamiento | Pérdida: 0.2910, Accuracy: 0.8883, Tiempo: 53.04s
2025-11-10 03:13:22,220 - INFO - Validación    | Pérdida: 0.6638, Accuracy: 0.7208
2025-11-10 03:13:22,222 - INFO - 
--- Época 235/300 ---
2025-11-10 03:14:15,495 - INFO - Entrenamiento | Pérdida: 0.2802, Accuracy: 0.8904, Tiempo: 53.27s
2025-11-10 03:14:23,336 - INFO - Validación    | Pérdida: 0.6707, Accuracy: 0.7125
2025-11-10 03:14:23,336 - INFO - Tasa de aprendizaje reducida de 9.999879193217843e-05 a 9.999876662485637e-05
2025-11-10 03:14:23,336 - INFO - 
--- Época 236/300 ---
2025-11-10 03:15:15,780 - INFO - Entrenamiento | Pérdida: 0.2834, Accuracy: 0.8935, Tiempo: 52.44s
2025-11-10 03:15:23,556 - INFO - Validación    | Pérdida: 0.6856, Accuracy: 0.7042
2025-11-10 03:15:23,558 - INFO - Tasa de aprendizaje reducida de 9.999876662485637e-05 a 9.999871116181348e-05
2025-11-10 03:15:23,559 - INFO - 
--- Época 237/300 ---
2025-11-10 03:16:16,403 - INFO - Entrenamiento | Pérdida: 0.2892, Accuracy: 0.8929, Tiempo: 52.84s
2025-11-10 03:16:24,551 - INFO - Validación    | Pérdida: 0.6892, Accuracy: 0.7125
2025-11-10 03:16:24,553 - INFO - Tasa de aprendizaje reducida de 9.999871116181348e-05 a 9.999869779010308e-05
2025-11-10 03:16:24,554 - INFO - 
--- Época 238/300 ---
2025-11-10 03:17:19,186 - INFO - Entrenamiento | Pérdida: 0.2937, Accuracy: 0.8901, Tiempo: 54.63s
2025-11-10 03:17:27,334 - INFO - Validación    | Pérdida: 0.6836, Accuracy: 0.7000
2025-11-10 03:17:27,334 - INFO - 
--- Época 239/300 ---
2025-11-10 03:18:21,673 - INFO - Entrenamiento | Pérdida: 0.2779, Accuracy: 0.8943, Tiempo: 54.33s
2025-11-10 03:18:29,480 - INFO - Validación    | Pérdida: 0.6867, Accuracy: 0.7083
2025-11-10 03:18:29,482 - INFO - Tasa de aprendizaje reducida de 9.999871892693442e-05 a 9.999870738390341e-05
2025-11-10 03:18:29,482 - INFO - 
--- Época 240/300 ---
2025-11-10 03:19:22,061 - INFO - Entrenamiento | Pérdida: 0.2671, Accuracy: 0.8962, Tiempo: 52.58s
2025-11-10 03:19:31,308 - INFO - Validación    | Pérdida: 0.6697, Accuracy: 0.7375
2025-11-10 03:19:31,311 - INFO - 
--- Época 241/300 ---
2025-11-10 03:20:24,794 - INFO - Entrenamiento | Pérdida: 0.2926, Accuracy: 0.8903, Tiempo: 53.48s
2025-11-10 03:20:32,327 - INFO - Validación    | Pérdida: 0.6828, Accuracy: 0.7042
2025-11-10 03:20:32,327 - INFO - Tasa de aprendizaje reducida de 9.999877037345451e-05 a 9.999872187673469e-05
2025-11-10 03:20:32,337 - INFO - 
--- Época 242/300 ---
2025-11-10 03:21:27,439 - INFO - Entrenamiento | Pérdida: 0.2973, Accuracy: 0.8945, Tiempo: 55.10s
2025-11-10 03:21:35,027 - INFO - Validación    | Pérdida: 0.6770, Accuracy: 0.6875
2025-11-10 03:21:35,029 - INFO - 
--- Época 243/300 ---
2025-11-10 03:22:27,436 - INFO - Entrenamiento | Pérdida: 0.2706, Accuracy: 0.9004, Tiempo: 52.41s
2025-11-10 03:22:36,045 - INFO - Validación    | Pérdida: 0.6748, Accuracy: 0.7208
2025-11-10 03:22:36,047 - INFO - 
--- Época 244/300 ---
2025-11-10 03:23:31,319 - INFO - Entrenamiento | Pérdida: 0.2958, Accuracy: 0.8880, Tiempo: 55.27s
2025-11-10 03:23:39,263 - INFO - Validación    | Pérdida: 0.6782, Accuracy: 0.7042
2025-11-10 03:23:39,263 - INFO - Tasa de aprendizaje reducida de 9.999875156781781e-05 a 9.99987389614674e-05
2025-11-10 03:23:39,263 - INFO - 
--- Época 245/300 ---
2025-11-10 03:24:32,942 - INFO - Entrenamiento | Pérdida: 0.2836, Accuracy: 0.8954, Tiempo: 53.68s
2025-11-10 03:24:40,779 - INFO - Validación    | Pérdida: 0.6877, Accuracy: 0.7000
2025-11-10 03:24:40,780 - INFO - Tasa de aprendizaje reducida de 9.99987389614674e-05 a 9.99987034318985e-05
2025-11-10 03:24:40,782 - INFO - 
--- Época 246/300 ---
2025-11-10 03:25:36,086 - INFO - Entrenamiento | Pérdida: 0.2787, Accuracy: 0.8956, Tiempo: 55.30s
2025-11-10 03:25:43,855 - INFO - Validación    | Pérdida: 0.6791, Accuracy: 0.7000
2025-11-10 03:25:43,857 - INFO - 
--- Época 247/300 ---
2025-11-10 03:26:37,035 - INFO - Entrenamiento | Pérdida: 0.2995, Accuracy: 0.8885, Tiempo: 53.18s
2025-11-10 03:26:45,101 - INFO - Validación    | Pérdida: 0.6646, Accuracy: 0.7000
2025-11-10 03:26:45,101 - INFO - 
--- Época 248/300 ---
2025-11-10 03:27:39,369 - INFO - Entrenamiento | Pérdida: 0.2745, Accuracy: 0.8929, Tiempo: 54.27s
2025-11-10 03:27:47,529 - INFO - Validación    | Pérdida: 0.6683, Accuracy: 0.7125
2025-11-10 03:27:47,530 - INFO - Tasa de aprendizaje reducida de 9.999878921884537e-05 a 9.99987755039232e-05
2025-11-10 03:27:47,530 - INFO - 
--- Época 249/300 ---
2025-11-10 03:28:41,190 - INFO - Entrenamiento | Pérdida: 0.2853, Accuracy: 0.8893, Tiempo: 53.66s
2025-11-10 03:28:49,778 - INFO - Validación    | Pérdida: 0.6868, Accuracy: 0.6917
2025-11-10 03:28:49,778 - INFO - Tasa de aprendizaje reducida de 9.99987755039232e-05 a 9.999870680343373e-05
2025-11-10 03:28:49,778 - INFO - 
--- Época 250/300 ---
2025-11-10 03:29:43,437 - INFO - Entrenamiento | Pérdida: 0.2734, Accuracy: 0.8975, Tiempo: 53.66s
2025-11-10 03:29:51,306 - INFO - Validación    | Pérdida: 0.6839, Accuracy: 0.7042
2025-11-10 03:29:51,306 - INFO - 
--- Época 251/300 ---
2025-11-10 03:30:45,072 - INFO - Entrenamiento | Pérdida: 0.2776, Accuracy: 0.8985, Tiempo: 53.77s
2025-11-10 03:30:53,056 - INFO - Validación    | Pérdida: 0.6729, Accuracy: 0.7167
2025-11-10 03:30:53,056 - INFO - 
--- Época 252/300 ---
2025-11-10 03:31:49,106 - INFO - Entrenamiento | Pérdida: 0.2937, Accuracy: 0.8881, Tiempo: 56.05s
2025-11-10 03:31:57,083 - INFO - Validación    | Pérdida: 0.6843, Accuracy: 0.7167
2025-11-10 03:31:57,090 - INFO - Tasa de aprendizaje reducida de 9.999875847693535e-05 a 9.999871635935874e-05
2025-11-10 03:31:57,091 - INFO - 
--- Época 253/300 ---
2025-11-10 03:32:50,558 - INFO - Entrenamiento | Pérdida: 0.2655, Accuracy: 0.8972, Tiempo: 53.47s
2025-11-10 03:32:59,056 - INFO - Validación    | Pérdida: 0.6850, Accuracy: 0.7333
2025-11-10 03:32:59,057 - INFO - Tasa de aprendizaje reducida de 9.999871635935874e-05 a 9.999871361697474e-05
2025-11-10 03:32:59,058 - INFO - 
--- Época 254/300 ---
2025-11-10 03:33:52,836 - INFO - Entrenamiento | Pérdida: 0.2825, Accuracy: 0.8929, Tiempo: 53.78s
2025-11-10 03:34:00,619 - INFO - Validación    | Pérdida: 0.7144, Accuracy: 0.7000
2025-11-10 03:34:00,620 - INFO - Tasa de aprendizaje reducida de 9.999871361697474e-05 a 9.99986009375471e-05
2025-11-10 03:34:00,621 - INFO - 
--- Época 255/300 ---
2025-11-10 03:34:53,850 - INFO - Entrenamiento | Pérdida: 0.2736, Accuracy: 0.8962, Tiempo: 53.23s
2025-11-10 03:35:01,812 - INFO - Validación    | Pérdida: 0.7041, Accuracy: 0.7042
2025-11-10 03:35:01,812 - INFO - 
--- Época 256/300 ---
2025-11-10 03:35:56,516 - INFO - Entrenamiento | Pérdida: 0.2825, Accuracy: 0.8931, Tiempo: 54.70s
2025-11-10 03:36:04,789 - INFO - Validación    | Pérdida: 0.6821, Accuracy: 0.7125
2025-11-10 03:36:04,790 - INFO - 
--- Época 257/300 ---
2025-11-10 03:36:57,915 - INFO - Entrenamiento | Pérdida: 0.2625, Accuracy: 0.9014, Tiempo: 53.12s
2025-11-10 03:37:05,557 - INFO - Validación    | Pérdida: 0.6963, Accuracy: 0.7167
2025-11-10 03:37:05,558 - INFO - Tasa de aprendizaje reducida de 9.999872465131052e-05 a 9.999867088398828e-05
2025-11-10 03:37:05,559 - INFO - 
--- Época 258/300 ---
2025-11-10 03:37:58,147 - INFO - Entrenamiento | Pérdida: 0.2798, Accuracy: 0.8939, Tiempo: 52.59s
2025-11-10 03:38:05,803 - INFO - Validación    | Pérdida: 0.6940, Accuracy: 0.7125
2025-11-10 03:38:05,804 - INFO - 
--- Época 259/300 ---
2025-11-10 03:38:59,386 - INFO - Entrenamiento | Pérdida: 0.2683, Accuracy: 0.9012, Tiempo: 53.58s
2025-11-10 03:39:07,151 - INFO - Validación    | Pérdida: 0.6873, Accuracy: 0.7167
2025-11-10 03:39:07,167 - INFO - 
--- Época 260/300 ---
2025-11-10 03:40:02,871 - INFO - Entrenamiento | Pérdida: 0.2965, Accuracy: 0.8899, Tiempo: 55.70s
2025-11-10 03:40:10,701 - INFO - Validación    | Pérdida: 0.7050, Accuracy: 0.6958
2025-11-10 03:40:10,701 - INFO - Tasa de aprendizaje reducida de 9.999870489177601e-05 a 9.99986375736514e-05
2025-11-10 03:40:10,701 - INFO - 
--- Época 261/300 ---
2025-11-10 03:41:05,168 - INFO - Entrenamiento | Pérdida: 0.2667, Accuracy: 0.8960, Tiempo: 54.47s
2025-11-10 03:41:12,954 - INFO - Validación    | Pérdida: 0.6761, Accuracy: 0.7167
2025-11-10 03:41:12,954 - INFO - 
--- Época 262/300 ---
2025-11-10 03:42:07,856 - INFO - Entrenamiento | Pérdida: 0.2870, Accuracy: 0.8908, Tiempo: 54.89s
2025-11-10 03:42:15,524 - INFO - Validación    | Pérdida: 0.7020, Accuracy: 0.6958
2025-11-10 03:42:15,525 - INFO - Tasa de aprendizaje reducida de 9.999874672890348e-05 a 9.999864891060293e-05
2025-11-10 03:42:15,526 - INFO - 
--- Época 263/300 ---
2025-11-10 03:43:11,584 - INFO - Entrenamiento | Pérdida: 0.2749, Accuracy: 0.8947, Tiempo: 56.06s
2025-11-10 03:43:19,805 - INFO - Validación    | Pérdida: 0.6845, Accuracy: 0.7208
2025-11-10 03:43:19,805 - INFO - 
--- Época 264/300 ---
2025-11-10 03:44:15,410 - INFO - Entrenamiento | Pérdida: 0.2760, Accuracy: 0.8962, Tiempo: 55.61s
2025-11-10 03:44:23,041 - INFO - Validación    | Pérdida: 0.6857, Accuracy: 0.7250
2025-11-10 03:44:23,041 - INFO - Tasa de aprendizaje reducida de 9.999871557577072e-05 a 9.999871099964092e-05
2025-11-10 03:44:23,056 - INFO - 
--- Época 265/300 ---
2025-11-10 03:45:19,361 - INFO - Entrenamiento | Pérdida: 0.2696, Accuracy: 0.8968, Tiempo: 56.30s
2025-11-10 03:45:28,228 - INFO - Validación    | Pérdida: 0.7055, Accuracy: 0.7292
2025-11-10 03:45:28,231 - INFO - Tasa de aprendizaje reducida de 9.999871099964092e-05 a 9.999863542430909e-05
2025-11-10 03:45:28,232 - INFO - 
--- Época 266/300 ---
2025-11-10 03:46:24,694 - INFO - Entrenamiento | Pérdida: 0.2847, Accuracy: 0.8987, Tiempo: 56.46s
2025-11-10 03:46:32,594 - INFO - Validación    | Pérdida: 0.6964, Accuracy: 0.7125
2025-11-10 03:46:32,594 - INFO - 
--- Época 267/300 ---
2025-11-10 03:47:27,860 - INFO - Entrenamiento | Pérdida: 0.2760, Accuracy: 0.8941, Tiempo: 55.27s
2025-11-10 03:47:35,790 - INFO - Validación    | Pérdida: 0.6981, Accuracy: 0.7000
2025-11-10 03:47:35,795 - INFO - Tasa de aprendizaje reducida de 9.99986705514786e-05 a 9.999866406563084e-05
2025-11-10 03:47:35,795 - INFO - 
--- Época 268/300 ---
2025-11-10 03:48:30,162 - INFO - Entrenamiento | Pérdida: 0.2764, Accuracy: 0.8977, Tiempo: 54.37s
2025-11-10 03:48:38,244 - INFO - Validación    | Pérdida: 0.6969, Accuracy: 0.7042
2025-11-10 03:48:38,244 - INFO - 
--- Época 269/300 ---
2025-11-10 03:49:35,082 - INFO - Entrenamiento | Pérdida: 0.2721, Accuracy: 0.8950, Tiempo: 56.84s
2025-11-10 03:49:43,399 - INFO - Validación    | Pérdida: 0.6897, Accuracy: 0.7125
2025-11-10 03:49:43,414 - INFO - 
--- Época 270/300 ---
2025-11-10 03:50:38,699 - INFO - Entrenamiento | Pérdida: 0.2727, Accuracy: 0.8997, Tiempo: 55.28s
2025-11-10 03:50:46,248 - INFO - Validación    | Pérdida: 0.6977, Accuracy: 0.7208
2025-11-10 03:50:46,248 - INFO - Tasa de aprendizaje reducida de 9.999869571944097e-05 a 9.99986653115158e-05
2025-11-10 03:50:46,264 - INFO - 
--- Época 271/300 ---
2025-11-10 03:51:40,283 - INFO - Entrenamiento | Pérdida: 0.2724, Accuracy: 0.8947, Tiempo: 54.02s
2025-11-10 03:51:47,983 - INFO - Validación    | Pérdida: 0.6793, Accuracy: 0.7333
2025-11-10 03:51:47,985 - INFO - 
--- Época 272/300 ---
2025-11-10 03:52:43,918 - INFO - Entrenamiento | Pérdida: 0.2656, Accuracy: 0.9000, Tiempo: 55.93s
2025-11-10 03:52:51,716 - INFO - Validación    | Pérdida: 0.6868, Accuracy: 0.7208
2025-11-10 03:52:51,716 - INFO - Tasa de aprendizaje reducida de 9.999873498975353e-05 a 9.999870675373042e-05
2025-11-10 03:52:51,716 - INFO - 
--- Época 273/300 ---
2025-11-10 03:53:46,241 - INFO - Entrenamiento | Pérdida: 0.2762, Accuracy: 0.8985, Tiempo: 54.51s
2025-11-10 03:53:54,072 - INFO - Validación    | Pérdida: 0.6919, Accuracy: 0.7292
2025-11-10 03:53:54,072 - INFO - Tasa de aprendizaje reducida de 9.999870675373042e-05 a 9.999868760322735e-05
2025-11-10 03:53:54,072 - INFO - 
--- Época 274/300 ---
2025-11-10 03:54:48,755 - INFO - Entrenamiento | Pérdida: 0.2911, Accuracy: 0.8918, Tiempo: 54.67s
2025-11-10 03:54:56,458 - INFO - Validación    | Pérdida: 0.6855, Accuracy: 0.7125
2025-11-10 03:54:56,458 - INFO - 
--- Época 275/300 ---
2025-11-10 03:55:49,963 - INFO - Entrenamiento | Pérdida: 0.2737, Accuracy: 0.8991, Tiempo: 53.50s
2025-11-10 03:55:57,448 - INFO - Validación    | Pérdida: 0.7225, Accuracy: 0.6958
2025-11-10 03:55:57,451 - INFO - Tasa de aprendizaje reducida de 9.999871178182342e-05 a 9.999856899645126e-05
2025-11-10 03:55:57,452 - INFO - 
--- Época 276/300 ---
2025-11-10 03:56:51,355 - INFO - Entrenamiento | Pérdida: 0.2694, Accuracy: 0.8981, Tiempo: 53.90s
2025-11-10 03:56:59,239 - INFO - Validación    | Pérdida: 0.7256, Accuracy: 0.7042
2025-11-10 03:56:59,239 - INFO - Tasa de aprendizaje reducida de 9.999856899645126e-05 a 9.999855670227196e-05
2025-11-10 03:56:59,239 - INFO - 
--- Época 277/300 ---
2025-11-10 03:57:52,408 - INFO - Entrenamiento | Pérdida: 0.2668, Accuracy: 0.9002, Tiempo: 53.17s
2025-11-10 03:58:00,612 - INFO - Validación    | Pérdida: 0.7189, Accuracy: 0.7208
2025-11-10 03:58:00,628 - INFO - 
--- Época 278/300 ---
2025-11-10 03:58:54,025 - INFO - Entrenamiento | Pérdida: 0.2756, Accuracy: 0.8958, Tiempo: 53.40s
2025-11-10 03:59:01,778 - INFO - Validación    | Pérdida: 0.6955, Accuracy: 0.7125
2025-11-10 03:59:01,778 - INFO - 
--- Época 279/300 ---
2025-11-10 03:59:54,621 - INFO - Entrenamiento | Pérdida: 0.2739, Accuracy: 0.9008, Tiempo: 52.84s
2025-11-10 04:00:02,380 - INFO - Validación    | Pérdida: 0.6922, Accuracy: 0.7042
2025-11-10 04:00:02,380 - INFO - 
--- Época 280/300 ---
2025-11-10 04:00:56,080 - INFO - Entrenamiento | Pérdida: 0.2702, Accuracy: 0.8954, Tiempo: 53.70s
2025-11-10 04:01:03,746 - INFO - Validación    | Pérdida: 0.6788, Accuracy: 0.7167
2025-11-10 04:01:03,746 - INFO - 
--- Época 281/300 ---
2025-11-10 04:01:58,313 - INFO - Entrenamiento | Pérdida: 0.2729, Accuracy: 0.8966, Tiempo: 54.57s
2025-11-10 04:02:06,563 - INFO - Validación    | Pérdida: 0.6994, Accuracy: 0.7000
2025-11-10 04:02:06,566 - INFO - Tasa de aprendizaje reducida de 9.999873695496999e-05 a 9.99986588019042e-05
2025-11-10 04:02:06,566 - INFO - 
--- Época 282/300 ---
2025-11-10 04:03:02,018 - INFO - Entrenamiento | Pérdida: 0.2788, Accuracy: 0.8941, Tiempo: 55.45s
2025-11-10 04:03:10,343 - INFO - Validación    | Pérdida: 0.6956, Accuracy: 0.7000
2025-11-10 04:03:10,345 - INFO - 
--- Época 283/300 ---
2025-11-10 04:04:05,967 - INFO - Entrenamiento | Pérdida: 0.2719, Accuracy: 0.8997, Tiempo: 55.62s
2025-11-10 04:04:14,400 - INFO - Validación    | Pérdida: 0.6967, Accuracy: 0.7125
2025-11-10 04:04:14,400 - INFO - Tasa de aprendizaje reducida de 9.999867364302282e-05 a 9.999866921873947e-05
2025-11-10 04:04:14,416 - INFO - 
--- Época 284/300 ---
2025-11-10 04:05:08,639 - INFO - Entrenamiento | Pérdida: 0.2726, Accuracy: 0.8998, Tiempo: 54.22s
2025-11-10 04:05:17,028 - INFO - Validación    | Pérdida: 0.7044, Accuracy: 0.6958
2025-11-10 04:05:17,033 - INFO - Tasa de aprendizaje reducida de 9.999866921873947e-05 a 9.999863954602161e-05
2025-11-10 04:05:17,033 - INFO - 
--- Época 285/300 ---
2025-11-10 04:06:11,400 - INFO - Entrenamiento | Pérdida: 0.2759, Accuracy: 0.8998, Tiempo: 54.37s
2025-11-10 04:06:19,718 - INFO - Validación    | Pérdida: 0.6945, Accuracy: 0.6958
2025-11-10 04:06:19,729 - INFO - 
--- Época 286/300 ---
2025-11-10 04:07:15,879 - INFO - Entrenamiento | Pérdida: 0.2598, Accuracy: 0.9025, Tiempo: 56.15s
2025-11-10 04:07:23,821 - INFO - Validación    | Pérdida: 0.7181, Accuracy: 0.6792
2025-11-10 04:07:23,822 - INFO - Tasa de aprendizaje reducida de 9.999867785647215e-05 a 9.999858612852897e-05
2025-11-10 04:07:23,822 - INFO - 
--- Época 287/300 ---
2025-11-10 04:08:16,954 - INFO - Entrenamiento | Pérdida: 0.2651, Accuracy: 0.9006, Tiempo: 53.13s
2025-11-10 04:08:25,186 - INFO - Validación    | Pérdida: 0.7155, Accuracy: 0.6875
2025-11-10 04:08:25,188 - INFO - 
--- Época 288/300 ---
2025-11-10 04:09:19,954 - INFO - Entrenamiento | Pérdida: 0.2749, Accuracy: 0.8987, Tiempo: 54.77s
2025-11-10 04:09:27,991 - INFO - Validación    | Pérdida: 0.7099, Accuracy: 0.6833
2025-11-10 04:09:27,991 - INFO - 
--- Época 289/300 ---
2025-11-10 04:10:21,088 - INFO - Entrenamiento | Pérdida: 0.2618, Accuracy: 0.9014, Tiempo: 53.08s
2025-11-10 04:10:29,306 - INFO - Validación    | Pérdida: 0.6972, Accuracy: 0.7208
2025-11-10 04:10:29,306 - INFO - 
--- Época 290/300 ---
2025-11-10 04:11:22,686 - INFO - Entrenamiento | Pérdida: 0.2615, Accuracy: 0.9023, Tiempo: 53.36s
2025-11-10 04:11:30,337 - INFO - Validación    | Pérdida: 0.7145, Accuracy: 0.7083
2025-11-10 04:11:30,337 - INFO - Tasa de aprendizaje reducida de 9.999866744855083e-05 a 9.99986005156728e-05
2025-11-10 04:11:30,337 - INFO - 
--- Época 291/300 ---
2025-11-10 04:12:23,826 - INFO - Entrenamiento | Pérdida: 0.2833, Accuracy: 0.8943, Tiempo: 53.49s
2025-11-10 04:12:31,486 - INFO - Validación    | Pérdida: 0.6862, Accuracy: 0.7083
2025-11-10 04:12:31,487 - INFO - 
--- Época 292/300 ---
2025-11-10 04:13:24,279 - INFO - Entrenamiento | Pérdida: 0.2691, Accuracy: 0.9045, Tiempo: 52.79s
2025-11-10 04:13:31,897 - INFO - Validación    | Pérdida: 0.6871, Accuracy: 0.7042
2025-11-10 04:13:31,912 - INFO - Tasa de aprendizaje reducida de 9.999870898530745e-05 a 9.999870561659329e-05
2025-11-10 04:13:31,912 - INFO - 
--- Época 293/300 ---
2025-11-10 04:14:25,464 - INFO - Entrenamiento | Pérdida: 0.2656, Accuracy: 0.9004, Tiempo: 53.55s
2025-11-10 04:14:33,912 - INFO - Validación    | Pérdida: 0.6878, Accuracy: 0.7167
2025-11-10 04:14:33,913 - INFO - Tasa de aprendizaje reducida de 9.999870561659329e-05 a 9.999870306463521e-05
2025-11-10 04:14:33,915 - INFO - 
--- Época 294/300 ---
2025-11-10 04:15:27,331 - INFO - Entrenamiento | Pérdida: 0.2623, Accuracy: 0.8983, Tiempo: 53.41s
2025-11-10 04:15:34,912 - INFO - Validación    | Pérdida: 0.6863, Accuracy: 0.7167
2025-11-10 04:15:34,914 - INFO - 
--- Época 295/300 ---
2025-11-10 04:16:28,915 - INFO - Entrenamiento | Pérdida: 0.2695, Accuracy: 0.8931, Tiempo: 54.00s
2025-11-10 04:16:36,683 - INFO - Validación    | Pérdida: 0.7232, Accuracy: 0.6917
2025-11-10 04:16:36,683 - INFO - Tasa de aprendizaje reducida de 9.999870862729511e-05 a 9.999856626794567e-05
2025-11-10 04:16:36,683 - INFO - 
--- Época 296/300 ---
2025-11-10 04:17:29,743 - INFO - Entrenamiento | Pérdida: 0.2773, Accuracy: 0.8949, Tiempo: 53.06s
2025-11-10 04:17:37,986 - INFO - Validación    | Pérdida: 0.6896, Accuracy: 0.7250
2025-11-10 04:17:37,986 - INFO - 
--- Época 297/300 ---
2025-11-10 04:18:32,630 - INFO - Entrenamiento | Pérdida: 0.2684, Accuracy: 0.8985, Tiempo: 54.64s
2025-11-10 04:18:40,825 - INFO - Validación    | Pérdida: 0.7069, Accuracy: 0.6875
2025-11-10 04:18:40,826 - INFO - Tasa de aprendizaje reducida de 9.99986962270287e-05 a 9.999862994939377e-05
2025-11-10 04:18:40,827 - INFO - 
--- Época 298/300 ---
2025-11-10 04:19:36,281 - INFO - Entrenamiento | Pérdida: 0.2706, Accuracy: 0.8981, Tiempo: 55.45s
2025-11-10 04:19:43,985 - INFO - Validación    | Pérdida: 0.7063, Accuracy: 0.6917
2025-11-10 04:19:43,985 - INFO - 
--- Época 299/300 ---
2025-11-10 04:20:37,843 - INFO - Entrenamiento | Pérdida: 0.2648, Accuracy: 0.9016, Tiempo: 53.86s
2025-11-10 04:20:45,550 - INFO - Validación    | Pérdida: 0.7013, Accuracy: 0.6958
2025-11-10 04:20:45,551 - INFO - 
--- Época 300/300 ---
2025-11-10 04:21:41,170 - INFO - Entrenamiento | Pérdida: 0.2598, Accuracy: 0.9041, Tiempo: 55.62s
2025-11-10 04:21:48,788 - INFO - Validación    | Pérdida: 0.6799, Accuracy: 0.7292
2025-11-10 04:21:48,788 - INFO - 
--- ENTRENAMIENTO FINALIZADO ---
2025-11-10 04:21:48,788 - INFO - La mejor pérdida en validación fue: 0.6202
2025-11-10 04:21:48,788 - INFO - Los mejores pesos están guardados en: 'models/resnet18_kan_cotton\run_20251109_231538\resnet18_kan.best_weights.pth'
