2025-11-09 23:11:30,289 - INFO - Modelo RESNET18_KAN.Net importado correctamente.
2025-11-09 23:11:30,291 - INFO - Los pesos del modelo se guardarán en: 'models/resnet18_kan_cotton\run_20251109_231108\resnet18_kan.best_weights.pth'
2025-11-09 23:11:30,293 - INFO - El registro de entrenamiento se guardará en: 'models/resnet18_kan_cotton\run_20251109_231108\training_run.log'
2025-11-09 23:11:46,174 - INFO - Versión de PyTorch: 2.9.0+cu126
2025-11-09 23:11:46,198 - INFO - ¿CUDA está disponible?: True
2025-11-09 23:11:46,200 - INFO - Versión de CUDA con la que PyTorch fue compilado: 12.6
2025-11-09 23:11:46,202 - INFO - Número de GPUs disponibles: 1
2025-11-09 23:11:46,206 - INFO - Nombre de la GPU actual: NVIDIA GeForce RTX 4090
2025-11-09 23:11:51,231 - INFO - --- Hyperparámetros de Entrenamiento ---
2025-11-09 23:11:51,232 - INFO - Batch Size: 32
2025-11-09 23:11:51,234 - INFO - Num Epochs: 300
2025-11-09 23:11:51,235 - INFO - Learning Rate: 0.0001
2025-11-09 23:11:51,235 - INFO - Num Classes: 4
2025-11-09 23:11:51,236 - INFO - Num Workers: 4
2025-11-09 23:11:52,040 - INFO - 
Cargando dataset de ./data...
2025-11-09 23:11:52,077 - INFO - Dataset cargado exitosamente.
2025-11-09 23:11:52,078 - INFO -   - 5212 imágenes de entrenamiento.
2025-11-09 23:11:52,079 - INFO -   - 240 imágenes de validación.
2025-11-09 23:11:54,975 - INFO - 
Usando dispositivo: cuda
2025-11-09 23:12:01,098 - INFO - Aplicando pesos de clase a la función de pérdida CrossEntropyLoss.
2025-11-09 23:12:55,841 - INFO - 
--- INICIANDO ENTRENAMIENTO ---
2025-11-09 23:12:55,843 - INFO - 
--- Época 1/300 ---
2025-11-09 23:15:18,220 - INFO - Aplicando pesos de clase a la función de pérdida CrossEntropyLoss.
