2026-01-05 14:26:08,255 - INFO - Modelo SBTAYLOR_KAN.Net importado correctamente.
2026-01-05 14:26:08,256 - INFO - Los pesos del modelo se guardarán en: 'models/sbtaylor_kan_cotton\run_20260105_142608\sbtaylor_kan.best_weights.pth'
2026-01-05 14:26:08,257 - INFO - El registro de entrenamiento se guardará en: 'models/sbtaylor_kan_cotton\run_20260105_142608\training_run.log'
2026-01-05 14:26:08,281 - INFO - Versión de PyTorch: 2.9.0+cu126
2026-01-05 14:26:08,282 - INFO - ¿CUDA está disponible?: True
2026-01-05 14:26:08,283 - INFO - Versión de CUDA con la que PyTorch fue compilado: 12.6
2026-01-05 14:26:08,285 - INFO - Número de GPUs disponibles: 1
2026-01-05 14:26:08,289 - INFO - Nombre de la GPU actual: NVIDIA GeForce RTX 4090
2026-01-05 14:26:08,312 - INFO - --- Hyperparámetros de Entrenamiento ---
2026-01-05 14:26:08,314 - INFO - Batch Size: 64
2026-01-05 14:26:08,315 - INFO - Num Epochs: 150
2026-01-05 14:26:08,316 - INFO - Learning Rate: 0.0001
2026-01-05 14:26:08,350 - INFO - 
Cargando dataset de ./Preprocessed Leaf_FILTERED...
2026-01-05 14:26:08,374 - INFO - Clases detectadas: ['Curl Virus', 'Fresh_Leaf', 'Leaf_Reddening', 'Leaf_Spot_Bacterial_Blight']
2026-01-05 14:26:08,391 - INFO - 
Usando dispositivo: cuda
2026-01-05 14:27:26,216 - INFO - Iniciando entrenamiento por 150 épocas...
2026-01-05 14:27:26,218 - INFO - Paciencia configurada: 10 épocas.
2026-01-05 14:27:26,219 - INFO - --- Época 1/150 ---
2026-01-05 14:28:42,899 - INFO - Train Loss: 1.3851 Acc: 0.3378
2026-01-05 14:28:49,391 - INFO -   [LR] Tasa de aprendizaje actual: 0.000100
2026-01-05 14:28:49,392 - INFO -   [Mejora Loss] inf -> 1.3819. Reseteando paciencia.
2026-01-05 14:28:49,410 - INFO -   [Nuevo Récord Loss] Guardado en: models/sbtaylor_kan_cotton\run_20260105_142608\best_model.pth
2026-01-05 14:28:49,412 - INFO - Val Loss: 1.3819 Acc: 0.4477
2026-01-05 14:28:49,413 - INFO - --- Época 2/150 ---
2026-01-05 14:30:04,296 - INFO - Train Loss: 1.3806 Acc: 0.4022
2026-01-05 14:30:10,759 - INFO -   [LR] Tasa de aprendizaje actual: 0.000100
2026-01-05 14:30:10,760 - INFO -   [Mejora Loss] 1.3819 -> 1.3727. Reseteando paciencia.
2026-01-05 14:30:10,778 - INFO -   [Nuevo Récord Loss] Guardado en: models/sbtaylor_kan_cotton\run_20260105_142608\best_model.pth
2026-01-05 14:30:10,780 - INFO - Val Loss: 1.3727 Acc: 0.4826
2026-01-05 14:30:10,781 - INFO - --- Época 3/150 ---
2026-01-05 14:31:26,562 - INFO - Train Loss: 1.3714 Acc: 0.4185
2026-01-05 14:31:32,914 - INFO -   [LR] Tasa de aprendizaje actual: 0.000100
2026-01-05 14:31:32,914 - INFO -   [Mejora Loss] 1.3727 -> 1.3540. Reseteando paciencia.
2026-01-05 14:31:32,943 - INFO -   [Nuevo Récord Loss] Guardado en: models/sbtaylor_kan_cotton\run_20260105_142608\best_model.pth
2026-01-05 14:31:32,944 - INFO - Val Loss: 1.3540 Acc: 0.4826
2026-01-05 14:31:32,946 - INFO - --- Época 4/150 ---
2026-01-05 14:32:46,783 - INFO - Train Loss: 1.3529 Acc: 0.4793
2026-01-05 14:32:52,992 - INFO -   [LR] Tasa de aprendizaje actual: 0.000100
2026-01-05 14:32:52,993 - INFO -   [Mejora Loss] 1.3540 -> 1.3234. Reseteando paciencia.
2026-01-05 14:32:53,010 - INFO -   [Nuevo Récord Loss] Guardado en: models/sbtaylor_kan_cotton\run_20260105_142608\best_model.pth
2026-01-05 14:32:53,011 - INFO - Val Loss: 1.3234 Acc: 0.5116
2026-01-05 14:32:53,013 - INFO - --- Época 5/150 ---
2026-01-05 14:34:07,622 - INFO - Train Loss: 1.3208 Acc: 0.5007
2026-01-05 14:34:14,092 - INFO -   [LR] Tasa de aprendizaje actual: 0.000100
2026-01-05 14:34:14,093 - INFO -   [Mejora Loss] 1.3234 -> 1.2759. Reseteando paciencia.
2026-01-05 14:34:14,110 - INFO -   [Nuevo Récord Loss] Guardado en: models/sbtaylor_kan_cotton\run_20260105_142608\best_model.pth
2026-01-05 14:34:14,112 - INFO - Val Loss: 1.2759 Acc: 0.5523
2026-01-05 14:34:14,114 - INFO - --- Época 6/150 ---
2026-01-05 14:35:27,983 - INFO - Train Loss: 1.2735 Acc: 0.5076
2026-01-05 14:35:34,450 - INFO -   [LR] Tasa de aprendizaje actual: 0.000100
2026-01-05 14:35:34,451 - INFO -   [Mejora Loss] 1.2759 -> 1.2088. Reseteando paciencia.
2026-01-05 14:35:34,467 - INFO -   [Nuevo Récord Loss] Guardado en: models/sbtaylor_kan_cotton\run_20260105_142608\best_model.pth
2026-01-05 14:35:34,468 - INFO - Val Loss: 1.2088 Acc: 0.6105
2026-01-05 14:35:34,469 - INFO - --- Época 7/150 ---
2026-01-05 14:36:51,619 - INFO - Train Loss: 1.2085 Acc: 0.5313
2026-01-05 14:36:57,889 - INFO -   [LR] Tasa de aprendizaje actual: 0.000100
2026-01-05 14:36:57,890 - INFO -   [Mejora Loss] 1.2088 -> 1.1342. Reseteando paciencia.
2026-01-05 14:36:57,905 - INFO -   [Nuevo Récord Loss] Guardado en: models/sbtaylor_kan_cotton\run_20260105_142608\best_model.pth
2026-01-05 14:36:57,906 - INFO - Val Loss: 1.1342 Acc: 0.6279
2026-01-05 14:36:57,907 - INFO - --- Época 8/150 ---
2026-01-05 14:38:11,720 - INFO - Train Loss: 1.1586 Acc: 0.5375
2026-01-05 14:38:18,225 - INFO -   [LR] Tasa de aprendizaje actual: 0.000100
2026-01-05 14:38:18,227 - INFO -   [Mejora Loss] 1.1342 -> 1.0837. Reseteando paciencia.
2026-01-05 14:38:18,245 - INFO -   [Nuevo Récord Loss] Guardado en: models/sbtaylor_kan_cotton\run_20260105_142608\best_model.pth
2026-01-05 14:38:18,247 - INFO - Val Loss: 1.0837 Acc: 0.6105
2026-01-05 14:38:18,248 - INFO - --- Época 9/150 ---
2026-01-05 14:39:32,591 - INFO - Train Loss: 1.1159 Acc: 0.5400
2026-01-05 14:39:39,111 - INFO -   [LR] Tasa de aprendizaje actual: 0.000100
2026-01-05 14:39:39,112 - INFO -   [Mejora Loss] 1.0837 -> 1.0313. Reseteando paciencia.
2026-01-05 14:39:39,130 - INFO -   [Nuevo Récord Loss] Guardado en: models/sbtaylor_kan_cotton\run_20260105_142608\best_model.pth
2026-01-05 14:39:39,132 - INFO - Val Loss: 1.0313 Acc: 0.6105
2026-01-05 14:39:39,133 - INFO - --- Época 10/150 ---
2026-01-05 14:40:53,620 - INFO - Train Loss: 1.0810 Acc: 0.5436
2026-01-05 14:40:59,792 - INFO -   [LR] Tasa de aprendizaje actual: 0.000100
2026-01-05 14:40:59,792 - INFO -   [Mejora Loss] 1.0313 -> 1.0053. Reseteando paciencia.
2026-01-05 14:40:59,807 - INFO -   [Nuevo Récord Loss] Guardado en: models/sbtaylor_kan_cotton\run_20260105_142608\best_model.pth
2026-01-05 14:40:59,808 - INFO - Val Loss: 1.0053 Acc: 0.6279
2026-01-05 14:40:59,809 - INFO - --- Época 11/150 ---
2026-01-05 14:42:15,145 - INFO - Train Loss: 1.0494 Acc: 0.5596
2026-01-05 14:42:21,586 - INFO -   [LR] Tasa de aprendizaje actual: 0.000100
2026-01-05 14:42:21,587 - INFO -   [Mejora Loss] 1.0053 -> 0.9797. Reseteando paciencia.
2026-01-05 14:42:21,603 - INFO -   [Nuevo Récord Loss] Guardado en: models/sbtaylor_kan_cotton\run_20260105_142608\best_model.pth
2026-01-05 14:42:21,604 - INFO - Val Loss: 0.9797 Acc: 0.6279
2026-01-05 14:42:21,605 - INFO - --- Época 12/150 ---
2026-01-05 14:43:36,460 - INFO - Train Loss: 1.0319 Acc: 0.5578
2026-01-05 14:43:42,948 - INFO -   [LR] Tasa de aprendizaje actual: 0.000100
2026-01-05 14:43:42,949 - INFO -   [Mejora Loss] 0.9797 -> 0.9486. Reseteando paciencia.
2026-01-05 14:43:42,967 - INFO -   [Nuevo Récord Loss] Guardado en: models/sbtaylor_kan_cotton\run_20260105_142608\best_model.pth
2026-01-05 14:43:42,968 - INFO - Val Loss: 0.9486 Acc: 0.6395
2026-01-05 14:43:42,969 - INFO - --- Época 13/150 ---
2026-01-05 14:44:57,671 - INFO - Train Loss: 1.0258 Acc: 0.5669
2026-01-05 14:45:03,751 - INFO -   [LR] Tasa de aprendizaje actual: 0.000100
2026-01-05 14:45:03,752 - INFO -   [Mejora Loss] 0.9486 -> 0.9313. Reseteando paciencia.
2026-01-05 14:45:03,767 - INFO -   [Nuevo Récord Loss] Guardado en: models/sbtaylor_kan_cotton\run_20260105_142608\best_model.pth
2026-01-05 14:45:03,769 - INFO - Val Loss: 0.9313 Acc: 0.6483
2026-01-05 14:45:03,770 - INFO - --- Época 14/150 ---
2026-01-05 14:46:18,802 - INFO - Train Loss: 1.0167 Acc: 0.5644
2026-01-05 14:46:25,385 - INFO -   [LR] Tasa de aprendizaje actual: 0.000100
2026-01-05 14:46:25,385 - INFO -   [Mejora Loss] 0.9313 -> 0.9101. Reseteando paciencia.
2026-01-05 14:46:25,405 - INFO -   [Nuevo Récord Loss] Guardado en: models/sbtaylor_kan_cotton\run_20260105_142608\best_model.pth
2026-01-05 14:46:25,406 - INFO - Val Loss: 0.9101 Acc: 0.6192
2026-01-05 14:46:25,407 - INFO - --- Época 15/150 ---
2026-01-05 14:47:39,903 - INFO - Train Loss: 1.0145 Acc: 0.5625
2026-01-05 14:47:46,598 - INFO -   [LR] Tasa de aprendizaje actual: 0.000100
2026-01-05 14:47:46,599 - INFO -   [Mejora Loss] 0.9101 -> 0.9097. Reseteando paciencia.
2026-01-05 14:47:46,618 - INFO -   [Nuevo Récord Loss] Guardado en: models/sbtaylor_kan_cotton\run_20260105_142608\best_model.pth
2026-01-05 14:47:46,620 - INFO - Val Loss: 0.9097 Acc: 0.6424
2026-01-05 14:47:46,621 - INFO - --- Época 16/150 ---
2026-01-05 14:49:16,759 - INFO - Train Loss: 1.0105 Acc: 0.5589
2026-01-05 14:49:24,392 - INFO -   [LR] Tasa de aprendizaje actual: 0.000100
2026-01-05 14:49:24,393 - INFO -   [Mejora Loss] 0.9097 -> 0.9051. Reseteando paciencia.
2026-01-05 14:49:24,410 - INFO -   [Nuevo Récord Loss] Guardado en: models/sbtaylor_kan_cotton\run_20260105_142608\best_model.pth
2026-01-05 14:49:24,412 - INFO - Val Loss: 0.9051 Acc: 0.6366
2026-01-05 14:49:24,413 - INFO - --- Época 17/150 ---
2026-01-05 14:50:55,142 - INFO - Train Loss: 0.9976 Acc: 0.5644
2026-01-05 14:51:02,671 - INFO -   [LR] Tasa de aprendizaje actual: 0.000100
2026-01-05 14:51:02,671 - INFO -   [Mejora Loss] 0.9051 -> 0.8894. Reseteando paciencia.
2026-01-05 14:51:02,694 - INFO -   [Nuevo Récord Loss] Guardado en: models/sbtaylor_kan_cotton\run_20260105_142608\best_model.pth
2026-01-05 14:51:02,697 - INFO - Val Loss: 0.8894 Acc: 0.6453
2026-01-05 14:51:02,700 - INFO - --- Época 18/150 ---
2026-01-05 14:52:33,416 - INFO - Train Loss: 0.9876 Acc: 0.5789
2026-01-05 14:52:41,171 - INFO -   [LR] Tasa de aprendizaje actual: 0.000100
2026-01-05 14:52:41,173 - INFO -   [Mejora Loss] 0.8894 -> 0.8849. Reseteando paciencia.
2026-01-05 14:52:41,189 - INFO -   [Nuevo Récord Loss] Guardado en: models/sbtaylor_kan_cotton\run_20260105_142608\best_model.pth
2026-01-05 14:52:41,190 - INFO - Val Loss: 0.8849 Acc: 0.6570
2026-01-05 14:52:41,192 - INFO - --- Época 19/150 ---
2026-01-05 14:54:11,116 - INFO - Train Loss: 0.9851 Acc: 0.5665
2026-01-05 14:54:17,076 - INFO -   [LR] Tasa de aprendizaje actual: 0.000100
2026-01-05 14:54:17,076 - INFO -   [Mejora Loss] 0.8849 -> 0.8809. Reseteando paciencia.
2026-01-05 14:54:17,092 - INFO -   [Nuevo Récord Loss] Guardado en: models/sbtaylor_kan_cotton\run_20260105_142608\best_model.pth
2026-01-05 14:54:17,094 - INFO - Val Loss: 0.8809 Acc: 0.6541
2026-01-05 14:54:17,094 - INFO - --- Época 20/150 ---
2026-01-05 14:55:31,382 - INFO - Train Loss: 0.9771 Acc: 0.5876
2026-01-05 14:55:37,752 - INFO -   [LR] Tasa de aprendizaje actual: 0.000100
2026-01-05 14:55:37,753 - INFO -   [Sin mejora Loss] Paciencia: 1/10
2026-01-05 14:55:37,754 - INFO - Val Loss: 0.8827 Acc: 0.6512
2026-01-05 14:55:37,755 - INFO - --- Época 21/150 ---
2026-01-05 14:56:56,909 - INFO - Train Loss: 0.9719 Acc: 0.5938
2026-01-05 14:57:04,899 - INFO -   [LR] Tasa de aprendizaje actual: 0.000100
2026-01-05 14:57:04,900 - INFO -   [Mejora Loss] 0.8809 -> 0.8676. Reseteando paciencia.
2026-01-05 14:57:04,918 - INFO -   [Nuevo Récord Loss] Guardado en: models/sbtaylor_kan_cotton\run_20260105_142608\best_model.pth
2026-01-05 14:57:04,920 - INFO - Val Loss: 0.8676 Acc: 0.6541
2026-01-05 14:57:04,920 - INFO - --- Época 22/150 ---
2026-01-05 14:58:39,256 - INFO - Train Loss: 0.9700 Acc: 0.5993
2026-01-05 14:58:47,166 - INFO -   [LR] Tasa de aprendizaje actual: 0.000100
2026-01-05 14:58:47,167 - INFO -   [Sin mejora Loss] Paciencia: 1/10
2026-01-05 14:58:47,168 - INFO - Val Loss: 0.8698 Acc: 0.6570
2026-01-05 14:58:47,169 - INFO - --- Época 23/150 ---
2026-01-05 15:00:22,840 - INFO - Train Loss: 0.9676 Acc: 0.5785
2026-01-05 15:00:30,520 - INFO -   [LR] Tasa de aprendizaje actual: 0.000100
2026-01-05 15:00:30,521 - INFO -   [Mejora Loss] 0.8676 -> 0.8534. Reseteando paciencia.
2026-01-05 15:00:30,537 - INFO -   [Nuevo Récord Loss] Guardado en: models/sbtaylor_kan_cotton\run_20260105_142608\best_model.pth
2026-01-05 15:00:30,538 - INFO - Val Loss: 0.8534 Acc: 0.6744
2026-01-05 15:00:30,540 - INFO - --- Época 24/150 ---
2026-01-05 15:02:01,383 - INFO - Train Loss: 0.9576 Acc: 0.5884
2026-01-05 15:02:08,892 - INFO -   [LR] Tasa de aprendizaje actual: 0.000100
2026-01-05 15:02:08,893 - INFO -   [Sin mejora Loss] Paciencia: 1/10
2026-01-05 15:02:08,894 - INFO - Val Loss: 0.8569 Acc: 0.6715
2026-01-05 15:02:08,896 - INFO - --- Época 25/150 ---
2026-01-05 15:03:38,570 - INFO - Train Loss: 0.9600 Acc: 0.5964
2026-01-05 15:03:46,545 - INFO -   [LR] Tasa de aprendizaje actual: 0.000100
2026-01-05 15:03:46,546 - INFO -   [Mejora Loss] 0.8534 -> 0.8482. Reseteando paciencia.
2026-01-05 15:03:46,563 - INFO -   [Nuevo Récord Loss] Guardado en: models/sbtaylor_kan_cotton\run_20260105_142608\best_model.pth
2026-01-05 15:03:46,565 - INFO - Val Loss: 0.8482 Acc: 0.6628
2026-01-05 15:03:46,566 - INFO - --- Época 26/150 ---
2026-01-05 15:05:17,845 - INFO - Train Loss: 0.9582 Acc: 0.5855
2026-01-05 15:05:25,705 - INFO -   [LR] Tasa de aprendizaje actual: 0.000100
2026-01-05 15:05:25,705 - INFO -   [Mejora Loss] 0.8482 -> 0.8466. Reseteando paciencia.
2026-01-05 15:05:25,730 - INFO -   [Nuevo Récord Loss] Guardado en: models/sbtaylor_kan_cotton\run_20260105_142608\best_model.pth
2026-01-05 15:05:25,732 - INFO - Val Loss: 0.8466 Acc: 0.6744
2026-01-05 15:05:25,734 - INFO - --- Época 27/150 ---
2026-01-05 15:06:56,399 - INFO - Train Loss: 0.9506 Acc: 0.5913
2026-01-05 15:07:04,103 - INFO -   [LR] Tasa de aprendizaje actual: 0.000100
2026-01-05 15:07:04,103 - INFO -   [Mejora Loss] 0.8466 -> 0.8409. Reseteando paciencia.
2026-01-05 15:07:04,119 - INFO -   [Nuevo Récord Loss] Guardado en: models/sbtaylor_kan_cotton\run_20260105_142608\best_model.pth
2026-01-05 15:07:04,121 - INFO - Val Loss: 0.8409 Acc: 0.6744
2026-01-05 15:07:04,122 - INFO - --- Época 28/150 ---
2026-01-05 15:08:34,730 - INFO - Train Loss: 0.9389 Acc: 0.6069
2026-01-05 15:08:42,378 - INFO -   [LR] Tasa de aprendizaje actual: 0.000100
2026-01-05 15:08:42,379 - INFO -   [Mejora Loss] 0.8409 -> 0.8395. Reseteando paciencia.
2026-01-05 15:08:42,393 - INFO -   [Nuevo Récord Loss] Guardado en: models/sbtaylor_kan_cotton\run_20260105_142608\best_model.pth
2026-01-05 15:08:42,395 - INFO - Val Loss: 0.8395 Acc: 0.6744
2026-01-05 15:08:42,396 - INFO - --- Época 29/150 ---
2026-01-05 15:10:12,474 - INFO - Train Loss: 0.9365 Acc: 0.6007
2026-01-05 15:10:20,195 - INFO -   [LR] Tasa de aprendizaje actual: 0.000100
2026-01-05 15:10:20,197 - INFO -   [Mejora Loss] 0.8395 -> 0.8338. Reseteando paciencia.
2026-01-05 15:10:20,217 - INFO -   [Nuevo Récord Loss] Guardado en: models/sbtaylor_kan_cotton\run_20260105_142608\best_model.pth
2026-01-05 15:10:20,219 - INFO - Val Loss: 0.8338 Acc: 0.6890
2026-01-05 15:10:20,220 - INFO - --- Época 30/150 ---
2026-01-05 15:11:49,614 - INFO - Train Loss: 0.9483 Acc: 0.6036
2026-01-05 15:11:56,927 - INFO -   [LR] Tasa de aprendizaje actual: 0.000100
2026-01-05 15:11:56,928 - INFO -   [Sin mejora Loss] Paciencia: 1/10
2026-01-05 15:11:56,929 - INFO - Val Loss: 0.8382 Acc: 0.6686
2026-01-05 15:11:56,930 - INFO - --- Época 31/150 ---
2026-01-05 15:13:26,712 - INFO - Train Loss: 0.9494 Acc: 0.5887
2026-01-05 15:13:34,175 - INFO -   [LR] Tasa de aprendizaje actual: 0.000100
2026-01-05 15:13:34,177 - INFO -   [Mejora Loss] 0.8338 -> 0.8290. Reseteando paciencia.
2026-01-05 15:13:34,197 - INFO -   [Nuevo Récord Loss] Guardado en: models/sbtaylor_kan_cotton\run_20260105_142608\best_model.pth
2026-01-05 15:13:34,198 - INFO - Val Loss: 0.8290 Acc: 0.6890
2026-01-05 15:13:34,199 - INFO - --- Época 32/150 ---
2026-01-05 15:15:05,591 - INFO - Train Loss: 0.9538 Acc: 0.5873
2026-01-05 15:15:13,274 - INFO -   [LR] Tasa de aprendizaje actual: 0.000100
2026-01-05 15:15:13,275 - INFO -   [Sin mejora Loss] Paciencia: 1/10
2026-01-05 15:15:13,276 - INFO - Val Loss: 0.8315 Acc: 0.6744
2026-01-05 15:15:13,277 - INFO - --- Época 33/150 ---
2026-01-05 15:16:43,638 - INFO - Train Loss: 0.9468 Acc: 0.5938
2026-01-05 15:16:51,177 - INFO -   [LR] Tasa de aprendizaje actual: 0.000100
2026-01-05 15:16:51,178 - INFO -   [Sin mejora Loss] Paciencia: 2/10
2026-01-05 15:16:51,179 - INFO - Val Loss: 0.8381 Acc: 0.6773
2026-01-05 15:16:51,180 - INFO - --- Época 34/150 ---
2026-01-05 15:18:21,859 - INFO - Train Loss: 0.9424 Acc: 0.5971
2026-01-05 15:18:29,287 - INFO -   [LR] Tasa de aprendizaje actual: 0.000100
2026-01-05 15:18:29,288 - INFO -   [Mejora Loss] 0.8290 -> 0.8264. Reseteando paciencia.
2026-01-05 15:18:29,307 - INFO -   [Nuevo Récord Loss] Guardado en: models/sbtaylor_kan_cotton\run_20260105_142608\best_model.pth
2026-01-05 15:18:29,308 - INFO - Val Loss: 0.8264 Acc: 0.6890
2026-01-05 15:18:29,309 - INFO - --- Época 35/150 ---
2026-01-05 15:19:59,316 - INFO - Train Loss: 0.9477 Acc: 0.5978
2026-01-05 15:20:06,946 - INFO -   [LR] Tasa de aprendizaje actual: 0.000100
2026-01-05 15:20:06,947 - INFO -   [Mejora Loss] 0.8264 -> 0.8228. Reseteando paciencia.
2026-01-05 15:20:06,966 - INFO -   [Nuevo Récord Loss] Guardado en: models/sbtaylor_kan_cotton\run_20260105_142608\best_model.pth
2026-01-05 15:20:06,967 - INFO - Val Loss: 0.8228 Acc: 0.6860
2026-01-05 15:20:06,968 - INFO - --- Época 36/150 ---
2026-01-05 15:21:37,557 - INFO - Train Loss: 0.9320 Acc: 0.6087
2026-01-05 15:21:45,404 - INFO -   [LR] Tasa de aprendizaje actual: 0.000100
2026-01-05 15:21:45,405 - INFO -   [Sin mejora Loss] Paciencia: 1/10
2026-01-05 15:21:45,406 - INFO - Val Loss: 0.8256 Acc: 0.6657
2026-01-05 15:21:45,407 - INFO - --- Época 37/150 ---
2026-01-05 15:23:15,260 - INFO - Train Loss: 0.9271 Acc: 0.5985
2026-01-05 15:23:22,920 - INFO -   [LR] Tasa de aprendizaje actual: 0.000100
2026-01-05 15:23:22,922 - INFO -   [Mejora Loss] 0.8228 -> 0.8122. Reseteando paciencia.
2026-01-05 15:23:22,937 - INFO -   [Nuevo Récord Loss] Guardado en: models/sbtaylor_kan_cotton\run_20260105_142608\best_model.pth
2026-01-05 15:23:22,939 - INFO - Val Loss: 0.8122 Acc: 0.7006
2026-01-05 15:23:22,940 - INFO - --- Época 38/150 ---
2026-01-05 15:24:53,162 - INFO - Train Loss: 0.9180 Acc: 0.6084
2026-01-05 15:25:00,672 - INFO -   [LR] Tasa de aprendizaje actual: 0.000100
2026-01-05 15:25:00,673 - INFO -   [Mejora Loss] 0.8122 -> 0.8119. Reseteando paciencia.
2026-01-05 15:25:00,695 - INFO -   [Nuevo Récord Loss] Guardado en: models/sbtaylor_kan_cotton\run_20260105_142608\best_model.pth
2026-01-05 15:25:00,698 - INFO - Val Loss: 0.8119 Acc: 0.6860
2026-01-05 15:25:00,699 - INFO - --- Época 39/150 ---
2026-01-05 15:26:31,347 - INFO - Train Loss: 0.8939 Acc: 0.6182
2026-01-05 15:26:38,692 - INFO -   [LR] Tasa de aprendizaje actual: 0.000100
2026-01-05 15:26:38,693 - INFO -   [Mejora Loss] 0.8119 -> 0.8069. Reseteando paciencia.
2026-01-05 15:26:38,713 - INFO -   [Nuevo Récord Loss] Guardado en: models/sbtaylor_kan_cotton\run_20260105_142608\best_model.pth
2026-01-05 15:26:38,714 - INFO - Val Loss: 0.8069 Acc: 0.6773
2026-01-05 15:26:38,716 - INFO - --- Época 40/150 ---
2026-01-05 15:28:08,558 - INFO - Train Loss: 0.9203 Acc: 0.6015
2026-01-05 15:28:16,549 - INFO -   [LR] Tasa de aprendizaje actual: 0.000100
2026-01-05 15:28:16,550 - INFO -   [Sin mejora Loss] Paciencia: 1/10
2026-01-05 15:28:16,552 - INFO - Val Loss: 0.8105 Acc: 0.6773
2026-01-05 15:28:16,554 - INFO - --- Época 41/150 ---
2026-01-05 15:29:46,738 - INFO - Train Loss: 0.9292 Acc: 0.6040
2026-01-05 15:29:54,460 - INFO -   [LR] Tasa de aprendizaje actual: 0.000100
2026-01-05 15:29:54,460 - INFO -   [Sin mejora Loss] Paciencia: 2/10
2026-01-05 15:29:54,462 - INFO - Val Loss: 0.8104 Acc: 0.6890
2026-01-05 15:29:54,462 - INFO - --- Época 42/150 ---
2026-01-05 15:31:27,700 - INFO - Train Loss: 0.9191 Acc: 0.6182
2026-01-05 15:31:35,891 - INFO -   [LR] Tasa de aprendizaje actual: 0.000100
2026-01-05 15:31:35,892 - INFO -   [Mejora Loss] 0.8069 -> 0.8060. Reseteando paciencia.
2026-01-05 15:31:35,913 - INFO -   [Nuevo Récord Loss] Guardado en: models/sbtaylor_kan_cotton\run_20260105_142608\best_model.pth
2026-01-05 15:31:35,915 - INFO - Val Loss: 0.8060 Acc: 0.6802
2026-01-05 15:31:35,917 - INFO - --- Época 43/150 ---
2026-01-05 15:33:11,249 - INFO - Train Loss: 0.9257 Acc: 0.6073
2026-01-05 15:33:18,973 - INFO -   [LR] Tasa de aprendizaje actual: 0.000100
2026-01-05 15:33:18,974 - INFO -   [Sin mejora Loss] Paciencia: 1/10
2026-01-05 15:33:18,975 - INFO - Val Loss: 0.8084 Acc: 0.6802
2026-01-05 15:33:18,976 - INFO - --- Época 44/150 ---
2026-01-05 15:34:49,263 - INFO - Train Loss: 0.9089 Acc: 0.6120
2026-01-05 15:34:56,922 - INFO -   [LR] Tasa de aprendizaje actual: 0.000100
2026-01-05 15:34:56,923 - INFO -   [Sin mejora Loss] Paciencia: 2/10
2026-01-05 15:34:56,925 - INFO - Val Loss: 0.8112 Acc: 0.6541
2026-01-05 15:34:56,926 - INFO - --- Época 45/150 ---
2026-01-05 15:36:16,966 - INFO - Train Loss: 0.9092 Acc: 0.6164
2026-01-05 15:36:22,950 - INFO -   [LR] Tasa de aprendizaje actual: 0.000100
2026-01-05 15:36:22,951 - INFO -   [Mejora Loss] 0.8060 -> 0.8020. Reseteando paciencia.
2026-01-05 15:36:22,966 - INFO -   [Nuevo Récord Loss] Guardado en: models/sbtaylor_kan_cotton\run_20260105_142608\best_model.pth
2026-01-05 15:36:22,968 - INFO - Val Loss: 0.8020 Acc: 0.6773
2026-01-05 15:36:22,969 - INFO - --- Época 46/150 ---
2026-01-05 15:37:36,308 - INFO - Train Loss: 0.9206 Acc: 0.6062
2026-01-05 15:37:42,719 - INFO -   [LR] Tasa de aprendizaje actual: 0.000100
2026-01-05 15:37:42,719 - INFO -   [Mejora Loss] 0.8020 -> 0.8014. Reseteando paciencia.
2026-01-05 15:37:42,733 - INFO -   [Nuevo Récord Loss] Guardado en: models/sbtaylor_kan_cotton\run_20260105_142608\best_model.pth
2026-01-05 15:37:42,734 - INFO - Val Loss: 0.8014 Acc: 0.6831
2026-01-05 15:37:42,735 - INFO - --- Época 47/150 ---
2026-01-05 15:38:56,787 - INFO - Train Loss: 0.9088 Acc: 0.6160
2026-01-05 15:39:03,303 - INFO -   [LR] Tasa de aprendizaje actual: 0.000100
2026-01-05 15:39:03,304 - INFO -   [Sin mejora Loss] Paciencia: 1/10
2026-01-05 15:39:03,305 - INFO - Val Loss: 0.8041 Acc: 0.6744
2026-01-05 15:39:03,306 - INFO - --- Época 48/150 ---
2026-01-05 15:40:17,228 - INFO - Train Loss: 0.9006 Acc: 0.6153
2026-01-05 15:40:23,504 - INFO -   [LR] Tasa de aprendizaje actual: 0.000100
2026-01-05 15:40:23,505 - INFO -   [Sin mejora Loss] Paciencia: 2/10
2026-01-05 15:40:23,506 - INFO - Val Loss: 0.8017 Acc: 0.6715
2026-01-05 15:40:23,507 - INFO - --- Época 49/150 ---
2026-01-05 15:41:37,138 - INFO - Train Loss: 0.8936 Acc: 0.6298
2026-01-05 15:41:43,284 - INFO -   [LR] Tasa de aprendizaje actual: 0.000100
2026-01-05 15:41:43,285 - INFO -   [Sin mejora Loss] Paciencia: 3/10
2026-01-05 15:41:43,286 - INFO - Val Loss: 0.8082 Acc: 0.6657
2026-01-05 15:41:43,287 - INFO - --- Época 50/150 ---
2026-01-05 15:42:56,819 - INFO - Train Loss: 0.8942 Acc: 0.6153
2026-01-05 15:43:02,736 - INFO -   [LR] Tasa de aprendizaje actual: 0.000100
2026-01-05 15:43:02,737 - INFO -   [Mejora Loss] 0.8014 -> 0.7928. Reseteando paciencia.
2026-01-05 15:43:02,753 - INFO -   [Nuevo Récord Loss] Guardado en: models/sbtaylor_kan_cotton\run_20260105_142608\best_model.pth
2026-01-05 15:43:02,754 - INFO - Val Loss: 0.7928 Acc: 0.6831
2026-01-05 15:43:02,755 - INFO - --- Época 51/150 ---
2026-01-05 15:44:16,953 - INFO - Train Loss: 0.9100 Acc: 0.6051
2026-01-05 15:44:23,435 - INFO -   [LR] Tasa de aprendizaje actual: 0.000100
2026-01-05 15:44:23,435 - INFO -   [Sin mejora Loss] Paciencia: 1/10
2026-01-05 15:44:23,436 - INFO - Val Loss: 0.7986 Acc: 0.6802
2026-01-05 15:44:23,438 - INFO - --- Época 52/150 ---
2026-01-05 15:45:36,960 - INFO - Train Loss: 0.9132 Acc: 0.6084
2026-01-05 15:45:43,240 - INFO -   [LR] Tasa de aprendizaje actual: 0.000100
2026-01-05 15:45:43,241 - INFO -   [Mejora Loss] 0.7928 -> 0.7921. Reseteando paciencia.
2026-01-05 15:45:43,258 - INFO -   [Nuevo Récord Loss] Guardado en: models/sbtaylor_kan_cotton\run_20260105_142608\best_model.pth
2026-01-05 15:45:43,260 - INFO - Val Loss: 0.7921 Acc: 0.6802
2026-01-05 15:45:43,261 - INFO - --- Época 53/150 ---
2026-01-05 15:46:57,035 - INFO - Train Loss: 0.8986 Acc: 0.6240
2026-01-05 15:47:03,052 - INFO -   [LR] Tasa de aprendizaje actual: 0.000100
2026-01-05 15:47:03,053 - INFO -   [Mejora Loss] 0.7921 -> 0.7910. Reseteando paciencia.
2026-01-05 15:47:03,071 - INFO -   [Nuevo Récord Loss] Guardado en: models/sbtaylor_kan_cotton\run_20260105_142608\best_model.pth
2026-01-05 15:47:03,074 - INFO - Val Loss: 0.7910 Acc: 0.6802
2026-01-05 15:47:03,074 - INFO - --- Época 54/150 ---
2026-01-05 15:48:17,033 - INFO - Train Loss: 0.8929 Acc: 0.6160
2026-01-05 15:48:23,265 - INFO -   [LR] Tasa de aprendizaje actual: 0.000100
2026-01-05 15:48:23,266 - INFO -   [Sin mejora Loss] Paciencia: 1/10
2026-01-05 15:48:23,267 - INFO - Val Loss: 0.7940 Acc: 0.6860
2026-01-05 15:48:23,267 - INFO - --- Época 55/150 ---
2026-01-05 15:49:36,813 - INFO - Train Loss: 0.8733 Acc: 0.6364
2026-01-05 15:49:43,361 - INFO -   [LR] Tasa de aprendizaje actual: 0.000100
2026-01-05 15:49:43,362 - INFO -   [Mejora Loss] 0.7910 -> 0.7812. Reseteando paciencia.
2026-01-05 15:49:43,379 - INFO -   [Nuevo Récord Loss] Guardado en: models/sbtaylor_kan_cotton\run_20260105_142608\best_model.pth
2026-01-05 15:49:43,380 - INFO - Val Loss: 0.7812 Acc: 0.6860
2026-01-05 15:49:43,381 - INFO - --- Época 56/150 ---
2026-01-05 15:50:57,274 - INFO - Train Loss: 0.8884 Acc: 0.6160
2026-01-05 15:51:03,760 - INFO -   [LR] Tasa de aprendizaje actual: 0.000100
2026-01-05 15:51:03,761 - INFO -   [Sin mejora Loss] Paciencia: 1/10
2026-01-05 15:51:03,762 - INFO - Val Loss: 0.7820 Acc: 0.6860
2026-01-05 15:51:03,763 - INFO - --- Época 57/150 ---
2026-01-05 15:52:17,470 - INFO - Train Loss: 0.8802 Acc: 0.6276
2026-01-05 15:52:23,952 - INFO -   [LR] Tasa de aprendizaje actual: 0.000100
2026-01-05 15:52:23,953 - INFO -   [Mejora Loss] 0.7812 -> 0.7801. Reseteando paciencia.
2026-01-05 15:52:23,970 - INFO -   [Nuevo Récord Loss] Guardado en: models/sbtaylor_kan_cotton\run_20260105_142608\best_model.pth
2026-01-05 15:52:23,972 - INFO - Val Loss: 0.7801 Acc: 0.6890
2026-01-05 15:52:23,973 - INFO - --- Época 58/150 ---
2026-01-05 15:53:37,677 - INFO - Train Loss: 0.8793 Acc: 0.6189
2026-01-05 15:53:43,843 - INFO -   [LR] Tasa de aprendizaje actual: 0.000100
2026-01-05 15:53:43,844 - INFO -   [Sin mejora Loss] Paciencia: 1/10
2026-01-05 15:53:43,845 - INFO - Val Loss: 0.7876 Acc: 0.6773
2026-01-05 15:53:43,846 - INFO - --- Época 59/150 ---
2026-01-05 15:54:56,818 - INFO - Train Loss: 0.8956 Acc: 0.6178
2026-01-05 15:55:02,995 - INFO -   [LR] Tasa de aprendizaje actual: 0.000100
2026-01-05 15:55:02,996 - INFO -   [Sin mejora Loss] Paciencia: 2/10
2026-01-05 15:55:02,997 - INFO - Val Loss: 0.7842 Acc: 0.6919
2026-01-05 15:55:02,999 - INFO - --- Época 60/150 ---
2026-01-05 15:56:16,658 - INFO - Train Loss: 0.8977 Acc: 0.6109
2026-01-05 15:56:22,514 - INFO -   [LR] Tasa de aprendizaje actual: 0.000100
2026-01-05 15:56:22,514 - INFO -   [Mejora Loss] 0.7801 -> 0.7781. Reseteando paciencia.
2026-01-05 15:56:22,533 - INFO -   [Nuevo Récord Loss] Guardado en: models/sbtaylor_kan_cotton\run_20260105_142608\best_model.pth
2026-01-05 15:56:22,534 - INFO - Val Loss: 0.7781 Acc: 0.6890
2026-01-05 15:56:22,535 - INFO - --- Época 61/150 ---
2026-01-05 15:57:35,561 - INFO - Train Loss: 0.8751 Acc: 0.6345
2026-01-05 15:57:41,927 - INFO -   [LR] Tasa de aprendizaje actual: 0.000100
2026-01-05 15:57:41,928 - INFO -   [Mejora Loss] 0.7781 -> 0.7764. Reseteando paciencia.
2026-01-05 15:57:41,944 - INFO -   [Nuevo Récord Loss] Guardado en: models/sbtaylor_kan_cotton\run_20260105_142608\best_model.pth
2026-01-05 15:57:41,945 - INFO - Val Loss: 0.7764 Acc: 0.6860
2026-01-05 15:57:41,946 - INFO - --- Época 62/150 ---
2026-01-05 15:58:56,716 - INFO - Train Loss: 0.8849 Acc: 0.6211
2026-01-05 15:59:03,232 - INFO -   [LR] Tasa de aprendizaje actual: 0.000100
2026-01-05 15:59:03,233 - INFO -   [Mejora Loss] 0.7764 -> 0.7734. Reseteando paciencia.
2026-01-05 15:59:03,253 - INFO -   [Nuevo Récord Loss] Guardado en: models/sbtaylor_kan_cotton\run_20260105_142608\best_model.pth
2026-01-05 15:59:03,255 - INFO - Val Loss: 0.7734 Acc: 0.6919
2026-01-05 15:59:03,256 - INFO - --- Época 63/150 ---
2026-01-05 16:00:20,800 - INFO - Train Loss: 0.8916 Acc: 0.6160
2026-01-05 16:00:26,876 - INFO -   [LR] Tasa de aprendizaje actual: 0.000100
2026-01-05 16:00:26,877 - INFO -   [Mejora Loss] 0.7734 -> 0.7719. Reseteando paciencia.
2026-01-05 16:00:26,894 - INFO -   [Nuevo Récord Loss] Guardado en: models/sbtaylor_kan_cotton\run_20260105_142608\best_model.pth
2026-01-05 16:00:26,896 - INFO - Val Loss: 0.7719 Acc: 0.6890
2026-01-05 16:00:26,897 - INFO - --- Época 64/150 ---
2026-01-05 16:01:40,563 - INFO - Train Loss: 0.8632 Acc: 0.6280
2026-01-05 16:01:46,662 - INFO -   [LR] Tasa de aprendizaje actual: 0.000100
2026-01-05 16:01:46,663 - INFO -   [Mejora Loss] 0.7719 -> 0.7634. Reseteando paciencia.
2026-01-05 16:01:46,677 - INFO -   [Nuevo Récord Loss] Guardado en: models/sbtaylor_kan_cotton\run_20260105_142608\best_model.pth
2026-01-05 16:01:46,678 - INFO - Val Loss: 0.7634 Acc: 0.7006
2026-01-05 16:01:46,679 - INFO - --- Época 65/150 ---
2026-01-05 16:03:01,722 - INFO - Train Loss: 0.8715 Acc: 0.6324
2026-01-05 16:03:08,220 - INFO -   [LR] Tasa de aprendizaje actual: 0.000100
2026-01-05 16:03:08,221 - INFO -   [Sin mejora Loss] Paciencia: 1/10
2026-01-05 16:03:08,223 - INFO - Val Loss: 0.7681 Acc: 0.7064
2026-01-05 16:03:08,223 - INFO - --- Época 66/150 ---
2026-01-05 16:04:40,291 - INFO - Train Loss: 0.8711 Acc: 0.6364
2026-01-05 16:04:46,975 - INFO -   [LR] Tasa de aprendizaje actual: 0.000100
2026-01-05 16:04:46,977 - INFO -   [Sin mejora Loss] Paciencia: 2/10
2026-01-05 16:04:46,978 - INFO - Val Loss: 0.7693 Acc: 0.6919
2026-01-05 16:04:46,979 - INFO - --- Época 67/150 ---
2026-01-05 16:06:18,704 - INFO - Train Loss: 0.8759 Acc: 0.6295
2026-01-05 16:06:27,129 - INFO -   [LR] Tasa de aprendizaje actual: 0.000100
2026-01-05 16:06:27,130 - INFO -   [Mejora Loss] 0.7634 -> 0.7578. Reseteando paciencia.
2026-01-05 16:06:27,149 - INFO -   [Nuevo Récord Loss] Guardado en: models/sbtaylor_kan_cotton\run_20260105_142608\best_model.pth
2026-01-05 16:06:27,150 - INFO - Val Loss: 0.7578 Acc: 0.6977
2026-01-05 16:06:27,151 - INFO - --- Época 68/150 ---
2026-01-05 16:07:59,472 - INFO - Train Loss: 0.8679 Acc: 0.6462
2026-01-05 16:08:07,476 - INFO -   [LR] Tasa de aprendizaje actual: 0.000100
2026-01-05 16:08:07,477 - INFO -   [Sin mejora Loss] Paciencia: 1/10
2026-01-05 16:08:07,478 - INFO - Val Loss: 0.7606 Acc: 0.7006
2026-01-05 16:08:07,479 - INFO - --- Época 69/150 ---
2026-01-05 16:09:39,804 - INFO - Train Loss: 0.8599 Acc: 0.6404
2026-01-05 16:09:47,776 - INFO -   [LR] Tasa de aprendizaje actual: 0.000100
2026-01-05 16:09:47,777 - INFO -   [Sin mejora Loss] Paciencia: 2/10
2026-01-05 16:09:47,780 - INFO - Val Loss: 0.7614 Acc: 0.6977
2026-01-05 16:09:47,783 - INFO - --- Época 70/150 ---
2026-01-05 16:11:20,385 - INFO - Train Loss: 0.8759 Acc: 0.6255
2026-01-05 16:11:28,254 - INFO -   [LR] Tasa de aprendizaje actual: 0.000100
2026-01-05 16:11:28,256 - INFO -   [Mejora Loss] 0.7578 -> 0.7565. Reseteando paciencia.
2026-01-05 16:11:28,285 - INFO -   [Nuevo Récord Loss] Guardado en: models/sbtaylor_kan_cotton\run_20260105_142608\best_model.pth
2026-01-05 16:11:28,287 - INFO - Val Loss: 0.7565 Acc: 0.7064
2026-01-05 16:11:28,288 - INFO - --- Época 71/150 ---
2026-01-05 16:13:02,538 - INFO - Train Loss: 0.8562 Acc: 0.6320
2026-01-05 16:13:10,324 - INFO -   [LR] Tasa de aprendizaje actual: 0.000100
2026-01-05 16:13:10,325 - INFO -   [Sin mejora Loss] Paciencia: 1/10
2026-01-05 16:13:10,326 - INFO - Val Loss: 0.7576 Acc: 0.7006
2026-01-05 16:13:10,326 - INFO - --- Época 72/150 ---
2026-01-05 16:14:39,847 - INFO - Train Loss: 0.8465 Acc: 0.6542
2026-01-05 16:14:45,818 - INFO -   [LR] Tasa de aprendizaje actual: 0.000100
2026-01-05 16:14:45,819 - INFO -   [Sin mejora Loss] Paciencia: 2/10
2026-01-05 16:14:45,820 - INFO - Val Loss: 0.7593 Acc: 0.6977
2026-01-05 16:14:45,820 - INFO - --- Época 73/150 ---
2026-01-05 16:15:59,880 - INFO - Train Loss: 0.8409 Acc: 0.6505
2026-01-05 16:16:05,802 - INFO -   [LR] Tasa de aprendizaje actual: 0.000100
2026-01-05 16:16:05,803 - INFO -   [Mejora Loss] 0.7565 -> 0.7529. Reseteando paciencia.
2026-01-05 16:16:05,819 - INFO -   [Nuevo Récord Loss] Guardado en: models/sbtaylor_kan_cotton\run_20260105_142608\best_model.pth
2026-01-05 16:16:05,820 - INFO - Val Loss: 0.7529 Acc: 0.7035
2026-01-05 16:16:05,822 - INFO - --- Época 74/150 ---
2026-01-05 16:17:19,352 - INFO - Train Loss: 0.8700 Acc: 0.6287
2026-01-05 16:17:25,818 - INFO -   [LR] Tasa de aprendizaje actual: 0.000100
2026-01-05 16:17:25,819 - INFO -   [Mejora Loss] 0.7529 -> 0.7498. Reseteando paciencia.
2026-01-05 16:17:25,836 - INFO -   [Nuevo Récord Loss] Guardado en: models/sbtaylor_kan_cotton\run_20260105_142608\best_model.pth
2026-01-05 16:17:25,838 - INFO - Val Loss: 0.7498 Acc: 0.7093
2026-01-05 16:17:25,839 - INFO - --- Época 75/150 ---
2026-01-05 16:18:39,462 - INFO - Train Loss: 0.8698 Acc: 0.6171
2026-01-05 16:18:45,865 - INFO -   [LR] Tasa de aprendizaje actual: 0.000100
2026-01-05 16:18:45,865 - INFO -   [Sin mejora Loss] Paciencia: 1/10
2026-01-05 16:18:45,866 - INFO - Val Loss: 0.7599 Acc: 0.6948
2026-01-05 16:18:45,867 - INFO - --- Época 76/150 ---
2026-01-05 16:19:59,702 - INFO - Train Loss: 0.8598 Acc: 0.6309
2026-01-05 16:20:05,927 - INFO -   [LR] Tasa de aprendizaje actual: 0.000100
2026-01-05 16:20:05,928 - INFO -   [Sin mejora Loss] Paciencia: 2/10
2026-01-05 16:20:05,928 - INFO - Val Loss: 0.7603 Acc: 0.6948
2026-01-05 16:20:05,929 - INFO - --- Época 77/150 ---
2026-01-05 16:21:19,579 - INFO - Train Loss: 0.8688 Acc: 0.6411
2026-01-05 16:21:25,852 - INFO -   [LR] Tasa de aprendizaje actual: 0.000100
2026-01-05 16:21:25,853 - INFO -   [Sin mejora Loss] Paciencia: 3/10
2026-01-05 16:21:25,854 - INFO - Val Loss: 0.7610 Acc: 0.6860
2026-01-05 16:21:25,855 - INFO - --- Época 78/150 ---
2026-01-05 16:22:38,488 - INFO - Train Loss: 0.8582 Acc: 0.6404
2026-01-05 16:22:44,995 - INFO -   [LR] Tasa de aprendizaje actual: 0.000100
2026-01-05 16:22:44,996 - INFO -   [Sin mejora Loss] Paciencia: 4/10
2026-01-05 16:22:44,997 - INFO - Val Loss: 0.7570 Acc: 0.6860
2026-01-05 16:22:44,998 - INFO - --- Época 79/150 ---
2026-01-05 16:23:58,696 - INFO - Train Loss: 0.8564 Acc: 0.6378
2026-01-05 16:24:05,097 - INFO -   [LR] Tasa de aprendizaje actual: 0.000100
2026-01-05 16:24:05,098 - INFO -   [Sin mejora Loss] Paciencia: 5/10
2026-01-05 16:24:05,100 - INFO - Val Loss: 0.7596 Acc: 0.6773
2026-01-05 16:24:05,101 - INFO - --- Época 80/150 ---
2026-01-05 16:25:18,466 - INFO - Train Loss: 0.8445 Acc: 0.6356
2026-01-05 16:25:24,468 - INFO -   [LR] Tasa de aprendizaje actual: 0.000050
2026-01-05 16:25:24,468 - INFO -   [Sin mejora Loss] Paciencia: 6/10
2026-01-05 16:25:24,469 - INFO - Val Loss: 0.7595 Acc: 0.6831
2026-01-05 16:25:24,470 - INFO - --- Época 81/150 ---
2026-01-05 16:26:37,953 - INFO - Train Loss: 0.8484 Acc: 0.6465
2026-01-05 16:26:44,140 - INFO -   [LR] Tasa de aprendizaje actual: 0.000050
2026-01-05 16:26:44,141 - INFO -   [Sin mejora Loss] Paciencia: 7/10
2026-01-05 16:26:44,142 - INFO - Val Loss: 0.7559 Acc: 0.6831
2026-01-05 16:26:44,144 - INFO - --- Época 82/150 ---
2026-01-05 16:27:58,091 - INFO - Train Loss: 0.8274 Acc: 0.6495
2026-01-05 16:28:04,245 - INFO -   [LR] Tasa de aprendizaje actual: 0.000050
2026-01-05 16:28:04,246 - INFO -   [Mejora Loss] 0.7498 -> 0.7460. Reseteando paciencia.
2026-01-05 16:28:04,262 - INFO -   [Nuevo Récord Loss] Guardado en: models/sbtaylor_kan_cotton\run_20260105_142608\best_model.pth
2026-01-05 16:28:04,263 - INFO - Val Loss: 0.7460 Acc: 0.7035
2026-01-05 16:28:04,264 - INFO - --- Época 83/150 ---
2026-01-05 16:29:18,107 - INFO - Train Loss: 0.8355 Acc: 0.6527
2026-01-05 16:29:24,484 - INFO -   [LR] Tasa de aprendizaje actual: 0.000050
2026-01-05 16:29:24,485 - INFO -   [Sin mejora Loss] Paciencia: 1/10
2026-01-05 16:29:24,486 - INFO - Val Loss: 0.7479 Acc: 0.6977
2026-01-05 16:29:24,487 - INFO - --- Época 84/150 ---
2026-01-05 16:30:38,453 - INFO - Train Loss: 0.8585 Acc: 0.6302
2026-01-05 16:30:44,797 - INFO -   [LR] Tasa de aprendizaje actual: 0.000050
2026-01-05 16:30:44,798 - INFO -   [Mejora Loss] 0.7460 -> 0.7391. Reseteando paciencia.
2026-01-05 16:30:44,814 - INFO -   [Nuevo Récord Loss] Guardado en: models/sbtaylor_kan_cotton\run_20260105_142608\best_model.pth
2026-01-05 16:30:44,815 - INFO - Val Loss: 0.7391 Acc: 0.7006
2026-01-05 16:30:44,816 - INFO - --- Época 85/150 ---
2026-01-05 16:31:58,097 - INFO - Train Loss: 0.8579 Acc: 0.6393
2026-01-05 16:32:04,785 - INFO -   [LR] Tasa de aprendizaje actual: 0.000050
2026-01-05 16:32:04,786 - INFO -   [Sin mejora Loss] Paciencia: 1/10
2026-01-05 16:32:04,787 - INFO - Val Loss: 0.7439 Acc: 0.6977
2026-01-05 16:32:04,788 - INFO - --- Época 86/150 ---
2026-01-05 16:33:19,786 - INFO - Train Loss: 0.8548 Acc: 0.6480
2026-01-05 16:33:25,862 - INFO -   [LR] Tasa de aprendizaje actual: 0.000050
2026-01-05 16:33:25,863 - INFO -   [Sin mejora Loss] Paciencia: 2/10
2026-01-05 16:33:25,864 - INFO - Val Loss: 0.7443 Acc: 0.6948
2026-01-05 16:33:25,864 - INFO - --- Época 87/150 ---
2026-01-05 16:34:39,957 - INFO - Train Loss: 0.8521 Acc: 0.6455
2026-01-05 16:34:46,330 - INFO -   [LR] Tasa de aprendizaje actual: 0.000050
2026-01-05 16:34:46,331 - INFO -   [Sin mejora Loss] Paciencia: 3/10
2026-01-05 16:34:46,332 - INFO - Val Loss: 0.7432 Acc: 0.7035
2026-01-05 16:34:46,333 - INFO - --- Época 88/150 ---
2026-01-05 16:36:02,147 - INFO - Train Loss: 0.8599 Acc: 0.6465
2026-01-05 16:36:09,600 - INFO -   [LR] Tasa de aprendizaje actual: 0.000050
2026-01-05 16:36:09,601 - INFO -   [Sin mejora Loss] Paciencia: 4/10
2026-01-05 16:36:09,602 - INFO - Val Loss: 0.7424 Acc: 0.6977
2026-01-05 16:36:09,603 - INFO - --- Época 89/150 ---
2026-01-05 16:37:47,487 - INFO - Train Loss: 0.8343 Acc: 0.6433
2026-01-05 16:37:55,884 - INFO -   [LR] Tasa de aprendizaje actual: 0.000050
2026-01-05 16:37:55,885 - INFO -   [Sin mejora Loss] Paciencia: 5/10
2026-01-05 16:37:55,886 - INFO - Val Loss: 0.7444 Acc: 0.6948
2026-01-05 16:37:55,887 - INFO - --- Época 90/150 ---
2026-01-05 16:39:28,940 - INFO - Train Loss: 0.8342 Acc: 0.6396
2026-01-05 16:39:35,395 - INFO -   [LR] Tasa de aprendizaje actual: 0.000025
2026-01-05 16:39:35,396 - INFO -   [Sin mejora Loss] Paciencia: 6/10
2026-01-05 16:39:35,398 - INFO - Val Loss: 0.7405 Acc: 0.6948
2026-01-05 16:39:35,399 - INFO - --- Época 91/150 ---
2026-01-05 16:41:10,845 - INFO - Train Loss: 0.8288 Acc: 0.6549
2026-01-05 16:41:17,027 - INFO -   [LR] Tasa de aprendizaje actual: 0.000025
2026-01-05 16:41:17,028 - INFO -   [Mejora Loss] 0.7391 -> 0.7373. Reseteando paciencia.
2026-01-05 16:41:17,044 - INFO -   [Nuevo Récord Loss] Guardado en: models/sbtaylor_kan_cotton\run_20260105_142608\best_model.pth
2026-01-05 16:41:17,046 - INFO - Val Loss: 0.7373 Acc: 0.6948
2026-01-05 16:41:17,046 - INFO - --- Época 92/150 ---
2026-01-05 16:42:37,969 - INFO - Train Loss: 0.8397 Acc: 0.6458
2026-01-05 16:42:46,041 - INFO -   [LR] Tasa de aprendizaje actual: 0.000025
2026-01-05 16:42:46,042 - INFO -   [Sin mejora Loss] Paciencia: 1/10
2026-01-05 16:42:46,043 - INFO - Val Loss: 0.7437 Acc: 0.6948
2026-01-05 16:42:46,044 - INFO - --- Época 93/150 ---
2026-01-05 16:44:21,249 - INFO - Train Loss: 0.8393 Acc: 0.6385
2026-01-05 16:44:29,217 - INFO -   [LR] Tasa de aprendizaje actual: 0.000025
2026-01-05 16:44:29,217 - INFO -   [Mejora Loss] 0.7373 -> 0.7338. Reseteando paciencia.
2026-01-05 16:44:29,234 - INFO -   [Nuevo Récord Loss] Guardado en: models/sbtaylor_kan_cotton\run_20260105_142608\best_model.pth
2026-01-05 16:44:29,235 - INFO - Val Loss: 0.7338 Acc: 0.7006
2026-01-05 16:44:29,236 - INFO - --- Época 94/150 ---
2026-01-05 16:46:07,864 - INFO - Train Loss: 0.8392 Acc: 0.6502
2026-01-05 16:46:15,158 - INFO -   [LR] Tasa de aprendizaje actual: 0.000025
2026-01-05 16:46:15,158 - INFO -   [Sin mejora Loss] Paciencia: 1/10
2026-01-05 16:46:15,159 - INFO - Val Loss: 0.7421 Acc: 0.6831
2026-01-05 16:46:15,160 - INFO - --- Época 95/150 ---
2026-01-05 16:47:51,140 - INFO - Train Loss: 0.8444 Acc: 0.6327
2026-01-05 16:47:57,442 - INFO -   [LR] Tasa de aprendizaje actual: 0.000025
2026-01-05 16:47:57,443 - INFO -   [Sin mejora Loss] Paciencia: 2/10
2026-01-05 16:47:57,444 - INFO - Val Loss: 0.7363 Acc: 0.7035
2026-01-05 16:47:57,445 - INFO - --- Época 96/150 ---
2026-01-05 16:49:12,499 - INFO - Train Loss: 0.8300 Acc: 0.6524
2026-01-05 16:49:18,881 - INFO -   [LR] Tasa de aprendizaje actual: 0.000025
2026-01-05 16:49:18,882 - INFO -   [Sin mejora Loss] Paciencia: 3/10
2026-01-05 16:49:18,883 - INFO - Val Loss: 0.7369 Acc: 0.6977
2026-01-05 16:49:18,883 - INFO - --- Época 97/150 ---
2026-01-05 16:50:32,143 - INFO - Train Loss: 0.8396 Acc: 0.6462
2026-01-05 16:50:38,376 - INFO -   [LR] Tasa de aprendizaje actual: 0.000025
2026-01-05 16:50:38,377 - INFO -   [Sin mejora Loss] Paciencia: 4/10
2026-01-05 16:50:38,378 - INFO - Val Loss: 0.7363 Acc: 0.7006
2026-01-05 16:50:38,379 - INFO - --- Época 98/150 ---
2026-01-05 16:51:52,533 - INFO - Train Loss: 0.8474 Acc: 0.6578
2026-01-05 16:51:58,772 - INFO -   [LR] Tasa de aprendizaje actual: 0.000025
2026-01-05 16:51:58,773 - INFO -   [Sin mejora Loss] Paciencia: 5/10
2026-01-05 16:51:58,774 - INFO - Val Loss: 0.7389 Acc: 0.6890
2026-01-05 16:51:58,774 - INFO - --- Época 99/150 ---
2026-01-05 16:53:14,010 - INFO - Train Loss: 0.8615 Acc: 0.6411
2026-01-05 16:53:20,484 - INFO -   [LR] Tasa de aprendizaje actual: 0.000013
2026-01-05 16:53:20,485 - INFO -   [Sin mejora Loss] Paciencia: 6/10
2026-01-05 16:53:20,486 - INFO - Val Loss: 0.7394 Acc: 0.7035
2026-01-05 16:53:20,487 - INFO - --- Época 100/150 ---
2026-01-05 16:54:34,795 - INFO - Train Loss: 0.8311 Acc: 0.6469
2026-01-05 16:54:40,969 - INFO -   [LR] Tasa de aprendizaje actual: 0.000013
2026-01-05 16:54:40,970 - INFO -   [Sin mejora Loss] Paciencia: 7/10
2026-01-05 16:54:40,971 - INFO - Val Loss: 0.7360 Acc: 0.6948
2026-01-05 16:54:40,972 - INFO - --- Época 101/150 ---
2026-01-05 16:55:55,307 - INFO - Train Loss: 0.8473 Acc: 0.6284
2026-01-05 16:56:02,025 - INFO -   [LR] Tasa de aprendizaje actual: 0.000013
2026-01-05 16:56:02,026 - INFO -   [Sin mejora Loss] Paciencia: 8/10
2026-01-05 16:56:02,027 - INFO - Val Loss: 0.7340 Acc: 0.6948
2026-01-05 16:56:02,028 - INFO - --- Época 102/150 ---
2026-01-05 16:57:19,216 - INFO - Train Loss: 0.8349 Acc: 0.6535
2026-01-05 16:57:26,061 - INFO -   [LR] Tasa de aprendizaje actual: 0.000013
2026-01-05 16:57:26,062 - INFO -   [Sin mejora Loss] Paciencia: 9/10
2026-01-05 16:57:26,063 - INFO - Val Loss: 0.7405 Acc: 0.6919
2026-01-05 16:57:26,064 - INFO - --- Época 103/150 ---
2026-01-05 16:58:41,441 - INFO - Train Loss: 0.8440 Acc: 0.6451
2026-01-05 16:58:47,948 - INFO -   [LR] Tasa de aprendizaje actual: 0.000013
2026-01-05 16:58:47,950 - INFO -   [Sin mejora Loss] Paciencia: 10/10
2026-01-05 16:58:47,950 - INFO - ¡EARLY STOPPING ACTIVADO! El modelo ya no mejora su pérdida.
2026-01-05 16:58:47,951 - INFO - Val Loss: 0.7346 Acc: 0.7035
2026-01-05 16:58:47,952 - INFO - Entrenamiento finalizado en 151m 22s
2026-01-05 16:58:47,954 - INFO - Mejor Val Loss lograda: 0.7338
2026-01-05 16:58:50,731 - INFO - Cargando el mejor modelo para la evaluación...
2026-01-05 16:58:50,824 - INFO - 
========================================
2026-01-05 16:58:50,825 - INFO - --- INICIANDO EVALUACIÓN EN TEST SET ---
2026-01-05 16:58:50,826 - INFO - ========================================
2026-01-05 16:58:56,892 - INFO - Calculando métricas estadísticas...
2026-01-05 16:58:56,899 - INFO - Generando matriz de confusión...
2026-01-05 16:58:57,101 - INFO - Gráfico guardado en: models/sbtaylor_kan_cotton\run_20260105_142608\confusion_matrix.png
2026-01-05 16:58:57,102 - INFO - Escribiendo reporte final...
2026-01-05 16:58:57,117 - INFO - Reporte de texto guardado en: models/sbtaylor_kan_cotton\run_20260105_142608\test_metrics_report.txt
2026-01-05 16:58:57,119 - INFO - --- EVALUACIÓN FINALIZADA ---
