2025-12-05 20:48:57,694 - INFO - Modelo SBTAYLOR_KAN.Net importado correctamente.
2025-12-05 20:48:57,696 - INFO - Los pesos del modelo se guardarán en: 'models/sbtaylor_kan_cotton\run_20251205_204857\sbtaylor_kan.best_weights.pth'
2025-12-05 20:48:57,698 - INFO - El registro de entrenamiento se guardará en: 'models/sbtaylor_kan_cotton\run_20251205_204857\training_run.log'
2025-12-05 20:48:57,740 - INFO - Versión de PyTorch: 2.9.0+cu126
2025-12-05 20:48:57,742 - INFO - ¿CUDA está disponible?: True
2025-12-05 20:48:57,744 - INFO - Versión de CUDA con la que PyTorch fue compilado: 12.6
2025-12-05 20:48:57,747 - INFO - Número de GPUs disponibles: 1
2025-12-05 20:48:57,757 - INFO - Nombre de la GPU actual: NVIDIA GeForce RTX 4090
2025-12-05 20:48:57,787 - INFO - --- Hyperparámetros de Entrenamiento ---
2025-12-05 20:48:57,788 - INFO - Batch Size: 64
2025-12-05 20:48:57,789 - INFO - Num Epochs: 150
2025-12-05 20:48:57,791 - INFO - Learning Rate: 0.0001
2025-12-05 20:48:57,794 - INFO - Num Classes: 4
2025-12-05 20:48:57,796 - INFO - Num Workers: 4
2025-12-05 20:48:57,841 - INFO - 
Cargando dataset de ./data...
2025-12-05 20:48:57,907 - INFO - Clases detectadas: ['Fresh_Leaf', 'Leaf_Reddening', 'Leaf_Spot_Bacterial_Blight', 'Yellowish_Leaf']
2025-12-05 20:48:57,941 - INFO - 
Usando dispositivo: cuda
2025-12-05 20:49:01,235 - INFO - Iniciando entrenamiento por 150 épocas...
2025-12-05 20:49:01,236 - INFO - Los modelos se guardarán en: models/sbtaylor_kan_cotton\run_20251205_204857
2025-12-05 20:49:01,237 - INFO - --- Época 1/150 ---
2025-12-05 20:49:37,300 - INFO - Train Loss: 1.0366 Acc: 0.4975
2025-12-05 20:49:44,353 - INFO - Val Loss: 0.8425 Acc: 0.5750
2025-12-05 20:49:44,723 - INFO -   ¡Nuevo récord! Modelo guardado en: models/sbtaylor_kan_cotton\run_20251205_204857\best_model.pth
2025-12-05 20:49:44,724 - INFO - --- Época 2/150 ---
2025-12-05 20:50:18,179 - INFO - Train Loss: 0.8731 Acc: 0.5839
2025-12-05 20:50:24,996 - INFO - Val Loss: 0.8155 Acc: 0.5750
2025-12-05 20:50:24,998 - INFO - --- Época 3/150 ---
2025-12-05 20:50:57,159 - INFO - Train Loss: 0.8229 Acc: 0.6083
2025-12-05 20:51:03,967 - INFO - Val Loss: 0.8096 Acc: 0.5833
2025-12-05 20:51:04,383 - INFO -   ¡Nuevo récord! Modelo guardado en: models/sbtaylor_kan_cotton\run_20251205_204857\best_model.pth
2025-12-05 20:51:04,384 - INFO - --- Época 4/150 ---
2025-12-05 20:51:38,461 - INFO - Train Loss: 0.7882 Acc: 0.6246
2025-12-05 20:51:45,251 - INFO - Val Loss: 0.7770 Acc: 0.5750
2025-12-05 20:51:45,252 - INFO - --- Época 5/150 ---
2025-12-05 20:52:16,934 - INFO - Train Loss: 0.7615 Acc: 0.6364
2025-12-05 20:52:23,779 - INFO - Val Loss: 0.7755 Acc: 0.5917
2025-12-05 20:52:24,184 - INFO -   ¡Nuevo récord! Modelo guardado en: models/sbtaylor_kan_cotton\run_20251205_204857\best_model.pth
2025-12-05 20:52:24,185 - INFO - --- Época 6/150 ---
2025-12-05 20:52:57,060 - INFO - Train Loss: 0.7423 Acc: 0.6483
2025-12-05 20:53:03,528 - INFO - Val Loss: 0.8156 Acc: 0.5250
2025-12-05 20:53:03,530 - INFO - --- Época 7/150 ---
2025-12-05 20:53:36,291 - INFO - Train Loss: 0.7255 Acc: 0.6640
2025-12-05 20:53:43,295 - INFO - Val Loss: 0.7686 Acc: 0.5417
2025-12-05 20:53:43,297 - INFO - --- Época 8/150 ---
2025-12-05 20:54:16,227 - INFO - Train Loss: 0.7234 Acc: 0.6576
2025-12-05 20:54:22,926 - INFO - Val Loss: 0.7907 Acc: 0.5750
2025-12-05 20:54:22,928 - INFO - --- Época 9/150 ---
2025-12-05 20:54:55,418 - INFO - Train Loss: 0.7032 Acc: 0.6719
2025-12-05 20:55:02,138 - INFO - Val Loss: 0.7778 Acc: 0.5333
2025-12-05 20:55:02,140 - INFO - --- Época 10/150 ---
2025-12-05 20:55:32,728 - INFO - Train Loss: 0.6949 Acc: 0.6777
2025-12-05 20:55:39,457 - INFO - Val Loss: 0.7796 Acc: 0.5500
2025-12-05 20:55:39,458 - INFO - --- Época 11/150 ---
2025-12-05 20:56:12,243 - INFO - Train Loss: 0.6827 Acc: 0.6802
2025-12-05 20:56:19,260 - INFO - Val Loss: 0.7611 Acc: 0.6000
2025-12-05 20:56:19,718 - INFO -   ¡Nuevo récord! Modelo guardado en: models/sbtaylor_kan_cotton\run_20251205_204857\best_model.pth
2025-12-05 20:56:19,719 - INFO - --- Época 12/150 ---
2025-12-05 20:56:53,518 - INFO - Train Loss: 0.6658 Acc: 0.6928
2025-12-05 20:57:00,334 - INFO - Val Loss: 0.7751 Acc: 0.6000
2025-12-05 20:57:00,335 - INFO - --- Época 13/150 ---
2025-12-05 20:57:31,649 - INFO - Train Loss: 0.6594 Acc: 0.6963
2025-12-05 20:57:38,394 - INFO - Val Loss: 0.7731 Acc: 0.5917
2025-12-05 20:57:38,396 - INFO - --- Época 14/150 ---
2025-12-05 20:58:11,107 - INFO - Train Loss: 0.6436 Acc: 0.7000
2025-12-05 20:58:18,177 - INFO - Val Loss: 0.7868 Acc: 0.5667
2025-12-05 20:58:18,178 - INFO - --- Época 15/150 ---
2025-12-05 20:58:51,129 - INFO - Train Loss: 0.6365 Acc: 0.7112
2025-12-05 20:58:57,991 - INFO - Val Loss: 0.7587 Acc: 0.5667
2025-12-05 20:58:57,993 - INFO - --- Época 16/150 ---
2025-12-05 20:59:30,804 - INFO - Train Loss: 0.6292 Acc: 0.7202
2025-12-05 20:59:37,630 - INFO - Val Loss: 0.8009 Acc: 0.5750
2025-12-05 20:59:37,631 - INFO - --- Época 17/150 ---
2025-12-05 21:00:10,148 - INFO - Train Loss: 0.6262 Acc: 0.7186
2025-12-05 21:00:16,957 - INFO - Val Loss: 0.7927 Acc: 0.6583
2025-12-05 21:00:17,364 - INFO -   ¡Nuevo récord! Modelo guardado en: models/sbtaylor_kan_cotton\run_20251205_204857\best_model.pth
2025-12-05 21:00:17,365 - INFO - --- Época 18/150 ---
2025-12-05 21:00:49,156 - INFO - Train Loss: 0.6048 Acc: 0.7205
2025-12-05 21:00:55,846 - INFO - Val Loss: 0.7830 Acc: 0.6333
2025-12-05 21:00:55,848 - INFO - --- Época 19/150 ---
2025-12-05 21:01:29,461 - INFO - Train Loss: 0.5996 Acc: 0.7312
2025-12-05 21:01:36,518 - INFO - Val Loss: 0.7987 Acc: 0.6250
2025-12-05 21:01:36,520 - INFO - --- Época 20/150 ---
2025-12-05 21:02:09,807 - INFO - Train Loss: 0.5958 Acc: 0.7314
2025-12-05 21:02:16,770 - INFO - Val Loss: 0.7467 Acc: 0.6333
2025-12-05 21:02:16,771 - INFO - --- Época 21/150 ---
2025-12-05 21:02:50,650 - INFO - Train Loss: 0.5810 Acc: 0.7430
2025-12-05 21:02:57,513 - INFO - Val Loss: 0.8116 Acc: 0.6250
2025-12-05 21:02:57,515 - INFO - --- Época 22/150 ---
2025-12-05 21:03:30,954 - INFO - Train Loss: 0.5689 Acc: 0.7390
2025-12-05 21:03:37,855 - INFO - Val Loss: 0.7723 Acc: 0.6250
2025-12-05 21:03:37,858 - INFO - --- Época 23/150 ---
2025-12-05 21:04:11,330 - INFO - Train Loss: 0.5546 Acc: 0.7568
2025-12-05 21:04:18,349 - INFO - Val Loss: 0.8010 Acc: 0.6333
2025-12-05 21:04:18,351 - INFO - --- Época 24/150 ---
2025-12-05 21:04:51,814 - INFO - Train Loss: 0.5618 Acc: 0.7539
2025-12-05 21:04:58,688 - INFO - Val Loss: 0.7581 Acc: 0.6250
2025-12-05 21:04:58,692 - INFO - --- Época 25/150 ---
2025-12-05 21:05:32,503 - INFO - Train Loss: 0.5503 Acc: 0.7659
2025-12-05 21:05:39,594 - INFO - Val Loss: 0.8149 Acc: 0.6583
2025-12-05 21:05:39,596 - INFO - --- Época 26/150 ---
2025-12-05 21:06:12,988 - INFO - Train Loss: 0.5459 Acc: 0.7632
2025-12-05 21:06:19,579 - INFO - Val Loss: 0.7803 Acc: 0.6250
2025-12-05 21:06:19,581 - INFO - --- Época 27/150 ---
2025-12-05 21:06:53,406 - INFO - Train Loss: 0.5349 Acc: 0.7707
2025-12-05 21:07:00,142 - INFO - Val Loss: 0.8526 Acc: 0.6250
2025-12-05 21:07:00,143 - INFO - --- Época 28/150 ---
2025-12-05 21:07:33,359 - INFO - Train Loss: 0.5372 Acc: 0.7655
2025-12-05 21:07:40,397 - INFO - Val Loss: 0.8107 Acc: 0.6417
2025-12-05 21:07:40,400 - INFO - --- Época 29/150 ---
2025-12-05 21:08:13,834 - INFO - Train Loss: 0.5165 Acc: 0.7773
2025-12-05 21:08:20,766 - INFO - Val Loss: 0.7889 Acc: 0.6417
2025-12-05 21:08:20,768 - INFO - --- Época 30/150 ---
2025-12-05 21:08:54,841 - INFO - Train Loss: 0.5154 Acc: 0.7767
2025-12-05 21:09:01,586 - INFO - Val Loss: 0.7712 Acc: 0.6750
2025-12-05 21:09:02,104 - INFO -   ¡Nuevo récord! Modelo guardado en: models/sbtaylor_kan_cotton\run_20251205_204857\best_model.pth
2025-12-05 21:09:02,107 - INFO - --- Época 31/150 ---
2025-12-05 21:09:35,380 - INFO - Train Loss: 0.5208 Acc: 0.7793
2025-12-05 21:09:42,221 - INFO - Val Loss: 0.7772 Acc: 0.6500
2025-12-05 21:09:42,223 - INFO - --- Época 32/150 ---
2025-12-05 21:10:15,345 - INFO - Train Loss: 0.4959 Acc: 0.7893
2025-12-05 21:10:22,167 - INFO - Val Loss: 0.8202 Acc: 0.6083
2025-12-05 21:10:22,170 - INFO - --- Época 33/150 ---
2025-12-05 21:10:56,147 - INFO - Train Loss: 0.4891 Acc: 0.7909
2025-12-05 21:11:03,064 - INFO - Val Loss: 0.7968 Acc: 0.6500
2025-12-05 21:11:03,066 - INFO - --- Época 34/150 ---
2025-12-05 21:11:36,993 - INFO - Train Loss: 0.4739 Acc: 0.8017
2025-12-05 21:11:44,026 - INFO - Val Loss: 0.7844 Acc: 0.6583
2025-12-05 21:11:44,028 - INFO - --- Época 35/150 ---
2025-12-05 21:12:17,602 - INFO - Train Loss: 0.4717 Acc: 0.8045
2025-12-05 21:12:24,461 - INFO - Val Loss: 0.7679 Acc: 0.6667
2025-12-05 21:12:24,464 - INFO - --- Época 36/150 ---
2025-12-05 21:12:58,080 - INFO - Train Loss: 0.4715 Acc: 0.8076
2025-12-05 21:13:04,749 - INFO - Val Loss: 0.8208 Acc: 0.6500
2025-12-05 21:13:04,752 - INFO - --- Época 37/150 ---
2025-12-05 21:13:37,994 - INFO - Train Loss: 0.4584 Acc: 0.8107
2025-12-05 21:13:44,986 - INFO - Val Loss: 0.8110 Acc: 0.6750
2025-12-05 21:13:44,989 - INFO - --- Época 38/150 ---
2025-12-05 21:14:18,467 - INFO - Train Loss: 0.4582 Acc: 0.8085
2025-12-05 21:14:25,430 - INFO - Val Loss: 0.7955 Acc: 0.6500
2025-12-05 21:14:25,432 - INFO - --- Época 39/150 ---
2025-12-05 21:14:59,377 - INFO - Train Loss: 0.4379 Acc: 0.8171
2025-12-05 21:15:06,374 - INFO - Val Loss: 0.8003 Acc: 0.6667
2025-12-05 21:15:06,377 - INFO - --- Época 40/150 ---
2025-12-05 21:15:39,379 - INFO - Train Loss: 0.4406 Acc: 0.8159
2025-12-05 21:15:46,298 - INFO - Val Loss: 0.8118 Acc: 0.6750
2025-12-05 21:15:46,300 - INFO - --- Época 41/150 ---
2025-12-05 21:16:20,364 - INFO - Train Loss: 0.4424 Acc: 0.8085
2025-12-05 21:16:27,560 - INFO - Val Loss: 0.8191 Acc: 0.6667
2025-12-05 21:16:27,562 - INFO - --- Época 42/150 ---
2025-12-05 21:17:01,321 - INFO - Train Loss: 0.4210 Acc: 0.8246
2025-12-05 21:17:08,281 - INFO - Val Loss: 0.8663 Acc: 0.6417
2025-12-05 21:17:08,284 - INFO - --- Época 43/150 ---
2025-12-05 21:17:42,119 - INFO - Train Loss: 0.4155 Acc: 0.8322
2025-12-05 21:17:49,005 - INFO - Val Loss: 0.8688 Acc: 0.6167
2025-12-05 21:17:49,008 - INFO - --- Época 44/150 ---
2025-12-05 21:18:22,945 - INFO - Train Loss: 0.4112 Acc: 0.8285
2025-12-05 21:18:29,923 - INFO - Val Loss: 0.8649 Acc: 0.6417
2025-12-05 21:18:29,925 - INFO - --- Época 45/150 ---
2025-12-05 21:19:03,231 - INFO - Train Loss: 0.4083 Acc: 0.8320
2025-12-05 21:19:10,239 - INFO - Val Loss: 0.8097 Acc: 0.6667
2025-12-05 21:19:10,240 - INFO - --- Época 46/150 ---
2025-12-05 21:19:43,643 - INFO - Train Loss: 0.4025 Acc: 0.8390
2025-12-05 21:19:50,487 - INFO - Val Loss: 0.8710 Acc: 0.6500
2025-12-05 21:19:50,489 - INFO - --- Época 47/150 ---
2025-12-05 21:20:24,414 - INFO - Train Loss: 0.3926 Acc: 0.8399
2025-12-05 21:20:31,436 - INFO - Val Loss: 0.8918 Acc: 0.6500
2025-12-05 21:20:31,439 - INFO - --- Época 48/150 ---
2025-12-05 21:21:05,196 - INFO - Train Loss: 0.3918 Acc: 0.8382
2025-12-05 21:21:12,181 - INFO - Val Loss: 0.9077 Acc: 0.6250
2025-12-05 21:21:12,183 - INFO - --- Época 49/150 ---
2025-12-05 21:21:45,182 - INFO - Train Loss: 0.3793 Acc: 0.8407
2025-12-05 21:21:52,231 - INFO - Val Loss: 0.9244 Acc: 0.6417
2025-12-05 21:21:52,233 - INFO - --- Época 50/150 ---
2025-12-05 21:22:25,941 - INFO - Train Loss: 0.3855 Acc: 0.8438
2025-12-05 21:22:33,000 - INFO - Val Loss: 0.8776 Acc: 0.6083
2025-12-05 21:22:33,002 - INFO - --- Época 51/150 ---
2025-12-05 21:23:07,244 - INFO - Train Loss: 0.3745 Acc: 0.8475
2025-12-05 21:23:14,218 - INFO - Val Loss: 0.9251 Acc: 0.6250
2025-12-05 21:23:14,220 - INFO - --- Época 52/150 ---
2025-12-05 21:23:47,960 - INFO - Train Loss: 0.3583 Acc: 0.8587
2025-12-05 21:23:54,711 - INFO - Val Loss: 0.8240 Acc: 0.6750
2025-12-05 21:23:54,713 - INFO - --- Época 53/150 ---
2025-12-05 21:24:28,187 - INFO - Train Loss: 0.3634 Acc: 0.8473
2025-12-05 21:24:34,992 - INFO - Val Loss: 0.9313 Acc: 0.6167
2025-12-05 21:24:34,994 - INFO - --- Época 54/150 ---
2025-12-05 21:25:08,316 - INFO - Train Loss: 0.3517 Acc: 0.8587
2025-12-05 21:25:15,254 - INFO - Val Loss: 1.0003 Acc: 0.6167
2025-12-05 21:25:15,256 - INFO - --- Época 55/150 ---
2025-12-05 21:25:48,812 - INFO - Train Loss: 0.3648 Acc: 0.8508
2025-12-05 21:25:55,889 - INFO - Val Loss: 0.9163 Acc: 0.6083
2025-12-05 21:25:55,891 - INFO - --- Época 56/150 ---
2025-12-05 21:26:29,090 - INFO - Train Loss: 0.3557 Acc: 0.8539
2025-12-05 21:26:36,016 - INFO - Val Loss: 0.9625 Acc: 0.6250
2025-12-05 21:26:36,017 - INFO - --- Época 57/150 ---
2025-12-05 21:27:09,598 - INFO - Train Loss: 0.3550 Acc: 0.8601
2025-12-05 21:27:16,684 - INFO - Val Loss: 0.9324 Acc: 0.6417
2025-12-05 21:27:16,686 - INFO - --- Época 58/150 ---
2025-12-05 21:27:50,483 - INFO - Train Loss: 0.3390 Acc: 0.8647
2025-12-05 21:27:57,444 - INFO - Val Loss: 0.8341 Acc: 0.6417
2025-12-05 21:27:57,447 - INFO - --- Época 59/150 ---
2025-12-05 21:28:31,608 - INFO - Train Loss: 0.3337 Acc: 0.8663
2025-12-05 21:28:38,541 - INFO - Val Loss: 0.8532 Acc: 0.6667
2025-12-05 21:28:38,543 - INFO - --- Época 60/150 ---
2025-12-05 21:29:12,224 - INFO - Train Loss: 0.3406 Acc: 0.8618
2025-12-05 21:29:19,282 - INFO - Val Loss: 0.9367 Acc: 0.6750
2025-12-05 21:29:19,284 - INFO - --- Época 61/150 ---
2025-12-05 21:29:53,242 - INFO - Train Loss: 0.3240 Acc: 0.8723
2025-12-05 21:30:00,184 - INFO - Val Loss: 0.9452 Acc: 0.6250
2025-12-05 21:30:00,188 - INFO - --- Época 62/150 ---
2025-12-05 21:30:34,019 - INFO - Train Loss: 0.3287 Acc: 0.8688
2025-12-05 21:30:40,790 - INFO - Val Loss: 0.9094 Acc: 0.6583
2025-12-05 21:30:40,792 - INFO - --- Época 63/150 ---
2025-12-05 21:31:14,849 - INFO - Train Loss: 0.3273 Acc: 0.8692
2025-12-05 21:31:21,867 - INFO - Val Loss: 0.8851 Acc: 0.6417
2025-12-05 21:31:21,869 - INFO - --- Época 64/150 ---
2025-12-05 21:31:55,591 - INFO - Train Loss: 0.3143 Acc: 0.8789
2025-12-05 21:32:02,632 - INFO - Val Loss: 0.9315 Acc: 0.6417
2025-12-05 21:32:02,636 - INFO - --- Época 65/150 ---
2025-12-05 21:32:36,122 - INFO - Train Loss: 0.3108 Acc: 0.8756
2025-12-05 21:32:43,147 - INFO - Val Loss: 0.8775 Acc: 0.7167
2025-12-05 21:32:43,563 - INFO -   ¡Nuevo récord! Modelo guardado en: models/sbtaylor_kan_cotton\run_20251205_204857\best_model.pth
2025-12-05 21:32:43,565 - INFO - --- Época 66/150 ---
2025-12-05 21:33:17,110 - INFO - Train Loss: 0.3192 Acc: 0.8764
2025-12-05 21:33:28,817 - INFO - Val Loss: 0.8328 Acc: 0.6583
2025-12-05 21:33:28,818 - INFO - --- Época 67/150 ---
2025-12-05 21:34:01,554 - INFO - Train Loss: 0.3106 Acc: 0.8795
2025-12-05 21:34:08,531 - INFO - Val Loss: 0.9525 Acc: 0.6583
2025-12-05 21:34:08,534 - INFO - --- Época 68/150 ---
2025-12-05 21:34:41,547 - INFO - Train Loss: 0.3025 Acc: 0.8804
2025-12-05 21:34:48,549 - INFO - Val Loss: 0.9038 Acc: 0.6583
2025-12-05 21:34:48,552 - INFO - --- Época 69/150 ---
2025-12-05 21:35:21,931 - INFO - Train Loss: 0.2969 Acc: 0.8824
2025-12-05 21:35:28,924 - INFO - Val Loss: 0.9102 Acc: 0.6583
2025-12-05 21:35:28,926 - INFO - --- Época 70/150 ---
2025-12-05 21:36:02,260 - INFO - Train Loss: 0.2879 Acc: 0.8886
2025-12-05 21:36:09,317 - INFO - Val Loss: 0.9849 Acc: 0.5917
2025-12-05 21:36:09,319 - INFO - --- Época 71/150 ---
2025-12-05 21:36:42,448 - INFO - Train Loss: 0.2909 Acc: 0.8893
2025-12-05 21:36:49,380 - INFO - Val Loss: 0.9111 Acc: 0.6417
2025-12-05 21:36:49,383 - INFO - --- Época 72/150 ---
2025-12-05 21:37:23,488 - INFO - Train Loss: 0.2879 Acc: 0.8876
2025-12-05 21:37:30,472 - INFO - Val Loss: 0.9125 Acc: 0.6750
2025-12-05 21:37:30,475 - INFO - --- Época 73/150 ---
2025-12-05 21:38:03,686 - INFO - Train Loss: 0.2840 Acc: 0.8884
2025-12-05 21:38:10,790 - INFO - Val Loss: 1.0395 Acc: 0.6500
2025-12-05 21:38:10,792 - INFO - --- Época 74/150 ---
2025-12-05 21:38:43,521 - INFO - Train Loss: 0.2924 Acc: 0.8907
2025-12-05 21:38:50,264 - INFO - Val Loss: 0.9776 Acc: 0.6083
2025-12-05 21:38:50,266 - INFO - --- Época 75/150 ---
2025-12-05 21:39:24,081 - INFO - Train Loss: 0.2742 Acc: 0.8891
2025-12-05 21:39:30,897 - INFO - Val Loss: 0.9759 Acc: 0.6333
2025-12-05 21:39:30,899 - INFO - --- Época 76/150 ---
2025-12-05 21:40:04,460 - INFO - Train Loss: 0.2908 Acc: 0.8828
2025-12-05 21:40:11,157 - INFO - Val Loss: 1.0012 Acc: 0.6250
2025-12-05 21:40:11,159 - INFO - --- Época 77/150 ---
2025-12-05 21:40:44,629 - INFO - Train Loss: 0.2593 Acc: 0.9010
2025-12-05 21:40:51,619 - INFO - Val Loss: 1.0093 Acc: 0.6500
2025-12-05 21:40:51,621 - INFO - --- Época 78/150 ---
2025-12-05 21:41:24,592 - INFO - Train Loss: 0.2794 Acc: 0.8938
2025-12-05 21:41:31,461 - INFO - Val Loss: 1.0257 Acc: 0.6500
2025-12-05 21:41:31,464 - INFO - --- Época 79/150 ---
2025-12-05 21:42:05,438 - INFO - Train Loss: 0.2692 Acc: 0.9021
2025-12-05 21:42:12,455 - INFO - Val Loss: 1.0899 Acc: 0.6083
2025-12-05 21:42:12,458 - INFO - --- Época 80/150 ---
2025-12-05 21:42:46,036 - INFO - Train Loss: 0.2575 Acc: 0.8986
2025-12-05 21:42:52,800 - INFO - Val Loss: 1.0167 Acc: 0.6833
2025-12-05 21:42:52,802 - INFO - --- Época 81/150 ---
2025-12-05 21:43:26,215 - INFO - Train Loss: 0.2519 Acc: 0.8994
2025-12-05 21:43:33,159 - INFO - Val Loss: 1.0582 Acc: 0.6333
2025-12-05 21:43:33,161 - INFO - --- Época 82/150 ---
2025-12-05 21:44:06,992 - INFO - Train Loss: 0.2675 Acc: 0.8953
2025-12-05 21:44:13,961 - INFO - Val Loss: 1.0414 Acc: 0.6500
2025-12-05 21:44:13,963 - INFO - --- Época 83/150 ---
2025-12-05 21:44:47,575 - INFO - Train Loss: 0.2532 Acc: 0.9050
2025-12-05 21:44:54,235 - INFO - Val Loss: 1.0429 Acc: 0.6583
2025-12-05 21:44:54,237 - INFO - --- Época 84/150 ---
2025-12-05 21:45:27,031 - INFO - Train Loss: 0.2648 Acc: 0.8946
2025-12-05 21:45:33,917 - INFO - Val Loss: 0.9820 Acc: 0.6833
2025-12-05 21:45:33,918 - INFO - --- Época 85/150 ---
2025-12-05 21:46:07,335 - INFO - Train Loss: 0.2540 Acc: 0.9019
2025-12-05 21:46:14,176 - INFO - Val Loss: 1.0580 Acc: 0.6583
2025-12-05 21:46:14,178 - INFO - --- Época 86/150 ---
2025-12-05 21:46:47,573 - INFO - Train Loss: 0.2635 Acc: 0.8953
2025-12-05 21:46:54,535 - INFO - Val Loss: 0.9543 Acc: 0.6750
2025-12-05 21:46:54,536 - INFO - --- Época 87/150 ---
2025-12-05 21:47:28,380 - INFO - Train Loss: 0.2258 Acc: 0.9182
2025-12-05 21:47:35,251 - INFO - Val Loss: 1.0204 Acc: 0.6417
2025-12-05 21:47:35,256 - INFO - --- Época 88/150 ---
2025-12-05 21:48:08,478 - INFO - Train Loss: 0.2397 Acc: 0.9056
2025-12-05 21:48:15,530 - INFO - Val Loss: 1.1165 Acc: 0.6417
2025-12-05 21:48:15,532 - INFO - --- Época 89/150 ---
2025-12-05 21:48:49,472 - INFO - Train Loss: 0.2393 Acc: 0.9081
2025-12-05 21:48:56,550 - INFO - Val Loss: 1.0820 Acc: 0.6583
2025-12-05 21:48:56,552 - INFO - --- Época 90/150 ---
2025-12-05 21:49:30,361 - INFO - Train Loss: 0.2275 Acc: 0.9070
2025-12-05 21:49:37,479 - INFO - Val Loss: 1.0773 Acc: 0.6500
2025-12-05 21:49:37,481 - INFO - --- Época 91/150 ---
2025-12-05 21:50:10,864 - INFO - Train Loss: 0.2383 Acc: 0.9085
2025-12-05 21:50:17,875 - INFO - Val Loss: 0.9657 Acc: 0.6167
2025-12-05 21:50:17,878 - INFO - --- Época 92/150 ---
2025-12-05 21:50:51,230 - INFO - Train Loss: 0.2373 Acc: 0.9099
2025-12-05 21:50:58,196 - INFO - Val Loss: 1.1736 Acc: 0.6250
2025-12-05 21:50:58,198 - INFO - --- Época 93/150 ---
2025-12-05 21:51:32,307 - INFO - Train Loss: 0.2292 Acc: 0.9116
2025-12-05 21:51:39,199 - INFO - Val Loss: 1.0750 Acc: 0.6583
2025-12-05 21:51:39,201 - INFO - --- Época 94/150 ---
2025-12-05 21:52:13,283 - INFO - Train Loss: 0.2280 Acc: 0.9124
2025-12-05 21:52:20,337 - INFO - Val Loss: 1.0442 Acc: 0.6500
2025-12-05 21:52:20,339 - INFO - --- Época 95/150 ---
2025-12-05 21:52:54,030 - INFO - Train Loss: 0.2302 Acc: 0.9109
2025-12-05 21:53:01,048 - INFO - Val Loss: 1.0690 Acc: 0.6833
2025-12-05 21:53:01,051 - INFO - --- Época 96/150 ---
2025-12-05 21:53:35,006 - INFO - Train Loss: 0.2272 Acc: 0.9155
2025-12-05 21:53:42,041 - INFO - Val Loss: 1.2173 Acc: 0.5917
2025-12-05 21:53:42,043 - INFO - --- Época 97/150 ---
2025-12-05 21:54:15,762 - INFO - Train Loss: 0.2182 Acc: 0.9159
2025-12-05 21:54:22,729 - INFO - Val Loss: 1.2355 Acc: 0.5917
2025-12-05 21:54:22,731 - INFO - --- Época 98/150 ---
2025-12-05 21:54:56,672 - INFO - Train Loss: 0.2198 Acc: 0.9140
2025-12-05 21:55:03,686 - INFO - Val Loss: 1.1814 Acc: 0.6333
2025-12-05 21:55:03,689 - INFO - --- Época 99/150 ---
2025-12-05 21:55:37,222 - INFO - Train Loss: 0.2066 Acc: 0.9213
2025-12-05 21:55:44,065 - INFO - Val Loss: 1.1479 Acc: 0.5917
2025-12-05 21:55:44,067 - INFO - --- Época 100/150 ---
2025-12-05 21:56:17,873 - INFO - Train Loss: 0.2129 Acc: 0.9200
2025-12-05 21:56:24,688 - INFO - Val Loss: 1.1472 Acc: 0.6083
2025-12-05 21:56:24,692 - INFO - --- Época 101/150 ---
2025-12-05 21:56:58,293 - INFO - Train Loss: 0.2142 Acc: 0.9180
2025-12-05 21:57:05,307 - INFO - Val Loss: 1.1634 Acc: 0.6250
2025-12-05 21:57:05,309 - INFO - --- Época 102/150 ---
2025-12-05 21:57:39,293 - INFO - Train Loss: 0.2054 Acc: 0.9256
2025-12-05 21:57:46,266 - INFO - Val Loss: 1.1374 Acc: 0.6667
2025-12-05 21:57:46,269 - INFO - --- Época 103/150 ---
2025-12-05 21:58:19,075 - INFO - Train Loss: 0.2001 Acc: 0.9221
2025-12-05 21:58:26,152 - INFO - Val Loss: 1.1921 Acc: 0.6333
2025-12-05 21:58:26,155 - INFO - --- Época 104/150 ---
2025-12-05 21:58:59,704 - INFO - Train Loss: 0.2112 Acc: 0.9227
2025-12-05 21:59:06,712 - INFO - Val Loss: 1.1158 Acc: 0.5833
2025-12-05 21:59:06,715 - INFO - --- Época 105/150 ---
2025-12-05 21:59:40,235 - INFO - Train Loss: 0.2175 Acc: 0.9196
2025-12-05 21:59:47,045 - INFO - Val Loss: 1.2006 Acc: 0.6167
2025-12-05 21:59:47,046 - INFO - --- Época 106/150 ---
2025-12-05 22:00:20,548 - INFO - Train Loss: 0.1938 Acc: 0.9264
2025-12-05 22:00:27,604 - INFO - Val Loss: 1.1646 Acc: 0.6417
2025-12-05 22:00:27,607 - INFO - --- Época 107/150 ---
2025-12-05 22:01:01,009 - INFO - Train Loss: 0.1960 Acc: 0.9264
2025-12-05 22:01:07,944 - INFO - Val Loss: 1.0198 Acc: 0.6833
2025-12-05 22:01:07,947 - INFO - --- Época 108/150 ---
2025-12-05 22:01:40,815 - INFO - Train Loss: 0.2064 Acc: 0.9217
2025-12-05 22:01:47,728 - INFO - Val Loss: 1.1149 Acc: 0.6000
2025-12-05 22:01:47,731 - INFO - --- Época 109/150 ---
2025-12-05 22:02:21,181 - INFO - Train Loss: 0.1984 Acc: 0.9271
2025-12-05 22:02:28,048 - INFO - Val Loss: 1.2106 Acc: 0.6500
2025-12-05 22:02:28,050 - INFO - --- Época 110/150 ---
2025-12-05 22:03:01,461 - INFO - Train Loss: 0.1870 Acc: 0.9300
2025-12-05 22:03:08,614 - INFO - Val Loss: 1.2006 Acc: 0.6417
2025-12-05 22:03:08,616 - INFO - --- Época 111/150 ---
2025-12-05 22:03:42,302 - INFO - Train Loss: 0.1840 Acc: 0.9370
2025-12-05 22:03:49,161 - INFO - Val Loss: 1.2618 Acc: 0.5917
2025-12-05 22:03:49,163 - INFO - --- Época 112/150 ---
2025-12-05 22:04:22,667 - INFO - Train Loss: 0.1953 Acc: 0.9302
2025-12-05 22:04:29,669 - INFO - Val Loss: 1.1697 Acc: 0.6250
2025-12-05 22:04:29,671 - INFO - --- Época 113/150 ---
2025-12-05 22:05:03,326 - INFO - Train Loss: 0.1782 Acc: 0.9298
2025-12-05 22:05:10,368 - INFO - Val Loss: 1.3121 Acc: 0.6500
2025-12-05 22:05:10,370 - INFO - --- Época 114/150 ---
2025-12-05 22:05:44,039 - INFO - Train Loss: 0.1860 Acc: 0.9287
2025-12-05 22:05:50,903 - INFO - Val Loss: 1.3145 Acc: 0.6000
2025-12-05 22:05:50,906 - INFO - --- Época 115/150 ---
2025-12-05 22:06:24,697 - INFO - Train Loss: 0.1928 Acc: 0.9289
2025-12-05 22:06:31,654 - INFO - Val Loss: 1.3384 Acc: 0.5750
2025-12-05 22:06:31,657 - INFO - --- Época 116/150 ---
2025-12-05 22:07:05,186 - INFO - Train Loss: 0.1676 Acc: 0.9372
2025-12-05 22:07:12,167 - INFO - Val Loss: 1.3243 Acc: 0.6333
2025-12-05 22:07:12,169 - INFO - --- Época 117/150 ---
2025-12-05 22:07:45,709 - INFO - Train Loss: 0.1793 Acc: 0.9335
2025-12-05 22:07:52,774 - INFO - Val Loss: 1.2625 Acc: 0.5833
2025-12-05 22:07:52,777 - INFO - --- Época 118/150 ---
2025-12-05 22:08:26,316 - INFO - Train Loss: 0.1820 Acc: 0.9275
2025-12-05 22:08:33,307 - INFO - Val Loss: 1.2605 Acc: 0.6000
2025-12-05 22:08:33,310 - INFO - --- Época 119/150 ---
2025-12-05 22:09:07,498 - INFO - Train Loss: 0.1869 Acc: 0.9326
2025-12-05 22:09:14,390 - INFO - Val Loss: 1.1943 Acc: 0.6417
2025-12-05 22:09:14,392 - INFO - --- Época 120/150 ---
2025-12-05 22:09:48,070 - INFO - Train Loss: 0.1772 Acc: 0.9329
2025-12-05 22:09:55,060 - INFO - Val Loss: 1.2001 Acc: 0.6417
2025-12-05 22:09:55,063 - INFO - --- Época 121/150 ---
2025-12-05 22:10:28,415 - INFO - Train Loss: 0.1941 Acc: 0.9275
2025-12-05 22:10:35,333 - INFO - Val Loss: 1.1028 Acc: 0.6583
2025-12-05 22:10:35,335 - INFO - --- Época 122/150 ---
2025-12-05 22:11:09,169 - INFO - Train Loss: 0.1859 Acc: 0.9277
2025-12-05 22:11:16,054 - INFO - Val Loss: 1.2496 Acc: 0.6583
2025-12-05 22:11:16,056 - INFO - --- Época 123/150 ---
2025-12-05 22:11:49,182 - INFO - Train Loss: 0.1834 Acc: 0.9300
2025-12-05 22:11:56,208 - INFO - Val Loss: 1.1817 Acc: 0.6833
2025-12-05 22:11:56,210 - INFO - --- Época 124/150 ---
2025-12-05 22:12:29,763 - INFO - Train Loss: 0.1649 Acc: 0.9355
2025-12-05 22:12:36,557 - INFO - Val Loss: 1.2395 Acc: 0.6333
2025-12-05 22:12:36,559 - INFO - --- Época 125/150 ---
2025-12-05 22:13:10,045 - INFO - Train Loss: 0.1695 Acc: 0.9335
2025-12-05 22:13:17,145 - INFO - Val Loss: 1.3152 Acc: 0.6333
2025-12-05 22:13:17,147 - INFO - --- Época 126/150 ---
2025-12-05 22:13:50,648 - INFO - Train Loss: 0.1756 Acc: 0.9333
2025-12-05 22:13:57,431 - INFO - Val Loss: 1.3580 Acc: 0.6083
2025-12-05 22:13:57,433 - INFO - --- Época 127/150 ---
2025-12-05 22:14:30,974 - INFO - Train Loss: 0.1687 Acc: 0.9359
2025-12-05 22:14:37,820 - INFO - Val Loss: 1.2078 Acc: 0.6000
2025-12-05 22:14:37,822 - INFO - --- Época 128/150 ---
2025-12-05 22:15:11,609 - INFO - Train Loss: 0.1705 Acc: 0.9337
2025-12-05 22:15:18,658 - INFO - Val Loss: 1.3480 Acc: 0.6083
2025-12-05 22:15:18,661 - INFO - --- Época 129/150 ---
2025-12-05 22:15:51,995 - INFO - Train Loss: 0.1568 Acc: 0.9419
2025-12-05 22:15:58,896 - INFO - Val Loss: 1.2660 Acc: 0.6000
2025-12-05 22:15:58,898 - INFO - --- Época 130/150 ---
2025-12-05 22:16:32,436 - INFO - Train Loss: 0.1492 Acc: 0.9438
2025-12-05 22:16:39,394 - INFO - Val Loss: 1.2653 Acc: 0.6167
2025-12-05 22:16:39,397 - INFO - --- Época 131/150 ---
2025-12-05 22:17:12,715 - INFO - Train Loss: 0.1642 Acc: 0.9395
2025-12-05 22:17:19,716 - INFO - Val Loss: 1.1819 Acc: 0.6417
2025-12-05 22:17:19,718 - INFO - --- Época 132/150 ---
2025-12-05 22:17:53,406 - INFO - Train Loss: 0.1642 Acc: 0.9407
2025-12-05 22:18:00,424 - INFO - Val Loss: 1.1917 Acc: 0.6167
2025-12-05 22:18:00,427 - INFO - --- Época 133/150 ---
2025-12-05 22:18:34,130 - INFO - Train Loss: 0.1672 Acc: 0.9421
2025-12-05 22:18:41,011 - INFO - Val Loss: 1.2675 Acc: 0.6667
2025-12-05 22:18:41,013 - INFO - --- Época 134/150 ---
2025-12-05 22:19:14,661 - INFO - Train Loss: 0.1550 Acc: 0.9407
2025-12-05 22:19:21,808 - INFO - Val Loss: 1.3515 Acc: 0.6000
2025-12-05 22:19:21,810 - INFO - --- Época 135/150 ---
2025-12-05 22:19:56,024 - INFO - Train Loss: 0.1554 Acc: 0.9430
2025-12-05 22:20:03,017 - INFO - Val Loss: 1.2971 Acc: 0.5833
2025-12-05 22:20:03,019 - INFO - --- Época 136/150 ---
2025-12-05 22:20:36,451 - INFO - Train Loss: 0.1665 Acc: 0.9353
2025-12-05 22:20:43,553 - INFO - Val Loss: 1.3734 Acc: 0.5750
2025-12-05 22:20:43,555 - INFO - --- Época 137/150 ---
2025-12-05 22:21:16,236 - INFO - Train Loss: 0.1563 Acc: 0.9440
2025-12-05 22:21:23,074 - INFO - Val Loss: 1.3430 Acc: 0.5917
2025-12-05 22:21:23,077 - INFO - --- Época 138/150 ---
2025-12-05 22:21:56,538 - INFO - Train Loss: 0.1597 Acc: 0.9413
2025-12-05 22:22:03,275 - INFO - Val Loss: 1.4564 Acc: 0.5917
2025-12-05 22:22:03,276 - INFO - --- Época 139/150 ---
2025-12-05 22:22:35,523 - INFO - Train Loss: 0.1632 Acc: 0.9403
2025-12-05 22:22:42,541 - INFO - Val Loss: 1.3703 Acc: 0.6083
2025-12-05 22:22:42,544 - INFO - --- Época 140/150 ---
2025-12-05 22:23:16,151 - INFO - Train Loss: 0.1460 Acc: 0.9448
2025-12-05 22:23:23,040 - INFO - Val Loss: 1.5053 Acc: 0.6083
2025-12-05 22:23:23,042 - INFO - --- Época 141/150 ---
2025-12-05 22:23:56,480 - INFO - Train Loss: 0.1493 Acc: 0.9453
2025-12-05 22:24:03,571 - INFO - Val Loss: 1.4791 Acc: 0.5750
2025-12-05 22:24:03,573 - INFO - --- Época 142/150 ---
2025-12-05 22:24:36,147 - INFO - Train Loss: 0.1543 Acc: 0.9436
2025-12-05 22:24:43,023 - INFO - Val Loss: 1.3364 Acc: 0.6083
2025-12-05 22:24:43,025 - INFO - --- Época 143/150 ---
2025-12-05 22:25:16,229 - INFO - Train Loss: 0.1460 Acc: 0.9463
2025-12-05 22:25:23,261 - INFO - Val Loss: 1.2288 Acc: 0.6417
2025-12-05 22:25:23,263 - INFO - --- Época 144/150 ---
2025-12-05 22:25:56,593 - INFO - Train Loss: 0.1545 Acc: 0.9436
2025-12-05 22:26:03,448 - INFO - Val Loss: 1.3065 Acc: 0.6250
2025-12-05 22:26:03,451 - INFO - --- Época 145/150 ---
2025-12-05 22:26:36,472 - INFO - Train Loss: 0.1545 Acc: 0.9450
2025-12-05 22:26:43,456 - INFO - Val Loss: 1.4625 Acc: 0.6250
2025-12-05 22:26:43,459 - INFO - --- Época 146/150 ---
2025-12-05 22:27:16,900 - INFO - Train Loss: 0.1430 Acc: 0.9494
2025-12-05 22:27:23,976 - INFO - Val Loss: 1.5619 Acc: 0.6250
2025-12-05 22:27:23,980 - INFO - --- Época 147/150 ---
2025-12-05 22:27:57,729 - INFO - Train Loss: 0.1519 Acc: 0.9471
2025-12-05 22:28:04,709 - INFO - Val Loss: 1.4931 Acc: 0.6417
2025-12-05 22:28:04,711 - INFO - --- Época 148/150 ---
2025-12-05 22:28:38,363 - INFO - Train Loss: 0.1516 Acc: 0.9442
2025-12-05 22:28:45,339 - INFO - Val Loss: 1.3998 Acc: 0.6167
2025-12-05 22:28:45,341 - INFO - --- Época 149/150 ---
2025-12-05 22:29:19,226 - INFO - Train Loss: 0.1453 Acc: 0.9481
2025-12-05 22:29:26,279 - INFO - Val Loss: 1.4057 Acc: 0.6167
2025-12-05 22:29:26,281 - INFO - --- Época 150/150 ---
2025-12-05 22:30:00,395 - INFO - Train Loss: 0.1363 Acc: 0.9500
2025-12-05 22:30:07,384 - INFO - Val Loss: 1.2764 Acc: 0.6167
2025-12-05 22:30:07,387 - INFO - Entrenamiento completado en 101m 6s
2025-12-05 22:30:07,390 - INFO - Mejor Val Acc: 0.7167
2025-12-06 02:51:04,757 - INFO - Cargando el mejor modelo para la evaluación...
2025-12-06 02:52:17,512 - INFO - Cargando el mejor modelo para la evaluación...
2025-12-06 02:52:36,542 - INFO - 
========================================
2025-12-06 02:52:36,545 - INFO - --- INICIANDO EVALUACIÓN EN TEST SET ---
2025-12-06 02:52:36,548 - INFO - ========================================
2025-12-06 02:52:50,402 - INFO - Calculando métricas estadísticas...
2025-12-06 02:52:50,419 - INFO - Generando matriz de confusión...
2025-12-06 02:52:50,632 - INFO - Gráfico guardado en: models/sbtaylor_kan_cotton\run_20251205_204857\confusion_matrix.png
2025-12-06 02:52:50,633 - INFO - Escribiendo reporte final...
2025-12-06 02:52:50,653 - INFO - Reporte de texto guardado en: models/sbtaylor_kan_cotton\run_20251205_204857\test_metrics_report.txt
2025-12-06 02:52:50,655 - INFO - --- EVALUACIÓN FINALIZADA ---
