2026-01-05 19:30:23,774 - INFO - Modelo SBTAYLOR_KAN.Net importado correctamente.
2026-01-05 19:30:23,776 - INFO - Los pesos del modelo se guardarán en: 'models/sbtaylor_kan_cotton\run_20260105_193023\sbtaylor_kan.best_weights.pth'
2026-01-05 19:30:23,777 - INFO - El registro de entrenamiento se guardará en: 'models/sbtaylor_kan_cotton\run_20260105_193023\training_run.log'
2026-01-05 19:30:23,804 - INFO - Versión de PyTorch: 2.9.0+cu126
2026-01-05 19:30:23,805 - INFO - ¿CUDA está disponible?: True
2026-01-05 19:30:23,806 - INFO - Versión de CUDA con la que PyTorch fue compilado: 12.6
2026-01-05 19:30:23,808 - INFO - Número de GPUs disponibles: 1
2026-01-05 19:30:23,813 - INFO - Nombre de la GPU actual: NVIDIA GeForce RTX 4090
2026-01-05 19:30:23,839 - INFO - --- Hyperparámetros de Entrenamiento ---
2026-01-05 19:30:23,840 - INFO - Batch Size: 64
2026-01-05 19:30:23,841 - INFO - Num Epochs: 150
2026-01-05 19:30:23,842 - INFO - Learning Rate: 0.0001
2026-01-05 19:30:23,871 - INFO - 
Cargando dataset de ./Preprocessed Leaf_FILTERED...
2026-01-05 19:30:23,900 - INFO - Clases detectadas: ['Curl Virus', 'Fresh_Leaf', 'Leaf_Reddening', 'Leaf_Spot_Bacterial_Blight']
2026-01-05 19:30:23,913 - INFO - 
Usando dispositivo: cuda
2026-01-05 19:31:23,212 - INFO - Iniciando entrenamiento por 150 épocas...
2026-01-05 19:31:23,215 - INFO - Paciencia configurada: 10 épocas.
2026-01-05 19:31:23,216 - INFO - --- Época 1/150 ---
2026-01-05 19:32:59,757 - INFO - Train Loss: 1.3813 Acc: 0.3513
2026-01-05 19:33:06,069 - INFO -   [LR] Tasa de aprendizaje actual: 0.000100
2026-01-05 19:33:06,071 - INFO -   [Mejora Loss] inf -> 1.3669. Reseteando paciencia.
2026-01-05 19:33:06,087 - INFO -   [Nuevo Récord Loss] Guardado en: models/sbtaylor_kan_cotton\run_20260105_193023\best_model.pth
2026-01-05 19:33:06,089 - INFO - Val Loss: 1.3669 Acc: 0.6017
2026-01-05 19:33:06,092 - INFO - --- Época 2/150 ---
2026-01-05 19:34:39,914 - INFO - Train Loss: 1.3413 Acc: 0.6829
2026-01-05 19:34:50,270 - INFO -   [LR] Tasa de aprendizaje actual: 0.000100
2026-01-05 19:34:50,271 - INFO -   [Mejora Loss] 1.3669 -> 1.2764. Reseteando paciencia.
2026-01-05 19:34:50,287 - INFO -   [Nuevo Récord Loss] Guardado en: models/sbtaylor_kan_cotton\run_20260105_193023\best_model.pth
2026-01-05 19:34:50,290 - INFO - Val Loss: 1.2764 Acc: 0.7355
2026-01-05 19:34:50,293 - INFO - --- Época 3/150 ---
2026-01-05 19:36:30,067 - INFO - Train Loss: 1.2020 Acc: 0.6705
2026-01-05 19:36:40,992 - INFO -   [LR] Tasa de aprendizaje actual: 0.000100
2026-01-05 19:36:40,993 - INFO -   [Mejora Loss] 1.2764 -> 1.0699. Reseteando paciencia.
2026-01-05 19:36:41,010 - INFO -   [Nuevo Récord Loss] Guardado en: models/sbtaylor_kan_cotton\run_20260105_193023\best_model.pth
2026-01-05 19:36:41,011 - INFO - Val Loss: 1.0699 Acc: 0.8140
2026-01-05 19:36:41,013 - INFO - --- Época 4/150 ---
2026-01-05 19:38:21,327 - INFO - Train Loss: 0.9283 Acc: 0.7495
2026-01-05 19:38:32,229 - INFO -   [LR] Tasa de aprendizaje actual: 0.000100
2026-01-05 19:38:32,230 - INFO -   [Mejora Loss] 1.0699 -> 0.7721. Reseteando paciencia.
2026-01-05 19:38:32,253 - INFO -   [Nuevo Récord Loss] Guardado en: models/sbtaylor_kan_cotton\run_20260105_193023\best_model.pth
2026-01-05 19:38:32,255 - INFO - Val Loss: 0.7721 Acc: 0.8285
2026-01-05 19:38:32,257 - INFO - --- Época 5/150 ---
2026-01-05 19:39:41,660 - INFO - Train Loss: 0.6640 Acc: 0.8029
2026-01-05 19:39:48,018 - INFO -   [LR] Tasa de aprendizaje actual: 0.000100
2026-01-05 19:39:48,019 - INFO -   [Mejora Loss] 0.7721 -> 0.5357. Reseteando paciencia.
2026-01-05 19:39:48,035 - INFO -   [Nuevo Récord Loss] Guardado en: models/sbtaylor_kan_cotton\run_20260105_193023\best_model.pth
2026-01-05 19:39:48,036 - INFO - Val Loss: 0.5357 Acc: 0.8576
2026-01-05 19:39:48,037 - INFO - --- Época 6/150 ---
2026-01-05 19:40:45,278 - INFO - Train Loss: 0.5082 Acc: 0.8364
2026-01-05 19:40:51,631 - INFO -   [LR] Tasa de aprendizaje actual: 0.000100
2026-01-05 19:40:51,632 - INFO -   [Mejora Loss] 0.5357 -> 0.4156. Reseteando paciencia.
2026-01-05 19:40:51,646 - INFO -   [Nuevo Récord Loss] Guardado en: models/sbtaylor_kan_cotton\run_20260105_193023\best_model.pth
2026-01-05 19:40:51,648 - INFO - Val Loss: 0.4156 Acc: 0.8634
2026-01-05 19:40:51,649 - INFO - --- Época 7/150 ---
2026-01-05 19:41:48,783 - INFO - Train Loss: 0.4326 Acc: 0.8400
2026-01-05 19:41:54,880 - INFO -   [LR] Tasa de aprendizaje actual: 0.000100
2026-01-05 19:41:54,881 - INFO -   [Mejora Loss] 0.4156 -> 0.3689. Reseteando paciencia.
2026-01-05 19:41:54,900 - INFO -   [Nuevo Récord Loss] Guardado en: models/sbtaylor_kan_cotton\run_20260105_193023\best_model.pth
2026-01-05 19:41:54,902 - INFO - Val Loss: 0.3689 Acc: 0.8692
2026-01-05 19:41:54,903 - INFO - --- Época 8/150 ---
2026-01-05 19:42:52,364 - INFO - Train Loss: 0.3866 Acc: 0.8527
2026-01-05 19:42:58,427 - INFO -   [LR] Tasa de aprendizaje actual: 0.000100
2026-01-05 19:42:58,428 - INFO -   [Mejora Loss] 0.3689 -> 0.3565. Reseteando paciencia.
2026-01-05 19:42:58,446 - INFO -   [Nuevo Récord Loss] Guardado en: models/sbtaylor_kan_cotton\run_20260105_193023\best_model.pth
2026-01-05 19:42:58,448 - INFO - Val Loss: 0.3565 Acc: 0.8663
2026-01-05 19:42:58,449 - INFO - --- Época 9/150 ---
2026-01-05 19:44:06,947 - INFO - Train Loss: 0.3530 Acc: 0.8622
2026-01-05 19:44:16,989 - INFO -   [LR] Tasa de aprendizaje actual: 0.000100
2026-01-05 19:44:16,990 - INFO -   [Mejora Loss] 0.3565 -> 0.3310. Reseteando paciencia.
2026-01-05 19:44:17,006 - INFO -   [Nuevo Récord Loss] Guardado en: models/sbtaylor_kan_cotton\run_20260105_193023\best_model.pth
2026-01-05 19:44:17,007 - INFO - Val Loss: 0.3310 Acc: 0.8866
2026-01-05 19:44:17,008 - INFO - --- Época 10/150 ---
2026-01-05 19:45:49,851 - INFO - Train Loss: 0.3345 Acc: 0.8735
2026-01-05 19:46:00,394 - INFO -   [LR] Tasa de aprendizaje actual: 0.000100
2026-01-05 19:46:00,396 - INFO -   [Mejora Loss] 0.3310 -> 0.3261. Reseteando paciencia.
2026-01-05 19:46:00,415 - INFO -   [Nuevo Récord Loss] Guardado en: models/sbtaylor_kan_cotton\run_20260105_193023\best_model.pth
2026-01-05 19:46:00,417 - INFO - Val Loss: 0.3261 Acc: 0.8692
2026-01-05 19:46:00,419 - INFO - --- Época 11/150 ---
2026-01-05 19:47:40,199 - INFO - Train Loss: 0.3166 Acc: 0.8775
2026-01-05 19:47:50,912 - INFO -   [LR] Tasa de aprendizaje actual: 0.000100
2026-01-05 19:47:50,912 - INFO -   [Sin mejora Loss] Paciencia: 1/10
2026-01-05 19:47:50,913 - INFO - Val Loss: 0.3276 Acc: 0.8953
2026-01-05 19:47:50,914 - INFO - --- Época 12/150 ---
2026-01-05 19:49:23,853 - INFO - Train Loss: 0.3026 Acc: 0.8887
2026-01-05 19:49:34,094 - INFO -   [LR] Tasa de aprendizaje actual: 0.000100
2026-01-05 19:49:34,096 - INFO -   [Mejora Loss] 0.3261 -> 0.2865. Reseteando paciencia.
2026-01-05 19:49:34,162 - INFO -   [Nuevo Récord Loss] Guardado en: models/sbtaylor_kan_cotton\run_20260105_193023\best_model.pth
2026-01-05 19:49:34,164 - INFO - Val Loss: 0.2865 Acc: 0.9128
2026-01-05 19:49:34,165 - INFO - --- Época 13/150 ---
2026-01-05 19:51:09,548 - INFO - Train Loss: 0.2956 Acc: 0.8818
2026-01-05 19:51:20,167 - INFO -   [LR] Tasa de aprendizaje actual: 0.000100
2026-01-05 19:51:20,168 - INFO -   [Mejora Loss] 0.2865 -> 0.2614. Reseteando paciencia.
2026-01-05 19:51:20,184 - INFO -   [Nuevo Récord Loss] Guardado en: models/sbtaylor_kan_cotton\run_20260105_193023\best_model.pth
2026-01-05 19:51:20,186 - INFO - Val Loss: 0.2614 Acc: 0.9244
2026-01-05 19:51:20,187 - INFO - --- Época 14/150 ---
2026-01-05 19:52:47,884 - INFO - Train Loss: 0.2988 Acc: 0.8804
2026-01-05 19:52:58,074 - INFO -   [LR] Tasa de aprendizaje actual: 0.000100
2026-01-05 19:52:58,076 - INFO -   [Sin mejora Loss] Paciencia: 1/10
2026-01-05 19:52:58,077 - INFO - Val Loss: 0.3383 Acc: 0.8866
2026-01-05 19:52:58,078 - INFO - --- Época 15/150 ---
2026-01-05 19:54:28,939 - INFO - Train Loss: 0.2740 Acc: 0.8938
2026-01-05 19:54:39,271 - INFO -   [LR] Tasa de aprendizaje actual: 0.000100
2026-01-05 19:54:39,271 - INFO -   [Sin mejora Loss] Paciencia: 2/10
2026-01-05 19:54:39,273 - INFO - Val Loss: 0.2687 Acc: 0.9157
2026-01-05 19:54:39,274 - INFO - --- Época 16/150 ---
2026-01-05 19:56:12,345 - INFO - Train Loss: 0.2832 Acc: 0.8931
2026-01-05 19:56:20,322 - INFO -   [LR] Tasa de aprendizaje actual: 0.000100
2026-01-05 19:56:20,323 - INFO -   [Mejora Loss] 0.2614 -> 0.2542. Reseteando paciencia.
2026-01-05 19:56:20,343 - INFO -   [Nuevo Récord Loss] Guardado en: models/sbtaylor_kan_cotton\run_20260105_193023\best_model.pth
2026-01-05 19:56:20,345 - INFO - Val Loss: 0.2542 Acc: 0.9244
2026-01-05 19:56:20,346 - INFO - --- Época 17/150 ---
2026-01-05 19:57:51,721 - INFO - Train Loss: 0.2798 Acc: 0.8942
2026-01-05 19:58:01,764 - INFO -   [LR] Tasa de aprendizaje actual: 0.000100
2026-01-05 19:58:01,765 - INFO -   [Mejora Loss] 0.2542 -> 0.2315. Reseteando paciencia.
2026-01-05 19:58:01,784 - INFO -   [Nuevo Récord Loss] Guardado en: models/sbtaylor_kan_cotton\run_20260105_193023\best_model.pth
2026-01-05 19:58:01,785 - INFO - Val Loss: 0.2315 Acc: 0.9302
2026-01-05 19:58:01,787 - INFO - --- Época 18/150 ---
2026-01-05 19:59:29,241 - INFO - Train Loss: 0.2611 Acc: 0.8993
2026-01-05 19:59:39,675 - INFO -   [LR] Tasa de aprendizaje actual: 0.000100
2026-01-05 19:59:39,677 - INFO -   [Sin mejora Loss] Paciencia: 1/10
2026-01-05 19:59:39,679 - INFO - Val Loss: 0.2556 Acc: 0.9186
2026-01-05 19:59:39,681 - INFO - --- Época 19/150 ---
2026-01-05 20:01:11,738 - INFO - Train Loss: 0.2679 Acc: 0.8895
2026-01-05 20:01:21,786 - INFO -   [LR] Tasa de aprendizaje actual: 0.000100
2026-01-05 20:01:21,787 - INFO -   [Sin mejora Loss] Paciencia: 2/10
2026-01-05 20:01:21,789 - INFO - Val Loss: 0.2847 Acc: 0.8895
2026-01-05 20:01:21,790 - INFO - --- Época 20/150 ---
2026-01-05 20:02:49,593 - INFO - Train Loss: 0.2481 Acc: 0.9011
2026-01-05 20:02:59,921 - INFO -   [LR] Tasa de aprendizaje actual: 0.000100
2026-01-05 20:02:59,922 - INFO -   [Mejora Loss] 0.2315 -> 0.2208. Reseteando paciencia.
2026-01-05 20:02:59,949 - INFO -   [Nuevo Récord Loss] Guardado en: models/sbtaylor_kan_cotton\run_20260105_193023\best_model.pth
2026-01-05 20:02:59,953 - INFO - Val Loss: 0.2208 Acc: 0.9302
2026-01-05 20:02:59,954 - INFO - --- Época 21/150 ---
2026-01-05 20:04:41,974 - INFO - Train Loss: 0.2636 Acc: 0.8956
2026-01-05 20:04:53,904 - INFO -   [LR] Tasa de aprendizaje actual: 0.000100
2026-01-05 20:04:53,905 - INFO -   [Sin mejora Loss] Paciencia: 1/10
2026-01-05 20:04:53,907 - INFO - Val Loss: 0.2291 Acc: 0.9302
2026-01-05 20:04:53,908 - INFO - --- Época 22/150 ---
2026-01-05 20:06:29,756 - INFO - Train Loss: 0.2533 Acc: 0.8935
2026-01-05 20:06:39,982 - INFO -   [LR] Tasa de aprendizaje actual: 0.000100
2026-01-05 20:06:39,983 - INFO -   [Sin mejora Loss] Paciencia: 2/10
2026-01-05 20:06:39,983 - INFO - Val Loss: 0.2527 Acc: 0.9157
2026-01-05 20:06:39,984 - INFO - --- Época 23/150 ---
2026-01-05 20:08:11,711 - INFO - Train Loss: 0.2481 Acc: 0.8953
2026-01-05 20:08:21,517 - INFO -   [LR] Tasa de aprendizaje actual: 0.000100
2026-01-05 20:08:21,519 - INFO -   [Mejora Loss] 0.2208 -> 0.2200. Reseteando paciencia.
2026-01-05 20:08:21,555 - INFO -   [Nuevo Récord Loss] Guardado en: models/sbtaylor_kan_cotton\run_20260105_193023\best_model.pth
2026-01-05 20:08:21,558 - INFO - Val Loss: 0.2200 Acc: 0.9244
2026-01-05 20:08:21,559 - INFO - --- Época 24/150 ---
2026-01-05 20:09:53,077 - INFO - Train Loss: 0.2335 Acc: 0.9058
2026-01-05 20:10:02,993 - INFO -   [LR] Tasa de aprendizaje actual: 0.000100
2026-01-05 20:10:02,994 - INFO -   [Mejora Loss] 0.2200 -> 0.2128. Reseteando paciencia.
2026-01-05 20:10:03,018 - INFO -   [Nuevo Récord Loss] Guardado en: models/sbtaylor_kan_cotton\run_20260105_193023\best_model.pth
2026-01-05 20:10:03,020 - INFO - Val Loss: 0.2128 Acc: 0.9390
2026-01-05 20:10:03,022 - INFO - --- Época 25/150 ---
2026-01-05 20:11:35,461 - INFO - Train Loss: 0.2109 Acc: 0.9120
2026-01-05 20:11:45,604 - INFO -   [LR] Tasa de aprendizaje actual: 0.000100
2026-01-05 20:11:45,605 - INFO -   [Mejora Loss] 0.2128 -> 0.2121. Reseteando paciencia.
2026-01-05 20:11:45,629 - INFO -   [Nuevo Récord Loss] Guardado en: models/sbtaylor_kan_cotton\run_20260105_193023\best_model.pth
2026-01-05 20:11:45,631 - INFO - Val Loss: 0.2121 Acc: 0.9302
2026-01-05 20:11:45,632 - INFO - --- Época 26/150 ---
2026-01-05 20:13:17,545 - INFO - Train Loss: 0.2207 Acc: 0.9080
2026-01-05 20:13:27,296 - INFO -   [LR] Tasa de aprendizaje actual: 0.000100
2026-01-05 20:13:27,296 - INFO -   [Mejora Loss] 0.2121 -> 0.2111. Reseteando paciencia.
2026-01-05 20:13:27,317 - INFO -   [Nuevo Récord Loss] Guardado en: models/sbtaylor_kan_cotton\run_20260105_193023\best_model.pth
2026-01-05 20:13:27,319 - INFO - Val Loss: 0.2111 Acc: 0.9331
2026-01-05 20:13:27,320 - INFO - --- Época 27/150 ---
2026-01-05 20:14:24,523 - INFO - Train Loss: 0.2418 Acc: 0.8989
2026-01-05 20:14:30,855 - INFO -   [LR] Tasa de aprendizaje actual: 0.000100
2026-01-05 20:14:30,857 - INFO -   [Sin mejora Loss] Paciencia: 1/10
2026-01-05 20:14:30,859 - INFO - Val Loss: 0.2433 Acc: 0.9186
2026-01-05 20:14:30,860 - INFO - --- Época 28/150 ---
2026-01-05 20:15:27,568 - INFO - Train Loss: 0.2142 Acc: 0.9185
2026-01-05 20:15:33,651 - INFO -   [LR] Tasa de aprendizaje actual: 0.000100
2026-01-05 20:15:33,653 - INFO -   [Mejora Loss] 0.2111 -> 0.1883. Reseteando paciencia.
2026-01-05 20:15:33,668 - INFO -   [Nuevo Récord Loss] Guardado en: models/sbtaylor_kan_cotton\run_20260105_193023\best_model.pth
2026-01-05 20:15:33,670 - INFO - Val Loss: 0.1883 Acc: 0.9448
2026-01-05 20:15:33,670 - INFO - --- Época 29/150 ---
2026-01-05 20:16:31,114 - INFO - Train Loss: 0.2162 Acc: 0.9102
2026-01-05 20:16:37,245 - INFO -   [LR] Tasa de aprendizaje actual: 0.000100
2026-01-05 20:16:37,246 - INFO -   [Sin mejora Loss] Paciencia: 1/10
2026-01-05 20:16:37,247 - INFO - Val Loss: 0.2064 Acc: 0.9244
2026-01-05 20:16:37,248 - INFO - --- Época 30/150 ---
2026-01-05 20:17:34,488 - INFO - Train Loss: 0.2077 Acc: 0.9135
2026-01-05 20:17:40,757 - INFO -   [LR] Tasa de aprendizaje actual: 0.000100
2026-01-05 20:17:40,758 - INFO -   [Sin mejora Loss] Paciencia: 2/10
2026-01-05 20:17:40,760 - INFO - Val Loss: 0.2092 Acc: 0.9273
2026-01-05 20:17:40,761 - INFO - --- Época 31/150 ---
2026-01-05 20:18:39,840 - INFO - Train Loss: 0.2200 Acc: 0.9127
2026-01-05 20:18:46,364 - INFO -   [LR] Tasa de aprendizaje actual: 0.000100
2026-01-05 20:18:46,365 - INFO -   [Sin mejora Loss] Paciencia: 3/10
2026-01-05 20:18:46,366 - INFO - Val Loss: 0.1929 Acc: 0.9360
2026-01-05 20:18:46,366 - INFO - --- Época 32/150 ---
2026-01-05 20:19:45,558 - INFO - Train Loss: 0.1996 Acc: 0.9091
2026-01-05 20:19:52,156 - INFO -   [LR] Tasa de aprendizaje actual: 0.000100
2026-01-05 20:19:52,157 - INFO -   [Sin mejora Loss] Paciencia: 4/10
2026-01-05 20:19:52,158 - INFO - Val Loss: 0.1902 Acc: 0.9419
2026-01-05 20:19:52,159 - INFO - --- Época 33/150 ---
2026-01-05 20:20:51,879 - INFO - Train Loss: 0.2058 Acc: 0.9207
2026-01-05 20:20:58,012 - INFO -   [LR] Tasa de aprendizaje actual: 0.000100
2026-01-05 20:20:58,013 - INFO -   [Sin mejora Loss] Paciencia: 5/10
2026-01-05 20:20:58,015 - INFO - Val Loss: 0.2143 Acc: 0.9331
2026-01-05 20:20:58,016 - INFO - --- Época 34/150 ---
2026-01-05 20:21:55,028 - INFO - Train Loss: 0.2008 Acc: 0.9153
2026-01-05 20:22:01,481 - INFO -   [LR] Tasa de aprendizaje actual: 0.000100
2026-01-05 20:22:01,482 - INFO -   [Mejora Loss] 0.1883 -> 0.1824. Reseteando paciencia.
2026-01-05 20:22:01,495 - INFO -   [Nuevo Récord Loss] Guardado en: models/sbtaylor_kan_cotton\run_20260105_193023\best_model.pth
2026-01-05 20:22:01,496 - INFO - Val Loss: 0.1824 Acc: 0.9390
2026-01-05 20:22:01,498 - INFO - --- Época 35/150 ---
2026-01-05 20:22:58,843 - INFO - Train Loss: 0.2062 Acc: 0.9171
2026-01-05 20:23:05,178 - INFO -   [LR] Tasa de aprendizaje actual: 0.000100
2026-01-05 20:23:05,179 - INFO -   [Sin mejora Loss] Paciencia: 1/10
2026-01-05 20:23:05,180 - INFO - Val Loss: 0.2037 Acc: 0.9273
2026-01-05 20:23:05,181 - INFO - --- Época 36/150 ---
2026-01-05 20:24:02,423 - INFO - Train Loss: 0.2003 Acc: 0.9164
2026-01-05 20:24:08,847 - INFO -   [LR] Tasa de aprendizaje actual: 0.000100
2026-01-05 20:24:08,848 - INFO -   [Sin mejora Loss] Paciencia: 2/10
2026-01-05 20:24:08,849 - INFO - Val Loss: 0.2474 Acc: 0.9070
2026-01-05 20:24:08,850 - INFO - --- Época 37/150 ---
2026-01-05 20:25:05,999 - INFO - Train Loss: 0.2048 Acc: 0.9171
2026-01-05 20:25:12,391 - INFO -   [LR] Tasa de aprendizaje actual: 0.000100
2026-01-05 20:25:12,391 - INFO -   [Sin mejora Loss] Paciencia: 3/10
2026-01-05 20:25:12,392 - INFO - Val Loss: 0.2198 Acc: 0.9244
2026-01-05 20:25:12,393 - INFO - --- Época 38/150 ---
2026-01-05 20:26:09,327 - INFO - Train Loss: 0.1907 Acc: 0.9222
2026-01-05 20:26:15,584 - INFO -   [LR] Tasa de aprendizaje actual: 0.000100
2026-01-05 20:26:15,585 - INFO -   [Mejora Loss] 0.1824 -> 0.1737. Reseteando paciencia.
2026-01-05 20:26:15,601 - INFO -   [Nuevo Récord Loss] Guardado en: models/sbtaylor_kan_cotton\run_20260105_193023\best_model.pth
2026-01-05 20:26:15,602 - INFO - Val Loss: 0.1737 Acc: 0.9419
2026-01-05 20:26:15,603 - INFO - --- Época 39/150 ---
2026-01-05 20:27:12,579 - INFO - Train Loss: 0.1847 Acc: 0.9244
2026-01-05 20:27:18,686 - INFO -   [LR] Tasa de aprendizaje actual: 0.000100
2026-01-05 20:27:18,687 - INFO -   [Sin mejora Loss] Paciencia: 1/10
2026-01-05 20:27:18,688 - INFO - Val Loss: 0.1920 Acc: 0.9390
2026-01-05 20:27:18,689 - INFO - --- Época 40/150 ---
2026-01-05 20:28:15,951 - INFO - Train Loss: 0.1907 Acc: 0.9229
2026-01-05 20:28:22,369 - INFO -   [LR] Tasa de aprendizaje actual: 0.000100
2026-01-05 20:28:22,370 - INFO -   [Sin mejora Loss] Paciencia: 2/10
2026-01-05 20:28:22,372 - INFO - Val Loss: 0.2089 Acc: 0.9244
2026-01-05 20:28:22,373 - INFO - --- Época 41/150 ---
2026-01-05 20:29:19,728 - INFO - Train Loss: 0.1822 Acc: 0.9218
2026-01-05 20:29:25,894 - INFO -   [LR] Tasa de aprendizaje actual: 0.000100
2026-01-05 20:29:25,895 - INFO -   [Sin mejora Loss] Paciencia: 3/10
2026-01-05 20:29:25,896 - INFO - Val Loss: 0.2037 Acc: 0.9273
2026-01-05 20:29:25,897 - INFO - --- Época 42/150 ---
2026-01-05 20:30:22,486 - INFO - Train Loss: 0.1932 Acc: 0.9207
2026-01-05 20:30:28,709 - INFO -   [LR] Tasa de aprendizaje actual: 0.000100
2026-01-05 20:30:28,710 - INFO -   [Sin mejora Loss] Paciencia: 4/10
2026-01-05 20:30:28,711 - INFO - Val Loss: 0.2098 Acc: 0.9244
2026-01-05 20:30:28,712 - INFO - --- Época 43/150 ---
2026-01-05 20:31:25,887 - INFO - Train Loss: 0.1857 Acc: 0.9211
2026-01-05 20:31:32,315 - INFO -   [LR] Tasa de aprendizaje actual: 0.000100
2026-01-05 20:31:32,316 - INFO -   [Sin mejora Loss] Paciencia: 5/10
2026-01-05 20:31:32,318 - INFO - Val Loss: 0.1797 Acc: 0.9390
2026-01-05 20:31:32,319 - INFO - --- Época 44/150 ---
2026-01-05 20:32:29,672 - INFO - Train Loss: 0.1758 Acc: 0.9316
2026-01-05 20:32:35,721 - INFO -   [LR] Tasa de aprendizaje actual: 0.000050
2026-01-05 20:32:35,722 - INFO -   [Sin mejora Loss] Paciencia: 6/10
2026-01-05 20:32:35,724 - INFO - Val Loss: 0.1886 Acc: 0.9244
2026-01-05 20:32:35,725 - INFO - --- Época 45/150 ---
2026-01-05 20:33:33,257 - INFO - Train Loss: 0.1596 Acc: 0.9298
2026-01-05 20:33:39,376 - INFO -   [LR] Tasa de aprendizaje actual: 0.000050
2026-01-05 20:33:39,377 - INFO -   [Mejora Loss] 0.1737 -> 0.1603. Reseteando paciencia.
2026-01-05 20:33:39,391 - INFO -   [Nuevo Récord Loss] Guardado en: models/sbtaylor_kan_cotton\run_20260105_193023\best_model.pth
2026-01-05 20:33:39,393 - INFO - Val Loss: 0.1603 Acc: 0.9506
2026-01-05 20:33:39,393 - INFO - --- Época 46/150 ---
2026-01-05 20:34:36,793 - INFO - Train Loss: 0.1584 Acc: 0.9371
2026-01-05 20:34:42,722 - INFO -   [LR] Tasa de aprendizaje actual: 0.000050
2026-01-05 20:34:42,723 - INFO -   [Sin mejora Loss] Paciencia: 1/10
2026-01-05 20:34:42,723 - INFO - Val Loss: 0.1701 Acc: 0.9419
2026-01-05 20:34:42,725 - INFO - --- Época 47/150 ---
2026-01-05 20:35:42,212 - INFO - Train Loss: 0.1685 Acc: 0.9316
2026-01-05 20:35:48,446 - INFO -   [LR] Tasa de aprendizaje actual: 0.000050
2026-01-05 20:35:48,447 - INFO -   [Sin mejora Loss] Paciencia: 2/10
2026-01-05 20:35:48,448 - INFO - Val Loss: 0.1655 Acc: 0.9419
2026-01-05 20:35:48,449 - INFO - --- Época 48/150 ---
2026-01-05 20:36:45,806 - INFO - Train Loss: 0.1649 Acc: 0.9335
2026-01-05 20:36:51,980 - INFO -   [LR] Tasa de aprendizaje actual: 0.000050
2026-01-05 20:36:51,981 - INFO -   [Sin mejora Loss] Paciencia: 3/10
2026-01-05 20:36:51,982 - INFO - Val Loss: 0.1896 Acc: 0.9360
2026-01-05 20:36:51,983 - INFO - --- Época 49/150 ---
2026-01-05 20:37:48,922 - INFO - Train Loss: 0.1630 Acc: 0.9331
2026-01-05 20:37:55,151 - INFO -   [LR] Tasa de aprendizaje actual: 0.000050
2026-01-05 20:37:55,153 - INFO -   [Sin mejora Loss] Paciencia: 4/10
2026-01-05 20:37:55,154 - INFO - Val Loss: 0.1651 Acc: 0.9390
2026-01-05 20:37:55,155 - INFO - --- Época 50/150 ---
2026-01-05 20:38:52,556 - INFO - Train Loss: 0.1573 Acc: 0.9360
2026-01-05 20:38:58,495 - INFO -   [LR] Tasa de aprendizaje actual: 0.000050
2026-01-05 20:38:58,496 - INFO -   [Sin mejora Loss] Paciencia: 5/10
2026-01-05 20:38:58,497 - INFO - Val Loss: 0.1631 Acc: 0.9419
2026-01-05 20:38:58,498 - INFO - --- Época 51/150 ---
2026-01-05 20:39:55,861 - INFO - Train Loss: 0.1490 Acc: 0.9393
2026-01-05 20:40:01,766 - INFO -   [LR] Tasa de aprendizaje actual: 0.000050
2026-01-05 20:40:01,767 - INFO -   [Mejora Loss] 0.1603 -> 0.1482. Reseteando paciencia.
2026-01-05 20:40:01,784 - INFO -   [Nuevo Récord Loss] Guardado en: models/sbtaylor_kan_cotton\run_20260105_193023\best_model.pth
2026-01-05 20:40:01,785 - INFO - Val Loss: 0.1482 Acc: 0.9535
2026-01-05 20:40:01,786 - INFO - --- Época 52/150 ---
2026-01-05 20:40:58,856 - INFO - Train Loss: 0.1576 Acc: 0.9295
2026-01-05 20:41:05,127 - INFO -   [LR] Tasa de aprendizaje actual: 0.000050
2026-01-05 20:41:05,128 - INFO -   [Sin mejora Loss] Paciencia: 1/10
2026-01-05 20:41:05,129 - INFO - Val Loss: 0.1629 Acc: 0.9564
2026-01-05 20:41:05,130 - INFO - --- Época 53/150 ---
2026-01-05 20:42:01,994 - INFO - Train Loss: 0.1616 Acc: 0.9287
2026-01-05 20:42:08,312 - INFO -   [LR] Tasa de aprendizaje actual: 0.000050
2026-01-05 20:42:08,313 - INFO -   [Sin mejora Loss] Paciencia: 2/10
2026-01-05 20:42:08,314 - INFO - Val Loss: 0.1702 Acc: 0.9448
2026-01-05 20:42:08,316 - INFO - --- Época 54/150 ---
2026-01-05 20:43:05,886 - INFO - Train Loss: 0.1572 Acc: 0.9295
2026-01-05 20:43:12,074 - INFO -   [LR] Tasa de aprendizaje actual: 0.000050
2026-01-05 20:43:12,074 - INFO -   [Sin mejora Loss] Paciencia: 3/10
2026-01-05 20:43:12,075 - INFO - Val Loss: 0.1591 Acc: 0.9564
2026-01-05 20:43:12,076 - INFO - --- Época 55/150 ---
2026-01-05 20:44:09,362 - INFO - Train Loss: 0.1649 Acc: 0.9284
2026-01-05 20:44:15,423 - INFO -   [LR] Tasa de aprendizaje actual: 0.000050
2026-01-05 20:44:15,424 - INFO -   [Sin mejora Loss] Paciencia: 4/10
2026-01-05 20:44:15,426 - INFO - Val Loss: 0.1770 Acc: 0.9419
2026-01-05 20:44:15,427 - INFO - --- Época 56/150 ---
2026-01-05 20:45:12,270 - INFO - Train Loss: 0.1586 Acc: 0.9331
2026-01-05 20:45:18,595 - INFO -   [LR] Tasa de aprendizaje actual: 0.000050
2026-01-05 20:45:18,596 - INFO -   [Sin mejora Loss] Paciencia: 5/10
2026-01-05 20:45:18,598 - INFO - Val Loss: 0.1705 Acc: 0.9448
2026-01-05 20:45:18,599 - INFO - --- Época 57/150 ---
2026-01-05 20:46:16,227 - INFO - Train Loss: 0.1620 Acc: 0.9313
2026-01-05 20:46:22,443 - INFO -   [LR] Tasa de aprendizaje actual: 0.000025
2026-01-05 20:46:22,444 - INFO -   [Sin mejora Loss] Paciencia: 6/10
2026-01-05 20:46:22,445 - INFO - Val Loss: 0.1754 Acc: 0.9390
2026-01-05 20:46:22,446 - INFO - --- Época 58/150 ---
2026-01-05 20:47:19,355 - INFO - Train Loss: 0.1423 Acc: 0.9429
2026-01-05 20:47:25,429 - INFO -   [LR] Tasa de aprendizaje actual: 0.000025
2026-01-05 20:47:25,431 - INFO -   [Sin mejora Loss] Paciencia: 7/10
2026-01-05 20:47:25,432 - INFO - Val Loss: 0.1493 Acc: 0.9448
2026-01-05 20:47:25,433 - INFO - --- Época 59/150 ---
2026-01-05 20:48:22,554 - INFO - Train Loss: 0.1428 Acc: 0.9375
2026-01-05 20:48:28,785 - INFO -   [LR] Tasa de aprendizaje actual: 0.000025
2026-01-05 20:48:28,786 - INFO -   [Sin mejora Loss] Paciencia: 8/10
2026-01-05 20:48:28,787 - INFO - Val Loss: 0.1530 Acc: 0.9564
2026-01-05 20:48:28,788 - INFO - --- Época 60/150 ---
2026-01-05 20:49:26,032 - INFO - Train Loss: 0.1510 Acc: 0.9356
2026-01-05 20:49:32,341 - INFO -   [LR] Tasa de aprendizaje actual: 0.000025
2026-01-05 20:49:32,342 - INFO -   [Sin mejora Loss] Paciencia: 9/10
2026-01-05 20:49:32,343 - INFO - Val Loss: 0.1511 Acc: 0.9593
2026-01-05 20:49:32,344 - INFO - --- Época 61/150 ---
2026-01-05 20:50:28,677 - INFO - Train Loss: 0.1547 Acc: 0.9378
2026-01-05 20:50:34,714 - INFO -   [LR] Tasa de aprendizaje actual: 0.000025
2026-01-05 20:50:34,715 - INFO -   [Sin mejora Loss] Paciencia: 10/10
2026-01-05 20:50:34,715 - INFO - ¡EARLY STOPPING ACTIVADO! El modelo ya no mejora su pérdida.
2026-01-05 20:50:34,717 - INFO - Val Loss: 0.1491 Acc: 0.9535
2026-01-05 20:50:34,717 - INFO - Entrenamiento finalizado en 79m 12s
2026-01-05 20:50:34,718 - INFO - Mejor Val Loss lograda: 0.1482
2026-01-05 20:50:37,570 - INFO - Cargando el mejor modelo para la evaluación...
2026-01-05 20:50:37,655 - INFO - 
========================================
2026-01-05 20:50:37,656 - INFO - --- INICIANDO EVALUACIÓN EN TEST SET ---
2026-01-05 20:50:37,658 - INFO - ========================================
2026-01-05 20:50:44,012 - INFO - Calculando métricas estadísticas...
2026-01-05 20:50:44,018 - INFO - Generando matriz de confusión...
2026-01-05 20:50:44,233 - INFO - Gráfico guardado en: models/sbtaylor_kan_cotton\run_20260105_193023\confusion_matrix.png
2026-01-05 20:50:44,234 - INFO - Escribiendo reporte final...
2026-01-05 20:50:44,243 - INFO - Reporte de texto guardado en: models/sbtaylor_kan_cotton\run_20260105_193023\test_metrics_report.txt
2026-01-05 20:50:44,244 - INFO - --- EVALUACIÓN FINALIZADA ---
