2025-12-11 03:03:33,735 - INFO - Modelo SBTAYLOR_KAN.Net importado correctamente.
2025-12-11 03:03:33,737 - INFO - Los pesos del modelo se guardarán en: 'models/sbtaylor_kan_cotton\run_20251211_030331\sbtaylor_kan.best_weights.pth'
2025-12-11 03:03:33,739 - INFO - El registro de entrenamiento se guardará en: 'models/sbtaylor_kan_cotton\run_20251211_030331\training_run.log'
2025-12-11 03:03:35,080 - INFO - Versión de PyTorch: 2.9.0+cu126
2025-12-11 03:03:35,084 - INFO - ¿CUDA está disponible?: True
2025-12-11 03:03:35,087 - INFO - Versión de CUDA con la que PyTorch fue compilado: 12.6
2025-12-11 03:03:35,092 - INFO - Número de GPUs disponibles: 1
2025-12-11 03:03:35,103 - INFO - Nombre de la GPU actual: NVIDIA GeForce RTX 4090
2025-12-11 03:03:36,506 - INFO - --- Hyperparámetros de Entrenamiento ---
2025-12-11 03:03:36,509 - INFO - Batch Size: 64
2025-12-11 03:03:36,511 - INFO - Num Epochs: 150
2025-12-11 03:03:36,514 - INFO - Learning Rate: 0.0001
2025-12-11 03:03:36,516 - INFO - Num Classes: 4
2025-12-11 03:03:36,517 - INFO - Num Workers: 4
2025-12-11 03:03:37,822 - INFO - 
Cargando dataset de ./data...
2025-12-11 03:03:37,887 - INFO - Clases detectadas: ['Fresh_Leaf', 'Leaf_Reddening', 'Leaf_Spot_Bacterial_Blight', 'Yellowish_Leaf']
2025-12-11 03:03:41,785 - INFO - 
Usando dispositivo: cuda
2025-12-11 03:03:47,159 - INFO - Iniciando entrenamiento por 150 épocas...
2025-12-11 03:03:47,160 - INFO - Los modelos se guardarán en: models/sbtaylor_kan_cotton\run_20251211_030331
2025-12-11 03:03:47,161 - INFO - --- Época 1/150 ---
2025-12-11 03:04:28,300 - INFO - Train Loss: 1.0637 Acc: 0.4946
2025-12-11 03:04:35,756 - INFO - Val Loss: 0.8069 Acc: 0.6000
2025-12-11 03:04:36,223 - INFO -   ¡Nuevo récord! Modelo guardado en: models/sbtaylor_kan_cotton\run_20251211_030331\best_model.pth
2025-12-11 03:04:36,224 - INFO - --- Época 2/150 ---
2025-12-11 03:05:14,030 - INFO - Train Loss: 0.8493 Acc: 0.5777
2025-12-11 03:05:21,583 - INFO - Val Loss: 0.8491 Acc: 0.5500
2025-12-11 03:05:21,586 - INFO - --- Época 3/150 ---
2025-12-11 03:05:58,827 - INFO - Train Loss: 0.7948 Acc: 0.6101
2025-12-11 03:06:06,296 - INFO - Val Loss: 0.7944 Acc: 0.6167
2025-12-11 03:06:06,802 - INFO -   ¡Nuevo récord! Modelo guardado en: models/sbtaylor_kan_cotton\run_20251211_030331\best_model.pth
2025-12-11 03:06:06,803 - INFO - --- Época 4/150 ---
2025-12-11 03:06:44,777 - INFO - Train Loss: 0.7664 Acc: 0.6318
2025-12-11 03:06:52,729 - INFO - Val Loss: 0.7630 Acc: 0.6333
2025-12-11 03:06:53,215 - INFO -   ¡Nuevo récord! Modelo guardado en: models/sbtaylor_kan_cotton\run_20251211_030331\best_model.pth
2025-12-11 03:06:53,217 - INFO - --- Época 5/150 ---
2025-12-11 03:07:31,215 - INFO - Train Loss: 0.7227 Acc: 0.6531
2025-12-11 03:07:38,796 - INFO - Val Loss: 0.7636 Acc: 0.6250
2025-12-11 03:07:38,798 - INFO - --- Época 6/150 ---
2025-12-11 03:08:16,206 - INFO - Train Loss: 0.7090 Acc: 0.6643
2025-12-11 03:08:24,279 - INFO - Val Loss: 0.7617 Acc: 0.5750
2025-12-11 03:08:24,282 - INFO - --- Época 7/150 ---
2025-12-11 03:09:02,155 - INFO - Train Loss: 0.7026 Acc: 0.6692
2025-12-11 03:09:09,673 - INFO - Val Loss: 0.7296 Acc: 0.6750
2025-12-11 03:09:10,154 - INFO -   ¡Nuevo récord! Modelo guardado en: models/sbtaylor_kan_cotton\run_20251211_030331\best_model.pth
2025-12-11 03:09:10,155 - INFO - --- Época 8/150 ---
2025-12-11 03:09:48,060 - INFO - Train Loss: 0.6846 Acc: 0.6822
2025-12-11 03:09:55,454 - INFO - Val Loss: 0.7503 Acc: 0.6333
2025-12-11 03:09:55,456 - INFO - --- Época 9/150 ---
2025-12-11 03:10:33,448 - INFO - Train Loss: 0.6732 Acc: 0.6878
2025-12-11 03:10:40,909 - INFO - Val Loss: 0.7451 Acc: 0.6417
2025-12-11 03:10:40,911 - INFO - --- Época 10/150 ---
2025-12-11 03:11:19,617 - INFO - Train Loss: 0.6530 Acc: 0.6965
2025-12-11 03:11:27,164 - INFO - Val Loss: 0.7905 Acc: 0.5833
2025-12-11 03:11:27,166 - INFO - --- Época 11/150 ---
2025-12-11 03:12:04,838 - INFO - Train Loss: 0.6418 Acc: 0.7107
2025-12-11 03:12:12,165 - INFO - Val Loss: 0.7493 Acc: 0.6667
2025-12-11 03:12:12,166 - INFO - --- Época 12/150 ---
2025-12-11 03:12:49,193 - INFO - Train Loss: 0.6286 Acc: 0.7107
2025-12-11 03:12:56,726 - INFO - Val Loss: 0.7779 Acc: 0.6500
2025-12-11 03:12:56,728 - INFO - --- Época 13/150 ---
2025-12-11 03:13:35,067 - INFO - Train Loss: 0.6180 Acc: 0.7209
2025-12-11 03:13:42,328 - INFO - Val Loss: 0.7708 Acc: 0.6667
2025-12-11 03:13:42,331 - INFO - --- Época 14/150 ---
2025-12-11 03:14:18,691 - INFO - Train Loss: 0.6084 Acc: 0.7295
2025-12-11 03:14:26,154 - INFO - Val Loss: 0.7419 Acc: 0.6667
2025-12-11 03:14:26,157 - INFO - --- Época 15/150 ---
2025-12-11 03:15:01,700 - INFO - Train Loss: 0.6025 Acc: 0.7273
2025-12-11 03:15:08,501 - INFO - Val Loss: 0.7472 Acc: 0.6583
2025-12-11 03:15:08,503 - INFO - --- Época 16/150 ---
2025-12-11 03:15:46,465 - INFO - Train Loss: 0.5900 Acc: 0.7403
2025-12-11 03:15:54,177 - INFO - Val Loss: 0.7192 Acc: 0.6833
2025-12-11 03:15:54,664 - INFO -   ¡Nuevo récord! Modelo guardado en: models/sbtaylor_kan_cotton\run_20251211_030331\best_model.pth
2025-12-11 03:15:54,667 - INFO - --- Época 17/150 ---
2025-12-11 03:16:32,724 - INFO - Train Loss: 0.5826 Acc: 0.7453
2025-12-11 03:16:40,157 - INFO - Val Loss: 0.7370 Acc: 0.6833
2025-12-11 03:16:40,160 - INFO - --- Época 18/150 ---
2025-12-11 03:17:18,299 - INFO - Train Loss: 0.5618 Acc: 0.7498
2025-12-11 03:17:25,622 - INFO - Val Loss: 0.7231 Acc: 0.6500
2025-12-11 03:17:25,625 - INFO - --- Época 19/150 ---
2025-12-11 03:18:02,969 - INFO - Train Loss: 0.5428 Acc: 0.7620
2025-12-11 03:18:10,266 - INFO - Val Loss: 0.7223 Acc: 0.7000
2025-12-11 03:18:10,718 - INFO -   ¡Nuevo récord! Modelo guardado en: models/sbtaylor_kan_cotton\run_20251211_030331\best_model.pth
2025-12-11 03:18:10,719 - INFO - --- Época 20/150 ---
2025-12-11 03:18:47,382 - INFO - Train Loss: 0.5489 Acc: 0.7548
2025-12-11 03:18:53,994 - INFO - Val Loss: 0.7402 Acc: 0.6417
2025-12-11 03:18:53,996 - INFO - --- Época 21/150 ---
2025-12-11 03:19:29,765 - INFO - Train Loss: 0.5232 Acc: 0.7703
2025-12-11 03:19:36,546 - INFO - Val Loss: 0.7790 Acc: 0.6250
2025-12-11 03:19:36,548 - INFO - --- Época 22/150 ---
2025-12-11 03:20:12,742 - INFO - Train Loss: 0.5398 Acc: 0.7672
2025-12-11 03:20:19,597 - INFO - Val Loss: 0.7786 Acc: 0.6250
2025-12-11 03:20:19,599 - INFO - --- Época 23/150 ---
2025-12-11 03:20:53,930 - INFO - Train Loss: 0.5099 Acc: 0.7837
2025-12-11 03:21:00,943 - INFO - Val Loss: 0.7427 Acc: 0.6583
2025-12-11 03:21:00,945 - INFO - --- Época 24/150 ---
2025-12-11 03:21:36,306 - INFO - Train Loss: 0.5057 Acc: 0.7847
2025-12-11 03:21:43,162 - INFO - Val Loss: 0.6932 Acc: 0.6917
2025-12-11 03:21:43,164 - INFO - --- Época 25/150 ---
2025-12-11 03:22:18,418 - INFO - Train Loss: 0.4902 Acc: 0.7880
2025-12-11 03:22:25,389 - INFO - Val Loss: 0.7442 Acc: 0.6500
2025-12-11 03:22:25,391 - INFO - --- Época 26/150 ---
2025-12-11 03:22:57,910 - INFO - Train Loss: 0.4834 Acc: 0.7919
2025-12-11 03:23:04,969 - INFO - Val Loss: 0.6752 Acc: 0.7167
2025-12-11 03:23:05,423 - INFO -   ¡Nuevo récord! Modelo guardado en: models/sbtaylor_kan_cotton\run_20251211_030331\best_model.pth
2025-12-11 03:23:05,424 - INFO - --- Época 27/150 ---
2025-12-11 03:23:38,264 - INFO - Train Loss: 0.4608 Acc: 0.8052
2025-12-11 03:23:44,822 - INFO - Val Loss: 0.7068 Acc: 0.6833
2025-12-11 03:23:44,823 - INFO - --- Época 28/150 ---
2025-12-11 03:24:51,500 - INFO - Train Loss: 0.4589 Acc: 0.8081
2025-12-11 03:25:09,932 - INFO - Val Loss: 0.7297 Acc: 0.6583
2025-12-11 03:25:09,934 - INFO - --- Época 29/150 ---
2025-12-11 03:26:14,175 - INFO - Train Loss: 0.4519 Acc: 0.8085
2025-12-11 03:26:31,036 - INFO - Val Loss: 0.7748 Acc: 0.6667
2025-12-11 03:26:31,039 - INFO - --- Época 30/150 ---
2025-12-11 03:27:36,314 - INFO - Train Loss: 0.4494 Acc: 0.8070
2025-12-11 03:27:54,119 - INFO - Val Loss: 0.7673 Acc: 0.6667
2025-12-11 03:27:54,122 - INFO - --- Época 31/150 ---
2025-12-11 03:28:56,440 - INFO - Train Loss: 0.4487 Acc: 0.8054
2025-12-11 03:29:13,779 - INFO - Val Loss: 0.6349 Acc: 0.7083
2025-12-11 03:29:13,780 - INFO - --- Época 32/150 ---
2025-12-11 03:30:18,896 - INFO - Train Loss: 0.4293 Acc: 0.8202
2025-12-11 03:30:34,693 - INFO - Val Loss: 0.7102 Acc: 0.6917
2025-12-11 03:30:34,695 - INFO - --- Época 33/150 ---
2025-12-11 03:31:39,136 - INFO - Train Loss: 0.4134 Acc: 0.8225
2025-12-11 03:31:56,023 - INFO - Val Loss: 0.7261 Acc: 0.6917
2025-12-11 03:31:56,024 - INFO - --- Época 34/150 ---
2025-12-11 03:32:59,616 - INFO - Train Loss: 0.4037 Acc: 0.8260
2025-12-11 03:33:16,621 - INFO - Val Loss: 0.6574 Acc: 0.6833
2025-12-11 03:33:16,624 - INFO - --- Época 35/150 ---
2025-12-11 03:34:21,661 - INFO - Train Loss: 0.4151 Acc: 0.8258
2025-12-11 03:34:39,080 - INFO - Val Loss: 0.7231 Acc: 0.6750
2025-12-11 03:34:39,081 - INFO - --- Época 36/150 ---
2025-12-11 03:35:42,305 - INFO - Train Loss: 0.3964 Acc: 0.8335
2025-12-11 03:35:59,626 - INFO - Val Loss: 0.6835 Acc: 0.6750
2025-12-11 03:35:59,629 - INFO - --- Época 37/150 ---
2025-12-11 03:37:04,813 - INFO - Train Loss: 0.3885 Acc: 0.8331
2025-12-11 03:37:20,016 - INFO - Val Loss: 0.6753 Acc: 0.6917
2025-12-11 03:37:20,017 - INFO - --- Época 38/150 ---
2025-12-11 03:38:24,124 - INFO - Train Loss: 0.3704 Acc: 0.8473
2025-12-11 03:38:40,870 - INFO - Val Loss: 0.6600 Acc: 0.7000
2025-12-11 03:38:40,871 - INFO - --- Época 39/150 ---
2025-12-11 03:39:43,732 - INFO - Train Loss: 0.3840 Acc: 0.8434
2025-12-11 03:40:01,099 - INFO - Val Loss: 0.6854 Acc: 0.7167
2025-12-11 03:40:01,101 - INFO - --- Época 40/150 ---
2025-12-11 03:41:06,675 - INFO - Train Loss: 0.3803 Acc: 0.8459
2025-12-11 03:41:23,889 - INFO - Val Loss: 0.7998 Acc: 0.6833
2025-12-11 03:41:23,906 - INFO - --- Época 41/150 ---
2025-12-11 03:42:27,672 - INFO - Train Loss: 0.3658 Acc: 0.8401
2025-12-11 03:42:44,853 - INFO - Val Loss: 0.7502 Acc: 0.7000
2025-12-11 03:42:44,855 - INFO - --- Época 42/150 ---
2025-12-11 03:43:49,965 - INFO - Train Loss: 0.3445 Acc: 0.8634
2025-12-11 03:44:05,108 - INFO - Val Loss: 0.7254 Acc: 0.7083
2025-12-11 03:44:05,109 - INFO - --- Época 43/150 ---
2025-12-11 03:45:09,804 - INFO - Train Loss: 0.3354 Acc: 0.8674
2025-12-11 03:45:26,877 - INFO - Val Loss: 0.7415 Acc: 0.7333
2025-12-11 03:45:27,661 - INFO -   ¡Nuevo récord! Modelo guardado en: models/sbtaylor_kan_cotton\run_20251211_030331\best_model.pth
2025-12-11 03:45:27,663 - INFO - --- Época 44/150 ---
2025-12-11 03:46:31,650 - INFO - Train Loss: 0.3262 Acc: 0.8717
2025-12-11 03:46:49,097 - INFO - Val Loss: 0.7470 Acc: 0.7083
2025-12-11 03:46:49,100 - INFO - --- Época 45/150 ---
2025-12-11 03:47:55,081 - INFO - Train Loss: 0.3312 Acc: 0.8607
2025-12-11 03:48:12,495 - INFO - Val Loss: 0.7075 Acc: 0.7333
2025-12-11 03:48:12,496 - INFO - --- Época 46/150 ---
2025-12-11 03:49:17,529 - INFO - Train Loss: 0.3189 Acc: 0.8698
2025-12-11 03:49:34,838 - INFO - Val Loss: 0.7450 Acc: 0.7417
2025-12-11 03:49:35,639 - INFO -   ¡Nuevo récord! Modelo guardado en: models/sbtaylor_kan_cotton\run_20251211_030331\best_model.pth
2025-12-11 03:49:35,654 - INFO - --- Época 47/150 ---
2025-12-11 03:50:41,019 - INFO - Train Loss: 0.3113 Acc: 0.8723
2025-12-11 03:50:58,287 - INFO - Val Loss: 0.7012 Acc: 0.7083
2025-12-11 03:50:58,288 - INFO - --- Época 48/150 ---
2025-12-11 03:52:03,593 - INFO - Train Loss: 0.3174 Acc: 0.8729
2025-12-11 03:52:21,289 - INFO - Val Loss: 0.6775 Acc: 0.7417
2025-12-11 03:52:21,291 - INFO - --- Época 49/150 ---
2025-12-11 03:53:26,366 - INFO - Train Loss: 0.3335 Acc: 0.8674
2025-12-11 03:53:43,722 - INFO - Val Loss: 0.7599 Acc: 0.7333
2025-12-11 03:53:43,738 - INFO - --- Época 50/150 ---
2025-12-11 03:54:49,551 - INFO - Train Loss: 0.3131 Acc: 0.8690
2025-12-11 03:55:06,718 - INFO - Val Loss: 0.7317 Acc: 0.7583
2025-12-11 03:55:07,351 - INFO -   ¡Nuevo récord! Modelo guardado en: models/sbtaylor_kan_cotton\run_20251211_030331\best_model.pth
2025-12-11 03:55:07,352 - INFO - --- Época 51/150 ---
2025-12-11 03:56:13,655 - INFO - Train Loss: 0.2955 Acc: 0.8822
2025-12-11 03:56:32,182 - INFO - Val Loss: 0.7029 Acc: 0.7083
2025-12-11 03:56:32,184 - INFO - --- Época 52/150 ---
2025-12-11 03:57:38,097 - INFO - Train Loss: 0.2964 Acc: 0.8806
2025-12-11 03:57:56,746 - INFO - Val Loss: 0.7559 Acc: 0.7167
2025-12-11 03:57:56,747 - INFO - --- Época 53/150 ---
2025-12-11 03:59:03,601 - INFO - Train Loss: 0.2754 Acc: 0.8888
2025-12-11 03:59:20,906 - INFO - Val Loss: 0.7317 Acc: 0.7083
2025-12-11 03:59:20,908 - INFO - --- Época 54/150 ---
2025-12-11 04:00:25,629 - INFO - Train Loss: 0.2561 Acc: 0.8971
2025-12-11 04:00:43,313 - INFO - Val Loss: 0.6896 Acc: 0.7583
2025-12-11 04:00:43,314 - INFO - --- Época 55/150 ---
2025-12-11 04:01:49,146 - INFO - Train Loss: 0.2547 Acc: 0.8961
2025-12-11 04:02:04,601 - INFO - Val Loss: 0.7409 Acc: 0.6917
2025-12-11 04:02:04,604 - INFO - --- Época 56/150 ---
2025-12-11 04:03:09,136 - INFO - Train Loss: 0.2599 Acc: 0.8953
2025-12-11 04:03:26,385 - INFO - Val Loss: 0.5986 Acc: 0.7833
2025-12-11 04:03:27,219 - INFO -   ¡Nuevo récord! Modelo guardado en: models/sbtaylor_kan_cotton\run_20251211_030331\best_model.pth
2025-12-11 04:03:27,221 - INFO - --- Época 57/150 ---
2025-12-11 04:04:27,548 - INFO - Train Loss: 0.2604 Acc: 0.8961
2025-12-11 04:04:43,510 - INFO - Val Loss: 0.7133 Acc: 0.7167
2025-12-11 04:04:43,512 - INFO - --- Época 58/150 ---
2025-12-11 04:05:43,458 - INFO - Train Loss: 0.2325 Acc: 0.9103
2025-12-11 04:05:59,233 - INFO - Val Loss: 0.7524 Acc: 0.7417
2025-12-11 04:05:59,237 - INFO - --- Época 59/150 ---
2025-12-11 04:07:04,091 - INFO - Train Loss: 0.2412 Acc: 0.9093
2025-12-11 04:07:21,633 - INFO - Val Loss: 0.7378 Acc: 0.7250
2025-12-11 04:07:21,635 - INFO - --- Época 60/150 ---
2025-12-11 04:08:27,249 - INFO - Train Loss: 0.2442 Acc: 0.9027
2025-12-11 04:08:42,584 - INFO - Val Loss: 0.7569 Acc: 0.7417
2025-12-11 04:08:42,585 - INFO - --- Época 61/150 ---
2025-12-11 04:09:48,811 - INFO - Train Loss: 0.2285 Acc: 0.9070
2025-12-11 04:10:06,512 - INFO - Val Loss: 0.7351 Acc: 0.7583
2025-12-11 04:10:06,515 - INFO - --- Época 62/150 ---
2025-12-11 04:11:10,827 - INFO - Train Loss: 0.2515 Acc: 0.9047
2025-12-11 04:11:28,370 - INFO - Val Loss: 0.7148 Acc: 0.7500
2025-12-11 04:11:28,372 - INFO - --- Época 63/150 ---
2025-12-11 04:12:33,710 - INFO - Train Loss: 0.2340 Acc: 0.9064
2025-12-11 04:12:51,882 - INFO - Val Loss: 0.6818 Acc: 0.7750
2025-12-11 04:12:51,889 - INFO - --- Época 64/150 ---
2025-12-11 04:13:56,882 - INFO - Train Loss: 0.2099 Acc: 0.9205
2025-12-11 04:14:14,373 - INFO - Val Loss: 0.7686 Acc: 0.7250
2025-12-11 04:14:14,376 - INFO - --- Época 65/150 ---
2025-12-11 04:15:20,384 - INFO - Train Loss: 0.2070 Acc: 0.9196
2025-12-11 04:15:35,728 - INFO - Val Loss: 0.7383 Acc: 0.7500
2025-12-11 04:15:35,729 - INFO - --- Época 66/150 ---
2025-12-11 04:16:41,517 - INFO - Train Loss: 0.2236 Acc: 0.9161
2025-12-11 04:16:57,767 - INFO - Val Loss: 0.7068 Acc: 0.7583
2025-12-11 04:16:57,768 - INFO - --- Época 67/150 ---
2025-12-11 04:17:57,236 - INFO - Train Loss: 0.2310 Acc: 0.9097
2025-12-11 04:18:13,476 - INFO - Val Loss: 0.6640 Acc: 0.7417
2025-12-11 04:18:13,479 - INFO - --- Época 68/150 ---
2025-12-11 04:19:13,756 - INFO - Train Loss: 0.2034 Acc: 0.9180
2025-12-11 04:19:30,099 - INFO - Val Loss: 0.6404 Acc: 0.7667
2025-12-11 04:19:30,102 - INFO - --- Época 69/150 ---
2025-12-11 04:20:29,404 - INFO - Train Loss: 0.1837 Acc: 0.9300
2025-12-11 04:20:44,973 - INFO - Val Loss: 0.8451 Acc: 0.7417
2025-12-11 04:20:44,975 - INFO - --- Época 70/150 ---
2025-12-11 04:21:45,015 - INFO - Train Loss: 0.2009 Acc: 0.9219
2025-12-11 04:21:59,372 - INFO - Val Loss: 0.7824 Acc: 0.7500
2025-12-11 04:21:59,373 - INFO - --- Época 71/150 ---
2025-12-11 04:22:58,772 - INFO - Train Loss: 0.1962 Acc: 0.9225
2025-12-11 04:23:15,188 - INFO - Val Loss: 0.7381 Acc: 0.7500
2025-12-11 04:23:15,190 - INFO - --- Época 72/150 ---
2025-12-11 04:24:13,657 - INFO - Train Loss: 0.1961 Acc: 0.9260
2025-12-11 04:24:29,732 - INFO - Val Loss: 0.8116 Acc: 0.7333
2025-12-11 04:24:29,734 - INFO - --- Época 73/150 ---
2025-12-11 04:25:29,496 - INFO - Train Loss: 0.1899 Acc: 0.9275
2025-12-11 04:25:45,842 - INFO - Val Loss: 0.9403 Acc: 0.7000
2025-12-11 04:25:45,843 - INFO - --- Época 74/150 ---
2025-12-11 04:26:44,747 - INFO - Train Loss: 0.1904 Acc: 0.9266
2025-12-11 04:27:00,697 - INFO - Val Loss: 0.8207 Acc: 0.7583
2025-12-11 04:27:00,699 - INFO - --- Época 75/150 ---
2025-12-11 04:28:00,812 - INFO - Train Loss: 0.1950 Acc: 0.9248
2025-12-11 04:28:16,060 - INFO - Val Loss: 0.7089 Acc: 0.7417
2025-12-11 04:28:16,062 - INFO - --- Época 76/150 ---
2025-12-11 04:29:17,222 - INFO - Train Loss: 0.1643 Acc: 0.9359
2025-12-11 04:29:33,847 - INFO - Val Loss: 0.8173 Acc: 0.7500
2025-12-11 04:29:33,848 - INFO - --- Época 77/150 ---
2025-12-11 04:30:34,765 - INFO - Train Loss: 0.1860 Acc: 0.9308
2025-12-11 04:30:51,951 - INFO - Val Loss: 0.8051 Acc: 0.7667
2025-12-11 04:30:51,952 - INFO - --- Época 78/150 ---
2025-12-11 04:31:52,844 - INFO - Train Loss: 0.1755 Acc: 0.9333
2025-12-11 04:32:08,763 - INFO - Val Loss: 0.6756 Acc: 0.7833
2025-12-11 04:32:08,765 - INFO - --- Época 79/150 ---
2025-12-11 04:33:07,001 - INFO - Train Loss: 0.1723 Acc: 0.9320
2025-12-11 04:33:23,072 - INFO - Val Loss: 0.6661 Acc: 0.7667
2025-12-11 04:33:23,074 - INFO - --- Época 80/150 ---
2025-12-11 04:34:23,559 - INFO - Train Loss: 0.1647 Acc: 0.9386
2025-12-11 04:34:39,295 - INFO - Val Loss: 0.7377 Acc: 0.7667
2025-12-11 04:34:39,297 - INFO - --- Época 81/150 ---
2025-12-11 04:35:37,449 - INFO - Train Loss: 0.1966 Acc: 0.9227
2025-12-11 04:35:53,766 - INFO - Val Loss: 0.7517 Acc: 0.7417
2025-12-11 04:35:53,768 - INFO - --- Época 82/150 ---
2025-12-11 04:36:53,065 - INFO - Train Loss: 0.1721 Acc: 0.9324
2025-12-11 04:37:09,148 - INFO - Val Loss: 0.7449 Acc: 0.7500
2025-12-11 04:37:09,149 - INFO - --- Época 83/150 ---
2025-12-11 04:38:09,131 - INFO - Train Loss: 0.1816 Acc: 0.9277
2025-12-11 04:38:25,266 - INFO - Val Loss: 0.7994 Acc: 0.7833
2025-12-11 04:38:25,268 - INFO - --- Época 84/150 ---
2025-12-11 04:39:24,301 - INFO - Train Loss: 0.1619 Acc: 0.9384
2025-12-11 04:39:40,466 - INFO - Val Loss: 0.8155 Acc: 0.7417
2025-12-11 04:39:40,470 - INFO - --- Época 85/150 ---
2025-12-11 04:40:40,925 - INFO - Train Loss: 0.1603 Acc: 0.9355
2025-12-11 04:40:56,802 - INFO - Val Loss: 0.7614 Acc: 0.7500
2025-12-11 04:40:56,804 - INFO - --- Época 86/150 ---
2025-12-11 04:41:54,676 - INFO - Train Loss: 0.1440 Acc: 0.9446
2025-12-11 04:42:11,201 - INFO - Val Loss: 0.8577 Acc: 0.7500
2025-12-11 04:42:11,203 - INFO - --- Época 87/150 ---
2025-12-11 04:43:11,238 - INFO - Train Loss: 0.1448 Acc: 0.9452
2025-12-11 04:43:26,172 - INFO - Val Loss: 0.8731 Acc: 0.7417
2025-12-11 04:43:26,173 - INFO - --- Época 88/150 ---
2025-12-11 04:44:26,363 - INFO - Train Loss: 0.1468 Acc: 0.9469
2025-12-11 04:44:42,411 - INFO - Val Loss: 0.8369 Acc: 0.7500
2025-12-11 04:44:42,413 - INFO - --- Época 89/150 ---
2025-12-11 04:45:40,920 - INFO - Train Loss: 0.1282 Acc: 0.9537
2025-12-11 04:45:56,697 - INFO - Val Loss: 0.8829 Acc: 0.7500
2025-12-11 04:45:56,700 - INFO - --- Época 90/150 ---
2025-12-11 04:46:56,170 - INFO - Train Loss: 0.1386 Acc: 0.9496
2025-12-11 04:47:11,886 - INFO - Val Loss: 0.8304 Acc: 0.7583
2025-12-11 04:47:11,888 - INFO - --- Época 91/150 ---
2025-12-11 04:48:09,476 - INFO - Train Loss: 0.1298 Acc: 0.9498
2025-12-11 04:48:25,794 - INFO - Val Loss: 0.9425 Acc: 0.7417
2025-12-11 04:48:25,797 - INFO - --- Época 92/150 ---
2025-12-11 04:49:26,609 - INFO - Train Loss: 0.1458 Acc: 0.9452
2025-12-11 04:49:40,015 - INFO - Val Loss: 1.0525 Acc: 0.7250
2025-12-11 04:49:40,016 - INFO - --- Época 93/150 ---
2025-12-11 04:50:39,651 - INFO - Train Loss: 0.1235 Acc: 0.9521
2025-12-11 04:50:55,558 - INFO - Val Loss: 0.8514 Acc: 0.7750
2025-12-11 04:50:55,560 - INFO - --- Época 94/150 ---
2025-12-11 04:51:55,339 - INFO - Train Loss: 0.1355 Acc: 0.9442
2025-12-11 04:52:11,207 - INFO - Val Loss: 0.7640 Acc: 0.7583
2025-12-11 04:52:11,208 - INFO - --- Época 95/150 ---
2025-12-11 04:53:11,029 - INFO - Train Loss: 0.1431 Acc: 0.9436
2025-12-11 04:53:26,719 - INFO - Val Loss: 0.8259 Acc: 0.7833
2025-12-11 04:53:26,721 - INFO - --- Época 96/150 ---
2025-12-11 04:54:25,539 - INFO - Train Loss: 0.1511 Acc: 0.9421
2025-12-11 04:54:41,737 - INFO - Val Loss: 0.8283 Acc: 0.7583
2025-12-11 04:54:41,739 - INFO - --- Época 97/150 ---
2025-12-11 04:55:41,298 - INFO - Train Loss: 0.1266 Acc: 0.9516
2025-12-11 04:55:56,731 - INFO - Val Loss: 0.8979 Acc: 0.7667
2025-12-11 04:55:56,733 - INFO - --- Época 98/150 ---
2025-12-11 04:56:56,338 - INFO - Train Loss: 0.1188 Acc: 0.9558
2025-12-11 04:57:13,004 - INFO - Val Loss: 0.7511 Acc: 0.7667
2025-12-11 04:57:13,006 - INFO - --- Época 99/150 ---
2025-12-11 04:58:11,930 - INFO - Train Loss: 0.1222 Acc: 0.9527
2025-12-11 04:58:28,157 - INFO - Val Loss: 0.7903 Acc: 0.7833
2025-12-11 04:58:28,159 - INFO - --- Época 100/150 ---
2025-12-11 04:59:30,809 - INFO - Train Loss: 0.1393 Acc: 0.9484
2025-12-11 04:59:47,306 - INFO - Val Loss: 0.7829 Acc: 0.7750
2025-12-11 04:59:47,309 - INFO - --- Época 101/150 ---
2025-12-11 05:00:46,716 - INFO - Train Loss: 0.1352 Acc: 0.9481
2025-12-11 05:01:02,909 - INFO - Val Loss: 0.8128 Acc: 0.7417
2025-12-11 05:01:02,912 - INFO - --- Época 102/150 ---
2025-12-11 05:02:05,920 - INFO - Train Loss: 0.1093 Acc: 0.9610
2025-12-11 05:02:22,134 - INFO - Val Loss: 0.8875 Acc: 0.7667
2025-12-11 05:02:22,136 - INFO - --- Época 103/150 ---
2025-12-11 05:03:25,489 - INFO - Train Loss: 0.1149 Acc: 0.9585
2025-12-11 05:03:43,190 - INFO - Val Loss: 0.9907 Acc: 0.7583
2025-12-11 05:03:43,192 - INFO - --- Época 104/150 ---
2025-12-11 05:04:45,363 - INFO - Train Loss: 0.1209 Acc: 0.9516
2025-12-11 05:05:01,205 - INFO - Val Loss: 0.7989 Acc: 0.7583
2025-12-11 05:05:01,206 - INFO - --- Época 105/150 ---
2025-12-11 05:06:01,280 - INFO - Train Loss: 0.1148 Acc: 0.9576
2025-12-11 05:06:17,271 - INFO - Val Loss: 0.9666 Acc: 0.7417
2025-12-11 05:06:17,272 - INFO - --- Época 106/150 ---
2025-12-11 05:07:15,742 - INFO - Train Loss: 0.1039 Acc: 0.9616
2025-12-11 05:07:31,569 - INFO - Val Loss: 0.7220 Acc: 0.7750
2025-12-11 05:07:31,571 - INFO - --- Época 107/150 ---
2025-12-11 05:08:31,508 - INFO - Train Loss: 0.1169 Acc: 0.9531
2025-12-11 05:08:47,157 - INFO - Val Loss: 0.9036 Acc: 0.7500
2025-12-11 05:08:47,160 - INFO - --- Época 108/150 ---
2025-12-11 05:09:45,108 - INFO - Train Loss: 0.1105 Acc: 0.9579
2025-12-11 05:10:01,681 - INFO - Val Loss: 0.9849 Acc: 0.7583
2025-12-11 05:10:01,682 - INFO - --- Época 109/150 ---
2025-12-11 05:11:03,161 - INFO - Train Loss: 0.1114 Acc: 0.9589
2025-12-11 05:11:18,958 - INFO - Val Loss: 0.9109 Acc: 0.7500
2025-12-11 05:11:18,959 - INFO - --- Época 110/150 ---
2025-12-11 05:12:19,908 - INFO - Train Loss: 0.1002 Acc: 0.9620
2025-12-11 05:12:36,489 - INFO - Val Loss: 0.8387 Acc: 0.7583
2025-12-11 05:12:36,492 - INFO - --- Época 111/150 ---
2025-12-11 05:13:37,809 - INFO - Train Loss: 0.1302 Acc: 0.9516
2025-12-11 05:13:54,912 - INFO - Val Loss: 0.8659 Acc: 0.7750
2025-12-11 05:13:54,915 - INFO - --- Época 112/150 ---
2025-12-11 05:14:54,659 - INFO - Train Loss: 0.1190 Acc: 0.9564
2025-12-11 05:15:11,286 - INFO - Val Loss: 0.8792 Acc: 0.7833
2025-12-11 05:15:11,289 - INFO - --- Época 113/150 ---
2025-12-11 05:16:13,042 - INFO - Train Loss: 0.1025 Acc: 0.9607
2025-12-11 05:16:29,555 - INFO - Val Loss: 1.0708 Acc: 0.7417
2025-12-11 05:16:29,557 - INFO - --- Época 114/150 ---
2025-12-11 05:17:30,433 - INFO - Train Loss: 0.1019 Acc: 0.9632
2025-12-11 05:17:45,912 - INFO - Val Loss: 1.0205 Acc: 0.7417
2025-12-11 05:17:45,914 - INFO - --- Época 115/150 ---
2025-12-11 05:18:45,962 - INFO - Train Loss: 0.0945 Acc: 0.9653
2025-12-11 05:19:01,893 - INFO - Val Loss: 0.9621 Acc: 0.7667
2025-12-11 05:19:01,894 - INFO - --- Época 116/150 ---
2025-12-11 05:20:00,372 - INFO - Train Loss: 0.1039 Acc: 0.9618
2025-12-11 05:20:16,157 - INFO - Val Loss: 0.8735 Acc: 0.7583
2025-12-11 05:20:16,158 - INFO - --- Época 117/150 ---
2025-12-11 05:21:19,147 - INFO - Train Loss: 0.1098 Acc: 0.9591
2025-12-11 05:21:36,379 - INFO - Val Loss: 1.1364 Acc: 0.7417
2025-12-11 05:21:36,380 - INFO - --- Época 118/150 ---
2025-12-11 05:22:38,121 - INFO - Train Loss: 0.1029 Acc: 0.9612
2025-12-11 05:22:54,220 - INFO - Val Loss: 0.9027 Acc: 0.7667
2025-12-11 05:22:54,221 - INFO - --- Época 119/150 ---
2025-12-11 05:23:56,031 - INFO - Train Loss: 0.0880 Acc: 0.9692
2025-12-11 05:24:11,696 - INFO - Val Loss: 0.9745 Acc: 0.7833
2025-12-11 05:24:11,698 - INFO - --- Época 120/150 ---
2025-12-11 05:25:12,518 - INFO - Train Loss: 0.1041 Acc: 0.9614
2025-12-11 05:25:28,549 - INFO - Val Loss: 0.9767 Acc: 0.7417
2025-12-11 05:25:28,551 - INFO - --- Época 121/150 ---
2025-12-11 05:26:27,272 - INFO - Train Loss: 0.0946 Acc: 0.9649
2025-12-11 05:26:42,900 - INFO - Val Loss: 0.7579 Acc: 0.7750
2025-12-11 05:26:42,901 - INFO - --- Época 122/150 ---
2025-12-11 05:27:42,793 - INFO - Train Loss: 0.0955 Acc: 0.9665
2025-12-11 05:27:58,809 - INFO - Val Loss: 1.0768 Acc: 0.7583
2025-12-11 05:27:58,811 - INFO - --- Época 123/150 ---
2025-12-11 05:28:57,897 - INFO - Train Loss: 0.0997 Acc: 0.9632
2025-12-11 05:29:14,480 - INFO - Val Loss: 0.9687 Acc: 0.7417
2025-12-11 05:29:14,482 - INFO - --- Época 124/150 ---
2025-12-11 05:30:17,070 - INFO - Train Loss: 0.0926 Acc: 0.9667
2025-12-11 05:30:31,721 - INFO - Val Loss: 0.8301 Acc: 0.7833
2025-12-11 05:30:31,723 - INFO - --- Época 125/150 ---
2025-12-11 05:31:33,315 - INFO - Train Loss: 0.0915 Acc: 0.9628
2025-12-11 05:31:49,689 - INFO - Val Loss: 0.9575 Acc: 0.7750
2025-12-11 05:31:49,691 - INFO - --- Época 126/150 ---
2025-12-11 05:32:50,630 - INFO - Train Loss: 0.1012 Acc: 0.9599
2025-12-11 05:33:07,337 - INFO - Val Loss: 0.9875 Acc: 0.7750
2025-12-11 05:33:07,338 - INFO - --- Época 127/150 ---
2025-12-11 05:34:08,172 - INFO - Train Loss: 0.0863 Acc: 0.9674
2025-12-11 05:34:24,918 - INFO - Val Loss: 1.0823 Acc: 0.7333
2025-12-11 05:34:24,920 - INFO - --- Época 128/150 ---
2025-12-11 05:35:41,166 - INFO - Train Loss: 0.0985 Acc: 0.9626
2025-12-11 05:35:58,564 - INFO - Val Loss: 1.0442 Acc: 0.7417
2025-12-11 05:35:58,566 - INFO - --- Época 129/150 ---
2025-12-11 05:36:59,364 - INFO - Train Loss: 0.0982 Acc: 0.9626
2025-12-11 05:37:15,874 - INFO - Val Loss: 0.8240 Acc: 0.7500
2025-12-11 05:37:15,875 - INFO - --- Época 130/150 ---
2025-12-11 05:38:18,262 - INFO - Train Loss: 0.0839 Acc: 0.9682
2025-12-11 05:38:34,428 - INFO - Val Loss: 1.0511 Acc: 0.7833
2025-12-11 05:38:34,430 - INFO - --- Época 131/150 ---
2025-12-11 05:39:33,147 - INFO - Train Loss: 0.0874 Acc: 0.9649
2025-12-11 05:39:48,753 - INFO - Val Loss: 0.8632 Acc: 0.7583
2025-12-11 05:39:48,754 - INFO - --- Época 132/150 ---
2025-12-11 05:40:49,517 - INFO - Train Loss: 0.0786 Acc: 0.9698
2025-12-11 05:41:05,366 - INFO - Val Loss: 0.9849 Acc: 0.7583
2025-12-11 05:41:05,369 - INFO - --- Época 133/150 ---
2025-12-11 05:42:04,478 - INFO - Train Loss: 0.0870 Acc: 0.9667
2025-12-11 05:42:20,689 - INFO - Val Loss: 1.0409 Acc: 0.7583
2025-12-11 05:42:20,692 - INFO - --- Época 134/150 ---
2025-12-11 05:43:23,060 - INFO - Train Loss: 0.0989 Acc: 0.9620
2025-12-11 05:43:38,336 - INFO - Val Loss: 1.0390 Acc: 0.7417
2025-12-11 05:43:38,337 - INFO - --- Época 135/150 ---
2025-12-11 05:44:37,899 - INFO - Train Loss: 0.1013 Acc: 0.9609
2025-12-11 05:44:54,087 - INFO - Val Loss: 0.9907 Acc: 0.7500
2025-12-11 05:44:54,089 - INFO - --- Época 136/150 ---
2025-12-11 05:45:54,788 - INFO - Train Loss: 0.1088 Acc: 0.9599
2025-12-11 05:46:11,401 - INFO - Val Loss: 0.9699 Acc: 0.7500
2025-12-11 05:46:11,403 - INFO - --- Época 137/150 ---
2025-12-11 05:47:09,960 - INFO - Train Loss: 0.0898 Acc: 0.9649
2025-12-11 05:47:26,232 - INFO - Val Loss: 0.9741 Acc: 0.7500
2025-12-11 05:47:26,234 - INFO - --- Época 138/150 ---
2025-12-11 05:48:24,964 - INFO - Train Loss: 0.0800 Acc: 0.9696
2025-12-11 05:48:41,870 - INFO - Val Loss: 1.0053 Acc: 0.7667
2025-12-11 05:48:41,872 - INFO - --- Época 139/150 ---
2025-12-11 05:49:41,817 - INFO - Train Loss: 0.0767 Acc: 0.9713
2025-12-11 05:49:56,185 - INFO - Val Loss: 0.9609 Acc: 0.7500
2025-12-11 05:49:56,188 - INFO - --- Época 140/150 ---
2025-12-11 05:50:55,062 - INFO - Train Loss: 0.0817 Acc: 0.9694
2025-12-11 05:51:11,018 - INFO - Val Loss: 1.1639 Acc: 0.7750
2025-12-11 05:51:11,020 - INFO - --- Época 141/150 ---
2025-12-11 05:52:10,739 - INFO - Train Loss: 0.0942 Acc: 0.9655
2025-12-11 05:52:27,249 - INFO - Val Loss: 1.0011 Acc: 0.7750
2025-12-11 05:52:27,251 - INFO - --- Época 142/150 ---
2025-12-11 05:53:29,278 - INFO - Train Loss: 0.0938 Acc: 0.9665
2025-12-11 05:53:45,663 - INFO - Val Loss: 1.2274 Acc: 0.7750
2025-12-11 05:53:45,664 - INFO - --- Época 143/150 ---
2025-12-11 05:54:44,475 - INFO - Train Loss: 0.0775 Acc: 0.9702
2025-12-11 05:55:00,398 - INFO - Val Loss: 1.1282 Acc: 0.7583
2025-12-11 05:55:00,399 - INFO - --- Época 144/150 ---
2025-12-11 05:56:00,910 - INFO - Train Loss: 0.0957 Acc: 0.9626
2025-12-11 05:56:14,968 - INFO - Val Loss: 1.0678 Acc: 0.7833
2025-12-11 05:56:14,970 - INFO - --- Época 145/150 ---
2025-12-11 05:57:15,278 - INFO - Train Loss: 0.0957 Acc: 0.9682
2025-12-11 05:57:31,485 - INFO - Val Loss: 1.1784 Acc: 0.7583
2025-12-11 05:57:31,487 - INFO - --- Época 146/150 ---
2025-12-11 05:58:29,898 - INFO - Train Loss: 0.0762 Acc: 0.9713
2025-12-11 05:58:46,146 - INFO - Val Loss: 0.9219 Acc: 0.7500
2025-12-11 05:58:46,148 - INFO - --- Época 147/150 ---
2025-12-11 05:59:45,881 - INFO - Train Loss: 0.0757 Acc: 0.9698
2025-12-11 06:00:01,830 - INFO - Val Loss: 1.1747 Acc: 0.7667
2025-12-11 06:00:01,832 - INFO - --- Época 148/150 ---
2025-12-11 06:01:00,655 - INFO - Train Loss: 0.0741 Acc: 0.9738
2025-12-11 06:01:16,518 - INFO - Val Loss: 0.9551 Acc: 0.7583
2025-12-11 06:01:16,520 - INFO - --- Época 149/150 ---
2025-12-11 06:02:18,780 - INFO - Train Loss: 0.0743 Acc: 0.9725
2025-12-11 06:02:34,696 - INFO - Val Loss: 1.3084 Acc: 0.7583
2025-12-11 06:02:34,699 - INFO - --- Época 150/150 ---
2025-12-11 06:03:34,236 - INFO - Train Loss: 0.0734 Acc: 0.9717
2025-12-11 06:03:50,590 - INFO - Val Loss: 1.2652 Acc: 0.7667
2025-12-11 06:03:50,593 - INFO - Entrenamiento completado en 180m 3s
2025-12-11 06:03:50,597 - INFO - Mejor Val Acc: 0.7833
2025-12-11 06:04:04,905 - INFO - Cargando el mejor modelo para la evaluación...
2025-12-11 06:04:07,531 - INFO - 
========================================
2025-12-11 06:04:07,532 - INFO - --- INICIANDO EVALUACIÓN EN TEST SET ---
2025-12-11 06:04:07,534 - INFO - ========================================
2025-12-11 06:04:25,357 - INFO - Calculando métricas estadísticas...
2025-12-11 06:04:25,369 - INFO - Generando matriz de confusión...
2025-12-11 06:04:25,930 - INFO - Gráfico guardado en: models/sbtaylor_kan_cotton\run_20251211_030331\confusion_matrix.png
2025-12-11 06:04:25,933 - INFO - Escribiendo reporte final...
2025-12-11 06:04:25,989 - INFO - Reporte de texto guardado en: models/sbtaylor_kan_cotton\run_20251211_030331\test_metrics_report.txt
2025-12-11 06:04:25,991 - INFO - --- EVALUACIÓN FINALIZADA ---
