2025-12-19 19:45:32,488 - INFO - Modelo SBTAYLOR_KAN.Net importado correctamente.
2025-12-19 19:45:32,490 - INFO - Los pesos del modelo se guardarán en: 'models/sbtaylor_kan_tiny_imagenet\run_20251219_194532\sbtaylor_kan.best_weights.pth'
2025-12-19 19:45:32,492 - INFO - El registro de entrenamiento se guardará en: 'models/sbtaylor_kan_tiny_imagenet\run_20251219_194532\training_run.log'
2025-12-19 19:45:32,521 - INFO - Versión de PyTorch: 2.9.0+cu126
2025-12-19 19:45:32,523 - INFO - ¿CUDA está disponible?: True
2025-12-19 19:45:32,524 - INFO - Versión de CUDA con la que PyTorch fue compilado: 12.6
2025-12-19 19:45:32,526 - INFO - Número de GPUs disponibles: 1
2025-12-19 19:45:32,531 - INFO - Nombre de la GPU actual: NVIDIA GeForce RTX 4090
2025-12-19 19:45:32,554 - INFO - --- Hyperparámetros de Entrenamiento ---
2025-12-19 19:45:32,556 - INFO - Batch Size: 64
2025-12-19 19:45:32,557 - INFO - Num Epochs: 250
2025-12-19 19:45:32,559 - INFO - Num Workers: 4
2025-12-19 19:47:05,350 - INFO - 
Usando dispositivo: cuda
2025-12-19 19:47:06,490 - INFO - Iniciando entrenamiento por 250 épocas...
2025-12-19 19:47:06,491 - INFO - Paciencia configurada: 20 épocas.
2025-12-19 19:47:06,492 - INFO - --- Época 1/250 ---
2025-12-19 19:47:41,201 - INFO - Train Loss: 2.3677 Acc: 0.1240
2025-12-19 19:47:43,267 - INFO -   [LR] Tasa de aprendizaje actual: 0.000999
2025-12-19 19:47:43,268 - INFO -   [Mejora Loss] inf -> 2.2382. Reseteando paciencia.
2025-12-19 19:47:43,269 - INFO - Val Loss: 2.2382 Acc: 0.1510
2025-12-19 19:47:43,764 - INFO -   [Nuevo Récord Acc] Guardado en: models/sbtaylor_kan_tiny_imagenet\run_20251219_194532\best_model.pth
2025-12-19 19:47:43,765 - INFO - --- Época 2/250 ---
2025-12-19 19:48:17,513 - INFO - Train Loss: 2.2235 Acc: 0.1608
2025-12-19 19:48:19,532 - INFO -   [LR] Tasa de aprendizaje actual: 0.000999
2025-12-19 19:48:19,532 - INFO -   [Mejora Loss] 2.2382 -> 2.1537. Reseteando paciencia.
2025-12-19 19:48:19,534 - INFO - Val Loss: 2.1537 Acc: 0.2490
2025-12-19 19:48:20,038 - INFO -   [Nuevo Récord Acc] Guardado en: models/sbtaylor_kan_tiny_imagenet\run_20251219_194532\best_model.pth
2025-12-19 19:48:20,039 - INFO - --- Época 3/250 ---
2025-12-19 19:48:53,948 - INFO - Train Loss: 2.1525 Acc: 0.2023
2025-12-19 19:48:55,968 - INFO -   [LR] Tasa de aprendizaje actual: 0.001000
2025-12-19 19:48:55,969 - INFO -   [Mejora Loss] 2.1537 -> 2.0156. Reseteando paciencia.
2025-12-19 19:48:55,970 - INFO - Val Loss: 2.0156 Acc: 0.2780
2025-12-19 19:48:56,512 - INFO -   [Nuevo Récord Acc] Guardado en: models/sbtaylor_kan_tiny_imagenet\run_20251219_194532\best_model.pth
2025-12-19 19:48:56,514 - INFO - --- Época 4/250 ---
2025-12-19 19:49:30,512 - INFO - Train Loss: 2.0911 Acc: 0.2358
2025-12-19 19:49:32,494 - INFO -   [LR] Tasa de aprendizaje actual: 0.001000
2025-12-19 19:49:32,494 - INFO -   [Mejora Loss] 2.0156 -> 2.0155. Reseteando paciencia.
2025-12-19 19:49:32,495 - INFO - Val Loss: 2.0155 Acc: 0.2840
2025-12-19 19:49:32,941 - INFO -   [Nuevo Récord Acc] Guardado en: models/sbtaylor_kan_tiny_imagenet\run_20251219_194532\best_model.pth
2025-12-19 19:49:32,943 - INFO - --- Época 5/250 ---
2025-12-19 19:50:06,811 - INFO - Train Loss: 2.0473 Acc: 0.2345
2025-12-19 19:50:08,745 - INFO -   [LR] Tasa de aprendizaje actual: 0.001000
2025-12-19 19:50:08,745 - INFO -   [Mejora Loss] 2.0155 -> 1.9685. Reseteando paciencia.
2025-12-19 19:50:08,746 - INFO - Val Loss: 1.9685 Acc: 0.3190
2025-12-19 19:50:09,168 - INFO -   [Nuevo Récord Acc] Guardado en: models/sbtaylor_kan_tiny_imagenet\run_20251219_194532\best_model.pth
2025-12-19 19:50:09,170 - INFO - --- Época 6/250 ---
2025-12-19 19:50:42,935 - INFO - Train Loss: 2.0209 Acc: 0.2470
2025-12-19 19:50:44,894 - INFO -   [LR] Tasa de aprendizaje actual: 0.001000
2025-12-19 19:50:44,894 - INFO -   [Mejora Loss] 1.9685 -> 1.9373. Reseteando paciencia.
2025-12-19 19:50:44,895 - INFO - Val Loss: 1.9373 Acc: 0.2880
2025-12-19 19:50:44,896 - INFO - --- Época 7/250 ---
2025-12-19 19:51:18,177 - INFO - Train Loss: 1.9984 Acc: 0.2587
2025-12-19 19:51:20,153 - INFO -   [LR] Tasa de aprendizaje actual: 0.001000
2025-12-19 19:51:20,154 - INFO -   [Mejora Loss] 1.9373 -> 1.9329. Reseteando paciencia.
2025-12-19 19:51:20,155 - INFO - Val Loss: 1.9329 Acc: 0.3390
2025-12-19 19:51:20,643 - INFO -   [Nuevo Récord Acc] Guardado en: models/sbtaylor_kan_tiny_imagenet\run_20251219_194532\best_model.pth
2025-12-19 19:51:20,645 - INFO - --- Época 8/250 ---
2025-12-19 19:51:54,518 - INFO - Train Loss: 1.9887 Acc: 0.2640
2025-12-19 19:51:56,446 - INFO -   [LR] Tasa de aprendizaje actual: 0.001000
2025-12-19 19:51:56,447 - INFO -   [Sin mejora Loss] Paciencia: 1/20
2025-12-19 19:51:56,448 - INFO - Val Loss: 1.9374 Acc: 0.3220
2025-12-19 19:51:56,449 - INFO - --- Época 9/250 ---
2025-12-19 19:52:29,932 - INFO - Train Loss: 1.9658 Acc: 0.2780
2025-12-19 19:52:31,869 - INFO -   [LR] Tasa de aprendizaje actual: 0.001000
2025-12-19 19:52:31,870 - INFO -   [Mejora Loss] 1.9329 -> 1.9157. Reseteando paciencia.
2025-12-19 19:52:31,871 - INFO - Val Loss: 1.9157 Acc: 0.3270
2025-12-19 19:52:31,872 - INFO - --- Época 10/250 ---
2025-12-19 19:53:04,992 - INFO - Train Loss: 1.9266 Acc: 0.2958
2025-12-19 19:53:06,863 - INFO -   [LR] Tasa de aprendizaje actual: 0.001000
2025-12-19 19:53:06,863 - INFO -   [Mejora Loss] 1.9157 -> 1.8739. Reseteando paciencia.
2025-12-19 19:53:06,864 - INFO - Val Loss: 1.8739 Acc: 0.3320
2025-12-19 19:53:06,865 - INFO - --- Época 11/250 ---
2025-12-19 19:53:40,068 - INFO - Train Loss: 1.9009 Acc: 0.2953
2025-12-19 19:53:42,040 - INFO -   [LR] Tasa de aprendizaje actual: 0.001000
2025-12-19 19:53:42,040 - INFO -   [Mejora Loss] 1.8739 -> 1.8722. Reseteando paciencia.
2025-12-19 19:53:42,042 - INFO - Val Loss: 1.8722 Acc: 0.3200
2025-12-19 19:53:42,043 - INFO - --- Época 12/250 ---
2025-12-19 19:54:15,580 - INFO - Train Loss: 1.8893 Acc: 0.2985
2025-12-19 19:54:17,458 - INFO -   [LR] Tasa de aprendizaje actual: 0.001000
2025-12-19 19:54:17,459 - INFO -   [Mejora Loss] 1.8722 -> 1.8491. Reseteando paciencia.
2025-12-19 19:54:17,460 - INFO - Val Loss: 1.8491 Acc: 0.3400
2025-12-19 19:54:17,892 - INFO -   [Nuevo Récord Acc] Guardado en: models/sbtaylor_kan_tiny_imagenet\run_20251219_194532\best_model.pth
2025-12-19 19:54:17,893 - INFO - --- Época 13/250 ---
2025-12-19 19:54:51,659 - INFO - Train Loss: 1.8814 Acc: 0.3155
2025-12-19 19:54:53,661 - INFO -   [LR] Tasa de aprendizaje actual: 0.001000
2025-12-19 19:54:53,661 - INFO -   [Mejora Loss] 1.8491 -> 1.8322. Reseteando paciencia.
2025-12-19 19:54:53,662 - INFO - Val Loss: 1.8322 Acc: 0.3530
2025-12-19 19:54:54,120 - INFO -   [Nuevo Récord Acc] Guardado en: models/sbtaylor_kan_tiny_imagenet\run_20251219_194532\best_model.pth
2025-12-19 19:54:54,122 - INFO - --- Época 14/250 ---
2025-12-19 19:55:27,090 - INFO - Train Loss: 1.8604 Acc: 0.3262
2025-12-19 19:55:29,085 - INFO -   [LR] Tasa de aprendizaje actual: 0.001000
2025-12-19 19:55:29,086 - INFO -   [Mejora Loss] 1.8322 -> 1.7939. Reseteando paciencia.
2025-12-19 19:55:29,087 - INFO - Val Loss: 1.7939 Acc: 0.3720
2025-12-19 19:55:29,532 - INFO -   [Nuevo Récord Acc] Guardado en: models/sbtaylor_kan_tiny_imagenet\run_20251219_194532\best_model.pth
2025-12-19 19:55:29,533 - INFO - --- Época 15/250 ---
2025-12-19 19:56:02,868 - INFO - Train Loss: 1.8370 Acc: 0.3245
2025-12-19 19:56:04,827 - INFO -   [LR] Tasa de aprendizaje actual: 0.001000
2025-12-19 19:56:04,828 - INFO -   [Sin mejora Loss] Paciencia: 1/20
2025-12-19 19:56:04,829 - INFO - Val Loss: 1.7961 Acc: 0.3900
2025-12-19 19:56:05,269 - INFO -   [Nuevo Récord Acc] Guardado en: models/sbtaylor_kan_tiny_imagenet\run_20251219_194532\best_model.pth
2025-12-19 19:56:05,271 - INFO - --- Época 16/250 ---
2025-12-19 19:56:39,087 - INFO - Train Loss: 1.8374 Acc: 0.3302
2025-12-19 19:56:40,886 - INFO -   [LR] Tasa de aprendizaje actual: 0.001000
2025-12-19 19:56:40,887 - INFO -   [Mejora Loss] 1.7939 -> 1.7417. Reseteando paciencia.
2025-12-19 19:56:40,888 - INFO - Val Loss: 1.7417 Acc: 0.3760
2025-12-19 19:56:40,889 - INFO - --- Época 17/250 ---
2025-12-19 19:57:14,353 - INFO - Train Loss: 1.7951 Acc: 0.3485
2025-12-19 19:57:16,330 - INFO -   [LR] Tasa de aprendizaje actual: 0.001000
2025-12-19 19:57:16,330 - INFO -   [Sin mejora Loss] Paciencia: 1/20
2025-12-19 19:57:16,331 - INFO - Val Loss: 1.7821 Acc: 0.3930
2025-12-19 19:57:16,750 - INFO -   [Nuevo Récord Acc] Guardado en: models/sbtaylor_kan_tiny_imagenet\run_20251219_194532\best_model.pth
2025-12-19 19:57:16,751 - INFO - --- Época 18/250 ---
2025-12-19 19:57:49,859 - INFO - Train Loss: 1.7912 Acc: 0.3508
2025-12-19 19:57:51,717 - INFO -   [LR] Tasa de aprendizaje actual: 0.001000
2025-12-19 19:57:51,718 - INFO -   [Mejora Loss] 1.7417 -> 1.7169. Reseteando paciencia.
2025-12-19 19:57:51,719 - INFO - Val Loss: 1.7169 Acc: 0.4160
2025-12-19 19:57:52,174 - INFO -   [Nuevo Récord Acc] Guardado en: models/sbtaylor_kan_tiny_imagenet\run_20251219_194532\best_model.pth
2025-12-19 19:57:52,175 - INFO - --- Época 19/250 ---
2025-12-19 19:58:26,226 - INFO - Train Loss: 1.7969 Acc: 0.3528
2025-12-19 19:58:28,184 - INFO -   [LR] Tasa de aprendizaje actual: 0.001000
2025-12-19 19:58:28,185 - INFO -   [Sin mejora Loss] Paciencia: 1/20
2025-12-19 19:58:28,186 - INFO - Val Loss: 1.7333 Acc: 0.3790
2025-12-19 19:58:28,187 - INFO - --- Época 20/250 ---
2025-12-19 19:59:01,995 - INFO - Train Loss: 1.7699 Acc: 0.3565
2025-12-19 19:59:04,006 - INFO -   [LR] Tasa de aprendizaje actual: 0.001000
2025-12-19 19:59:04,007 - INFO -   [Mejora Loss] 1.7169 -> 1.6897. Reseteando paciencia.
2025-12-19 19:59:04,008 - INFO - Val Loss: 1.6897 Acc: 0.4170
2025-12-19 19:59:04,446 - INFO -   [Nuevo Récord Acc] Guardado en: models/sbtaylor_kan_tiny_imagenet\run_20251219_194532\best_model.pth
2025-12-19 19:59:04,448 - INFO - --- Época 21/250 ---
2025-12-19 19:59:37,917 - INFO - Train Loss: 1.7579 Acc: 0.3675
2025-12-19 19:59:39,841 - INFO -   [LR] Tasa de aprendizaje actual: 0.001000
2025-12-19 19:59:39,842 - INFO -   [Mejora Loss] 1.6897 -> 1.6781. Reseteando paciencia.
2025-12-19 19:59:39,843 - INFO - Val Loss: 1.6781 Acc: 0.4260
2025-12-19 19:59:40,311 - INFO -   [Nuevo Récord Acc] Guardado en: models/sbtaylor_kan_tiny_imagenet\run_20251219_194532\best_model.pth
2025-12-19 19:59:40,314 - INFO - --- Época 22/250 ---
2025-12-19 20:00:13,806 - INFO - Train Loss: 1.7348 Acc: 0.3690
2025-12-19 20:00:15,802 - INFO -   [LR] Tasa de aprendizaje actual: 0.001000
2025-12-19 20:00:15,802 - INFO -   [Mejora Loss] 1.6781 -> 1.6746. Reseteando paciencia.
2025-12-19 20:00:15,803 - INFO - Val Loss: 1.6746 Acc: 0.4320
2025-12-19 20:00:16,218 - INFO -   [Nuevo Récord Acc] Guardado en: models/sbtaylor_kan_tiny_imagenet\run_20251219_194532\best_model.pth
2025-12-19 20:00:16,219 - INFO - --- Época 23/250 ---
2025-12-19 20:00:49,706 - INFO - Train Loss: 1.7162 Acc: 0.3825
2025-12-19 20:00:51,666 - INFO -   [LR] Tasa de aprendizaje actual: 0.001000
2025-12-19 20:00:51,667 - INFO -   [Sin mejora Loss] Paciencia: 1/20
2025-12-19 20:00:51,668 - INFO - Val Loss: 1.7145 Acc: 0.3970
2025-12-19 20:00:51,669 - INFO - --- Época 24/250 ---
2025-12-19 20:01:25,029 - INFO - Train Loss: 1.7207 Acc: 0.3775
2025-12-19 20:01:26,993 - INFO -   [LR] Tasa de aprendizaje actual: 0.001000
2025-12-19 20:01:26,993 - INFO -   [Mejora Loss] 1.6746 -> 1.6505. Reseteando paciencia.
2025-12-19 20:01:26,994 - INFO - Val Loss: 1.6505 Acc: 0.4330
2025-12-19 20:01:27,441 - INFO -   [Nuevo Récord Acc] Guardado en: models/sbtaylor_kan_tiny_imagenet\run_20251219_194532\best_model.pth
2025-12-19 20:01:27,443 - INFO - --- Época 25/250 ---
2025-12-19 20:02:00,715 - INFO - Train Loss: 1.7281 Acc: 0.3725
2025-12-19 20:02:02,647 - INFO -   [LR] Tasa de aprendizaje actual: 0.001000
2025-12-19 20:02:02,647 - INFO -   [Sin mejora Loss] Paciencia: 1/20
2025-12-19 20:02:02,647 - INFO - Val Loss: 1.7033 Acc: 0.4310
2025-12-19 20:02:02,647 - INFO - --- Época 26/250 ---
2025-12-19 20:02:36,279 - INFO - Train Loss: 1.7054 Acc: 0.3703
2025-12-19 20:02:38,204 - INFO -   [LR] Tasa de aprendizaje actual: 0.001000
2025-12-19 20:02:38,206 - INFO -   [Sin mejora Loss] Paciencia: 2/20
2025-12-19 20:02:38,207 - INFO - Val Loss: 1.6675 Acc: 0.4330
2025-12-19 20:02:38,208 - INFO - --- Época 27/250 ---
2025-12-19 20:03:11,153 - INFO - Train Loss: 1.7072 Acc: 0.3922
2025-12-19 20:03:13,103 - INFO -   [LR] Tasa de aprendizaje actual: 0.001000
2025-12-19 20:03:13,104 - INFO -   [Sin mejora Loss] Paciencia: 3/20
2025-12-19 20:03:13,105 - INFO - Val Loss: 1.7574 Acc: 0.4110
2025-12-19 20:03:13,106 - INFO - --- Época 28/250 ---
2025-12-19 20:03:46,040 - INFO - Train Loss: 1.6758 Acc: 0.3995
2025-12-19 20:03:47,989 - INFO -   [LR] Tasa de aprendizaje actual: 0.001000
2025-12-19 20:03:47,990 - INFO -   [Sin mejora Loss] Paciencia: 4/20
2025-12-19 20:03:47,991 - INFO - Val Loss: 1.6576 Acc: 0.4460
2025-12-19 20:03:48,445 - INFO -   [Nuevo Récord Acc] Guardado en: models/sbtaylor_kan_tiny_imagenet\run_20251219_194532\best_model.pth
2025-12-19 20:03:48,447 - INFO - --- Época 29/250 ---
2025-12-19 20:04:21,998 - INFO - Train Loss: 1.6848 Acc: 0.3970
2025-12-19 20:04:23,961 - INFO -   [LR] Tasa de aprendizaje actual: 0.001000
2025-12-19 20:04:23,962 - INFO -   [Sin mejora Loss] Paciencia: 5/20
2025-12-19 20:04:23,963 - INFO - Val Loss: 1.6603 Acc: 0.4310
2025-12-19 20:04:23,964 - INFO - --- Época 30/250 ---
2025-12-19 20:04:57,203 - INFO - Train Loss: 1.6614 Acc: 0.3975
2025-12-19 20:04:59,168 - INFO -   [LR] Tasa de aprendizaje actual: 0.001000
2025-12-19 20:04:59,168 - INFO -   [Mejora Loss] 1.6505 -> 1.6468. Reseteando paciencia.
2025-12-19 20:04:59,178 - INFO - Val Loss: 1.6468 Acc: 0.4380
2025-12-19 20:04:59,178 - INFO - --- Época 31/250 ---
2025-12-19 20:05:33,312 - INFO - Train Loss: 1.6680 Acc: 0.3957
2025-12-19 20:05:35,244 - INFO -   [LR] Tasa de aprendizaje actual: 0.001000
2025-12-19 20:05:35,245 - INFO -   [Mejora Loss] 1.6468 -> 1.6212. Reseteando paciencia.
2025-12-19 20:05:35,246 - INFO - Val Loss: 1.6212 Acc: 0.4530
2025-12-19 20:05:35,662 - INFO -   [Nuevo Récord Acc] Guardado en: models/sbtaylor_kan_tiny_imagenet\run_20251219_194532\best_model.pth
2025-12-19 20:05:35,664 - INFO - --- Época 32/250 ---
2025-12-19 20:06:08,618 - INFO - Train Loss: 1.6657 Acc: 0.4010
2025-12-19 20:06:10,560 - INFO -   [LR] Tasa de aprendizaje actual: 0.001000
2025-12-19 20:06:10,561 - INFO -   [Mejora Loss] 1.6212 -> 1.6127. Reseteando paciencia.
2025-12-19 20:06:10,562 - INFO - Val Loss: 1.6127 Acc: 0.4510
2025-12-19 20:06:10,563 - INFO - --- Época 33/250 ---
2025-12-19 20:06:43,513 - INFO - Train Loss: 1.6448 Acc: 0.3990
2025-12-19 20:06:45,537 - INFO -   [LR] Tasa de aprendizaje actual: 0.001000
2025-12-19 20:06:45,538 - INFO -   [Mejora Loss] 1.6127 -> 1.5958. Reseteando paciencia.
2025-12-19 20:06:45,539 - INFO - Val Loss: 1.5958 Acc: 0.4380
2025-12-19 20:06:45,540 - INFO - --- Época 34/250 ---
2025-12-19 20:07:18,580 - INFO - Train Loss: 1.6659 Acc: 0.3990
2025-12-19 20:07:20,540 - INFO -   [LR] Tasa de aprendizaje actual: 0.001000
2025-12-19 20:07:20,540 - INFO -   [Mejora Loss] 1.5958 -> 1.5943. Reseteando paciencia.
2025-12-19 20:07:20,540 - INFO - Val Loss: 1.5943 Acc: 0.4670
2025-12-19 20:07:20,963 - INFO -   [Nuevo Récord Acc] Guardado en: models/sbtaylor_kan_tiny_imagenet\run_20251219_194532\best_model.pth
2025-12-19 20:07:20,963 - INFO - --- Época 35/250 ---
2025-12-19 20:07:55,114 - INFO - Train Loss: 1.6127 Acc: 0.4160
2025-12-19 20:07:57,074 - INFO -   [LR] Tasa de aprendizaje actual: 0.001000
2025-12-19 20:07:57,074 - INFO -   [Sin mejora Loss] Paciencia: 1/20
2025-12-19 20:07:57,074 - INFO - Val Loss: 1.6088 Acc: 0.4400
2025-12-19 20:07:57,074 - INFO - --- Época 36/250 ---
2025-12-19 20:08:30,522 - INFO - Train Loss: 1.6122 Acc: 0.4248
2025-12-19 20:08:32,427 - INFO -   [LR] Tasa de aprendizaje actual: 0.001000
2025-12-19 20:08:32,428 - INFO -   [Sin mejora Loss] Paciencia: 2/20
2025-12-19 20:08:32,429 - INFO - Val Loss: 1.6019 Acc: 0.4590
2025-12-19 20:08:32,430 - INFO - --- Época 37/250 ---
2025-12-19 20:09:05,765 - INFO - Train Loss: 1.6364 Acc: 0.4168
2025-12-19 20:09:07,599 - INFO -   [LR] Tasa de aprendizaje actual: 0.001000
2025-12-19 20:09:07,600 - INFO -   [Mejora Loss] 1.5943 -> 1.5551. Reseteando paciencia.
2025-12-19 20:09:07,601 - INFO - Val Loss: 1.5551 Acc: 0.4680
2025-12-19 20:09:08,065 - INFO -   [Nuevo Récord Acc] Guardado en: models/sbtaylor_kan_tiny_imagenet\run_20251219_194532\best_model.pth
2025-12-19 20:09:08,073 - INFO - --- Época 38/250 ---
2025-12-19 20:09:42,104 - INFO - Train Loss: 1.6373 Acc: 0.4070
2025-12-19 20:09:44,023 - INFO -   [LR] Tasa de aprendizaje actual: 0.001000
2025-12-19 20:09:44,023 - INFO -   [Mejora Loss] 1.5551 -> 1.5479. Reseteando paciencia.
2025-12-19 20:09:44,023 - INFO - Val Loss: 1.5479 Acc: 0.4730
2025-12-19 20:09:44,505 - INFO -   [Nuevo Récord Acc] Guardado en: models/sbtaylor_kan_tiny_imagenet\run_20251219_194532\best_model.pth
2025-12-19 20:09:44,506 - INFO - --- Época 39/250 ---
2025-12-19 20:10:18,311 - INFO - Train Loss: 1.6305 Acc: 0.4165
2025-12-19 20:10:20,241 - INFO -   [LR] Tasa de aprendizaje actual: 0.001000
2025-12-19 20:10:20,241 - INFO -   [Sin mejora Loss] Paciencia: 1/20
2025-12-19 20:10:20,241 - INFO - Val Loss: 1.5666 Acc: 0.4520
2025-12-19 20:10:20,241 - INFO - --- Época 40/250 ---
2025-12-19 20:10:53,132 - INFO - Train Loss: 1.6082 Acc: 0.4328
2025-12-19 20:10:55,047 - INFO -   [LR] Tasa de aprendizaje actual: 0.001000
2025-12-19 20:10:55,048 - INFO -   [Mejora Loss] 1.5479 -> 1.5071. Reseteando paciencia.
2025-12-19 20:10:55,049 - INFO - Val Loss: 1.5071 Acc: 0.4880
2025-12-19 20:10:55,516 - INFO -   [Nuevo Récord Acc] Guardado en: models/sbtaylor_kan_tiny_imagenet\run_20251219_194532\best_model.pth
2025-12-19 20:10:55,519 - INFO - --- Época 41/250 ---
2025-12-19 20:11:29,043 - INFO - Train Loss: 1.6049 Acc: 0.4253
2025-12-19 20:11:31,018 - INFO -   [LR] Tasa de aprendizaje actual: 0.001000
2025-12-19 20:11:31,018 - INFO -   [Sin mejora Loss] Paciencia: 1/20
2025-12-19 20:11:31,018 - INFO - Val Loss: 1.5109 Acc: 0.4940
2025-12-19 20:11:31,443 - INFO -   [Nuevo Récord Acc] Guardado en: models/sbtaylor_kan_tiny_imagenet\run_20251219_194532\best_model.pth
2025-12-19 20:11:31,443 - INFO - --- Época 42/250 ---
2025-12-19 20:12:04,974 - INFO - Train Loss: 1.6062 Acc: 0.4305
2025-12-19 20:12:06,942 - INFO -   [LR] Tasa de aprendizaje actual: 0.001000
2025-12-19 20:12:06,942 - INFO -   [Sin mejora Loss] Paciencia: 2/20
2025-12-19 20:12:06,943 - INFO - Val Loss: 1.5645 Acc: 0.4740
2025-12-19 20:12:06,944 - INFO - --- Época 43/250 ---
2025-12-19 20:12:39,641 - INFO - Train Loss: 1.5878 Acc: 0.4338
2025-12-19 20:12:41,594 - INFO -   [LR] Tasa de aprendizaje actual: 0.001000
2025-12-19 20:12:41,594 - INFO -   [Sin mejora Loss] Paciencia: 3/20
2025-12-19 20:12:41,594 - INFO - Val Loss: 1.5452 Acc: 0.4840
2025-12-19 20:12:41,594 - INFO - --- Época 44/250 ---
2025-12-19 20:13:14,780 - INFO - Train Loss: 1.6005 Acc: 0.4360
2025-12-19 20:13:16,676 - INFO -   [LR] Tasa de aprendizaje actual: 0.001000
2025-12-19 20:13:16,676 - INFO -   [Sin mejora Loss] Paciencia: 4/20
2025-12-19 20:13:16,676 - INFO - Val Loss: 1.5832 Acc: 0.4580
2025-12-19 20:13:16,676 - INFO - --- Época 45/250 ---
2025-12-19 20:13:50,496 - INFO - Train Loss: 1.5687 Acc: 0.4268
2025-12-19 20:13:52,427 - INFO -   [LR] Tasa de aprendizaje actual: 0.001000
2025-12-19 20:13:52,427 - INFO -   [Sin mejora Loss] Paciencia: 5/20
2025-12-19 20:13:52,427 - INFO - Val Loss: 1.5495 Acc: 0.4620
2025-12-19 20:13:52,427 - INFO - --- Época 46/250 ---
2025-12-19 20:14:26,265 - INFO - Train Loss: 1.5767 Acc: 0.4310
2025-12-19 20:14:28,211 - INFO -   [LR] Tasa de aprendizaje actual: 0.001000
2025-12-19 20:14:28,212 - INFO -   [Sin mejora Loss] Paciencia: 6/20
2025-12-19 20:14:28,213 - INFO - Val Loss: 1.5552 Acc: 0.4830
2025-12-19 20:14:28,214 - INFO - --- Época 47/250 ---
2025-12-19 20:15:02,271 - INFO - Train Loss: 1.5578 Acc: 0.4448
2025-12-19 20:15:04,162 - INFO -   [LR] Tasa de aprendizaje actual: 0.001000
2025-12-19 20:15:04,172 - INFO -   [Sin mejora Loss] Paciencia: 7/20
2025-12-19 20:15:04,172 - INFO - Val Loss: 1.5269 Acc: 0.4780
2025-12-19 20:15:04,172 - INFO - --- Época 48/250 ---
2025-12-19 20:15:38,162 - INFO - Train Loss: 1.5466 Acc: 0.4398
2025-12-19 20:15:40,095 - INFO -   [LR] Tasa de aprendizaje actual: 0.001000
2025-12-19 20:15:40,095 - INFO -   [Sin mejora Loss] Paciencia: 8/20
2025-12-19 20:15:40,095 - INFO - Val Loss: 1.5470 Acc: 0.4780
2025-12-19 20:15:40,095 - INFO - --- Época 49/250 ---
2025-12-19 20:16:14,106 - INFO - Train Loss: 1.5498 Acc: 0.4375
2025-12-19 20:16:16,030 - INFO -   [LR] Tasa de aprendizaje actual: 0.001000
2025-12-19 20:16:16,030 - INFO -   [Sin mejora Loss] Paciencia: 9/20
2025-12-19 20:16:16,030 - INFO - Val Loss: 1.5976 Acc: 0.4400
2025-12-19 20:16:16,030 - INFO - --- Época 50/250 ---
2025-12-19 20:16:49,747 - INFO - Train Loss: 1.5708 Acc: 0.4345
2025-12-19 20:16:51,624 - INFO -   [LR] Tasa de aprendizaje actual: 0.001000
2025-12-19 20:16:51,624 - INFO -   [Mejora Loss] 1.5071 -> 1.4935. Reseteando paciencia.
2025-12-19 20:16:51,624 - INFO - Val Loss: 1.4935 Acc: 0.4770
2025-12-19 20:16:51,631 - INFO - --- Época 51/250 ---
2025-12-19 20:17:25,500 - INFO - Train Loss: 1.5500 Acc: 0.4547
2025-12-19 20:17:27,433 - INFO -   [LR] Tasa de aprendizaje actual: 0.001000
2025-12-19 20:17:27,433 - INFO -   [Sin mejora Loss] Paciencia: 1/20
2025-12-19 20:17:27,433 - INFO - Val Loss: 1.5648 Acc: 0.4600
2025-12-19 20:17:27,433 - INFO - --- Época 52/250 ---
2025-12-19 20:18:00,792 - INFO - Train Loss: 1.5284 Acc: 0.4520
2025-12-19 20:18:02,700 - INFO -   [LR] Tasa de aprendizaje actual: 0.001000
2025-12-19 20:18:02,700 - INFO -   [Sin mejora Loss] Paciencia: 2/20
2025-12-19 20:18:02,700 - INFO - Val Loss: 1.5010 Acc: 0.4660
2025-12-19 20:18:02,717 - INFO - --- Época 53/250 ---
2025-12-19 20:18:36,577 - INFO - Train Loss: 1.5503 Acc: 0.4520
2025-12-19 20:18:38,534 - INFO -   [LR] Tasa de aprendizaje actual: 0.001000
2025-12-19 20:18:38,534 - INFO -   [Sin mejora Loss] Paciencia: 3/20
2025-12-19 20:18:38,534 - INFO - Val Loss: 1.5175 Acc: 0.4900
2025-12-19 20:18:38,534 - INFO - --- Época 54/250 ---
2025-12-19 20:19:12,735 - INFO - Train Loss: 1.5317 Acc: 0.4667
2025-12-19 20:19:14,635 - INFO -   [LR] Tasa de aprendizaje actual: 0.001000
2025-12-19 20:19:14,635 - INFO -   [Mejora Loss] 1.4935 -> 1.4666. Reseteando paciencia.
2025-12-19 20:19:14,635 - INFO - Val Loss: 1.4666 Acc: 0.4960
2025-12-19 20:19:15,085 - INFO -   [Nuevo Récord Acc] Guardado en: models/sbtaylor_kan_tiny_imagenet\run_20251219_194532\best_model.pth
2025-12-19 20:19:15,086 - INFO - --- Época 55/250 ---
2025-12-19 20:19:49,619 - INFO - Train Loss: 1.5407 Acc: 0.4595
2025-12-19 20:19:51,602 - INFO -   [LR] Tasa de aprendizaje actual: 0.001000
2025-12-19 20:19:51,602 - INFO -   [Sin mejora Loss] Paciencia: 1/20
2025-12-19 20:19:51,602 - INFO - Val Loss: 1.5384 Acc: 0.4710
2025-12-19 20:19:51,602 - INFO - --- Época 56/250 ---
2025-12-19 20:20:25,803 - INFO - Train Loss: 1.5105 Acc: 0.4597
2025-12-19 20:20:27,837 - INFO -   [LR] Tasa de aprendizaje actual: 0.001000
2025-12-19 20:20:27,837 - INFO -   [Sin mejora Loss] Paciencia: 2/20
2025-12-19 20:20:27,837 - INFO - Val Loss: 1.5114 Acc: 0.4640
2025-12-19 20:20:27,837 - INFO - --- Época 57/250 ---
2025-12-19 20:21:01,954 - INFO - Train Loss: 1.5358 Acc: 0.4577
2025-12-19 20:21:03,971 - INFO -   [LR] Tasa de aprendizaje actual: 0.001000
2025-12-19 20:21:03,971 - INFO -   [Sin mejora Loss] Paciencia: 3/20
2025-12-19 20:21:03,971 - INFO - Val Loss: 1.5093 Acc: 0.4630
2025-12-19 20:21:03,971 - INFO - --- Época 58/250 ---
2025-12-19 20:21:37,605 - INFO - Train Loss: 1.5033 Acc: 0.4715
2025-12-19 20:21:39,531 - INFO -   [LR] Tasa de aprendizaje actual: 0.001000
2025-12-19 20:21:39,532 - INFO -   [Sin mejora Loss] Paciencia: 4/20
2025-12-19 20:21:39,533 - INFO - Val Loss: 1.4778 Acc: 0.4770
2025-12-19 20:21:39,534 - INFO - --- Época 59/250 ---
2025-12-19 20:22:12,541 - INFO - Train Loss: 1.5139 Acc: 0.4708
2025-12-19 20:22:14,539 - INFO -   [LR] Tasa de aprendizaje actual: 0.001000
2025-12-19 20:22:14,539 - INFO -   [Sin mejora Loss] Paciencia: 5/20
2025-12-19 20:22:14,539 - INFO - Val Loss: 1.4844 Acc: 0.4940
2025-12-19 20:22:14,539 - INFO - --- Época 60/250 ---
2025-12-19 20:22:47,923 - INFO - Train Loss: 1.4951 Acc: 0.4713
2025-12-19 20:22:49,944 - INFO -   [LR] Tasa de aprendizaje actual: 0.001000
2025-12-19 20:22:49,945 - INFO -   [Sin mejora Loss] Paciencia: 6/20
2025-12-19 20:22:49,946 - INFO - Val Loss: 1.5166 Acc: 0.4620
2025-12-19 20:22:49,947 - INFO - --- Época 61/250 ---
2025-12-19 20:23:23,067 - INFO - Train Loss: 1.4781 Acc: 0.4773
2025-12-19 20:23:24,987 - INFO -   [LR] Tasa de aprendizaje actual: 0.001000
2025-12-19 20:23:24,989 - INFO -   [Sin mejora Loss] Paciencia: 7/20
2025-12-19 20:23:24,990 - INFO - Val Loss: 1.5211 Acc: 0.4530
2025-12-19 20:23:24,991 - INFO - --- Época 62/250 ---
2025-12-19 20:23:58,124 - INFO - Train Loss: 1.4882 Acc: 0.4715
2025-12-19 20:24:00,072 - INFO -   [LR] Tasa de aprendizaje actual: 0.001000
2025-12-19 20:24:00,072 - INFO -   [Mejora Loss] 1.4666 -> 1.4542. Reseteando paciencia.
2025-12-19 20:24:00,074 - INFO - Val Loss: 1.4542 Acc: 0.4960
2025-12-19 20:24:00,075 - INFO - --- Época 63/250 ---
2025-12-19 20:24:33,992 - INFO - Train Loss: 1.4720 Acc: 0.4783
2025-12-19 20:24:35,892 - INFO -   [LR] Tasa de aprendizaje actual: 0.001000
2025-12-19 20:24:35,892 - INFO -   [Sin mejora Loss] Paciencia: 1/20
2025-12-19 20:24:35,892 - INFO - Val Loss: 1.5269 Acc: 0.4440
2025-12-19 20:24:35,892 - INFO - --- Época 64/250 ---
2025-12-19 20:25:09,626 - INFO - Train Loss: 1.5077 Acc: 0.4635
2025-12-19 20:25:11,615 - INFO -   [LR] Tasa de aprendizaje actual: 0.001000
2025-12-19 20:25:11,615 - INFO -   [Sin mejora Loss] Paciencia: 2/20
2025-12-19 20:25:11,616 - INFO - Val Loss: 1.4880 Acc: 0.4580
2025-12-19 20:25:11,618 - INFO - --- Época 65/250 ---
2025-12-19 20:25:45,784 - INFO - Train Loss: 1.4669 Acc: 0.4763
2025-12-19 20:25:47,695 - INFO -   [LR] Tasa de aprendizaje actual: 0.001000
2025-12-19 20:25:47,695 - INFO -   [Sin mejora Loss] Paciencia: 3/20
2025-12-19 20:25:47,695 - INFO - Val Loss: 1.5384 Acc: 0.4490
2025-12-19 20:25:47,695 - INFO - --- Época 66/250 ---
2025-12-19 20:26:20,702 - INFO - Train Loss: 1.4547 Acc: 0.4848
2025-12-19 20:26:23,294 - INFO -   [LR] Tasa de aprendizaje actual: 0.001000
2025-12-19 20:26:23,294 - INFO -   [Sin mejora Loss] Paciencia: 4/20
2025-12-19 20:26:23,294 - INFO - Val Loss: 1.4571 Acc: 0.4880
2025-12-19 20:26:23,294 - INFO - --- Época 67/250 ---
2025-12-19 20:26:56,361 - INFO - Train Loss: 1.4838 Acc: 0.4690
2025-12-19 20:26:58,294 - INFO -   [LR] Tasa de aprendizaje actual: 0.001000
2025-12-19 20:26:58,294 - INFO -   [Sin mejora Loss] Paciencia: 5/20
2025-12-19 20:26:58,294 - INFO - Val Loss: 1.4744 Acc: 0.4860
2025-12-19 20:26:58,294 - INFO - --- Época 68/250 ---
2025-12-19 20:27:30,928 - INFO - Train Loss: 1.4625 Acc: 0.4803
2025-12-19 20:27:32,828 - INFO -   [LR] Tasa de aprendizaje actual: 0.001000
2025-12-19 20:27:32,828 - INFO -   [Sin mejora Loss] Paciencia: 6/20
2025-12-19 20:27:32,828 - INFO - Val Loss: 1.5223 Acc: 0.4380
2025-12-19 20:27:32,828 - INFO - --- Época 69/250 ---
2025-12-19 20:28:05,631 - INFO - Train Loss: 1.4613 Acc: 0.4815
2025-12-19 20:28:07,563 - INFO -   [LR] Tasa de aprendizaje actual: 0.001000
2025-12-19 20:28:07,563 - INFO -   [Sin mejora Loss] Paciencia: 7/20
2025-12-19 20:28:07,563 - INFO - Val Loss: 1.4989 Acc: 0.4430
2025-12-19 20:28:07,563 - INFO - --- Época 70/250 ---
2025-12-19 20:28:40,713 - INFO - Train Loss: 1.4382 Acc: 0.4830
2025-12-19 20:28:42,603 - INFO -   [LR] Tasa de aprendizaje actual: 0.001000
2025-12-19 20:28:42,604 - INFO -   [Sin mejora Loss] Paciencia: 8/20
2025-12-19 20:28:42,605 - INFO - Val Loss: 1.4743 Acc: 0.4670
2025-12-19 20:28:42,606 - INFO - --- Época 71/250 ---
2025-12-19 20:29:15,603 - INFO - Train Loss: 1.4623 Acc: 0.4720
2025-12-19 20:29:17,589 - INFO -   [LR] Tasa de aprendizaje actual: 0.001000
2025-12-19 20:29:17,590 - INFO -   [Sin mejora Loss] Paciencia: 9/20
2025-12-19 20:29:17,591 - INFO - Val Loss: 1.4964 Acc: 0.4680
2025-12-19 20:29:17,592 - INFO - --- Época 72/250 ---
2025-12-19 20:29:50,715 - INFO - Train Loss: 1.4349 Acc: 0.4925
2025-12-19 20:29:52,618 - INFO -   [LR] Tasa de aprendizaje actual: 0.001000
2025-12-19 20:29:52,618 - INFO -   [Sin mejora Loss] Paciencia: 10/20
2025-12-19 20:29:52,618 - INFO - Val Loss: 1.4706 Acc: 0.4790
2025-12-19 20:29:52,630 - INFO - --- Época 73/250 ---
2025-12-19 20:30:25,698 - INFO - Train Loss: 1.4611 Acc: 0.4820
2025-12-19 20:30:27,650 - INFO -   [LR] Tasa de aprendizaje actual: 0.001000
2025-12-19 20:30:27,651 - INFO -   [Mejora Loss] 1.4542 -> 1.4520. Reseteando paciencia.
2025-12-19 20:30:27,652 - INFO - Val Loss: 1.4520 Acc: 0.4900
2025-12-19 20:30:27,653 - INFO - --- Época 74/250 ---
2025-12-19 20:31:00,746 - INFO - Train Loss: 1.4261 Acc: 0.4943
2025-12-19 20:31:02,666 - INFO -   [LR] Tasa de aprendizaje actual: 0.001000
2025-12-19 20:31:02,666 - INFO -   [Mejora Loss] 1.4520 -> 1.4374. Reseteando paciencia.
2025-12-19 20:31:02,676 - INFO - Val Loss: 1.4374 Acc: 0.4880
2025-12-19 20:31:02,676 - INFO - --- Época 75/250 ---
2025-12-19 20:31:35,317 - INFO - Train Loss: 1.4238 Acc: 0.4908
2025-12-19 20:31:37,224 - INFO -   [LR] Tasa de aprendizaje actual: 0.001000
2025-12-19 20:31:37,224 - INFO -   [Sin mejora Loss] Paciencia: 1/20
2025-12-19 20:31:37,224 - INFO - Val Loss: 1.4542 Acc: 0.4820
2025-12-19 20:31:37,224 - INFO - --- Época 76/250 ---
2025-12-19 20:32:10,017 - INFO - Train Loss: 1.4074 Acc: 0.4958
2025-12-19 20:32:11,914 - INFO -   [LR] Tasa de aprendizaje actual: 0.001000
2025-12-19 20:32:11,915 - INFO -   [Sin mejora Loss] Paciencia: 2/20
2025-12-19 20:32:11,915 - INFO - Val Loss: 1.4877 Acc: 0.4600
2025-12-19 20:32:11,916 - INFO - --- Época 77/250 ---
2025-12-19 20:32:44,585 - INFO - Train Loss: 1.4144 Acc: 0.4985
2025-12-19 20:32:46,534 - INFO -   [LR] Tasa de aprendizaje actual: 0.001000
2025-12-19 20:32:46,535 - INFO -   [Sin mejora Loss] Paciencia: 3/20
2025-12-19 20:32:46,536 - INFO - Val Loss: 1.4482 Acc: 0.4770
2025-12-19 20:32:46,537 - INFO - --- Época 78/250 ---
2025-12-19 20:33:19,632 - INFO - Train Loss: 1.4139 Acc: 0.4973
2025-12-19 20:33:21,523 - INFO -   [LR] Tasa de aprendizaje actual: 0.001000
2025-12-19 20:33:21,524 - INFO -   [Sin mejora Loss] Paciencia: 4/20
2025-12-19 20:33:21,526 - INFO - Val Loss: 1.4802 Acc: 0.4550
2025-12-19 20:33:21,526 - INFO - --- Época 79/250 ---
2025-12-19 20:33:54,222 - INFO - Train Loss: 1.4137 Acc: 0.4975
2025-12-19 20:33:56,136 - INFO -   [LR] Tasa de aprendizaje actual: 0.001000
2025-12-19 20:33:56,136 - INFO -   [Sin mejora Loss] Paciencia: 5/20
2025-12-19 20:33:56,136 - INFO - Val Loss: 1.5018 Acc: 0.4640
2025-12-19 20:33:56,136 - INFO - --- Época 80/250 ---
2025-12-19 20:34:29,187 - INFO - Train Loss: 1.4166 Acc: 0.4958
2025-12-19 20:34:31,103 - INFO -   [LR] Tasa de aprendizaje actual: 0.001000
2025-12-19 20:34:31,103 - INFO -   [Mejora Loss] 1.4374 -> 1.4364. Reseteando paciencia.
2025-12-19 20:34:31,103 - INFO - Val Loss: 1.4364 Acc: 0.4870
2025-12-19 20:34:31,103 - INFO - --- Época 81/250 ---
2025-12-19 20:35:04,616 - INFO - Train Loss: 1.3956 Acc: 0.5012
2025-12-19 20:35:06,721 - INFO -   [LR] Tasa de aprendizaje actual: 0.001000
2025-12-19 20:35:06,722 - INFO -   [Sin mejora Loss] Paciencia: 1/20
2025-12-19 20:35:06,723 - INFO - Val Loss: 1.4645 Acc: 0.4910
2025-12-19 20:35:06,724 - INFO - --- Época 82/250 ---
2025-12-19 20:35:40,606 - INFO - Train Loss: 1.4121 Acc: 0.4983
2025-12-19 20:35:42,524 - INFO -   [LR] Tasa de aprendizaje actual: 0.001000
2025-12-19 20:35:42,524 - INFO -   [Sin mejora Loss] Paciencia: 2/20
2025-12-19 20:35:42,525 - INFO - Val Loss: 1.4403 Acc: 0.4870
2025-12-19 20:35:42,526 - INFO - --- Época 83/250 ---
2025-12-19 20:36:15,306 - INFO - Train Loss: 1.4180 Acc: 0.4905
2025-12-19 20:36:17,289 - INFO -   [LR] Tasa de aprendizaje actual: 0.001000
2025-12-19 20:36:17,289 - INFO -   [Sin mejora Loss] Paciencia: 3/20
2025-12-19 20:36:17,289 - INFO - Val Loss: 1.4536 Acc: 0.4920
2025-12-19 20:36:17,289 - INFO - --- Época 84/250 ---
2025-12-19 20:36:50,090 - INFO - Train Loss: 1.3951 Acc: 0.5012
2025-12-19 20:36:52,040 - INFO -   [LR] Tasa de aprendizaje actual: 0.001000
2025-12-19 20:36:52,040 - INFO -   [Sin mejora Loss] Paciencia: 4/20
2025-12-19 20:36:52,040 - INFO - Val Loss: 1.4447 Acc: 0.4860
2025-12-19 20:36:52,056 - INFO - --- Época 85/250 ---
2025-12-19 20:37:25,018 - INFO - Train Loss: 1.4106 Acc: 0.5040
2025-12-19 20:37:27,025 - INFO -   [LR] Tasa de aprendizaje actual: 0.001000
2025-12-19 20:37:27,025 - INFO -   [Mejora Loss] 1.4364 -> 1.4350. Reseteando paciencia.
2025-12-19 20:37:27,039 - INFO - Val Loss: 1.4350 Acc: 0.4860
2025-12-19 20:37:27,040 - INFO - --- Época 86/250 ---
2025-12-19 20:38:00,025 - INFO - Train Loss: 1.3598 Acc: 0.5178
2025-12-19 20:38:02,028 - INFO -   [LR] Tasa de aprendizaje actual: 0.001000
2025-12-19 20:38:02,028 - INFO -   [Sin mejora Loss] Paciencia: 1/20
2025-12-19 20:38:02,028 - INFO - Val Loss: 1.4542 Acc: 0.4680
2025-12-19 20:38:02,028 - INFO - --- Época 87/250 ---
2025-12-19 20:38:35,559 - INFO - Train Loss: 1.3936 Acc: 0.5095
2025-12-19 20:38:37,458 - INFO -   [LR] Tasa de aprendizaje actual: 0.001000
2025-12-19 20:38:37,458 - INFO -   [Sin mejora Loss] Paciencia: 2/20
2025-12-19 20:38:37,458 - INFO - Val Loss: 1.5078 Acc: 0.4550
2025-12-19 20:38:37,458 - INFO - --- Época 88/250 ---
2025-12-19 20:39:09,830 - INFO - Train Loss: 1.3894 Acc: 0.4963
2025-12-19 20:39:11,776 - INFO -   [LR] Tasa de aprendizaje actual: 0.001000
2025-12-19 20:39:11,776 - INFO -   [Sin mejora Loss] Paciencia: 3/20
2025-12-19 20:39:11,776 - INFO - Val Loss: 1.4620 Acc: 0.4900
2025-12-19 20:39:11,776 - INFO - --- Época 89/250 ---
2025-12-19 20:39:44,811 - INFO - Train Loss: 1.3908 Acc: 0.4973
2025-12-19 20:39:46,743 - INFO -   [LR] Tasa de aprendizaje actual: 0.001000
2025-12-19 20:39:46,743 - INFO -   [Mejora Loss] 1.4350 -> 1.4200. Reseteando paciencia.
2025-12-19 20:39:46,759 - INFO - Val Loss: 1.4200 Acc: 0.4900
2025-12-19 20:39:46,760 - INFO - --- Época 90/250 ---
2025-12-19 20:40:19,828 - INFO - Train Loss: 1.3804 Acc: 0.5108
2025-12-19 20:40:21,728 - INFO -   [LR] Tasa de aprendizaje actual: 0.001000
2025-12-19 20:40:21,728 - INFO -   [Sin mejora Loss] Paciencia: 1/20
2025-12-19 20:40:21,728 - INFO - Val Loss: 1.4982 Acc: 0.4490
2025-12-19 20:40:21,728 - INFO - --- Época 91/250 ---
2025-12-19 20:40:54,730 - INFO - Train Loss: 1.3604 Acc: 0.5202
2025-12-19 20:40:56,680 - INFO -   [LR] Tasa de aprendizaje actual: 0.001000
2025-12-19 20:40:56,680 - INFO -   [Sin mejora Loss] Paciencia: 2/20
2025-12-19 20:40:56,680 - INFO - Val Loss: 1.5018 Acc: 0.4590
2025-12-19 20:40:56,680 - INFO - --- Época 92/250 ---
2025-12-19 20:41:29,381 - INFO - Train Loss: 1.3970 Acc: 0.5078
2025-12-19 20:41:31,312 - INFO -   [LR] Tasa de aprendizaje actual: 0.001000
2025-12-19 20:41:31,312 - INFO -   [Sin mejora Loss] Paciencia: 3/20
2025-12-19 20:41:31,312 - INFO - Val Loss: 1.4471 Acc: 0.4920
2025-12-19 20:41:31,312 - INFO - --- Época 93/250 ---
2025-12-19 20:42:04,313 - INFO - Train Loss: 1.3736 Acc: 0.5150
2025-12-19 20:42:06,256 - INFO -   [LR] Tasa de aprendizaje actual: 0.001000
2025-12-19 20:42:06,257 - INFO -   [Sin mejora Loss] Paciencia: 4/20
2025-12-19 20:42:06,258 - INFO - Val Loss: 1.4265 Acc: 0.4890
2025-12-19 20:42:06,258 - INFO - --- Época 94/250 ---
2025-12-19 20:42:39,450 - INFO - Train Loss: 1.3556 Acc: 0.5155
2025-12-19 20:42:41,446 - INFO -   [LR] Tasa de aprendizaje actual: 0.001000
2025-12-19 20:42:41,446 - INFO -   [Sin mejora Loss] Paciencia: 5/20
2025-12-19 20:42:41,446 - INFO - Val Loss: 1.5144 Acc: 0.4490
2025-12-19 20:42:41,446 - INFO - --- Época 95/250 ---
2025-12-19 20:43:14,528 - INFO - Train Loss: 1.3773 Acc: 0.5072
2025-12-19 20:43:16,446 - INFO -   [LR] Tasa de aprendizaje actual: 0.001000
2025-12-19 20:43:16,446 - INFO -   [Mejora Loss] 1.4200 -> 1.3942. Reseteando paciencia.
2025-12-19 20:43:16,446 - INFO - Val Loss: 1.3942 Acc: 0.5230
2025-12-19 20:43:16,914 - INFO -   [Nuevo Récord Acc] Guardado en: models/sbtaylor_kan_tiny_imagenet\run_20251219_194532\best_model.pth
2025-12-19 20:43:16,915 - INFO - --- Época 96/250 ---
2025-12-19 20:43:49,975 - INFO - Train Loss: 1.3164 Acc: 0.5208
2025-12-19 20:43:51,900 - INFO -   [LR] Tasa de aprendizaje actual: 0.001000
2025-12-19 20:43:51,902 - INFO -   [Sin mejora Loss] Paciencia: 1/20
2025-12-19 20:43:51,903 - INFO - Val Loss: 1.4349 Acc: 0.5020
2025-12-19 20:43:51,904 - INFO - --- Época 97/250 ---
2025-12-19 20:44:24,871 - INFO - Train Loss: 1.3453 Acc: 0.5200
2025-12-19 20:44:26,832 - INFO -   [LR] Tasa de aprendizaje actual: 0.001000
2025-12-19 20:44:26,832 - INFO -   [Sin mejora Loss] Paciencia: 2/20
2025-12-19 20:44:26,832 - INFO - Val Loss: 1.4341 Acc: 0.5020
2025-12-19 20:44:26,832 - INFO - --- Época 98/250 ---
2025-12-19 20:45:00,202 - INFO - Train Loss: 1.3347 Acc: 0.5230
2025-12-19 20:45:02,100 - INFO -   [LR] Tasa de aprendizaje actual: 0.001000
2025-12-19 20:45:02,100 - INFO -   [Sin mejora Loss] Paciencia: 3/20
2025-12-19 20:45:02,100 - INFO - Val Loss: 1.4025 Acc: 0.5000
2025-12-19 20:45:02,100 - INFO - --- Época 99/250 ---
2025-12-19 20:45:34,753 - INFO - Train Loss: 1.3106 Acc: 0.5363
2025-12-19 20:45:36,732 - INFO -   [LR] Tasa de aprendizaje actual: 0.001000
2025-12-19 20:45:36,733 - INFO -   [Mejora Loss] 1.3942 -> 1.3724. Reseteando paciencia.
2025-12-19 20:45:36,734 - INFO - Val Loss: 1.3724 Acc: 0.5100
2025-12-19 20:45:36,735 - INFO - --- Época 100/250 ---
2025-12-19 20:46:09,586 - INFO - Train Loss: 1.3264 Acc: 0.5242
2025-12-19 20:46:11,484 - INFO -   [LR] Tasa de aprendizaje actual: 0.001000
2025-12-19 20:46:11,484 - INFO -   [Sin mejora Loss] Paciencia: 1/20
2025-12-19 20:46:11,500 - INFO - Val Loss: 1.4389 Acc: 0.4790
2025-12-19 20:46:11,501 - INFO - --- Época 101/250 ---
2025-12-19 20:46:44,612 - INFO - Train Loss: 1.3306 Acc: 0.5248
2025-12-19 20:46:46,552 - INFO -   [LR] Tasa de aprendizaje actual: 0.001000
2025-12-19 20:46:46,552 - INFO -   [Sin mejora Loss] Paciencia: 2/20
2025-12-19 20:46:46,552 - INFO - Val Loss: 1.4650 Acc: 0.4750
2025-12-19 20:46:46,552 - INFO - --- Época 102/250 ---
2025-12-19 20:47:19,071 - INFO - Train Loss: 1.3228 Acc: 0.5215
2025-12-19 20:47:20,991 - INFO -   [LR] Tasa de aprendizaje actual: 0.001000
2025-12-19 20:47:20,992 - INFO -   [Sin mejora Loss] Paciencia: 3/20
2025-12-19 20:47:20,993 - INFO - Val Loss: 1.4281 Acc: 0.4830
2025-12-19 20:47:20,994 - INFO - --- Época 103/250 ---
2025-12-19 20:47:53,703 - INFO - Train Loss: 1.2987 Acc: 0.5375
2025-12-19 20:47:55,620 - INFO -   [LR] Tasa de aprendizaje actual: 0.001000
2025-12-19 20:47:55,620 - INFO -   [Mejora Loss] 1.3724 -> 1.3686. Reseteando paciencia.
2025-12-19 20:47:55,620 - INFO - Val Loss: 1.3686 Acc: 0.5100
2025-12-19 20:47:55,620 - INFO - --- Época 104/250 ---
2025-12-19 20:48:28,504 - INFO - Train Loss: 1.3042 Acc: 0.5360
2025-12-19 20:48:30,413 - INFO -   [LR] Tasa de aprendizaje actual: 0.001000
2025-12-19 20:48:30,413 - INFO -   [Sin mejora Loss] Paciencia: 1/20
2025-12-19 20:48:30,413 - INFO - Val Loss: 1.4320 Acc: 0.4800
2025-12-19 20:48:30,413 - INFO - --- Época 105/250 ---
2025-12-19 20:49:03,171 - INFO - Train Loss: 1.3288 Acc: 0.5232
2025-12-19 20:49:05,105 - INFO -   [LR] Tasa de aprendizaje actual: 0.001000
2025-12-19 20:49:05,105 - INFO -   [Sin mejora Loss] Paciencia: 2/20
2025-12-19 20:49:05,105 - INFO - Val Loss: 1.3886 Acc: 0.4980
2025-12-19 20:49:05,105 - INFO - --- Época 106/250 ---
2025-12-19 20:49:38,039 - INFO - Train Loss: 1.3161 Acc: 0.5323
2025-12-19 20:49:39,989 - INFO -   [LR] Tasa de aprendizaje actual: 0.001000
2025-12-19 20:49:39,989 - INFO -   [Sin mejora Loss] Paciencia: 3/20
2025-12-19 20:49:39,989 - INFO - Val Loss: 1.4147 Acc: 0.4830
2025-12-19 20:49:39,989 - INFO - --- Época 107/250 ---
2025-12-19 20:50:12,889 - INFO - Train Loss: 1.3012 Acc: 0.5318
2025-12-19 20:50:14,856 - INFO -   [LR] Tasa de aprendizaje actual: 0.001000
2025-12-19 20:50:14,856 - INFO -   [Sin mejora Loss] Paciencia: 4/20
2025-12-19 20:50:14,856 - INFO - Val Loss: 1.4094 Acc: 0.4900
2025-12-19 20:50:14,856 - INFO - --- Época 108/250 ---
2025-12-19 20:50:47,523 - INFO - Train Loss: 1.3018 Acc: 0.5278
2025-12-19 20:50:49,440 - INFO -   [LR] Tasa de aprendizaje actual: 0.001000
2025-12-19 20:50:49,440 - INFO -   [Sin mejora Loss] Paciencia: 5/20
2025-12-19 20:50:49,440 - INFO - Val Loss: 1.4455 Acc: 0.4780
2025-12-19 20:50:49,440 - INFO - --- Época 109/250 ---
2025-12-19 20:51:22,241 - INFO - Train Loss: 1.3268 Acc: 0.5260
2025-12-19 20:51:24,191 - INFO -   [LR] Tasa de aprendizaje actual: 0.001000
2025-12-19 20:51:24,191 - INFO -   [Sin mejora Loss] Paciencia: 6/20
2025-12-19 20:51:24,207 - INFO - Val Loss: 1.4385 Acc: 0.4670
2025-12-19 20:51:24,207 - INFO - --- Época 110/250 ---
2025-12-19 20:51:57,161 - INFO - Train Loss: 1.3217 Acc: 0.5260
2025-12-19 20:51:59,142 - INFO -   [LR] Tasa de aprendizaje actual: 0.001000
2025-12-19 20:51:59,143 - INFO -   [Sin mejora Loss] Paciencia: 7/20
2025-12-19 20:51:59,144 - INFO - Val Loss: 1.4296 Acc: 0.4920
2025-12-19 20:51:59,145 - INFO - --- Época 111/250 ---
2025-12-19 20:52:31,947 - INFO - Train Loss: 1.3032 Acc: 0.5333
2025-12-19 20:52:33,842 - INFO -   [LR] Tasa de aprendizaje actual: 0.001000
2025-12-19 20:52:33,842 - INFO -   [Sin mejora Loss] Paciencia: 8/20
2025-12-19 20:52:33,842 - INFO - Val Loss: 1.4117 Acc: 0.4840
2025-12-19 20:52:33,842 - INFO - --- Época 112/250 ---
2025-12-19 20:53:06,676 - INFO - Train Loss: 1.2506 Acc: 0.5523
2025-12-19 20:53:08,568 - INFO -   [LR] Tasa de aprendizaje actual: 0.001000
2025-12-19 20:53:08,570 - INFO -   [Sin mejora Loss] Paciencia: 9/20
2025-12-19 20:53:08,571 - INFO - Val Loss: 1.4216 Acc: 0.4860
2025-12-19 20:53:08,572 - INFO - --- Época 113/250 ---
2025-12-19 20:53:41,496 - INFO - Train Loss: 1.2662 Acc: 0.5435
2025-12-19 20:53:43,427 - INFO -   [LR] Tasa de aprendizaje actual: 0.001000
2025-12-19 20:53:43,427 - INFO -   [Sin mejora Loss] Paciencia: 10/20
2025-12-19 20:53:43,427 - INFO - Val Loss: 1.4156 Acc: 0.4880
2025-12-19 20:53:43,427 - INFO - --- Época 114/250 ---
2025-12-19 20:54:16,741 - INFO - Train Loss: 1.2460 Acc: 0.5630
2025-12-19 20:54:18,670 - INFO -   [LR] Tasa de aprendizaje actual: 0.001000
2025-12-19 20:54:18,670 - INFO -   [Sin mejora Loss] Paciencia: 11/20
2025-12-19 20:54:18,677 - INFO - Val Loss: 1.4131 Acc: 0.4970
2025-12-19 20:54:18,677 - INFO - --- Época 115/250 ---
2025-12-19 20:54:51,950 - INFO - Train Loss: 1.2911 Acc: 0.5375
2025-12-19 20:54:53,894 - INFO -   [LR] Tasa de aprendizaje actual: 0.001000
2025-12-19 20:54:53,894 - INFO -   [Sin mejora Loss] Paciencia: 12/20
2025-12-19 20:54:53,894 - INFO - Val Loss: 1.4312 Acc: 0.4850
2025-12-19 20:54:53,894 - INFO - --- Época 116/250 ---
2025-12-19 20:55:26,804 - INFO - Train Loss: 1.2845 Acc: 0.5393
2025-12-19 20:55:28,745 - INFO -   [LR] Tasa de aprendizaje actual: 0.001000
2025-12-19 20:55:28,745 - INFO -   [Sin mejora Loss] Paciencia: 13/20
2025-12-19 20:55:28,745 - INFO - Val Loss: 1.4196 Acc: 0.4690
2025-12-19 20:55:28,745 - INFO - --- Época 117/250 ---
2025-12-19 20:56:01,685 - INFO - Train Loss: 1.2863 Acc: 0.5393
2025-12-19 20:56:03,613 - INFO -   [LR] Tasa de aprendizaje actual: 0.001000
2025-12-19 20:56:03,622 - INFO -   [Sin mejora Loss] Paciencia: 14/20
2025-12-19 20:56:03,622 - INFO - Val Loss: 1.5170 Acc: 0.4400
2025-12-19 20:56:03,622 - INFO - --- Época 118/250 ---
2025-12-19 20:56:37,050 - INFO - Train Loss: 1.2708 Acc: 0.5420
2025-12-19 20:56:38,947 - INFO -   [LR] Tasa de aprendizaje actual: 0.001000
2025-12-19 20:56:38,947 - INFO -   [Sin mejora Loss] Paciencia: 15/20
2025-12-19 20:56:38,947 - INFO - Val Loss: 1.4221 Acc: 0.4940
2025-12-19 20:56:38,947 - INFO - --- Época 119/250 ---
2025-12-19 20:57:12,075 - INFO - Train Loss: 1.2419 Acc: 0.5577
2025-12-19 20:57:14,035 - INFO -   [LR] Tasa de aprendizaje actual: 0.001000
2025-12-19 20:57:14,036 - INFO -   [Sin mejora Loss] Paciencia: 16/20
2025-12-19 20:57:14,037 - INFO - Val Loss: 1.3798 Acc: 0.5200
2025-12-19 20:57:14,038 - INFO - --- Época 120/250 ---
2025-12-19 20:57:47,278 - INFO - Train Loss: 1.2778 Acc: 0.5485
2025-12-19 20:57:49,243 - INFO -   [LR] Tasa de aprendizaje actual: 0.001000
2025-12-19 20:57:49,243 - INFO -   [Sin mejora Loss] Paciencia: 17/20
2025-12-19 20:57:49,244 - INFO - Val Loss: 1.4210 Acc: 0.4870
2025-12-19 20:57:49,246 - INFO - --- Época 121/250 ---
2025-12-19 20:58:22,184 - INFO - Train Loss: 1.2544 Acc: 0.5487
2025-12-19 20:58:24,132 - INFO -   [LR] Tasa de aprendizaje actual: 0.001000
2025-12-19 20:58:24,132 - INFO -   [Sin mejora Loss] Paciencia: 18/20
2025-12-19 20:58:24,132 - INFO - Val Loss: 1.4127 Acc: 0.4860
2025-12-19 20:58:24,132 - INFO - --- Época 122/250 ---
2025-12-19 20:58:56,733 - INFO - Train Loss: 1.2540 Acc: 0.5537
2025-12-19 20:58:58,633 - INFO -   [LR] Tasa de aprendizaje actual: 0.001000
2025-12-19 20:58:58,633 - INFO -   [Sin mejora Loss] Paciencia: 19/20
2025-12-19 20:58:58,633 - INFO - Val Loss: 1.4818 Acc: 0.4620
2025-12-19 20:58:58,633 - INFO - --- Época 123/250 ---
2025-12-19 20:59:31,340 - INFO - Train Loss: 1.2582 Acc: 0.5415
2025-12-19 20:59:33,301 - INFO -   [LR] Tasa de aprendizaje actual: 0.001000
2025-12-19 20:59:33,301 - INFO -   [Sin mejora Loss] Paciencia: 20/20
2025-12-19 20:59:33,301 - INFO - ¡EARLY STOPPING ACTIVADO!
2025-12-19 20:59:33,301 - INFO - Val Loss: 1.4552 Acc: 0.4680
2025-12-19 20:59:33,301 - INFO - Entrenamiento finalizado en 72m 27s
2025-12-19 20:59:33,301 - INFO - Mejor Val Acc lograda: 0.5230
2025-12-19 20:59:38,909 - INFO - Cargando el mejor modelo para la evaluación...
2025-12-19 20:59:40,013 - INFO - 
========================================
2025-12-19 20:59:40,016 - INFO - --- INICIANDO EVALUACIÓN EN TEST SET ---
2025-12-19 20:59:40,019 - INFO - ========================================
2025-12-19 20:59:41,771 - INFO - Calculando métricas estadísticas...
2025-12-19 20:59:41,776 - INFO - Generando matriz de confusión...
2025-12-19 20:59:42,216 - INFO - Gráfico guardado en: models/sbtaylor_kan_tiny_imagenet\run_20251219_194532\confusion_matrix.png
2025-12-19 20:59:42,216 - INFO - Escribiendo reporte final...
2025-12-19 20:59:42,231 - INFO - Reporte de texto guardado en: models/sbtaylor_kan_tiny_imagenet\run_20251219_194532\test_metrics_report.txt
2025-12-19 20:59:42,231 - INFO - --- EVALUACIÓN FINALIZADA ---
