2025-12-21 19:24:41,130 - INFO - Modelo SBTAYLOR_KAN.Net importado correctamente.
2025-12-21 19:24:41,131 - INFO - Los pesos del modelo se guardarán en: 'models/sbtaylor_kan_tiny_imagenet\run_20251221_192441\sbtaylor_kan.best_weights.pth'
2025-12-21 19:24:41,132 - INFO - El registro de entrenamiento se guardará en: 'models/sbtaylor_kan_tiny_imagenet\run_20251221_192441\training_run.log'
2025-12-21 19:24:41,157 - INFO - Versión de PyTorch: 2.9.0+cu126
2025-12-21 19:24:41,158 - INFO - ¿CUDA está disponible?: True
2025-12-21 19:24:41,159 - INFO - Versión de CUDA con la que PyTorch fue compilado: 12.6
2025-12-21 19:24:41,162 - INFO - Número de GPUs disponibles: 1
2025-12-21 19:24:41,167 - INFO - Nombre de la GPU actual: NVIDIA GeForce RTX 4090
2025-12-21 19:24:41,203 - INFO - --- Hyperparámetros de Entrenamiento ---
2025-12-21 19:24:41,204 - INFO - Batch Size: 128
2025-12-21 19:24:41,207 - INFO - Num Epochs: 250
2025-12-21 19:24:41,208 - INFO - Num Workers: 4
2025-12-21 19:25:57,610 - INFO - 
Usando dispositivo: cuda
2025-12-21 19:25:58,738 - INFO - Iniciando entrenamiento por 250 épocas...
2025-12-21 19:25:58,739 - INFO - Paciencia configurada: 50 épocas.
2025-12-21 19:25:58,740 - INFO - --- Época 1/250 ---
2025-12-21 19:26:19,180 - INFO - Train Loss: 2.2953 Acc: 0.1185
2025-12-21 19:26:21,228 - INFO -   [LR] Tasa de aprendizaje actual: 0.000100
2025-12-21 19:26:21,229 - INFO -   [Mejora Loss] inf -> 2.2742. Reseteando paciencia.
2025-12-21 19:26:21,230 - INFO - Val Loss: 2.2742 Acc: 0.1580
2025-12-21 19:26:21,710 - INFO -   [Nuevo Récord Acc] Guardado en: models/sbtaylor_kan_tiny_imagenet\run_20251221_192441\best_model.pth
2025-12-21 19:26:21,712 - INFO - --- Época 2/250 ---
2025-12-21 19:26:39,862 - INFO - Train Loss: 2.2177 Acc: 0.1817
2025-12-21 19:26:41,738 - INFO -   [LR] Tasa de aprendizaje actual: 0.000100
2025-12-21 19:26:41,739 - INFO -   [Mejora Loss] 2.2742 -> 2.1685. Reseteando paciencia.
2025-12-21 19:26:41,739 - INFO - Val Loss: 2.1685 Acc: 0.2550
2025-12-21 19:26:42,153 - INFO -   [Nuevo Récord Acc] Guardado en: models/sbtaylor_kan_tiny_imagenet\run_20251221_192441\best_model.pth
2025-12-21 19:26:42,154 - INFO - --- Época 3/250 ---
2025-12-21 19:27:00,214 - INFO - Train Loss: 2.1290 Acc: 0.2300
2025-12-21 19:27:01,988 - INFO -   [LR] Tasa de aprendizaje actual: 0.000100
2025-12-21 19:27:01,989 - INFO -   [Mejora Loss] 2.1685 -> 2.0716. Reseteando paciencia.
2025-12-21 19:27:01,990 - INFO - Val Loss: 2.0716 Acc: 0.3030
2025-12-21 19:27:02,442 - INFO -   [Nuevo Récord Acc] Guardado en: models/sbtaylor_kan_tiny_imagenet\run_20251221_192441\best_model.pth
2025-12-21 19:27:02,444 - INFO - --- Época 4/250 ---
2025-12-21 19:27:20,471 - INFO - Train Loss: 2.0621 Acc: 0.2577
2025-12-21 19:27:22,347 - INFO -   [LR] Tasa de aprendizaje actual: 0.000100
2025-12-21 19:27:22,348 - INFO -   [Mejora Loss] 2.0716 -> 2.0001. Reseteando paciencia.
2025-12-21 19:27:22,349 - INFO - Val Loss: 2.0001 Acc: 0.3320
2025-12-21 19:27:22,744 - INFO -   [Nuevo Récord Acc] Guardado en: models/sbtaylor_kan_tiny_imagenet\run_20251221_192441\best_model.pth
2025-12-21 19:27:22,746 - INFO - --- Época 5/250 ---
2025-12-21 19:27:41,124 - INFO - Train Loss: 2.0149 Acc: 0.2777
2025-12-21 19:27:42,951 - INFO -   [LR] Tasa de aprendizaje actual: 0.000100
2025-12-21 19:27:42,952 - INFO -   [Mejora Loss] 2.0001 -> 1.9681. Reseteando paciencia.
2025-12-21 19:27:42,953 - INFO - Val Loss: 1.9681 Acc: 0.3350
2025-12-21 19:27:43,374 - INFO -   [Nuevo Récord Acc] Guardado en: models/sbtaylor_kan_tiny_imagenet\run_20251221_192441\best_model.pth
2025-12-21 19:27:43,375 - INFO - --- Época 6/250 ---
2025-12-21 19:28:01,124 - INFO - Train Loss: 1.9878 Acc: 0.2735
2025-12-21 19:28:03,003 - INFO -   [LR] Tasa de aprendizaje actual: 0.000100
2025-12-21 19:28:03,005 - INFO -   [Mejora Loss] 1.9681 -> 1.9324. Reseteando paciencia.
2025-12-21 19:28:03,006 - INFO - Val Loss: 1.9324 Acc: 0.3670
2025-12-21 19:28:03,428 - INFO -   [Nuevo Récord Acc] Guardado en: models/sbtaylor_kan_tiny_imagenet\run_20251221_192441\best_model.pth
2025-12-21 19:28:03,430 - INFO - --- Época 7/250 ---
2025-12-21 19:28:21,575 - INFO - Train Loss: 1.9457 Acc: 0.2970
2025-12-21 19:28:23,450 - INFO -   [LR] Tasa de aprendizaje actual: 0.000100
2025-12-21 19:28:23,451 - INFO -   [Mejora Loss] 1.9324 -> 1.8793. Reseteando paciencia.
2025-12-21 19:28:23,452 - INFO - Val Loss: 1.8793 Acc: 0.3800
2025-12-21 19:28:23,868 - INFO -   [Nuevo Récord Acc] Guardado en: models/sbtaylor_kan_tiny_imagenet\run_20251221_192441\best_model.pth
2025-12-21 19:28:23,869 - INFO - --- Época 8/250 ---
2025-12-21 19:28:42,192 - INFO - Train Loss: 1.9134 Acc: 0.3183
2025-12-21 19:28:44,293 - INFO -   [LR] Tasa de aprendizaje actual: 0.000100
2025-12-21 19:28:44,295 - INFO -   [Mejora Loss] 1.8793 -> 1.8670. Reseteando paciencia.
2025-12-21 19:28:44,296 - INFO - Val Loss: 1.8670 Acc: 0.3950
2025-12-21 19:28:44,766 - INFO -   [Nuevo Récord Acc] Guardado en: models/sbtaylor_kan_tiny_imagenet\run_20251221_192441\best_model.pth
2025-12-21 19:28:44,768 - INFO - --- Época 9/250 ---
2025-12-21 19:29:10,527 - INFO - Train Loss: 1.8803 Acc: 0.3262
2025-12-21 19:29:13,145 - INFO -   [LR] Tasa de aprendizaje actual: 0.000100
2025-12-21 19:29:13,146 - INFO -   [Mejora Loss] 1.8670 -> 1.8255. Reseteando paciencia.
2025-12-21 19:29:13,147 - INFO - Val Loss: 1.8255 Acc: 0.3990
2025-12-21 19:29:13,653 - INFO -   [Nuevo Récord Acc] Guardado en: models/sbtaylor_kan_tiny_imagenet\run_20251221_192441\best_model.pth
2025-12-21 19:29:13,654 - INFO - --- Época 10/250 ---
2025-12-21 19:29:39,438 - INFO - Train Loss: 1.8435 Acc: 0.3350
2025-12-21 19:29:42,029 - INFO -   [LR] Tasa de aprendizaje actual: 0.000100
2025-12-21 19:29:42,030 - INFO -   [Mejora Loss] 1.8255 -> 1.8186. Reseteando paciencia.
2025-12-21 19:29:42,031 - INFO - Val Loss: 1.8186 Acc: 0.4060
2025-12-21 19:29:42,533 - INFO -   [Nuevo Récord Acc] Guardado en: models/sbtaylor_kan_tiny_imagenet\run_20251221_192441\best_model.pth
2025-12-21 19:29:42,534 - INFO - --- Época 11/250 ---
2025-12-21 19:30:07,834 - INFO - Train Loss: 1.8292 Acc: 0.3407
2025-12-21 19:30:10,564 - INFO -   [LR] Tasa de aprendizaje actual: 0.000100
2025-12-21 19:30:10,565 - INFO -   [Mejora Loss] 1.8186 -> 1.7968. Reseteando paciencia.
2025-12-21 19:30:10,566 - INFO - Val Loss: 1.7968 Acc: 0.4000
2025-12-21 19:30:10,568 - INFO - --- Época 12/250 ---
2025-12-21 19:30:36,258 - INFO - Train Loss: 1.8116 Acc: 0.3550
2025-12-21 19:30:39,110 - INFO -   [LR] Tasa de aprendizaje actual: 0.000100
2025-12-21 19:30:39,111 - INFO -   [Mejora Loss] 1.7968 -> 1.7524. Reseteando paciencia.
2025-12-21 19:30:39,112 - INFO - Val Loss: 1.7524 Acc: 0.4360
2025-12-21 19:30:39,619 - INFO -   [Nuevo Récord Acc] Guardado en: models/sbtaylor_kan_tiny_imagenet\run_20251221_192441\best_model.pth
2025-12-21 19:30:39,620 - INFO - --- Época 13/250 ---
2025-12-21 19:31:02,874 - INFO - Train Loss: 1.7657 Acc: 0.3708
2025-12-21 19:31:05,741 - INFO -   [LR] Tasa de aprendizaje actual: 0.000100
2025-12-21 19:31:05,742 - INFO -   [Mejora Loss] 1.7524 -> 1.7119. Reseteando paciencia.
2025-12-21 19:31:05,744 - INFO - Val Loss: 1.7119 Acc: 0.4350
2025-12-21 19:31:05,745 - INFO - --- Época 14/250 ---
2025-12-21 19:31:31,131 - INFO - Train Loss: 1.7461 Acc: 0.3833
2025-12-21 19:31:33,890 - INFO -   [LR] Tasa de aprendizaje actual: 0.000100
2025-12-21 19:31:33,894 - INFO -   [Mejora Loss] 1.7119 -> 1.6749. Reseteando paciencia.
2025-12-21 19:31:33,896 - INFO - Val Loss: 1.6749 Acc: 0.4320
2025-12-21 19:31:33,898 - INFO - --- Época 15/250 ---
2025-12-21 19:32:00,457 - INFO - Train Loss: 1.7417 Acc: 0.3773
2025-12-21 19:32:03,315 - INFO -   [LR] Tasa de aprendizaje actual: 0.000100
2025-12-21 19:32:03,316 - INFO -   [Sin mejora Loss] Paciencia: 1/50
2025-12-21 19:32:03,318 - INFO - Val Loss: 1.6787 Acc: 0.4580
2025-12-21 19:32:04,041 - INFO -   [Nuevo Récord Acc] Guardado en: models/sbtaylor_kan_tiny_imagenet\run_20251221_192441\best_model.pth
2025-12-21 19:32:04,042 - INFO - --- Época 16/250 ---
2025-12-21 19:32:33,310 - INFO - Train Loss: 1.7354 Acc: 0.3862
2025-12-21 19:32:37,026 - INFO -   [LR] Tasa de aprendizaje actual: 0.000100
2025-12-21 19:32:37,027 - INFO -   [Sin mejora Loss] Paciencia: 2/50
2025-12-21 19:32:37,028 - INFO - Val Loss: 1.6754 Acc: 0.4350
2025-12-21 19:32:37,029 - INFO - --- Época 17/250 ---
2025-12-21 19:33:07,540 - INFO - Train Loss: 1.6838 Acc: 0.4098
2025-12-21 19:33:11,353 - INFO -   [LR] Tasa de aprendizaje actual: 0.000100
2025-12-21 19:33:11,354 - INFO -   [Mejora Loss] 1.6749 -> 1.6611. Reseteando paciencia.
2025-12-21 19:33:11,355 - INFO - Val Loss: 1.6611 Acc: 0.4270
2025-12-21 19:33:11,356 - INFO - --- Época 18/250 ---
2025-12-21 19:33:38,831 - INFO - Train Loss: 1.6708 Acc: 0.4065
2025-12-21 19:33:41,853 - INFO -   [LR] Tasa de aprendizaje actual: 0.000100
2025-12-21 19:33:41,854 - INFO -   [Mejora Loss] 1.6611 -> 1.5942. Reseteando paciencia.
2025-12-21 19:33:41,855 - INFO - Val Loss: 1.5942 Acc: 0.4610
2025-12-21 19:33:42,409 - INFO -   [Nuevo Récord Acc] Guardado en: models/sbtaylor_kan_tiny_imagenet\run_20251221_192441\best_model.pth
2025-12-21 19:33:42,410 - INFO - --- Época 19/250 ---
2025-12-21 19:34:08,801 - INFO - Train Loss: 1.6571 Acc: 0.4195
2025-12-21 19:34:11,642 - INFO -   [LR] Tasa de aprendizaje actual: 0.000100
2025-12-21 19:34:11,643 - INFO -   [Mejora Loss] 1.5942 -> 1.5776. Reseteando paciencia.
2025-12-21 19:34:11,644 - INFO - Val Loss: 1.5776 Acc: 0.4540
2025-12-21 19:34:11,646 - INFO - --- Época 20/250 ---
2025-12-21 19:34:37,773 - INFO - Train Loss: 1.6367 Acc: 0.4245
2025-12-21 19:34:40,674 - INFO -   [LR] Tasa de aprendizaje actual: 0.000100
2025-12-21 19:34:40,676 - INFO -   [Mejora Loss] 1.5776 -> 1.5684. Reseteando paciencia.
2025-12-21 19:34:40,676 - INFO - Val Loss: 1.5684 Acc: 0.4670
2025-12-21 19:34:41,209 - INFO -   [Nuevo Récord Acc] Guardado en: models/sbtaylor_kan_tiny_imagenet\run_20251221_192441\best_model.pth
2025-12-21 19:34:41,210 - INFO - --- Época 21/250 ---
2025-12-21 19:35:07,417 - INFO - Train Loss: 1.6062 Acc: 0.4340
2025-12-21 19:35:10,191 - INFO -   [LR] Tasa de aprendizaje actual: 0.000100
2025-12-21 19:35:10,226 - INFO -   [Sin mejora Loss] Paciencia: 1/50
2025-12-21 19:35:10,230 - INFO - Val Loss: 1.5904 Acc: 0.4440
2025-12-21 19:35:10,233 - INFO - --- Época 22/250 ---
2025-12-21 19:35:36,061 - INFO - Train Loss: 1.6071 Acc: 0.4420
2025-12-21 19:35:38,878 - INFO -   [LR] Tasa de aprendizaje actual: 0.000100
2025-12-21 19:35:38,879 - INFO -   [Sin mejora Loss] Paciencia: 2/50
2025-12-21 19:35:38,880 - INFO - Val Loss: 1.5881 Acc: 0.4440
2025-12-21 19:35:38,882 - INFO - --- Época 23/250 ---
2025-12-21 19:36:04,950 - INFO - Train Loss: 1.6027 Acc: 0.4413
2025-12-21 19:36:07,785 - INFO -   [LR] Tasa de aprendizaje actual: 0.000100
2025-12-21 19:36:07,786 - INFO -   [Mejora Loss] 1.5684 -> 1.5438. Reseteando paciencia.
2025-12-21 19:36:07,788 - INFO - Val Loss: 1.5438 Acc: 0.4790
2025-12-21 19:36:08,341 - INFO -   [Nuevo Récord Acc] Guardado en: models/sbtaylor_kan_tiny_imagenet\run_20251221_192441\best_model.pth
2025-12-21 19:36:08,343 - INFO - --- Época 24/250 ---
2025-12-21 19:36:34,237 - INFO - Train Loss: 1.5643 Acc: 0.4470
2025-12-21 19:36:37,091 - INFO -   [LR] Tasa de aprendizaje actual: 0.000100
2025-12-21 19:36:37,092 - INFO -   [Sin mejora Loss] Paciencia: 1/50
2025-12-21 19:36:37,093 - INFO - Val Loss: 1.5477 Acc: 0.4570
2025-12-21 19:36:37,094 - INFO - --- Época 25/250 ---
2025-12-21 19:37:02,618 - INFO - Train Loss: 1.5658 Acc: 0.4423
2025-12-21 19:37:05,498 - INFO -   [LR] Tasa de aprendizaje actual: 0.000100
2025-12-21 19:37:05,499 - INFO -   [Mejora Loss] 1.5438 -> 1.5284. Reseteando paciencia.
2025-12-21 19:37:05,501 - INFO - Val Loss: 1.5284 Acc: 0.4720
2025-12-21 19:37:05,502 - INFO - --- Época 26/250 ---
2025-12-21 19:37:30,859 - INFO - Train Loss: 1.5559 Acc: 0.4557
2025-12-21 19:37:33,818 - INFO -   [LR] Tasa de aprendizaje actual: 0.000100
2025-12-21 19:37:33,819 - INFO -   [Mejora Loss] 1.5284 -> 1.5040. Reseteando paciencia.
2025-12-21 19:37:33,820 - INFO - Val Loss: 1.5040 Acc: 0.4830
2025-12-21 19:37:34,360 - INFO -   [Nuevo Récord Acc] Guardado en: models/sbtaylor_kan_tiny_imagenet\run_20251221_192441\best_model.pth
2025-12-21 19:37:34,361 - INFO - --- Época 27/250 ---
2025-12-21 19:37:59,774 - INFO - Train Loss: 1.5470 Acc: 0.4718
2025-12-21 19:38:02,638 - INFO -   [LR] Tasa de aprendizaje actual: 0.000100
2025-12-21 19:38:02,639 - INFO -   [Sin mejora Loss] Paciencia: 1/50
2025-12-21 19:38:02,640 - INFO - Val Loss: 1.5382 Acc: 0.4690
2025-12-21 19:38:02,641 - INFO - --- Época 28/250 ---
2025-12-21 19:38:28,288 - INFO - Train Loss: 1.5366 Acc: 0.4617
2025-12-21 19:38:30,955 - INFO -   [LR] Tasa de aprendizaje actual: 0.000100
2025-12-21 19:38:30,956 - INFO -   [Mejora Loss] 1.5040 -> 1.4771. Reseteando paciencia.
2025-12-21 19:38:30,958 - INFO - Val Loss: 1.4771 Acc: 0.4840
2025-12-21 19:38:31,486 - INFO -   [Nuevo Récord Acc] Guardado en: models/sbtaylor_kan_tiny_imagenet\run_20251221_192441\best_model.pth
2025-12-21 19:38:31,488 - INFO - --- Época 29/250 ---
2025-12-21 19:38:54,897 - INFO - Train Loss: 1.5049 Acc: 0.4873
2025-12-21 19:38:56,867 - INFO -   [LR] Tasa de aprendizaje actual: 0.000100
2025-12-21 19:38:56,868 - INFO -   [Mejora Loss] 1.4771 -> 1.4653. Reseteando paciencia.
2025-12-21 19:38:56,869 - INFO - Val Loss: 1.4653 Acc: 0.4910
2025-12-21 19:38:57,327 - INFO -   [Nuevo Récord Acc] Guardado en: models/sbtaylor_kan_tiny_imagenet\run_20251221_192441\best_model.pth
2025-12-21 19:38:57,328 - INFO - --- Época 30/250 ---
2025-12-21 19:39:21,726 - INFO - Train Loss: 1.5059 Acc: 0.4723
2025-12-21 19:39:24,482 - INFO -   [LR] Tasa de aprendizaje actual: 0.000100
2025-12-21 19:39:24,483 - INFO -   [Mejora Loss] 1.4653 -> 1.4549. Reseteando paciencia.
2025-12-21 19:39:24,487 - INFO - Val Loss: 1.4549 Acc: 0.4990
2025-12-21 19:39:25,151 - INFO -   [Nuevo Récord Acc] Guardado en: models/sbtaylor_kan_tiny_imagenet\run_20251221_192441\best_model.pth
2025-12-21 19:39:25,152 - INFO - --- Época 31/250 ---
2025-12-21 19:39:51,053 - INFO - Train Loss: 1.4962 Acc: 0.4805
2025-12-21 19:39:53,863 - INFO -   [LR] Tasa de aprendizaje actual: 0.000100
2025-12-21 19:39:53,864 - INFO -   [Sin mejora Loss] Paciencia: 1/50
2025-12-21 19:39:53,868 - INFO - Val Loss: 1.5079 Acc: 0.4770
2025-12-21 19:39:53,870 - INFO - --- Época 32/250 ---
2025-12-21 19:40:19,322 - INFO - Train Loss: 1.4867 Acc: 0.4880
2025-12-21 19:40:22,153 - INFO -   [LR] Tasa de aprendizaje actual: 0.000100
2025-12-21 19:40:22,154 - INFO -   [Mejora Loss] 1.4549 -> 1.4447. Reseteando paciencia.
2025-12-21 19:40:22,155 - INFO - Val Loss: 1.4447 Acc: 0.5010
2025-12-21 19:40:22,679 - INFO -   [Nuevo Récord Acc] Guardado en: models/sbtaylor_kan_tiny_imagenet\run_20251221_192441\best_model.pth
2025-12-21 19:40:22,681 - INFO - --- Época 33/250 ---
2025-12-21 19:40:48,586 - INFO - Train Loss: 1.4687 Acc: 0.4898
2025-12-21 19:40:51,335 - INFO -   [LR] Tasa de aprendizaje actual: 0.000100
2025-12-21 19:40:51,335 - INFO -   [Sin mejora Loss] Paciencia: 1/50
2025-12-21 19:40:51,336 - INFO - Val Loss: 1.4510 Acc: 0.5060
2025-12-21 19:40:51,867 - INFO -   [Nuevo Récord Acc] Guardado en: models/sbtaylor_kan_tiny_imagenet\run_20251221_192441\best_model.pth
2025-12-21 19:40:51,869 - INFO - --- Época 34/250 ---
2025-12-21 19:41:15,864 - INFO - Train Loss: 1.4733 Acc: 0.4763
2025-12-21 19:41:17,926 - INFO -   [LR] Tasa de aprendizaje actual: 0.000100
2025-12-21 19:41:17,927 - INFO -   [Sin mejora Loss] Paciencia: 2/50
2025-12-21 19:41:17,928 - INFO - Val Loss: 1.4574 Acc: 0.4880
2025-12-21 19:41:17,930 - INFO - --- Época 35/250 ---
2025-12-21 19:41:43,677 - INFO - Train Loss: 1.4687 Acc: 0.4883
2025-12-21 19:41:46,517 - INFO -   [LR] Tasa de aprendizaje actual: 0.000100
2025-12-21 19:41:46,519 - INFO -   [Mejora Loss] 1.4447 -> 1.4276. Reseteando paciencia.
2025-12-21 19:41:46,521 - INFO - Val Loss: 1.4276 Acc: 0.5050
2025-12-21 19:41:46,524 - INFO - --- Época 36/250 ---
2025-12-21 19:42:12,330 - INFO - Train Loss: 1.4698 Acc: 0.4960
2025-12-21 19:42:15,190 - INFO -   [LR] Tasa de aprendizaje actual: 0.000100
2025-12-21 19:42:15,191 - INFO -   [Sin mejora Loss] Paciencia: 1/50
2025-12-21 19:42:15,193 - INFO - Val Loss: 1.4371 Acc: 0.4940
2025-12-21 19:42:15,195 - INFO - --- Época 37/250 ---
2025-12-21 19:42:40,946 - INFO - Train Loss: 1.4389 Acc: 0.4993
2025-12-21 19:42:43,633 - INFO -   [LR] Tasa de aprendizaje actual: 0.000100
2025-12-21 19:42:43,634 - INFO -   [Sin mejora Loss] Paciencia: 2/50
2025-12-21 19:42:43,635 - INFO - Val Loss: 1.4409 Acc: 0.5060
2025-12-21 19:42:43,636 - INFO - --- Época 38/250 ---
2025-12-21 19:43:09,724 - INFO - Train Loss: 1.4363 Acc: 0.4995
2025-12-21 19:43:12,602 - INFO -   [LR] Tasa de aprendizaje actual: 0.000100
2025-12-21 19:43:12,602 - INFO -   [Mejora Loss] 1.4276 -> 1.4149. Reseteando paciencia.
2025-12-21 19:43:12,604 - INFO - Val Loss: 1.4149 Acc: 0.4960
2025-12-21 19:43:12,605 - INFO - --- Época 39/250 ---
2025-12-21 19:43:36,691 - INFO - Train Loss: 1.4379 Acc: 0.5002
2025-12-21 19:43:39,558 - INFO -   [LR] Tasa de aprendizaje actual: 0.000100
2025-12-21 19:43:39,559 - INFO -   [Sin mejora Loss] Paciencia: 1/50
2025-12-21 19:43:39,560 - INFO - Val Loss: 1.4382 Acc: 0.5060
2025-12-21 19:43:39,562 - INFO - --- Época 40/250 ---
2025-12-21 19:44:05,489 - INFO - Train Loss: 1.4177 Acc: 0.5105
2025-12-21 19:44:08,237 - INFO -   [LR] Tasa de aprendizaje actual: 0.000100
2025-12-21 19:44:08,238 - INFO -   [Mejora Loss] 1.4149 -> 1.4035. Reseteando paciencia.
2025-12-21 19:44:08,244 - INFO - Val Loss: 1.4035 Acc: 0.5090
2025-12-21 19:44:08,917 - INFO -   [Nuevo Récord Acc] Guardado en: models/sbtaylor_kan_tiny_imagenet\run_20251221_192441\best_model.pth
2025-12-21 19:44:08,918 - INFO - --- Época 41/250 ---
2025-12-21 19:44:34,955 - INFO - Train Loss: 1.4021 Acc: 0.5140
2025-12-21 19:44:37,681 - INFO -   [LR] Tasa de aprendizaje actual: 0.000100
2025-12-21 19:44:37,682 - INFO -   [Mejora Loss] 1.4035 -> 1.3817. Reseteando paciencia.
2025-12-21 19:44:37,683 - INFO - Val Loss: 1.3817 Acc: 0.5240
2025-12-21 19:44:38,225 - INFO -   [Nuevo Récord Acc] Guardado en: models/sbtaylor_kan_tiny_imagenet\run_20251221_192441\best_model.pth
2025-12-21 19:44:38,227 - INFO - --- Época 42/250 ---
2025-12-21 19:45:04,296 - INFO - Train Loss: 1.4341 Acc: 0.5045
2025-12-21 19:45:07,042 - INFO -   [LR] Tasa de aprendizaje actual: 0.000100
2025-12-21 19:45:07,043 - INFO -   [Sin mejora Loss] Paciencia: 1/50
2025-12-21 19:45:07,044 - INFO - Val Loss: 1.4385 Acc: 0.5220
2025-12-21 19:45:07,046 - INFO - --- Época 43/250 ---
2025-12-21 19:45:32,138 - INFO - Train Loss: 1.3944 Acc: 0.5182
2025-12-21 19:45:33,967 - INFO -   [LR] Tasa de aprendizaje actual: 0.000100
2025-12-21 19:45:33,969 - INFO -   [Mejora Loss] 1.3817 -> 1.3729. Reseteando paciencia.
2025-12-21 19:45:33,970 - INFO - Val Loss: 1.3729 Acc: 0.5310
2025-12-21 19:45:34,387 - INFO -   [Nuevo Récord Acc] Guardado en: models/sbtaylor_kan_tiny_imagenet\run_20251221_192441\best_model.pth
2025-12-21 19:45:34,388 - INFO - --- Época 44/250 ---
2025-12-21 19:45:52,037 - INFO - Train Loss: 1.4007 Acc: 0.5118
2025-12-21 19:45:53,938 - INFO -   [LR] Tasa de aprendizaje actual: 0.000100
2025-12-21 19:45:53,939 - INFO -   [Sin mejora Loss] Paciencia: 1/50
2025-12-21 19:45:53,940 - INFO - Val Loss: 1.4246 Acc: 0.5100
2025-12-21 19:45:53,941 - INFO - --- Época 45/250 ---
2025-12-21 19:46:11,945 - INFO - Train Loss: 1.3849 Acc: 0.5190
2025-12-21 19:46:13,827 - INFO -   [LR] Tasa de aprendizaje actual: 0.000100
2025-12-21 19:46:13,828 - INFO -   [Sin mejora Loss] Paciencia: 2/50
2025-12-21 19:46:13,829 - INFO - Val Loss: 1.3801 Acc: 0.5190
2025-12-21 19:46:13,830 - INFO - --- Época 46/250 ---
2025-12-21 19:46:31,565 - INFO - Train Loss: 1.3818 Acc: 0.5272
2025-12-21 19:46:33,474 - INFO -   [LR] Tasa de aprendizaje actual: 0.000100
2025-12-21 19:46:33,475 - INFO -   [Mejora Loss] 1.3729 -> 1.3495. Reseteando paciencia.
2025-12-21 19:46:33,476 - INFO - Val Loss: 1.3495 Acc: 0.5320
2025-12-21 19:46:33,894 - INFO -   [Nuevo Récord Acc] Guardado en: models/sbtaylor_kan_tiny_imagenet\run_20251221_192441\best_model.pth
2025-12-21 19:46:33,896 - INFO - --- Época 47/250 ---
2025-12-21 19:46:51,633 - INFO - Train Loss: 1.3822 Acc: 0.5195
2025-12-21 19:46:53,571 - INFO -   [LR] Tasa de aprendizaje actual: 0.000100
2025-12-21 19:46:53,571 - INFO -   [Sin mejora Loss] Paciencia: 1/50
2025-12-21 19:46:53,572 - INFO - Val Loss: 1.3718 Acc: 0.5290
2025-12-21 19:46:53,573 - INFO - --- Época 48/250 ---
2025-12-21 19:47:11,692 - INFO - Train Loss: 1.3792 Acc: 0.5278
2025-12-21 19:47:13,568 - INFO -   [LR] Tasa de aprendizaje actual: 0.000100
2025-12-21 19:47:13,569 - INFO -   [Sin mejora Loss] Paciencia: 2/50
2025-12-21 19:47:13,570 - INFO - Val Loss: 1.3735 Acc: 0.5290
2025-12-21 19:47:13,571 - INFO - --- Época 49/250 ---
2025-12-21 19:47:31,409 - INFO - Train Loss: 1.3326 Acc: 0.5395
2025-12-21 19:47:33,271 - INFO -   [LR] Tasa de aprendizaje actual: 0.000100
2025-12-21 19:47:33,271 - INFO -   [Sin mejora Loss] Paciencia: 3/50
2025-12-21 19:47:33,272 - INFO - Val Loss: 1.3589 Acc: 0.5240
2025-12-21 19:47:33,273 - INFO - --- Época 50/250 ---
2025-12-21 19:47:51,445 - INFO - Train Loss: 1.3555 Acc: 0.5262
2025-12-21 19:47:53,599 - INFO -   [LR] Tasa de aprendizaje actual: 0.000100
2025-12-21 19:47:53,600 - INFO -   [Sin mejora Loss] Paciencia: 4/50
2025-12-21 19:47:53,602 - INFO - Val Loss: 1.3634 Acc: 0.5180
2025-12-21 19:47:53,603 - INFO - --- Época 51/250 ---
2025-12-21 19:48:16,793 - INFO - Train Loss: 1.3680 Acc: 0.5228
2025-12-21 19:48:19,794 - INFO -   [LR] Tasa de aprendizaje actual: 0.000100
2025-12-21 19:48:19,795 - INFO -   [Mejora Loss] 1.3495 -> 1.3491. Reseteando paciencia.
2025-12-21 19:48:19,797 - INFO - Val Loss: 1.3491 Acc: 0.5240
2025-12-21 19:48:19,798 - INFO - --- Época 52/250 ---
2025-12-21 19:48:46,239 - INFO - Train Loss: 1.3478 Acc: 0.5343
2025-12-21 19:48:49,071 - INFO -   [LR] Tasa de aprendizaje actual: 0.000100
2025-12-21 19:48:49,071 - INFO -   [Sin mejora Loss] Paciencia: 1/50
2025-12-21 19:48:49,074 - INFO - Val Loss: 1.3631 Acc: 0.5230
2025-12-21 19:48:49,075 - INFO - --- Época 53/250 ---
2025-12-21 19:49:15,296 - INFO - Train Loss: 1.3388 Acc: 0.5375
2025-12-21 19:49:18,235 - INFO -   [LR] Tasa de aprendizaje actual: 0.000100
2025-12-21 19:49:18,237 - INFO -   [Sin mejora Loss] Paciencia: 2/50
2025-12-21 19:49:18,238 - INFO - Val Loss: 1.3589 Acc: 0.5250
2025-12-21 19:49:18,239 - INFO - --- Época 54/250 ---
2025-12-21 19:49:44,691 - INFO - Train Loss: 1.3580 Acc: 0.5338
2025-12-21 19:49:47,694 - INFO -   [LR] Tasa de aprendizaje actual: 0.000100
2025-12-21 19:49:47,695 - INFO -   [Sin mejora Loss] Paciencia: 3/50
2025-12-21 19:49:47,697 - INFO - Val Loss: 1.3804 Acc: 0.5100
2025-12-21 19:49:47,698 - INFO - --- Época 55/250 ---
2025-12-21 19:50:11,566 - INFO - Train Loss: 1.3360 Acc: 0.5438
2025-12-21 19:50:14,386 - INFO -   [LR] Tasa de aprendizaje actual: 0.000100
2025-12-21 19:50:14,387 - INFO -   [Sin mejora Loss] Paciencia: 4/50
2025-12-21 19:50:14,388 - INFO - Val Loss: 1.3505 Acc: 0.5360
2025-12-21 19:50:14,886 - INFO -   [Nuevo Récord Acc] Guardado en: models/sbtaylor_kan_tiny_imagenet\run_20251221_192441\best_model.pth
2025-12-21 19:50:14,890 - INFO - --- Época 56/250 ---
2025-12-21 19:50:41,276 - INFO - Train Loss: 1.3402 Acc: 0.5315
2025-12-21 19:50:44,165 - INFO -   [LR] Tasa de aprendizaje actual: 0.000100
2025-12-21 19:50:44,166 - INFO -   [Sin mejora Loss] Paciencia: 5/50
2025-12-21 19:50:44,168 - INFO - Val Loss: 1.3805 Acc: 0.5240
2025-12-21 19:50:44,169 - INFO - --- Época 57/250 ---
2025-12-21 19:51:10,632 - INFO - Train Loss: 1.3447 Acc: 0.5380
2025-12-21 19:51:13,475 - INFO -   [LR] Tasa de aprendizaje actual: 0.000050
2025-12-21 19:51:13,476 - INFO -   [Sin mejora Loss] Paciencia: 6/50
2025-12-21 19:51:13,477 - INFO - Val Loss: 1.3530 Acc: 0.5330
2025-12-21 19:51:13,478 - INFO - --- Época 58/250 ---
2025-12-21 19:51:39,950 - INFO - Train Loss: 1.3029 Acc: 0.5467
2025-12-21 19:51:42,981 - INFO -   [LR] Tasa de aprendizaje actual: 0.000050
2025-12-21 19:51:42,981 - INFO -   [Mejora Loss] 1.3491 -> 1.3348. Reseteando paciencia.
2025-12-21 19:51:42,982 - INFO - Val Loss: 1.3348 Acc: 0.5340
2025-12-21 19:51:42,984 - INFO - --- Época 59/250 ---
2025-12-21 19:52:07,268 - INFO - Train Loss: 1.3045 Acc: 0.5433
2025-12-21 19:52:09,891 - INFO -   [LR] Tasa de aprendizaje actual: 0.000050
2025-12-21 19:52:09,892 - INFO -   [Mejora Loss] 1.3348 -> 1.3228. Reseteando paciencia.
2025-12-21 19:52:09,894 - INFO - Val Loss: 1.3228 Acc: 0.5340
2025-12-21 19:52:09,895 - INFO - --- Época 60/250 ---
2025-12-21 19:52:36,101 - INFO - Train Loss: 1.2907 Acc: 0.5533
2025-12-21 19:52:38,996 - INFO -   [LR] Tasa de aprendizaje actual: 0.000050
2025-12-21 19:52:38,997 - INFO -   [Mejora Loss] 1.3228 -> 1.3020. Reseteando paciencia.
2025-12-21 19:52:38,999 - INFO - Val Loss: 1.3020 Acc: 0.5480
2025-12-21 19:52:39,543 - INFO -   [Nuevo Récord Acc] Guardado en: models/sbtaylor_kan_tiny_imagenet\run_20251221_192441\best_model.pth
2025-12-21 19:52:39,544 - INFO - --- Época 61/250 ---
2025-12-21 19:53:05,603 - INFO - Train Loss: 1.2877 Acc: 0.5577
2025-12-21 19:53:08,429 - INFO -   [LR] Tasa de aprendizaje actual: 0.000050
2025-12-21 19:53:08,430 - INFO -   [Sin mejora Loss] Paciencia: 1/50
2025-12-21 19:53:08,432 - INFO - Val Loss: 1.3110 Acc: 0.5550
2025-12-21 19:53:08,955 - INFO -   [Nuevo Récord Acc] Guardado en: models/sbtaylor_kan_tiny_imagenet\run_20251221_192441\best_model.pth
2025-12-21 19:53:08,956 - INFO - --- Época 62/250 ---
2025-12-21 19:53:35,504 - INFO - Train Loss: 1.2798 Acc: 0.5563
2025-12-21 19:53:38,224 - INFO -   [LR] Tasa de aprendizaje actual: 0.000050
2025-12-21 19:53:38,226 - INFO -   [Sin mejora Loss] Paciencia: 2/50
2025-12-21 19:53:38,228 - INFO - Val Loss: 1.3287 Acc: 0.5320
2025-12-21 19:53:38,231 - INFO - --- Época 63/250 ---
2025-12-21 19:54:01,845 - INFO - Train Loss: 1.2924 Acc: 0.5535
2025-12-21 19:54:03,894 - INFO -   [LR] Tasa de aprendizaje actual: 0.000050
2025-12-21 19:54:03,895 - INFO -   [Sin mejora Loss] Paciencia: 3/50
2025-12-21 19:54:03,897 - INFO - Val Loss: 1.3093 Acc: 0.5420
2025-12-21 19:54:03,897 - INFO - --- Época 64/250 ---
2025-12-21 19:54:21,563 - INFO - Train Loss: 1.2782 Acc: 0.5575
2025-12-21 19:54:23,382 - INFO -   [LR] Tasa de aprendizaje actual: 0.000050
2025-12-21 19:54:23,383 - INFO -   [Mejora Loss] 1.3020 -> 1.2990. Reseteando paciencia.
2025-12-21 19:54:23,384 - INFO - Val Loss: 1.2990 Acc: 0.5670
2025-12-21 19:54:23,824 - INFO -   [Nuevo Récord Acc] Guardado en: models/sbtaylor_kan_tiny_imagenet\run_20251221_192441\best_model.pth
2025-12-21 19:54:23,826 - INFO - --- Época 65/250 ---
2025-12-21 19:54:41,464 - INFO - Train Loss: 1.2605 Acc: 0.5620
2025-12-21 19:54:43,385 - INFO -   [LR] Tasa de aprendizaje actual: 0.000050
2025-12-21 19:54:43,386 - INFO -   [Sin mejora Loss] Paciencia: 1/50
2025-12-21 19:54:43,387 - INFO - Val Loss: 1.3006 Acc: 0.5590
2025-12-21 19:54:43,388 - INFO - --- Época 66/250 ---
2025-12-21 19:55:01,430 - INFO - Train Loss: 1.2748 Acc: 0.5585
2025-12-21 19:55:03,641 - INFO -   [LR] Tasa de aprendizaje actual: 0.000050
2025-12-21 19:55:03,642 - INFO -   [Sin mejora Loss] Paciencia: 2/50
2025-12-21 19:55:03,644 - INFO - Val Loss: 1.3108 Acc: 0.5530
2025-12-21 19:55:03,646 - INFO - --- Época 67/250 ---
2025-12-21 19:55:22,102 - INFO - Train Loss: 1.2583 Acc: 0.5603
2025-12-21 19:55:23,895 - INFO -   [LR] Tasa de aprendizaje actual: 0.000050
2025-12-21 19:55:23,896 - INFO -   [Sin mejora Loss] Paciencia: 3/50
2025-12-21 19:55:23,897 - INFO - Val Loss: 1.3000 Acc: 0.5620
2025-12-21 19:55:23,898 - INFO - --- Época 68/250 ---
2025-12-21 19:55:41,586 - INFO - Train Loss: 1.2665 Acc: 0.5570
2025-12-21 19:55:43,539 - INFO -   [LR] Tasa de aprendizaje actual: 0.000050
2025-12-21 19:55:43,540 - INFO -   [Sin mejora Loss] Paciencia: 4/50
2025-12-21 19:55:43,542 - INFO - Val Loss: 1.3116 Acc: 0.5510
2025-12-21 19:55:43,543 - INFO - --- Época 69/250 ---
2025-12-21 19:56:03,213 - INFO - Train Loss: 1.2607 Acc: 0.5617
2025-12-21 19:56:05,422 - INFO -   [LR] Tasa de aprendizaje actual: 0.000050
2025-12-21 19:56:05,423 - INFO -   [Sin mejora Loss] Paciencia: 5/50
2025-12-21 19:56:05,424 - INFO - Val Loss: 1.3025 Acc: 0.5430
2025-12-21 19:56:05,426 - INFO - --- Época 70/250 ---
2025-12-21 19:56:26,559 - INFO - Train Loss: 1.2480 Acc: 0.5810
2025-12-21 19:56:28,861 - INFO -   [LR] Tasa de aprendizaje actual: 0.000050
2025-12-21 19:56:28,862 - INFO -   [Mejora Loss] 1.2990 -> 1.2983. Reseteando paciencia.
2025-12-21 19:56:28,863 - INFO - Val Loss: 1.2983 Acc: 0.5460
2025-12-21 19:56:28,865 - INFO - --- Época 71/250 ---
2025-12-21 19:56:50,220 - INFO - Train Loss: 1.2605 Acc: 0.5580
2025-12-21 19:56:52,456 - INFO -   [LR] Tasa de aprendizaje actual: 0.000050
2025-12-21 19:56:52,458 - INFO -   [Sin mejora Loss] Paciencia: 1/50
2025-12-21 19:56:52,460 - INFO - Val Loss: 1.2985 Acc: 0.5620
2025-12-21 19:56:52,463 - INFO - --- Época 72/250 ---
2025-12-21 19:57:13,726 - INFO - Train Loss: 1.2673 Acc: 0.5613
2025-12-21 19:57:15,979 - INFO -   [LR] Tasa de aprendizaje actual: 0.000050
2025-12-21 19:57:15,980 - INFO -   [Sin mejora Loss] Paciencia: 2/50
2025-12-21 19:57:15,982 - INFO - Val Loss: 1.3003 Acc: 0.5500
2025-12-21 19:57:15,983 - INFO - --- Época 73/250 ---
2025-12-21 19:57:36,653 - INFO - Train Loss: 1.2392 Acc: 0.5685
2025-12-21 19:57:38,802 - INFO -   [LR] Tasa de aprendizaje actual: 0.000050
2025-12-21 19:57:38,803 - INFO -   [Mejora Loss] 1.2983 -> 1.2813. Reseteando paciencia.
2025-12-21 19:57:38,804 - INFO - Val Loss: 1.2813 Acc: 0.5620
2025-12-21 19:57:38,806 - INFO - --- Época 74/250 ---
2025-12-21 19:57:59,626 - INFO - Train Loss: 1.2391 Acc: 0.5657
2025-12-21 19:58:01,799 - INFO -   [LR] Tasa de aprendizaje actual: 0.000050
2025-12-21 19:58:01,801 - INFO -   [Sin mejora Loss] Paciencia: 1/50
2025-12-21 19:58:01,802 - INFO - Val Loss: 1.2953 Acc: 0.5700
2025-12-21 19:58:02,322 - INFO -   [Nuevo Récord Acc] Guardado en: models/sbtaylor_kan_tiny_imagenet\run_20251221_192441\best_model.pth
2025-12-21 19:58:02,323 - INFO - --- Época 75/250 ---
2025-12-21 19:58:23,124 - INFO - Train Loss: 1.2531 Acc: 0.5750
2025-12-21 19:58:25,285 - INFO -   [LR] Tasa de aprendizaje actual: 0.000050
2025-12-21 19:58:25,286 - INFO -   [Sin mejora Loss] Paciencia: 2/50
2025-12-21 19:58:25,287 - INFO - Val Loss: 1.3101 Acc: 0.5600
2025-12-21 19:58:25,289 - INFO - --- Época 76/250 ---
2025-12-21 19:58:45,879 - INFO - Train Loss: 1.2383 Acc: 0.5735
2025-12-21 19:58:48,103 - INFO -   [LR] Tasa de aprendizaje actual: 0.000050
2025-12-21 19:58:48,104 - INFO -   [Sin mejora Loss] Paciencia: 3/50
2025-12-21 19:58:48,105 - INFO - Val Loss: 1.3100 Acc: 0.5470
2025-12-21 19:58:48,106 - INFO - --- Época 77/250 ---
2025-12-21 19:59:08,688 - INFO - Train Loss: 1.2537 Acc: 0.5743
2025-12-21 19:59:10,879 - INFO -   [LR] Tasa de aprendizaje actual: 0.000050
2025-12-21 19:59:10,880 - INFO -   [Mejora Loss] 1.2813 -> 1.2700. Reseteando paciencia.
2025-12-21 19:59:10,882 - INFO - Val Loss: 1.2700 Acc: 0.5580
2025-12-21 19:59:10,883 - INFO - --- Época 78/250 ---
2025-12-21 19:59:31,100 - INFO - Train Loss: 1.2147 Acc: 0.5817
2025-12-21 19:59:33,147 - INFO -   [LR] Tasa de aprendizaje actual: 0.000050
2025-12-21 19:59:33,148 - INFO -   [Sin mejora Loss] Paciencia: 1/50
2025-12-21 19:59:33,150 - INFO - Val Loss: 1.2871 Acc: 0.5600
2025-12-21 19:59:33,151 - INFO - --- Época 79/250 ---
2025-12-21 19:59:53,620 - INFO - Train Loss: 1.2173 Acc: 0.5810
2025-12-21 19:59:55,809 - INFO -   [LR] Tasa de aprendizaje actual: 0.000050
2025-12-21 19:59:55,810 - INFO -   [Sin mejora Loss] Paciencia: 2/50
2025-12-21 19:59:55,812 - INFO - Val Loss: 1.2762 Acc: 0.5580
2025-12-21 19:59:55,813 - INFO - --- Época 80/250 ---
2025-12-21 20:00:16,683 - INFO - Train Loss: 1.2432 Acc: 0.5697
2025-12-21 20:00:18,946 - INFO -   [LR] Tasa de aprendizaje actual: 0.000050
2025-12-21 20:00:18,947 - INFO -   [Sin mejora Loss] Paciencia: 3/50
2025-12-21 20:00:18,948 - INFO - Val Loss: 1.2813 Acc: 0.5680
2025-12-21 20:00:18,950 - INFO - --- Época 81/250 ---
2025-12-21 20:00:39,643 - INFO - Train Loss: 1.2392 Acc: 0.5710
2025-12-21 20:00:41,811 - INFO -   [LR] Tasa de aprendizaje actual: 0.000050
2025-12-21 20:00:41,812 - INFO -   [Sin mejora Loss] Paciencia: 4/50
2025-12-21 20:00:41,813 - INFO - Val Loss: 1.2777 Acc: 0.5560
2025-12-21 20:00:41,815 - INFO - --- Época 82/250 ---
2025-12-21 20:01:02,438 - INFO - Train Loss: 1.2318 Acc: 0.5733
2025-12-21 20:01:04,621 - INFO -   [LR] Tasa de aprendizaje actual: 0.000050
2025-12-21 20:01:04,622 - INFO -   [Mejora Loss] 1.2700 -> 1.2618. Reseteando paciencia.
2025-12-21 20:01:04,623 - INFO - Val Loss: 1.2618 Acc: 0.5720
2025-12-21 20:01:05,112 - INFO -   [Nuevo Récord Acc] Guardado en: models/sbtaylor_kan_tiny_imagenet\run_20251221_192441\best_model.pth
2025-12-21 20:01:05,114 - INFO - --- Época 83/250 ---
2025-12-21 20:01:25,895 - INFO - Train Loss: 1.2081 Acc: 0.5867
2025-12-21 20:01:28,115 - INFO -   [LR] Tasa de aprendizaje actual: 0.000050
2025-12-21 20:01:28,116 - INFO -   [Mejora Loss] 1.2618 -> 1.2603. Reseteando paciencia.
2025-12-21 20:01:28,117 - INFO - Val Loss: 1.2603 Acc: 0.5590
2025-12-21 20:01:28,119 - INFO - --- Época 84/250 ---
2025-12-21 20:01:48,893 - INFO - Train Loss: 1.2202 Acc: 0.5763
2025-12-21 20:01:51,084 - INFO -   [LR] Tasa de aprendizaje actual: 0.000050
2025-12-21 20:01:51,085 - INFO -   [Mejora Loss] 1.2603 -> 1.2555. Reseteando paciencia.
2025-12-21 20:01:51,086 - INFO - Val Loss: 1.2555 Acc: 0.5560
2025-12-21 20:01:51,087 - INFO - --- Época 85/250 ---
2025-12-21 20:02:11,940 - INFO - Train Loss: 1.2114 Acc: 0.5755
2025-12-21 20:02:14,175 - INFO -   [LR] Tasa de aprendizaje actual: 0.000050
2025-12-21 20:02:14,175 - INFO -   [Sin mejora Loss] Paciencia: 1/50
2025-12-21 20:02:14,176 - INFO - Val Loss: 1.2753 Acc: 0.5720
2025-12-21 20:02:14,178 - INFO - --- Época 86/250 ---
2025-12-21 20:02:34,826 - INFO - Train Loss: 1.2110 Acc: 0.5895
2025-12-21 20:02:37,039 - INFO -   [LR] Tasa de aprendizaje actual: 0.000050
2025-12-21 20:02:37,040 - INFO -   [Mejora Loss] 1.2555 -> 1.2453. Reseteando paciencia.
2025-12-21 20:02:37,041 - INFO - Val Loss: 1.2453 Acc: 0.5680
2025-12-21 20:02:37,043 - INFO - --- Época 87/250 ---
2025-12-21 20:02:57,841 - INFO - Train Loss: 1.2115 Acc: 0.5800
2025-12-21 20:03:00,068 - INFO -   [LR] Tasa de aprendizaje actual: 0.000050
2025-12-21 20:03:00,069 - INFO -   [Sin mejora Loss] Paciencia: 1/50
2025-12-21 20:03:00,071 - INFO - Val Loss: 1.2671 Acc: 0.5550
2025-12-21 20:03:00,072 - INFO - --- Época 88/250 ---
2025-12-21 20:03:20,891 - INFO - Train Loss: 1.2028 Acc: 0.5893
2025-12-21 20:03:23,094 - INFO -   [LR] Tasa de aprendizaje actual: 0.000050
2025-12-21 20:03:23,094 - INFO -   [Sin mejora Loss] Paciencia: 2/50
2025-12-21 20:03:23,096 - INFO - Val Loss: 1.3018 Acc: 0.5530
2025-12-21 20:03:23,097 - INFO - --- Época 89/250 ---
2025-12-21 20:03:43,937 - INFO - Train Loss: 1.2152 Acc: 0.5835
2025-12-21 20:03:46,124 - INFO -   [LR] Tasa de aprendizaje actual: 0.000050
2025-12-21 20:03:46,125 - INFO -   [Sin mejora Loss] Paciencia: 3/50
2025-12-21 20:03:46,126 - INFO - Val Loss: 1.2944 Acc: 0.5670
2025-12-21 20:03:46,127 - INFO - --- Época 90/250 ---
2025-12-21 20:04:06,920 - INFO - Train Loss: 1.2174 Acc: 0.5823
2025-12-21 20:04:09,096 - INFO -   [LR] Tasa de aprendizaje actual: 0.000050
2025-12-21 20:04:09,097 - INFO -   [Sin mejora Loss] Paciencia: 4/50
2025-12-21 20:04:09,098 - INFO - Val Loss: 1.2585 Acc: 0.5750
2025-12-21 20:04:09,586 - INFO -   [Nuevo Récord Acc] Guardado en: models/sbtaylor_kan_tiny_imagenet\run_20251221_192441\best_model.pth
2025-12-21 20:04:09,587 - INFO - --- Época 91/250 ---
2025-12-21 20:04:30,240 - INFO - Train Loss: 1.1913 Acc: 0.5865
2025-12-21 20:04:32,299 - INFO -   [LR] Tasa de aprendizaje actual: 0.000050
2025-12-21 20:04:32,300 - INFO -   [Sin mejora Loss] Paciencia: 5/50
2025-12-21 20:04:32,302 - INFO - Val Loss: 1.2575 Acc: 0.5660
2025-12-21 20:04:32,304 - INFO - --- Época 92/250 ---
2025-12-21 20:04:52,532 - INFO - Train Loss: 1.2042 Acc: 0.5815
2025-12-21 20:04:54,704 - INFO -   [LR] Tasa de aprendizaje actual: 0.000025
2025-12-21 20:04:54,705 - INFO -   [Sin mejora Loss] Paciencia: 6/50
2025-12-21 20:04:54,706 - INFO - Val Loss: 1.2955 Acc: 0.5560
2025-12-21 20:04:54,708 - INFO - --- Época 93/250 ---
2025-12-21 20:05:15,454 - INFO - Train Loss: 1.1763 Acc: 0.5938
2025-12-21 20:05:17,615 - INFO -   [LR] Tasa de aprendizaje actual: 0.000025
2025-12-21 20:05:17,616 - INFO -   [Sin mejora Loss] Paciencia: 7/50
2025-12-21 20:05:17,617 - INFO - Val Loss: 1.2529 Acc: 0.5570
2025-12-21 20:05:17,619 - INFO - --- Época 94/250 ---
2025-12-21 20:05:38,385 - INFO - Train Loss: 1.1785 Acc: 0.5890
2025-12-21 20:05:40,597 - INFO -   [LR] Tasa de aprendizaje actual: 0.000025
2025-12-21 20:05:40,598 - INFO -   [Sin mejora Loss] Paciencia: 8/50
2025-12-21 20:05:40,600 - INFO - Val Loss: 1.2494 Acc: 0.5690
2025-12-21 20:05:40,602 - INFO - --- Época 95/250 ---
2025-12-21 20:06:01,338 - INFO - Train Loss: 1.1679 Acc: 0.6013
2025-12-21 20:06:03,540 - INFO -   [LR] Tasa de aprendizaje actual: 0.000025
2025-12-21 20:06:03,541 - INFO -   [Sin mejora Loss] Paciencia: 9/50
2025-12-21 20:06:03,543 - INFO - Val Loss: 1.2530 Acc: 0.5710
2025-12-21 20:06:03,544 - INFO - --- Época 96/250 ---
2025-12-21 20:06:22,740 - INFO - Train Loss: 1.1684 Acc: 0.5970
2025-12-21 20:06:24,555 - INFO -   [LR] Tasa de aprendizaje actual: 0.000025
2025-12-21 20:06:24,556 - INFO -   [Mejora Loss] 1.2453 -> 1.2441. Reseteando paciencia.
2025-12-21 20:06:24,557 - INFO - Val Loss: 1.2441 Acc: 0.5720
2025-12-21 20:06:24,559 - INFO - --- Época 97/250 ---
2025-12-21 20:06:42,501 - INFO - Train Loss: 1.1744 Acc: 0.5975
2025-12-21 20:06:44,268 - INFO -   [LR] Tasa de aprendizaje actual: 0.000025
2025-12-21 20:06:44,269 - INFO -   [Mejora Loss] 1.2441 -> 1.2414. Reseteando paciencia.
2025-12-21 20:06:44,271 - INFO - Val Loss: 1.2414 Acc: 0.5780
2025-12-21 20:06:44,748 - INFO -   [Nuevo Récord Acc] Guardado en: models/sbtaylor_kan_tiny_imagenet\run_20251221_192441\best_model.pth
2025-12-21 20:06:44,750 - INFO - --- Época 98/250 ---
2025-12-21 20:07:02,149 - INFO - Train Loss: 1.1774 Acc: 0.6058
2025-12-21 20:07:03,987 - INFO -   [LR] Tasa de aprendizaje actual: 0.000025
2025-12-21 20:07:03,988 - INFO -   [Mejora Loss] 1.2414 -> 1.2375. Reseteando paciencia.
2025-12-21 20:07:03,988 - INFO - Val Loss: 1.2375 Acc: 0.5710
2025-12-21 20:07:03,989 - INFO - --- Época 99/250 ---
2025-12-21 20:07:21,708 - INFO - Train Loss: 1.1585 Acc: 0.5895
2025-12-21 20:07:23,579 - INFO -   [LR] Tasa de aprendizaje actual: 0.000025
2025-12-21 20:07:23,580 - INFO -   [Sin mejora Loss] Paciencia: 1/50
2025-12-21 20:07:23,581 - INFO - Val Loss: 1.2465 Acc: 0.5890
2025-12-21 20:07:24,005 - INFO -   [Nuevo Récord Acc] Guardado en: models/sbtaylor_kan_tiny_imagenet\run_20251221_192441\best_model.pth
2025-12-21 20:07:24,006 - INFO - --- Época 100/250 ---
2025-12-21 20:07:41,516 - INFO - Train Loss: 1.1712 Acc: 0.5940
2025-12-21 20:07:43,334 - INFO -   [LR] Tasa de aprendizaje actual: 0.000025
2025-12-21 20:07:43,334 - INFO -   [Sin mejora Loss] Paciencia: 2/50
2025-12-21 20:07:43,335 - INFO - Val Loss: 1.2402 Acc: 0.5750
2025-12-21 20:07:43,337 - INFO - --- Época 101/250 ---
2025-12-21 20:08:00,938 - INFO - Train Loss: 1.1901 Acc: 0.5860
2025-12-21 20:08:02,696 - INFO -   [LR] Tasa de aprendizaje actual: 0.000025
2025-12-21 20:08:02,697 - INFO -   [Sin mejora Loss] Paciencia: 3/50
2025-12-21 20:08:02,698 - INFO - Val Loss: 1.2520 Acc: 0.5760
2025-12-21 20:08:02,699 - INFO - --- Época 102/250 ---
2025-12-21 20:08:20,396 - INFO - Train Loss: 1.1549 Acc: 0.6115
2025-12-21 20:08:22,183 - INFO -   [LR] Tasa de aprendizaje actual: 0.000025
2025-12-21 20:08:22,185 - INFO -   [Sin mejora Loss] Paciencia: 4/50
2025-12-21 20:08:22,186 - INFO - Val Loss: 1.2457 Acc: 0.5790
2025-12-21 20:08:22,187 - INFO - --- Época 103/250 ---
2025-12-21 20:08:39,797 - INFO - Train Loss: 1.1572 Acc: 0.6005
2025-12-21 20:08:41,605 - INFO -   [LR] Tasa de aprendizaje actual: 0.000025
2025-12-21 20:08:41,606 - INFO -   [Sin mejora Loss] Paciencia: 5/50
2025-12-21 20:08:41,607 - INFO - Val Loss: 1.2504 Acc: 0.5780
2025-12-21 20:08:41,608 - INFO - --- Época 104/250 ---
2025-12-21 20:08:59,076 - INFO - Train Loss: 1.1737 Acc: 0.5925
2025-12-21 20:09:00,940 - INFO -   [LR] Tasa de aprendizaje actual: 0.000013
2025-12-21 20:09:00,940 - INFO -   [Sin mejora Loss] Paciencia: 6/50
2025-12-21 20:09:00,942 - INFO - Val Loss: 1.2483 Acc: 0.5740
2025-12-21 20:09:00,943 - INFO - --- Época 105/250 ---
2025-12-21 20:09:19,259 - INFO - Train Loss: 1.1485 Acc: 0.6088
2025-12-21 20:09:21,082 - INFO -   [LR] Tasa de aprendizaje actual: 0.000013
2025-12-21 20:09:21,083 - INFO -   [Sin mejora Loss] Paciencia: 7/50
2025-12-21 20:09:21,084 - INFO - Val Loss: 1.2477 Acc: 0.5690
2025-12-21 20:09:21,086 - INFO - --- Época 106/250 ---
2025-12-21 20:09:38,927 - INFO - Train Loss: 1.1484 Acc: 0.6015
2025-12-21 20:09:40,824 - INFO -   [LR] Tasa de aprendizaje actual: 0.000013
2025-12-21 20:09:40,824 - INFO -   [Mejora Loss] 1.2375 -> 1.2320. Reseteando paciencia.
2025-12-21 20:09:40,825 - INFO - Val Loss: 1.2320 Acc: 0.5850
2025-12-21 20:09:40,826 - INFO - --- Época 107/250 ---
2025-12-21 20:09:58,361 - INFO - Train Loss: 1.1440 Acc: 0.6003
2025-12-21 20:10:00,331 - INFO -   [LR] Tasa de aprendizaje actual: 0.000013
2025-12-21 20:10:00,332 - INFO -   [Sin mejora Loss] Paciencia: 1/50
2025-12-21 20:10:00,333 - INFO - Val Loss: 1.2333 Acc: 0.5750
2025-12-21 20:10:00,335 - INFO - --- Época 108/250 ---
2025-12-21 20:10:18,042 - INFO - Train Loss: 1.1604 Acc: 0.6112
2025-12-21 20:10:19,747 - INFO -   [LR] Tasa de aprendizaje actual: 0.000013
2025-12-21 20:10:19,748 - INFO -   [Sin mejora Loss] Paciencia: 2/50
2025-12-21 20:10:19,749 - INFO - Val Loss: 1.2414 Acc: 0.5790
2025-12-21 20:10:19,749 - INFO - --- Época 109/250 ---
2025-12-21 20:10:37,505 - INFO - Train Loss: 1.1365 Acc: 0.6082
2025-12-21 20:10:39,440 - INFO -   [LR] Tasa de aprendizaje actual: 0.000013
2025-12-21 20:10:39,441 - INFO -   [Mejora Loss] 1.2320 -> 1.2309. Reseteando paciencia.
2025-12-21 20:10:39,442 - INFO - Val Loss: 1.2309 Acc: 0.5770
2025-12-21 20:10:39,443 - INFO - --- Época 110/250 ---
2025-12-21 20:10:57,013 - INFO - Train Loss: 1.1363 Acc: 0.6100
2025-12-21 20:10:59,006 - INFO -   [LR] Tasa de aprendizaje actual: 0.000013
2025-12-21 20:10:59,008 - INFO -   [Sin mejora Loss] Paciencia: 1/50
2025-12-21 20:10:59,008 - INFO - Val Loss: 1.2364 Acc: 0.5840
2025-12-21 20:10:59,010 - INFO - --- Época 111/250 ---
2025-12-21 20:11:16,535 - INFO - Train Loss: 1.1396 Acc: 0.6063
2025-12-21 20:11:18,419 - INFO -   [LR] Tasa de aprendizaje actual: 0.000013
2025-12-21 20:11:18,419 - INFO -   [Sin mejora Loss] Paciencia: 2/50
2025-12-21 20:11:18,421 - INFO - Val Loss: 1.2395 Acc: 0.5800
2025-12-21 20:11:18,421 - INFO - --- Época 112/250 ---
2025-12-21 20:11:36,206 - INFO - Train Loss: 1.1563 Acc: 0.6025
2025-12-21 20:11:38,055 - INFO -   [LR] Tasa de aprendizaje actual: 0.000013
2025-12-21 20:11:38,056 - INFO -   [Sin mejora Loss] Paciencia: 3/50
2025-12-21 20:11:38,057 - INFO - Val Loss: 1.2322 Acc: 0.5740
2025-12-21 20:11:38,058 - INFO - --- Época 113/250 ---
2025-12-21 20:11:55,998 - INFO - Train Loss: 1.1559 Acc: 0.6005
2025-12-21 20:11:57,779 - INFO -   [LR] Tasa de aprendizaje actual: 0.000013
2025-12-21 20:11:57,780 - INFO -   [Sin mejora Loss] Paciencia: 4/50
2025-12-21 20:11:57,782 - INFO - Val Loss: 1.2382 Acc: 0.5850
2025-12-21 20:11:57,783 - INFO - --- Época 114/250 ---
2025-12-21 20:12:15,571 - INFO - Train Loss: 1.1437 Acc: 0.6105
2025-12-21 20:12:17,458 - INFO -   [LR] Tasa de aprendizaje actual: 0.000013
2025-12-21 20:12:17,459 - INFO -   [Mejora Loss] 1.2309 -> 1.2292. Reseteando paciencia.
2025-12-21 20:12:17,460 - INFO - Val Loss: 1.2292 Acc: 0.5850
2025-12-21 20:12:17,462 - INFO - --- Época 115/250 ---
2025-12-21 20:12:35,173 - INFO - Train Loss: 1.1429 Acc: 0.6060
2025-12-21 20:12:36,886 - INFO -   [LR] Tasa de aprendizaje actual: 0.000013
2025-12-21 20:12:36,887 - INFO -   [Sin mejora Loss] Paciencia: 1/50
2025-12-21 20:12:36,888 - INFO - Val Loss: 1.2382 Acc: 0.5790
2025-12-21 20:12:36,889 - INFO - --- Época 116/250 ---
2025-12-21 20:12:54,555 - INFO - Train Loss: 1.1498 Acc: 0.6060
2025-12-21 20:12:56,487 - INFO -   [LR] Tasa de aprendizaje actual: 0.000013
2025-12-21 20:12:56,488 - INFO -   [Sin mejora Loss] Paciencia: 2/50
2025-12-21 20:12:56,489 - INFO - Val Loss: 1.2295 Acc: 0.5820
2025-12-21 20:12:56,489 - INFO - --- Época 117/250 ---
2025-12-21 20:13:14,137 - INFO - Train Loss: 1.1359 Acc: 0.6078
2025-12-21 20:13:15,990 - INFO -   [LR] Tasa de aprendizaje actual: 0.000013
2025-12-21 20:13:15,991 - INFO -   [Mejora Loss] 1.2292 -> 1.2283. Reseteando paciencia.
2025-12-21 20:13:15,992 - INFO - Val Loss: 1.2283 Acc: 0.5770
2025-12-21 20:13:15,992 - INFO - --- Época 118/250 ---
2025-12-21 20:13:33,851 - INFO - Train Loss: 1.1462 Acc: 0.6098
2025-12-21 20:13:35,637 - INFO -   [LR] Tasa de aprendizaje actual: 0.000013
2025-12-21 20:13:35,637 - INFO -   [Mejora Loss] 1.2283 -> 1.2270. Reseteando paciencia.
2025-12-21 20:13:35,639 - INFO - Val Loss: 1.2270 Acc: 0.5790
2025-12-21 20:13:35,641 - INFO - --- Época 119/250 ---
2025-12-21 20:13:53,108 - INFO - Train Loss: 1.1335 Acc: 0.6182
2025-12-21 20:13:54,928 - INFO -   [LR] Tasa de aprendizaje actual: 0.000013
2025-12-21 20:13:54,929 - INFO -   [Sin mejora Loss] Paciencia: 1/50
2025-12-21 20:13:54,930 - INFO - Val Loss: 1.2274 Acc: 0.5830
2025-12-21 20:13:54,931 - INFO - --- Época 120/250 ---
2025-12-21 20:14:12,373 - INFO - Train Loss: 1.1487 Acc: 0.6048
2025-12-21 20:14:14,297 - INFO -   [LR] Tasa de aprendizaje actual: 0.000013
2025-12-21 20:14:14,297 - INFO -   [Sin mejora Loss] Paciencia: 2/50
2025-12-21 20:14:14,298 - INFO - Val Loss: 1.2364 Acc: 0.5930
2025-12-21 20:14:14,774 - INFO -   [Nuevo Récord Acc] Guardado en: models/sbtaylor_kan_tiny_imagenet\run_20251221_192441\best_model.pth
2025-12-21 20:14:14,776 - INFO - --- Época 121/250 ---
2025-12-21 20:14:32,951 - INFO - Train Loss: 1.1394 Acc: 0.6060
2025-12-21 20:14:34,970 - INFO -   [LR] Tasa de aprendizaje actual: 0.000013
2025-12-21 20:14:34,971 - INFO -   [Sin mejora Loss] Paciencia: 3/50
2025-12-21 20:14:34,972 - INFO - Val Loss: 1.2287 Acc: 0.5760
2025-12-21 20:14:34,973 - INFO - --- Época 122/250 ---
2025-12-21 20:14:52,535 - INFO - Train Loss: 1.1385 Acc: 0.6075
2025-12-21 20:14:54,505 - INFO -   [LR] Tasa de aprendizaje actual: 0.000013
2025-12-21 20:14:54,506 - INFO -   [Sin mejora Loss] Paciencia: 4/50
2025-12-21 20:14:54,507 - INFO - Val Loss: 1.2284 Acc: 0.5880
2025-12-21 20:14:54,507 - INFO - --- Época 123/250 ---
2025-12-21 20:15:12,308 - INFO - Train Loss: 1.1460 Acc: 0.6073
2025-12-21 20:15:14,189 - INFO -   [LR] Tasa de aprendizaje actual: 0.000013
2025-12-21 20:15:14,190 - INFO -   [Mejora Loss] 1.2270 -> 1.2236. Reseteando paciencia.
2025-12-21 20:15:14,191 - INFO - Val Loss: 1.2236 Acc: 0.5850
2025-12-21 20:15:14,192 - INFO - --- Época 124/250 ---
2025-12-21 20:15:31,870 - INFO - Train Loss: 1.1651 Acc: 0.6053
2025-12-21 20:15:33,858 - INFO -   [LR] Tasa de aprendizaje actual: 0.000013
2025-12-21 20:15:33,859 - INFO -   [Sin mejora Loss] Paciencia: 1/50
2025-12-21 20:15:33,860 - INFO - Val Loss: 1.2373 Acc: 0.5740
2025-12-21 20:15:33,861 - INFO - --- Época 125/250 ---
2025-12-21 20:15:51,849 - INFO - Train Loss: 1.1395 Acc: 0.6158
2025-12-21 20:15:53,742 - INFO -   [LR] Tasa de aprendizaje actual: 0.000013
2025-12-21 20:15:53,743 - INFO -   [Sin mejora Loss] Paciencia: 2/50
2025-12-21 20:15:53,744 - INFO - Val Loss: 1.2295 Acc: 0.5860
2025-12-21 20:15:53,745 - INFO - --- Época 126/250 ---
2025-12-21 20:16:11,247 - INFO - Train Loss: 1.1349 Acc: 0.6055
2025-12-21 20:16:13,143 - INFO -   [LR] Tasa de aprendizaje actual: 0.000013
2025-12-21 20:16:13,145 - INFO -   [Sin mejora Loss] Paciencia: 3/50
2025-12-21 20:16:13,147 - INFO - Val Loss: 1.2256 Acc: 0.5830
2025-12-21 20:16:13,149 - INFO - --- Época 127/250 ---
2025-12-21 20:16:30,636 - INFO - Train Loss: 1.1196 Acc: 0.6218
2025-12-21 20:16:32,519 - INFO -   [LR] Tasa de aprendizaje actual: 0.000013
2025-12-21 20:16:32,520 - INFO -   [Sin mejora Loss] Paciencia: 4/50
2025-12-21 20:16:32,522 - INFO - Val Loss: 1.2283 Acc: 0.5740
2025-12-21 20:16:32,523 - INFO - --- Época 128/250 ---
2025-12-21 20:16:50,021 - INFO - Train Loss: 1.1262 Acc: 0.6228
2025-12-21 20:16:52,033 - INFO -   [LR] Tasa de aprendizaje actual: 0.000013
2025-12-21 20:16:52,034 - INFO -   [Sin mejora Loss] Paciencia: 5/50
2025-12-21 20:16:52,036 - INFO - Val Loss: 1.2323 Acc: 0.5810
2025-12-21 20:16:52,037 - INFO - --- Época 129/250 ---
2025-12-21 20:17:09,571 - INFO - Train Loss: 1.1389 Acc: 0.6128
2025-12-21 20:17:11,427 - INFO -   [LR] Tasa de aprendizaje actual: 0.000006
2025-12-21 20:17:11,428 - INFO -   [Sin mejora Loss] Paciencia: 6/50
2025-12-21 20:17:11,429 - INFO - Val Loss: 1.2283 Acc: 0.5900
2025-12-21 20:17:11,430 - INFO - --- Época 130/250 ---
2025-12-21 20:17:29,045 - INFO - Train Loss: 1.1312 Acc: 0.6208
2025-12-21 20:17:30,914 - INFO -   [LR] Tasa de aprendizaje actual: 0.000006
2025-12-21 20:17:30,915 - INFO -   [Sin mejora Loss] Paciencia: 7/50
2025-12-21 20:17:30,916 - INFO - Val Loss: 1.2302 Acc: 0.5870
2025-12-21 20:17:30,917 - INFO - --- Época 131/250 ---
2025-12-21 20:17:48,763 - INFO - Train Loss: 1.1218 Acc: 0.6148
2025-12-21 20:17:50,706 - INFO -   [LR] Tasa de aprendizaje actual: 0.000006
2025-12-21 20:17:50,707 - INFO -   [Mejora Loss] 1.2236 -> 1.2229. Reseteando paciencia.
2025-12-21 20:17:50,708 - INFO - Val Loss: 1.2229 Acc: 0.5870
2025-12-21 20:17:50,710 - INFO - --- Época 132/250 ---
2025-12-21 20:18:08,686 - INFO - Train Loss: 1.1359 Acc: 0.6115
2025-12-21 20:18:10,461 - INFO -   [LR] Tasa de aprendizaje actual: 0.000006
2025-12-21 20:18:10,461 - INFO -   [Sin mejora Loss] Paciencia: 1/50
2025-12-21 20:18:10,462 - INFO - Val Loss: 1.2232 Acc: 0.5820
2025-12-21 20:18:10,463 - INFO - --- Época 133/250 ---
2025-12-21 20:18:28,396 - INFO - Train Loss: 1.1171 Acc: 0.6095
2025-12-21 20:18:30,230 - INFO -   [LR] Tasa de aprendizaje actual: 0.000006
2025-12-21 20:18:30,230 - INFO -   [Sin mejora Loss] Paciencia: 2/50
2025-12-21 20:18:30,231 - INFO - Val Loss: 1.2276 Acc: 0.5800
2025-12-21 20:18:30,233 - INFO - --- Época 134/250 ---
2025-12-21 20:18:47,876 - INFO - Train Loss: 1.1060 Acc: 0.6162
2025-12-21 20:18:49,827 - INFO -   [LR] Tasa de aprendizaje actual: 0.000006
2025-12-21 20:18:49,828 - INFO -   [Mejora Loss] 1.2229 -> 1.2227. Reseteando paciencia.
2025-12-21 20:18:49,829 - INFO - Val Loss: 1.2227 Acc: 0.5850
2025-12-21 20:18:49,831 - INFO - --- Época 135/250 ---
2025-12-21 20:19:07,566 - INFO - Train Loss: 1.1280 Acc: 0.6023
2025-12-21 20:19:09,437 - INFO -   [LR] Tasa de aprendizaje actual: 0.000006
2025-12-21 20:19:09,438 - INFO -   [Mejora Loss] 1.2227 -> 1.2227. Reseteando paciencia.
2025-12-21 20:19:09,440 - INFO - Val Loss: 1.2227 Acc: 0.5840
2025-12-21 20:19:09,442 - INFO - --- Época 136/250 ---
2025-12-21 20:19:27,052 - INFO - Train Loss: 1.1231 Acc: 0.6112
2025-12-21 20:19:28,853 - INFO -   [LR] Tasa de aprendizaje actual: 0.000006
2025-12-21 20:19:28,854 - INFO -   [Sin mejora Loss] Paciencia: 1/50
2025-12-21 20:19:28,855 - INFO - Val Loss: 1.2228 Acc: 0.5820
2025-12-21 20:19:28,856 - INFO - --- Época 137/250 ---
2025-12-21 20:19:47,049 - INFO - Train Loss: 1.1254 Acc: 0.6098
2025-12-21 20:19:48,824 - INFO -   [LR] Tasa de aprendizaje actual: 0.000006
2025-12-21 20:19:48,825 - INFO -   [Sin mejora Loss] Paciencia: 2/50
2025-12-21 20:19:48,826 - INFO - Val Loss: 1.2230 Acc: 0.5810
2025-12-21 20:19:48,829 - INFO - --- Época 138/250 ---
2025-12-21 20:20:06,431 - INFO - Train Loss: 1.1162 Acc: 0.6170
2025-12-21 20:20:08,229 - INFO -   [LR] Tasa de aprendizaje actual: 0.000006
2025-12-21 20:20:08,229 - INFO -   [Sin mejora Loss] Paciencia: 3/50
2025-12-21 20:20:08,230 - INFO - Val Loss: 1.2234 Acc: 0.5780
2025-12-21 20:20:08,232 - INFO - --- Época 139/250 ---
2025-12-21 20:20:26,022 - INFO - Train Loss: 1.1247 Acc: 0.6088
2025-12-21 20:20:28,009 - INFO -   [LR] Tasa de aprendizaje actual: 0.000006
2025-12-21 20:20:28,010 - INFO -   [Sin mejora Loss] Paciencia: 4/50
2025-12-21 20:20:28,010 - INFO - Val Loss: 1.2233 Acc: 0.5900
2025-12-21 20:20:28,012 - INFO - --- Época 140/250 ---
2025-12-21 20:20:45,431 - INFO - Train Loss: 1.1329 Acc: 0.6188
2025-12-21 20:20:47,226 - INFO -   [LR] Tasa de aprendizaje actual: 0.000003
2025-12-21 20:20:47,227 - INFO -   [Sin mejora Loss] Paciencia: 5/50
2025-12-21 20:20:47,228 - INFO - Val Loss: 1.2292 Acc: 0.5810
2025-12-21 20:20:47,229 - INFO - --- Época 141/250 ---
2025-12-21 20:21:05,031 - INFO - Train Loss: 1.1071 Acc: 0.6238
2025-12-21 20:21:06,966 - INFO -   [LR] Tasa de aprendizaje actual: 0.000003
2025-12-21 20:21:06,967 - INFO -   [Sin mejora Loss] Paciencia: 6/50
2025-12-21 20:21:06,968 - INFO - Val Loss: 1.2249 Acc: 0.5850
2025-12-21 20:21:06,969 - INFO - --- Época 142/250 ---
2025-12-21 20:21:24,699 - INFO - Train Loss: 1.1129 Acc: 0.6242
2025-12-21 20:21:26,487 - INFO -   [LR] Tasa de aprendizaje actual: 0.000003
2025-12-21 20:21:26,488 - INFO -   [Sin mejora Loss] Paciencia: 7/50
2025-12-21 20:21:26,489 - INFO - Val Loss: 1.2268 Acc: 0.5810
2025-12-21 20:21:26,490 - INFO - --- Época 143/250 ---
2025-12-21 20:21:44,064 - INFO - Train Loss: 1.1242 Acc: 0.6095
2025-12-21 20:21:45,834 - INFO -   [LR] Tasa de aprendizaje actual: 0.000003
2025-12-21 20:21:45,835 - INFO -   [Sin mejora Loss] Paciencia: 8/50
2025-12-21 20:21:45,836 - INFO - Val Loss: 1.2272 Acc: 0.5750
2025-12-21 20:21:45,838 - INFO - --- Época 144/250 ---
2025-12-21 20:22:03,638 - INFO - Train Loss: 1.1248 Acc: 0.6165
2025-12-21 20:22:05,453 - INFO -   [LR] Tasa de aprendizaje actual: 0.000003
2025-12-21 20:22:05,454 - INFO -   [Sin mejora Loss] Paciencia: 9/50
2025-12-21 20:22:05,455 - INFO - Val Loss: 1.2235 Acc: 0.5790
2025-12-21 20:22:05,457 - INFO - --- Época 145/250 ---
2025-12-21 20:22:23,355 - INFO - Train Loss: 1.1089 Acc: 0.6272
2025-12-21 20:22:25,189 - INFO -   [LR] Tasa de aprendizaje actual: 0.000003
2025-12-21 20:22:25,190 - INFO -   [Sin mejora Loss] Paciencia: 10/50
2025-12-21 20:22:25,191 - INFO - Val Loss: 1.2248 Acc: 0.5840
2025-12-21 20:22:25,192 - INFO - --- Época 146/250 ---
2025-12-21 20:22:43,010 - INFO - Train Loss: 1.1211 Acc: 0.6245
2025-12-21 20:22:44,767 - INFO -   [LR] Tasa de aprendizaje actual: 0.000002
2025-12-21 20:22:44,769 - INFO -   [Sin mejora Loss] Paciencia: 11/50
2025-12-21 20:22:44,771 - INFO - Val Loss: 1.2278 Acc: 0.5840
2025-12-21 20:22:44,772 - INFO - --- Época 147/250 ---
2025-12-21 20:23:02,208 - INFO - Train Loss: 1.1250 Acc: 0.6162
2025-12-21 20:23:03,966 - INFO -   [LR] Tasa de aprendizaje actual: 0.000002
2025-12-21 20:23:03,967 - INFO -   [Sin mejora Loss] Paciencia: 12/50
2025-12-21 20:23:03,968 - INFO - Val Loss: 1.2252 Acc: 0.5830
2025-12-21 20:23:03,969 - INFO - --- Época 148/250 ---
2025-12-21 20:23:21,722 - INFO - Train Loss: 1.1262 Acc: 0.6178
2025-12-21 20:23:23,667 - INFO -   [LR] Tasa de aprendizaje actual: 0.000002
2025-12-21 20:23:23,667 - INFO -   [Sin mejora Loss] Paciencia: 13/50
2025-12-21 20:23:23,669 - INFO - Val Loss: 1.2227 Acc: 0.5830
2025-12-21 20:23:23,670 - INFO - --- Época 149/250 ---
2025-12-21 20:23:41,222 - INFO - Train Loss: 1.1078 Acc: 0.6178
2025-12-21 20:23:43,024 - INFO -   [LR] Tasa de aprendizaje actual: 0.000002
2025-12-21 20:23:43,025 - INFO -   [Sin mejora Loss] Paciencia: 14/50
2025-12-21 20:23:43,027 - INFO - Val Loss: 1.2252 Acc: 0.5830
2025-12-21 20:23:43,028 - INFO - --- Época 150/250 ---
2025-12-21 20:24:00,807 - INFO - Train Loss: 1.1314 Acc: 0.6102
2025-12-21 20:24:02,664 - INFO -   [LR] Tasa de aprendizaje actual: 0.000002
2025-12-21 20:24:02,665 - INFO -   [Sin mejora Loss] Paciencia: 15/50
2025-12-21 20:24:02,666 - INFO - Val Loss: 1.2265 Acc: 0.5850
2025-12-21 20:24:02,667 - INFO - --- Época 151/250 ---
2025-12-21 20:24:20,346 - INFO - Train Loss: 1.1210 Acc: 0.6198
2025-12-21 20:24:22,202 - INFO -   [LR] Tasa de aprendizaje actual: 0.000002
2025-12-21 20:24:22,203 - INFO -   [Sin mejora Loss] Paciencia: 16/50
2025-12-21 20:24:22,204 - INFO - Val Loss: 1.2227 Acc: 0.5890
2025-12-21 20:24:22,206 - INFO - --- Época 152/250 ---
2025-12-21 20:24:40,188 - INFO - Train Loss: 1.0958 Acc: 0.6205
2025-12-21 20:24:42,025 - INFO -   [LR] Tasa de aprendizaje actual: 0.000002
2025-12-21 20:24:42,026 - INFO -   [Mejora Loss] 1.2227 -> 1.2223. Reseteando paciencia.
2025-12-21 20:24:42,027 - INFO - Val Loss: 1.2223 Acc: 0.5850
2025-12-21 20:24:42,028 - INFO - --- Época 153/250 ---
2025-12-21 20:24:59,499 - INFO - Train Loss: 1.1251 Acc: 0.6138
2025-12-21 20:25:01,464 - INFO -   [LR] Tasa de aprendizaje actual: 0.000002
2025-12-21 20:25:01,465 - INFO -   [Sin mejora Loss] Paciencia: 1/50
2025-12-21 20:25:01,466 - INFO - Val Loss: 1.2244 Acc: 0.5920
2025-12-21 20:25:01,466 - INFO - --- Época 154/250 ---
2025-12-21 20:25:19,317 - INFO - Train Loss: 1.1115 Acc: 0.6212
2025-12-21 20:25:21,234 - INFO -   [LR] Tasa de aprendizaje actual: 0.000002
2025-12-21 20:25:21,235 - INFO -   [Sin mejora Loss] Paciencia: 2/50
2025-12-21 20:25:21,236 - INFO - Val Loss: 1.2231 Acc: 0.5800
2025-12-21 20:25:21,238 - INFO - --- Época 155/250 ---
2025-12-21 20:25:38,889 - INFO - Train Loss: 1.1125 Acc: 0.6215
2025-12-21 20:25:40,743 - INFO -   [LR] Tasa de aprendizaje actual: 0.000002
2025-12-21 20:25:40,743 - INFO -   [Sin mejora Loss] Paciencia: 3/50
2025-12-21 20:25:40,745 - INFO - Val Loss: 1.2265 Acc: 0.5840
2025-12-21 20:25:40,746 - INFO - --- Época 156/250 ---
2025-12-21 20:25:58,870 - INFO - Train Loss: 1.1069 Acc: 0.6165
2025-12-21 20:26:00,687 - INFO -   [LR] Tasa de aprendizaje actual: 0.000002
2025-12-21 20:26:00,688 - INFO -   [Sin mejora Loss] Paciencia: 4/50
2025-12-21 20:26:00,689 - INFO - Val Loss: 1.2232 Acc: 0.5830
2025-12-21 20:26:00,690 - INFO - --- Época 157/250 ---
2025-12-21 20:26:18,605 - INFO - Train Loss: 1.1199 Acc: 0.6088
2025-12-21 20:26:20,389 - INFO -   [LR] Tasa de aprendizaje actual: 0.000002
2025-12-21 20:26:20,391 - INFO -   [Mejora Loss] 1.2223 -> 1.2177. Reseteando paciencia.
2025-12-21 20:26:20,392 - INFO - Val Loss: 1.2177 Acc: 0.5830
2025-12-21 20:26:20,393 - INFO - --- Época 158/250 ---
2025-12-21 20:26:38,017 - INFO - Train Loss: 1.1155 Acc: 0.6122
2025-12-21 20:26:39,988 - INFO -   [LR] Tasa de aprendizaje actual: 0.000002
2025-12-21 20:26:39,989 - INFO -   [Mejora Loss] 1.2177 -> 1.2161. Reseteando paciencia.
2025-12-21 20:26:39,990 - INFO - Val Loss: 1.2161 Acc: 0.5940
2025-12-21 20:26:40,465 - INFO -   [Nuevo Récord Acc] Guardado en: models/sbtaylor_kan_tiny_imagenet\run_20251221_192441\best_model.pth
2025-12-21 20:26:40,467 - INFO - --- Época 159/250 ---
2025-12-21 20:26:58,216 - INFO - Train Loss: 1.1047 Acc: 0.6188
2025-12-21 20:27:00,067 - INFO -   [LR] Tasa de aprendizaje actual: 0.000002
2025-12-21 20:27:00,068 - INFO -   [Sin mejora Loss] Paciencia: 1/50
2025-12-21 20:27:00,069 - INFO - Val Loss: 1.2234 Acc: 0.5870
2025-12-21 20:27:00,069 - INFO - --- Época 160/250 ---
2025-12-21 20:27:18,134 - INFO - Train Loss: 1.1158 Acc: 0.6142
2025-12-21 20:27:19,933 - INFO -   [LR] Tasa de aprendizaje actual: 0.000002
2025-12-21 20:27:19,934 - INFO -   [Sin mejora Loss] Paciencia: 2/50
2025-12-21 20:27:19,936 - INFO - Val Loss: 1.2245 Acc: 0.5760
2025-12-21 20:27:19,937 - INFO - --- Época 161/250 ---
2025-12-21 20:27:37,813 - INFO - Train Loss: 1.1017 Acc: 0.6185
2025-12-21 20:27:39,593 - INFO -   [LR] Tasa de aprendizaje actual: 0.000002
2025-12-21 20:27:39,594 - INFO -   [Sin mejora Loss] Paciencia: 3/50
2025-12-21 20:27:39,595 - INFO - Val Loss: 1.2309 Acc: 0.5790
2025-12-21 20:27:39,596 - INFO - --- Época 162/250 ---
2025-12-21 20:27:57,123 - INFO - Train Loss: 1.1161 Acc: 0.6105
2025-12-21 20:27:59,087 - INFO -   [LR] Tasa de aprendizaje actual: 0.000002
2025-12-21 20:27:59,088 - INFO -   [Sin mejora Loss] Paciencia: 4/50
2025-12-21 20:27:59,090 - INFO - Val Loss: 1.2234 Acc: 0.5780
2025-12-21 20:27:59,092 - INFO - --- Época 163/250 ---
2025-12-21 20:28:16,670 - INFO - Train Loss: 1.1120 Acc: 0.6230
2025-12-21 20:28:18,633 - INFO -   [LR] Tasa de aprendizaje actual: 0.000002
2025-12-21 20:28:18,635 - INFO -   [Sin mejora Loss] Paciencia: 5/50
2025-12-21 20:28:18,636 - INFO - Val Loss: 1.2221 Acc: 0.5890
2025-12-21 20:28:18,637 - INFO - --- Época 164/250 ---
2025-12-21 20:28:36,287 - INFO - Train Loss: 1.1166 Acc: 0.6130
2025-12-21 20:28:38,073 - INFO -   [LR] Tasa de aprendizaje actual: 0.000001
2025-12-21 20:28:38,074 - INFO -   [Sin mejora Loss] Paciencia: 6/50
2025-12-21 20:28:38,075 - INFO - Val Loss: 1.2207 Acc: 0.5900
2025-12-21 20:28:38,076 - INFO - --- Época 165/250 ---
2025-12-21 20:28:55,569 - INFO - Train Loss: 1.1080 Acc: 0.6200
2025-12-21 20:28:57,359 - INFO -   [LR] Tasa de aprendizaje actual: 0.000001
2025-12-21 20:28:57,360 - INFO -   [Sin mejora Loss] Paciencia: 7/50
2025-12-21 20:28:57,361 - INFO - Val Loss: 1.2174 Acc: 0.5900
2025-12-21 20:28:57,362 - INFO - --- Época 166/250 ---
2025-12-21 20:29:15,033 - INFO - Train Loss: 1.1225 Acc: 0.6145
2025-12-21 20:29:16,952 - INFO -   [LR] Tasa de aprendizaje actual: 0.000001
2025-12-21 20:29:16,952 - INFO -   [Sin mejora Loss] Paciencia: 8/50
2025-12-21 20:29:16,954 - INFO - Val Loss: 1.2224 Acc: 0.5800
2025-12-21 20:29:16,955 - INFO - --- Época 167/250 ---
2025-12-21 20:29:34,748 - INFO - Train Loss: 1.1074 Acc: 0.6248
2025-12-21 20:29:36,550 - INFO -   [LR] Tasa de aprendizaje actual: 0.000001
2025-12-21 20:29:36,551 - INFO -   [Sin mejora Loss] Paciencia: 9/50
2025-12-21 20:29:36,552 - INFO - Val Loss: 1.2230 Acc: 0.5910
2025-12-21 20:29:36,554 - INFO - --- Época 168/250 ---
2025-12-21 20:29:54,466 - INFO - Train Loss: 1.1139 Acc: 0.6150
2025-12-21 20:29:56,371 - INFO -   [LR] Tasa de aprendizaje actual: 0.000001
2025-12-21 20:29:56,372 - INFO -   [Sin mejora Loss] Paciencia: 10/50
2025-12-21 20:29:56,373 - INFO - Val Loss: 1.2220 Acc: 0.5820
2025-12-21 20:29:56,374 - INFO - --- Época 169/250 ---
2025-12-21 20:30:14,125 - INFO - Train Loss: 1.1159 Acc: 0.6195
2025-12-21 20:30:15,989 - INFO -   [LR] Tasa de aprendizaje actual: 0.000001
2025-12-21 20:30:15,989 - INFO -   [Sin mejora Loss] Paciencia: 11/50
2025-12-21 20:30:15,991 - INFO - Val Loss: 1.2215 Acc: 0.5920
2025-12-21 20:30:15,991 - INFO - --- Época 170/250 ---
2025-12-21 20:30:33,843 - INFO - Train Loss: 1.1162 Acc: 0.6188
2025-12-21 20:30:35,620 - INFO -   [LR] Tasa de aprendizaje actual: 0.000001
2025-12-21 20:30:35,622 - INFO -   [Sin mejora Loss] Paciencia: 12/50
2025-12-21 20:30:35,622 - INFO - Val Loss: 1.2215 Acc: 0.5910
2025-12-21 20:30:35,623 - INFO - --- Época 171/250 ---
2025-12-21 20:30:53,209 - INFO - Train Loss: 1.1094 Acc: 0.6172
2025-12-21 20:30:55,154 - INFO -   [LR] Tasa de aprendizaje actual: 0.000001
2025-12-21 20:30:55,155 - INFO -   [Sin mejora Loss] Paciencia: 13/50
2025-12-21 20:30:55,156 - INFO - Val Loss: 1.2191 Acc: 0.5890
2025-12-21 20:30:55,157 - INFO - --- Época 172/250 ---
2025-12-21 20:31:12,838 - INFO - Train Loss: 1.1183 Acc: 0.6202
2025-12-21 20:31:14,571 - INFO -   [LR] Tasa de aprendizaje actual: 0.000001
2025-12-21 20:31:14,572 - INFO -   [Sin mejora Loss] Paciencia: 14/50
2025-12-21 20:31:14,573 - INFO - Val Loss: 1.2194 Acc: 0.5920
2025-12-21 20:31:14,574 - INFO - --- Época 173/250 ---
2025-12-21 20:31:32,405 - INFO - Train Loss: 1.1149 Acc: 0.6168
2025-12-21 20:31:34,142 - INFO -   [LR] Tasa de aprendizaje actual: 0.000001
2025-12-21 20:31:34,143 - INFO -   [Sin mejora Loss] Paciencia: 15/50
2025-12-21 20:31:34,144 - INFO - Val Loss: 1.2187 Acc: 0.5900
2025-12-21 20:31:34,146 - INFO - --- Época 174/250 ---
2025-12-21 20:31:52,244 - INFO - Train Loss: 1.1023 Acc: 0.6168
2025-12-21 20:31:54,064 - INFO -   [LR] Tasa de aprendizaje actual: 0.000001
2025-12-21 20:31:54,065 - INFO -   [Sin mejora Loss] Paciencia: 16/50
2025-12-21 20:31:54,066 - INFO - Val Loss: 1.2235 Acc: 0.5800
2025-12-21 20:31:54,067 - INFO - --- Época 175/250 ---
2025-12-21 20:32:11,930 - INFO - Train Loss: 1.1125 Acc: 0.6198
2025-12-21 20:32:13,903 - INFO -   [LR] Tasa de aprendizaje actual: 0.000001
2025-12-21 20:32:13,903 - INFO -   [Sin mejora Loss] Paciencia: 17/50
2025-12-21 20:32:13,904 - INFO - Val Loss: 1.2163 Acc: 0.5910
2025-12-21 20:32:13,905 - INFO - --- Época 176/250 ---
2025-12-21 20:32:31,687 - INFO - Train Loss: 1.1208 Acc: 0.6190
2025-12-21 20:32:33,532 - INFO -   [LR] Tasa de aprendizaje actual: 0.000001
2025-12-21 20:32:33,533 - INFO -   [Sin mejora Loss] Paciencia: 18/50
2025-12-21 20:32:33,534 - INFO - Val Loss: 1.2251 Acc: 0.5830
2025-12-21 20:32:33,535 - INFO - --- Época 177/250 ---
2025-12-21 20:32:51,370 - INFO - Train Loss: 1.1098 Acc: 0.6200
2025-12-21 20:32:53,362 - INFO -   [LR] Tasa de aprendizaje actual: 0.000001
2025-12-21 20:32:53,363 - INFO -   [Sin mejora Loss] Paciencia: 19/50
2025-12-21 20:32:53,364 - INFO - Val Loss: 1.2190 Acc: 0.5830
2025-12-21 20:32:53,365 - INFO - --- Época 178/250 ---
2025-12-21 20:33:10,994 - INFO - Train Loss: 1.1116 Acc: 0.6220
2025-12-21 20:33:12,957 - INFO -   [LR] Tasa de aprendizaje actual: 0.000001
2025-12-21 20:33:12,957 - INFO -   [Sin mejora Loss] Paciencia: 20/50
2025-12-21 20:33:12,958 - INFO - Val Loss: 1.2248 Acc: 0.5850
2025-12-21 20:33:12,959 - INFO - --- Época 179/250 ---
2025-12-21 20:33:30,576 - INFO - Train Loss: 1.1241 Acc: 0.6160
2025-12-21 20:33:32,532 - INFO -   [LR] Tasa de aprendizaje actual: 0.000001
2025-12-21 20:33:32,532 - INFO -   [Sin mejora Loss] Paciencia: 21/50
2025-12-21 20:33:32,534 - INFO - Val Loss: 1.2203 Acc: 0.5870
2025-12-21 20:33:32,535 - INFO - --- Época 180/250 ---
2025-12-21 20:33:50,098 - INFO - Train Loss: 1.1141 Acc: 0.6218
2025-12-21 20:33:51,887 - INFO -   [LR] Tasa de aprendizaje actual: 0.000001
2025-12-21 20:33:51,888 - INFO -   [Sin mejora Loss] Paciencia: 22/50
2025-12-21 20:33:51,889 - INFO - Val Loss: 1.2189 Acc: 0.5900
2025-12-21 20:33:51,890 - INFO - --- Época 181/250 ---
2025-12-21 20:34:09,431 - INFO - Train Loss: 1.1024 Acc: 0.6232
2025-12-21 20:34:11,263 - INFO -   [LR] Tasa de aprendizaje actual: 0.000001
2025-12-21 20:34:11,265 - INFO -   [Sin mejora Loss] Paciencia: 23/50
2025-12-21 20:34:11,266 - INFO - Val Loss: 1.2223 Acc: 0.5830
2025-12-21 20:34:11,267 - INFO - --- Época 182/250 ---
2025-12-21 20:34:28,769 - INFO - Train Loss: 1.1028 Acc: 0.6162
2025-12-21 20:34:30,539 - INFO -   [LR] Tasa de aprendizaje actual: 0.000001
2025-12-21 20:34:30,539 - INFO -   [Sin mejora Loss] Paciencia: 24/50
2025-12-21 20:34:30,540 - INFO - Val Loss: 1.2185 Acc: 0.5870
2025-12-21 20:34:30,541 - INFO - --- Época 183/250 ---
2025-12-21 20:34:48,306 - INFO - Train Loss: 1.1243 Acc: 0.6155
2025-12-21 20:34:50,119 - INFO -   [LR] Tasa de aprendizaje actual: 0.000001
2025-12-21 20:34:50,120 - INFO -   [Sin mejora Loss] Paciencia: 25/50
2025-12-21 20:34:50,121 - INFO - Val Loss: 1.2208 Acc: 0.5860
2025-12-21 20:34:50,123 - INFO - --- Época 184/250 ---
2025-12-21 20:35:07,776 - INFO - Train Loss: 1.1124 Acc: 0.6135
2025-12-21 20:35:09,735 - INFO -   [LR] Tasa de aprendizaje actual: 0.000001
2025-12-21 20:35:09,736 - INFO -   [Sin mejora Loss] Paciencia: 26/50
2025-12-21 20:35:09,738 - INFO - Val Loss: 1.2184 Acc: 0.5960
2025-12-21 20:35:10,240 - INFO -   [Nuevo Récord Acc] Guardado en: models/sbtaylor_kan_tiny_imagenet\run_20251221_192441\best_model.pth
2025-12-21 20:35:10,242 - INFO - --- Época 185/250 ---
2025-12-21 20:35:27,955 - INFO - Train Loss: 1.1133 Acc: 0.6145
2025-12-21 20:35:29,807 - INFO -   [LR] Tasa de aprendizaje actual: 0.000001
2025-12-21 20:35:29,809 - INFO -   [Sin mejora Loss] Paciencia: 27/50
2025-12-21 20:35:29,810 - INFO - Val Loss: 1.2207 Acc: 0.5970
2025-12-21 20:35:30,277 - INFO -   [Nuevo Récord Acc] Guardado en: models/sbtaylor_kan_tiny_imagenet\run_20251221_192441\best_model.pth
2025-12-21 20:35:30,279 - INFO - --- Época 186/250 ---
2025-12-21 20:35:47,746 - INFO - Train Loss: 1.1081 Acc: 0.6210
2025-12-21 20:35:49,727 - INFO -   [LR] Tasa de aprendizaje actual: 0.000001
2025-12-21 20:35:49,728 - INFO -   [Sin mejora Loss] Paciencia: 28/50
2025-12-21 20:35:49,729 - INFO - Val Loss: 1.2193 Acc: 0.5880
2025-12-21 20:35:49,730 - INFO - --- Época 187/250 ---
2025-12-21 20:36:07,569 - INFO - Train Loss: 1.1206 Acc: 0.6130
2025-12-21 20:36:09,583 - INFO -   [LR] Tasa de aprendizaje actual: 0.000001
2025-12-21 20:36:09,585 - INFO -   [Sin mejora Loss] Paciencia: 29/50
2025-12-21 20:36:09,586 - INFO - Val Loss: 1.2207 Acc: 0.5810
2025-12-21 20:36:09,588 - INFO - --- Época 188/250 ---
2025-12-21 20:36:27,389 - INFO - Train Loss: 1.1131 Acc: 0.6172
2025-12-21 20:36:29,199 - INFO -   [LR] Tasa de aprendizaje actual: 0.000001
2025-12-21 20:36:29,200 - INFO -   [Sin mejora Loss] Paciencia: 30/50
2025-12-21 20:36:29,201 - INFO - Val Loss: 1.2213 Acc: 0.5780
2025-12-21 20:36:29,201 - INFO - --- Época 189/250 ---
2025-12-21 20:36:46,989 - INFO - Train Loss: 1.1012 Acc: 0.6278
2025-12-21 20:36:48,773 - INFO -   [LR] Tasa de aprendizaje actual: 0.000001
2025-12-21 20:36:48,774 - INFO -   [Sin mejora Loss] Paciencia: 31/50
2025-12-21 20:36:48,775 - INFO - Val Loss: 1.2184 Acc: 0.5830
2025-12-21 20:36:48,776 - INFO - --- Época 190/250 ---
2025-12-21 20:37:06,593 - INFO - Train Loss: 1.1240 Acc: 0.6210
2025-12-21 20:37:08,418 - INFO -   [LR] Tasa de aprendizaje actual: 0.000001
2025-12-21 20:37:08,418 - INFO -   [Sin mejora Loss] Paciencia: 32/50
2025-12-21 20:37:08,420 - INFO - Val Loss: 1.2237 Acc: 0.5790
2025-12-21 20:37:08,421 - INFO - --- Época 191/250 ---
2025-12-21 20:37:26,354 - INFO - Train Loss: 1.1202 Acc: 0.6128
2025-12-21 20:37:28,195 - INFO -   [LR] Tasa de aprendizaje actual: 0.000001
2025-12-21 20:37:28,196 - INFO -   [Sin mejora Loss] Paciencia: 33/50
2025-12-21 20:37:28,197 - INFO - Val Loss: 1.2205 Acc: 0.5790
2025-12-21 20:37:28,197 - INFO - --- Época 192/250 ---
2025-12-21 20:37:45,911 - INFO - Train Loss: 1.1211 Acc: 0.6152
2025-12-21 20:37:47,901 - INFO -   [LR] Tasa de aprendizaje actual: 0.000001
2025-12-21 20:37:47,902 - INFO -   [Sin mejora Loss] Paciencia: 34/50
2025-12-21 20:37:47,902 - INFO - Val Loss: 1.2217 Acc: 0.5770
2025-12-21 20:37:47,903 - INFO - --- Época 193/250 ---
2025-12-21 20:38:05,835 - INFO - Train Loss: 1.1081 Acc: 0.6195
2025-12-21 20:38:07,676 - INFO -   [LR] Tasa de aprendizaje actual: 0.000001
2025-12-21 20:38:07,677 - INFO -   [Sin mejora Loss] Paciencia: 35/50
2025-12-21 20:38:07,678 - INFO - Val Loss: 1.2183 Acc: 0.5860
2025-12-21 20:38:07,680 - INFO - --- Época 194/250 ---
2025-12-21 20:38:25,121 - INFO - Train Loss: 1.1185 Acc: 0.6152
2025-12-21 20:38:27,087 - INFO -   [LR] Tasa de aprendizaje actual: 0.000001
2025-12-21 20:38:27,087 - INFO -   [Sin mejora Loss] Paciencia: 36/50
2025-12-21 20:38:27,088 - INFO - Val Loss: 1.2164 Acc: 0.5850
2025-12-21 20:38:27,090 - INFO - --- Época 195/250 ---
2025-12-21 20:38:44,526 - INFO - Train Loss: 1.1273 Acc: 0.6135
2025-12-21 20:38:46,287 - INFO -   [LR] Tasa de aprendizaje actual: 0.000001
2025-12-21 20:38:46,288 - INFO -   [Sin mejora Loss] Paciencia: 37/50
2025-12-21 20:38:46,289 - INFO - Val Loss: 1.2176 Acc: 0.5840
2025-12-21 20:38:46,290 - INFO - --- Época 196/250 ---
2025-12-21 20:39:04,007 - INFO - Train Loss: 1.1164 Acc: 0.6182
2025-12-21 20:39:05,889 - INFO -   [LR] Tasa de aprendizaje actual: 0.000001
2025-12-21 20:39:05,891 - INFO -   [Sin mejora Loss] Paciencia: 38/50
2025-12-21 20:39:05,892 - INFO - Val Loss: 1.2211 Acc: 0.5900
2025-12-21 20:39:05,893 - INFO - --- Época 197/250 ---
2025-12-21 20:39:23,732 - INFO - Train Loss: 1.1090 Acc: 0.6252
2025-12-21 20:39:25,604 - INFO -   [LR] Tasa de aprendizaje actual: 0.000001
2025-12-21 20:39:25,604 - INFO -   [Sin mejora Loss] Paciencia: 39/50
2025-12-21 20:39:25,606 - INFO - Val Loss: 1.2206 Acc: 0.5890
2025-12-21 20:39:25,607 - INFO - --- Época 198/250 ---
2025-12-21 20:39:43,302 - INFO - Train Loss: 1.1065 Acc: 0.6098
2025-12-21 20:39:45,163 - INFO -   [LR] Tasa de aprendizaje actual: 0.000001
2025-12-21 20:39:45,164 - INFO -   [Sin mejora Loss] Paciencia: 40/50
2025-12-21 20:39:45,166 - INFO - Val Loss: 1.2203 Acc: 0.5850
2025-12-21 20:39:45,167 - INFO - --- Época 199/250 ---
2025-12-21 20:40:03,293 - INFO - Train Loss: 1.1184 Acc: 0.6210
2025-12-21 20:40:05,108 - INFO -   [LR] Tasa de aprendizaje actual: 0.000001
2025-12-21 20:40:05,108 - INFO -   [Sin mejora Loss] Paciencia: 41/50
2025-12-21 20:40:05,109 - INFO - Val Loss: 1.2193 Acc: 0.5850
2025-12-21 20:40:05,110 - INFO - --- Época 200/250 ---
2025-12-21 20:40:22,762 - INFO - Train Loss: 1.1201 Acc: 0.6065
2025-12-21 20:40:24,611 - INFO -   [LR] Tasa de aprendizaje actual: 0.000001
2025-12-21 20:40:24,612 - INFO -   [Sin mejora Loss] Paciencia: 42/50
2025-12-21 20:40:24,613 - INFO - Val Loss: 1.2210 Acc: 0.5840
2025-12-21 20:40:24,614 - INFO - --- Época 201/250 ---
2025-12-21 20:40:42,204 - INFO - Train Loss: 1.1155 Acc: 0.6235
2025-12-21 20:40:44,004 - INFO -   [LR] Tasa de aprendizaje actual: 0.000001
2025-12-21 20:40:44,004 - INFO -   [Sin mejora Loss] Paciencia: 43/50
2025-12-21 20:40:44,006 - INFO - Val Loss: 1.2242 Acc: 0.5850
2025-12-21 20:40:44,007 - INFO - --- Época 202/250 ---
2025-12-21 20:41:01,472 - INFO - Train Loss: 1.1024 Acc: 0.6240
2025-12-21 20:41:03,240 - INFO -   [LR] Tasa de aprendizaje actual: 0.000001
2025-12-21 20:41:03,241 - INFO -   [Sin mejora Loss] Paciencia: 44/50
2025-12-21 20:41:03,242 - INFO - Val Loss: 1.2201 Acc: 0.5860
2025-12-21 20:41:03,243 - INFO - --- Época 203/250 ---
2025-12-21 20:41:21,090 - INFO - Train Loss: 1.1190 Acc: 0.6212
2025-12-21 20:41:22,883 - INFO -   [LR] Tasa de aprendizaje actual: 0.000001
2025-12-21 20:41:22,883 - INFO -   [Sin mejora Loss] Paciencia: 45/50
2025-12-21 20:41:22,885 - INFO - Val Loss: 1.2228 Acc: 0.5840
2025-12-21 20:41:22,886 - INFO - --- Época 204/250 ---
2025-12-21 20:41:40,881 - INFO - Train Loss: 1.1117 Acc: 0.6152
2025-12-21 20:41:42,722 - INFO -   [LR] Tasa de aprendizaje actual: 0.000001
2025-12-21 20:41:42,723 - INFO -   [Sin mejora Loss] Paciencia: 46/50
2025-12-21 20:41:42,723 - INFO - Val Loss: 1.2169 Acc: 0.5940
2025-12-21 20:41:42,724 - INFO - --- Época 205/250 ---
2025-12-21 20:42:00,662 - INFO - Train Loss: 1.1186 Acc: 0.6170
2025-12-21 20:42:02,451 - INFO -   [LR] Tasa de aprendizaje actual: 0.000001
2025-12-21 20:42:02,452 - INFO -   [Sin mejora Loss] Paciencia: 47/50
2025-12-21 20:42:02,453 - INFO - Val Loss: 1.2200 Acc: 0.5880
2025-12-21 20:42:02,454 - INFO - --- Época 206/250 ---
2025-12-21 20:42:20,262 - INFO - Train Loss: 1.1122 Acc: 0.6202
2025-12-21 20:42:22,056 - INFO -   [LR] Tasa de aprendizaje actual: 0.000001
2025-12-21 20:42:22,057 - INFO -   [Sin mejora Loss] Paciencia: 48/50
2025-12-21 20:42:22,058 - INFO - Val Loss: 1.2172 Acc: 0.5930
2025-12-21 20:42:22,059 - INFO - --- Época 207/250 ---
2025-12-21 20:42:39,843 - INFO - Train Loss: 1.1221 Acc: 0.6135
2025-12-21 20:42:41,700 - INFO -   [LR] Tasa de aprendizaje actual: 0.000001
2025-12-21 20:42:41,701 - INFO -   [Sin mejora Loss] Paciencia: 49/50
2025-12-21 20:42:41,703 - INFO - Val Loss: 1.2217 Acc: 0.5860
2025-12-21 20:42:41,704 - INFO - --- Época 208/250 ---
2025-12-21 20:42:59,245 - INFO - Train Loss: 1.1064 Acc: 0.6262
2025-12-21 20:43:01,010 - INFO -   [LR] Tasa de aprendizaje actual: 0.000001
2025-12-21 20:43:01,011 - INFO -   [Sin mejora Loss] Paciencia: 50/50
2025-12-21 20:43:01,013 - INFO - ¡EARLY STOPPING ACTIVADO!
2025-12-21 20:43:01,014 - INFO - Val Loss: 1.2173 Acc: 0.5880
2025-12-21 20:43:01,014 - INFO - Entrenamiento finalizado en 77m 2s
2025-12-21 20:43:01,015 - INFO - Mejor Val Acc lograda: 0.5970
2025-12-21 20:43:04,642 - INFO - Cargando el mejor modelo para la evaluación...
2025-12-21 20:43:05,619 - INFO - 
========================================
2025-12-21 20:43:05,622 - INFO - --- INICIANDO EVALUACIÓN EN TEST SET ---
2025-12-21 20:43:05,625 - INFO - ========================================
2025-12-21 20:43:07,496 - INFO - Calculando métricas estadísticas...
2025-12-21 20:43:07,503 - INFO - Generando matriz de confusión...
2025-12-21 20:43:07,928 - INFO - Gráfico guardado en: models/sbtaylor_kan_tiny_imagenet\run_20251221_192441\confusion_matrix.png
2025-12-21 20:43:07,929 - INFO - Escribiendo reporte final...
2025-12-21 20:43:07,942 - INFO - Reporte de texto guardado en: models/sbtaylor_kan_tiny_imagenet\run_20251221_192441\test_metrics_report.txt
2025-12-21 20:43:07,944 - INFO - --- EVALUACIÓN FINALIZADA ---
