2026-01-05 02:40:05,184 - INFO - Modelo SBTAYLOR_KAN.Net importado correctamente.
2026-01-05 02:40:05,187 - INFO - Los pesos del modelo se guardarán en: 'models/sbtaylor_kan_cotton\run_20260105_024005\sbtaylor_kan.best_weights.pth'
2026-01-05 02:40:05,190 - INFO - El registro de entrenamiento se guardará en: 'models/sbtaylor_kan_cotton\run_20260105_024005\training_run.log'
2026-01-05 02:40:05,221 - INFO - Versión de PyTorch: 2.9.0+cu126
2026-01-05 02:40:05,222 - INFO - ¿CUDA está disponible?: True
2026-01-05 02:40:05,224 - INFO - Versión de CUDA con la que PyTorch fue compilado: 12.6
2026-01-05 02:40:05,225 - INFO - Número de GPUs disponibles: 1
2026-01-05 02:40:05,230 - INFO - Nombre de la GPU actual: NVIDIA GeForce RTX 4090
2026-01-05 02:40:05,299 - INFO - --- Hyperparámetros de Entrenamiento ---
2026-01-05 02:40:05,302 - INFO - Batch Size: 64
2026-01-05 02:40:05,303 - INFO - Num Epochs: 150
2026-01-05 02:40:05,304 - INFO - Learning Rate: 0.0001
2026-01-05 02:40:05,438 - INFO - 
Cargando dataset de ./Preprocessed Leaf_FILTERED...
2026-01-05 02:40:05,484 - INFO - Clases detectadas: ['Curl Virus', 'Fresh_Leaf', 'Leaf_Reddening', 'Leaf_Spot_Bacterial_Blight']
2026-01-05 02:40:05,513 - INFO - 
Usando dispositivo: cuda
2026-01-05 02:42:47,377 - INFO - Iniciando entrenamiento por 150 épocas...
2026-01-05 02:42:47,406 - INFO - Paciencia configurada: 10 épocas.
2026-01-05 02:42:47,410 - INFO - --- Época 1/150 ---
