2025-12-01 04:49:13,264 - INFO - Modelo SBTAYLOR_KAN.Net importado correctamente.
2025-12-01 04:49:13,266 - INFO - Los pesos del modelo se guardarán en: 'models/sbtaylor_kan_cotton\run_20251201_044907\sbtaylor_kan.best_weights.pth'
2025-12-01 04:49:13,268 - INFO - El registro de entrenamiento se guardará en: 'models/sbtaylor_kan_cotton\run_20251201_044907\training_run.log'
2025-12-01 04:49:16,342 - INFO - Versión de PyTorch: 2.9.0+cu126
2025-12-01 04:49:16,344 - INFO - ¿CUDA está disponible?: True
2025-12-01 04:49:16,346 - INFO - Versión de CUDA con la que PyTorch fue compilado: 12.6
2025-12-01 04:49:16,348 - INFO - Número de GPUs disponibles: 1
2025-12-01 04:49:16,358 - INFO - Nombre de la GPU actual: NVIDIA GeForce RTX 4090
2025-12-01 04:49:21,210 - INFO - --- Hyperparámetros de Entrenamiento ---
2025-12-01 04:49:21,212 - INFO - Batch Size: 64
2025-12-01 04:49:21,214 - INFO - Num Epochs: 150
2025-12-01 04:49:21,216 - INFO - Learning Rate: 0.0001
2025-12-01 04:49:21,217 - INFO - Num Classes: 4
2025-12-01 04:49:21,219 - INFO - Num Workers: 4
2025-12-01 04:49:27,253 - INFO - 
Cargando dataset de ./data...
2025-12-01 04:49:27,334 - INFO - Clases detectadas: ['Fresh_Leaf', 'Leaf_Reddening', 'Leaf_Spot_Bacterial_Blight', 'Yellowish_Leaf']
2025-12-01 04:49:38,147 - INFO - 
Usando dispositivo: cuda
2025-12-01 04:52:32,363 - INFO - 
Iniciando entrenamiento del modelo...
2025-12-01 04:52:32,640 - INFO - Epoca 1/150
2025-12-01 04:52:32,643 - INFO - ----------
2025-12-01 04:54:51,826 - INFO - train Loss: 1.0366 Acc: 0.4975
2025-12-01 04:55:29,848 - INFO - val Loss: 0.8425 Acc: 0.5750
2025-12-01 04:55:29,908 - INFO - Epoca 2/150
2025-12-01 04:55:29,911 - INFO - ----------
2025-12-01 04:57:43,756 - INFO - train Loss: 0.8731 Acc: 0.5839
2025-12-01 04:58:21,073 - INFO - val Loss: 0.8155 Acc: 0.5750
2025-12-01 04:58:21,075 - INFO - Epoca 3/150
2025-12-01 04:58:21,076 - INFO - ----------
2025-12-01 05:00:34,673 - INFO - train Loss: 0.8229 Acc: 0.6083
2025-12-01 05:01:14,386 - INFO - val Loss: 0.8096 Acc: 0.5833
2025-12-01 05:01:14,400 - INFO - Epoca 4/150
2025-12-01 05:01:14,404 - INFO - ----------
2025-12-01 05:03:32,358 - INFO - train Loss: 0.7882 Acc: 0.6246
2025-12-01 05:04:01,036 - INFO - val Loss: 0.7770 Acc: 0.5750
2025-12-01 05:04:01,038 - INFO - Epoca 5/150
2025-12-01 05:04:01,041 - INFO - ----------
2025-12-01 05:06:17,239 - INFO - train Loss: 0.7615 Acc: 0.6364
2025-12-01 05:06:56,103 - INFO - val Loss: 0.7755 Acc: 0.5917
2025-12-01 05:06:56,105 - INFO - Epoca 6/150
2025-12-01 05:06:56,107 - INFO - ----------
2025-12-01 05:09:12,728 - INFO - train Loss: 0.7423 Acc: 0.6483
2025-12-01 05:09:50,100 - INFO - val Loss: 0.8156 Acc: 0.5250
2025-12-01 05:09:50,104 - INFO - Epoca 7/150
2025-12-01 05:09:50,107 - INFO - ----------
2025-12-01 05:12:05,615 - INFO - train Loss: 0.7255 Acc: 0.6640
2025-12-01 05:12:42,484 - INFO - val Loss: 0.7686 Acc: 0.5417
2025-12-01 05:12:42,486 - INFO - Epoca 8/150
2025-12-01 05:12:42,488 - INFO - ----------
2025-12-01 05:15:03,030 - INFO - train Loss: 0.7234 Acc: 0.6576
2025-12-01 05:15:32,658 - INFO - val Loss: 0.7907 Acc: 0.5750
2025-12-01 05:15:32,660 - INFO - Epoca 9/150
2025-12-01 05:15:32,663 - INFO - ----------
2025-12-01 05:17:28,077 - INFO - train Loss: 0.7032 Acc: 0.6719
2025-12-01 05:17:52,333 - INFO - val Loss: 0.7778 Acc: 0.5333
2025-12-01 05:17:52,335 - INFO - Epoca 10/150
2025-12-01 05:17:52,337 - INFO - ----------
2025-12-01 05:19:42,141 - INFO - train Loss: 0.6949 Acc: 0.6777
2025-12-01 05:20:09,640 - INFO - val Loss: 0.7796 Acc: 0.5500
2025-12-01 05:20:09,641 - INFO - Epoca 11/150
2025-12-01 05:20:09,642 - INFO - ----------
2025-12-01 05:21:58,034 - INFO - train Loss: 0.6827 Acc: 0.6802
2025-12-01 05:22:27,504 - INFO - val Loss: 0.7611 Acc: 0.6000
2025-12-01 05:22:27,506 - INFO - Epoca 12/150
2025-12-01 05:22:27,509 - INFO - ----------
2025-12-01 05:24:12,419 - INFO - train Loss: 0.6658 Acc: 0.6928
2025-12-01 05:24:37,140 - INFO - val Loss: 0.7751 Acc: 0.6000
2025-12-01 05:24:37,158 - INFO - Epoca 13/150
2025-12-01 05:24:37,160 - INFO - ----------
2025-12-01 05:26:17,629 - INFO - train Loss: 0.6594 Acc: 0.6963
2025-12-01 05:26:42,804 - INFO - val Loss: 0.7731 Acc: 0.5917
2025-12-01 05:26:42,806 - INFO - Epoca 14/150
2025-12-01 05:26:42,807 - INFO - ----------
2025-12-01 05:28:24,984 - INFO - train Loss: 0.6436 Acc: 0.7000
2025-12-01 05:28:53,045 - INFO - val Loss: 0.7868 Acc: 0.5667
2025-12-01 05:28:53,051 - INFO - Epoca 15/150
2025-12-01 05:28:53,055 - INFO - ----------
2025-12-01 05:30:39,202 - INFO - train Loss: 0.6365 Acc: 0.7112
2025-12-01 05:31:02,487 - INFO - val Loss: 0.7587 Acc: 0.5667
2025-12-01 05:31:02,490 - INFO - Epoca 16/150
2025-12-01 05:31:02,507 - INFO - ----------
2025-12-01 05:33:30,753 - INFO - train Loss: 0.6292 Acc: 0.7202
2025-12-01 05:34:34,614 - INFO - val Loss: 0.8009 Acc: 0.5750
2025-12-01 05:34:34,616 - INFO - Epoca 17/150
2025-12-01 05:34:34,618 - INFO - ----------
2025-12-01 05:36:28,445 - INFO - train Loss: 0.6262 Acc: 0.7186
2025-12-01 05:36:58,810 - INFO - val Loss: 0.7927 Acc: 0.6583
2025-12-01 05:36:58,855 - INFO - Epoca 18/150
2025-12-01 05:36:58,857 - INFO - ----------
2025-12-01 05:38:33,850 - INFO - train Loss: 0.6048 Acc: 0.7205
2025-12-01 05:39:01,589 - INFO - val Loss: 0.7830 Acc: 0.6333
2025-12-01 05:39:01,592 - INFO - Epoca 19/150
2025-12-01 05:39:01,595 - INFO - ----------
2025-12-01 05:40:38,253 - INFO - train Loss: 0.5996 Acc: 0.7312
2025-12-01 05:41:04,369 - INFO - val Loss: 0.7987 Acc: 0.6250
2025-12-01 05:41:04,371 - INFO - Epoca 20/150
2025-12-01 05:41:04,372 - INFO - ----------
2025-12-01 05:42:43,667 - INFO - train Loss: 0.5958 Acc: 0.7314
2025-12-01 05:43:10,500 - INFO - val Loss: 0.7467 Acc: 0.6333
2025-12-01 05:43:10,502 - INFO - Epoca 21/150
2025-12-01 05:43:10,535 - INFO - ----------
2025-12-01 05:44:50,207 - INFO - train Loss: 0.5810 Acc: 0.7430
2025-12-01 05:45:17,436 - INFO - val Loss: 0.8116 Acc: 0.6250
2025-12-01 05:45:17,437 - INFO - Epoca 22/150
2025-12-01 05:45:17,439 - INFO - ----------
2025-12-01 05:46:55,491 - INFO - train Loss: 0.5689 Acc: 0.7390
2025-12-01 05:47:23,056 - INFO - val Loss: 0.7723 Acc: 0.6250
2025-12-01 05:47:23,058 - INFO - Epoca 23/150
2025-12-01 05:47:23,060 - INFO - ----------
2025-12-01 05:49:07,426 - INFO - train Loss: 0.5546 Acc: 0.7568
2025-12-01 05:49:34,063 - INFO - val Loss: 0.8010 Acc: 0.6333
2025-12-01 05:49:34,066 - INFO - Epoca 24/150
2025-12-01 05:49:34,068 - INFO - ----------
2025-12-01 05:51:11,505 - INFO - train Loss: 0.5618 Acc: 0.7539
2025-12-01 05:51:44,314 - INFO - val Loss: 0.7581 Acc: 0.6250
2025-12-01 05:51:44,316 - INFO - Epoca 25/150
2025-12-01 05:51:44,318 - INFO - ----------
2025-12-01 05:53:41,483 - INFO - train Loss: 0.5503 Acc: 0.7659
2025-12-01 05:54:12,307 - INFO - val Loss: 0.8149 Acc: 0.6583
2025-12-01 05:54:12,318 - INFO - Epoca 26/150
2025-12-01 05:54:12,320 - INFO - ----------
2025-12-01 05:56:11,531 - INFO - train Loss: 0.5459 Acc: 0.7632
2025-12-01 05:56:43,620 - INFO - val Loss: 0.7803 Acc: 0.6250
2025-12-01 05:56:43,623 - INFO - Epoca 27/150
2025-12-01 05:56:43,625 - INFO - ----------
2025-12-01 05:58:41,257 - INFO - train Loss: 0.5349 Acc: 0.7707
2025-12-01 05:59:14,686 - INFO - val Loss: 0.8526 Acc: 0.6250
2025-12-01 05:59:14,688 - INFO - Epoca 28/150
2025-12-01 05:59:14,691 - INFO - ----------
2025-12-01 06:01:14,626 - INFO - train Loss: 0.5372 Acc: 0.7655
2025-12-01 06:01:46,204 - INFO - val Loss: 0.8107 Acc: 0.6417
2025-12-01 06:01:46,209 - INFO - Epoca 29/150
2025-12-01 06:01:46,212 - INFO - ----------
2025-12-01 06:03:44,343 - INFO - train Loss: 0.5165 Acc: 0.7773
2025-12-01 06:04:15,396 - INFO - val Loss: 0.7889 Acc: 0.6417
2025-12-01 06:04:15,399 - INFO - Epoca 30/150
2025-12-01 06:04:15,404 - INFO - ----------
2025-12-01 06:06:17,809 - INFO - train Loss: 0.5154 Acc: 0.7767
2025-12-01 06:06:47,706 - INFO - val Loss: 0.7712 Acc: 0.6750
2025-12-01 06:06:47,708 - INFO - Epoca 31/150
2025-12-01 06:06:47,710 - INFO - ----------
2025-12-01 06:08:47,565 - INFO - train Loss: 0.5208 Acc: 0.7793
2025-12-01 06:09:20,347 - INFO - val Loss: 0.7772 Acc: 0.6500
2025-12-01 06:09:20,349 - INFO - Epoca 32/150
2025-12-01 06:09:20,352 - INFO - ----------
2025-12-01 06:11:20,913 - INFO - train Loss: 0.4959 Acc: 0.7893
2025-12-01 06:11:53,353 - INFO - val Loss: 0.8202 Acc: 0.6083
2025-12-01 06:11:53,354 - INFO - Epoca 33/150
2025-12-01 06:11:53,356 - INFO - ----------
2025-12-01 06:13:53,642 - INFO - train Loss: 0.4891 Acc: 0.7909
2025-12-01 06:14:26,988 - INFO - val Loss: 0.7968 Acc: 0.6500
2025-12-01 06:14:26,991 - INFO - Epoca 34/150
2025-12-01 06:14:27,002 - INFO - ----------
2025-12-01 06:16:26,178 - INFO - train Loss: 0.4739 Acc: 0.8017
2025-12-01 06:16:59,427 - INFO - val Loss: 0.7844 Acc: 0.6583
2025-12-01 06:16:59,431 - INFO - Epoca 35/150
2025-12-01 06:16:59,433 - INFO - ----------
2025-12-01 06:19:02,026 - INFO - train Loss: 0.4717 Acc: 0.8045
2025-12-01 06:19:36,310 - INFO - val Loss: 0.7679 Acc: 0.6667
2025-12-01 06:19:36,312 - INFO - Epoca 36/150
2025-12-01 06:19:36,314 - INFO - ----------
2025-12-01 06:21:10,487 - INFO - train Loss: 0.4715 Acc: 0.8076
2025-12-01 06:21:44,143 - INFO - val Loss: 0.8208 Acc: 0.6500
2025-12-01 06:21:44,153 - INFO - Epoca 37/150
2025-12-01 06:21:44,159 - INFO - ----------
2025-12-01 06:23:46,371 - INFO - train Loss: 0.4584 Acc: 0.8107
2025-12-01 06:24:11,654 - INFO - val Loss: 0.8110 Acc: 0.6750
2025-12-01 06:24:11,657 - INFO - Epoca 38/150
2025-12-01 06:24:11,669 - INFO - ----------
2025-12-01 06:26:15,267 - INFO - train Loss: 0.4582 Acc: 0.8085
2025-12-01 06:26:47,772 - INFO - val Loss: 0.7955 Acc: 0.6500
2025-12-01 06:26:47,775 - INFO - Epoca 39/150
2025-12-01 06:26:47,777 - INFO - ----------
2025-12-01 06:28:44,328 - INFO - train Loss: 0.4379 Acc: 0.8171
2025-12-01 06:29:16,603 - INFO - val Loss: 0.8003 Acc: 0.6667
2025-12-01 06:29:16,605 - INFO - Epoca 40/150
2025-12-01 06:29:16,607 - INFO - ----------
2025-12-01 06:31:12,860 - INFO - train Loss: 0.4406 Acc: 0.8159
2025-12-01 06:31:43,434 - INFO - val Loss: 0.8118 Acc: 0.6750
2025-12-01 06:31:43,436 - INFO - Epoca 41/150
2025-12-01 06:31:43,437 - INFO - ----------
2025-12-01 06:33:44,654 - INFO - train Loss: 0.4424 Acc: 0.8085
2025-12-01 06:34:18,646 - INFO - val Loss: 0.8191 Acc: 0.6667
2025-12-01 06:34:18,648 - INFO - Epoca 42/150
2025-12-01 06:34:18,655 - INFO - ----------
2025-12-01 06:36:18,364 - INFO - train Loss: 0.4210 Acc: 0.8246
2025-12-01 06:36:50,894 - INFO - val Loss: 0.8663 Acc: 0.6417
2025-12-01 06:36:50,895 - INFO - Epoca 43/150
2025-12-01 06:36:50,896 - INFO - ----------
2025-12-01 06:38:46,700 - INFO - train Loss: 0.4155 Acc: 0.8322
2025-12-01 06:39:19,447 - INFO - val Loss: 0.8688 Acc: 0.6167
2025-12-01 06:39:19,450 - INFO - Epoca 44/150
2025-12-01 06:39:19,453 - INFO - ----------
2025-12-01 06:41:19,094 - INFO - train Loss: 0.4112 Acc: 0.8285
2025-12-01 06:41:50,178 - INFO - val Loss: 0.8649 Acc: 0.6417
2025-12-01 06:41:50,180 - INFO - Epoca 45/150
2025-12-01 06:41:50,184 - INFO - ----------
2025-12-01 06:43:50,951 - INFO - train Loss: 0.4083 Acc: 0.8320
2025-12-01 06:44:22,895 - INFO - val Loss: 0.8097 Acc: 0.6667
2025-12-01 06:44:22,897 - INFO - Epoca 46/150
2025-12-01 06:44:22,902 - INFO - ----------
2025-12-01 06:46:23,741 - INFO - train Loss: 0.4025 Acc: 0.8390
2025-12-01 06:46:56,376 - INFO - val Loss: 0.8710 Acc: 0.6500
2025-12-01 06:46:56,379 - INFO - Epoca 47/150
2025-12-01 06:46:56,384 - INFO - ----------
2025-12-01 06:48:29,816 - INFO - train Loss: 0.3926 Acc: 0.8399
2025-12-01 06:49:03,340 - INFO - val Loss: 0.8918 Acc: 0.6500
2025-12-01 06:49:03,343 - INFO - Epoca 48/150
2025-12-01 06:49:03,350 - INFO - ----------
2025-12-01 06:51:01,914 - INFO - train Loss: 0.3918 Acc: 0.8382
2025-12-01 06:51:35,115 - INFO - val Loss: 0.9077 Acc: 0.6250
2025-12-01 06:51:35,117 - INFO - Epoca 49/150
2025-12-01 06:51:35,119 - INFO - ----------
2025-12-01 06:53:39,365 - INFO - train Loss: 0.3793 Acc: 0.8407
2025-12-01 06:54:11,015 - INFO - val Loss: 0.9244 Acc: 0.6417
2025-12-01 06:54:11,017 - INFO - Epoca 50/150
2025-12-01 06:54:11,019 - INFO - ----------
2025-12-01 06:56:13,734 - INFO - train Loss: 0.3855 Acc: 0.8438
2025-12-01 06:56:43,627 - INFO - val Loss: 0.8776 Acc: 0.6083
2025-12-01 06:56:43,648 - INFO - Epoca 51/150
2025-12-01 06:56:43,652 - INFO - ----------
2025-12-01 06:58:46,615 - INFO - train Loss: 0.3745 Acc: 0.8475
2025-12-01 06:59:19,148 - INFO - val Loss: 0.9251 Acc: 0.6250
2025-12-01 06:59:19,150 - INFO - Epoca 52/150
2025-12-01 06:59:19,153 - INFO - ----------
2025-12-01 07:01:18,009 - INFO - train Loss: 0.3583 Acc: 0.8587
2025-12-01 07:01:50,049 - INFO - val Loss: 0.8240 Acc: 0.6750
2025-12-01 07:01:50,050 - INFO - Epoca 53/150
2025-12-01 07:01:50,053 - INFO - ----------
2025-12-01 07:03:49,604 - INFO - train Loss: 0.3634 Acc: 0.8473
2025-12-01 07:04:22,377 - INFO - val Loss: 0.9313 Acc: 0.6167
2025-12-01 07:04:22,382 - INFO - Epoca 54/150
2025-12-01 07:04:22,385 - INFO - ----------
2025-12-01 07:06:19,593 - INFO - train Loss: 0.3517 Acc: 0.8587
2025-12-01 07:06:52,667 - INFO - val Loss: 1.0003 Acc: 0.6167
2025-12-01 07:06:52,670 - INFO - Epoca 55/150
2025-12-01 07:06:52,673 - INFO - ----------
2025-12-01 07:08:31,165 - INFO - train Loss: 0.3648 Acc: 0.8508
2025-12-01 07:08:56,247 - INFO - val Loss: 0.9163 Acc: 0.6083
2025-12-01 07:08:56,250 - INFO - Epoca 56/150
2025-12-01 07:08:56,254 - INFO - ----------
2025-12-01 07:11:05,370 - INFO - train Loss: 0.3557 Acc: 0.8539
2025-12-01 07:11:41,378 - INFO - val Loss: 0.9625 Acc: 0.6250
2025-12-01 07:11:41,381 - INFO - Epoca 57/150
2025-12-01 07:11:41,386 - INFO - ----------
2025-12-01 07:13:56,846 - INFO - train Loss: 0.3550 Acc: 0.8601
2025-12-01 07:14:31,902 - INFO - val Loss: 0.9324 Acc: 0.6417
2025-12-01 07:14:31,905 - INFO - Epoca 58/150
2025-12-01 07:14:31,908 - INFO - ----------
2025-12-01 07:16:46,184 - INFO - train Loss: 0.3390 Acc: 0.8647
2025-12-01 07:17:21,316 - INFO - val Loss: 0.8341 Acc: 0.6417
2025-12-01 07:17:21,317 - INFO - Epoca 59/150
2025-12-01 07:17:21,318 - INFO - ----------
2025-12-01 07:19:31,708 - INFO - train Loss: 0.3337 Acc: 0.8663
2025-12-01 07:20:05,546 - INFO - val Loss: 0.8532 Acc: 0.6667
2025-12-01 07:20:05,548 - INFO - Epoca 60/150
2025-12-01 07:20:05,550 - INFO - ----------
2025-12-01 07:22:19,317 - INFO - train Loss: 0.3406 Acc: 0.8618
2025-12-01 07:22:55,026 - INFO - val Loss: 0.9367 Acc: 0.6750
2025-12-01 07:22:55,030 - INFO - Epoca 61/150
2025-12-01 07:22:55,043 - INFO - ----------
2025-12-01 07:25:10,813 - INFO - train Loss: 0.3240 Acc: 0.8723
2025-12-01 07:25:47,800 - INFO - val Loss: 0.9452 Acc: 0.6250
2025-12-01 07:25:47,804 - INFO - Epoca 62/150
2025-12-01 07:25:47,806 - INFO - ----------
2025-12-01 07:28:03,894 - INFO - train Loss: 0.3287 Acc: 0.8688
2025-12-01 07:28:38,415 - INFO - val Loss: 0.9094 Acc: 0.6583
2025-12-01 07:28:38,417 - INFO - Epoca 63/150
2025-12-01 07:28:38,419 - INFO - ----------
2025-12-01 07:30:52,781 - INFO - train Loss: 0.3273 Acc: 0.8692
2025-12-01 07:31:28,787 - INFO - val Loss: 0.8851 Acc: 0.6417
2025-12-01 07:31:28,791 - INFO - Epoca 64/150
2025-12-01 07:31:28,799 - INFO - ----------
2025-12-01 07:33:24,382 - INFO - train Loss: 0.3143 Acc: 0.8789
2025-12-01 07:34:00,453 - INFO - val Loss: 0.9315 Acc: 0.6417
2025-12-01 07:34:00,459 - INFO - Epoca 65/150
2025-12-01 07:34:00,467 - INFO - ----------
2025-12-01 07:36:15,729 - INFO - train Loss: 0.3108 Acc: 0.8756
2025-12-01 07:36:49,545 - INFO - val Loss: 0.8775 Acc: 0.7167
2025-12-01 07:36:49,549 - INFO - Epoca 66/150
2025-12-01 07:36:49,552 - INFO - ----------
2025-12-01 07:39:00,301 - INFO - train Loss: 0.3192 Acc: 0.8764
2025-12-01 07:39:36,054 - INFO - val Loss: 0.8328 Acc: 0.6583
2025-12-01 07:39:36,056 - INFO - Epoca 67/150
2025-12-01 07:39:36,062 - INFO - ----------
2025-12-01 07:41:49,009 - INFO - train Loss: 0.3106 Acc: 0.8795
2025-12-01 07:42:24,449 - INFO - val Loss: 0.9525 Acc: 0.6583
2025-12-01 07:42:24,453 - INFO - Epoca 68/150
2025-12-01 07:42:24,454 - INFO - ----------
2025-12-01 07:44:40,685 - INFO - train Loss: 0.3025 Acc: 0.8804
2025-12-01 07:45:14,904 - INFO - val Loss: 0.9038 Acc: 0.6583
2025-12-01 07:45:14,908 - INFO - Epoca 69/150
2025-12-01 07:45:14,914 - INFO - ----------
2025-12-01 07:47:28,463 - INFO - train Loss: 0.2969 Acc: 0.8824
2025-12-01 07:48:05,086 - INFO - val Loss: 0.9102 Acc: 0.6583
2025-12-01 07:48:05,087 - INFO - Epoca 70/150
2025-12-01 07:48:05,089 - INFO - ----------
2025-12-01 07:50:20,587 - INFO - train Loss: 0.2879 Acc: 0.8886
2025-12-01 07:50:56,062 - INFO - val Loss: 0.9849 Acc: 0.5917
2025-12-01 07:50:56,068 - INFO - Epoca 71/150
2025-12-01 07:50:56,076 - INFO - ----------
2025-12-01 07:53:09,827 - INFO - train Loss: 0.2909 Acc: 0.8893
2025-12-01 07:53:44,162 - INFO - val Loss: 0.9111 Acc: 0.6417
2025-12-01 07:53:44,164 - INFO - Epoca 72/150
2025-12-01 07:53:44,166 - INFO - ----------
2025-12-01 07:55:58,285 - INFO - train Loss: 0.2879 Acc: 0.8876
2025-12-01 07:56:32,661 - INFO - val Loss: 0.9125 Acc: 0.6750
2025-12-01 07:56:32,662 - INFO - Epoca 73/150
2025-12-01 07:56:32,664 - INFO - ----------
2025-12-01 07:58:50,264 - INFO - train Loss: 0.2840 Acc: 0.8884
2025-12-01 07:59:28,564 - INFO - val Loss: 1.0395 Acc: 0.6500
2025-12-01 07:59:28,570 - INFO - Epoca 74/150
2025-12-01 07:59:28,571 - INFO - ----------
2025-12-01 08:00:59,261 - INFO - train Loss: 0.2924 Acc: 0.8907
2025-12-01 08:01:27,635 - INFO - val Loss: 0.9776 Acc: 0.6083
2025-12-01 08:01:27,636 - INFO - Epoca 75/150
2025-12-01 08:01:27,638 - INFO - ----------
2025-12-01 08:03:02,506 - INFO - train Loss: 0.2742 Acc: 0.8891
2025-12-01 08:03:31,147 - INFO - val Loss: 0.9759 Acc: 0.6333
2025-12-01 08:03:31,148 - INFO - Epoca 76/150
2025-12-01 08:03:31,149 - INFO - ----------
2025-12-01 08:05:02,404 - INFO - train Loss: 0.2908 Acc: 0.8828
2025-12-01 08:05:31,260 - INFO - val Loss: 1.0012 Acc: 0.6250
2025-12-01 08:05:31,261 - INFO - Epoca 77/150
2025-12-01 08:05:31,263 - INFO - ----------
2025-12-01 08:07:04,818 - INFO - train Loss: 0.2593 Acc: 0.9010
2025-12-01 08:07:31,667 - INFO - val Loss: 1.0093 Acc: 0.6500
2025-12-01 08:07:31,668 - INFO - Epoca 78/150
2025-12-01 08:07:31,669 - INFO - ----------
2025-12-01 08:09:04,480 - INFO - train Loss: 0.2794 Acc: 0.8938
2025-12-01 08:09:33,871 - INFO - val Loss: 1.0257 Acc: 0.6500
2025-12-01 08:09:33,872 - INFO - Epoca 79/150
2025-12-01 08:09:33,873 - INFO - ----------
2025-12-01 08:11:05,357 - INFO - train Loss: 0.2692 Acc: 0.9021
2025-12-01 08:11:30,951 - INFO - val Loss: 1.0899 Acc: 0.6083
2025-12-01 08:11:30,952 - INFO - Epoca 80/150
2025-12-01 08:11:30,954 - INFO - ----------
2025-12-01 08:13:05,330 - INFO - train Loss: 0.2575 Acc: 0.8986
2025-12-01 08:13:35,918 - INFO - val Loss: 1.0167 Acc: 0.6833
2025-12-01 08:13:35,919 - INFO - Epoca 81/150
2025-12-01 08:13:35,920 - INFO - ----------
2025-12-01 08:15:08,307 - INFO - train Loss: 0.2519 Acc: 0.8994
2025-12-01 08:15:38,649 - INFO - val Loss: 1.0582 Acc: 0.6333
2025-12-01 08:15:38,650 - INFO - Epoca 82/150
2025-12-01 08:15:38,652 - INFO - ----------
2025-12-01 08:17:14,212 - INFO - train Loss: 0.2675 Acc: 0.8953
2025-12-01 08:17:42,407 - INFO - val Loss: 1.0414 Acc: 0.6500
2025-12-01 08:17:42,408 - INFO - Epoca 83/150
2025-12-01 08:17:42,410 - INFO - ----------
2025-12-01 08:19:17,032 - INFO - train Loss: 0.2532 Acc: 0.9050
2025-12-01 08:19:46,119 - INFO - val Loss: 1.0429 Acc: 0.6583
2025-12-01 08:19:46,120 - INFO - Epoca 84/150
2025-12-01 08:19:46,121 - INFO - ----------
2025-12-01 08:21:23,768 - INFO - train Loss: 0.2648 Acc: 0.8946
2025-12-01 08:21:50,690 - INFO - val Loss: 0.9820 Acc: 0.6833
2025-12-01 08:21:50,690 - INFO - Epoca 85/150
2025-12-01 08:21:50,691 - INFO - ----------
2025-12-01 08:23:24,354 - INFO - train Loss: 0.2540 Acc: 0.9019
2025-12-01 08:23:52,891 - INFO - val Loss: 1.0580 Acc: 0.6583
2025-12-01 08:23:52,892 - INFO - Epoca 86/150
2025-12-01 08:23:52,893 - INFO - ----------
2025-12-01 08:25:25,507 - INFO - train Loss: 0.2635 Acc: 0.8953
2025-12-01 08:25:55,782 - INFO - val Loss: 0.9543 Acc: 0.6750
2025-12-01 08:25:55,783 - INFO - Epoca 87/150
2025-12-01 08:25:55,784 - INFO - ----------
2025-12-01 08:27:33,274 - INFO - train Loss: 0.2258 Acc: 0.9182
2025-12-01 08:28:04,119 - INFO - val Loss: 1.0204 Acc: 0.6417
2025-12-01 08:28:04,120 - INFO - Epoca 88/150
2025-12-01 08:28:04,121 - INFO - ----------
2025-12-01 08:29:40,586 - INFO - train Loss: 0.2397 Acc: 0.9056
2025-12-01 08:30:10,448 - INFO - val Loss: 1.1165 Acc: 0.6417
2025-12-01 08:30:10,448 - INFO - Epoca 89/150
2025-12-01 08:30:10,457 - INFO - ----------
2025-12-01 08:31:46,717 - INFO - train Loss: 0.2393 Acc: 0.9081
2025-12-01 08:32:13,932 - INFO - val Loss: 1.0820 Acc: 0.6583
2025-12-01 08:32:13,933 - INFO - Epoca 90/150
2025-12-01 08:32:13,935 - INFO - ----------
2025-12-01 08:33:49,050 - INFO - train Loss: 0.2275 Acc: 0.9070
2025-12-01 08:34:19,689 - INFO - val Loss: 1.0773 Acc: 0.6500
2025-12-01 08:34:19,691 - INFO - Epoca 91/150
2025-12-01 08:34:19,693 - INFO - ----------
2025-12-01 08:35:56,370 - INFO - train Loss: 0.2383 Acc: 0.9085
2025-12-01 08:36:28,643 - INFO - val Loss: 0.9657 Acc: 0.6167
2025-12-01 08:36:28,644 - INFO - Epoca 92/150
2025-12-01 08:36:28,645 - INFO - ----------
2025-12-01 08:38:06,297 - INFO - train Loss: 0.2373 Acc: 0.9099
2025-12-01 08:38:37,156 - INFO - val Loss: 1.1736 Acc: 0.6250
2025-12-01 08:38:37,168 - INFO - Epoca 93/150
2025-12-01 08:38:37,169 - INFO - ----------
2025-12-01 08:40:12,165 - INFO - train Loss: 0.2292 Acc: 0.9116
2025-12-01 08:40:40,069 - INFO - val Loss: 1.0750 Acc: 0.6583
2025-12-01 08:40:40,070 - INFO - Epoca 94/150
2025-12-01 08:40:40,071 - INFO - ----------
2025-12-01 08:42:15,960 - INFO - train Loss: 0.2280 Acc: 0.9124
2025-12-01 08:42:43,819 - INFO - val Loss: 1.0442 Acc: 0.6500
2025-12-01 08:42:43,820 - INFO - Epoca 95/150
2025-12-01 08:42:43,821 - INFO - ----------
2025-12-01 08:44:20,453 - INFO - train Loss: 0.2302 Acc: 0.9109
2025-12-01 08:44:49,589 - INFO - val Loss: 1.0690 Acc: 0.6833
2025-12-01 08:44:49,591 - INFO - Epoca 96/150
2025-12-01 08:44:49,592 - INFO - ----------
2025-12-01 08:46:25,017 - INFO - train Loss: 0.2272 Acc: 0.9155
2025-12-01 08:46:54,133 - INFO - val Loss: 1.2173 Acc: 0.5917
2025-12-01 08:46:54,134 - INFO - Epoca 97/150
2025-12-01 08:46:54,136 - INFO - ----------
2025-12-01 08:48:30,622 - INFO - train Loss: 0.2182 Acc: 0.9159
2025-12-01 08:48:59,050 - INFO - val Loss: 1.2355 Acc: 0.5917
2025-12-01 08:48:59,051 - INFO - Epoca 98/150
2025-12-01 08:48:59,052 - INFO - ----------
2025-12-01 08:50:33,052 - INFO - train Loss: 0.2198 Acc: 0.9140
2025-12-01 08:51:01,493 - INFO - val Loss: 1.1814 Acc: 0.6333
2025-12-01 08:51:01,494 - INFO - Epoca 99/150
2025-12-01 08:51:01,496 - INFO - ----------
2025-12-01 08:52:36,642 - INFO - train Loss: 0.2066 Acc: 0.9213
2025-12-01 08:53:05,536 - INFO - val Loss: 1.1479 Acc: 0.5917
2025-12-01 08:53:05,537 - INFO - Epoca 100/150
2025-12-01 08:53:05,538 - INFO - ----------
2025-12-01 08:54:43,769 - INFO - train Loss: 0.2129 Acc: 0.9200
2025-12-01 08:55:12,339 - INFO - val Loss: 1.1472 Acc: 0.6083
2025-12-01 08:55:12,341 - INFO - Epoca 101/150
2025-12-01 08:55:12,343 - INFO - ----------
2025-12-01 08:56:47,212 - INFO - train Loss: 0.2142 Acc: 0.9180
2025-12-01 08:57:17,063 - INFO - val Loss: 1.1634 Acc: 0.6250
2025-12-01 08:57:17,065 - INFO - Epoca 102/150
2025-12-01 08:57:17,067 - INFO - ----------
2025-12-01 08:58:51,255 - INFO - train Loss: 0.2054 Acc: 0.9256
2025-12-01 08:59:20,165 - INFO - val Loss: 1.1374 Acc: 0.6667
2025-12-01 08:59:20,166 - INFO - Epoca 103/150
2025-12-01 08:59:20,176 - INFO - ----------
2025-12-01 09:00:57,397 - INFO - train Loss: 0.2001 Acc: 0.9221
2025-12-01 09:01:28,160 - INFO - val Loss: 1.1921 Acc: 0.6333
2025-12-01 09:01:28,162 - INFO - Epoca 104/150
2025-12-01 09:01:28,164 - INFO - ----------
2025-12-01 09:03:03,983 - INFO - train Loss: 0.2112 Acc: 0.9227
2025-12-01 09:03:33,392 - INFO - val Loss: 1.1158 Acc: 0.5833
2025-12-01 09:03:33,395 - INFO - Epoca 105/150
2025-12-01 09:03:33,398 - INFO - ----------
2025-12-01 09:05:08,692 - INFO - train Loss: 0.2175 Acc: 0.9196
2025-12-01 09:05:39,165 - INFO - val Loss: 1.2006 Acc: 0.6167
2025-12-01 09:05:39,166 - INFO - Epoca 106/150
2025-12-01 09:05:39,168 - INFO - ----------
2025-12-01 09:07:13,068 - INFO - train Loss: 0.1938 Acc: 0.9264
2025-12-01 09:07:45,591 - INFO - val Loss: 1.1646 Acc: 0.6417
2025-12-01 09:07:45,592 - INFO - Epoca 107/150
2025-12-01 09:07:45,594 - INFO - ----------
2025-12-01 09:09:24,639 - INFO - train Loss: 0.1960 Acc: 0.9264
2025-12-01 09:09:55,780 - INFO - val Loss: 1.0198 Acc: 0.6833
2025-12-01 09:09:55,783 - INFO - Epoca 108/150
2025-12-01 09:09:55,785 - INFO - ----------
2025-12-01 09:11:29,216 - INFO - train Loss: 0.2064 Acc: 0.9217
2025-12-01 09:11:58,944 - INFO - val Loss: 1.1149 Acc: 0.6000
2025-12-01 09:11:58,946 - INFO - Epoca 109/150
2025-12-01 09:11:58,948 - INFO - ----------
2025-12-01 09:13:36,013 - INFO - train Loss: 0.1984 Acc: 0.9271
2025-12-01 09:14:06,609 - INFO - val Loss: 1.2106 Acc: 0.6500
2025-12-01 09:14:06,612 - INFO - Epoca 110/150
2025-12-01 09:14:06,614 - INFO - ----------
2025-12-01 09:15:41,033 - INFO - train Loss: 0.1870 Acc: 0.9300
2025-12-01 09:16:13,757 - INFO - val Loss: 1.2006 Acc: 0.6417
2025-12-01 09:16:13,759 - INFO - Epoca 111/150
2025-12-01 09:16:13,761 - INFO - ----------
2025-12-01 09:17:45,727 - INFO - train Loss: 0.1840 Acc: 0.9370
2025-12-01 09:18:15,568 - INFO - val Loss: 1.2618 Acc: 0.5917
2025-12-01 09:18:15,570 - INFO - Epoca 112/150
2025-12-01 09:18:15,571 - INFO - ----------
2025-12-01 09:19:52,740 - INFO - train Loss: 0.1953 Acc: 0.9302
2025-12-01 09:20:23,323 - INFO - val Loss: 1.1697 Acc: 0.6250
2025-12-01 09:20:23,353 - INFO - Epoca 113/150
2025-12-01 09:20:23,355 - INFO - ----------
2025-12-01 09:21:56,862 - INFO - train Loss: 0.1782 Acc: 0.9298
2025-12-01 09:22:31,955 - INFO - val Loss: 1.3121 Acc: 0.6500
2025-12-01 09:22:31,957 - INFO - Epoca 114/150
2025-12-01 09:22:31,959 - INFO - ----------
2025-12-01 09:24:10,882 - INFO - train Loss: 0.1860 Acc: 0.9287
2025-12-01 09:24:40,993 - INFO - val Loss: 1.3145 Acc: 0.6000
2025-12-01 09:24:40,994 - INFO - Epoca 115/150
2025-12-01 09:24:40,995 - INFO - ----------
2025-12-01 09:26:20,009 - INFO - train Loss: 0.1928 Acc: 0.9289
2025-12-01 09:26:47,242 - INFO - val Loss: 1.3384 Acc: 0.5750
2025-12-01 09:26:47,243 - INFO - Epoca 116/150
2025-12-01 09:26:47,244 - INFO - ----------
2025-12-01 09:28:20,793 - INFO - train Loss: 0.1676 Acc: 0.9372
2025-12-01 09:28:47,470 - INFO - val Loss: 1.3243 Acc: 0.6333
2025-12-01 09:28:47,471 - INFO - Epoca 117/150
2025-12-01 09:28:47,471 - INFO - ----------
2025-12-01 09:30:24,973 - INFO - train Loss: 0.1793 Acc: 0.9335
2025-12-01 09:30:51,931 - INFO - val Loss: 1.2625 Acc: 0.5833
2025-12-01 09:30:51,932 - INFO - Epoca 118/150
2025-12-01 09:30:51,933 - INFO - ----------
2025-12-01 09:32:29,365 - INFO - train Loss: 0.1820 Acc: 0.9275
2025-12-01 09:32:56,480 - INFO - val Loss: 1.2605 Acc: 0.6000
2025-12-01 09:32:56,481 - INFO - Epoca 119/150
2025-12-01 09:32:56,482 - INFO - ----------
2025-12-01 09:34:36,057 - INFO - train Loss: 0.1869 Acc: 0.9326
2025-12-01 09:35:04,878 - INFO - val Loss: 1.1943 Acc: 0.6417
2025-12-01 09:35:04,879 - INFO - Epoca 120/150
2025-12-01 09:35:04,881 - INFO - ----------
2025-12-01 09:36:39,250 - INFO - train Loss: 0.1772 Acc: 0.9329
2025-12-01 09:37:08,188 - INFO - val Loss: 1.2001 Acc: 0.6417
2025-12-01 09:37:08,189 - INFO - Epoca 121/150
2025-12-01 09:37:08,191 - INFO - ----------
2025-12-01 09:38:44,544 - INFO - train Loss: 0.1941 Acc: 0.9275
2025-12-01 09:39:11,271 - INFO - val Loss: 1.1028 Acc: 0.6583
2025-12-01 09:39:11,273 - INFO - Epoca 122/150
2025-12-01 09:39:11,274 - INFO - ----------
2025-12-01 09:40:52,297 - INFO - train Loss: 0.1859 Acc: 0.9277
2025-12-01 09:41:19,384 - INFO - val Loss: 1.2496 Acc: 0.6583
2025-12-01 09:41:19,386 - INFO - Epoca 123/150
2025-12-01 09:41:19,411 - INFO - ----------
2025-12-01 09:42:53,463 - INFO - train Loss: 0.1834 Acc: 0.9300
2025-12-01 09:43:24,085 - INFO - val Loss: 1.1817 Acc: 0.6833
2025-12-01 09:43:24,086 - INFO - Epoca 124/150
2025-12-01 09:43:24,087 - INFO - ----------
2025-12-01 09:45:03,458 - INFO - train Loss: 0.1649 Acc: 0.9355
2025-12-01 09:45:29,287 - INFO - val Loss: 1.2395 Acc: 0.6333
2025-12-01 09:45:29,289 - INFO - Epoca 125/150
2025-12-01 09:45:29,290 - INFO - ----------
2025-12-01 09:47:09,689 - INFO - train Loss: 0.1695 Acc: 0.9335
2025-12-01 09:47:36,647 - INFO - val Loss: 1.3152 Acc: 0.6333
2025-12-01 09:47:36,648 - INFO - Epoca 126/150
2025-12-01 09:47:36,649 - INFO - ----------
2025-12-01 09:49:14,123 - INFO - train Loss: 0.1756 Acc: 0.9333
2025-12-01 09:49:37,603 - INFO - val Loss: 1.3580 Acc: 0.6083
2025-12-01 09:49:37,604 - INFO - Epoca 127/150
2025-12-01 09:49:37,605 - INFO - ----------
2025-12-01 09:51:20,975 - INFO - train Loss: 0.1687 Acc: 0.9359
2025-12-01 09:51:52,133 - INFO - val Loss: 1.2078 Acc: 0.6000
2025-12-01 09:51:52,135 - INFO - Epoca 128/150
2025-12-01 09:51:52,136 - INFO - ----------
2025-12-01 09:53:29,514 - INFO - train Loss: 0.1705 Acc: 0.9337
2025-12-01 09:53:56,373 - INFO - val Loss: 1.3480 Acc: 0.6083
2025-12-01 09:53:56,375 - INFO - Epoca 129/150
2025-12-01 09:53:56,377 - INFO - ----------
2025-12-01 09:55:37,091 - INFO - train Loss: 0.1568 Acc: 0.9419
2025-12-01 09:56:11,097 - INFO - val Loss: 1.2660 Acc: 0.6000
2025-12-01 09:56:11,130 - INFO - Epoca 130/150
2025-12-01 09:56:11,132 - INFO - ----------
2025-12-01 09:57:11,386 - INFO - train Loss: 0.1492 Acc: 0.9438
2025-12-01 09:57:29,596 - INFO - val Loss: 1.2653 Acc: 0.6167
2025-12-01 09:57:29,597 - INFO - Epoca 131/150
2025-12-01 09:57:29,598 - INFO - ----------
2025-12-01 09:59:08,674 - INFO - train Loss: 0.1642 Acc: 0.9395
2025-12-01 09:59:39,230 - INFO - val Loss: 1.1819 Acc: 0.6417
2025-12-01 09:59:39,236 - INFO - Epoca 132/150
2025-12-01 09:59:39,238 - INFO - ----------
2025-12-01 10:01:11,382 - INFO - train Loss: 0.1642 Acc: 0.9407
2025-12-01 10:01:40,601 - INFO - val Loss: 1.1917 Acc: 0.6167
2025-12-01 10:01:40,623 - INFO - Epoca 133/150
2025-12-01 10:01:40,627 - INFO - ----------
2025-12-01 10:03:18,029 - INFO - train Loss: 0.1672 Acc: 0.9421
2025-12-01 10:03:49,273 - INFO - val Loss: 1.2675 Acc: 0.6667
2025-12-01 10:03:49,275 - INFO - Epoca 134/150
2025-12-01 10:03:49,276 - INFO - ----------
2025-12-01 10:05:23,333 - INFO - train Loss: 0.1550 Acc: 0.9407
2025-12-01 10:05:51,754 - INFO - val Loss: 1.3515 Acc: 0.6000
2025-12-01 10:05:51,755 - INFO - Epoca 135/150
2025-12-01 10:05:51,757 - INFO - ----------
2025-12-01 10:07:26,057 - INFO - train Loss: 0.1554 Acc: 0.9430
2025-12-01 10:07:57,007 - INFO - val Loss: 1.2971 Acc: 0.5833
2025-12-01 10:07:57,021 - INFO - Epoca 136/150
2025-12-01 10:07:57,022 - INFO - ----------
2025-12-01 10:09:30,231 - INFO - train Loss: 0.1665 Acc: 0.9353
2025-12-01 10:09:59,614 - INFO - val Loss: 1.3734 Acc: 0.5750
2025-12-01 10:09:59,616 - INFO - Epoca 137/150
2025-12-01 10:09:59,618 - INFO - ----------
2025-12-01 10:11:35,588 - INFO - train Loss: 0.1563 Acc: 0.9440
2025-12-01 10:12:05,363 - INFO - val Loss: 1.3430 Acc: 0.5917
2025-12-01 10:12:05,364 - INFO - Epoca 138/150
2025-12-01 10:12:05,366 - INFO - ----------
2025-12-01 10:13:41,029 - INFO - train Loss: 0.1597 Acc: 0.9413
2025-12-01 10:14:10,438 - INFO - val Loss: 1.4564 Acc: 0.5917
2025-12-01 10:14:10,439 - INFO - Epoca 139/150
2025-12-01 10:14:10,440 - INFO - ----------
2025-12-01 10:15:47,898 - INFO - train Loss: 0.1632 Acc: 0.9403
2025-12-01 10:16:19,399 - INFO - val Loss: 1.3703 Acc: 0.6083
2025-12-01 10:16:19,400 - INFO - Epoca 140/150
2025-12-01 10:16:19,402 - INFO - ----------
2025-12-01 10:18:04,848 - INFO - train Loss: 0.1460 Acc: 0.9448
2025-12-01 10:18:35,491 - INFO - val Loss: 1.5053 Acc: 0.6083
2025-12-01 10:18:35,492 - INFO - Epoca 141/150
2025-12-01 10:18:35,495 - INFO - ----------
2025-12-01 10:20:09,032 - INFO - train Loss: 0.1493 Acc: 0.9453
2025-12-01 10:20:38,398 - INFO - val Loss: 1.4791 Acc: 0.5750
2025-12-01 10:20:38,400 - INFO - Epoca 142/150
2025-12-01 10:20:38,401 - INFO - ----------
2025-12-01 10:22:13,403 - INFO - train Loss: 0.1543 Acc: 0.9436
2025-12-01 10:22:42,974 - INFO - val Loss: 1.3364 Acc: 0.6083
2025-12-01 10:22:42,975 - INFO - Epoca 143/150
2025-12-01 10:22:42,976 - INFO - ----------
2025-12-01 10:24:21,872 - INFO - train Loss: 0.1460 Acc: 0.9463
2025-12-01 10:24:51,118 - INFO - val Loss: 1.2288 Acc: 0.6417
2025-12-01 10:24:51,119 - INFO - Epoca 144/150
2025-12-01 10:24:51,121 - INFO - ----------
2025-12-01 10:26:27,936 - INFO - train Loss: 0.1545 Acc: 0.9436
2025-12-01 10:26:57,015 - INFO - val Loss: 1.3065 Acc: 0.6250
2025-12-01 10:26:57,017 - INFO - Epoca 145/150
2025-12-01 10:26:57,018 - INFO - ----------
2025-12-01 10:28:33,733 - INFO - train Loss: 0.1545 Acc: 0.9450
2025-12-01 10:29:01,931 - INFO - val Loss: 1.4625 Acc: 0.6250
2025-12-01 10:29:01,932 - INFO - Epoca 146/150
2025-12-01 10:29:01,933 - INFO - ----------
2025-12-01 10:30:36,187 - INFO - train Loss: 0.1430 Acc: 0.9494
2025-12-01 10:31:06,398 - INFO - val Loss: 1.5619 Acc: 0.6250
2025-12-01 10:31:06,399 - INFO - Epoca 147/150
2025-12-01 10:31:06,401 - INFO - ----------
2025-12-01 10:32:38,955 - INFO - train Loss: 0.1519 Acc: 0.9471
2025-12-01 10:33:07,411 - INFO - val Loss: 1.4931 Acc: 0.6417
2025-12-01 10:33:07,413 - INFO - Epoca 148/150
2025-12-01 10:33:07,419 - INFO - ----------
2025-12-01 10:34:42,650 - INFO - train Loss: 0.1516 Acc: 0.9442
2025-12-01 10:35:11,470 - INFO - val Loss: 1.3998 Acc: 0.6167
2025-12-01 10:35:11,472 - INFO - Epoca 149/150
2025-12-01 10:35:11,473 - INFO - ----------
2025-12-01 10:36:46,502 - INFO - train Loss: 0.1453 Acc: 0.9481
2025-12-01 10:37:14,115 - INFO - val Loss: 1.4057 Acc: 0.6167
2025-12-01 10:37:14,116 - INFO - Epoca 150/150
2025-12-01 10:37:14,117 - INFO - ----------
2025-12-01 10:38:50,118 - INFO - train Loss: 0.1363 Acc: 0.9500
2025-12-01 10:39:20,040 - INFO - val Loss: 1.2764 Acc: 0.6167
2025-12-01 10:39:20,041 - INFO - Entrenamiento completado en 346m 48s
2025-12-01 10:39:20,042 - INFO - Mejor Val Acc: 0.7167
2025-12-01 10:39:52,240 - INFO - Cargando el mejor modelo para la evaluación...
2025-12-01 11:46:06,408 - INFO - Cargando el mejor modelo para la evaluación...
