2026-01-04 15:44:26,331 - INFO - Modelo SBTAYLOR_KAN.Net importado correctamente.
2026-01-04 15:44:26,333 - INFO - Los pesos del modelo se guardarán en: 'models/sbtaylor_kan_cotton\run_20260104_154426\sbtaylor_kan.best_weights.pth'
2026-01-04 15:44:26,335 - INFO - El registro de entrenamiento se guardará en: 'models/sbtaylor_kan_cotton\run_20260104_154426\training_run.log'
2026-01-04 15:44:26,362 - INFO - Versión de PyTorch: 2.9.0+cu126
2026-01-04 15:44:26,364 - INFO - ¿CUDA está disponible?: True
2026-01-04 15:44:26,366 - INFO - Versión de CUDA con la que PyTorch fue compilado: 12.6
2026-01-04 15:44:26,369 - INFO - Número de GPUs disponibles: 1
2026-01-04 15:44:26,376 - INFO - Nombre de la GPU actual: NVIDIA GeForce RTX 4090
2026-01-04 15:44:26,416 - INFO - --- Hyperparámetros de Entrenamiento ---
2026-01-04 15:44:26,419 - INFO - Batch Size: 64
2026-01-04 15:44:26,421 - INFO - Num Epochs: 150
2026-01-04 15:44:26,423 - INFO - Learning Rate: 0.0001
2026-01-04 15:44:26,490 - INFO - 
Cargando dataset de ./Preprocessed Ori...
2026-01-04 15:44:26,517 - INFO - Clases detectadas: ['Bacterial Blight', 'Curl Virus', 'Healthy Leaf', 'Herbicide Growth Damage', 'Leaf Hopper Jassids', 'Leaf Redding']
2026-01-04 15:44:26,551 - INFO - 
Usando dispositivo: cuda
2026-01-04 15:45:36,925 - INFO - Iniciando entrenamiento por 150 épocas...
2026-01-04 15:45:36,927 - INFO - Paciencia configurada: 10 épocas.
2026-01-04 15:45:36,929 - INFO - --- Época 1/150 ---
2026-01-04 15:46:19,803 - INFO - Train Loss: 1.8192 Acc: 0.1895
2026-01-04 15:46:21,723 - INFO -   [LR] Tasa de aprendizaje actual: 0.000100
2026-01-04 15:46:21,724 - INFO -   [Mejora Loss] inf -> 1.7658. Reseteando paciencia.
2026-01-04 15:46:21,725 - INFO - Val Loss: 1.7658 Acc: 0.2500
2026-01-04 15:46:22,182 - INFO -   [Nuevo Récord Acc] Guardado en: models/sbtaylor_kan_cotton\run_20260104_154426\best_model.pth
2026-01-04 15:46:22,184 - INFO - --- Época 2/150 ---
2026-01-04 15:46:46,442 - INFO - Train Loss: 1.7599 Acc: 0.2446
2026-01-04 15:46:48,590 - INFO -   [LR] Tasa de aprendizaje actual: 0.000100
2026-01-04 15:46:48,592 - INFO -   [Mejora Loss] 1.7658 -> 1.7530. Reseteando paciencia.
2026-01-04 15:46:48,593 - INFO - Val Loss: 1.7530 Acc: 0.3292
2026-01-04 15:46:49,141 - INFO -   [Nuevo Récord Acc] Guardado en: models/sbtaylor_kan_cotton\run_20260104_154426\best_model.pth
2026-01-04 15:46:49,143 - INFO - --- Época 3/150 ---
