2025-12-17 14:58:52,498 - INFO - Modelo SBTAYLOR_KAN.Net importado correctamente.
2025-12-17 14:58:52,499 - INFO - Los pesos del modelo se guardarán en: 'models/sbtaylor_kan_tiny_imagenet\run_20251217_145852\sbtaylor_kan.best_weights.pth'
2025-12-17 14:58:52,500 - INFO - El registro de entrenamiento se guardará en: 'models/sbtaylor_kan_tiny_imagenet\run_20251217_145852\training_run.log'
2025-12-17 14:58:52,527 - INFO - Versión de PyTorch: 2.9.0+cu126
2025-12-17 14:58:52,528 - INFO - ¿CUDA está disponible?: True
2025-12-17 14:58:52,530 - INFO - Versión de CUDA con la que PyTorch fue compilado: 12.6
2025-12-17 14:58:52,531 - INFO - Número de GPUs disponibles: 1
2025-12-17 14:58:52,535 - INFO - Nombre de la GPU actual: NVIDIA GeForce RTX 4090
2025-12-17 14:58:52,559 - INFO - --- Hyperparámetros de Entrenamiento ---
2025-12-17 14:58:52,560 - INFO - Batch Size: 64
2025-12-17 14:58:52,561 - INFO - Num Epochs: 150
2025-12-17 14:58:52,562 - INFO - Num Workers: 4
2025-12-17 15:01:05,901 - INFO - 
Usando dispositivo: cuda
2025-12-17 15:02:20,444 - INFO - Iniciando optimización bayesiana de hiperparámetros...
2025-12-17 15:03:45,596 - INFO - Epoch [1/5]  Loss: 2.3468  Train Acc: 9.57%  Val Acc: 9.20%
2025-12-17 15:05:06,692 - INFO - Epoch [2/5]  Loss: 2.3030  Train Acc: 10.22%  Val Acc: 9.70%
2025-12-17 15:06:26,385 - INFO - Epoch [3/5]  Loss: 2.3032  Train Acc: 8.97%  Val Acc: 8.30%
2025-12-17 15:07:47,531 - INFO - Epoch [4/5]  Loss: 2.3032  Train Acc: 9.75%  Val Acc: 8.10%
2025-12-17 15:09:07,759 - INFO - Epoch [5/5]  Loss: 2.3036  Train Acc: 10.15%  Val Acc: 8.10%
2025-12-17 15:09:36,871 - INFO - Calculando métricas estadísticas...
2025-12-17 15:15:26,699 - INFO - Iniciando optimización bayesiana de hiperparámetros...
2025-12-17 15:16:48,184 - INFO - Epoch [1/5]  Loss: 2.3399  Train Acc: 9.90%  Val Acc: 8.10%
2025-12-17 15:18:05,547 - INFO - Epoch [2/5]  Loss: 2.3032  Train Acc: 10.55%  Val Acc: 8.10%
2025-12-17 15:19:25,367 - INFO - Epoch [3/5]  Loss: 2.3030  Train Acc: 10.88%  Val Acc: 8.10%
2025-12-17 15:20:45,182 - INFO - Epoch [4/5]  Loss: 2.3031  Train Acc: 10.15%  Val Acc: 8.10%
2025-12-17 15:22:05,702 - INFO - Epoch [5/5]  Loss: 2.3025  Train Acc: 10.95%  Val Acc: 8.10%
2025-12-17 15:22:37,069 - INFO - Calculando métricas estadísticas...
2025-12-17 15:22:37,072 - INFO - Accuracy: 8.10%
2025-12-17 15:23:59,424 - INFO - Epoch [1/5]  Loss: 2.2716  Train Acc: 14.28%  Val Acc: 27.20%
2025-12-17 15:25:20,829 - INFO - Epoch [2/5]  Loss: 2.1580  Train Acc: 22.52%  Val Acc: 32.40%
2025-12-17 15:26:41,828 - INFO - Epoch [3/5]  Loss: 2.0505  Train Acc: 26.18%  Val Acc: 34.30%
2025-12-17 15:28:02,756 - INFO - Epoch [4/5]  Loss: 1.9855  Train Acc: 29.32%  Val Acc: 37.40%
2025-12-17 15:29:21,990 - INFO - Epoch [5/5]  Loss: 1.9445  Train Acc: 30.18%  Val Acc: 37.90%
2025-12-17 15:29:52,798 - INFO - Calculando métricas estadísticas...
2025-12-17 15:29:52,802 - INFO - Accuracy: 37.90%
2025-12-17 15:31:13,546 - INFO - Epoch [1/5]  Loss: 2.2940  Train Acc: 13.55%  Val Acc: 23.40%
2025-12-17 15:32:33,394 - INFO - Epoch [2/5]  Loss: 2.2218  Train Acc: 19.15%  Val Acc: 25.50%
2025-12-17 15:33:52,464 - INFO - Epoch [3/5]  Loss: 2.1506  Train Acc: 21.93%  Val Acc: 28.50%
2025-12-17 15:35:12,678 - INFO - Epoch [4/5]  Loss: 2.0828  Train Acc: 24.75%  Val Acc: 32.40%
2025-12-17 15:36:31,648 - INFO - Epoch [5/5]  Loss: 2.0211  Train Acc: 27.43%  Val Acc: 34.80%
2025-12-17 15:37:02,818 - INFO - Calculando métricas estadísticas...
2025-12-17 15:37:02,823 - INFO - Accuracy: 34.80%
2025-12-17 15:38:23,216 - INFO - Epoch [1/5]  Loss: 2.2838  Train Acc: 12.82%  Val Acc: 24.00%
2025-12-17 15:39:43,327 - INFO - Epoch [2/5]  Loss: 2.2075  Train Acc: 20.40%  Val Acc: 31.20%
2025-12-17 15:41:03,186 - INFO - Epoch [3/5]  Loss: 2.1089  Train Acc: 24.60%  Val Acc: 33.50%
2025-12-17 15:42:23,730 - INFO - Epoch [4/5]  Loss: 2.0417  Train Acc: 27.85%  Val Acc: 36.20%
2025-12-17 15:43:41,644 - INFO - Epoch [5/5]  Loss: 1.9785  Train Acc: 30.65%  Val Acc: 37.80%
2025-12-17 15:44:09,253 - INFO - Calculando métricas estadísticas...
2025-12-17 15:44:09,257 - INFO - Accuracy: 37.80%
2025-12-17 15:45:27,239 - INFO - Epoch [1/5]  Loss: 2.3281  Train Acc: 9.88%  Val Acc: 13.50%
2025-12-17 15:46:41,013 - INFO - Epoch [2/5]  Loss: 2.3108  Train Acc: 9.25%  Val Acc: 12.70%
2025-12-17 15:47:59,262 - INFO - Epoch [3/5]  Loss: 2.3045  Train Acc: 10.47%  Val Acc: 11.80%
2025-12-17 15:49:19,572 - INFO - Epoch [4/5]  Loss: 2.3050  Train Acc: 10.43%  Val Acc: 9.10%
2025-12-17 15:50:40,800 - INFO - Epoch [5/5]  Loss: 2.3050  Train Acc: 10.25%  Val Acc: 9.40%
2025-12-17 15:51:12,378 - INFO - Calculando métricas estadísticas...
2025-12-17 15:51:12,382 - INFO - Accuracy: 9.40%
2025-12-17 15:52:33,848 - INFO - Epoch [1/5]  Loss: 2.3180  Train Acc: 10.47%  Val Acc: 16.50%
2025-12-17 15:53:54,143 - INFO - Epoch [2/5]  Loss: 2.2940  Train Acc: 12.62%  Val Acc: 17.10%
2025-12-17 15:55:13,729 - INFO - Epoch [3/5]  Loss: 2.2898  Train Acc: 11.55%  Val Acc: 16.50%
2025-12-17 15:56:33,725 - INFO - Epoch [4/5]  Loss: 2.2792  Train Acc: 13.32%  Val Acc: 18.00%
2025-12-17 15:57:53,443 - INFO - Epoch [5/5]  Loss: 2.2715  Train Acc: 14.38%  Val Acc: 20.20%
2025-12-17 15:58:22,051 - INFO - Calculando métricas estadísticas...
2025-12-17 15:58:22,056 - INFO - Accuracy: 20.20%
2025-12-17 15:59:42,274 - INFO - Epoch [1/5]  Loss: 2.2774  Train Acc: 13.62%  Val Acc: 27.40%
2025-12-17 16:01:01,845 - INFO - Epoch [2/5]  Loss: 2.1789  Train Acc: 21.50%  Val Acc: 31.40%
2025-12-17 16:02:20,955 - INFO - Epoch [3/5]  Loss: 2.0898  Train Acc: 25.23%  Val Acc: 35.20%
2025-12-17 16:03:42,034 - INFO - Epoch [4/5]  Loss: 2.0115  Train Acc: 28.52%  Val Acc: 36.70%
2025-12-17 16:05:03,559 - INFO - Epoch [5/5]  Loss: 1.9592  Train Acc: 30.60%  Val Acc: 39.60%
2025-12-17 16:05:33,621 - INFO - Calculando métricas estadísticas...
2025-12-17 16:05:33,621 - INFO - Accuracy: 39.60%
2025-12-17 16:06:54,123 - INFO - Epoch [1/5]  Loss: 5.0805  Train Acc: 9.47%  Val Acc: 9.90%
2025-12-17 16:08:14,151 - INFO - Epoch [2/5]  Loss: 2.3127  Train Acc: 9.72%  Val Acc: 10.20%
2025-12-17 16:09:35,272 - INFO - Epoch [3/5]  Loss: 2.3049  Train Acc: 9.60%  Val Acc: 9.10%
2025-12-17 16:10:55,383 - INFO - Epoch [4/5]  Loss: 2.3046  Train Acc: 10.35%  Val Acc: 9.40%
2025-12-17 16:12:15,012 - INFO - Epoch [5/5]  Loss: 2.3041  Train Acc: 9.95%  Val Acc: 8.10%
2025-12-17 16:12:46,199 - INFO - Calculando métricas estadísticas...
2025-12-17 16:12:46,199 - INFO - Accuracy: 8.10%
2025-12-17 16:14:03,543 - INFO - Epoch [1/5]  Loss: 2.2275  Train Acc: 16.90%  Val Acc: 25.30%
2025-12-17 16:15:19,144 - INFO - Epoch [2/5]  Loss: 2.0168  Train Acc: 27.12%  Val Acc: 34.70%
2025-12-17 16:16:35,630 - INFO - Epoch [3/5]  Loss: 1.9060  Train Acc: 32.45%  Val Acc: 36.70%
2025-12-17 16:17:51,944 - INFO - Epoch [4/5]  Loss: 1.8268  Train Acc: 35.33%  Val Acc: 42.50%
2025-12-17 16:19:11,473 - INFO - Epoch [5/5]  Loss: 1.7512  Train Acc: 38.33%  Val Acc: 43.00%
2025-12-17 16:19:41,680 - INFO - Calculando métricas estadísticas...
2025-12-17 16:19:41,682 - INFO - Accuracy: 43.00%
2025-12-17 16:20:58,638 - INFO - Epoch [1/5]  Loss: 2.2896  Train Acc: 12.47%  Val Acc: 15.10%
2025-12-17 16:22:17,858 - INFO - Epoch [2/5]  Loss: 2.2298  Train Acc: 19.48%  Val Acc: 26.70%
2025-12-17 16:23:37,168 - INFO - Epoch [3/5]  Loss: 2.1453  Train Acc: 24.02%  Val Acc: 28.70%
2025-12-17 16:24:56,391 - INFO - Epoch [4/5]  Loss: 2.0631  Train Acc: 28.48%  Val Acc: 35.50%
2025-12-17 16:26:15,962 - INFO - Epoch [5/5]  Loss: 2.0194  Train Acc: 29.12%  Val Acc: 36.60%
2025-12-17 16:26:45,933 - INFO - Calculando métricas estadísticas...
2025-12-17 16:26:45,936 - INFO - Accuracy: 36.60%
2025-12-17 16:28:05,934 - INFO - Epoch [1/5]  Loss: 2.2947  Train Acc: 12.97%  Val Acc: 24.00%
2025-12-17 16:29:25,354 - INFO - Epoch [2/5]  Loss: 2.2577  Train Acc: 17.57%  Val Acc: 28.30%
2025-12-17 16:30:45,309 - INFO - Epoch [3/5]  Loss: 2.1938  Train Acc: 22.35%  Val Acc: 29.20%
2025-12-17 16:32:05,029 - INFO - Epoch [4/5]  Loss: 2.1236  Train Acc: 24.68%  Val Acc: 31.00%
2025-12-17 16:33:22,836 - INFO - Epoch [5/5]  Loss: 2.0657  Train Acc: 27.32%  Val Acc: 33.30%
2025-12-17 16:33:54,257 - INFO - Calculando métricas estadísticas...
2025-12-17 16:33:54,260 - INFO - Accuracy: 33.30%
2025-12-17 16:35:21,206 - INFO - Epoch [1/5]  Loss: 2.3290  Train Acc: 9.85%  Val Acc: 9.20%
2025-12-17 16:36:40,792 - INFO - Epoch [2/5]  Loss: 2.3073  Train Acc: 9.82%  Val Acc: 9.20%
2025-12-17 16:37:58,737 - INFO - Epoch [3/5]  Loss: 2.3036  Train Acc: 11.47%  Val Acc: 9.20%
2025-12-17 16:39:14,844 - INFO - Epoch [4/5]  Loss: 2.3046  Train Acc: 10.10%  Val Acc: 9.20%
2025-12-17 16:40:28,482 - INFO - Epoch [5/5]  Loss: 2.3043  Train Acc: 10.00%  Val Acc: 9.20%
2025-12-17 16:40:55,968 - INFO - Calculando métricas estadísticas...
2025-12-17 16:40:55,971 - INFO - Accuracy: 9.20%
2025-12-17 16:46:56,533 - INFO - Iniciando entrenamiento por 150 épocas...
2025-12-17 16:46:56,534 - INFO - Paciencia configurada: 10 épocas.
2025-12-17 16:46:56,534 - INFO - --- Época 1/150 ---
2025-12-17 16:47:42,962 - INFO - Train Loss: 2.2336 Acc: 0.1630
2025-12-17 16:48:10,913 - INFO -   [LR] Tasa de aprendizaje actual: 0.000087
2025-12-17 16:48:10,914 - INFO -   [Mejora Loss] inf -> 2.0962. Reseteando paciencia.
2025-12-17 16:48:10,915 - INFO - Val Loss: 2.0962 Acc: 0.3200
2025-12-17 16:48:11,356 - INFO -   [Nuevo Récord Acc] Guardado en: models/sbtaylor_kan_tiny_imagenet\run_20251217_145852\best_model.pth
2025-12-17 16:48:11,358 - INFO - --- Época 2/150 ---
2025-12-17 16:48:57,637 - INFO - Train Loss: 2.0347 Acc: 0.2770
2025-12-17 16:49:25,858 - INFO -   [LR] Tasa de aprendizaje actual: 0.000087
2025-12-17 16:49:25,859 - INFO -   [Mejora Loss] 2.0962 -> 1.9075. Reseteando paciencia.
2025-12-17 16:49:25,860 - INFO - Val Loss: 1.9075 Acc: 0.3640
2025-12-17 16:49:26,328 - INFO -   [Nuevo Récord Acc] Guardado en: models/sbtaylor_kan_tiny_imagenet\run_20251217_145852\best_model.pth
2025-12-17 16:49:26,330 - INFO - --- Época 3/150 ---
2025-12-17 16:50:12,762 - INFO - Train Loss: 1.9094 Acc: 0.3250
2025-12-17 16:50:41,213 - INFO -   [LR] Tasa de aprendizaje actual: 0.000087
2025-12-17 16:50:41,214 - INFO -   [Mejora Loss] 1.9075 -> 1.8267. Reseteando paciencia.
2025-12-17 16:50:41,215 - INFO - Val Loss: 1.8267 Acc: 0.4120
2025-12-17 16:50:41,701 - INFO -   [Nuevo Récord Acc] Guardado en: models/sbtaylor_kan_tiny_imagenet\run_20251217_145852\best_model.pth
2025-12-17 16:50:41,703 - INFO - --- Época 4/150 ---
2025-12-17 16:51:29,444 - INFO - Train Loss: 1.8257 Acc: 0.3593
2025-12-17 16:51:58,897 - INFO -   [LR] Tasa de aprendizaje actual: 0.000087
2025-12-17 16:51:58,899 - INFO -   [Mejora Loss] 1.8267 -> 1.7531. Reseteando paciencia.
2025-12-17 16:51:58,901 - INFO - Val Loss: 1.7531 Acc: 0.4240
2025-12-17 16:51:59,386 - INFO -   [Nuevo Récord Acc] Guardado en: models/sbtaylor_kan_tiny_imagenet\run_20251217_145852\best_model.pth
2025-12-17 16:51:59,387 - INFO - --- Época 5/150 ---
2025-12-17 16:52:48,811 - INFO - Train Loss: 1.7467 Acc: 0.3905
2025-12-17 16:53:19,882 - INFO -   [LR] Tasa de aprendizaje actual: 0.000087
2025-12-17 16:53:19,884 - INFO -   [Mejora Loss] 1.7531 -> 1.6858. Reseteando paciencia.
2025-12-17 16:53:19,887 - INFO - Val Loss: 1.6858 Acc: 0.4460
2025-12-17 16:53:20,344 - INFO -   [Nuevo Récord Acc] Guardado en: models/sbtaylor_kan_tiny_imagenet\run_20251217_145852\best_model.pth
2025-12-17 16:53:20,346 - INFO - --- Época 6/150 ---
2025-12-17 16:54:08,384 - INFO - Train Loss: 1.6680 Acc: 0.4190
2025-12-17 16:54:36,269 - INFO -   [LR] Tasa de aprendizaje actual: 0.000087
2025-12-17 16:54:36,270 - INFO -   [Mejora Loss] 1.6858 -> 1.6296. Reseteando paciencia.
2025-12-17 16:54:36,271 - INFO - Val Loss: 1.6296 Acc: 0.4520
2025-12-17 16:54:36,744 - INFO -   [Nuevo Récord Acc] Guardado en: models/sbtaylor_kan_tiny_imagenet\run_20251217_145852\best_model.pth
2025-12-17 16:54:36,746 - INFO - --- Época 7/150 ---
2025-12-17 16:55:23,745 - INFO - Train Loss: 1.6152 Acc: 0.4468
2025-12-17 16:55:52,218 - INFO -   [LR] Tasa de aprendizaje actual: 0.000087
2025-12-17 16:55:52,219 - INFO -   [Mejora Loss] 1.6296 -> 1.5994. Reseteando paciencia.
2025-12-17 16:55:52,221 - INFO - Val Loss: 1.5994 Acc: 0.4620
2025-12-17 16:55:52,651 - INFO -   [Nuevo Récord Acc] Guardado en: models/sbtaylor_kan_tiny_imagenet\run_20251217_145852\best_model.pth
2025-12-17 16:55:52,652 - INFO - --- Época 8/150 ---
2025-12-17 16:56:39,017 - INFO - Train Loss: 1.5688 Acc: 0.4585
2025-12-17 16:57:06,648 - INFO -   [LR] Tasa de aprendizaje actual: 0.000087
2025-12-17 16:57:06,649 - INFO -   [Mejora Loss] 1.5994 -> 1.5371. Reseteando paciencia.
2025-12-17 16:57:06,650 - INFO - Val Loss: 1.5371 Acc: 0.4880
2025-12-17 16:57:07,101 - INFO -   [Nuevo Récord Acc] Guardado en: models/sbtaylor_kan_tiny_imagenet\run_20251217_145852\best_model.pth
2025-12-17 16:57:07,103 - INFO - --- Época 9/150 ---
2025-12-17 16:57:53,744 - INFO - Train Loss: 1.5166 Acc: 0.4748
2025-12-17 16:58:21,695 - INFO -   [LR] Tasa de aprendizaje actual: 0.000087
2025-12-17 16:58:21,696 - INFO -   [Mejora Loss] 1.5371 -> 1.5173. Reseteando paciencia.
2025-12-17 16:58:21,698 - INFO - Val Loss: 1.5173 Acc: 0.4770
2025-12-17 16:58:21,700 - INFO - --- Época 10/150 ---
2025-12-17 16:59:07,534 - INFO - Train Loss: 1.4634 Acc: 0.4905
2025-12-17 16:59:35,947 - INFO -   [LR] Tasa de aprendizaje actual: 0.000087
2025-12-17 16:59:35,948 - INFO -   [Mejora Loss] 1.5173 -> 1.4829. Reseteando paciencia.
2025-12-17 16:59:35,949 - INFO - Val Loss: 1.4829 Acc: 0.4810
2025-12-17 16:59:35,951 - INFO - --- Época 11/150 ---
2025-12-17 17:00:21,741 - INFO - Train Loss: 1.4551 Acc: 0.5060
2025-12-17 17:00:49,183 - INFO -   [LR] Tasa de aprendizaje actual: 0.000087
2025-12-17 17:00:49,184 - INFO -   [Mejora Loss] 1.4829 -> 1.4541. Reseteando paciencia.
2025-12-17 17:00:49,186 - INFO - Val Loss: 1.4541 Acc: 0.4950
2025-12-17 17:00:49,652 - INFO -   [Nuevo Récord Acc] Guardado en: models/sbtaylor_kan_tiny_imagenet\run_20251217_145852\best_model.pth
2025-12-17 17:00:49,653 - INFO - --- Época 12/150 ---
2025-12-17 17:01:35,310 - INFO - Train Loss: 1.3908 Acc: 0.5178
2025-12-17 17:02:03,635 - INFO -   [LR] Tasa de aprendizaje actual: 0.000087
2025-12-17 17:02:03,637 - INFO -   [Mejora Loss] 1.4541 -> 1.4084. Reseteando paciencia.
2025-12-17 17:02:03,638 - INFO - Val Loss: 1.4084 Acc: 0.5280
2025-12-17 17:02:04,076 - INFO -   [Nuevo Récord Acc] Guardado en: models/sbtaylor_kan_tiny_imagenet\run_20251217_145852\best_model.pth
2025-12-17 17:02:04,077 - INFO - --- Época 13/150 ---
2025-12-17 17:02:49,806 - INFO - Train Loss: 1.3588 Acc: 0.5292
2025-12-17 17:03:18,024 - INFO -   [LR] Tasa de aprendizaje actual: 0.000087
2025-12-17 17:03:18,025 - INFO -   [Mejora Loss] 1.4084 -> 1.4067. Reseteando paciencia.
2025-12-17 17:03:18,026 - INFO - Val Loss: 1.4067 Acc: 0.5340
2025-12-17 17:03:18,492 - INFO -   [Nuevo Récord Acc] Guardado en: models/sbtaylor_kan_tiny_imagenet\run_20251217_145852\best_model.pth
2025-12-17 17:03:18,494 - INFO - --- Época 14/150 ---
2025-12-17 17:04:06,990 - INFO - Train Loss: 1.3165 Acc: 0.5477
2025-12-17 17:04:38,457 - INFO -   [LR] Tasa de aprendizaje actual: 0.000087
2025-12-17 17:04:38,458 - INFO -   [Mejora Loss] 1.4067 -> 1.3548. Reseteando paciencia.
2025-12-17 17:04:38,460 - INFO - Val Loss: 1.3548 Acc: 0.5360
2025-12-17 17:04:38,923 - INFO -   [Nuevo Récord Acc] Guardado en: models/sbtaylor_kan_tiny_imagenet\run_20251217_145852\best_model.pth
2025-12-17 17:04:38,924 - INFO - --- Época 15/150 ---
2025-12-17 17:05:25,058 - INFO - Train Loss: 1.2635 Acc: 0.5705
2025-12-17 17:05:53,025 - INFO -   [LR] Tasa de aprendizaje actual: 0.000087
2025-12-17 17:05:53,026 - INFO -   [Sin mejora Loss] Paciencia: 1/10
2025-12-17 17:05:53,028 - INFO - Val Loss: 1.3750 Acc: 0.5230
2025-12-17 17:05:53,031 - INFO - --- Época 16/150 ---
2025-12-17 17:06:39,051 - INFO - Train Loss: 1.2400 Acc: 0.5717
2025-12-17 17:07:06,742 - INFO -   [LR] Tasa de aprendizaje actual: 0.000087
2025-12-17 17:07:06,743 - INFO -   [Sin mejora Loss] Paciencia: 2/10
2025-12-17 17:07:06,745 - INFO - Val Loss: 1.3652 Acc: 0.5290
2025-12-17 17:07:06,746 - INFO - --- Época 17/150 ---
2025-12-17 17:07:53,332 - INFO - Train Loss: 1.2128 Acc: 0.5835
2025-12-17 17:08:21,552 - INFO -   [LR] Tasa de aprendizaje actual: 0.000087
2025-12-17 17:08:21,553 - INFO -   [Mejora Loss] 1.3548 -> 1.3162. Reseteando paciencia.
2025-12-17 17:08:21,554 - INFO - Val Loss: 1.3162 Acc: 0.5500
2025-12-17 17:08:22,002 - INFO -   [Nuevo Récord Acc] Guardado en: models/sbtaylor_kan_tiny_imagenet\run_20251217_145852\best_model.pth
2025-12-17 17:08:22,004 - INFO - --- Época 18/150 ---
2025-12-17 17:09:08,251 - INFO - Train Loss: 1.1744 Acc: 0.5985
2025-12-17 17:09:35,915 - INFO -   [LR] Tasa de aprendizaje actual: 0.000087
2025-12-17 17:09:35,916 - INFO -   [Sin mejora Loss] Paciencia: 1/10
2025-12-17 17:09:35,918 - INFO - Val Loss: 1.3419 Acc: 0.5210
2025-12-17 17:09:35,919 - INFO - --- Época 19/150 ---
2025-12-17 17:10:22,381 - INFO - Train Loss: 1.1539 Acc: 0.6090
2025-12-17 17:10:49,586 - INFO -   [LR] Tasa de aprendizaje actual: 0.000087
2025-12-17 17:10:49,587 - INFO -   [Sin mejora Loss] Paciencia: 2/10
2025-12-17 17:10:49,589 - INFO - Val Loss: 1.3311 Acc: 0.5320
2025-12-17 17:10:49,590 - INFO - --- Época 20/150 ---
2025-12-17 17:11:35,275 - INFO - Train Loss: 1.0904 Acc: 0.6285
2025-12-17 17:12:03,061 - INFO -   [LR] Tasa de aprendizaje actual: 0.000087
2025-12-17 17:12:03,063 - INFO -   [Mejora Loss] 1.3162 -> 1.2924. Reseteando paciencia.
2025-12-17 17:12:03,064 - INFO - Val Loss: 1.2924 Acc: 0.5490
2025-12-17 17:12:03,065 - INFO - --- Época 21/150 ---
2025-12-17 17:12:48,861 - INFO - Train Loss: 1.0700 Acc: 0.6298
2025-12-17 17:13:17,069 - INFO -   [LR] Tasa de aprendizaje actual: 0.000087
2025-12-17 17:13:17,071 - INFO -   [Mejora Loss] 1.2924 -> 1.2813. Reseteando paciencia.
2025-12-17 17:13:17,073 - INFO - Val Loss: 1.2813 Acc: 0.5530
2025-12-17 17:13:17,564 - INFO -   [Nuevo Récord Acc] Guardado en: models/sbtaylor_kan_tiny_imagenet\run_20251217_145852\best_model.pth
2025-12-17 17:13:17,567 - INFO - --- Época 22/150 ---
2025-12-17 17:14:03,505 - INFO - Train Loss: 1.0275 Acc: 0.6522
2025-12-17 17:14:31,372 - INFO -   [LR] Tasa de aprendizaje actual: 0.000087
2025-12-17 17:14:31,374 - INFO -   [Sin mejora Loss] Paciencia: 1/10
2025-12-17 17:14:31,376 - INFO - Val Loss: 1.2922 Acc: 0.5450
2025-12-17 17:14:31,377 - INFO - --- Época 23/150 ---
2025-12-17 17:15:18,855 - INFO - Train Loss: 0.9919 Acc: 0.6655
2025-12-17 17:15:49,047 - INFO -   [LR] Tasa de aprendizaje actual: 0.000087
2025-12-17 17:15:49,049 - INFO -   [Mejora Loss] 1.2813 -> 1.2679. Reseteando paciencia.
2025-12-17 17:15:49,052 - INFO - Val Loss: 1.2679 Acc: 0.5630
2025-12-17 17:15:49,516 - INFO -   [Nuevo Récord Acc] Guardado en: models/sbtaylor_kan_tiny_imagenet\run_20251217_145852\best_model.pth
2025-12-17 17:15:49,517 - INFO - --- Época 24/150 ---
2025-12-17 17:16:37,582 - INFO - Train Loss: 0.9629 Acc: 0.6767
2025-12-17 17:17:08,198 - INFO -   [LR] Tasa de aprendizaje actual: 0.000087
2025-12-17 17:17:08,200 - INFO -   [Mejora Loss] 1.2679 -> 1.2577. Reseteando paciencia.
2025-12-17 17:17:08,202 - INFO - Val Loss: 1.2577 Acc: 0.5680
2025-12-17 17:17:08,674 - INFO -   [Nuevo Récord Acc] Guardado en: models/sbtaylor_kan_tiny_imagenet\run_20251217_145852\best_model.pth
2025-12-17 17:17:08,676 - INFO - --- Época 25/150 ---
2025-12-17 17:17:58,258 - INFO - Train Loss: 0.9093 Acc: 0.6990
2025-12-17 17:18:28,961 - INFO -   [LR] Tasa de aprendizaje actual: 0.000087
2025-12-17 17:18:28,963 - INFO -   [Sin mejora Loss] Paciencia: 1/10
2025-12-17 17:18:28,965 - INFO - Val Loss: 1.3175 Acc: 0.5500
2025-12-17 17:18:28,968 - INFO - --- Época 26/150 ---
2025-12-17 17:19:17,551 - INFO - Train Loss: 0.8863 Acc: 0.7035
2025-12-17 17:19:45,670 - INFO -   [LR] Tasa de aprendizaje actual: 0.000087
2025-12-17 17:19:45,672 - INFO -   [Sin mejora Loss] Paciencia: 2/10
2025-12-17 17:19:45,674 - INFO - Val Loss: 1.2802 Acc: 0.5630
2025-12-17 17:19:45,676 - INFO - --- Época 27/150 ---
2025-12-17 17:20:32,242 - INFO - Train Loss: 0.8367 Acc: 0.7238
2025-12-17 17:21:00,162 - INFO -   [LR] Tasa de aprendizaje actual: 0.000087
2025-12-17 17:21:00,163 - INFO -   [Sin mejora Loss] Paciencia: 3/10
2025-12-17 17:21:00,164 - INFO - Val Loss: 1.2672 Acc: 0.5700
2025-12-17 17:21:00,612 - INFO -   [Nuevo Récord Acc] Guardado en: models/sbtaylor_kan_tiny_imagenet\run_20251217_145852\best_model.pth
2025-12-17 17:21:00,613 - INFO - --- Época 28/150 ---
2025-12-17 17:21:46,810 - INFO - Train Loss: 0.7994 Acc: 0.7328
2025-12-17 17:22:14,072 - INFO -   [LR] Tasa de aprendizaje actual: 0.000087
2025-12-17 17:22:14,073 - INFO -   [Mejora Loss] 1.2577 -> 1.2554. Reseteando paciencia.
2025-12-17 17:22:14,076 - INFO - Val Loss: 1.2554 Acc: 0.5740
2025-12-17 17:22:14,554 - INFO -   [Nuevo Récord Acc] Guardado en: models/sbtaylor_kan_tiny_imagenet\run_20251217_145852\best_model.pth
2025-12-17 17:22:14,555 - INFO - --- Época 29/150 ---
2025-12-17 17:23:01,028 - INFO - Train Loss: 0.7634 Acc: 0.7452
2025-12-17 17:23:28,159 - INFO -   [LR] Tasa de aprendizaje actual: 0.000087
2025-12-17 17:23:28,160 - INFO -   [Sin mejora Loss] Paciencia: 1/10
2025-12-17 17:23:28,161 - INFO - Val Loss: 1.3389 Acc: 0.5520
2025-12-17 17:23:28,162 - INFO - --- Época 30/150 ---
2025-12-17 17:24:14,934 - INFO - Train Loss: 0.7439 Acc: 0.7490
2025-12-17 17:24:42,357 - INFO -   [LR] Tasa de aprendizaje actual: 0.000087
2025-12-17 17:24:42,358 - INFO -   [Sin mejora Loss] Paciencia: 2/10
2025-12-17 17:24:42,360 - INFO - Val Loss: 1.3222 Acc: 0.5480
2025-12-17 17:24:42,362 - INFO - --- Época 31/150 ---
2025-12-17 17:25:28,574 - INFO - Train Loss: 0.6978 Acc: 0.7650
2025-12-17 17:25:56,576 - INFO -   [LR] Tasa de aprendizaje actual: 0.000087
2025-12-17 17:25:56,578 - INFO -   [Sin mejora Loss] Paciencia: 3/10
2025-12-17 17:25:56,580 - INFO - Val Loss: 1.2936 Acc: 0.5670
2025-12-17 17:25:56,582 - INFO - --- Época 32/150 ---
2025-12-17 17:26:43,379 - INFO - Train Loss: 0.6523 Acc: 0.7908
2025-12-17 17:27:11,926 - INFO -   [LR] Tasa de aprendizaje actual: 0.000087
2025-12-17 17:27:11,927 - INFO -   [Sin mejora Loss] Paciencia: 4/10
2025-12-17 17:27:11,929 - INFO - Val Loss: 1.3047 Acc: 0.5490
2025-12-17 17:27:11,932 - INFO - --- Época 33/150 ---
2025-12-17 17:27:58,365 - INFO - Train Loss: 0.6340 Acc: 0.7968
2025-12-17 17:28:29,636 - INFO -   [LR] Tasa de aprendizaje actual: 0.000087
2025-12-17 17:28:29,637 - INFO -   [Sin mejora Loss] Paciencia: 5/10
2025-12-17 17:28:29,639 - INFO - Val Loss: 1.2983 Acc: 0.5610
2025-12-17 17:28:29,641 - INFO - --- Época 34/150 ---
2025-12-17 17:29:18,600 - INFO - Train Loss: 0.5947 Acc: 0.8100
2025-12-17 17:29:49,414 - INFO -   [LR] Tasa de aprendizaje actual: 0.000044
2025-12-17 17:29:49,416 - INFO -   [Sin mejora Loss] Paciencia: 6/10
2025-12-17 17:29:49,418 - INFO - Val Loss: 1.2857 Acc: 0.5610
2025-12-17 17:29:49,420 - INFO - --- Época 35/150 ---
2025-12-17 17:30:37,644 - INFO - Train Loss: 0.5230 Acc: 0.8347
2025-12-17 17:31:07,990 - INFO -   [LR] Tasa de aprendizaje actual: 0.000044
2025-12-17 17:31:07,991 - INFO -   [Mejora Loss] 1.2554 -> 1.2491. Reseteando paciencia.
2025-12-17 17:31:07,992 - INFO - Val Loss: 1.2491 Acc: 0.5750
2025-12-17 17:31:08,448 - INFO -   [Nuevo Récord Acc] Guardado en: models/sbtaylor_kan_tiny_imagenet\run_20251217_145852\best_model.pth
2025-12-17 17:31:08,451 - INFO - --- Época 36/150 ---
2025-12-17 17:31:55,938 - INFO - Train Loss: 0.4651 Acc: 0.8585
2025-12-17 17:32:25,621 - INFO -   [LR] Tasa de aprendizaje actual: 0.000044
2025-12-17 17:32:25,622 - INFO -   [Sin mejora Loss] Paciencia: 1/10
2025-12-17 17:32:25,624 - INFO - Val Loss: 1.2831 Acc: 0.5670
2025-12-17 17:32:25,625 - INFO - --- Época 37/150 ---
2025-12-17 17:33:13,407 - INFO - Train Loss: 0.4574 Acc: 0.8648
2025-12-17 17:33:43,731 - INFO -   [LR] Tasa de aprendizaje actual: 0.000044
2025-12-17 17:33:43,732 - INFO -   [Sin mejora Loss] Paciencia: 2/10
2025-12-17 17:33:43,733 - INFO - Val Loss: 1.2903 Acc: 0.5660
2025-12-17 17:33:43,734 - INFO - --- Época 38/150 ---
2025-12-17 17:34:31,892 - INFO - Train Loss: 0.4391 Acc: 0.8702
2025-12-17 17:35:00,466 - INFO -   [LR] Tasa de aprendizaje actual: 0.000044
2025-12-17 17:35:00,468 - INFO -   [Sin mejora Loss] Paciencia: 3/10
2025-12-17 17:35:00,469 - INFO - Val Loss: 1.2867 Acc: 0.5650
2025-12-17 17:35:00,472 - INFO - --- Época 39/150 ---
2025-12-17 17:35:49,118 - INFO - Train Loss: 0.4270 Acc: 0.8758
2025-12-17 17:36:18,301 - INFO -   [LR] Tasa de aprendizaje actual: 0.000044
2025-12-17 17:36:18,302 - INFO -   [Sin mejora Loss] Paciencia: 4/10
2025-12-17 17:36:18,304 - INFO - Val Loss: 1.2514 Acc: 0.5770
2025-12-17 17:36:18,751 - INFO -   [Nuevo Récord Acc] Guardado en: models/sbtaylor_kan_tiny_imagenet\run_20251217_145852\best_model.pth
2025-12-17 17:36:18,752 - INFO - --- Época 40/150 ---
2025-12-17 17:37:07,130 - INFO - Train Loss: 0.4091 Acc: 0.8855
2025-12-17 17:37:37,390 - INFO -   [LR] Tasa de aprendizaje actual: 0.000044
2025-12-17 17:37:37,393 - INFO -   [Sin mejora Loss] Paciencia: 5/10
2025-12-17 17:37:37,394 - INFO - Val Loss: 1.2907 Acc: 0.5800
2025-12-17 17:37:37,856 - INFO -   [Nuevo Récord Acc] Guardado en: models/sbtaylor_kan_tiny_imagenet\run_20251217_145852\best_model.pth
2025-12-17 17:37:37,858 - INFO - --- Época 41/150 ---
2025-12-17 17:38:25,963 - INFO - Train Loss: 0.4010 Acc: 0.8830
2025-12-17 17:38:55,089 - INFO -   [LR] Tasa de aprendizaje actual: 0.000022
2025-12-17 17:38:55,091 - INFO -   [Sin mejora Loss] Paciencia: 6/10
2025-12-17 17:38:55,094 - INFO - Val Loss: 1.2772 Acc: 0.5860
2025-12-17 17:38:55,544 - INFO -   [Nuevo Récord Acc] Guardado en: models/sbtaylor_kan_tiny_imagenet\run_20251217_145852\best_model.pth
2025-12-17 17:38:55,546 - INFO - --- Época 42/150 ---
2025-12-17 17:39:43,442 - INFO - Train Loss: 0.3568 Acc: 0.9038
2025-12-17 17:40:13,547 - INFO -   [LR] Tasa de aprendizaje actual: 0.000022
2025-12-17 17:40:13,549 - INFO -   [Sin mejora Loss] Paciencia: 7/10
2025-12-17 17:40:13,550 - INFO - Val Loss: 1.2773 Acc: 0.5720
2025-12-17 17:40:13,552 - INFO - --- Época 43/150 ---
2025-12-17 17:41:01,611 - INFO - Train Loss: 0.3542 Acc: 0.8990
2025-12-17 17:41:31,548 - INFO -   [LR] Tasa de aprendizaje actual: 0.000022
2025-12-17 17:41:31,550 - INFO -   [Sin mejora Loss] Paciencia: 8/10
2025-12-17 17:41:31,551 - INFO - Val Loss: 1.2887 Acc: 0.5730
2025-12-17 17:41:31,553 - INFO - --- Época 44/150 ---
2025-12-17 17:42:19,709 - INFO - Train Loss: 0.3502 Acc: 0.9008
2025-12-17 17:42:49,723 - INFO -   [LR] Tasa de aprendizaje actual: 0.000022
2025-12-17 17:42:49,725 - INFO -   [Sin mejora Loss] Paciencia: 9/10
2025-12-17 17:42:49,726 - INFO - Val Loss: 1.2649 Acc: 0.5790
2025-12-17 17:42:49,727 - INFO - --- Época 45/150 ---
2025-12-17 17:43:38,604 - INFO - Train Loss: 0.3303 Acc: 0.9113
2025-12-17 17:44:09,135 - INFO -   [LR] Tasa de aprendizaje actual: 0.000022
2025-12-17 17:44:09,136 - INFO -   [Sin mejora Loss] Paciencia: 10/10
2025-12-17 17:44:09,137 - INFO - ¡EARLY STOPPING ACTIVADO!
2025-12-17 17:44:09,138 - INFO - Val Loss: 1.2872 Acc: 0.5800
2025-12-17 17:44:09,140 - INFO - Entrenamiento finalizado en 57m 13s
2025-12-17 17:44:09,141 - INFO - Mejor Val Acc lograda: 0.5860
2025-12-17 19:06:50,250 - INFO - Iniciando entrenamiento por 150 épocas...
2025-12-17 19:06:50,251 - INFO - Paciencia configurada: 6 épocas.
2025-12-17 19:06:50,252 - INFO - --- Época 1/150 ---
2025-12-17 19:07:37,641 - INFO - Train Loss: 2.2288 Acc: 0.1728
2025-12-17 19:08:06,925 - INFO -   [LR] Tasa de aprendizaje actual: 0.000087
2025-12-17 19:08:06,926 - INFO -   [Mejora Loss] inf -> 2.1010. Reseteando paciencia.
2025-12-17 19:08:06,927 - INFO - Val Loss: 2.1010 Acc: 0.2910
2025-12-17 19:08:07,426 - INFO -   [Nuevo Récord Acc] Guardado en: models/sbtaylor_kan_tiny_imagenet\run_20251217_145852\best_model.pth
2025-12-17 19:08:07,426 - INFO - --- Época 2/150 ---
2025-12-17 19:08:55,161 - INFO - Train Loss: 2.0512 Acc: 0.2535
2025-12-17 19:09:25,306 - INFO -   [LR] Tasa de aprendizaje actual: 0.000087
2025-12-17 19:09:25,306 - INFO -   [Mejora Loss] 2.1010 -> 1.9532. Reseteando paciencia.
2025-12-17 19:09:25,306 - INFO - Val Loss: 1.9532 Acc: 0.3320
2025-12-17 19:09:25,773 - INFO -   [Nuevo Récord Acc] Guardado en: models/sbtaylor_kan_tiny_imagenet\run_20251217_145852\best_model.pth
2025-12-17 19:09:25,773 - INFO - --- Época 3/150 ---
2025-12-17 19:10:14,265 - INFO - Train Loss: 1.9399 Acc: 0.3055
2025-12-17 19:10:43,895 - INFO -   [LR] Tasa de aprendizaje actual: 0.000087
2025-12-17 19:10:43,895 - INFO -   [Mejora Loss] 1.9532 -> 1.8316. Reseteando paciencia.
2025-12-17 19:10:43,895 - INFO - Val Loss: 1.8316 Acc: 0.3920
2025-12-17 19:10:44,371 - INFO -   [Nuevo Récord Acc] Guardado en: models/sbtaylor_kan_tiny_imagenet\run_20251217_145852\best_model.pth
2025-12-17 19:10:44,373 - INFO - --- Época 4/150 ---
2025-12-17 19:11:31,992 - INFO - Train Loss: 1.8589 Acc: 0.3327
2025-12-17 19:12:01,272 - INFO -   [LR] Tasa de aprendizaje actual: 0.000087
2025-12-17 19:12:01,273 - INFO -   [Mejora Loss] 1.8316 -> 1.7916. Reseteando paciencia.
2025-12-17 19:12:01,274 - INFO - Val Loss: 1.7916 Acc: 0.4200
2025-12-17 19:12:01,765 - INFO -   [Nuevo Récord Acc] Guardado en: models/sbtaylor_kan_tiny_imagenet\run_20251217_145852\best_model.pth
2025-12-17 19:12:01,767 - INFO - --- Época 5/150 ---
2025-12-17 19:12:50,273 - INFO - Train Loss: 1.7694 Acc: 0.3730
2025-12-17 19:13:19,848 - INFO -   [LR] Tasa de aprendizaje actual: 0.000087
2025-12-17 19:13:19,848 - INFO -   [Mejora Loss] 1.7916 -> 1.7426. Reseteando paciencia.
2025-12-17 19:13:19,848 - INFO - Val Loss: 1.7426 Acc: 0.4340
2025-12-17 19:13:20,296 - INFO -   [Nuevo Récord Acc] Guardado en: models/sbtaylor_kan_tiny_imagenet\run_20251217_145852\best_model.pth
2025-12-17 19:13:20,298 - INFO - --- Época 6/150 ---
2025-12-17 19:14:07,740 - INFO - Train Loss: 1.7266 Acc: 0.3915
2025-12-17 19:14:37,467 - INFO -   [LR] Tasa de aprendizaje actual: 0.000087
2025-12-17 19:14:37,467 - INFO -   [Mejora Loss] 1.7426 -> 1.6863. Reseteando paciencia.
2025-12-17 19:14:37,470 - INFO - Val Loss: 1.6863 Acc: 0.4590
2025-12-17 19:14:37,930 - INFO -   [Nuevo Récord Acc] Guardado en: models/sbtaylor_kan_tiny_imagenet\run_20251217_145852\best_model.pth
2025-12-17 19:14:37,930 - INFO - --- Época 7/150 ---
2025-12-17 19:15:25,921 - INFO - Train Loss: 1.6581 Acc: 0.4143
2025-12-17 19:15:55,460 - INFO -   [LR] Tasa de aprendizaje actual: 0.000087
2025-12-17 19:15:55,462 - INFO -   [Mejora Loss] 1.6863 -> 1.6031. Reseteando paciencia.
2025-12-17 19:15:55,463 - INFO - Val Loss: 1.6031 Acc: 0.4670
2025-12-17 19:15:55,998 - INFO -   [Nuevo Récord Acc] Guardado en: models/sbtaylor_kan_tiny_imagenet\run_20251217_145852\best_model.pth
2025-12-17 19:15:55,999 - INFO - --- Época 8/150 ---
2025-12-17 19:16:43,670 - INFO - Train Loss: 1.5927 Acc: 0.4413
2025-12-17 19:17:13,583 - INFO -   [LR] Tasa de aprendizaje actual: 0.000087
2025-12-17 19:17:13,584 - INFO -   [Mejora Loss] 1.6031 -> 1.5813. Reseteando paciencia.
2025-12-17 19:17:13,586 - INFO - Val Loss: 1.5813 Acc: 0.4640
2025-12-17 19:17:13,587 - INFO - --- Época 9/150 ---
2025-12-17 19:17:59,921 - INFO - Train Loss: 1.5664 Acc: 0.4622
2025-12-17 19:18:26,350 - INFO -   [LR] Tasa de aprendizaje actual: 0.000087
2025-12-17 19:18:26,351 - INFO -   [Mejora Loss] 1.5813 -> 1.5635. Reseteando paciencia.
2025-12-17 19:18:26,353 - INFO - Val Loss: 1.5635 Acc: 0.4820
2025-12-17 19:18:26,801 - INFO -   [Nuevo Récord Acc] Guardado en: models/sbtaylor_kan_tiny_imagenet\run_20251217_145852\best_model.pth
2025-12-17 19:18:26,803 - INFO - --- Época 10/150 ---
2025-12-17 19:19:14,195 - INFO - Train Loss: 1.4921 Acc: 0.4768
2025-12-17 19:19:43,608 - INFO -   [LR] Tasa de aprendizaje actual: 0.000087
2025-12-17 19:19:43,609 - INFO -   [Mejora Loss] 1.5635 -> 1.4809. Reseteando paciencia.
2025-12-17 19:19:43,612 - INFO - Val Loss: 1.4809 Acc: 0.5130
2025-12-17 19:19:44,064 - INFO -   [Nuevo Récord Acc] Guardado en: models/sbtaylor_kan_tiny_imagenet\run_20251217_145852\best_model.pth
2025-12-17 19:19:44,066 - INFO - --- Época 11/150 ---
2025-12-17 19:20:32,491 - INFO - Train Loss: 1.4583 Acc: 0.4943
2025-12-17 19:21:01,133 - INFO -   [LR] Tasa de aprendizaje actual: 0.000087
2025-12-17 19:21:01,134 - INFO -   [Sin mejora Loss] Paciencia: 1/6
2025-12-17 19:21:01,135 - INFO - Val Loss: 1.4815 Acc: 0.5050
2025-12-17 19:21:01,136 - INFO - --- Época 12/150 ---
2025-12-17 19:21:49,165 - INFO - Train Loss: 1.4177 Acc: 0.5158
2025-12-17 19:22:18,292 - INFO -   [LR] Tasa de aprendizaje actual: 0.000087
2025-12-17 19:22:18,293 - INFO -   [Sin mejora Loss] Paciencia: 2/6
2025-12-17 19:22:18,294 - INFO - Val Loss: 1.4846 Acc: 0.5090
2025-12-17 19:22:18,295 - INFO - --- Época 13/150 ---
2025-12-17 19:23:05,400 - INFO - Train Loss: 1.3642 Acc: 0.5285
2025-12-17 19:23:34,907 - INFO -   [LR] Tasa de aprendizaje actual: 0.000087
2025-12-17 19:23:34,908 - INFO -   [Mejora Loss] 1.4809 -> 1.4365. Reseteando paciencia.
2025-12-17 19:23:34,910 - INFO - Val Loss: 1.4365 Acc: 0.5170
2025-12-17 19:23:35,337 - INFO -   [Nuevo Récord Acc] Guardado en: models/sbtaylor_kan_tiny_imagenet\run_20251217_145852\best_model.pth
2025-12-17 19:23:35,338 - INFO - --- Época 14/150 ---
2025-12-17 19:24:23,301 - INFO - Train Loss: 1.3335 Acc: 0.5473
2025-12-17 19:24:53,467 - INFO -   [LR] Tasa de aprendizaje actual: 0.000087
2025-12-17 19:24:53,468 - INFO -   [Mejora Loss] 1.4365 -> 1.4211. Reseteando paciencia.
2025-12-17 19:24:53,469 - INFO - Val Loss: 1.4211 Acc: 0.5310
2025-12-17 19:24:53,931 - INFO -   [Nuevo Récord Acc] Guardado en: models/sbtaylor_kan_tiny_imagenet\run_20251217_145852\best_model.pth
2025-12-17 19:24:53,933 - INFO - --- Época 15/150 ---
2025-12-17 19:25:41,836 - INFO - Train Loss: 1.3013 Acc: 0.5467
2025-12-17 19:26:10,822 - INFO -   [LR] Tasa de aprendizaje actual: 0.000087
2025-12-17 19:26:10,823 - INFO -   [Sin mejora Loss] Paciencia: 1/6
2025-12-17 19:26:10,825 - INFO - Val Loss: 1.4684 Acc: 0.5000
2025-12-17 19:26:10,826 - INFO - --- Época 16/150 ---
2025-12-17 19:26:52,921 - INFO - Train Loss: 1.2672 Acc: 0.5635
2025-12-17 19:27:20,403 - INFO -   [LR] Tasa de aprendizaje actual: 0.000087
2025-12-17 19:27:20,404 - INFO -   [Mejora Loss] 1.4211 -> 1.3739. Reseteando paciencia.
2025-12-17 19:27:20,405 - INFO - Val Loss: 1.3739 Acc: 0.5370
2025-12-17 19:27:20,854 - INFO -   [Nuevo Récord Acc] Guardado en: models/sbtaylor_kan_tiny_imagenet\run_20251217_145852\best_model.pth
2025-12-17 19:27:20,855 - INFO - --- Época 17/150 ---
2025-12-17 19:28:08,807 - INFO - Train Loss: 1.2234 Acc: 0.5863
2025-12-17 19:28:37,595 - INFO -   [LR] Tasa de aprendizaje actual: 0.000087
2025-12-17 19:28:37,596 - INFO -   [Sin mejora Loss] Paciencia: 1/6
2025-12-17 19:28:37,597 - INFO - Val Loss: 1.4016 Acc: 0.5200
2025-12-17 19:28:37,598 - INFO - --- Época 18/150 ---
2025-12-17 19:29:25,120 - INFO - Train Loss: 1.2081 Acc: 0.5975
2025-12-17 19:29:53,374 - INFO -   [LR] Tasa de aprendizaje actual: 0.000087
2025-12-17 19:29:53,375 - INFO -   [Sin mejora Loss] Paciencia: 2/6
2025-12-17 19:29:53,376 - INFO - Val Loss: 1.4093 Acc: 0.5290
2025-12-17 19:29:53,378 - INFO - --- Época 19/150 ---
2025-12-17 19:30:40,147 - INFO - Train Loss: 1.1616 Acc: 0.6008
2025-12-17 19:31:09,155 - INFO -   [LR] Tasa de aprendizaje actual: 0.000087
2025-12-17 19:31:09,156 - INFO -   [Mejora Loss] 1.3739 -> 1.3718. Reseteando paciencia.
2025-12-17 19:31:09,157 - INFO - Val Loss: 1.3718 Acc: 0.5290
2025-12-17 19:31:09,159 - INFO - --- Época 20/150 ---
2025-12-17 19:31:57,110 - INFO - Train Loss: 1.1267 Acc: 0.6222
2025-12-17 19:32:25,913 - INFO -   [LR] Tasa de aprendizaje actual: 0.000087
2025-12-17 19:32:25,913 - INFO -   [Mejora Loss] 1.3718 -> 1.3328. Reseteando paciencia.
2025-12-17 19:32:25,914 - INFO - Val Loss: 1.3328 Acc: 0.5420
2025-12-17 19:32:26,352 - INFO -   [Nuevo Récord Acc] Guardado en: models/sbtaylor_kan_tiny_imagenet\run_20251217_145852\best_model.pth
2025-12-17 19:32:26,354 - INFO - --- Época 21/150 ---
2025-12-17 19:33:13,648 - INFO - Train Loss: 1.0794 Acc: 0.6345
2025-12-17 19:33:43,125 - INFO -   [LR] Tasa de aprendizaje actual: 0.000087
2025-12-17 19:33:43,127 - INFO -   [Mejora Loss] 1.3328 -> 1.3292. Reseteando paciencia.
2025-12-17 19:33:43,129 - INFO - Val Loss: 1.3292 Acc: 0.5490
2025-12-17 19:33:43,607 - INFO -   [Nuevo Récord Acc] Guardado en: models/sbtaylor_kan_tiny_imagenet\run_20251217_145852\best_model.pth
2025-12-17 19:33:43,609 - INFO - --- Época 22/150 ---
2025-12-17 19:34:32,026 - INFO - Train Loss: 1.0470 Acc: 0.6482
2025-12-17 19:35:00,746 - INFO -   [LR] Tasa de aprendizaje actual: 0.000087
2025-12-17 19:35:00,748 - INFO -   [Mejora Loss] 1.3292 -> 1.3011. Reseteando paciencia.
2025-12-17 19:35:00,750 - INFO - Val Loss: 1.3011 Acc: 0.5610
2025-12-17 19:35:01,209 - INFO -   [Nuevo Récord Acc] Guardado en: models/sbtaylor_kan_tiny_imagenet\run_20251217_145852\best_model.pth
2025-12-17 19:35:01,212 - INFO - --- Época 23/150 ---
2025-12-17 19:35:49,490 - INFO - Train Loss: 1.0087 Acc: 0.6590
2025-12-17 19:36:17,600 - INFO -   [LR] Tasa de aprendizaje actual: 0.000087
2025-12-17 19:36:17,601 - INFO -   [Sin mejora Loss] Paciencia: 1/6
2025-12-17 19:36:17,604 - INFO - Val Loss: 1.3170 Acc: 0.5590
2025-12-17 19:36:17,606 - INFO - --- Época 24/150 ---
2025-12-17 19:37:04,599 - INFO - Train Loss: 0.9728 Acc: 0.6803
2025-12-17 19:37:34,134 - INFO -   [LR] Tasa de aprendizaje actual: 0.000087
2025-12-17 19:37:34,136 - INFO -   [Sin mejora Loss] Paciencia: 2/6
2025-12-17 19:37:34,138 - INFO - Val Loss: 1.3387 Acc: 0.5490
2025-12-17 19:37:34,140 - INFO - --- Época 25/150 ---
2025-12-17 19:38:22,284 - INFO - Train Loss: 0.9637 Acc: 0.6755
2025-12-17 19:38:52,056 - INFO -   [LR] Tasa de aprendizaje actual: 0.000087
2025-12-17 19:38:52,057 - INFO -   [Sin mejora Loss] Paciencia: 3/6
2025-12-17 19:38:52,059 - INFO - Val Loss: 1.3407 Acc: 0.5370
2025-12-17 19:38:52,060 - INFO - --- Época 26/150 ---
2025-12-17 19:39:40,735 - INFO - Train Loss: 0.8874 Acc: 0.7087
2025-12-17 19:40:10,491 - INFO -   [LR] Tasa de aprendizaje actual: 0.000087
2025-12-17 19:40:10,493 - INFO -   [Mejora Loss] 1.3011 -> 1.2751. Reseteando paciencia.
2025-12-17 19:40:10,496 - INFO - Val Loss: 1.2751 Acc: 0.5720
2025-12-17 19:40:11,009 - INFO -   [Nuevo Récord Acc] Guardado en: models/sbtaylor_kan_tiny_imagenet\run_20251217_145852\best_model.pth
2025-12-17 19:40:11,012 - INFO - --- Época 27/150 ---
2025-12-17 19:40:59,488 - INFO - Train Loss: 0.8466 Acc: 0.7177
2025-12-17 19:41:29,408 - INFO -   [LR] Tasa de aprendizaje actual: 0.000087
2025-12-17 19:41:29,410 - INFO -   [Mejora Loss] 1.2751 -> 1.2661. Reseteando paciencia.
2025-12-17 19:41:29,412 - INFO - Val Loss: 1.2661 Acc: 0.5640
2025-12-17 19:41:29,414 - INFO - --- Época 28/150 ---
2025-12-17 19:42:18,354 - INFO - Train Loss: 0.8085 Acc: 0.7323
2025-12-17 19:42:48,030 - INFO -   [LR] Tasa de aprendizaje actual: 0.000087
2025-12-17 19:42:48,031 - INFO -   [Sin mejora Loss] Paciencia: 1/6
2025-12-17 19:42:48,034 - INFO - Val Loss: 1.2889 Acc: 0.5630
2025-12-17 19:42:48,035 - INFO - --- Época 29/150 ---
2025-12-17 19:43:36,138 - INFO - Train Loss: 0.7792 Acc: 0.7428
2025-12-17 19:44:05,331 - INFO -   [LR] Tasa de aprendizaje actual: 0.000087
2025-12-17 19:44:05,333 - INFO -   [Sin mejora Loss] Paciencia: 2/6
2025-12-17 19:44:05,336 - INFO - Val Loss: 1.3037 Acc: 0.5460
2025-12-17 19:44:05,338 - INFO - --- Época 30/150 ---
2025-12-17 19:44:53,129 - INFO - Train Loss: 0.7533 Acc: 0.7525
2025-12-17 19:45:22,534 - INFO -   [LR] Tasa de aprendizaje actual: 0.000087
2025-12-17 19:45:22,536 - INFO -   [Sin mejora Loss] Paciencia: 3/6
2025-12-17 19:45:22,537 - INFO - Val Loss: 1.2933 Acc: 0.5610
2025-12-17 19:45:22,539 - INFO - --- Época 31/150 ---
2025-12-17 19:46:11,480 - INFO - Train Loss: 0.6971 Acc: 0.7675
2025-12-17 19:46:41,564 - INFO -   [LR] Tasa de aprendizaje actual: 0.000044
2025-12-17 19:46:41,566 - INFO -   [Sin mejora Loss] Paciencia: 4/6
2025-12-17 19:46:41,569 - INFO - Val Loss: 1.2916 Acc: 0.5640
2025-12-17 19:46:41,571 - INFO - --- Época 32/150 ---
2025-12-17 19:47:30,571 - INFO - Train Loss: 0.6392 Acc: 0.7990
2025-12-17 19:48:00,691 - INFO -   [LR] Tasa de aprendizaje actual: 0.000044
2025-12-17 19:48:00,692 - INFO -   [Sin mejora Loss] Paciencia: 5/6
2025-12-17 19:48:00,694 - INFO - Val Loss: 1.2702 Acc: 0.5760
2025-12-17 19:48:01,153 - INFO -   [Nuevo Récord Acc] Guardado en: models/sbtaylor_kan_tiny_imagenet\run_20251217_145852\best_model.pth
2025-12-17 19:48:01,155 - INFO - --- Época 33/150 ---
2025-12-17 19:48:49,063 - INFO - Train Loss: 0.6014 Acc: 0.8117
2025-12-17 19:49:18,921 - INFO -   [LR] Tasa de aprendizaje actual: 0.000044
2025-12-17 19:49:18,922 - INFO -   [Sin mejora Loss] Paciencia: 6/6
2025-12-17 19:49:18,924 - INFO - ¡EARLY STOPPING ACTIVADO!
2025-12-17 19:49:18,925 - INFO - Val Loss: 1.2794 Acc: 0.5690
2025-12-17 19:49:18,927 - INFO - Entrenamiento finalizado en 42m 29s
2025-12-17 19:49:18,927 - INFO - Mejor Val Acc lograda: 0.5760
2025-12-17 19:49:20,483 - INFO - Cargando el mejor modelo para la evaluación...
2025-12-17 19:49:21,372 - INFO - 
========================================
2025-12-17 19:49:21,374 - INFO - --- INICIANDO EVALUACIÓN EN TEST SET ---
2025-12-17 19:49:21,374 - INFO - ========================================
2025-12-17 19:49:50,409 - INFO - Calculando métricas estadísticas...
2025-12-17 19:49:50,425 - INFO - Generando matriz de confusión...
2025-12-17 19:49:50,868 - INFO - Gráfico guardado en: models/sbtaylor_kan_tiny_imagenet\run_20251217_145852\confusion_matrix.png
2025-12-17 19:49:50,870 - INFO - Escribiendo reporte final...
2025-12-17 19:49:50,877 - INFO - Reporte de texto guardado en: models/sbtaylor_kan_tiny_imagenet\run_20251217_145852\test_metrics_report.txt
2025-12-17 19:49:50,878 - INFO - --- EVALUACIÓN FINALIZADA ---
