2025-11-09 16:09:38,585 - INFO - Modelo SBTAYLOR_KAN.Net importado correctamente.
2025-11-09 16:09:38,594 - INFO - Los pesos del modelo se guardarán en: 'models/sbtaylor_kan_cotton\run_20251109_160938\sbtaylor_kan.best_weights.pth'
2025-11-09 16:09:38,601 - INFO - El registro de entrenamiento se guardará en: 'models/sbtaylor_kan_cotton\run_20251109_160938\training_run.log'
2025-11-09 16:09:38,632 - INFO - Versión de PyTorch: 2.9.0+cu126
2025-11-09 16:09:38,663 - INFO - ¿CUDA está disponible?: True
2025-11-09 16:09:38,664 - INFO - Versión de CUDA con la que PyTorch fue compilado: 12.6
2025-11-09 16:09:38,666 - INFO - Número de GPUs disponibles: 1
2025-11-09 16:09:38,673 - INFO - Nombre de la GPU actual: NVIDIA GeForce RTX 4090
2025-11-09 16:09:38,725 - INFO - --- Hyperparámetros de Entrenamiento ---
2025-11-09 16:09:38,729 - INFO - Batch Size: 32
2025-11-09 16:09:38,738 - INFO - Num Epochs: 300
2025-11-09 16:09:38,741 - INFO - Learning Rate: 0.0001
2025-11-09 16:09:38,745 - INFO - Num Classes: 4
2025-11-09 16:09:38,750 - INFO - Num Workers: 4
2025-11-09 16:09:38,802 - INFO - 
Cargando dataset de ./data...
2025-11-09 16:09:38,866 - INFO - Dataset cargado exitosamente.
2025-11-09 16:09:38,869 - INFO -   - 5212 imágenes de entrenamiento.
2025-11-09 16:09:38,872 - INFO -   - 240 imágenes de validación.
2025-11-09 16:09:38,897 - INFO - 
Usando dispositivo: cuda
2025-11-09 16:23:05,780 - INFO - Aplicando pesos de clase a la función de pérdida CrossEntropyLoss.
2025-11-09 16:23:05,841 - INFO - 
--- INICIANDO ENTRENAMIENTO ---
2025-11-09 16:23:05,844 - INFO - 
--- Época 1/300 ---
2025-11-09 16:24:01,247 - INFO - Entrenamiento | Pérdida: 2.0269, Accuracy: 0.2878, Tiempo: 55.40s
2025-11-09 16:24:08,841 - INFO - Validación    | Pérdida: 17476.1420, Accuracy: 0.2667
2025-11-09 16:24:09,277 - INFO - [+] Mejora en val_loss. Guardando el mejor modelo en 'models/sbtaylor_kan_cotton\run_20251109_160938\sbtaylor_kan.best_weights.pth'
2025-11-09 16:24:09,279 - INFO - 
--- Época 2/300 ---
2025-11-09 16:25:03,232 - INFO - Entrenamiento | Pérdida: 1.4893, Accuracy: 0.2713, Tiempo: 53.95s
2025-11-09 16:25:10,655 - INFO - Validación    | Pérdida: 7380.0162, Accuracy: 0.2875
2025-11-09 16:25:11,025 - INFO - [+] Mejora en val_loss. Guardando el mejor modelo en 'models/sbtaylor_kan_cotton\run_20251109_160938\sbtaylor_kan.best_weights.pth'
2025-11-09 16:25:11,027 - INFO - 
--- Época 3/300 ---
2025-11-09 16:26:05,163 - INFO - Entrenamiento | Pérdida: 1.4082, Accuracy: 0.2891, Tiempo: 54.13s
2025-11-09 16:26:12,758 - INFO - Validación    | Pérdida: 17498.4211, Accuracy: 0.3083
2025-11-09 16:26:12,760 - INFO - 
--- Época 4/300 ---
2025-11-09 16:27:06,101 - INFO - Entrenamiento | Pérdida: 1.4027, Accuracy: 0.3333, Tiempo: 53.34s
2025-11-09 16:27:13,653 - INFO - Validación    | Pérdida: 34322.8006, Accuracy: 0.2833
2025-11-09 16:27:13,656 - INFO - 
--- Época 5/300 ---
2025-11-09 16:28:07,994 - INFO - Entrenamiento | Pérdida: 1.3963, Accuracy: 0.3208, Tiempo: 54.34s
2025-11-09 16:28:15,431 - INFO - Validación    | Pérdida: 390284.4293, Accuracy: 0.2958
2025-11-09 16:28:15,432 - INFO - 
--- Época 6/300 ---
2025-11-09 16:29:08,299 - INFO - Entrenamiento | Pérdida: 1.3217, Accuracy: 0.3515, Tiempo: 52.87s
2025-11-09 16:29:15,736 - INFO - Validación    | Pérdida: 23626.1398, Accuracy: 0.3000
2025-11-09 16:29:15,738 - INFO - Tasa de aprendizaje reducida de 0.0001 a 1e-05
2025-11-09 16:29:15,739 - INFO - 
--- Época 7/300 ---
2025-11-09 16:30:09,165 - INFO - Entrenamiento | Pérdida: 1.2855, Accuracy: 0.3690, Tiempo: 53.42s
2025-11-09 16:30:16,975 - INFO - Validación    | Pérdida: 1112909.5037, Accuracy: 0.2875
2025-11-09 16:30:16,976 - INFO - 
--- Época 8/300 ---
2025-11-09 16:31:12,727 - INFO - Entrenamiento | Pérdida: 1.2564, Accuracy: 0.3768, Tiempo: 55.75s
2025-11-09 16:31:30,689 - INFO - Validación    | Pérdida: 54981.3267, Accuracy: 0.2792
2025-11-09 16:31:30,690 - INFO - 
--- Época 9/300 ---
2025-11-09 16:33:28,566 - INFO - Entrenamiento | Pérdida: 1.2663, Accuracy: 0.3826, Tiempo: 117.88s
2025-11-09 16:33:47,024 - INFO - Validación    | Pérdida: 400074.0582, Accuracy: 0.3083
2025-11-09 16:33:47,025 - INFO - 
--- Época 10/300 ---
2025-11-09 16:35:37,804 - INFO - Entrenamiento | Pérdida: 1.2543, Accuracy: 0.3839, Tiempo: 110.78s
2025-11-09 16:35:55,078 - INFO - Validación    | Pérdida: 281961.8946, Accuracy: 0.2875
2025-11-09 16:35:55,088 - INFO - Tasa de aprendizaje reducida de 1e-05 a 1.0000000000000002e-06
2025-11-09 16:35:55,092 - INFO - 
--- Época 11/300 ---
