2025-11-14 11:42:37,860 - INFO - Modelo SBTAYLOR_KAN.Net importado correctamente.
2025-11-14 11:42:37,862 - INFO - Los pesos del modelo se guardarán en: 'models/sbtaylor_kan_imagenet\run_20251114_114224\sbtaylor_kan.best_weights.pth'
2025-11-14 11:42:37,864 - INFO - El registro de entrenamiento se guardará en: 'models/sbtaylor_kan_imagenet\run_20251114_114224\training_run.log'
2025-11-14 11:42:43,023 - INFO - Versión de PyTorch: 2.9.0+cu126
2025-11-14 11:42:43,064 - INFO - ¿CUDA está disponible?: True
2025-11-14 11:42:43,067 - INFO - Versión de CUDA con la que PyTorch fue compilado: 12.6
2025-11-14 11:42:43,068 - INFO - Número de GPUs disponibles: 1
2025-11-14 11:42:43,072 - INFO - Nombre de la GPU actual: NVIDIA GeForce RTX 4090
2025-11-14 11:42:45,639 - INFO - --- Hyperparámetros de Entrenamiento ---
2025-11-14 11:42:45,639 - INFO - Batch Size: 32
2025-11-14 11:42:45,642 - INFO - Num Epochs: 300
2025-11-14 11:42:45,643 - INFO - Learning Rate: 0.0001
2025-11-14 11:42:45,645 - INFO - Num Classes: 1000
2025-11-14 11:42:45,645 - INFO - Num Workers: 4
2025-11-14 11:43:10,914 - INFO - 
Cargando dataset de ./imagenet...
2025-11-14 11:43:18,644 - INFO - Dataset cargado exitosamente.
2025-11-14 11:43:18,646 - INFO -   - 1281167 imágenes de entrenamiento.
2025-11-14 11:43:18,648 - INFO -   - 50000 imágenes de validación.
2025-11-14 11:43:33,931 - INFO - 
Usando dispositivo: cuda
2025-11-14 11:43:49,674 - INFO - Aplicando pesos de clase a la función de pérdida CrossEntropyLoss.
2025-11-14 11:43:56,776 - INFO - 
--- INICIANDO ENTRENAMIENTO ---
2025-11-14 11:43:56,780 - INFO - 
--- Época 1/300 ---
2025-11-14 12:18:42,192 - INFO - Entrenamiento | Pérdida: 6.5146, Accuracy: 0.0081, Tiempo: 2085.41s
2025-11-14 12:20:38,098 - INFO - Validación    | Pérdida: 7.3243, Accuracy: 0.0009
2025-11-14 12:20:38,113 - INFO - Tasa de aprendizaje reducida de 0.0001 a 9.98530014558378e-05
2025-11-14 12:20:38,522 - INFO - [+] Mejora en val_loss. Guardando el mejor modelo en 'models/sbtaylor_kan_imagenet\run_20251114_114224\sbtaylor_kan.best_weights.pth'
2025-11-14 12:20:38,524 - INFO - 
--- Época 2/300 ---
2025-11-14 12:48:57,731 - INFO - Entrenamiento | Pérdida: 6.2268, Accuracy: 0.0153, Tiempo: 1699.21s
2025-11-14 12:50:38,041 - INFO - Validación    | Pérdida: 7.4745, Accuracy: 0.0007
2025-11-14 12:50:38,043 - INFO - Tasa de aprendizaje reducida de 9.98530014558378e-05 a 9.984691203042118e-05
2025-11-14 12:50:38,043 - INFO - 
--- Época 3/300 ---
2025-11-14 13:19:11,167 - INFO - Entrenamiento | Pérdida: 6.1810, Accuracy: 0.0177, Tiempo: 1713.12s
2025-11-14 13:20:51,057 - INFO - Validación    | Pérdida: 7.4730, Accuracy: 0.0007
2025-11-14 13:20:51,060 - INFO - 
--- Época 4/300 ---
2025-11-14 13:49:13,030 - INFO - Entrenamiento | Pérdida: 6.1673, Accuracy: 0.0182, Tiempo: 1701.97s
2025-11-14 13:50:52,726 - INFO - Validación    | Pérdida: 7.4883, Accuracy: 0.0012
2025-11-14 13:50:52,728 - INFO - Tasa de aprendizaje reducida de 9.984697249485058e-05 a 9.984634771167005e-05
2025-11-14 13:50:52,729 - INFO - 
--- Época 5/300 ---
2025-11-14 14:19:26,084 - INFO - Entrenamiento | Pérdida: 6.1548, Accuracy: 0.0185, Tiempo: 1713.36s
2025-11-14 14:21:07,744 - INFO - Validación    | Pérdida: 7.5382, Accuracy: 0.0011
2025-11-14 14:21:07,746 - INFO - Tasa de aprendizaje reducida de 9.984634771167005e-05 a 9.984429306661751e-05
2025-11-14 14:21:07,747 - INFO - 
--- Época 6/300 ---
2025-11-14 14:52:40,516 - INFO - Entrenamiento | Pérdida: 6.1470, Accuracy: 0.0192, Tiempo: 1892.77s
2025-11-14 14:54:43,228 - INFO - Validación    | Pérdida: 7.5032, Accuracy: 0.0009
2025-11-14 14:54:43,230 - INFO - 
--- Época 7/300 ---
2025-11-14 15:25:02,774 - INFO - Entrenamiento | Pérdida: 6.1347, Accuracy: 0.0197, Tiempo: 1819.54s
2025-11-14 15:26:43,920 - INFO - Validación    | Pérdida: 7.4950, Accuracy: 0.0010
2025-11-14 15:26:43,922 - INFO - 
--- Época 8/300 ---
2025-11-14 15:55:15,331 - INFO - Entrenamiento | Pérdida: 6.1268, Accuracy: 0.0201, Tiempo: 1711.41s
2025-11-14 15:56:56,035 - INFO - Validación    | Pérdida: 7.5336, Accuracy: 0.0010
2025-11-14 15:56:56,037 - INFO - Tasa de aprendizaje reducida de 9.984607162928483e-05 a 9.984448315473809e-05
2025-11-14 15:56:56,038 - INFO - 
--- Época 9/300 ---
2025-11-14 16:25:40,766 - INFO - Entrenamiento | Pérdida: 6.1196, Accuracy: 0.0204, Tiempo: 1724.73s
2025-11-14 16:27:21,824 - INFO - Validación    | Pérdida: 7.5657, Accuracy: 0.0012
2025-11-14 16:27:21,827 - INFO - Tasa de aprendizaje reducida de 9.984448315473809e-05 a 9.98431552263498e-05
2025-11-14 16:27:21,829 - INFO - 
--- Época 10/300 ---
2025-11-14 16:55:45,142 - INFO - Entrenamiento | Pérdida: 6.1160, Accuracy: 0.0205, Tiempo: 1703.31s
2025-11-14 16:57:26,208 - INFO - Validación    | Pérdida: 7.5738, Accuracy: 0.0012
2025-11-14 16:57:26,210 - INFO - Tasa de aprendizaje reducida de 9.98431552263498e-05 a 9.984282142444834e-05
2025-11-14 16:57:26,211 - INFO - 
--- Época 11/300 ---
2025-11-14 17:25:58,430 - INFO - Entrenamiento | Pérdida: 6.1099, Accuracy: 0.0207, Tiempo: 1712.22s
2025-11-14 17:27:37,709 - INFO - Validación    | Pérdida: 7.5981, Accuracy: 0.0011
2025-11-14 17:27:37,710 - INFO - Tasa de aprendizaje reducida de 9.984282142444834e-05 a 9.984180866190658e-05
2025-11-14 17:27:37,711 - INFO - 
--- Época 12/300 ---
2025-11-14 18:00:19,310 - INFO - Entrenamiento | Pérdida: 6.1079, Accuracy: 0.0206, Tiempo: 1961.60s
2025-11-14 18:02:20,179 - INFO - Validación    | Pérdida: 7.5728, Accuracy: 0.0008
2025-11-14 18:02:20,181 - INFO - 
--- Época 13/300 ---
2025-11-14 18:31:34,476 - INFO - Entrenamiento | Pérdida: 6.1051, Accuracy: 0.0208, Tiempo: 1754.29s
2025-11-14 18:33:15,488 - INFO - Validación    | Pérdida: 7.5441, Accuracy: 0.0010
2025-11-14 18:33:15,490 - INFO - 
--- Época 14/300 ---
2025-11-14 19:01:53,810 - INFO - Entrenamiento | Pérdida: 6.1022, Accuracy: 0.0209, Tiempo: 1718.32s
2025-11-14 19:03:34,522 - INFO - Validación    | Pérdida: 7.5546, Accuracy: 0.0011
2025-11-14 19:03:34,524 - INFO - Tasa de aprendizaje reducida de 9.984405069187458e-05 a 9.984361490446454e-05
2025-11-14 19:03:34,525 - INFO - 
--- Época 15/300 ---
2025-11-14 19:32:07,157 - INFO - Entrenamiento | Pérdida: 6.0992, Accuracy: 0.0210, Tiempo: 1712.63s
2025-11-14 19:33:48,437 - INFO - Validación    | Pérdida: 7.5823, Accuracy: 0.0010
2025-11-14 19:33:48,438 - INFO - Tasa de aprendizaje reducida de 9.984361490446454e-05 a 9.984246866964884e-05
2025-11-14 19:33:48,439 - INFO - 
--- Época 16/300 ---
2025-11-14 20:03:19,918 - INFO - Entrenamiento | Pérdida: 6.0965, Accuracy: 0.0211, Tiempo: 1771.48s
2025-11-14 20:04:59,715 - INFO - Validación    | Pérdida: 7.6161, Accuracy: 0.0010
2025-11-14 20:04:59,717 - INFO - Tasa de aprendizaje reducida de 9.984246866964884e-05 a 9.98410606153622e-05
2025-11-14 20:04:59,718 - INFO - 
--- Época 17/300 ---
2025-11-14 20:33:43,403 - INFO - Entrenamiento | Pérdida: 6.0934, Accuracy: 0.0211, Tiempo: 1723.68s
2025-11-14 20:35:24,826 - INFO - Validación    | Pérdida: 7.5916, Accuracy: 0.0010
2025-11-14 20:35:24,828 - INFO - 
--- Época 18/300 ---
2025-11-14 21:03:49,402 - INFO - Entrenamiento | Pérdida: 6.0919, Accuracy: 0.0212, Tiempo: 1704.57s
2025-11-14 21:05:29,569 - INFO - Validación    | Pérdida: 7.6000, Accuracy: 0.0008
2025-11-14 21:05:29,570 - INFO - Tasa de aprendizaje reducida de 9.984207876142658e-05 a 9.984173217947794e-05
2025-11-14 21:05:29,572 - INFO - 
--- Época 19/300 ---
2025-11-14 21:34:19,644 - INFO - Entrenamiento | Pérdida: 6.0906, Accuracy: 0.0211, Tiempo: 1730.07s
2025-11-14 21:36:18,814 - INFO - Validación    | Pérdida: 7.5550, Accuracy: 0.0008
2025-11-14 21:36:18,815 - INFO - 
--- Época 20/300 ---
2025-11-14 22:08:54,124 - INFO - Entrenamiento | Pérdida: 6.0883, Accuracy: 0.0212, Tiempo: 1955.31s
2025-11-14 22:10:34,608 - INFO - Validación    | Pérdida: 7.5983, Accuracy: 0.0011
2025-11-14 22:10:34,610 - INFO - Tasa de aprendizaje reducida de 9.98436003031109e-05 a 9.984180257375551e-05
2025-11-14 22:10:34,611 - INFO - 
--- Época 21/300 ---
2025-11-14 22:38:48,935 - INFO - Entrenamiento | Pérdida: 6.0866, Accuracy: 0.0216, Tiempo: 1694.32s
2025-11-14 22:40:29,791 - INFO - Validación    | Pérdida: 7.5680, Accuracy: 0.0007
2025-11-14 22:40:29,793 - INFO - 
--- Época 22/300 ---
2025-11-14 23:08:46,589 - INFO - Entrenamiento | Pérdida: 6.0848, Accuracy: 0.0215, Tiempo: 1696.79s
2025-11-14 23:10:26,503 - INFO - Validación    | Pérdida: 7.5641, Accuracy: 0.0011
2025-11-14 23:10:26,504 - INFO - 
--- Época 23/300 ---
2025-11-14 23:38:46,750 - INFO - Entrenamiento | Pérdida: 6.0831, Accuracy: 0.0212, Tiempo: 1700.24s
2025-11-14 23:40:26,835 - INFO - Validación    | Pérdida: 7.5990, Accuracy: 0.0010
2025-11-14 23:40:26,836 - INFO - Tasa de aprendizaje reducida de 9.98432206402169e-05 a 9.984177157102431e-05
2025-11-14 23:40:26,838 - INFO - 
--- Época 24/300 ---
2025-11-15 00:08:55,001 - INFO - Entrenamiento | Pérdida: 6.0836, Accuracy: 0.0217, Tiempo: 1708.16s
2025-11-15 00:10:35,606 - INFO - Validación    | Pérdida: 7.6366, Accuracy: 0.0011
2025-11-15 00:10:35,608 - INFO - Tasa de aprendizaje reducida de 9.984177157102431e-05 a 9.984020300940132e-05
2025-11-15 00:10:35,610 - INFO - 
--- Época 25/300 ---
2025-11-15 00:40:06,235 - INFO - Entrenamiento | Pérdida: 6.0813, Accuracy: 0.0215, Tiempo: 1770.62s
2025-11-15 00:42:06,479 - INFO - Validación    | Pérdida: 7.5936, Accuracy: 0.0008
2025-11-15 00:42:06,481 - INFO - 
--- Época 26/300 ---
2025-11-15 01:14:11,415 - INFO - Entrenamiento | Pérdida: 6.0811, Accuracy: 0.0215, Tiempo: 1924.93s
2025-11-15 01:15:53,043 - INFO - Validación    | Pérdida: 7.6018, Accuracy: 0.0009
2025-11-15 01:15:53,044 - INFO - Tasa de aprendizaje reducida de 9.984199780211904e-05 a 9.98416544107591e-05
2025-11-15 01:15:53,045 - INFO - 
--- Época 27/300 ---
2025-11-15 01:44:13,469 - INFO - Entrenamiento | Pérdida: 6.0792, Accuracy: 0.0216, Tiempo: 1700.42s
2025-11-15 01:45:52,254 - INFO - Validación    | Pérdida: 7.6141, Accuracy: 0.0009
2025-11-15 01:45:52,255 - INFO - Tasa de aprendizaje reducida de 9.98416544107591e-05 a 9.984114489738345e-05
2025-11-15 01:45:52,256 - INFO - 
--- Época 28/300 ---
2025-11-15 02:14:11,435 - INFO - Entrenamiento | Pérdida: 6.0775, Accuracy: 0.0216, Tiempo: 1699.18s
2025-11-15 02:15:50,680 - INFO - Validación    | Pérdida: 7.5898, Accuracy: 0.0009
2025-11-15 02:15:50,681 - INFO - 
--- Época 29/300 ---
2025-11-15 02:44:08,302 - INFO - Entrenamiento | Pérdida: 6.0780, Accuracy: 0.0218, Tiempo: 1697.62s
2025-11-15 02:45:48,855 - INFO - Validación    | Pérdida: 7.6058, Accuracy: 0.0009
2025-11-15 02:45:48,857 - INFO - Tasa de aprendizaje reducida de 9.984215590048027e-05 a 9.984149003675082e-05
2025-11-15 02:45:48,858 - INFO - 
--- Época 30/300 ---
2025-11-15 03:14:19,399 - INFO - Entrenamiento | Pérdida: 6.0773, Accuracy: 0.0219, Tiempo: 1710.54s
2025-11-15 03:15:59,031 - INFO - Validación    | Pérdida: 7.6273, Accuracy: 0.0010
2025-11-15 03:15:59,033 - INFO - Tasa de aprendizaje reducida de 9.984149003675082e-05 a 9.984059222194654e-05
2025-11-15 03:15:59,034 - INFO - 
--- Época 31/300 ---
2025-11-15 03:44:40,853 - INFO - Entrenamiento | Pérdida: 6.0761, Accuracy: 0.0213, Tiempo: 1721.82s
2025-11-15 03:46:20,830 - INFO - Validación    | Pérdida: 7.6278, Accuracy: 0.0009
2025-11-15 03:46:20,831 - INFO - Tasa de aprendizaje reducida de 9.984059222194654e-05 a 9.98405713839188e-05
2025-11-15 03:46:20,832 - INFO - 
--- Época 32/300 ---
2025-11-15 04:15:34,739 - INFO - Entrenamiento | Pérdida: 6.0753, Accuracy: 0.0217, Tiempo: 1753.91s
2025-11-15 04:17:15,548 - INFO - Validación    | Pérdida: 7.5870, Accuracy: 0.0007
2025-11-15 04:17:15,550 - INFO - 
--- Época 33/300 ---
2025-11-15 04:45:39,611 - INFO - Entrenamiento | Pérdida: 6.0741, Accuracy: 0.0217, Tiempo: 1704.06s
2025-11-15 04:47:20,325 - INFO - Validación    | Pérdida: 7.5881, Accuracy: 0.0007
2025-11-15 04:47:20,327 - INFO - Tasa de aprendizaje reducida de 9.984227122427094e-05 a 9.984222448336054e-05
2025-11-15 04:47:20,329 - INFO - 
--- Época 34/300 ---
2025-11-15 05:15:49,104 - INFO - Entrenamiento | Pérdida: 6.0749, Accuracy: 0.0218, Tiempo: 1708.77s
2025-11-15 05:17:30,516 - INFO - Validación    | Pérdida: 7.6383, Accuracy: 0.0007
2025-11-15 05:17:30,518 - INFO - Tasa de aprendizaje reducida de 9.984222448336054e-05 a 9.984013219902128e-05
2025-11-15 05:17:30,519 - INFO - 
--- Época 35/300 ---
2025-11-15 05:45:59,835 - INFO - Entrenamiento | Pérdida: 6.0711, Accuracy: 0.0218, Tiempo: 1709.31s
2025-11-15 05:47:39,825 - INFO - Validación    | Pérdida: 7.5476, Accuracy: 0.0008
2025-11-15 05:47:39,827 - INFO - 
--- Época 36/300 ---
2025-11-15 06:16:13,358 - INFO - Entrenamiento | Pérdida: 6.0732, Accuracy: 0.0218, Tiempo: 1713.53s
2025-11-15 06:17:53,878 - INFO - Validación    | Pérdida: 7.5997, Accuracy: 0.0009
2025-11-15 06:17:53,880 - INFO - Tasa de aprendizaje reducida de 9.984390603352342e-05 a 9.984174568298213e-05
2025-11-15 06:17:53,881 - INFO - 
--- Época 37/300 ---
2025-11-15 06:46:17,201 - INFO - Entrenamiento | Pérdida: 6.0720, Accuracy: 0.0219, Tiempo: 1703.32s
2025-11-15 06:47:58,121 - INFO - Validación    | Pérdida: 7.6459, Accuracy: 0.0008
2025-11-15 06:47:58,123 - INFO - Tasa de aprendizaje reducida de 9.984174568298213e-05 a 9.983981593324504e-05
2025-11-15 06:47:58,125 - INFO - 
--- Época 38/300 ---
2025-11-15 07:16:24,369 - INFO - Entrenamiento | Pérdida: 6.0695, Accuracy: 0.0221, Tiempo: 1706.24s
2025-11-15 07:18:05,413 - INFO - Validación    | Pérdida: 7.5825, Accuracy: 0.0008
2025-11-15 07:18:05,415 - INFO - 
--- Época 39/300 ---
2025-11-15 07:46:29,084 - INFO - Entrenamiento | Pérdida: 6.0685, Accuracy: 0.0221, Tiempo: 1703.67s
2025-11-15 07:48:09,830 - INFO - Validación    | Pérdida: 7.6199, Accuracy: 0.0008
2025-11-15 07:48:09,832 - INFO - Tasa de aprendizaje reducida de 9.984245753635293e-05 a 9.984090195329462e-05
2025-11-15 07:48:09,834 - INFO - 
--- Época 40/300 ---
2025-11-15 08:16:42,085 - INFO - Entrenamiento | Pérdida: 6.0690, Accuracy: 0.0220, Tiempo: 1712.25s
2025-11-15 08:18:22,376 - INFO - Validación    | Pérdida: 7.6038, Accuracy: 0.0008
2025-11-15 08:18:22,377 - INFO - 
--- Época 41/300 ---
2025-11-15 08:46:46,538 - INFO - Entrenamiento | Pérdida: 6.0700, Accuracy: 0.0218, Tiempo: 1704.16s
2025-11-15 08:48:27,734 - INFO - Validación    | Pérdida: 7.6232, Accuracy: 0.0010
2025-11-15 08:48:27,736 - INFO - Tasa de aprendizaje reducida de 9.984157454900834e-05 a 9.984076224794085e-05
2025-11-15 08:48:27,736 - INFO - 
--- Época 42/300 ---
2025-11-15 09:16:50,651 - INFO - Entrenamiento | Pérdida: 6.0681, Accuracy: 0.0222, Tiempo: 1702.91s
2025-11-15 09:18:31,292 - INFO - Validación    | Pérdida: 7.5936, Accuracy: 0.0009
2025-11-15 09:18:31,295 - INFO - 
--- Época 43/300 ---
2025-11-15 09:46:53,698 - INFO - Entrenamiento | Pérdida: 6.0675, Accuracy: 0.0220, Tiempo: 1702.40s
2025-11-15 09:48:33,915 - INFO - Validación    | Pérdida: 7.5513, Accuracy: 0.0007
2025-11-15 09:48:33,917 - INFO - 
--- Época 44/300 ---
2025-11-15 10:17:03,323 - INFO - Entrenamiento | Pérdida: 6.0668, Accuracy: 0.0221, Tiempo: 1709.40s
2025-11-15 10:18:44,094 - INFO - Validación    | Pérdida: 7.6117, Accuracy: 0.0010
2025-11-15 10:18:44,096 - INFO - Tasa de aprendizaje reducida de 9.984375284819164e-05 a 9.984124287680723e-05
2025-11-15 10:18:44,097 - INFO - 
--- Época 45/300 ---
2025-11-15 10:49:54,956 - INFO - Entrenamiento | Pérdida: 6.0649, Accuracy: 0.0222, Tiempo: 1870.86s
2025-11-15 10:51:52,628 - INFO - Validación    | Pérdida: 7.6528, Accuracy: 0.0010
2025-11-15 10:51:52,629 - INFO - Tasa de aprendizaje reducida de 9.984124287680723e-05 a 9.983952558303917e-05
2025-11-15 10:51:52,630 - INFO - 
--- Época 46/300 ---
2025-11-15 11:22:35,531 - INFO - Entrenamiento | Pérdida: 6.0660, Accuracy: 0.0221, Tiempo: 1842.90s
2025-11-15 11:24:16,453 - INFO - Validación    | Pérdida: 7.5905, Accuracy: 0.0008
2025-11-15 11:24:16,454 - INFO - 
--- Época 47/300 ---
2025-11-15 11:52:44,831 - INFO - Entrenamiento | Pérdida: 6.0645, Accuracy: 0.0222, Tiempo: 1708.38s
2025-11-15 11:54:24,984 - INFO - Validación    | Pérdida: 7.6273, Accuracy: 0.0009
2025-11-15 11:54:24,985 - INFO - Tasa de aprendizaje reducida de 9.984212688101674e-05 a 9.984059164391736e-05
2025-11-15 11:54:24,988 - INFO - 
--- Época 48/300 ---
2025-11-15 12:22:47,232 - INFO - Entrenamiento | Pérdida: 6.0633, Accuracy: 0.0221, Tiempo: 1702.24s
2025-11-15 12:24:27,524 - INFO - Validación    | Pérdida: 7.6052, Accuracy: 0.0008
2025-11-15 12:24:27,525 - INFO - 
--- Época 49/300 ---
2025-11-15 12:56:37,772 - INFO - Entrenamiento | Pérdida: 6.0645, Accuracy: 0.0222, Tiempo: 1930.25s
2025-11-15 12:58:34,979 - INFO - Validación    | Pérdida: 7.6360, Accuracy: 0.0007
2025-11-15 12:58:34,980 - INFO - Tasa de aprendizaje reducida de 9.984151387272303e-05 a 9.98402301635144e-05
2025-11-15 12:58:34,981 - INFO - 
--- Época 50/300 ---
2025-11-15 13:28:17,283 - INFO - Entrenamiento | Pérdida: 6.0643, Accuracy: 0.0221, Tiempo: 1782.30s
2025-11-15 13:29:56,962 - INFO - Validación    | Pérdida: 7.6137, Accuracy: 0.0007
2025-11-15 13:29:56,964 - INFO - 
--- Época 51/300 ---
2025-11-15 13:58:19,273 - INFO - Entrenamiento | Pérdida: 6.0624, Accuracy: 0.0222, Tiempo: 1702.31s
2025-11-15 14:00:00,144 - INFO - Validación    | Pérdida: 7.5819, Accuracy: 0.0010
2025-11-15 14:00:00,145 - INFO - 
--- Época 52/300 ---
2025-11-15 14:28:24,295 - INFO - Entrenamiento | Pérdida: 6.0642, Accuracy: 0.0223, Tiempo: 1704.15s
2025-11-15 14:30:04,453 - INFO - Validación    | Pérdida: 7.5673, Accuracy: 0.0007
2025-11-15 14:30:04,454 - INFO - 
--- Época 53/300 ---
2025-11-15 14:58:34,125 - INFO - Entrenamiento | Pérdida: 6.0616, Accuracy: 0.0223, Tiempo: 1709.67s
2025-11-15 15:00:14,304 - INFO - Validación    | Pérdida: 7.5830, Accuracy: 0.0008
2025-11-15 15:00:14,305 - INFO - Tasa de aprendizaje reducida de 9.984308839979824e-05 a 9.984243791879465e-05
2025-11-15 15:00:14,306 - INFO - 
--- Época 54/300 ---
2025-11-15 15:29:02,061 - INFO - Entrenamiento | Pérdida: 6.0611, Accuracy: 0.0224, Tiempo: 1727.75s
2025-11-15 15:30:42,128 - INFO - Validación    | Pérdida: 7.6552, Accuracy: 0.0008
2025-11-15 15:30:42,130 - INFO - Tasa de aprendizaje reducida de 9.984243791879465e-05 a 9.983942411735623e-05
2025-11-15 15:30:42,131 - INFO - 
--- Época 55/300 ---
2025-11-15 16:01:01,606 - INFO - Entrenamiento | Pérdida: 6.0626, Accuracy: 0.0220, Tiempo: 1819.47s
2025-11-15 16:02:44,439 - INFO - Validación    | Pérdida: 7.5729, Accuracy: 0.0009
2025-11-15 16:02:44,440 - INFO - 
--- Época 56/300 ---
2025-11-15 16:31:45,183 - INFO - Entrenamiento | Pérdida: 6.0627, Accuracy: 0.0223, Tiempo: 1740.74s
2025-11-15 16:33:26,331 - INFO - Validación    | Pérdida: 7.5756, Accuracy: 0.0011
2025-11-15 16:33:26,333 - INFO - Tasa de aprendizaje reducida de 9.984285705336264e-05 a 9.984274708067289e-05
2025-11-15 16:33:26,334 - INFO - 
--- Época 57/300 ---
2025-11-15 17:01:57,160 - INFO - Entrenamiento | Pérdida: 6.0629, Accuracy: 0.0222, Tiempo: 1710.82s
2025-11-15 17:03:37,583 - INFO - Validación    | Pérdida: 7.6138, Accuracy: 0.0006
2025-11-15 17:03:37,584 - INFO - Tasa de aprendizaje reducida de 9.984274708067289e-05 a 9.984115811927987e-05
2025-11-15 17:03:37,585 - INFO - 
--- Época 58/300 ---
2025-11-15 17:32:14,127 - INFO - Entrenamiento | Pérdida: 6.0607, Accuracy: 0.0223, Tiempo: 1716.54s
2025-11-15 17:34:11,757 - INFO - Validación    | Pérdida: 7.6051, Accuracy: 0.0009
2025-11-15 17:34:11,758 - INFO - 
--- Época 59/300 ---
2025-11-15 18:07:12,032 - INFO - Entrenamiento | Pérdida: 6.0622, Accuracy: 0.0223, Tiempo: 1980.27s
2025-11-15 18:08:54,303 - INFO - Validación    | Pérdida: 7.6240, Accuracy: 0.0008
2025-11-15 18:08:54,305 - INFO - Tasa de aprendizaje reducida de 9.984151743855042e-05 a 9.984072901809594e-05
2025-11-15 18:08:54,307 - INFO - 
--- Época 60/300 ---
2025-11-15 18:37:25,002 - INFO - Entrenamiento | Pérdida: 6.0628, Accuracy: 0.0222, Tiempo: 1710.69s
2025-11-15 18:39:05,967 - INFO - Validación    | Pérdida: 7.5777, Accuracy: 0.0010
2025-11-15 18:39:05,969 - INFO - 
--- Época 61/300 ---
2025-11-15 19:07:36,592 - INFO - Entrenamiento | Pérdida: 6.0623, Accuracy: 0.0222, Tiempo: 1710.62s
2025-11-15 19:09:17,887 - INFO - Validación    | Pérdida: 7.6137, Accuracy: 0.0009
2025-11-15 19:09:17,889 - INFO - Tasa de aprendizaje reducida de 9.984265840807356e-05 a 9.984116072341409e-05
2025-11-15 19:09:17,891 - INFO - 
--- Época 62/300 ---
2025-11-15 19:37:44,168 - INFO - Entrenamiento | Pérdida: 6.0612, Accuracy: 0.0223, Tiempo: 1706.28s
2025-11-15 19:39:25,254 - INFO - Validación    | Pérdida: 7.6259, Accuracy: 0.0012
2025-11-15 19:39:25,255 - INFO - Tasa de aprendizaje reducida de 9.984116072341409e-05 a 9.984065194188789e-05
2025-11-15 19:39:25,256 - INFO - 
--- Época 63/300 ---
2025-11-15 20:08:32,105 - INFO - Entrenamiento | Pérdida: 6.0605, Accuracy: 0.0223, Tiempo: 1746.85s
2025-11-15 20:10:15,452 - INFO - Validación    | Pérdida: 7.6047, Accuracy: 0.0010
2025-11-15 20:10:15,454 - INFO - 
--- Época 64/300 ---
2025-11-15 20:39:06,098 - INFO - Entrenamiento | Pérdida: 6.0609, Accuracy: 0.0223, Tiempo: 1730.64s
2025-11-15 20:40:47,196 - INFO - Validación    | Pérdida: 7.5787, Accuracy: 0.0009
2025-11-15 20:40:47,198 - INFO - 
--- Época 65/300 ---
2025-11-15 21:09:14,390 - INFO - Entrenamiento | Pérdida: 6.0619, Accuracy: 0.0224, Tiempo: 1707.19s
2025-11-15 21:10:55,967 - INFO - Validación    | Pérdida: 7.5936, Accuracy: 0.0007
2025-11-15 21:10:55,969 - INFO - Tasa de aprendizaje reducida de 9.98426187449408e-05 a 9.984199889478791e-05
2025-11-15 21:10:55,970 - INFO - 
--- Época 66/300 ---
2025-11-15 21:39:27,695 - INFO - Entrenamiento | Pérdida: 6.0608, Accuracy: 0.0226, Tiempo: 1711.72s
2025-11-15 21:41:07,852 - INFO - Validación    | Pérdida: 7.6129, Accuracy: 0.0007
2025-11-15 21:41:07,854 - INFO - Tasa de aprendizaje reducida de 9.984199889478791e-05 a 9.984119494754711e-05
2025-11-15 21:41:07,856 - INFO - 
--- Época 67/300 ---
2025-11-15 22:09:57,403 - INFO - Entrenamiento | Pérdida: 6.0605, Accuracy: 0.0225, Tiempo: 1729.55s
2025-11-15 22:11:38,499 - INFO - Validación    | Pérdida: 7.5785, Accuracy: 0.0008
2025-11-15 22:11:38,500 - INFO - 
--- Época 68/300 ---
2025-11-15 22:41:34,446 - INFO - Entrenamiento | Pérdida: 6.0618, Accuracy: 0.0222, Tiempo: 1795.94s
2025-11-15 22:43:33,523 - INFO - Validación    | Pérdida: 7.6162, Accuracy: 0.0010
2025-11-15 22:43:33,525 - INFO - Tasa de aprendizaje reducida de 9.984262669207098e-05 a 9.984105496542507e-05
2025-11-15 22:43:33,526 - INFO - 
--- Época 69/300 ---
2025-11-15 23:15:39,747 - INFO - Entrenamiento | Pérdida: 6.0604, Accuracy: 0.0223, Tiempo: 1926.22s
2025-11-15 23:17:20,346 - INFO - Validación    | Pérdida: 7.6160, Accuracy: 0.0012
2025-11-15 23:17:20,347 - INFO - 
--- Época 70/300 ---
2025-11-15 23:45:48,194 - INFO - Entrenamiento | Pérdida: 6.0599, Accuracy: 0.0224, Tiempo: 1707.84s
2025-11-15 23:47:29,122 - INFO - Validación    | Pérdida: 7.5883, Accuracy: 0.0008
2025-11-15 23:47:29,124 - INFO - 
--- Época 71/300 ---
2025-11-16 00:16:02,407 - INFO - Entrenamiento | Pérdida: 6.0594, Accuracy: 0.0224, Tiempo: 1713.28s
2025-11-16 00:17:43,068 - INFO - Validación    | Pérdida: 7.5987, Accuracy: 0.0010
2025-11-16 00:17:43,070 - INFO - Tasa de aprendizaje reducida de 9.984221945551062e-05 a 9.984178433080927e-05
2025-11-16 00:17:43,071 - INFO - 
--- Época 72/300 ---
2025-11-16 00:46:09,274 - INFO - Entrenamiento | Pérdida: 6.0590, Accuracy: 0.0225, Tiempo: 1706.20s
2025-11-16 00:47:49,982 - INFO - Validación    | Pérdida: 7.5964, Accuracy: 0.0009
2025-11-16 00:47:49,984 - INFO - 
--- Época 73/300 ---
2025-11-16 01:16:19,481 - INFO - Entrenamiento | Pérdida: 6.0591, Accuracy: 0.0224, Tiempo: 1709.49s
2025-11-16 01:17:59,930 - INFO - Validación    | Pérdida: 7.5797, Accuracy: 0.0007
2025-11-16 01:17:59,932 - INFO - 
--- Época 74/300 ---
2025-11-16 01:46:31,002 - INFO - Entrenamiento | Pérdida: 6.0602, Accuracy: 0.0224, Tiempo: 1711.07s
2025-11-16 01:48:11,645 - INFO - Validación    | Pérdida: 7.5575, Accuracy: 0.0008
2025-11-16 01:48:11,646 - INFO - 
--- Época 75/300 ---
2025-11-16 02:17:25,397 - INFO - Entrenamiento | Pérdida: 6.0598, Accuracy: 0.0222, Tiempo: 1753.75s
2025-11-16 02:19:06,462 - INFO - Validación    | Pérdida: 7.5952, Accuracy: 0.0009
2025-11-16 02:19:06,464 - INFO - Tasa de aprendizaje reducida de 9.984349545138807e-05 a 9.984192952484412e-05
2025-11-16 02:19:06,465 - INFO - 
--- Época 76/300 ---
2025-11-16 02:47:33,740 - INFO - Entrenamiento | Pérdida: 6.0607, Accuracy: 0.0225, Tiempo: 1707.27s
2025-11-16 02:49:14,705 - INFO - Validación    | Pérdida: 7.5883, Accuracy: 0.0009
2025-11-16 02:49:14,707 - INFO - 
--- Época 77/300 ---
2025-11-16 03:17:37,203 - INFO - Entrenamiento | Pérdida: 6.0589, Accuracy: 0.0226, Tiempo: 1702.50s
2025-11-16 03:19:18,220 - INFO - Validación    | Pérdida: 7.5992, Accuracy: 0.0007
2025-11-16 03:19:18,221 - INFO - Tasa de aprendizaje reducida de 9.984221996987288e-05 a 9.984176516310823e-05
2025-11-16 03:19:18,223 - INFO - 
--- Época 78/300 ---
2025-11-16 03:47:46,977 - INFO - Entrenamiento | Pérdida: 6.0590, Accuracy: 0.0226, Tiempo: 1708.75s
2025-11-16 03:49:26,437 - INFO - Validación    | Pérdida: 7.5841, Accuracy: 0.0009
2025-11-16 03:49:26,439 - INFO - 
--- Época 79/300 ---
2025-11-16 04:17:53,514 - INFO - Entrenamiento | Pérdida: 6.0603, Accuracy: 0.0225, Tiempo: 1707.07s
2025-11-16 04:19:34,480 - INFO - Validación    | Pérdida: 7.5943, Accuracy: 0.0009
2025-11-16 04:19:34,482 - INFO - Tasa de aprendizaje reducida de 9.984239044618282e-05 a 9.984197011999454e-05
2025-11-16 04:19:34,483 - INFO - 
--- Época 80/300 ---
2025-11-16 04:48:06,838 - INFO - Entrenamiento | Pérdida: 6.0596, Accuracy: 0.0223, Tiempo: 1712.35s
2025-11-16 04:49:47,185 - INFO - Validación    | Pérdida: 7.5849, Accuracy: 0.0008
2025-11-16 04:49:47,187 - INFO - 
--- Época 81/300 ---
2025-11-16 05:18:14,524 - INFO - Entrenamiento | Pérdida: 6.0595, Accuracy: 0.0227, Tiempo: 1707.33s
2025-11-16 05:19:56,150 - INFO - Validación    | Pérdida: 7.6319, Accuracy: 0.0008
2025-11-16 05:19:56,152 - INFO - Tasa de aprendizaje reducida de 9.984236097478074e-05 a 9.984040150836276e-05
2025-11-16 05:19:56,153 - INFO - 
--- Época 82/300 ---
2025-11-16 05:48:22,973 - INFO - Entrenamiento | Pérdida: 6.0573, Accuracy: 0.0225, Tiempo: 1706.82s
2025-11-16 05:50:03,101 - INFO - Validación    | Pérdida: 7.5874, Accuracy: 0.0009
2025-11-16 05:50:03,102 - INFO - 
--- Época 83/300 ---
2025-11-16 06:18:37,456 - INFO - Entrenamiento | Pérdida: 6.0576, Accuracy: 0.0224, Tiempo: 1714.35s
2025-11-16 06:20:18,506 - INFO - Validación    | Pérdida: 7.5873, Accuracy: 0.0008
2025-11-16 06:20:18,508 - INFO - 
--- Época 84/300 ---
2025-11-16 06:48:50,918 - INFO - Entrenamiento | Pérdida: 6.0582, Accuracy: 0.0226, Tiempo: 1712.41s
2025-11-16 06:50:31,517 - INFO - Validación    | Pérdida: 7.6061, Accuracy: 0.0009
2025-11-16 06:50:31,519 - INFO - Tasa de aprendizaje reducida de 9.984226120229341e-05 a 9.984147805647576e-05
2025-11-16 06:50:31,520 - INFO - 
--- Época 85/300 ---
2025-11-16 07:19:59,439 - INFO - Entrenamiento | Pérdida: 6.0572, Accuracy: 0.0226, Tiempo: 1767.92s
2025-11-16 07:21:41,150 - INFO - Validación    | Pérdida: 7.6200, Accuracy: 0.0006
2025-11-16 07:21:41,152 - INFO - Tasa de aprendizaje reducida de 9.984147805647576e-05 a 9.984089839574984e-05
2025-11-16 07:21:41,153 - INFO - 
--- Época 86/300 ---
2025-11-16 07:50:13,023 - INFO - Entrenamiento | Pérdida: 6.0575, Accuracy: 0.0225, Tiempo: 1711.87s
2025-11-16 07:51:53,698 - INFO - Validación    | Pérdida: 7.6098, Accuracy: 0.0009
2025-11-16 07:51:53,700 - INFO - 
--- Época 87/300 ---
2025-11-16 08:20:37,714 - INFO - Entrenamiento | Pérdida: 6.0568, Accuracy: 0.0224, Tiempo: 1724.01s
2025-11-16 08:22:18,608 - INFO - Validación    | Pérdida: 7.6373, Accuracy: 0.0008
2025-11-16 08:22:18,611 - INFO - Tasa de aprendizaje reducida de 9.98413246224914e-05 a 9.98401740984938e-05
2025-11-16 08:22:18,612 - INFO - 
--- Época 88/300 ---
2025-11-16 08:50:50,892 - INFO - Entrenamiento | Pérdida: 6.0562, Accuracy: 0.0226, Tiempo: 1712.28s
2025-11-16 08:52:31,802 - INFO - Validación    | Pérdida: 7.5993, Accuracy: 0.0009
2025-11-16 08:52:31,804 - INFO - 
--- Época 89/300 ---
2025-11-16 09:21:04,182 - INFO - Entrenamiento | Pérdida: 6.0575, Accuracy: 0.0227, Tiempo: 1712.38s
2025-11-16 09:22:46,031 - INFO - Validación    | Pérdida: 7.6038, Accuracy: 0.0008
2025-11-16 09:22:46,033 - INFO - Tasa de aprendizaje reducida de 9.984176005543751e-05 a 9.984157194578475e-05
2025-11-16 09:22:46,034 - INFO - 
--- Época 90/300 ---
2025-11-16 09:54:38,103 - INFO - Entrenamiento | Pérdida: 6.0567, Accuracy: 0.0228, Tiempo: 1912.07s
2025-11-16 09:56:35,208 - INFO - Validación    | Pérdida: 7.5964, Accuracy: 0.0006
2025-11-16 09:56:35,210 - INFO - 
--- Época 91/300 ---
2025-11-16 10:26:49,560 - INFO - Entrenamiento | Pérdida: 6.0571, Accuracy: 0.0226, Tiempo: 1814.35s
2025-11-16 10:28:30,553 - INFO - Validación    | Pérdida: 7.6227, Accuracy: 0.0011
2025-11-16 10:28:30,554 - INFO - Tasa de aprendizaje reducida de 9.984188092771029e-05 a 9.984078479938195e-05
2025-11-16 10:28:30,555 - INFO - 
--- Época 92/300 ---
2025-11-16 10:57:03,134 - INFO - Entrenamiento | Pérdida: 6.0565, Accuracy: 0.0224, Tiempo: 1712.58s
2025-11-16 10:58:44,321 - INFO - Validación    | Pérdida: 7.6156, Accuracy: 0.0009
2025-11-16 10:58:44,322 - INFO - 
--- Época 93/300 ---
2025-11-16 11:27:18,980 - INFO - Entrenamiento | Pérdida: 6.0569, Accuracy: 0.0226, Tiempo: 1714.65s
2025-11-16 11:28:59,611 - INFO - Validación    | Pérdida: 7.5889, Accuracy: 0.0008
2025-11-16 11:28:59,612 - INFO - 
--- Época 94/300 ---
2025-11-16 11:58:38,218 - INFO - Entrenamiento | Pérdida: 6.0572, Accuracy: 0.0226, Tiempo: 1778.60s
2025-11-16 12:00:18,900 - INFO - Validación    | Pérdida: 7.5840, Accuracy: 0.0011
2025-11-16 12:00:18,902 - INFO - 
--- Época 95/300 ---
2025-11-16 12:30:37,440 - INFO - Entrenamiento | Pérdida: 6.0576, Accuracy: 0.0224, Tiempo: 1818.54s
2025-11-16 12:32:22,735 - INFO - Validación    | Pérdida: 7.5842, Accuracy: 0.0008
2025-11-16 12:32:22,735 - INFO - Tasa de aprendizaje reducida de 9.984239623212183e-05 a 9.984238907727655e-05
2025-11-16 12:32:22,737 - INFO - 
--- Época 96/300 ---
2025-11-16 13:02:37,393 - INFO - Entrenamiento | Pérdida: 6.0570, Accuracy: 0.0228, Tiempo: 1814.65s
2025-11-16 13:04:20,169 - INFO - Validación    | Pérdida: 7.5808, Accuracy: 0.0010
2025-11-16 13:04:20,171 - INFO - 
--- Época 97/300 ---
2025-11-16 13:33:07,150 - INFO - Entrenamiento | Pérdida: 6.0553, Accuracy: 0.0227, Tiempo: 1726.98s
2025-11-16 13:35:06,499 - INFO - Validación    | Pérdida: 7.6096, Accuracy: 0.0007
2025-11-16 13:35:06,501 - INFO - Tasa de aprendizaje reducida de 9.984252928056817e-05 a 9.984133146619584e-05
2025-11-16 13:35:06,503 - INFO - 
--- Época 98/300 ---
2025-11-16 14:07:44,873 - INFO - Entrenamiento | Pérdida: 6.0552, Accuracy: 0.0225, Tiempo: 1958.37s
2025-11-16 14:09:24,478 - INFO - Validación    | Pérdida: 7.6141, Accuracy: 0.0008
2025-11-16 14:09:24,479 - INFO - Tasa de aprendizaje reducida de 9.984133146619584e-05 a 9.984114583834468e-05
2025-11-16 14:09:24,480 - INFO - 
--- Época 99/300 ---
2025-11-16 14:39:30,264 - INFO - Entrenamiento | Pérdida: 6.0554, Accuracy: 0.0227, Tiempo: 1805.78s
2025-11-16 14:41:29,777 - INFO - Validación    | Pérdida: 7.6058, Accuracy: 0.0010
2025-11-16 14:41:29,778 - INFO - 
--- Época 100/300 ---
2025-11-16 15:13:34,902 - INFO - Entrenamiento | Pérdida: 6.0562, Accuracy: 0.0228, Tiempo: 1925.12s
2025-11-16 15:15:15,729 - INFO - Validación    | Pérdida: 7.5749, Accuracy: 0.0007
2025-11-16 15:15:15,731 - INFO - 
--- Época 101/300 ---
2025-11-16 15:43:49,934 - INFO - Entrenamiento | Pérdida: 6.0564, Accuracy: 0.0227, Tiempo: 1714.20s
2025-11-16 15:45:30,752 - INFO - Validación    | Pérdida: 7.5767, Accuracy: 0.0009
2025-11-16 15:45:30,753 - INFO - Tasa de aprendizaje reducida de 9.984277322492259e-05 a 9.984270135073588e-05
2025-11-16 15:45:30,754 - INFO - 
--- Época 102/300 ---
2025-11-16 16:14:11,196 - INFO - Entrenamiento | Pérdida: 6.0562, Accuracy: 0.0228, Tiempo: 1720.44s
2025-11-16 16:15:52,458 - INFO - Validación    | Pérdida: 7.5793, Accuracy: 0.0008
2025-11-16 16:15:52,459 - INFO - Tasa de aprendizaje reducida de 9.984270135073588e-05 a 9.984259266701576e-05
2025-11-16 16:15:52,460 - INFO - 
--- Época 103/300 ---
2025-11-16 16:44:23,556 - INFO - Entrenamiento | Pérdida: 6.0558, Accuracy: 0.0228, Tiempo: 1711.09s
2025-11-16 16:46:04,045 - INFO - Validación    | Pérdida: 7.6199, Accuracy: 0.0010
2025-11-16 16:46:04,047 - INFO - Tasa de aprendizaje reducida de 9.984259266701576e-05 a 9.984090177055758e-05
2025-11-16 16:46:04,048 - INFO - 
--- Época 104/300 ---
2025-11-16 17:15:53,582 - INFO - Entrenamiento | Pérdida: 6.0553, Accuracy: 0.0229, Tiempo: 1789.53s
2025-11-16 17:17:34,203 - INFO - Validación    | Pérdida: 7.6164, Accuracy: 0.0007
2025-11-16 17:17:34,205 - INFO - 
--- Época 105/300 ---
2025-11-16 17:48:50,968 - INFO - Entrenamiento | Pérdida: 6.0545, Accuracy: 0.0227, Tiempo: 1876.76s
2025-11-16 17:50:48,656 - INFO - Validación    | Pérdida: 7.5877, Accuracy: 0.0010
2025-11-16 17:50:48,658 - INFO - 
--- Época 106/300 ---
2025-11-16 18:22:47,935 - INFO - Entrenamiento | Pérdida: 6.0556, Accuracy: 0.0226, Tiempo: 1919.28s
2025-11-16 18:24:28,223 - INFO - Validación    | Pérdida: 7.5874, Accuracy: 0.0011
2025-11-16 18:24:28,224 - INFO - 
--- Época 107/300 ---
2025-11-16 18:54:36,685 - INFO - Entrenamiento | Pérdida: 6.0560, Accuracy: 0.0226, Tiempo: 1808.46s
2025-11-16 18:56:21,153 - INFO - Validación    | Pérdida: 7.6229, Accuracy: 0.0007
2025-11-16 18:56:21,156 - INFO - Tasa de aprendizaje reducida de 9.984225572503847e-05 a 9.984077609563511e-05
2025-11-16 18:56:21,158 - INFO - 
--- Época 108/300 ---
2025-11-16 19:26:38,298 - INFO - Entrenamiento | Pérdida: 6.0554, Accuracy: 0.0229, Tiempo: 1817.14s
2025-11-16 19:28:19,835 - INFO - Validación    | Pérdida: 7.5289, Accuracy: 0.0008
2025-11-16 19:28:19,836 - INFO - 
--- Época 109/300 ---
2025-11-16 19:58:34,577 - INFO - Entrenamiento | Pérdida: 6.0551, Accuracy: 0.0227, Tiempo: 1814.74s
2025-11-16 20:00:15,883 - INFO - Validación    | Pérdida: 7.6173, Accuracy: 0.0007
2025-11-16 20:00:15,884 - INFO - Tasa de aprendizaje reducida de 9.984467659398069e-05 a 9.984101182096308e-05
2025-11-16 20:00:15,885 - INFO - 
--- Época 110/300 ---
2025-11-16 20:29:47,197 - INFO - Entrenamiento | Pérdida: 6.0561, Accuracy: 0.0229, Tiempo: 1771.31s
2025-11-16 20:31:27,659 - INFO - Validación    | Pérdida: 7.5888, Accuracy: 0.0007
2025-11-16 20:31:27,661 - INFO - 
--- Época 111/300 ---
2025-11-16 20:59:54,577 - INFO - Entrenamiento | Pérdida: 6.0570, Accuracy: 0.0228, Tiempo: 1706.92s
2025-11-16 21:01:36,446 - INFO - Validación    | Pérdida: 7.5924, Accuracy: 0.0009
2025-11-16 21:01:36,448 - INFO - Tasa de aprendizaje reducida de 9.984219555600054e-05 a 9.984204847351148e-05
2025-11-16 21:01:36,450 - INFO - 
--- Época 112/300 ---
2025-11-16 21:30:13,243 - INFO - Entrenamiento | Pérdida: 6.0563, Accuracy: 0.0225, Tiempo: 1716.79s
2025-11-16 21:31:53,995 - INFO - Validación    | Pérdida: 7.5874, Accuracy: 0.0010
2025-11-16 21:31:53,997 - INFO - 
--- Época 113/300 ---
2025-11-16 22:00:27,250 - INFO - Entrenamiento | Pérdida: 6.0551, Accuracy: 0.0229, Tiempo: 1713.25s
2025-11-16 22:02:07,817 - INFO - Validación    | Pérdida: 7.5930, Accuracy: 0.0008
2025-11-16 22:02:07,819 - INFO - Tasa de aprendizaje reducida de 9.98422549440795e-05 a 9.984202089461468e-05
2025-11-16 22:02:07,820 - INFO - 
--- Época 114/300 ---
2025-11-16 22:30:40,887 - INFO - Entrenamiento | Pérdida: 6.0556, Accuracy: 0.0224, Tiempo: 1713.06s
2025-11-16 22:32:29,349 - INFO - Validación    | Pérdida: 7.5697, Accuracy: 0.0009
2025-11-16 22:32:29,350 - INFO - 
--- Época 115/300 ---
2025-11-16 23:05:32,474 - INFO - Entrenamiento | Pérdida: 6.0554, Accuracy: 0.0225, Tiempo: 1983.12s
2025-11-16 23:07:12,497 - INFO - Validación    | Pérdida: 7.5652, Accuracy: 0.0008
2025-11-16 23:07:12,498 - INFO - 
--- Época 116/300 ---
2025-11-16 23:35:44,341 - INFO - Entrenamiento | Pérdida: 6.0560, Accuracy: 0.0226, Tiempo: 1711.84s
2025-11-16 23:37:25,323 - INFO - Validación    | Pérdida: 7.5875, Accuracy: 0.0010
2025-11-16 23:37:25,324 - INFO - Tasa de aprendizaje reducida de 9.98431748329975e-05 a 9.984224986186037e-05
2025-11-16 23:37:25,324 - INFO - 
--- Época 117/300 ---
2025-11-17 00:06:38,130 - INFO - Entrenamiento | Pérdida: 6.0558, Accuracy: 0.0228, Tiempo: 1752.80s
2025-11-17 00:08:19,796 - INFO - Validación    | Pérdida: 7.5723, Accuracy: 0.0011
2025-11-17 00:08:19,798 - INFO - 
--- Época 118/300 ---
2025-11-17 00:37:00,578 - INFO - Entrenamiento | Pérdida: 6.0534, Accuracy: 0.0229, Tiempo: 1720.78s
2025-11-17 00:38:41,376 - INFO - Validación    | Pérdida: 7.5996, Accuracy: 0.0009
2025-11-17 00:38:41,379 - INFO - Tasa de aprendizaje reducida de 9.984288332878517e-05 a 9.984174963390777e-05
2025-11-17 00:38:41,379 - INFO - 
--- Época 119/300 ---
2025-11-17 01:07:11,347 - INFO - Entrenamiento | Pérdida: 6.0544, Accuracy: 0.0228, Tiempo: 1709.97s
2025-11-17 01:08:53,167 - INFO - Validación    | Pérdida: 7.5899, Accuracy: 0.0008
2025-11-17 01:08:53,168 - INFO - 
--- Época 120/300 ---
2025-11-17 01:38:22,187 - INFO - Entrenamiento | Pérdida: 6.0546, Accuracy: 0.0230, Tiempo: 1769.02s
2025-11-17 01:40:18,955 - INFO - Validación    | Pérdida: 7.5253, Accuracy: 0.0008
2025-11-17 01:40:18,957 - INFO - 
--- Época 121/300 ---
2025-11-17 02:12:28,434 - INFO - Entrenamiento | Pérdida: 6.0532, Accuracy: 0.0229, Tiempo: 1929.47s
2025-11-17 02:14:09,723 - INFO - Validación    | Pérdida: 7.6042, Accuracy: 0.0007
2025-11-17 02:14:09,725 - INFO - Tasa de aprendizaje reducida de 9.984482369441545e-05 a 9.984155626861202e-05
2025-11-17 02:14:09,726 - INFO - 
--- Época 122/300 ---
2025-11-17 02:42:38,985 - INFO - Entrenamiento | Pérdida: 6.0540, Accuracy: 0.0228, Tiempo: 1709.25s
2025-11-17 02:44:19,584 - INFO - Validación    | Pérdida: 7.6186, Accuracy: 0.0010
2025-11-17 02:44:19,585 - INFO - Tasa de aprendizaje reducida de 9.984155626861202e-05 a 9.984095746898419e-05
2025-11-17 02:44:19,586 - INFO - 
--- Época 123/300 ---
2025-11-17 03:13:28,720 - INFO - Entrenamiento | Pérdida: 6.0547, Accuracy: 0.0228, Tiempo: 1749.13s
2025-11-17 03:15:10,306 - INFO - Validación    | Pérdida: 7.5769, Accuracy: 0.0010
2025-11-17 03:15:10,308 - INFO - 
--- Época 124/300 ---
2025-11-17 03:43:45,584 - INFO - Entrenamiento | Pérdida: 6.0536, Accuracy: 0.0228, Tiempo: 1715.27s
2025-11-17 03:45:26,160 - INFO - Validación    | Pérdida: 7.5749, Accuracy: 0.0009
2025-11-17 03:45:26,162 - INFO - 
--- Época 125/300 ---
2025-11-17 04:13:53,944 - INFO - Entrenamiento | Pérdida: 6.0551, Accuracy: 0.0229, Tiempo: 1707.78s
2025-11-17 04:15:34,965 - INFO - Validación    | Pérdida: 7.6097, Accuracy: 0.0006
2025-11-17 04:15:34,967 - INFO - Tasa de aprendizaje reducida de 9.984277611357268e-05 a 9.984132779252687e-05
2025-11-17 04:15:34,969 - INFO - 
--- Época 126/300 ---
2025-11-17 04:44:04,956 - INFO - Entrenamiento | Pérdida: 6.0538, Accuracy: 0.0229, Tiempo: 1709.99s
2025-11-17 04:45:45,413 - INFO - Validación    | Pérdida: 7.5829, Accuracy: 0.0009
2025-11-17 04:45:45,415 - INFO - 
--- Época 127/300 ---
2025-11-17 05:14:47,945 - INFO - Entrenamiento | Pérdida: 6.0540, Accuracy: 0.0229, Tiempo: 1742.53s
2025-11-17 05:16:31,758 - INFO - Validación    | Pérdida: 7.5706, Accuracy: 0.0008
2025-11-17 05:16:31,760 - INFO - 
--- Época 128/300 ---
2025-11-17 05:48:09,962 - INFO - Entrenamiento | Pérdida: 6.0544, Accuracy: 0.0228, Tiempo: 1898.20s
2025-11-17 05:50:06,147 - INFO - Validación    | Pérdida: 7.5588, Accuracy: 0.0010
2025-11-17 05:50:06,149 - INFO - 
--- Época 129/300 ---
2025-11-17 06:21:14,170 - INFO - Entrenamiento | Pérdida: 6.0545, Accuracy: 0.0227, Tiempo: 1868.02s
2025-11-17 06:22:53,657 - INFO - Validación    | Pérdida: 7.6104, Accuracy: 0.0007
2025-11-17 06:22:53,658 - INFO - Tasa de aprendizaje reducida de 9.984344366689475e-05 a 9.984129905640049e-05
2025-11-17 06:22:53,658 - INFO - 
--- Época 130/300 ---
2025-11-17 06:51:24,613 - INFO - Entrenamiento | Pérdida: 6.0546, Accuracy: 0.0227, Tiempo: 1710.95s
2025-11-17 06:53:05,076 - INFO - Validación    | Pérdida: 7.5578, Accuracy: 0.0006
2025-11-17 06:53:05,078 - INFO - 
--- Época 131/300 ---
2025-11-17 07:22:52,248 - INFO - Entrenamiento | Pérdida: 6.0540, Accuracy: 0.0228, Tiempo: 1787.17s
2025-11-17 07:24:33,235 - INFO - Validación    | Pérdida: 7.6004, Accuracy: 0.0007
2025-11-17 07:24:33,238 - INFO - Tasa de aprendizaje reducida de 9.984348103189779e-05 a 9.984171282856243e-05
2025-11-17 07:24:33,240 - INFO - 
--- Época 132/300 ---
2025-11-17 07:53:10,805 - INFO - Entrenamiento | Pérdida: 6.0539, Accuracy: 0.0229, Tiempo: 1717.56s
2025-11-17 07:54:52,074 - INFO - Validación    | Pérdida: 7.6066, Accuracy: 0.0009
2025-11-17 07:54:52,076 - INFO - Tasa de aprendizaje reducida de 9.984171282856243e-05 a 9.984145546330883e-05
2025-11-17 07:54:52,078 - INFO - 
--- Época 133/300 ---
2025-11-17 08:23:27,842 - INFO - Entrenamiento | Pérdida: 6.0533, Accuracy: 0.0229, Tiempo: 1715.76s
2025-11-17 08:25:08,104 - INFO - Validación    | Pérdida: 7.6141, Accuracy: 0.0008
2025-11-17 08:25:08,106 - INFO - Tasa de aprendizaje reducida de 9.984145546330883e-05 a 9.984114446358809e-05
2025-11-17 08:25:08,107 - INFO - 
--- Época 134/300 ---
2025-11-17 08:53:51,707 - INFO - Entrenamiento | Pérdida: 6.0527, Accuracy: 0.0229, Tiempo: 1723.60s
2025-11-17 08:55:32,903 - INFO - Validación    | Pérdida: 7.5686, Accuracy: 0.0009
2025-11-17 08:55:32,904 - INFO - 
--- Época 135/300 ---
2025-11-17 09:24:09,615 - INFO - Entrenamiento | Pérdida: 6.0545, Accuracy: 0.0229, Tiempo: 1716.71s
2025-11-17 09:25:50,114 - INFO - Validación    | Pérdida: 7.5817, Accuracy: 0.0009
2025-11-17 09:25:50,116 - INFO - Tasa de aprendizaje reducida de 9.984303519281928e-05 a 9.984249105656105e-05
2025-11-17 09:25:50,117 - INFO - 
--- Época 136/300 ---
2025-11-17 09:54:26,472 - INFO - Entrenamiento | Pérdida: 6.0546, Accuracy: 0.0228, Tiempo: 1716.35s
2025-11-17 09:56:07,952 - INFO - Validación    | Pérdida: 7.5912, Accuracy: 0.0010
2025-11-17 09:56:07,954 - INFO - Tasa de aprendizaje reducida de 9.984249105656105e-05 a 9.984209607385116e-05
2025-11-17 09:56:07,956 - INFO - 
--- Época 137/300 ---
2025-11-17 10:24:35,481 - INFO - Entrenamiento | Pérdida: 6.0524, Accuracy: 0.0229, Tiempo: 1707.52s
2025-11-17 10:26:15,479 - INFO - Validación    | Pérdida: 7.6185, Accuracy: 0.0007
2025-11-17 10:26:15,481 - INFO - Tasa de aprendizaje reducida de 9.984209607385116e-05 a 9.98409600122012e-05
2025-11-17 10:26:15,482 - INFO - 
--- Época 138/300 ---
2025-11-17 10:55:20,286 - INFO - Entrenamiento | Pérdida: 6.0531, Accuracy: 0.0229, Tiempo: 1744.80s
2025-11-17 10:57:01,390 - INFO - Validación    | Pérdida: 7.6078, Accuracy: 0.0009
2025-11-17 10:57:01,393 - INFO - 
--- Época 139/300 ---
2025-11-17 11:25:35,080 - INFO - Entrenamiento | Pérdida: 6.0530, Accuracy: 0.0231, Tiempo: 1713.69s
2025-11-17 11:27:15,658 - INFO - Validación    | Pérdida: 7.6010, Accuracy: 0.0009
2025-11-17 11:27:15,659 - INFO - 
--- Época 140/300 ---
2025-11-17 11:59:31,807 - INFO - Entrenamiento | Pérdida: 6.0517, Accuracy: 0.0231, Tiempo: 1936.15s
2025-11-17 12:01:31,830 - INFO - Validación    | Pérdida: 7.6164, Accuracy: 0.0013
2025-11-17 12:01:31,833 - INFO - Tasa de aprendizaje reducida de 9.984168996922528e-05 a 9.984104900905282e-05
2025-11-17 12:01:31,834 - INFO - 
--- Época 141/300 ---
2025-11-17 12:30:44,270 - INFO - Entrenamiento | Pérdida: 6.0516, Accuracy: 0.0231, Tiempo: 1752.44s
2025-11-17 12:32:24,054 - INFO - Validación    | Pérdida: 7.6102, Accuracy: 0.0009
2025-11-17 12:32:24,056 - INFO - 
--- Época 142/300 ---
2025-11-17 13:00:58,499 - INFO - Entrenamiento | Pérdida: 6.0545, Accuracy: 0.0227, Tiempo: 1714.44s
2025-11-17 13:02:39,951 - INFO - Validación    | Pérdida: 7.6503, Accuracy: 0.0009
2025-11-17 13:02:39,953 - INFO - Tasa de aprendizaje reducida de 9.98413051324139e-05 a 9.983962839402573e-05
2025-11-17 13:02:39,954 - INFO - 
--- Época 143/300 ---
2025-11-17 13:31:14,886 - INFO - Entrenamiento | Pérdida: 6.0526, Accuracy: 0.0230, Tiempo: 1714.93s
2025-11-17 13:33:11,154 - INFO - Validación    | Pérdida: 7.6182, Accuracy: 0.0013
2025-11-17 13:33:11,156 - INFO - 
--- Época 144/300 ---
2025-11-17 14:06:11,098 - INFO - Entrenamiento | Pérdida: 6.0526, Accuracy: 0.0229, Tiempo: 1979.94s
2025-11-17 14:07:52,760 - INFO - Validación    | Pérdida: 7.5726, Accuracy: 0.0007
2025-11-17 14:07:52,761 - INFO - 
--- Época 145/300 ---
2025-11-17 14:36:23,101 - INFO - Entrenamiento | Pérdida: 6.0525, Accuracy: 0.0228, Tiempo: 1710.34s
2025-11-17 14:38:03,647 - INFO - Validación    | Pérdida: 7.5992, Accuracy: 0.0011
2025-11-17 14:38:03,649 - INFO - Tasa de aprendizaje reducida de 9.984286895902841e-05 a 9.984176306986612e-05
2025-11-17 14:38:03,650 - INFO - 
--- Época 146/300 ---
