2025-12-17 19:54:39,560 - INFO - Modelo SBTAYLOR_KAN.Net importado correctamente.
2025-12-17 19:54:39,561 - INFO - Los pesos del modelo se guardarán en: 'models/sbtaylor_kan_tiny_imagenet\run_20251217_195439\sbtaylor_kan.best_weights.pth'
2025-12-17 19:54:39,563 - INFO - El registro de entrenamiento se guardará en: 'models/sbtaylor_kan_tiny_imagenet\run_20251217_195439\training_run.log'
2025-12-17 19:54:39,588 - INFO - Versión de PyTorch: 2.9.0+cu126
2025-12-17 19:54:39,590 - INFO - ¿CUDA está disponible?: True
2025-12-17 19:54:39,591 - INFO - Versión de CUDA con la que PyTorch fue compilado: 12.6
2025-12-17 19:54:39,592 - INFO - Número de GPUs disponibles: 1
2025-12-17 19:54:39,597 - INFO - Nombre de la GPU actual: NVIDIA GeForce RTX 4090
2025-12-17 19:54:39,620 - INFO - --- Hyperparámetros de Entrenamiento ---
2025-12-17 19:54:39,621 - INFO - Batch Size: 64
2025-12-17 19:54:39,622 - INFO - Num Epochs: 150
2025-12-17 19:54:39,624 - INFO - Num Workers: 4
2025-12-17 19:56:28,244 - INFO - 
Usando dispositivo: cuda
2025-12-17 19:56:32,113 - INFO - Iniciando optimización bayesiana de hiperparámetros...
2025-12-17 19:57:51,254 - INFO - Epoch [1/5]  Loss: 2.3468  Train Acc: 9.57%  Val Acc: 9.20%
2025-12-17 19:59:08,986 - INFO - Epoch [2/5]  Loss: 2.3030  Train Acc: 10.22%  Val Acc: 9.70%
2025-12-17 20:00:26,381 - INFO - Epoch [3/5]  Loss: 2.3032  Train Acc: 8.97%  Val Acc: 8.30%
2025-12-17 20:01:43,749 - INFO - Epoch [4/5]  Loss: 2.3032  Train Acc: 9.75%  Val Acc: 8.10%
2025-12-17 20:03:02,335 - INFO - Epoch [5/5]  Loss: 2.3036  Train Acc: 10.15%  Val Acc: 8.10%
2025-12-17 20:03:32,470 - INFO - Calculando métricas estadísticas...
2025-12-17 20:03:32,472 - INFO - Accuracy: 8.10%
2025-12-17 20:04:52,099 - INFO - Epoch [1/5]  Loss: 2.2747  Train Acc: 14.35%  Val Acc: 23.40%
2025-12-17 20:06:08,040 - INFO - Epoch [2/5]  Loss: 2.1678  Train Acc: 22.20%  Val Acc: 30.30%
2025-12-17 20:07:26,415 - INFO - Epoch [3/5]  Loss: 2.0785  Train Acc: 26.10%  Val Acc: 35.00%
2025-12-17 20:08:45,218 - INFO - Epoch [4/5]  Loss: 2.0148  Train Acc: 28.57%  Val Acc: 37.90%
2025-12-17 20:10:04,773 - INFO - Epoch [5/5]  Loss: 1.9489  Train Acc: 30.50%  Val Acc: 40.00%
2025-12-17 20:10:34,551 - INFO - Calculando métricas estadísticas...
2025-12-17 20:10:34,555 - INFO - Accuracy: 40.00%
2025-12-17 20:11:55,783 - INFO - Epoch [1/5]  Loss: 2.2894  Train Acc: 12.15%  Val Acc: 21.50%
2025-12-17 20:13:15,163 - INFO - Epoch [2/5]  Loss: 2.2155  Train Acc: 18.52%  Val Acc: 28.50%
2025-12-17 20:14:34,299 - INFO - Epoch [3/5]  Loss: 2.1341  Train Acc: 22.55%  Val Acc: 34.30%
2025-12-17 20:15:54,061 - INFO - Epoch [4/5]  Loss: 2.0620  Train Acc: 25.55%  Val Acc: 34.20%
2025-12-17 20:17:13,106 - INFO - Epoch [5/5]  Loss: 2.0301  Train Acc: 27.30%  Val Acc: 38.50%
2025-12-17 20:17:42,648 - INFO - Calculando métricas estadísticas...
2025-12-17 20:17:42,650 - INFO - Accuracy: 38.50%
2025-12-17 20:19:04,466 - INFO - Epoch [1/5]  Loss: 2.2854  Train Acc: 14.05%  Val Acc: 20.20%
2025-12-17 20:20:24,547 - INFO - Epoch [2/5]  Loss: 2.2051  Train Acc: 21.82%  Val Acc: 23.30%
2025-12-17 20:21:42,652 - INFO - Epoch [3/5]  Loss: 2.1088  Train Acc: 26.18%  Val Acc: 29.80%
2025-12-17 20:23:01,340 - INFO - Epoch [4/5]  Loss: 2.0365  Train Acc: 27.55%  Val Acc: 31.80%
2025-12-17 20:24:21,345 - INFO - Epoch [5/5]  Loss: 1.9818  Train Acc: 30.82%  Val Acc: 37.80%
2025-12-17 20:24:51,312 - INFO - Calculando métricas estadísticas...
2025-12-17 20:24:51,315 - INFO - Accuracy: 37.80%
2025-12-17 20:26:09,853 - INFO - Epoch [1/5]  Loss: 2.3259  Train Acc: 10.18%  Val Acc: 9.70%
2025-12-17 20:27:26,528 - INFO - Epoch [2/5]  Loss: 2.3056  Train Acc: 10.80%  Val Acc: 9.70%
2025-12-17 20:28:45,031 - INFO - Epoch [3/5]  Loss: 2.3044  Train Acc: 10.30%  Val Acc: 9.70%
2025-12-17 20:30:04,023 - INFO - Epoch [4/5]  Loss: 2.3041  Train Acc: 10.53%  Val Acc: 9.70%
2025-12-17 20:31:21,800 - INFO - Epoch [5/5]  Loss: 2.3033  Train Acc: 10.20%  Val Acc: 9.70%
2025-12-17 20:31:49,907 - INFO - Calculando métricas estadísticas...
2025-12-17 20:31:49,910 - INFO - Accuracy: 9.70%
2025-12-17 20:33:08,497 - INFO - Epoch [1/5]  Loss: 2.3234  Train Acc: 10.35%  Val Acc: 13.20%
2025-12-17 20:34:27,016 - INFO - Epoch [2/5]  Loss: 2.3000  Train Acc: 10.30%  Val Acc: 14.70%
2025-12-17 20:35:50,139 - INFO - Epoch [3/5]  Loss: 2.2939  Train Acc: 11.15%  Val Acc: 17.20%
2025-12-17 20:37:08,321 - INFO - Epoch [4/5]  Loss: 2.2879  Train Acc: 11.95%  Val Acc: 19.00%
2025-12-17 20:38:27,036 - INFO - Epoch [5/5]  Loss: 2.2758  Train Acc: 11.75%  Val Acc: 23.80%
2025-12-17 20:38:56,408 - INFO - Calculando métricas estadísticas...
2025-12-17 20:38:56,411 - INFO - Accuracy: 23.80%
2025-12-17 20:40:14,812 - INFO - Epoch [1/5]  Loss: 2.2753  Train Acc: 13.82%  Val Acc: 22.50%
2025-12-17 20:41:32,827 - INFO - Epoch [2/5]  Loss: 2.1656  Train Acc: 22.02%  Val Acc: 28.70%
2025-12-17 20:42:51,722 - INFO - Epoch [3/5]  Loss: 2.0806  Train Acc: 25.88%  Val Acc: 32.70%
2025-12-17 20:44:09,728 - INFO - Epoch [4/5]  Loss: 2.0124  Train Acc: 28.85%  Val Acc: 37.00%
2025-12-17 20:45:27,391 - INFO - Epoch [5/5]  Loss: 1.9577  Train Acc: 29.80%  Val Acc: 35.70%
2025-12-17 20:45:56,551 - INFO - Calculando métricas estadísticas...
2025-12-17 20:45:56,555 - INFO - Accuracy: 35.70%
2025-12-17 20:47:15,482 - INFO - Epoch [1/5]  Loss: 5.6079  Train Acc: 9.40%  Val Acc: 9.40%
2025-12-17 20:48:34,524 - INFO - Epoch [2/5]  Loss: 2.3049  Train Acc: 10.07%  Val Acc: 7.90%
2025-12-17 20:49:52,373 - INFO - Epoch [3/5]  Loss: 2.3118  Train Acc: 9.75%  Val Acc: 8.10%
2025-12-17 20:51:11,642 - INFO - Epoch [4/5]  Loss: 2.3041  Train Acc: 10.15%  Val Acc: 8.10%
2025-12-17 20:52:30,828 - INFO - Epoch [5/5]  Loss: 2.3036  Train Acc: 10.45%  Val Acc: 8.10%
2025-12-17 20:53:00,199 - INFO - Calculando métricas estadísticas...
2025-12-17 20:53:00,202 - INFO - Accuracy: 8.10%
2025-12-17 20:54:18,961 - INFO - Epoch [1/5]  Loss: 2.2877  Train Acc: 12.60%  Val Acc: 18.20%
2025-12-17 20:55:37,730 - INFO - Epoch [2/5]  Loss: 2.2110  Train Acc: 19.45%  Val Acc: 28.80%
2025-12-17 20:56:55,962 - INFO - Epoch [3/5]  Loss: 2.1206  Train Acc: 24.30%  Val Acc: 30.80%
2025-12-17 20:58:13,132 - INFO - Epoch [4/5]  Loss: 2.0525  Train Acc: 26.88%  Val Acc: 34.00%
2025-12-17 20:59:31,693 - INFO - Epoch [5/5]  Loss: 1.9831  Train Acc: 29.85%  Val Acc: 35.30%
2025-12-17 21:00:00,714 - INFO - Calculando métricas estadísticas...
2025-12-17 21:00:00,717 - INFO - Accuracy: 35.30%
2025-12-17 21:01:18,443 - INFO - Epoch [1/5]  Loss: 2.2744  Train Acc: 14.45%  Val Acc: 27.90%
2025-12-17 21:02:35,627 - INFO - Epoch [2/5]  Loss: 2.1552  Train Acc: 23.12%  Val Acc: 30.90%
2025-12-17 21:03:53,811 - INFO - Epoch [3/5]  Loss: 2.0440  Train Acc: 27.98%  Val Acc: 34.10%
2025-12-17 21:05:11,387 - INFO - Epoch [4/5]  Loss: 1.9755  Train Acc: 30.00%  Val Acc: 37.70%
2025-12-17 21:06:30,608 - INFO - Epoch [5/5]  Loss: 1.9177  Train Acc: 32.58%  Val Acc: 38.30%
2025-12-17 21:07:00,749 - INFO - Calculando métricas estadísticas...
2025-12-17 21:07:00,753 - INFO - Accuracy: 38.30%
2025-12-17 21:08:19,538 - INFO - Epoch [1/5]  Loss: 2.2799  Train Acc: 14.25%  Val Acc: 20.20%
2025-12-17 21:09:35,568 - INFO - Epoch [2/5]  Loss: 2.1592  Train Acc: 22.65%  Val Acc: 28.30%
2025-12-17 21:10:53,680 - INFO - Epoch [3/5]  Loss: 2.0730  Train Acc: 26.45%  Val Acc: 31.00%
2025-12-17 21:12:12,734 - INFO - Epoch [4/5]  Loss: 1.9958  Train Acc: 29.75%  Val Acc: 37.30%
2025-12-17 21:13:31,463 - INFO - Epoch [5/5]  Loss: 1.9397  Train Acc: 32.48%  Val Acc: 40.30%
2025-12-17 21:14:01,437 - INFO - Calculando métricas estadísticas...
2025-12-17 21:14:01,441 - INFO - Accuracy: 40.30%
2025-12-17 21:15:21,622 - INFO - Epoch [1/5]  Loss: 2.3009  Train Acc: 11.07%  Val Acc: 18.70%
2025-12-17 21:16:40,797 - INFO - Epoch [2/5]  Loss: 2.2714  Train Acc: 15.95%  Val Acc: 25.80%
2025-12-17 21:17:58,997 - INFO - Epoch [3/5]  Loss: 2.2279  Train Acc: 18.55%  Val Acc: 30.70%
2025-12-17 21:19:17,532 - INFO - Epoch [4/5]  Loss: 2.1714  Train Acc: 20.90%  Val Acc: 32.70%
2025-12-17 21:20:37,716 - INFO - Epoch [5/5]  Loss: 2.1242  Train Acc: 23.68%  Val Acc: 34.50%
2025-12-17 21:21:07,762 - INFO - Calculando métricas estadísticas...
2025-12-17 21:21:07,765 - INFO - Accuracy: 34.50%
2025-12-17 21:21:08,641 - INFO - Iniciando entrenamiento por 150 épocas...
2025-12-17 21:21:08,642 - INFO - Paciencia configurada: 6 épocas.
2025-12-17 21:21:08,643 - INFO - --- Época 1/150 ---
2025-12-17 21:21:56,818 - INFO - Train Loss: 2.2898 Acc: 0.1220
2025-12-17 21:22:26,330 - INFO -   [LR] Tasa de aprendizaje actual: 0.000027
2025-12-17 21:22:26,332 - INFO -   [Mejora Loss] inf -> 2.2618. Reseteando paciencia.
2025-12-17 21:22:26,334 - INFO - Val Loss: 2.2618 Acc: 0.1890
2025-12-17 21:22:26,816 - INFO -   [Nuevo Récord Acc] Guardado en: models/sbtaylor_kan_tiny_imagenet\run_20251217_195439\best_model.pth
2025-12-17 21:22:26,818 - INFO - --- Época 2/150 ---
2025-12-17 21:23:15,983 - INFO - Train Loss: 2.2125 Acc: 0.1895
2025-12-17 21:23:45,735 - INFO -   [LR] Tasa de aprendizaje actual: 0.000027
2025-12-17 21:23:45,736 - INFO -   [Mejora Loss] 2.2618 -> 2.1647. Reseteando paciencia.
2025-12-17 21:23:45,738 - INFO - Val Loss: 2.1647 Acc: 0.2650
2025-12-17 21:23:46,156 - INFO -   [Nuevo Récord Acc] Guardado en: models/sbtaylor_kan_tiny_imagenet\run_20251217_195439\best_model.pth
2025-12-17 21:23:46,158 - INFO - --- Época 3/150 ---
2025-12-17 21:24:34,307 - INFO - Train Loss: 2.1473 Acc: 0.2340
2025-12-17 21:25:03,738 - INFO -   [LR] Tasa de aprendizaje actual: 0.000027
2025-12-17 21:25:03,740 - INFO -   [Mejora Loss] 2.1647 -> 2.0951. Reseteando paciencia.
2025-12-17 21:25:03,742 - INFO - Val Loss: 2.0951 Acc: 0.2930
2025-12-17 21:25:04,176 - INFO -   [Nuevo Récord Acc] Guardado en: models/sbtaylor_kan_tiny_imagenet\run_20251217_195439\best_model.pth
2025-12-17 21:25:04,177 - INFO - --- Época 4/150 ---
2025-12-17 21:25:53,699 - INFO - Train Loss: 2.0775 Acc: 0.2595
2025-12-17 21:26:23,286 - INFO -   [LR] Tasa de aprendizaje actual: 0.000027
2025-12-17 21:26:23,288 - INFO -   [Mejora Loss] 2.0951 -> 2.0297. Reseteando paciencia.
2025-12-17 21:26:23,290 - INFO - Val Loss: 2.0297 Acc: 0.3260
2025-12-17 21:26:23,771 - INFO -   [Nuevo Récord Acc] Guardado en: models/sbtaylor_kan_tiny_imagenet\run_20251217_195439\best_model.pth
2025-12-17 21:26:23,773 - INFO - --- Época 5/150 ---
2025-12-17 21:27:13,036 - INFO - Train Loss: 2.0192 Acc: 0.2777
2025-12-17 21:27:42,667 - INFO -   [LR] Tasa de aprendizaje actual: 0.000027
2025-12-17 21:27:42,668 - INFO -   [Mejora Loss] 2.0297 -> 1.9719. Reseteando paciencia.
2025-12-17 21:27:42,670 - INFO - Val Loss: 1.9719 Acc: 0.3630
2025-12-17 21:27:43,090 - INFO -   [Nuevo Récord Acc] Guardado en: models/sbtaylor_kan_tiny_imagenet\run_20251217_195439\best_model.pth
2025-12-17 21:27:43,092 - INFO - --- Época 6/150 ---
2025-12-17 21:28:32,142 - INFO - Train Loss: 1.9652 Acc: 0.3093
2025-12-17 21:29:02,597 - INFO -   [LR] Tasa de aprendizaje actual: 0.000027
2025-12-17 21:29:02,598 - INFO -   [Mejora Loss] 1.9719 -> 1.9271. Reseteando paciencia.
2025-12-17 21:29:02,599 - INFO - Val Loss: 1.9271 Acc: 0.3690
2025-12-17 21:29:03,055 - INFO -   [Nuevo Récord Acc] Guardado en: models/sbtaylor_kan_tiny_imagenet\run_20251217_195439\best_model.pth
2025-12-17 21:29:03,057 - INFO - --- Época 7/150 ---
2025-12-17 21:29:52,053 - INFO - Train Loss: 1.9297 Acc: 0.3175
2025-12-17 21:30:21,421 - INFO -   [LR] Tasa de aprendizaje actual: 0.000027
2025-12-17 21:30:21,422 - INFO -   [Mejora Loss] 1.9271 -> 1.8998. Reseteando paciencia.
2025-12-17 21:30:21,423 - INFO - Val Loss: 1.8998 Acc: 0.3900
2025-12-17 21:30:21,863 - INFO -   [Nuevo Récord Acc] Guardado en: models/sbtaylor_kan_tiny_imagenet\run_20251217_195439\best_model.pth
2025-12-17 21:30:21,866 - INFO - --- Época 8/150 ---
2025-12-17 21:31:11,557 - INFO - Train Loss: 1.8941 Acc: 0.3280
2025-12-17 21:31:42,037 - INFO -   [LR] Tasa de aprendizaje actual: 0.000027
2025-12-17 21:31:42,038 - INFO -   [Mejora Loss] 1.8998 -> 1.8707. Reseteando paciencia.
2025-12-17 21:31:42,040 - INFO - Val Loss: 1.8707 Acc: 0.3950
2025-12-17 21:31:42,473 - INFO -   [Nuevo Récord Acc] Guardado en: models/sbtaylor_kan_tiny_imagenet\run_20251217_195439\best_model.pth
2025-12-17 21:31:42,475 - INFO - --- Época 9/150 ---
2025-12-17 21:32:31,411 - INFO - Train Loss: 1.8799 Acc: 0.3332
2025-12-17 21:33:02,233 - INFO -   [LR] Tasa de aprendizaje actual: 0.000027
2025-12-17 21:33:02,235 - INFO -   [Mejora Loss] 1.8707 -> 1.8397. Reseteando paciencia.
2025-12-17 21:33:02,236 - INFO - Val Loss: 1.8397 Acc: 0.4190
2025-12-17 21:33:02,720 - INFO -   [Nuevo Récord Acc] Guardado en: models/sbtaylor_kan_tiny_imagenet\run_20251217_195439\best_model.pth
2025-12-17 21:33:02,722 - INFO - --- Época 10/150 ---
2025-12-17 21:33:51,613 - INFO - Train Loss: 1.8402 Acc: 0.3560
2025-12-17 21:34:21,208 - INFO -   [LR] Tasa de aprendizaje actual: 0.000027
2025-12-17 21:34:21,209 - INFO -   [Mejora Loss] 1.8397 -> 1.8158. Reseteando paciencia.
2025-12-17 21:34:21,211 - INFO - Val Loss: 1.8158 Acc: 0.4220
2025-12-17 21:34:21,679 - INFO -   [Nuevo Récord Acc] Guardado en: models/sbtaylor_kan_tiny_imagenet\run_20251217_195439\best_model.pth
2025-12-17 21:34:21,680 - INFO - --- Época 11/150 ---
2025-12-17 21:35:10,468 - INFO - Train Loss: 1.8173 Acc: 0.3585
2025-12-17 21:35:40,521 - INFO -   [LR] Tasa de aprendizaje actual: 0.000027
2025-12-17 21:35:40,523 - INFO -   [Mejora Loss] 1.8158 -> 1.7978. Reseteando paciencia.
2025-12-17 21:35:40,525 - INFO - Val Loss: 1.7978 Acc: 0.4300
2025-12-17 21:35:40,979 - INFO -   [Nuevo Récord Acc] Guardado en: models/sbtaylor_kan_tiny_imagenet\run_20251217_195439\best_model.pth
2025-12-17 21:35:40,981 - INFO - --- Época 12/150 ---
2025-12-17 21:36:30,002 - INFO - Train Loss: 1.7891 Acc: 0.3800
2025-12-17 21:36:59,124 - INFO -   [LR] Tasa de aprendizaje actual: 0.000027
2025-12-17 21:36:59,125 - INFO -   [Mejora Loss] 1.7978 -> 1.7643. Reseteando paciencia.
2025-12-17 21:36:59,126 - INFO - Val Loss: 1.7643 Acc: 0.4420
2025-12-17 21:36:59,549 - INFO -   [Nuevo Récord Acc] Guardado en: models/sbtaylor_kan_tiny_imagenet\run_20251217_195439\best_model.pth
2025-12-17 21:36:59,551 - INFO - --- Época 13/150 ---
2025-12-17 21:37:48,334 - INFO - Train Loss: 1.7584 Acc: 0.3982
2025-12-17 21:38:18,322 - INFO -   [LR] Tasa de aprendizaje actual: 0.000027
2025-12-17 21:38:18,323 - INFO -   [Mejora Loss] 1.7643 -> 1.7481. Reseteando paciencia.
2025-12-17 21:38:18,325 - INFO - Val Loss: 1.7481 Acc: 0.4410
2025-12-17 21:38:18,327 - INFO - --- Época 14/150 ---
2025-12-17 21:39:06,690 - INFO - Train Loss: 1.7475 Acc: 0.3930
2025-12-17 21:39:36,698 - INFO -   [LR] Tasa de aprendizaje actual: 0.000027
2025-12-17 21:39:36,700 - INFO -   [Mejora Loss] 1.7481 -> 1.7327. Reseteando paciencia.
2025-12-17 21:39:36,702 - INFO - Val Loss: 1.7327 Acc: 0.4620
2025-12-17 21:39:37,212 - INFO -   [Nuevo Récord Acc] Guardado en: models/sbtaylor_kan_tiny_imagenet\run_20251217_195439\best_model.pth
2025-12-17 21:39:37,213 - INFO - --- Época 15/150 ---
2025-12-17 21:40:26,086 - INFO - Train Loss: 1.6902 Acc: 0.4220
2025-12-17 21:40:55,624 - INFO -   [LR] Tasa de aprendizaje actual: 0.000027
2025-12-17 21:40:55,625 - INFO -   [Mejora Loss] 1.7327 -> 1.6869. Reseteando paciencia.
2025-12-17 21:40:55,626 - INFO - Val Loss: 1.6869 Acc: 0.4610
2025-12-17 21:40:55,628 - INFO - --- Época 16/150 ---
2025-12-17 21:41:45,245 - INFO - Train Loss: 1.6786 Acc: 0.4225
2025-12-17 21:42:15,794 - INFO -   [LR] Tasa de aprendizaje actual: 0.000027
2025-12-17 21:42:15,796 - INFO -   [Mejora Loss] 1.6869 -> 1.6822. Reseteando paciencia.
2025-12-17 21:42:15,798 - INFO - Val Loss: 1.6822 Acc: 0.4690
2025-12-17 21:42:16,218 - INFO -   [Nuevo Récord Acc] Guardado en: models/sbtaylor_kan_tiny_imagenet\run_20251217_195439\best_model.pth
2025-12-17 21:42:16,219 - INFO - --- Época 17/150 ---
2025-12-17 21:43:05,316 - INFO - Train Loss: 1.6547 Acc: 0.4413
2025-12-17 21:43:35,224 - INFO -   [LR] Tasa de aprendizaje actual: 0.000027
2025-12-17 21:43:35,226 - INFO -   [Mejora Loss] 1.6822 -> 1.6475. Reseteando paciencia.
2025-12-17 21:43:35,228 - INFO - Val Loss: 1.6475 Acc: 0.4770
2025-12-17 21:43:35,656 - INFO -   [Nuevo Récord Acc] Guardado en: models/sbtaylor_kan_tiny_imagenet\run_20251217_195439\best_model.pth
2025-12-17 21:43:35,658 - INFO - --- Época 18/150 ---
2025-12-17 21:44:24,497 - INFO - Train Loss: 1.6315 Acc: 0.4445
2025-12-17 21:44:53,982 - INFO -   [LR] Tasa de aprendizaje actual: 0.000027
2025-12-17 21:44:53,983 - INFO -   [Sin mejora Loss] Paciencia: 1/6
2025-12-17 21:44:53,984 - INFO - Val Loss: 1.6499 Acc: 0.4670
2025-12-17 21:44:53,985 - INFO - --- Época 19/150 ---
2025-12-17 21:45:42,835 - INFO - Train Loss: 1.5973 Acc: 0.4530
2025-12-17 21:46:12,944 - INFO -   [LR] Tasa de aprendizaje actual: 0.000027
2025-12-17 21:46:12,946 - INFO -   [Mejora Loss] 1.6475 -> 1.6178. Reseteando paciencia.
2025-12-17 21:46:12,947 - INFO - Val Loss: 1.6178 Acc: 0.4850
2025-12-17 21:46:13,421 - INFO -   [Nuevo Récord Acc] Guardado en: models/sbtaylor_kan_tiny_imagenet\run_20251217_195439\best_model.pth
2025-12-17 21:46:13,424 - INFO - --- Época 20/150 ---
2025-12-17 21:47:02,294 - INFO - Train Loss: 1.5659 Acc: 0.4700
2025-12-17 21:47:32,309 - INFO -   [LR] Tasa de aprendizaje actual: 0.000027
2025-12-17 21:47:32,311 - INFO -   [Mejora Loss] 1.6178 -> 1.5953. Reseteando paciencia.
2025-12-17 21:47:32,313 - INFO - Val Loss: 1.5953 Acc: 0.4920
2025-12-17 21:47:32,781 - INFO -   [Nuevo Récord Acc] Guardado en: models/sbtaylor_kan_tiny_imagenet\run_20251217_195439\best_model.pth
2025-12-17 21:47:32,783 - INFO - --- Época 21/150 ---
2025-12-17 21:48:22,271 - INFO - Train Loss: 1.5633 Acc: 0.4667
2025-12-17 21:48:52,697 - INFO -   [LR] Tasa de aprendizaje actual: 0.000027
2025-12-17 21:48:52,699 - INFO -   [Mejora Loss] 1.5953 -> 1.5863. Reseteando paciencia.
2025-12-17 21:48:52,701 - INFO - Val Loss: 1.5863 Acc: 0.4860
2025-12-17 21:48:52,703 - INFO - --- Época 22/150 ---
2025-12-17 21:49:40,693 - INFO - Train Loss: 1.5354 Acc: 0.4803
2025-12-17 21:50:10,705 - INFO -   [LR] Tasa de aprendizaje actual: 0.000027
2025-12-17 21:50:10,706 - INFO -   [Mejora Loss] 1.5863 -> 1.5682. Reseteando paciencia.
2025-12-17 21:50:10,708 - INFO - Val Loss: 1.5682 Acc: 0.4880
2025-12-17 21:50:10,710 - INFO - --- Época 23/150 ---
2025-12-17 21:50:59,144 - INFO - Train Loss: 1.5165 Acc: 0.4838
2025-12-17 21:51:29,321 - INFO -   [LR] Tasa de aprendizaje actual: 0.000027
2025-12-17 21:51:29,322 - INFO -   [Mejora Loss] 1.5682 -> 1.5470. Reseteando paciencia.
2025-12-17 21:51:29,323 - INFO - Val Loss: 1.5470 Acc: 0.4840
2025-12-17 21:51:29,326 - INFO - --- Época 24/150 ---
2025-12-17 21:52:18,348 - INFO - Train Loss: 1.5070 Acc: 0.4908
2025-12-17 21:52:48,071 - INFO -   [LR] Tasa de aprendizaje actual: 0.000027
2025-12-17 21:52:48,072 - INFO -   [Mejora Loss] 1.5470 -> 1.5285. Reseteando paciencia.
2025-12-17 21:52:48,073 - INFO - Val Loss: 1.5285 Acc: 0.5130
2025-12-17 21:52:48,524 - INFO -   [Nuevo Récord Acc] Guardado en: models/sbtaylor_kan_tiny_imagenet\run_20251217_195439\best_model.pth
2025-12-17 21:52:48,525 - INFO - --- Época 25/150 ---
2025-12-17 21:53:37,863 - INFO - Train Loss: 1.4804 Acc: 0.4903
2025-12-17 21:54:07,563 - INFO -   [LR] Tasa de aprendizaje actual: 0.000027
2025-12-17 21:54:07,564 - INFO -   [Mejora Loss] 1.5285 -> 1.5285. Reseteando paciencia.
2025-12-17 21:54:07,566 - INFO - Val Loss: 1.5285 Acc: 0.5090
2025-12-17 21:54:07,567 - INFO - --- Época 26/150 ---
2025-12-17 21:54:56,022 - INFO - Train Loss: 1.4420 Acc: 0.5205
2025-12-17 21:55:25,935 - INFO -   [LR] Tasa de aprendizaje actual: 0.000027
2025-12-17 21:55:25,937 - INFO -   [Sin mejora Loss] Paciencia: 1/6
2025-12-17 21:55:25,938 - INFO - Val Loss: 1.5322 Acc: 0.4940
2025-12-17 21:55:25,939 - INFO - --- Época 27/150 ---
2025-12-17 21:56:14,678 - INFO - Train Loss: 1.4344 Acc: 0.5208
2025-12-17 21:56:44,753 - INFO -   [LR] Tasa de aprendizaje actual: 0.000027
2025-12-17 21:56:44,754 - INFO -   [Mejora Loss] 1.5285 -> 1.5109. Reseteando paciencia.
2025-12-17 21:56:44,756 - INFO - Val Loss: 1.5109 Acc: 0.5180
2025-12-17 21:56:45,204 - INFO -   [Nuevo Récord Acc] Guardado en: models/sbtaylor_kan_tiny_imagenet\run_20251217_195439\best_model.pth
2025-12-17 21:56:45,205 - INFO - --- Época 28/150 ---
2025-12-17 21:57:34,982 - INFO - Train Loss: 1.4122 Acc: 0.5298
2025-12-17 21:58:04,695 - INFO -   [LR] Tasa de aprendizaje actual: 0.000027
2025-12-17 21:58:04,696 - INFO -   [Mejora Loss] 1.5109 -> 1.4933. Reseteando paciencia.
2025-12-17 21:58:04,698 - INFO - Val Loss: 1.4933 Acc: 0.5130
2025-12-17 21:58:04,699 - INFO - --- Época 29/150 ---
2025-12-17 21:58:53,539 - INFO - Train Loss: 1.3895 Acc: 0.5272
2025-12-17 21:59:23,719 - INFO -   [LR] Tasa de aprendizaje actual: 0.000027
2025-12-17 21:59:23,720 - INFO -   [Mejora Loss] 1.4933 -> 1.4717. Reseteando paciencia.
2025-12-17 21:59:23,722 - INFO - Val Loss: 1.4717 Acc: 0.5090
2025-12-17 21:59:23,724 - INFO - --- Época 30/150 ---
2025-12-17 22:00:12,614 - INFO - Train Loss: 1.3681 Acc: 0.5360
2025-12-17 22:00:42,315 - INFO -   [LR] Tasa de aprendizaje actual: 0.000027
2025-12-17 22:00:42,316 - INFO -   [Mejora Loss] 1.4717 -> 1.4510. Reseteando paciencia.
2025-12-17 22:00:42,318 - INFO - Val Loss: 1.4510 Acc: 0.5350
2025-12-17 22:00:42,758 - INFO -   [Nuevo Récord Acc] Guardado en: models/sbtaylor_kan_tiny_imagenet\run_20251217_195439\best_model.pth
2025-12-17 22:00:42,760 - INFO - --- Época 31/150 ---
2025-12-17 22:01:31,472 - INFO - Train Loss: 1.3673 Acc: 0.5400
2025-12-17 22:02:01,645 - INFO -   [LR] Tasa de aprendizaje actual: 0.000027
2025-12-17 22:02:01,647 - INFO -   [Mejora Loss] 1.4510 -> 1.4408. Reseteando paciencia.
2025-12-17 22:02:01,649 - INFO - Val Loss: 1.4408 Acc: 0.5280
2025-12-17 22:02:01,651 - INFO - --- Época 32/150 ---
2025-12-17 22:02:50,431 - INFO - Train Loss: 1.3461 Acc: 0.5460
2025-12-17 22:03:20,837 - INFO -   [LR] Tasa de aprendizaje actual: 0.000027
2025-12-17 22:03:20,839 - INFO -   [Mejora Loss] 1.4408 -> 1.4406. Reseteando paciencia.
2025-12-17 22:03:20,841 - INFO - Val Loss: 1.4406 Acc: 0.5320
2025-12-17 22:03:20,844 - INFO - --- Época 33/150 ---
2025-12-17 22:04:10,041 - INFO - Train Loss: 1.3351 Acc: 0.5605
2025-12-17 22:04:39,431 - INFO -   [LR] Tasa de aprendizaje actual: 0.000027
2025-12-17 22:04:39,432 - INFO -   [Mejora Loss] 1.4406 -> 1.4293. Reseteando paciencia.
2025-12-17 22:04:39,434 - INFO - Val Loss: 1.4293 Acc: 0.5320
2025-12-17 22:04:39,435 - INFO - --- Época 34/150 ---
2025-12-17 22:05:28,038 - INFO - Train Loss: 1.2858 Acc: 0.5675
2025-12-17 22:05:57,665 - INFO -   [LR] Tasa de aprendizaje actual: 0.000027
2025-12-17 22:05:57,666 - INFO -   [Mejora Loss] 1.4293 -> 1.4153. Reseteando paciencia.
2025-12-17 22:05:57,667 - INFO - Val Loss: 1.4153 Acc: 0.5280
2025-12-17 22:05:57,668 - INFO - --- Época 35/150 ---
2025-12-17 22:06:46,591 - INFO - Train Loss: 1.2977 Acc: 0.5717
2025-12-17 22:07:16,944 - INFO -   [LR] Tasa de aprendizaje actual: 0.000027
2025-12-17 22:07:16,945 - INFO -   [Mejora Loss] 1.4153 -> 1.3916. Reseteando paciencia.
2025-12-17 22:07:16,946 - INFO - Val Loss: 1.3916 Acc: 0.5350
2025-12-17 22:07:16,947 - INFO - --- Época 36/150 ---
2025-12-17 22:08:04,926 - INFO - Train Loss: 1.2576 Acc: 0.5760
2025-12-17 22:08:34,141 - INFO -   [LR] Tasa de aprendizaje actual: 0.000027
2025-12-17 22:08:34,142 - INFO -   [Sin mejora Loss] Paciencia: 1/6
2025-12-17 22:08:34,143 - INFO - Val Loss: 1.4286 Acc: 0.5250
2025-12-17 22:08:34,146 - INFO - --- Época 37/150 ---
2025-12-17 22:09:22,591 - INFO - Train Loss: 1.2577 Acc: 0.5743
2025-12-17 22:09:51,898 - INFO -   [LR] Tasa de aprendizaje actual: 0.000027
2025-12-17 22:09:51,900 - INFO -   [Sin mejora Loss] Paciencia: 2/6
2025-12-17 22:09:51,902 - INFO - Val Loss: 1.3987 Acc: 0.5250
2025-12-17 22:09:51,903 - INFO - --- Época 38/150 ---
2025-12-17 22:10:40,143 - INFO - Train Loss: 1.2263 Acc: 0.5895
2025-12-17 22:11:09,913 - INFO -   [LR] Tasa de aprendizaje actual: 0.000027
2025-12-17 22:11:09,914 - INFO -   [Sin mejora Loss] Paciencia: 3/6
2025-12-17 22:11:09,916 - INFO - Val Loss: 1.3983 Acc: 0.5420
2025-12-17 22:11:10,392 - INFO -   [Nuevo Récord Acc] Guardado en: models/sbtaylor_kan_tiny_imagenet\run_20251217_195439\best_model.pth
2025-12-17 22:11:10,395 - INFO - --- Época 39/150 ---
2025-12-17 22:12:00,574 - INFO - Train Loss: 1.2187 Acc: 0.5933
2025-12-17 22:12:30,103 - INFO -   [LR] Tasa de aprendizaje actual: 0.000027
2025-12-17 22:12:30,104 - INFO -   [Mejora Loss] 1.3916 -> 1.3751. Reseteando paciencia.
2025-12-17 22:12:30,106 - INFO - Val Loss: 1.3751 Acc: 0.5500
2025-12-17 22:12:30,551 - INFO -   [Nuevo Récord Acc] Guardado en: models/sbtaylor_kan_tiny_imagenet\run_20251217_195439\best_model.pth
2025-12-17 22:12:30,552 - INFO - --- Época 40/150 ---
2025-12-17 22:13:18,162 - INFO - Train Loss: 1.2029 Acc: 0.5895
2025-12-17 22:13:48,047 - INFO -   [LR] Tasa de aprendizaje actual: 0.000027
2025-12-17 22:13:48,049 - INFO -   [Mejora Loss] 1.3751 -> 1.3591. Reseteando paciencia.
2025-12-17 22:13:48,050 - INFO - Val Loss: 1.3591 Acc: 0.5460
2025-12-17 22:13:48,051 - INFO - --- Época 41/150 ---
2025-12-17 22:14:37,629 - INFO - Train Loss: 1.1735 Acc: 0.6108
2025-12-17 22:15:07,025 - INFO -   [LR] Tasa de aprendizaje actual: 0.000027
2025-12-17 22:15:07,026 - INFO -   [Sin mejora Loss] Paciencia: 1/6
2025-12-17 22:15:07,027 - INFO - Val Loss: 1.3677 Acc: 0.5430
2025-12-17 22:15:07,029 - INFO - --- Época 42/150 ---
2025-12-17 22:15:55,852 - INFO - Train Loss: 1.1509 Acc: 0.6210
2025-12-17 22:16:25,993 - INFO -   [LR] Tasa de aprendizaje actual: 0.000027
2025-12-17 22:16:25,995 - INFO -   [Sin mejora Loss] Paciencia: 2/6
2025-12-17 22:16:25,996 - INFO - Val Loss: 1.3675 Acc: 0.5280
2025-12-17 22:16:25,997 - INFO - --- Época 43/150 ---
2025-12-17 22:17:14,594 - INFO - Train Loss: 1.1385 Acc: 0.6238
2025-12-17 22:17:44,169 - INFO -   [LR] Tasa de aprendizaje actual: 0.000027
2025-12-17 22:17:44,171 - INFO -   [Mejora Loss] 1.3591 -> 1.3405. Reseteando paciencia.
2025-12-17 22:17:44,172 - INFO - Val Loss: 1.3405 Acc: 0.5600
2025-12-17 22:17:44,625 - INFO -   [Nuevo Récord Acc] Guardado en: models/sbtaylor_kan_tiny_imagenet\run_20251217_195439\best_model.pth
2025-12-17 22:17:44,626 - INFO - --- Época 44/150 ---
2025-12-17 22:18:34,232 - INFO - Train Loss: 1.1306 Acc: 0.6265
2025-12-17 22:19:04,098 - INFO -   [LR] Tasa de aprendizaje actual: 0.000027
2025-12-17 22:19:04,100 - INFO -   [Sin mejora Loss] Paciencia: 1/6
2025-12-17 22:19:04,101 - INFO - Val Loss: 1.3866 Acc: 0.5430
2025-12-17 22:19:04,103 - INFO - --- Época 45/150 ---
2025-12-17 22:19:52,929 - INFO - Train Loss: 1.1224 Acc: 0.6230
2025-12-17 22:20:22,526 - INFO -   [LR] Tasa de aprendizaje actual: 0.000027
2025-12-17 22:20:22,528 - INFO -   [Mejora Loss] 1.3405 -> 1.3356. Reseteando paciencia.
2025-12-17 22:20:22,529 - INFO - Val Loss: 1.3356 Acc: 0.5480
2025-12-17 22:20:22,532 - INFO - --- Época 46/150 ---
2025-12-17 22:21:11,484 - INFO - Train Loss: 1.0894 Acc: 0.6438
2025-12-17 22:21:40,932 - INFO -   [LR] Tasa de aprendizaje actual: 0.000027
2025-12-17 22:21:40,933 - INFO -   [Mejora Loss] 1.3356 -> 1.3227. Reseteando paciencia.
2025-12-17 22:21:40,934 - INFO - Val Loss: 1.3227 Acc: 0.5560
2025-12-17 22:21:40,936 - INFO - --- Época 47/150 ---
2025-12-17 22:22:29,655 - INFO - Train Loss: 1.0649 Acc: 0.6505
2025-12-17 22:23:00,092 - INFO -   [LR] Tasa de aprendizaje actual: 0.000027
2025-12-17 22:23:00,093 - INFO -   [Sin mejora Loss] Paciencia: 1/6
2025-12-17 22:23:00,094 - INFO - Val Loss: 1.3298 Acc: 0.5590
2025-12-17 22:23:00,096 - INFO - --- Época 48/150 ---
2025-12-17 22:23:49,096 - INFO - Train Loss: 1.0672 Acc: 0.6510
2025-12-17 22:24:19,676 - INFO -   [LR] Tasa de aprendizaje actual: 0.000027
2025-12-17 22:24:19,677 - INFO -   [Sin mejora Loss] Paciencia: 2/6
2025-12-17 22:24:19,680 - INFO - Val Loss: 1.3238 Acc: 0.5650
2025-12-17 22:24:20,158 - INFO -   [Nuevo Récord Acc] Guardado en: models/sbtaylor_kan_tiny_imagenet\run_20251217_195439\best_model.pth
2025-12-17 22:24:20,159 - INFO - --- Época 49/150 ---
2025-12-17 22:25:07,692 - INFO - Train Loss: 1.0311 Acc: 0.6615
2025-12-17 22:25:37,119 - INFO -   [LR] Tasa de aprendizaje actual: 0.000027
2025-12-17 22:25:37,121 - INFO -   [Mejora Loss] 1.3227 -> 1.3035. Reseteando paciencia.
2025-12-17 22:25:37,122 - INFO - Val Loss: 1.3035 Acc: 0.5690
2025-12-17 22:25:37,590 - INFO -   [Nuevo Récord Acc] Guardado en: models/sbtaylor_kan_tiny_imagenet\run_20251217_195439\best_model.pth
2025-12-17 22:25:37,591 - INFO - --- Época 50/150 ---
2025-12-17 22:26:27,760 - INFO - Train Loss: 1.0325 Acc: 0.6570
2025-12-17 22:26:58,485 - INFO -   [LR] Tasa de aprendizaje actual: 0.000027
2025-12-17 22:26:58,486 - INFO -   [Mejora Loss] 1.3035 -> 1.3032. Reseteando paciencia.
2025-12-17 22:26:58,488 - INFO - Val Loss: 1.3032 Acc: 0.5560
2025-12-17 22:26:58,489 - INFO - --- Época 51/150 ---
2025-12-17 22:27:46,870 - INFO - Train Loss: 1.0126 Acc: 0.6633
2025-12-17 22:28:16,993 - INFO -   [LR] Tasa de aprendizaje actual: 0.000027
2025-12-17 22:28:16,994 - INFO -   [Sin mejora Loss] Paciencia: 1/6
2025-12-17 22:28:16,995 - INFO - Val Loss: 1.3187 Acc: 0.5470
2025-12-17 22:28:16,996 - INFO - --- Época 52/150 ---
2025-12-17 22:29:05,285 - INFO - Train Loss: 0.9853 Acc: 0.6795
2025-12-17 22:29:35,629 - INFO -   [LR] Tasa de aprendizaje actual: 0.000027
2025-12-17 22:29:35,629 - INFO -   [Sin mejora Loss] Paciencia: 2/6
2025-12-17 22:29:35,630 - INFO - Val Loss: 1.3079 Acc: 0.5710
2025-12-17 22:29:36,082 - INFO -   [Nuevo Récord Acc] Guardado en: models/sbtaylor_kan_tiny_imagenet\run_20251217_195439\best_model.pth
2025-12-17 22:29:36,083 - INFO - --- Época 53/150 ---
2025-12-17 22:30:24,717 - INFO - Train Loss: 0.9692 Acc: 0.6857
2025-12-17 22:30:53,548 - INFO -   [LR] Tasa de aprendizaje actual: 0.000027
2025-12-17 22:30:53,549 - INFO -   [Sin mejora Loss] Paciencia: 3/6
2025-12-17 22:30:53,550 - INFO - Val Loss: 1.3097 Acc: 0.5560
2025-12-17 22:30:53,551 - INFO - --- Época 54/150 ---
2025-12-17 22:31:42,281 - INFO - Train Loss: 0.9496 Acc: 0.6933
2025-12-17 22:32:11,878 - INFO -   [LR] Tasa de aprendizaje actual: 0.000013
2025-12-17 22:32:11,880 - INFO -   [Sin mejora Loss] Paciencia: 4/6
2025-12-17 22:32:11,881 - INFO - Val Loss: 1.3066 Acc: 0.5670
2025-12-17 22:32:11,884 - INFO - --- Época 55/150 ---
2025-12-17 22:33:00,163 - INFO - Train Loss: 0.9137 Acc: 0.7013
2025-12-17 22:33:30,115 - INFO -   [LR] Tasa de aprendizaje actual: 0.000013
2025-12-17 22:33:30,117 - INFO -   [Mejora Loss] 1.3032 -> 1.2793. Reseteando paciencia.
2025-12-17 22:33:30,119 - INFO - Val Loss: 1.2793 Acc: 0.5720
2025-12-17 22:33:30,594 - INFO -   [Nuevo Récord Acc] Guardado en: models/sbtaylor_kan_tiny_imagenet\run_20251217_195439\best_model.pth
2025-12-17 22:33:30,597 - INFO - --- Época 56/150 ---
2025-12-17 22:34:19,585 - INFO - Train Loss: 0.9238 Acc: 0.7060
2025-12-17 22:34:49,404 - INFO -   [LR] Tasa de aprendizaje actual: 0.000013
2025-12-17 22:34:49,405 - INFO -   [Sin mejora Loss] Paciencia: 1/6
2025-12-17 22:34:49,406 - INFO - Val Loss: 1.2982 Acc: 0.5700
2025-12-17 22:34:49,408 - INFO - --- Época 57/150 ---
2025-12-17 22:35:38,826 - INFO - Train Loss: 0.9045 Acc: 0.7113
2025-12-17 22:36:09,282 - INFO -   [LR] Tasa de aprendizaje actual: 0.000013
2025-12-17 22:36:09,283 - INFO -   [Sin mejora Loss] Paciencia: 2/6
2025-12-17 22:36:09,287 - INFO - Val Loss: 1.3044 Acc: 0.5670
2025-12-17 22:36:09,289 - INFO - --- Época 58/150 ---
2025-12-17 22:36:57,719 - INFO - Train Loss: 0.8919 Acc: 0.7233
2025-12-17 22:37:27,426 - INFO -   [LR] Tasa de aprendizaje actual: 0.000013
2025-12-17 22:37:27,427 - INFO -   [Sin mejora Loss] Paciencia: 3/6
2025-12-17 22:37:27,428 - INFO - Val Loss: 1.3022 Acc: 0.5620
2025-12-17 22:37:27,429 - INFO - --- Época 59/150 ---
2025-12-17 22:38:15,925 - INFO - Train Loss: 0.8934 Acc: 0.7153
2025-12-17 22:38:46,219 - INFO -   [LR] Tasa de aprendizaje actual: 0.000013
2025-12-17 22:38:46,220 - INFO -   [Mejora Loss] 1.2793 -> 1.2756. Reseteando paciencia.
2025-12-17 22:38:46,222 - INFO - Val Loss: 1.2756 Acc: 0.5750
2025-12-17 22:38:46,729 - INFO -   [Nuevo Récord Acc] Guardado en: models/sbtaylor_kan_tiny_imagenet\run_20251217_195439\best_model.pth
2025-12-17 22:38:46,730 - INFO - --- Época 60/150 ---
2025-12-17 22:39:35,475 - INFO - Train Loss: 0.8682 Acc: 0.7215
2025-12-17 22:40:05,394 - INFO -   [LR] Tasa de aprendizaje actual: 0.000013
2025-12-17 22:40:05,395 - INFO -   [Mejora Loss] 1.2756 -> 1.2716. Reseteando paciencia.
2025-12-17 22:40:05,396 - INFO - Val Loss: 1.2716 Acc: 0.5760
2025-12-17 22:40:05,839 - INFO -   [Nuevo Récord Acc] Guardado en: models/sbtaylor_kan_tiny_imagenet\run_20251217_195439\best_model.pth
2025-12-17 22:40:05,841 - INFO - --- Época 61/150 ---
2025-12-17 22:40:55,289 - INFO - Train Loss: 0.8634 Acc: 0.7362
2025-12-17 22:41:25,358 - INFO -   [LR] Tasa de aprendizaje actual: 0.000013
2025-12-17 22:41:25,359 - INFO -   [Sin mejora Loss] Paciencia: 1/6
2025-12-17 22:41:25,360 - INFO - Val Loss: 1.2931 Acc: 0.5540
2025-12-17 22:41:25,361 - INFO - --- Época 62/150 ---
2025-12-17 22:42:14,585 - INFO - Train Loss: 0.8559 Acc: 0.7285
2025-12-17 22:42:44,521 - INFO -   [LR] Tasa de aprendizaje actual: 0.000013
2025-12-17 22:42:44,523 - INFO -   [Sin mejora Loss] Paciencia: 2/6
2025-12-17 22:42:44,525 - INFO - Val Loss: 1.2828 Acc: 0.5730
2025-12-17 22:42:44,527 - INFO - --- Época 63/150 ---
2025-12-17 22:43:33,610 - INFO - Train Loss: 0.8340 Acc: 0.7365
2025-12-17 22:44:03,059 - INFO -   [LR] Tasa de aprendizaje actual: 0.000013
2025-12-17 22:44:03,060 - INFO -   [Sin mejora Loss] Paciencia: 3/6
2025-12-17 22:44:03,062 - INFO - Val Loss: 1.2786 Acc: 0.5700
2025-12-17 22:44:03,062 - INFO - --- Época 64/150 ---
2025-12-17 22:44:53,039 - INFO - Train Loss: 0.8411 Acc: 0.7345
2025-12-17 22:45:23,254 - INFO -   [LR] Tasa de aprendizaje actual: 0.000007
2025-12-17 22:45:23,256 - INFO -   [Sin mejora Loss] Paciencia: 4/6
2025-12-17 22:45:23,257 - INFO - Val Loss: 1.2807 Acc: 0.5700
2025-12-17 22:45:23,258 - INFO - --- Época 65/150 ---
2025-12-17 22:46:12,097 - INFO - Train Loss: 0.8231 Acc: 0.7430
2025-12-17 22:46:42,292 - INFO -   [LR] Tasa de aprendizaje actual: 0.000007
2025-12-17 22:46:42,293 - INFO -   [Mejora Loss] 1.2716 -> 1.2671. Reseteando paciencia.
2025-12-17 22:46:42,296 - INFO - Val Loss: 1.2671 Acc: 0.5860
2025-12-17 22:46:42,755 - INFO -   [Nuevo Récord Acc] Guardado en: models/sbtaylor_kan_tiny_imagenet\run_20251217_195439\best_model.pth
2025-12-17 22:46:42,756 - INFO - --- Época 66/150 ---
2025-12-17 22:47:32,200 - INFO - Train Loss: 0.8162 Acc: 0.7510
2025-12-17 22:48:02,229 - INFO -   [LR] Tasa de aprendizaje actual: 0.000007
2025-12-17 22:48:02,230 - INFO -   [Mejora Loss] 1.2671 -> 1.2634. Reseteando paciencia.
2025-12-17 22:48:02,231 - INFO - Val Loss: 1.2634 Acc: 0.5810
2025-12-17 22:48:02,233 - INFO - --- Época 67/150 ---
2025-12-17 22:48:51,292 - INFO - Train Loss: 0.8174 Acc: 0.7438
2025-12-17 22:49:21,272 - INFO -   [LR] Tasa de aprendizaje actual: 0.000007
2025-12-17 22:49:21,274 - INFO -   [Mejora Loss] 1.2634 -> 1.2597. Reseteando paciencia.
2025-12-17 22:49:21,276 - INFO - Val Loss: 1.2597 Acc: 0.5920
2025-12-17 22:49:21,777 - INFO -   [Nuevo Récord Acc] Guardado en: models/sbtaylor_kan_tiny_imagenet\run_20251217_195439\best_model.pth
2025-12-17 22:49:21,779 - INFO - --- Época 68/150 ---
2025-12-17 22:50:11,002 - INFO - Train Loss: 0.8049 Acc: 0.7548
2025-12-17 22:50:40,643 - INFO -   [LR] Tasa de aprendizaje actual: 0.000007
2025-12-17 22:50:40,644 - INFO -   [Sin mejora Loss] Paciencia: 1/6
2025-12-17 22:50:40,645 - INFO - Val Loss: 1.2666 Acc: 0.5770
2025-12-17 22:50:40,647 - INFO - --- Época 69/150 ---
2025-12-17 22:51:30,547 - INFO - Train Loss: 0.8108 Acc: 0.7522
2025-12-17 22:52:00,188 - INFO -   [LR] Tasa de aprendizaje actual: 0.000007
2025-12-17 22:52:00,190 - INFO -   [Sin mejora Loss] Paciencia: 2/6
2025-12-17 22:52:00,192 - INFO - Val Loss: 1.2660 Acc: 0.5780
2025-12-17 22:52:00,193 - INFO - --- Época 70/150 ---
2025-12-17 22:52:48,389 - INFO - Train Loss: 0.7940 Acc: 0.7565
2025-12-17 22:53:18,814 - INFO -   [LR] Tasa de aprendizaje actual: 0.000007
2025-12-17 22:53:18,815 - INFO -   [Sin mejora Loss] Paciencia: 3/6
2025-12-17 22:53:18,817 - INFO - Val Loss: 1.2665 Acc: 0.5760
2025-12-17 22:53:18,818 - INFO - --- Época 71/150 ---
2025-12-17 22:54:08,052 - INFO - Train Loss: 0.7964 Acc: 0.7575
2025-12-17 22:54:38,309 - INFO -   [LR] Tasa de aprendizaje actual: 0.000003
2025-12-17 22:54:38,311 - INFO -   [Mejora Loss] 1.2597 -> 1.2596. Reseteando paciencia.
2025-12-17 22:54:38,313 - INFO - Val Loss: 1.2596 Acc: 0.5830
2025-12-17 22:54:38,315 - INFO - --- Época 72/150 ---
2025-12-17 22:55:27,027 - INFO - Train Loss: 0.8013 Acc: 0.7520
2025-12-17 22:55:56,685 - INFO -   [LR] Tasa de aprendizaje actual: 0.000003
2025-12-17 22:55:56,687 - INFO -   [Sin mejora Loss] Paciencia: 1/6
2025-12-17 22:55:56,688 - INFO - Val Loss: 1.2685 Acc: 0.5790
2025-12-17 22:55:56,689 - INFO - --- Época 73/150 ---
2025-12-17 22:56:45,548 - INFO - Train Loss: 0.7749 Acc: 0.7625
2025-12-17 22:57:15,655 - INFO -   [LR] Tasa de aprendizaje actual: 0.000003
2025-12-17 22:57:15,656 - INFO -   [Sin mejora Loss] Paciencia: 2/6
2025-12-17 22:57:15,658 - INFO - Val Loss: 1.2632 Acc: 0.5870
2025-12-17 22:57:15,661 - INFO - --- Época 74/150 ---
2025-12-17 22:58:04,800 - INFO - Train Loss: 0.7788 Acc: 0.7612
2025-12-17 22:58:34,576 - INFO -   [LR] Tasa de aprendizaje actual: 0.000003
2025-12-17 22:58:34,577 - INFO -   [Mejora Loss] 1.2596 -> 1.2592. Reseteando paciencia.
2025-12-17 22:58:34,579 - INFO - Val Loss: 1.2592 Acc: 0.5780
2025-12-17 22:58:34,580 - INFO - --- Época 75/150 ---
2025-12-17 22:59:23,894 - INFO - Train Loss: 0.7723 Acc: 0.7650
2025-12-17 22:59:53,430 - INFO -   [LR] Tasa de aprendizaje actual: 0.000003
2025-12-17 22:59:53,431 - INFO -   [Mejora Loss] 1.2592 -> 1.2573. Reseteando paciencia.
2025-12-17 22:59:53,432 - INFO - Val Loss: 1.2573 Acc: 0.5840
2025-12-17 22:59:53,435 - INFO - --- Época 76/150 ---
2025-12-17 23:00:42,232 - INFO - Train Loss: 0.7764 Acc: 0.7670
2025-12-17 23:01:12,619 - INFO -   [LR] Tasa de aprendizaje actual: 0.000003
2025-12-17 23:01:12,620 - INFO -   [Sin mejora Loss] Paciencia: 1/6
2025-12-17 23:01:12,622 - INFO - Val Loss: 1.2629 Acc: 0.5790
2025-12-17 23:01:12,623 - INFO - --- Época 77/150 ---
2025-12-17 23:02:01,803 - INFO - Train Loss: 0.7705 Acc: 0.7675
2025-12-17 23:02:31,603 - INFO -   [LR] Tasa de aprendizaje actual: 0.000003
2025-12-17 23:02:31,604 - INFO -   [Sin mejora Loss] Paciencia: 2/6
2025-12-17 23:02:31,605 - INFO - Val Loss: 1.2597 Acc: 0.5860
2025-12-17 23:02:31,607 - INFO - --- Época 78/150 ---
2025-12-17 23:03:20,722 - INFO - Train Loss: 0.7776 Acc: 0.7615
2025-12-17 23:03:50,512 - INFO -   [LR] Tasa de aprendizaje actual: 0.000003
2025-12-17 23:03:50,513 - INFO -   [Sin mejora Loss] Paciencia: 3/6
2025-12-17 23:03:50,515 - INFO - Val Loss: 1.2619 Acc: 0.5830
2025-12-17 23:03:50,517 - INFO - --- Época 79/150 ---
2025-12-17 23:04:39,268 - INFO - Train Loss: 0.7601 Acc: 0.7682
2025-12-17 23:05:09,170 - INFO -   [LR] Tasa de aprendizaje actual: 0.000003
2025-12-17 23:05:09,172 - INFO -   [Mejora Loss] 1.2573 -> 1.2567. Reseteando paciencia.
2025-12-17 23:05:09,173 - INFO - Val Loss: 1.2567 Acc: 0.5810
2025-12-17 23:05:09,174 - INFO - --- Época 80/150 ---
2025-12-17 23:05:58,020 - INFO - Train Loss: 0.7735 Acc: 0.7675
2025-12-17 23:06:28,520 - INFO -   [LR] Tasa de aprendizaje actual: 0.000003
2025-12-17 23:06:28,521 - INFO -   [Sin mejora Loss] Paciencia: 1/6
2025-12-17 23:06:28,523 - INFO - Val Loss: 1.2610 Acc: 0.5850
2025-12-17 23:06:28,525 - INFO - --- Época 81/150 ---
2025-12-17 23:07:17,141 - INFO - Train Loss: 0.7650 Acc: 0.7678
2025-12-17 23:07:46,890 - INFO -   [LR] Tasa de aprendizaje actual: 0.000003
2025-12-17 23:07:46,891 - INFO -   [Sin mejora Loss] Paciencia: 2/6
2025-12-17 23:07:46,893 - INFO - Val Loss: 1.2596 Acc: 0.5860
2025-12-17 23:07:46,895 - INFO - --- Época 82/150 ---
2025-12-17 23:08:35,909 - INFO - Train Loss: 0.7697 Acc: 0.7630
2025-12-17 23:09:06,067 - INFO -   [LR] Tasa de aprendizaje actual: 0.000003
2025-12-17 23:09:06,068 - INFO -   [Sin mejora Loss] Paciencia: 3/6
2025-12-17 23:09:06,069 - INFO - Val Loss: 1.2592 Acc: 0.5800
2025-12-17 23:09:06,070 - INFO - --- Época 83/150 ---
2025-12-17 23:09:53,808 - INFO - Train Loss: 0.7583 Acc: 0.7775
2025-12-17 23:10:23,630 - INFO -   [LR] Tasa de aprendizaje actual: 0.000002
2025-12-17 23:10:23,631 - INFO -   [Sin mejora Loss] Paciencia: 4/6
2025-12-17 23:10:23,634 - INFO - Val Loss: 1.2585 Acc: 0.5800
2025-12-17 23:10:23,636 - INFO - --- Época 84/150 ---
2025-12-17 23:11:12,145 - INFO - Train Loss: 0.7500 Acc: 0.7792
2025-12-17 23:11:42,203 - INFO -   [LR] Tasa de aprendizaje actual: 0.000002
2025-12-17 23:11:42,205 - INFO -   [Sin mejora Loss] Paciencia: 5/6
2025-12-17 23:11:42,207 - INFO - Val Loss: 1.2569 Acc: 0.5770
2025-12-17 23:11:42,208 - INFO - --- Época 85/150 ---
2025-12-17 23:12:31,092 - INFO - Train Loss: 0.7501 Acc: 0.7850
2025-12-17 23:13:00,576 - INFO -   [LR] Tasa de aprendizaje actual: 0.000002
2025-12-17 23:13:00,577 - INFO -   [Mejora Loss] 1.2567 -> 1.2539. Reseteando paciencia.
2025-12-17 23:13:00,579 - INFO - Val Loss: 1.2539 Acc: 0.5830
2025-12-17 23:13:00,581 - INFO - --- Época 86/150 ---
2025-12-17 23:13:47,834 - INFO - Train Loss: 0.7405 Acc: 0.7772
2025-12-17 23:14:17,557 - INFO -   [LR] Tasa de aprendizaje actual: 0.000002
2025-12-17 23:14:17,558 - INFO -   [Sin mejora Loss] Paciencia: 1/6
2025-12-17 23:14:17,559 - INFO - Val Loss: 1.2546 Acc: 0.5810
2025-12-17 23:14:17,561 - INFO - --- Época 87/150 ---
2025-12-17 23:15:06,265 - INFO - Train Loss: 0.7601 Acc: 0.7640
2025-12-17 23:15:36,149 - INFO -   [LR] Tasa de aprendizaje actual: 0.000002
2025-12-17 23:15:36,151 - INFO -   [Sin mejora Loss] Paciencia: 2/6
2025-12-17 23:15:36,153 - INFO - Val Loss: 1.2608 Acc: 0.5810
2025-12-17 23:15:36,155 - INFO - --- Época 88/150 ---
2025-12-17 23:16:25,425 - INFO - Train Loss: 0.7576 Acc: 0.7665
2025-12-17 23:16:55,085 - INFO -   [LR] Tasa de aprendizaje actual: 0.000002
2025-12-17 23:16:55,086 - INFO -   [Sin mejora Loss] Paciencia: 3/6
2025-12-17 23:16:55,088 - INFO - Val Loss: 1.2577 Acc: 0.5780
2025-12-17 23:16:55,090 - INFO - --- Época 89/150 ---
2025-12-17 23:17:43,892 - INFO - Train Loss: 0.7556 Acc: 0.7730
2025-12-17 23:18:14,091 - INFO -   [LR] Tasa de aprendizaje actual: 0.000001
2025-12-17 23:18:14,092 - INFO -   [Sin mejora Loss] Paciencia: 4/6
2025-12-17 23:18:14,094 - INFO - Val Loss: 1.2578 Acc: 0.5800
2025-12-17 23:18:14,095 - INFO - --- Época 90/150 ---
2025-12-17 23:19:03,475 - INFO - Train Loss: 0.7446 Acc: 0.7802
2025-12-17 23:19:33,893 - INFO -   [LR] Tasa de aprendizaje actual: 0.000001
2025-12-17 23:19:33,895 - INFO -   [Sin mejora Loss] Paciencia: 5/6
2025-12-17 23:19:33,898 - INFO - Val Loss: 1.2557 Acc: 0.5810
2025-12-17 23:19:33,899 - INFO - --- Época 91/150 ---
2025-12-17 23:20:23,220 - INFO - Train Loss: 0.7497 Acc: 0.7720
2025-12-17 23:20:53,443 - INFO -   [LR] Tasa de aprendizaje actual: 0.000001
2025-12-17 23:20:53,444 - INFO -   [Sin mejora Loss] Paciencia: 6/6
2025-12-17 23:20:53,445 - INFO - ¡EARLY STOPPING ACTIVADO!
2025-12-17 23:20:53,446 - INFO - Val Loss: 1.2601 Acc: 0.5830
2025-12-17 23:20:53,447 - INFO - Entrenamiento finalizado en 119m 45s
2025-12-17 23:20:53,448 - INFO - Mejor Val Acc lograda: 0.5920
2025-12-17 23:20:54,895 - INFO - Cargando el mejor modelo para la evaluación...
2025-12-17 23:20:55,778 - INFO - 
========================================
2025-12-17 23:20:55,779 - INFO - --- INICIANDO EVALUACIÓN EN TEST SET ---
2025-12-17 23:20:55,780 - INFO - ========================================
2025-12-17 23:21:25,338 - INFO - Calculando métricas estadísticas...
2025-12-17 23:21:25,345 - INFO - Generando matriz de confusión...
2025-12-17 23:21:25,721 - INFO - Gráfico guardado en: models/sbtaylor_kan_tiny_imagenet\run_20251217_195439\confusion_matrix.png
2025-12-17 23:21:25,723 - INFO - Escribiendo reporte final...
2025-12-17 23:21:25,731 - INFO - Reporte de texto guardado en: models/sbtaylor_kan_tiny_imagenet\run_20251217_195439\test_metrics_report.txt
2025-12-17 23:21:25,733 - INFO - --- EVALUACIÓN FINALIZADA ---
