2025-12-21 04:09:00,561 - INFO - Modelo SBTAYLOR_KAN.Net importado correctamente.
2025-12-21 04:09:00,562 - INFO - Los pesos del modelo se guardarán en: 'models/sbtaylor_kan_tiny_imagenet\run_20251221_040900\sbtaylor_kan.best_weights.pth'
2025-12-21 04:09:00,564 - INFO - El registro de entrenamiento se guardará en: 'models/sbtaylor_kan_tiny_imagenet\run_20251221_040900\training_run.log'
2025-12-21 04:09:00,588 - INFO - Versión de PyTorch: 2.9.0+cu126
2025-12-21 04:09:00,589 - INFO - ¿CUDA está disponible?: True
2025-12-21 04:09:00,591 - INFO - Versión de CUDA con la que PyTorch fue compilado: 12.6
2025-12-21 04:09:00,592 - INFO - Número de GPUs disponibles: 1
2025-12-21 04:09:00,596 - INFO - Nombre de la GPU actual: NVIDIA GeForce RTX 4090
2025-12-21 04:09:00,621 - INFO - --- Hyperparámetros de Entrenamiento ---
2025-12-21 04:09:00,622 - INFO - Batch Size: 64
2025-12-21 04:09:00,623 - INFO - Num Epochs: 250
2025-12-21 04:09:00,625 - INFO - Num Workers: 4
2025-12-21 04:09:34,719 - INFO - 
Usando dispositivo: cuda
2025-12-21 04:10:01,815 - INFO - Iniciando entrenamiento por 250 épocas...
2025-12-21 04:10:01,816 - INFO - Paciencia configurada: 20 épocas.
2025-12-21 04:10:01,817 - INFO - --- Época 1/250 ---
2025-12-21 04:10:47,855 - INFO - Train Loss: 2.4134 Acc: 0.1250
2025-12-21 04:10:50,176 - INFO -   [LR] Tasa de aprendizaje actual: 0.001000
2025-12-21 04:10:50,177 - INFO -   [Mejora Loss] inf -> 2.2144. Reseteando paciencia.
2025-12-21 04:10:50,178 - INFO - Val Loss: 2.2144 Acc: 0.1980
2025-12-21 04:10:50,777 - INFO -   [Nuevo Récord Acc] Guardado en: models/sbtaylor_kan_tiny_imagenet\run_20251221_040900\best_model.pth
2025-12-21 04:10:50,778 - INFO - --- Época 2/250 ---
2025-12-21 04:11:33,785 - INFO - Train Loss: 2.2203 Acc: 0.1693
2025-12-21 04:11:35,766 - INFO -   [LR] Tasa de aprendizaje actual: 0.001000
2025-12-21 04:11:35,767 - INFO -   [Mejora Loss] 2.2144 -> 2.1356. Reseteando paciencia.
2025-12-21 04:11:35,768 - INFO - Val Loss: 2.1356 Acc: 0.2240
2025-12-21 04:11:36,230 - INFO -   [Nuevo Récord Acc] Guardado en: models/sbtaylor_kan_tiny_imagenet\run_20251221_040900\best_model.pth
2025-12-21 04:11:36,232 - INFO - --- Época 3/250 ---
2025-12-21 04:12:19,173 - INFO - Train Loss: 2.1833 Acc: 0.1723
2025-12-21 04:12:21,172 - INFO -   [LR] Tasa de aprendizaje actual: 0.001000
2025-12-21 04:12:21,173 - INFO -   [Mejora Loss] 2.1356 -> 2.1027. Reseteando paciencia.
2025-12-21 04:12:21,175 - INFO - Val Loss: 2.1027 Acc: 0.2300
2025-12-21 04:12:21,660 - INFO -   [Nuevo Récord Acc] Guardado en: models/sbtaylor_kan_tiny_imagenet\run_20251221_040900\best_model.pth
2025-12-21 04:12:21,662 - INFO - --- Época 4/250 ---
2025-12-21 04:13:04,629 - INFO - Train Loss: 2.1561 Acc: 0.2050
2025-12-21 04:13:06,536 - INFO -   [LR] Tasa de aprendizaje actual: 0.001000
2025-12-21 04:13:06,537 - INFO -   [Mejora Loss] 2.1027 -> 2.0739. Reseteando paciencia.
2025-12-21 04:13:06,538 - INFO - Val Loss: 2.0739 Acc: 0.2340
2025-12-21 04:13:07,041 - INFO -   [Nuevo Récord Acc] Guardado en: models/sbtaylor_kan_tiny_imagenet\run_20251221_040900\best_model.pth
2025-12-21 04:13:07,043 - INFO - --- Época 5/250 ---
2025-12-21 04:13:49,180 - INFO - Train Loss: 2.1302 Acc: 0.2248
2025-12-21 04:13:51,130 - INFO -   [LR] Tasa de aprendizaje actual: 0.001000
2025-12-21 04:13:51,131 - INFO -   [Sin mejora Loss] Paciencia: 1/20
2025-12-21 04:13:51,132 - INFO - Val Loss: 2.0865 Acc: 0.2320
2025-12-21 04:13:51,133 - INFO - --- Época 6/250 ---
2025-12-21 04:14:33,340 - INFO - Train Loss: 2.1400 Acc: 0.2092
2025-12-21 04:14:35,281 - INFO -   [LR] Tasa de aprendizaje actual: 0.001000
2025-12-21 04:14:35,282 - INFO -   [Mejora Loss] 2.0739 -> 2.0534. Reseteando paciencia.
2025-12-21 04:14:35,283 - INFO - Val Loss: 2.0534 Acc: 0.2220
2025-12-21 04:14:35,284 - INFO - --- Época 7/250 ---
2025-12-21 04:15:17,841 - INFO - Train Loss: 2.0955 Acc: 0.2400
2025-12-21 04:15:19,806 - INFO -   [LR] Tasa de aprendizaje actual: 0.001000
2025-12-21 04:15:19,807 - INFO -   [Mejora Loss] 2.0534 -> 1.9893. Reseteando paciencia.
2025-12-21 04:15:19,808 - INFO - Val Loss: 1.9893 Acc: 0.2680
2025-12-21 04:15:20,262 - INFO -   [Nuevo Récord Acc] Guardado en: models/sbtaylor_kan_tiny_imagenet\run_20251221_040900\best_model.pth
2025-12-21 04:15:20,264 - INFO - --- Época 8/250 ---
2025-12-21 04:16:01,916 - INFO - Train Loss: 2.0701 Acc: 0.2575
2025-12-21 04:16:03,808 - INFO -   [LR] Tasa de aprendizaje actual: 0.001000
2025-12-21 04:16:03,809 - INFO -   [Mejora Loss] 1.9893 -> 1.9692. Reseteando paciencia.
2025-12-21 04:16:03,810 - INFO - Val Loss: 1.9692 Acc: 0.3060
2025-12-21 04:16:04,248 - INFO -   [Nuevo Récord Acc] Guardado en: models/sbtaylor_kan_tiny_imagenet\run_20251221_040900\best_model.pth
2025-12-21 04:16:04,250 - INFO - --- Época 9/250 ---
2025-12-21 04:16:46,335 - INFO - Train Loss: 2.0386 Acc: 0.2535
2025-12-21 04:16:48,293 - INFO -   [LR] Tasa de aprendizaje actual: 0.001000
2025-12-21 04:16:48,294 - INFO -   [Mejora Loss] 1.9692 -> 1.9641. Reseteando paciencia.
2025-12-21 04:16:48,295 - INFO - Val Loss: 1.9641 Acc: 0.3110
2025-12-21 04:16:48,755 - INFO -   [Nuevo Récord Acc] Guardado en: models/sbtaylor_kan_tiny_imagenet\run_20251221_040900\best_model.pth
2025-12-21 04:16:48,756 - INFO - --- Época 10/250 ---
2025-12-21 04:17:30,961 - INFO - Train Loss: 2.0004 Acc: 0.2750
2025-12-21 04:17:32,923 - INFO -   [LR] Tasa de aprendizaje actual: 0.001000
2025-12-21 04:17:32,924 - INFO -   [Mejora Loss] 1.9641 -> 1.8853. Reseteando paciencia.
2025-12-21 04:17:32,925 - INFO - Val Loss: 1.8853 Acc: 0.3210
2025-12-21 04:17:33,374 - INFO -   [Nuevo Récord Acc] Guardado en: models/sbtaylor_kan_tiny_imagenet\run_20251221_040900\best_model.pth
2025-12-21 04:17:33,375 - INFO - --- Época 11/250 ---
2025-12-21 04:18:15,961 - INFO - Train Loss: 1.9821 Acc: 0.2855
2025-12-21 04:18:17,942 - INFO -   [LR] Tasa de aprendizaje actual: 0.001000
2025-12-21 04:18:17,943 - INFO -   [Mejora Loss] 1.8853 -> 1.8807. Reseteando paciencia.
2025-12-21 04:18:17,944 - INFO - Val Loss: 1.8807 Acc: 0.3290
2025-12-21 04:18:18,375 - INFO -   [Nuevo Récord Acc] Guardado en: models/sbtaylor_kan_tiny_imagenet\run_20251221_040900\best_model.pth
2025-12-21 04:18:18,376 - INFO - --- Época 12/250 ---
2025-12-21 04:19:00,519 - INFO - Train Loss: 1.9666 Acc: 0.2823
2025-12-21 04:19:02,480 - INFO -   [LR] Tasa de aprendizaje actual: 0.001000
2025-12-21 04:19:02,481 - INFO -   [Mejora Loss] 1.8807 -> 1.8396. Reseteando paciencia.
2025-12-21 04:19:02,482 - INFO - Val Loss: 1.8396 Acc: 0.3490
2025-12-21 04:19:02,940 - INFO -   [Nuevo Récord Acc] Guardado en: models/sbtaylor_kan_tiny_imagenet\run_20251221_040900\best_model.pth
2025-12-21 04:19:02,942 - INFO - --- Época 13/250 ---
2025-12-21 04:19:45,062 - INFO - Train Loss: 1.9561 Acc: 0.2993
2025-12-21 04:19:47,045 - INFO -   [LR] Tasa de aprendizaje actual: 0.001000
2025-12-21 04:19:47,046 - INFO -   [Mejora Loss] 1.8396 -> 1.8325. Reseteando paciencia.
2025-12-21 04:19:47,047 - INFO - Val Loss: 1.8325 Acc: 0.3460
2025-12-21 04:19:47,054 - INFO - --- Época 14/250 ---
2025-12-21 04:20:29,228 - INFO - Train Loss: 1.9648 Acc: 0.2953
2025-12-21 04:20:31,144 - INFO -   [LR] Tasa de aprendizaje actual: 0.001000
2025-12-21 04:20:31,145 - INFO -   [Sin mejora Loss] Paciencia: 1/20
2025-12-21 04:20:31,146 - INFO - Val Loss: 1.8978 Acc: 0.3150
2025-12-21 04:20:31,147 - INFO - --- Época 15/250 ---
2025-12-21 04:21:13,297 - INFO - Train Loss: 1.9736 Acc: 0.2978
2025-12-21 04:21:15,306 - INFO -   [LR] Tasa de aprendizaje actual: 0.001000
2025-12-21 04:21:15,307 - INFO -   [Sin mejora Loss] Paciencia: 2/20
2025-12-21 04:21:15,308 - INFO - Val Loss: 1.8621 Acc: 0.3470
2025-12-21 04:21:15,309 - INFO - --- Época 16/250 ---
2025-12-21 04:21:57,516 - INFO - Train Loss: 1.9396 Acc: 0.2978
2025-12-21 04:21:59,457 - INFO -   [LR] Tasa de aprendizaje actual: 0.001000
2025-12-21 04:21:59,458 - INFO -   [Sin mejora Loss] Paciencia: 3/20
2025-12-21 04:21:59,459 - INFO - Val Loss: 1.8391 Acc: 0.3660
2025-12-21 04:21:59,898 - INFO -   [Nuevo Récord Acc] Guardado en: models/sbtaylor_kan_tiny_imagenet\run_20251221_040900\best_model.pth
2025-12-21 04:21:59,899 - INFO - --- Época 17/250 ---
2025-12-21 04:22:42,300 - INFO - Train Loss: 1.9168 Acc: 0.3140
2025-12-21 04:22:44,248 - INFO -   [LR] Tasa de aprendizaje actual: 0.001000
2025-12-21 04:22:44,249 - INFO -   [Mejora Loss] 1.8325 -> 1.8287. Reseteando paciencia.
2025-12-21 04:22:44,250 - INFO - Val Loss: 1.8287 Acc: 0.3330
2025-12-21 04:22:44,251 - INFO - --- Época 18/250 ---
2025-12-21 04:23:26,403 - INFO - Train Loss: 1.9268 Acc: 0.3023
2025-12-21 04:23:28,164 - INFO -   [LR] Tasa de aprendizaje actual: 0.001000
2025-12-21 04:23:28,164 - INFO -   [Mejora Loss] 1.8287 -> 1.8029. Reseteando paciencia.
2025-12-21 04:23:28,166 - INFO - Val Loss: 1.8029 Acc: 0.3660
2025-12-21 04:23:28,167 - INFO - --- Época 19/250 ---
2025-12-21 04:24:08,665 - INFO - Train Loss: 1.9023 Acc: 0.3170
2025-12-21 04:24:10,473 - INFO -   [LR] Tasa de aprendizaje actual: 0.001000
2025-12-21 04:24:10,475 - INFO -   [Mejora Loss] 1.8029 -> 1.7957. Reseteando paciencia.
2025-12-21 04:24:10,476 - INFO - Val Loss: 1.7957 Acc: 0.3590
2025-12-21 04:24:10,478 - INFO - --- Época 20/250 ---
2025-12-21 04:24:50,869 - INFO - Train Loss: 1.8871 Acc: 0.3247
2025-12-21 04:24:52,810 - INFO -   [LR] Tasa de aprendizaje actual: 0.001000
2025-12-21 04:24:52,811 - INFO -   [Mejora Loss] 1.7957 -> 1.7791. Reseteando paciencia.
2025-12-21 04:24:52,813 - INFO - Val Loss: 1.7791 Acc: 0.3910
2025-12-21 04:24:53,288 - INFO -   [Nuevo Récord Acc] Guardado en: models/sbtaylor_kan_tiny_imagenet\run_20251221_040900\best_model.pth
2025-12-21 04:24:53,290 - INFO - --- Época 21/250 ---
2025-12-21 04:25:33,658 - INFO - Train Loss: 1.9014 Acc: 0.3260
2025-12-21 04:25:35,575 - INFO -   [LR] Tasa de aprendizaje actual: 0.001000
2025-12-21 04:25:35,576 - INFO -   [Sin mejora Loss] Paciencia: 1/20
2025-12-21 04:25:35,577 - INFO - Val Loss: 1.7932 Acc: 0.3610
2025-12-21 04:25:35,579 - INFO - --- Época 22/250 ---
2025-12-21 04:26:16,445 - INFO - Train Loss: 1.8620 Acc: 0.3377
2025-12-21 04:26:18,213 - INFO -   [LR] Tasa de aprendizaje actual: 0.001000
2025-12-21 04:26:18,213 - INFO -   [Mejora Loss] 1.7791 -> 1.7539. Reseteando paciencia.
2025-12-21 04:26:18,215 - INFO - Val Loss: 1.7539 Acc: 0.4070
2025-12-21 04:26:18,650 - INFO -   [Nuevo Récord Acc] Guardado en: models/sbtaylor_kan_tiny_imagenet\run_20251221_040900\best_model.pth
2025-12-21 04:26:18,651 - INFO - --- Época 23/250 ---
2025-12-21 04:26:58,898 - INFO - Train Loss: 1.8457 Acc: 0.3430
2025-12-21 04:27:00,857 - INFO -   [LR] Tasa de aprendizaje actual: 0.001000
2025-12-21 04:27:00,858 - INFO -   [Mejora Loss] 1.7539 -> 1.7132. Reseteando paciencia.
2025-12-21 04:27:00,859 - INFO - Val Loss: 1.7132 Acc: 0.3700
2025-12-21 04:27:00,860 - INFO - --- Época 24/250 ---
2025-12-21 04:27:41,652 - INFO - Train Loss: 1.8423 Acc: 0.3515
2025-12-21 04:27:43,390 - INFO -   [LR] Tasa de aprendizaje actual: 0.001000
2025-12-21 04:27:43,390 - INFO -   [Mejora Loss] 1.7132 -> 1.6991. Reseteando paciencia.
2025-12-21 04:27:43,391 - INFO - Val Loss: 1.6991 Acc: 0.4140
2025-12-21 04:27:43,824 - INFO -   [Nuevo Récord Acc] Guardado en: models/sbtaylor_kan_tiny_imagenet\run_20251221_040900\best_model.pth
2025-12-21 04:27:43,825 - INFO - --- Época 25/250 ---
2025-12-21 04:28:24,070 - INFO - Train Loss: 1.8460 Acc: 0.3565
2025-12-21 04:28:25,919 - INFO -   [LR] Tasa de aprendizaje actual: 0.001000
2025-12-21 04:28:25,920 - INFO -   [Sin mejora Loss] Paciencia: 1/20
2025-12-21 04:28:25,922 - INFO - Val Loss: 1.7352 Acc: 0.4110
2025-12-21 04:28:25,923 - INFO - --- Época 26/250 ---
2025-12-21 04:29:06,573 - INFO - Train Loss: 1.8249 Acc: 0.3648
2025-12-21 04:29:08,378 - INFO -   [LR] Tasa de aprendizaje actual: 0.001000
2025-12-21 04:29:08,379 - INFO -   [Mejora Loss] 1.6991 -> 1.6896. Reseteando paciencia.
2025-12-21 04:29:08,380 - INFO - Val Loss: 1.6896 Acc: 0.4270
2025-12-21 04:29:08,800 - INFO -   [Nuevo Récord Acc] Guardado en: models/sbtaylor_kan_tiny_imagenet\run_20251221_040900\best_model.pth
2025-12-21 04:29:08,802 - INFO - --- Época 27/250 ---
2025-12-21 04:29:49,519 - INFO - Train Loss: 1.8222 Acc: 0.3558
2025-12-21 04:29:51,485 - INFO -   [LR] Tasa de aprendizaje actual: 0.001000
2025-12-21 04:29:51,485 - INFO -   [Mejora Loss] 1.6896 -> 1.6761. Reseteando paciencia.
2025-12-21 04:29:51,486 - INFO - Val Loss: 1.6761 Acc: 0.4320
2025-12-21 04:29:51,915 - INFO -   [Nuevo Récord Acc] Guardado en: models/sbtaylor_kan_tiny_imagenet\run_20251221_040900\best_model.pth
2025-12-21 04:29:51,916 - INFO - --- Época 28/250 ---
2025-12-21 04:30:32,636 - INFO - Train Loss: 1.7929 Acc: 0.3710
2025-12-21 04:30:34,451 - INFO -   [LR] Tasa de aprendizaje actual: 0.001000
2025-12-21 04:30:34,451 - INFO -   [Sin mejora Loss] Paciencia: 1/20
2025-12-21 04:30:34,452 - INFO - Val Loss: 1.6828 Acc: 0.4070
2025-12-21 04:30:34,454 - INFO - --- Época 29/250 ---
2025-12-21 04:31:14,968 - INFO - Train Loss: 1.7883 Acc: 0.3803
2025-12-21 04:31:16,761 - INFO -   [LR] Tasa de aprendizaje actual: 0.001000
2025-12-21 04:31:16,761 - INFO -   [Mejora Loss] 1.6761 -> 1.6162. Reseteando paciencia.
2025-12-21 04:31:16,762 - INFO - Val Loss: 1.6162 Acc: 0.4530
2025-12-21 04:31:17,190 - INFO -   [Nuevo Récord Acc] Guardado en: models/sbtaylor_kan_tiny_imagenet\run_20251221_040900\best_model.pth
2025-12-21 04:31:17,191 - INFO - --- Época 30/250 ---
2025-12-21 04:31:57,603 - INFO - Train Loss: 1.7693 Acc: 0.3750
2025-12-21 04:31:59,529 - INFO -   [LR] Tasa de aprendizaje actual: 0.001000
2025-12-21 04:31:59,530 - INFO -   [Mejora Loss] 1.6162 -> 1.6014. Reseteando paciencia.
2025-12-21 04:31:59,530 - INFO - Val Loss: 1.6014 Acc: 0.4360
2025-12-21 04:31:59,532 - INFO - --- Época 31/250 ---
2025-12-21 04:32:40,469 - INFO - Train Loss: 1.7235 Acc: 0.3935
2025-12-21 04:32:42,478 - INFO -   [LR] Tasa de aprendizaje actual: 0.001000
2025-12-21 04:32:42,478 - INFO -   [Mejora Loss] 1.6014 -> 1.5762. Reseteando paciencia.
2025-12-21 04:32:42,479 - INFO - Val Loss: 1.5762 Acc: 0.4540
2025-12-21 04:32:42,907 - INFO -   [Nuevo Récord Acc] Guardado en: models/sbtaylor_kan_tiny_imagenet\run_20251221_040900\best_model.pth
2025-12-21 04:32:42,908 - INFO - --- Época 32/250 ---
2025-12-21 04:33:26,838 - INFO - Train Loss: 1.7531 Acc: 0.3910
2025-12-21 04:33:28,795 - INFO -   [LR] Tasa de aprendizaje actual: 0.001000
2025-12-21 04:33:28,796 - INFO -   [Sin mejora Loss] Paciencia: 1/20
2025-12-21 04:33:28,797 - INFO - Val Loss: 1.6290 Acc: 0.4370
2025-12-21 04:33:28,798 - INFO - --- Época 33/250 ---
2025-12-21 04:34:10,096 - INFO - Train Loss: 1.7051 Acc: 0.4037
2025-12-21 04:34:11,903 - INFO -   [LR] Tasa de aprendizaje actual: 0.001000
2025-12-21 04:34:11,904 - INFO -   [Mejora Loss] 1.5762 -> 1.5567. Reseteando paciencia.
2025-12-21 04:34:11,905 - INFO - Val Loss: 1.5567 Acc: 0.4400
2025-12-21 04:34:11,905 - INFO - --- Época 34/250 ---
2025-12-21 04:34:56,078 - INFO - Train Loss: 1.7083 Acc: 0.4055
2025-12-21 04:34:58,032 - INFO -   [LR] Tasa de aprendizaje actual: 0.001000
2025-12-21 04:34:58,032 - INFO -   [Sin mejora Loss] Paciencia: 1/20
2025-12-21 04:34:58,033 - INFO - Val Loss: 1.6156 Acc: 0.4280
2025-12-21 04:34:58,035 - INFO - --- Época 35/250 ---
2025-12-21 04:35:40,113 - INFO - Train Loss: 1.6978 Acc: 0.4068
2025-12-21 04:35:42,016 - INFO -   [LR] Tasa de aprendizaje actual: 0.001000
2025-12-21 04:35:42,016 - INFO -   [Sin mejora Loss] Paciencia: 2/20
2025-12-21 04:35:42,017 - INFO - Val Loss: 1.6208 Acc: 0.4120
2025-12-21 04:35:42,018 - INFO - --- Época 36/250 ---
2025-12-21 04:36:23,796 - INFO - Train Loss: 1.6585 Acc: 0.4185
2025-12-21 04:36:25,647 - INFO -   [LR] Tasa de aprendizaje actual: 0.001000
2025-12-21 04:36:25,648 - INFO -   [Sin mejora Loss] Paciencia: 3/20
2025-12-21 04:36:25,649 - INFO - Val Loss: 1.5798 Acc: 0.4310
2025-12-21 04:36:25,650 - INFO - --- Época 37/250 ---
2025-12-21 04:37:08,953 - INFO - Train Loss: 1.6757 Acc: 0.4198
2025-12-21 04:37:10,778 - INFO -   [LR] Tasa de aprendizaje actual: 0.001000
2025-12-21 04:37:10,779 - INFO -   [Mejora Loss] 1.5567 -> 1.5560. Reseteando paciencia.
2025-12-21 04:37:10,780 - INFO - Val Loss: 1.5560 Acc: 0.4470
2025-12-21 04:37:10,781 - INFO - --- Época 38/250 ---
2025-12-21 04:37:51,981 - INFO - Train Loss: 1.6548 Acc: 0.4228
2025-12-21 04:37:53,941 - INFO -   [LR] Tasa de aprendizaje actual: 0.001000
2025-12-21 04:37:53,942 - INFO -   [Mejora Loss] 1.5560 -> 1.5481. Reseteando paciencia.
2025-12-21 04:37:53,943 - INFO - Val Loss: 1.5481 Acc: 0.4650
2025-12-21 04:37:54,420 - INFO -   [Nuevo Récord Acc] Guardado en: models/sbtaylor_kan_tiny_imagenet\run_20251221_040900\best_model.pth
2025-12-21 04:37:54,421 - INFO - --- Época 39/250 ---
2025-12-21 04:38:35,955 - INFO - Train Loss: 1.6607 Acc: 0.4170
2025-12-21 04:38:37,837 - INFO -   [LR] Tasa de aprendizaje actual: 0.001000
2025-12-21 04:38:37,838 - INFO -   [Mejora Loss] 1.5481 -> 1.5337. Reseteando paciencia.
2025-12-21 04:38:37,839 - INFO - Val Loss: 1.5337 Acc: 0.4570
2025-12-21 04:38:37,840 - INFO - --- Época 40/250 ---
2025-12-21 04:39:19,426 - INFO - Train Loss: 1.6574 Acc: 0.4260
2025-12-21 04:39:21,272 - INFO -   [LR] Tasa de aprendizaje actual: 0.001000
2025-12-21 04:39:21,273 - INFO -   [Mejora Loss] 1.5337 -> 1.5230. Reseteando paciencia.
2025-12-21 04:39:21,274 - INFO - Val Loss: 1.5230 Acc: 0.4800
2025-12-21 04:39:21,803 - INFO -   [Nuevo Récord Acc] Guardado en: models/sbtaylor_kan_tiny_imagenet\run_20251221_040900\best_model.pth
2025-12-21 04:39:21,804 - INFO - --- Época 41/250 ---
2025-12-21 04:40:02,648 - INFO - Train Loss: 1.6192 Acc: 0.4370
2025-12-21 04:40:04,606 - INFO -   [LR] Tasa de aprendizaje actual: 0.001000
2025-12-21 04:40:04,607 - INFO -   [Sin mejora Loss] Paciencia: 1/20
2025-12-21 04:40:04,608 - INFO - Val Loss: 1.5740 Acc: 0.4250
2025-12-21 04:40:04,609 - INFO - --- Época 42/250 ---
2025-12-21 04:40:45,331 - INFO - Train Loss: 1.6423 Acc: 0.4273
2025-12-21 04:40:47,317 - INFO -   [LR] Tasa de aprendizaje actual: 0.001000
2025-12-21 04:40:47,317 - INFO -   [Mejora Loss] 1.5230 -> 1.4922. Reseteando paciencia.
2025-12-21 04:40:47,318 - INFO - Val Loss: 1.4922 Acc: 0.4720
2025-12-21 04:40:47,319 - INFO - --- Época 43/250 ---
2025-12-21 04:41:29,131 - INFO - Train Loss: 1.6318 Acc: 0.4323
2025-12-21 04:41:31,169 - INFO -   [LR] Tasa de aprendizaje actual: 0.001000
2025-12-21 04:41:31,170 - INFO -   [Mejora Loss] 1.4922 -> 1.4712. Reseteando paciencia.
2025-12-21 04:41:31,171 - INFO - Val Loss: 1.4712 Acc: 0.4990
2025-12-21 04:41:31,632 - INFO -   [Nuevo Récord Acc] Guardado en: models/sbtaylor_kan_tiny_imagenet\run_20251221_040900\best_model.pth
2025-12-21 04:41:31,634 - INFO - --- Época 44/250 ---
2025-12-21 04:42:15,551 - INFO - Train Loss: 1.6034 Acc: 0.4428
2025-12-21 04:42:17,541 - INFO -   [LR] Tasa de aprendizaje actual: 0.001000
2025-12-21 04:42:17,541 - INFO -   [Sin mejora Loss] Paciencia: 1/20
2025-12-21 04:42:17,543 - INFO - Val Loss: 1.5166 Acc: 0.4550
2025-12-21 04:42:17,549 - INFO - --- Época 45/250 ---
2025-12-21 04:42:58,212 - INFO - Train Loss: 1.6111 Acc: 0.4423
2025-12-21 04:43:00,182 - INFO -   [LR] Tasa de aprendizaje actual: 0.001000
2025-12-21 04:43:00,183 - INFO -   [Sin mejora Loss] Paciencia: 2/20
2025-12-21 04:43:00,184 - INFO - Val Loss: 1.5048 Acc: 0.4740
2025-12-21 04:43:00,185 - INFO - --- Época 46/250 ---
2025-12-21 04:43:41,108 - INFO - Train Loss: 1.5828 Acc: 0.4555
2025-12-21 04:43:42,882 - INFO -   [LR] Tasa de aprendizaje actual: 0.001000
2025-12-21 04:43:42,883 - INFO -   [Sin mejora Loss] Paciencia: 3/20
2025-12-21 04:43:42,884 - INFO - Val Loss: 1.5073 Acc: 0.4770
2025-12-21 04:43:42,886 - INFO - --- Época 47/250 ---
2025-12-21 04:44:23,242 - INFO - Train Loss: 1.5949 Acc: 0.4485
2025-12-21 04:44:25,206 - INFO -   [LR] Tasa de aprendizaje actual: 0.001000
2025-12-21 04:44:25,207 - INFO -   [Sin mejora Loss] Paciencia: 4/20
2025-12-21 04:44:25,208 - INFO - Val Loss: 1.4899 Acc: 0.5040
2025-12-21 04:44:25,626 - INFO -   [Nuevo Récord Acc] Guardado en: models/sbtaylor_kan_tiny_imagenet\run_20251221_040900\best_model.pth
2025-12-21 04:44:25,628 - INFO - --- Época 48/250 ---
2025-12-21 04:45:06,568 - INFO - Train Loss: 1.6012 Acc: 0.4435
2025-12-21 04:45:08,422 - INFO -   [LR] Tasa de aprendizaje actual: 0.001000
2025-12-21 04:45:08,423 - INFO -   [Sin mejora Loss] Paciencia: 5/20
2025-12-21 04:45:08,424 - INFO - Val Loss: 1.4987 Acc: 0.4740
2025-12-21 04:45:08,425 - INFO - --- Época 49/250 ---
2025-12-21 04:45:49,720 - INFO - Train Loss: 1.5701 Acc: 0.4632
2025-12-21 04:45:51,545 - INFO -   [LR] Tasa de aprendizaje actual: 0.001000
2025-12-21 04:45:51,546 - INFO -   [Mejora Loss] 1.4712 -> 1.4275. Reseteando paciencia.
2025-12-21 04:45:51,547 - INFO - Val Loss: 1.4275 Acc: 0.5040
2025-12-21 04:45:51,548 - INFO - --- Época 50/250 ---
2025-12-21 04:46:32,199 - INFO - Train Loss: 1.5754 Acc: 0.4468
2025-12-21 04:46:34,090 - INFO -   [LR] Tasa de aprendizaje actual: 0.001000
2025-12-21 04:46:34,091 - INFO -   [Sin mejora Loss] Paciencia: 1/20
2025-12-21 04:46:34,092 - INFO - Val Loss: 1.6114 Acc: 0.3950
2025-12-21 04:46:34,093 - INFO - --- Época 51/250 ---
2025-12-21 04:47:14,531 - INFO - Train Loss: 1.5579 Acc: 0.4685
2025-12-21 04:47:16,482 - INFO -   [LR] Tasa de aprendizaje actual: 0.001000
2025-12-21 04:47:16,483 - INFO -   [Mejora Loss] 1.4275 -> 1.4005. Reseteando paciencia.
2025-12-21 04:47:16,484 - INFO - Val Loss: 1.4005 Acc: 0.4980
2025-12-21 04:47:16,485 - INFO - --- Época 52/250 ---
2025-12-21 04:47:59,432 - INFO - Train Loss: 1.5534 Acc: 0.4760
2025-12-21 04:48:01,433 - INFO -   [LR] Tasa de aprendizaje actual: 0.001000
2025-12-21 04:48:01,434 - INFO -   [Sin mejora Loss] Paciencia: 1/20
2025-12-21 04:48:01,435 - INFO - Val Loss: 1.5675 Acc: 0.4660
2025-12-21 04:48:01,439 - INFO - --- Época 53/250 ---
2025-12-21 04:48:43,194 - INFO - Train Loss: 1.5498 Acc: 0.4790
2025-12-21 04:48:45,186 - INFO -   [LR] Tasa de aprendizaje actual: 0.001000
2025-12-21 04:48:45,187 - INFO -   [Mejora Loss] 1.4005 -> 1.3775. Reseteando paciencia.
2025-12-21 04:48:45,188 - INFO - Val Loss: 1.3775 Acc: 0.5230
2025-12-21 04:48:45,624 - INFO -   [Nuevo Récord Acc] Guardado en: models/sbtaylor_kan_tiny_imagenet\run_20251221_040900\best_model.pth
2025-12-21 04:48:45,625 - INFO - --- Época 54/250 ---
2025-12-21 04:49:28,047 - INFO - Train Loss: 1.5221 Acc: 0.4708
2025-12-21 04:49:29,995 - INFO -   [LR] Tasa de aprendizaje actual: 0.001000
2025-12-21 04:49:29,995 - INFO -   [Sin mejora Loss] Paciencia: 1/20
2025-12-21 04:49:29,996 - INFO - Val Loss: 1.4099 Acc: 0.5050
2025-12-21 04:49:29,998 - INFO - --- Época 55/250 ---
2025-12-21 04:50:10,990 - INFO - Train Loss: 1.5315 Acc: 0.4735
2025-12-21 04:50:12,972 - INFO -   [LR] Tasa de aprendizaje actual: 0.001000
2025-12-21 04:50:12,973 - INFO -   [Sin mejora Loss] Paciencia: 2/20
2025-12-21 04:50:12,974 - INFO - Val Loss: 1.4656 Acc: 0.4860
2025-12-21 04:50:12,974 - INFO - --- Época 56/250 ---
2025-12-21 04:50:54,565 - INFO - Train Loss: 1.5230 Acc: 0.4748
2025-12-21 04:50:56,399 - INFO -   [LR] Tasa de aprendizaje actual: 0.001000
2025-12-21 04:50:56,400 - INFO -   [Sin mejora Loss] Paciencia: 3/20
2025-12-21 04:50:56,402 - INFO - Val Loss: 1.4057 Acc: 0.5150
2025-12-21 04:50:56,403 - INFO - --- Época 57/250 ---
2025-12-21 04:51:37,657 - INFO - Train Loss: 1.5156 Acc: 0.4770
2025-12-21 04:51:39,432 - INFO -   [LR] Tasa de aprendizaje actual: 0.001000
2025-12-21 04:51:39,433 - INFO -   [Sin mejora Loss] Paciencia: 4/20
2025-12-21 04:51:39,434 - INFO - Val Loss: 1.4209 Acc: 0.4900
2025-12-21 04:51:39,435 - INFO - --- Época 58/250 ---
2025-12-21 04:52:20,536 - INFO - Train Loss: 1.4894 Acc: 0.4833
2025-12-21 04:52:22,313 - INFO -   [LR] Tasa de aprendizaje actual: 0.001000
2025-12-21 04:52:22,315 - INFO -   [Sin mejora Loss] Paciencia: 5/20
2025-12-21 04:52:22,315 - INFO - Val Loss: 1.4179 Acc: 0.5200
2025-12-21 04:52:22,317 - INFO - --- Época 59/250 ---
2025-12-21 04:53:07,995 - INFO - Train Loss: 1.4988 Acc: 0.4848
2025-12-21 04:53:10,130 - INFO -   [LR] Tasa de aprendizaje actual: 0.001000
2025-12-21 04:53:10,131 - INFO -   [Mejora Loss] 1.3775 -> 1.3743. Reseteando paciencia.
2025-12-21 04:53:10,132 - INFO - Val Loss: 1.3743 Acc: 0.5180
2025-12-21 04:53:10,133 - INFO - --- Época 60/250 ---
2025-12-21 04:54:07,540 - INFO - Train Loss: 1.4830 Acc: 0.4875
2025-12-21 04:54:09,563 - INFO -   [LR] Tasa de aprendizaje actual: 0.001000
2025-12-21 04:54:09,564 - INFO -   [Mejora Loss] 1.3743 -> 1.3444. Reseteando paciencia.
2025-12-21 04:54:09,566 - INFO - Val Loss: 1.3444 Acc: 0.5260
2025-12-21 04:54:10,016 - INFO -   [Nuevo Récord Acc] Guardado en: models/sbtaylor_kan_tiny_imagenet\run_20251221_040900\best_model.pth
2025-12-21 04:54:10,017 - INFO - --- Época 61/250 ---
2025-12-21 04:55:06,541 - INFO - Train Loss: 1.4801 Acc: 0.4955
2025-12-21 04:55:08,574 - INFO -   [LR] Tasa de aprendizaje actual: 0.001000
2025-12-21 04:55:08,575 - INFO -   [Sin mejora Loss] Paciencia: 1/20
2025-12-21 04:55:08,576 - INFO - Val Loss: 1.4593 Acc: 0.4780
2025-12-21 04:55:08,581 - INFO - --- Época 62/250 ---
2025-12-21 04:56:04,282 - INFO - Train Loss: 1.4773 Acc: 0.4988
2025-12-21 04:56:06,370 - INFO -   [LR] Tasa de aprendizaje actual: 0.001000
2025-12-21 04:56:06,370 - INFO -   [Sin mejora Loss] Paciencia: 2/20
2025-12-21 04:56:06,371 - INFO - Val Loss: 1.4061 Acc: 0.5080
2025-12-21 04:56:06,372 - INFO - --- Época 63/250 ---
2025-12-21 04:57:01,691 - INFO - Train Loss: 1.5068 Acc: 0.4765
2025-12-21 04:57:03,723 - INFO -   [LR] Tasa de aprendizaje actual: 0.001000
2025-12-21 04:57:03,723 - INFO -   [Sin mejora Loss] Paciencia: 3/20
2025-12-21 04:57:03,725 - INFO - Val Loss: 1.3969 Acc: 0.5150
2025-12-21 04:57:03,726 - INFO - --- Época 64/250 ---
2025-12-21 04:57:59,175 - INFO - Train Loss: 1.4792 Acc: 0.4995
2025-12-21 04:58:01,208 - INFO -   [LR] Tasa de aprendizaje actual: 0.001000
2025-12-21 04:58:01,209 - INFO -   [Sin mejora Loss] Paciencia: 4/20
2025-12-21 04:58:01,210 - INFO - Val Loss: 1.3905 Acc: 0.5320
2025-12-21 04:58:01,672 - INFO -   [Nuevo Récord Acc] Guardado en: models/sbtaylor_kan_tiny_imagenet\run_20251221_040900\best_model.pth
2025-12-21 04:58:01,674 - INFO - --- Época 65/250 ---
2025-12-21 04:58:55,857 - INFO - Train Loss: 1.4682 Acc: 0.4983
2025-12-21 04:58:59,203 - INFO -   [LR] Tasa de aprendizaje actual: 0.001000
2025-12-21 04:58:59,204 - INFO -   [Sin mejora Loss] Paciencia: 5/20
2025-12-21 04:58:59,206 - INFO - Val Loss: 1.3907 Acc: 0.5070
2025-12-21 04:58:59,209 - INFO - --- Época 66/250 ---
2025-12-21 04:59:53,355 - INFO - Train Loss: 1.4458 Acc: 0.5098
2025-12-21 04:59:56,676 - INFO -   [LR] Tasa de aprendizaje actual: 0.001000
2025-12-21 04:59:56,678 - INFO -   [Mejora Loss] 1.3444 -> 1.3426. Reseteando paciencia.
2025-12-21 04:59:56,679 - INFO - Val Loss: 1.3426 Acc: 0.5480
2025-12-21 04:59:57,228 - INFO -   [Nuevo Récord Acc] Guardado en: models/sbtaylor_kan_tiny_imagenet\run_20251221_040900\best_model.pth
2025-12-21 04:59:57,229 - INFO - --- Época 67/250 ---
2025-12-21 05:00:48,264 - INFO - Train Loss: 1.4444 Acc: 0.5008
2025-12-21 05:00:51,372 - INFO -   [LR] Tasa de aprendizaje actual: 0.001000
2025-12-21 05:00:51,373 - INFO -   [Mejora Loss] 1.3426 -> 1.2746. Reseteando paciencia.
2025-12-21 05:00:51,374 - INFO - Val Loss: 1.2746 Acc: 0.5580
2025-12-21 05:00:51,950 - INFO -   [Nuevo Récord Acc] Guardado en: models/sbtaylor_kan_tiny_imagenet\run_20251221_040900\best_model.pth
2025-12-21 05:00:51,952 - INFO - --- Época 68/250 ---
2025-12-21 05:01:42,914 - INFO - Train Loss: 1.4275 Acc: 0.5072
2025-12-21 05:01:46,106 - INFO -   [LR] Tasa de aprendizaje actual: 0.001000
2025-12-21 05:01:46,107 - INFO -   [Sin mejora Loss] Paciencia: 1/20
2025-12-21 05:01:46,108 - INFO - Val Loss: 1.3808 Acc: 0.5010
2025-12-21 05:01:46,110 - INFO - --- Época 69/250 ---
2025-12-21 05:02:37,980 - INFO - Train Loss: 1.4479 Acc: 0.5015
2025-12-21 05:02:41,497 - INFO -   [LR] Tasa de aprendizaje actual: 0.001000
2025-12-21 05:02:41,498 - INFO -   [Sin mejora Loss] Paciencia: 2/20
2025-12-21 05:02:41,501 - INFO - Val Loss: 1.3354 Acc: 0.5340
2025-12-21 05:02:41,508 - INFO - --- Época 70/250 ---
2025-12-21 05:03:33,915 - INFO - Train Loss: 1.4202 Acc: 0.5192
2025-12-21 05:03:36,801 - INFO -   [LR] Tasa de aprendizaje actual: 0.001000
2025-12-21 05:03:36,802 - INFO -   [Sin mejora Loss] Paciencia: 3/20
2025-12-21 05:03:36,804 - INFO - Val Loss: 1.3291 Acc: 0.5320
2025-12-21 05:03:36,808 - INFO - --- Época 71/250 ---
2025-12-21 05:04:33,150 - INFO - Train Loss: 1.4150 Acc: 0.5155
2025-12-21 05:04:34,901 - INFO -   [LR] Tasa de aprendizaje actual: 0.001000
2025-12-21 05:04:34,902 - INFO -   [Sin mejora Loss] Paciencia: 4/20
2025-12-21 05:04:34,903 - INFO - Val Loss: 1.3703 Acc: 0.5220
2025-12-21 05:04:34,904 - INFO - --- Época 72/250 ---
2025-12-21 05:05:16,804 - INFO - Train Loss: 1.3935 Acc: 0.5205
2025-12-21 05:05:18,866 - INFO -   [LR] Tasa de aprendizaje actual: 0.001000
2025-12-21 05:05:18,867 - INFO -   [Sin mejora Loss] Paciencia: 5/20
2025-12-21 05:05:18,869 - INFO - Val Loss: 1.2975 Acc: 0.5380
2025-12-21 05:05:18,869 - INFO - --- Época 73/250 ---
2025-12-21 05:06:49,303 - INFO - Train Loss: 1.3993 Acc: 0.5288
2025-12-21 05:06:53,312 - INFO -   [LR] Tasa de aprendizaje actual: 0.000500
2025-12-21 05:06:53,313 - INFO -   [Sin mejora Loss] Paciencia: 6/20
2025-12-21 05:06:53,313 - INFO - Val Loss: 1.3321 Acc: 0.5400
2025-12-21 05:06:53,314 - INFO - --- Época 74/250 ---
2025-12-21 05:08:10,940 - INFO - Train Loss: 1.3890 Acc: 0.5308
2025-12-21 05:08:17,231 - INFO -   [LR] Tasa de aprendizaje actual: 0.000500
2025-12-21 05:08:17,233 - INFO -   [Mejora Loss] 1.2746 -> 1.2697. Reseteando paciencia.
2025-12-21 05:08:17,235 - INFO - Val Loss: 1.2697 Acc: 0.5530
2025-12-21 05:08:17,237 - INFO - --- Época 75/250 ---
2025-12-21 05:09:36,959 - INFO - Train Loss: 1.3505 Acc: 0.5343
2025-12-21 05:09:43,558 - INFO -   [LR] Tasa de aprendizaje actual: 0.000500
2025-12-21 05:09:43,562 - INFO -   [Mejora Loss] 1.2697 -> 1.2424. Reseteando paciencia.
2025-12-21 05:09:43,566 - INFO - Val Loss: 1.2424 Acc: 0.5680
2025-12-21 05:09:44,384 - INFO -   [Nuevo Récord Acc] Guardado en: models/sbtaylor_kan_tiny_imagenet\run_20251221_040900\best_model.pth
2025-12-21 05:09:44,388 - INFO - --- Época 76/250 ---
2025-12-21 05:11:18,025 - INFO - Train Loss: 1.3309 Acc: 0.5400
2025-12-21 05:11:20,067 - INFO -   [LR] Tasa de aprendizaje actual: 0.000500
2025-12-21 05:11:20,068 - INFO -   [Mejora Loss] 1.2424 -> 1.2329. Reseteando paciencia.
2025-12-21 05:11:20,070 - INFO - Val Loss: 1.2329 Acc: 0.5830
2025-12-21 05:11:20,509 - INFO -   [Nuevo Récord Acc] Guardado en: models/sbtaylor_kan_tiny_imagenet\run_20251221_040900\best_model.pth
2025-12-21 05:11:20,511 - INFO - --- Época 77/250 ---
2025-12-21 05:12:54,584 - INFO - Train Loss: 1.3101 Acc: 0.5590
2025-12-21 05:12:56,534 - INFO -   [LR] Tasa de aprendizaje actual: 0.000500
2025-12-21 05:12:56,535 - INFO -   [Mejora Loss] 1.2329 -> 1.2240. Reseteando paciencia.
2025-12-21 05:12:56,536 - INFO - Val Loss: 1.2240 Acc: 0.5590
2025-12-21 05:12:56,537 - INFO - --- Época 78/250 ---
2025-12-21 05:13:39,054 - INFO - Train Loss: 1.3041 Acc: 0.5513
2025-12-21 05:13:41,080 - INFO -   [LR] Tasa de aprendizaje actual: 0.000500
2025-12-21 05:13:41,081 - INFO -   [Sin mejora Loss] Paciencia: 1/20
2025-12-21 05:13:41,082 - INFO - Val Loss: 1.2355 Acc: 0.5620
2025-12-21 05:13:41,084 - INFO - --- Época 79/250 ---
2025-12-21 05:15:08,916 - INFO - Train Loss: 1.3188 Acc: 0.5585
2025-12-21 05:15:10,853 - INFO -   [LR] Tasa de aprendizaje actual: 0.000500
2025-12-21 05:15:10,854 - INFO -   [Mejora Loss] 1.2240 -> 1.2158. Reseteando paciencia.
2025-12-21 05:15:10,855 - INFO - Val Loss: 1.2158 Acc: 0.5700
2025-12-21 05:15:10,856 - INFO - --- Época 80/250 ---
2025-12-21 05:16:36,142 - INFO - Train Loss: 1.3081 Acc: 0.5605
2025-12-21 05:16:38,507 - INFO -   [LR] Tasa de aprendizaje actual: 0.000500
2025-12-21 05:16:38,508 - INFO -   [Sin mejora Loss] Paciencia: 1/20
2025-12-21 05:16:38,510 - INFO - Val Loss: 1.2308 Acc: 0.5750
2025-12-21 05:16:38,510 - INFO - --- Época 81/250 ---
2025-12-21 05:18:00,015 - INFO - Train Loss: 1.2839 Acc: 0.5575
2025-12-21 05:18:06,383 - INFO -   [LR] Tasa de aprendizaje actual: 0.000500
2025-12-21 05:18:06,384 - INFO -   [Mejora Loss] 1.2158 -> 1.2037. Reseteando paciencia.
2025-12-21 05:18:06,386 - INFO - Val Loss: 1.2037 Acc: 0.5890
2025-12-21 05:18:07,228 - INFO -   [Nuevo Récord Acc] Guardado en: models/sbtaylor_kan_tiny_imagenet\run_20251221_040900\best_model.pth
2025-12-21 05:18:07,229 - INFO - --- Época 82/250 ---
2025-12-21 05:19:25,754 - INFO - Train Loss: 1.2985 Acc: 0.5607
2025-12-21 05:19:31,822 - INFO -   [LR] Tasa de aprendizaje actual: 0.000500
2025-12-21 05:19:31,823 - INFO -   [Sin mejora Loss] Paciencia: 1/20
2025-12-21 05:19:31,825 - INFO - Val Loss: 1.2175 Acc: 0.5710
2025-12-21 05:19:31,827 - INFO - --- Época 83/250 ---
2025-12-21 05:20:51,056 - INFO - Train Loss: 1.2722 Acc: 0.5695
2025-12-21 05:20:57,113 - INFO -   [LR] Tasa de aprendizaje actual: 0.000500
2025-12-21 05:20:57,114 - INFO -   [Mejora Loss] 1.2037 -> 1.1850. Reseteando paciencia.
2025-12-21 05:20:57,115 - INFO - Val Loss: 1.1850 Acc: 0.5920
2025-12-21 05:20:57,878 - INFO -   [Nuevo Récord Acc] Guardado en: models/sbtaylor_kan_tiny_imagenet\run_20251221_040900\best_model.pth
2025-12-21 05:20:57,882 - INFO - --- Época 84/250 ---
2025-12-21 05:22:20,765 - INFO - Train Loss: 1.2737 Acc: 0.5640
2025-12-21 05:22:27,055 - INFO -   [LR] Tasa de aprendizaje actual: 0.000500
2025-12-21 05:22:27,059 - INFO -   [Sin mejora Loss] Paciencia: 1/20
2025-12-21 05:22:27,066 - INFO - Val Loss: 1.2490 Acc: 0.5670
2025-12-21 05:22:27,070 - INFO - --- Época 85/250 ---
2025-12-21 05:23:47,567 - INFO - Train Loss: 1.2856 Acc: 0.5607
2025-12-21 05:23:54,106 - INFO -   [LR] Tasa de aprendizaje actual: 0.000500
2025-12-21 05:23:54,107 - INFO -   [Sin mejora Loss] Paciencia: 2/20
2025-12-21 05:23:54,108 - INFO - Val Loss: 1.1998 Acc: 0.5880
2025-12-21 05:23:54,110 - INFO - --- Época 86/250 ---
2025-12-21 05:25:15,640 - INFO - Train Loss: 1.2879 Acc: 0.5630
2025-12-21 05:25:21,919 - INFO -   [LR] Tasa de aprendizaje actual: 0.000500
2025-12-21 05:25:21,921 - INFO -   [Mejora Loss] 1.1850 -> 1.1725. Reseteando paciencia.
2025-12-21 05:25:21,922 - INFO - Val Loss: 1.1725 Acc: 0.5980
2025-12-21 05:25:22,788 - INFO -   [Nuevo Récord Acc] Guardado en: models/sbtaylor_kan_tiny_imagenet\run_20251221_040900\best_model.pth
2025-12-21 05:25:22,790 - INFO - --- Época 87/250 ---
2025-12-21 05:26:46,765 - INFO - Train Loss: 1.2713 Acc: 0.5723
2025-12-21 05:26:53,480 - INFO -   [LR] Tasa de aprendizaje actual: 0.000500
2025-12-21 05:26:53,482 - INFO -   [Sin mejora Loss] Paciencia: 1/20
2025-12-21 05:26:53,484 - INFO - Val Loss: 1.1984 Acc: 0.5890
2025-12-21 05:26:53,488 - INFO - --- Época 88/250 ---
2025-12-21 05:28:18,082 - INFO - Train Loss: 1.2645 Acc: 0.5787
2025-12-21 05:28:25,038 - INFO -   [LR] Tasa de aprendizaje actual: 0.000500
2025-12-21 05:28:25,040 - INFO -   [Sin mejora Loss] Paciencia: 2/20
2025-12-21 05:28:25,042 - INFO - Val Loss: 1.1923 Acc: 0.5710
2025-12-21 05:28:25,045 - INFO - --- Época 89/250 ---
2025-12-21 05:29:49,891 - INFO - Train Loss: 1.2519 Acc: 0.5770
2025-12-21 05:29:56,179 - INFO -   [LR] Tasa de aprendizaje actual: 0.000500
2025-12-21 05:29:56,180 - INFO -   [Sin mejora Loss] Paciencia: 3/20
2025-12-21 05:29:56,181 - INFO - Val Loss: 1.1972 Acc: 0.5640
2025-12-21 05:29:56,182 - INFO - --- Época 90/250 ---
2025-12-21 05:30:56,604 - INFO - Train Loss: 1.2309 Acc: 0.5835
2025-12-21 05:30:58,380 - INFO -   [LR] Tasa de aprendizaje actual: 0.000500
2025-12-21 05:30:58,381 - INFO -   [Sin mejora Loss] Paciencia: 4/20
2025-12-21 05:30:58,382 - INFO - Val Loss: 1.1971 Acc: 0.5860
2025-12-21 05:30:58,383 - INFO - --- Época 91/250 ---
2025-12-21 05:31:38,778 - INFO - Train Loss: 1.2480 Acc: 0.5827
2025-12-21 05:31:40,668 - INFO -   [LR] Tasa de aprendizaje actual: 0.000500
2025-12-21 05:31:40,669 - INFO -   [Sin mejora Loss] Paciencia: 5/20
2025-12-21 05:31:40,671 - INFO - Val Loss: 1.1914 Acc: 0.5840
2025-12-21 05:31:40,677 - INFO - --- Época 92/250 ---
2025-12-21 05:32:21,675 - INFO - Train Loss: 1.2616 Acc: 0.5750
2025-12-21 05:32:23,468 - INFO -   [LR] Tasa de aprendizaje actual: 0.000250
2025-12-21 05:32:23,469 - INFO -   [Sin mejora Loss] Paciencia: 6/20
2025-12-21 05:32:23,470 - INFO - Val Loss: 1.1916 Acc: 0.6020
2025-12-21 05:32:23,901 - INFO -   [Nuevo Récord Acc] Guardado en: models/sbtaylor_kan_tiny_imagenet\run_20251221_040900\best_model.pth
2025-12-21 05:32:23,903 - INFO - --- Época 93/250 ---
2025-12-21 05:33:06,138 - INFO - Train Loss: 1.2169 Acc: 0.5873
2025-12-21 05:33:08,194 - INFO -   [LR] Tasa de aprendizaje actual: 0.000250
2025-12-21 05:33:08,195 - INFO -   [Mejora Loss] 1.1725 -> 1.1496. Reseteando paciencia.
2025-12-21 05:33:08,196 - INFO - Val Loss: 1.1496 Acc: 0.6150
2025-12-21 05:33:08,668 - INFO -   [Nuevo Récord Acc] Guardado en: models/sbtaylor_kan_tiny_imagenet\run_20251221_040900\best_model.pth
2025-12-21 05:33:08,670 - INFO - --- Época 94/250 ---
2025-12-21 05:33:50,837 - INFO - Train Loss: 1.1927 Acc: 0.6122
2025-12-21 05:33:52,685 - INFO -   [LR] Tasa de aprendizaje actual: 0.000250
2025-12-21 05:33:52,685 - INFO -   [Mejora Loss] 1.1496 -> 1.1411. Reseteando paciencia.
2025-12-21 05:33:52,687 - INFO - Val Loss: 1.1411 Acc: 0.5970
2025-12-21 05:33:52,688 - INFO - --- Época 95/250 ---
2025-12-21 05:34:34,480 - INFO - Train Loss: 1.1970 Acc: 0.6050
2025-12-21 05:34:36,481 - INFO -   [LR] Tasa de aprendizaje actual: 0.000250
2025-12-21 05:34:36,482 - INFO -   [Sin mejora Loss] Paciencia: 1/20
2025-12-21 05:34:36,483 - INFO - Val Loss: 1.1432 Acc: 0.6010
2025-12-21 05:34:36,484 - INFO - --- Época 96/250 ---
2025-12-21 05:35:20,414 - INFO - Train Loss: 1.2002 Acc: 0.6013
2025-12-21 05:35:23,882 - INFO -   [LR] Tasa de aprendizaje actual: 0.000250
2025-12-21 05:35:23,884 - INFO -   [Mejora Loss] 1.1411 -> 1.1402. Reseteando paciencia.
2025-12-21 05:35:23,885 - INFO - Val Loss: 1.1402 Acc: 0.6010
2025-12-21 05:35:23,888 - INFO - --- Época 97/250 ---
2025-12-21 05:36:11,561 - INFO - Train Loss: 1.1594 Acc: 0.6058
2025-12-21 05:36:13,548 - INFO -   [LR] Tasa de aprendizaje actual: 0.000250
2025-12-21 05:36:13,549 - INFO -   [Mejora Loss] 1.1402 -> 1.1373. Reseteando paciencia.
2025-12-21 05:36:13,550 - INFO - Val Loss: 1.1373 Acc: 0.6110
2025-12-21 05:36:13,551 - INFO - --- Época 98/250 ---
2025-12-21 05:36:56,471 - INFO - Train Loss: 1.1788 Acc: 0.5975
2025-12-21 05:36:59,390 - INFO -   [LR] Tasa de aprendizaje actual: 0.000250
2025-12-21 05:36:59,391 - INFO -   [Mejora Loss] 1.1373 -> 1.1237. Reseteando paciencia.
2025-12-21 05:36:59,392 - INFO - Val Loss: 1.1237 Acc: 0.6190
2025-12-21 05:37:00,002 - INFO -   [Nuevo Récord Acc] Guardado en: models/sbtaylor_kan_tiny_imagenet\run_20251221_040900\best_model.pth
2025-12-21 05:37:00,004 - INFO - --- Época 99/250 ---
2025-12-21 05:38:07,218 - INFO - Train Loss: 1.1711 Acc: 0.6130
2025-12-21 05:38:10,619 - INFO -   [LR] Tasa de aprendizaje actual: 0.000250
2025-12-21 05:38:10,621 - INFO -   [Mejora Loss] 1.1237 -> 1.1131. Reseteando paciencia.
2025-12-21 05:38:10,622 - INFO - Val Loss: 1.1131 Acc: 0.6180
2025-12-21 05:38:10,624 - INFO - --- Época 100/250 ---
2025-12-21 05:39:19,143 - INFO - Train Loss: 1.1532 Acc: 0.6105
2025-12-21 05:39:22,517 - INFO -   [LR] Tasa de aprendizaje actual: 0.000250
2025-12-21 05:39:22,518 - INFO -   [Sin mejora Loss] Paciencia: 1/20
2025-12-21 05:39:22,520 - INFO - Val Loss: 1.1213 Acc: 0.6110
2025-12-21 05:39:22,522 - INFO - --- Época 101/250 ---
2025-12-21 05:40:27,168 - INFO - Train Loss: 1.1765 Acc: 0.5998
2025-12-21 05:40:30,808 - INFO -   [LR] Tasa de aprendizaje actual: 0.000250
2025-12-21 05:40:30,809 - INFO -   [Sin mejora Loss] Paciencia: 2/20
2025-12-21 05:40:30,811 - INFO - Val Loss: 1.1145 Acc: 0.6210
2025-12-21 05:40:31,377 - INFO -   [Nuevo Récord Acc] Guardado en: models/sbtaylor_kan_tiny_imagenet\run_20251221_040900\best_model.pth
2025-12-21 05:40:31,379 - INFO - --- Época 102/250 ---
2025-12-21 05:41:34,854 - INFO - Train Loss: 1.1433 Acc: 0.6100
2025-12-21 05:41:38,322 - INFO -   [LR] Tasa de aprendizaje actual: 0.000250
2025-12-21 05:41:38,323 - INFO -   [Mejora Loss] 1.1131 -> 1.0899. Reseteando paciencia.
2025-12-21 05:41:38,324 - INFO - Val Loss: 1.0899 Acc: 0.6320
2025-12-21 05:41:38,830 - INFO -   [Nuevo Récord Acc] Guardado en: models/sbtaylor_kan_tiny_imagenet\run_20251221_040900\best_model.pth
2025-12-21 05:41:38,832 - INFO - --- Época 103/250 ---
2025-12-21 05:42:42,539 - INFO - Train Loss: 1.1627 Acc: 0.6095
2025-12-21 05:42:45,356 - INFO -   [LR] Tasa de aprendizaje actual: 0.000250
2025-12-21 05:42:45,357 - INFO -   [Sin mejora Loss] Paciencia: 1/20
2025-12-21 05:42:45,359 - INFO - Val Loss: 1.1012 Acc: 0.6320
2025-12-21 05:42:45,361 - INFO - --- Época 104/250 ---
2025-12-21 05:43:53,729 - INFO - Train Loss: 1.1704 Acc: 0.6142
2025-12-21 05:43:56,816 - INFO -   [LR] Tasa de aprendizaje actual: 0.000250
2025-12-21 05:43:56,818 - INFO -   [Mejora Loss] 1.0899 -> 1.0825. Reseteando paciencia.
2025-12-21 05:43:56,820 - INFO - Val Loss: 1.0825 Acc: 0.6350
2025-12-21 05:43:57,393 - INFO -   [Nuevo Récord Acc] Guardado en: models/sbtaylor_kan_tiny_imagenet\run_20251221_040900\best_model.pth
2025-12-21 05:43:57,394 - INFO - --- Época 105/250 ---
2025-12-21 05:45:04,429 - INFO - Train Loss: 1.1349 Acc: 0.6138
2025-12-21 05:45:06,421 - INFO -   [LR] Tasa de aprendizaje actual: 0.000250
2025-12-21 05:45:06,422 - INFO -   [Sin mejora Loss] Paciencia: 1/20
2025-12-21 05:45:06,423 - INFO - Val Loss: 1.1049 Acc: 0.6210
2025-12-21 05:45:06,424 - INFO - --- Época 106/250 ---
2025-12-21 05:45:47,240 - INFO - Train Loss: 1.1571 Acc: 0.6050
2025-12-21 05:45:49,045 - INFO -   [LR] Tasa de aprendizaje actual: 0.000250
2025-12-21 05:45:49,046 - INFO -   [Sin mejora Loss] Paciencia: 2/20
2025-12-21 05:45:49,047 - INFO - Val Loss: 1.1169 Acc: 0.6330
2025-12-21 05:45:49,048 - INFO - --- Época 107/250 ---
2025-12-21 05:46:30,261 - INFO - Train Loss: 1.1499 Acc: 0.6073
2025-12-21 05:46:32,317 - INFO -   [LR] Tasa de aprendizaje actual: 0.000250
2025-12-21 05:46:32,318 - INFO -   [Sin mejora Loss] Paciencia: 3/20
2025-12-21 05:46:32,319 - INFO - Val Loss: 1.1296 Acc: 0.6150
2025-12-21 05:46:32,321 - INFO - --- Época 108/250 ---
2025-12-21 05:47:13,914 - INFO - Train Loss: 1.1336 Acc: 0.6190
2025-12-21 05:47:15,815 - INFO -   [LR] Tasa de aprendizaje actual: 0.000250
2025-12-21 05:47:15,816 - INFO -   [Sin mejora Loss] Paciencia: 4/20
2025-12-21 05:47:15,817 - INFO - Val Loss: 1.1044 Acc: 0.6240
2025-12-21 05:47:15,818 - INFO - --- Época 109/250 ---
2025-12-21 05:47:56,425 - INFO - Train Loss: 1.1449 Acc: 0.6142
2025-12-21 05:47:58,248 - INFO -   [LR] Tasa de aprendizaje actual: 0.000250
2025-12-21 05:47:58,249 - INFO -   [Sin mejora Loss] Paciencia: 5/20
2025-12-21 05:47:58,250 - INFO - Val Loss: 1.1136 Acc: 0.6210
2025-12-21 05:47:58,251 - INFO - --- Época 110/250 ---
2025-12-21 05:48:38,735 - INFO - Train Loss: 1.1332 Acc: 0.6158
2025-12-21 05:48:40,586 - INFO -   [LR] Tasa de aprendizaje actual: 0.000125
2025-12-21 05:48:40,587 - INFO -   [Sin mejora Loss] Paciencia: 6/20
2025-12-21 05:48:40,588 - INFO - Val Loss: 1.1073 Acc: 0.6140
2025-12-21 05:48:40,589 - INFO - --- Época 111/250 ---
2025-12-21 05:49:21,265 - INFO - Train Loss: 1.0956 Acc: 0.6350
2025-12-21 05:49:23,173 - INFO -   [LR] Tasa de aprendizaje actual: 0.000125
2025-12-21 05:49:23,175 - INFO -   [Sin mejora Loss] Paciencia: 7/20
2025-12-21 05:49:23,176 - INFO - Val Loss: 1.0883 Acc: 0.6190
2025-12-21 05:49:23,177 - INFO - --- Época 112/250 ---
2025-12-21 05:50:04,180 - INFO - Train Loss: 1.0938 Acc: 0.6300
2025-12-21 05:50:06,023 - INFO -   [LR] Tasa de aprendizaje actual: 0.000125
2025-12-21 05:50:06,024 - INFO -   [Sin mejora Loss] Paciencia: 8/20
2025-12-21 05:50:06,025 - INFO - Val Loss: 1.0998 Acc: 0.6170
2025-12-21 05:50:06,031 - INFO - --- Época 113/250 ---
2025-12-21 05:50:47,026 - INFO - Train Loss: 1.0809 Acc: 0.6352
2025-12-21 05:50:48,824 - INFO -   [LR] Tasa de aprendizaje actual: 0.000125
2025-12-21 05:50:48,825 - INFO -   [Mejora Loss] 1.0825 -> 1.0811. Reseteando paciencia.
2025-12-21 05:50:48,826 - INFO - Val Loss: 1.0811 Acc: 0.6170
2025-12-21 05:50:48,827 - INFO - --- Época 114/250 ---
2025-12-21 05:51:31,703 - INFO - Train Loss: 1.0867 Acc: 0.6322
2025-12-21 05:51:33,487 - INFO -   [LR] Tasa de aprendizaje actual: 0.000125
2025-12-21 05:51:33,487 - INFO -   [Sin mejora Loss] Paciencia: 1/20
2025-12-21 05:51:33,488 - INFO - Val Loss: 1.1033 Acc: 0.6050
2025-12-21 05:51:33,489 - INFO - --- Época 115/250 ---
2025-12-21 05:52:14,032 - INFO - Train Loss: 1.0829 Acc: 0.6438
2025-12-21 05:52:15,975 - INFO -   [LR] Tasa de aprendizaje actual: 0.000125
2025-12-21 05:52:15,976 - INFO -   [Sin mejora Loss] Paciencia: 2/20
2025-12-21 05:52:15,977 - INFO - Val Loss: 1.0868 Acc: 0.6130
2025-12-21 05:52:15,978 - INFO - --- Época 116/250 ---
2025-12-21 05:52:56,419 - INFO - Train Loss: 1.0862 Acc: 0.6370
2025-12-21 05:52:58,223 - INFO -   [LR] Tasa de aprendizaje actual: 0.000125
2025-12-21 05:52:58,224 - INFO -   [Mejora Loss] 1.0811 -> 1.0733. Reseteando paciencia.
2025-12-21 05:52:58,225 - INFO - Val Loss: 1.0733 Acc: 0.6150
2025-12-21 05:52:58,226 - INFO - --- Época 117/250 ---
2025-12-21 05:53:38,598 - INFO - Train Loss: 1.0800 Acc: 0.6328
2025-12-21 05:53:40,531 - INFO -   [LR] Tasa de aprendizaje actual: 0.000125
2025-12-21 05:53:40,532 - INFO -   [Mejora Loss] 1.0733 -> 1.0707. Reseteando paciencia.
2025-12-21 05:53:40,533 - INFO - Val Loss: 1.0707 Acc: 0.6250
2025-12-21 05:53:40,534 - INFO - --- Época 118/250 ---
2025-12-21 05:54:20,733 - INFO - Train Loss: 1.0874 Acc: 0.6398
2025-12-21 05:54:22,637 - INFO -   [LR] Tasa de aprendizaje actual: 0.000125
2025-12-21 05:54:22,638 - INFO -   [Sin mejora Loss] Paciencia: 1/20
2025-12-21 05:54:22,639 - INFO - Val Loss: 1.0888 Acc: 0.6190
2025-12-21 05:54:22,640 - INFO - --- Época 119/250 ---
2025-12-21 05:55:03,228 - INFO - Train Loss: 1.0898 Acc: 0.6375
2025-12-21 05:55:05,028 - INFO -   [LR] Tasa de aprendizaje actual: 0.000125
2025-12-21 05:55:05,028 - INFO -   [Mejora Loss] 1.0707 -> 1.0635. Reseteando paciencia.
2025-12-21 05:55:05,029 - INFO - Val Loss: 1.0635 Acc: 0.6370
2025-12-21 05:55:05,445 - INFO -   [Nuevo Récord Acc] Guardado en: models/sbtaylor_kan_tiny_imagenet\run_20251221_040900\best_model.pth
2025-12-21 05:55:05,447 - INFO - --- Época 120/250 ---
2025-12-21 05:55:49,379 - INFO - Train Loss: 1.0674 Acc: 0.6485
2025-12-21 05:55:51,293 - INFO -   [LR] Tasa de aprendizaje actual: 0.000125
2025-12-21 05:55:51,294 - INFO -   [Sin mejora Loss] Paciencia: 1/20
2025-12-21 05:55:51,295 - INFO - Val Loss: 1.0863 Acc: 0.6250
2025-12-21 05:55:51,296 - INFO - --- Época 121/250 ---
2025-12-21 05:56:32,706 - INFO - Train Loss: 1.0920 Acc: 0.6340
2025-12-21 05:56:34,497 - INFO -   [LR] Tasa de aprendizaje actual: 0.000125
2025-12-21 05:56:34,498 - INFO -   [Sin mejora Loss] Paciencia: 2/20
2025-12-21 05:56:34,499 - INFO - Val Loss: 1.0928 Acc: 0.6230
2025-12-21 05:56:34,500 - INFO - --- Época 122/250 ---
2025-12-21 05:57:20,368 - INFO - Train Loss: 1.0697 Acc: 0.6482
2025-12-21 05:57:23,441 - INFO -   [LR] Tasa de aprendizaje actual: 0.000125
2025-12-21 05:57:23,442 - INFO -   [Sin mejora Loss] Paciencia: 3/20
2025-12-21 05:57:23,443 - INFO - Val Loss: 1.0706 Acc: 0.6320
2025-12-21 05:57:23,444 - INFO - --- Época 123/250 ---
2025-12-21 05:58:13,801 - INFO - Train Loss: 1.0585 Acc: 0.6465
2025-12-21 05:58:15,749 - INFO -   [LR] Tasa de aprendizaje actual: 0.000125
2025-12-21 05:58:15,749 - INFO -   [Sin mejora Loss] Paciencia: 4/20
2025-12-21 05:58:15,751 - INFO - Val Loss: 1.0807 Acc: 0.6240
2025-12-21 05:58:15,752 - INFO - --- Época 124/250 ---
2025-12-21 05:58:58,619 - INFO - Train Loss: 1.0683 Acc: 0.6380
2025-12-21 05:59:00,648 - INFO -   [LR] Tasa de aprendizaje actual: 0.000125
2025-12-21 05:59:00,649 - INFO -   [Sin mejora Loss] Paciencia: 5/20
2025-12-21 05:59:00,650 - INFO - Val Loss: 1.0747 Acc: 0.6430
2025-12-21 05:59:01,149 - INFO -   [Nuevo Récord Acc] Guardado en: models/sbtaylor_kan_tiny_imagenet\run_20251221_040900\best_model.pth
2025-12-21 05:59:01,150 - INFO - --- Época 125/250 ---
2025-12-21 05:59:53,060 - INFO - Train Loss: 1.0484 Acc: 0.6488
2025-12-21 05:59:55,153 - INFO -   [LR] Tasa de aprendizaje actual: 0.000063
2025-12-21 05:59:55,154 - INFO -   [Mejora Loss] 1.0635 -> 1.0635. Reseteando paciencia.
2025-12-21 05:59:55,155 - INFO - Val Loss: 1.0635 Acc: 0.6400
2025-12-21 05:59:55,159 - INFO - --- Época 126/250 ---
2025-12-21 06:00:58,972 - INFO - Train Loss: 1.0540 Acc: 0.6465
2025-12-21 06:01:02,299 - INFO -   [LR] Tasa de aprendizaje actual: 0.000063
2025-12-21 06:01:02,299 - INFO -   [Mejora Loss] 1.0635 -> 1.0508. Reseteando paciencia.
2025-12-21 06:01:02,300 - INFO - Val Loss: 1.0508 Acc: 0.6350
2025-12-21 06:01:02,302 - INFO - --- Época 127/250 ---
2025-12-21 06:02:10,890 - INFO - Train Loss: 1.0374 Acc: 0.6475
2025-12-21 06:02:14,289 - INFO -   [LR] Tasa de aprendizaje actual: 0.000063
2025-12-21 06:02:14,290 - INFO -   [Mejora Loss] 1.0508 -> 1.0480. Reseteando paciencia.
2025-12-21 06:02:14,291 - INFO - Val Loss: 1.0480 Acc: 0.6400
2025-12-21 06:02:14,296 - INFO - --- Época 128/250 ---
2025-12-21 06:03:18,514 - INFO - Train Loss: 1.0530 Acc: 0.6508
2025-12-21 06:03:22,155 - INFO -   [LR] Tasa de aprendizaje actual: 0.000063
2025-12-21 06:03:22,156 - INFO -   [Mejora Loss] 1.0480 -> 1.0433. Reseteando paciencia.
2025-12-21 06:03:22,158 - INFO - Val Loss: 1.0433 Acc: 0.6470
2025-12-21 06:03:22,778 - INFO -   [Nuevo Récord Acc] Guardado en: models/sbtaylor_kan_tiny_imagenet\run_20251221_040900\best_model.pth
2025-12-21 06:03:22,780 - INFO - --- Época 129/250 ---
2025-12-21 06:04:33,772 - INFO - Train Loss: 1.0270 Acc: 0.6505
2025-12-21 06:04:37,410 - INFO -   [LR] Tasa de aprendizaje actual: 0.000063
2025-12-21 06:04:37,411 - INFO -   [Sin mejora Loss] Paciencia: 1/20
2025-12-21 06:04:37,413 - INFO - Val Loss: 1.0460 Acc: 0.6340
2025-12-21 06:04:37,416 - INFO - --- Época 130/250 ---
2025-12-21 06:05:46,885 - INFO - Train Loss: 1.0581 Acc: 0.6468
2025-12-21 06:05:48,959 - INFO -   [LR] Tasa de aprendizaje actual: 0.000063
2025-12-21 06:05:48,960 - INFO -   [Sin mejora Loss] Paciencia: 2/20
2025-12-21 06:05:48,961 - INFO - Val Loss: 1.0553 Acc: 0.6390
2025-12-21 06:05:48,962 - INFO - --- Época 131/250 ---
2025-12-21 06:06:54,119 - INFO - Train Loss: 1.0220 Acc: 0.6575
2025-12-21 06:06:57,540 - INFO -   [LR] Tasa de aprendizaje actual: 0.000063
2025-12-21 06:06:57,541 - INFO -   [Mejora Loss] 1.0433 -> 1.0383. Reseteando paciencia.
2025-12-21 06:06:57,542 - INFO - Val Loss: 1.0383 Acc: 0.6390
2025-12-21 06:06:57,543 - INFO - --- Época 132/250 ---
2025-12-21 06:08:05,278 - INFO - Train Loss: 1.0293 Acc: 0.6512
2025-12-21 06:08:07,361 - INFO -   [LR] Tasa de aprendizaje actual: 0.000063
2025-12-21 06:08:07,362 - INFO -   [Sin mejora Loss] Paciencia: 1/20
2025-12-21 06:08:07,363 - INFO - Val Loss: 1.0459 Acc: 0.6390
2025-12-21 06:08:07,365 - INFO - --- Época 133/250 ---
2025-12-21 06:09:11,748 - INFO - Train Loss: 1.0339 Acc: 0.6460
2025-12-21 06:09:13,617 - INFO -   [LR] Tasa de aprendizaje actual: 0.000063
2025-12-21 06:09:13,618 - INFO -   [Sin mejora Loss] Paciencia: 2/20
2025-12-21 06:09:13,619 - INFO - Val Loss: 1.0466 Acc: 0.6280
2025-12-21 06:09:13,620 - INFO - --- Época 134/250 ---
2025-12-21 06:09:54,129 - INFO - Train Loss: 1.0213 Acc: 0.6648
2025-12-21 06:09:56,105 - INFO -   [LR] Tasa de aprendizaje actual: 0.000063
2025-12-21 06:09:56,107 - INFO -   [Sin mejora Loss] Paciencia: 3/20
2025-12-21 06:09:56,108 - INFO - Val Loss: 1.0412 Acc: 0.6490
2025-12-21 06:09:56,536 - INFO -   [Nuevo Récord Acc] Guardado en: models/sbtaylor_kan_tiny_imagenet\run_20251221_040900\best_model.pth
2025-12-21 06:09:56,537 - INFO - --- Época 135/250 ---
2025-12-21 06:10:37,137 - INFO - Train Loss: 1.0440 Acc: 0.6448
2025-12-21 06:10:39,047 - INFO -   [LR] Tasa de aprendizaje actual: 0.000063
2025-12-21 06:10:39,048 - INFO -   [Sin mejora Loss] Paciencia: 4/20
2025-12-21 06:10:39,048 - INFO - Val Loss: 1.0497 Acc: 0.6330
2025-12-21 06:10:39,050 - INFO - --- Época 136/250 ---
2025-12-21 06:11:22,674 - INFO - Train Loss: 1.0290 Acc: 0.6573
2025-12-21 06:11:24,713 - INFO -   [LR] Tasa de aprendizaje actual: 0.000063
2025-12-21 06:11:24,713 - INFO -   [Sin mejora Loss] Paciencia: 5/20
2025-12-21 06:11:24,715 - INFO - Val Loss: 1.0478 Acc: 0.6370
2025-12-21 06:11:24,715 - INFO - --- Época 137/250 ---
2025-12-21 06:12:06,020 - INFO - Train Loss: 1.0237 Acc: 0.6480
2025-12-21 06:12:07,891 - INFO -   [LR] Tasa de aprendizaje actual: 0.000031
2025-12-21 06:12:07,892 - INFO -   [Sin mejora Loss] Paciencia: 6/20
2025-12-21 06:12:07,892 - INFO - Val Loss: 1.0413 Acc: 0.6340
2025-12-21 06:12:07,893 - INFO - --- Época 138/250 ---
2025-12-21 06:12:49,054 - INFO - Train Loss: 1.0271 Acc: 0.6548
2025-12-21 06:12:50,858 - INFO -   [LR] Tasa de aprendizaje actual: 0.000031
2025-12-21 06:12:50,859 - INFO -   [Mejora Loss] 1.0383 -> 1.0371. Reseteando paciencia.
2025-12-21 06:12:50,860 - INFO - Val Loss: 1.0371 Acc: 0.6310
2025-12-21 06:12:50,861 - INFO - --- Época 139/250 ---
2025-12-21 06:13:31,958 - INFO - Train Loss: 1.0392 Acc: 0.6613
2025-12-21 06:13:33,732 - INFO -   [LR] Tasa de aprendizaje actual: 0.000031
2025-12-21 06:13:33,734 - INFO -   [Mejora Loss] 1.0371 -> 1.0355. Reseteando paciencia.
2025-12-21 06:13:33,735 - INFO - Val Loss: 1.0355 Acc: 0.6490
2025-12-21 06:13:33,737 - INFO - --- Época 140/250 ---
2025-12-21 06:14:17,385 - INFO - Train Loss: 1.0287 Acc: 0.6505
2025-12-21 06:14:19,436 - INFO -   [LR] Tasa de aprendizaje actual: 0.000031
2025-12-21 06:14:19,436 - INFO -   [Sin mejora Loss] Paciencia: 1/20
2025-12-21 06:14:19,438 - INFO - Val Loss: 1.0402 Acc: 0.6320
2025-12-21 06:14:19,444 - INFO - --- Época 141/250 ---
2025-12-21 06:15:28,980 - INFO - Train Loss: 1.0245 Acc: 0.6618
2025-12-21 06:15:32,850 - INFO -   [LR] Tasa de aprendizaje actual: 0.000031
2025-12-21 06:15:32,851 - INFO -   [Mejora Loss] 1.0355 -> 1.0346. Reseteando paciencia.
2025-12-21 06:15:32,852 - INFO - Val Loss: 1.0346 Acc: 0.6390
2025-12-21 06:15:32,854 - INFO - --- Época 142/250 ---
2025-12-21 06:16:39,432 - INFO - Train Loss: 1.0224 Acc: 0.6550
2025-12-21 06:16:41,417 - INFO -   [LR] Tasa de aprendizaje actual: 0.000031
2025-12-21 06:16:41,418 - INFO -   [Sin mejora Loss] Paciencia: 1/20
2025-12-21 06:16:41,419 - INFO - Val Loss: 1.0353 Acc: 0.6380
2025-12-21 06:16:41,420 - INFO - --- Época 143/250 ---
2025-12-21 06:17:49,904 - INFO - Train Loss: 1.0257 Acc: 0.6573
2025-12-21 06:17:53,565 - INFO -   [LR] Tasa de aprendizaje actual: 0.000031
2025-12-21 06:17:53,566 - INFO -   [Mejora Loss] 1.0346 -> 1.0330. Reseteando paciencia.
2025-12-21 06:17:53,567 - INFO - Val Loss: 1.0330 Acc: 0.6500
2025-12-21 06:17:54,108 - INFO -   [Nuevo Récord Acc] Guardado en: models/sbtaylor_kan_tiny_imagenet\run_20251221_040900\best_model.pth
2025-12-21 06:17:54,110 - INFO - --- Época 144/250 ---
2025-12-21 06:19:01,358 - INFO - Train Loss: 1.0106 Acc: 0.6580
2025-12-21 06:19:03,375 - INFO -   [LR] Tasa de aprendizaje actual: 0.000031
2025-12-21 06:19:03,376 - INFO -   [Sin mejora Loss] Paciencia: 1/20
2025-12-21 06:19:03,377 - INFO - Val Loss: 1.0433 Acc: 0.6460
2025-12-21 06:19:03,383 - INFO - --- Época 145/250 ---
2025-12-21 06:20:11,543 - INFO - Train Loss: 1.0116 Acc: 0.6663
2025-12-21 06:20:15,186 - INFO -   [LR] Tasa de aprendizaje actual: 0.000031
2025-12-21 06:20:15,187 - INFO -   [Sin mejora Loss] Paciencia: 2/20
2025-12-21 06:20:15,189 - INFO - Val Loss: 1.0389 Acc: 0.6440
2025-12-21 06:20:15,191 - INFO - --- Época 146/250 ---
2025-12-21 06:21:22,312 - INFO - Train Loss: 1.0186 Acc: 0.6530
2025-12-21 06:21:24,378 - INFO -   [LR] Tasa de aprendizaje actual: 0.000031
2025-12-21 06:21:24,378 - INFO -   [Sin mejora Loss] Paciencia: 3/20
2025-12-21 06:21:24,380 - INFO - Val Loss: 1.0333 Acc: 0.6470
2025-12-21 06:21:24,381 - INFO - --- Época 147/250 ---
2025-12-21 06:22:30,125 - INFO - Train Loss: 1.0149 Acc: 0.6555
2025-12-21 06:22:33,652 - INFO -   [LR] Tasa de aprendizaje actual: 0.000031
2025-12-21 06:22:33,654 - INFO -   [Mejora Loss] 1.0330 -> 1.0293. Reseteando paciencia.
2025-12-21 06:22:33,655 - INFO - Val Loss: 1.0293 Acc: 0.6540
2025-12-21 06:22:34,181 - INFO -   [Nuevo Récord Acc] Guardado en: models/sbtaylor_kan_tiny_imagenet\run_20251221_040900\best_model.pth
2025-12-21 06:22:34,182 - INFO - --- Época 148/250 ---
2025-12-21 06:23:37,715 - INFO - Train Loss: 1.0044 Acc: 0.6562
2025-12-21 06:23:39,679 - INFO -   [LR] Tasa de aprendizaje actual: 0.000031
2025-12-21 06:23:39,680 - INFO -   [Sin mejora Loss] Paciencia: 1/20
2025-12-21 06:23:39,681 - INFO - Val Loss: 1.0311 Acc: 0.6500
2025-12-21 06:23:39,682 - INFO - --- Época 149/250 ---
2025-12-21 06:24:42,868 - INFO - Train Loss: 1.0019 Acc: 0.6588
2025-12-21 06:24:44,932 - INFO -   [LR] Tasa de aprendizaje actual: 0.000031
2025-12-21 06:24:44,933 - INFO -   [Sin mejora Loss] Paciencia: 2/20
2025-12-21 06:24:44,934 - INFO - Val Loss: 1.0314 Acc: 0.6440
2025-12-21 06:24:44,940 - INFO - --- Época 150/250 ---
2025-12-21 06:25:46,068 - INFO - Train Loss: 0.9927 Acc: 0.6753
2025-12-21 06:25:47,886 - INFO -   [LR] Tasa de aprendizaje actual: 0.000031
2025-12-21 06:25:47,887 - INFO -   [Sin mejora Loss] Paciencia: 3/20
2025-12-21 06:25:47,888 - INFO - Val Loss: 1.0339 Acc: 0.6390
2025-12-21 06:25:47,889 - INFO - --- Época 151/250 ---
2025-12-21 06:26:28,350 - INFO - Train Loss: 1.0051 Acc: 0.6640
2025-12-21 06:26:30,268 - INFO -   [LR] Tasa de aprendizaje actual: 0.000031
2025-12-21 06:26:30,270 - INFO -   [Sin mejora Loss] Paciencia: 4/20
2025-12-21 06:26:30,272 - INFO - Val Loss: 1.0328 Acc: 0.6410
2025-12-21 06:26:30,272 - INFO - --- Época 152/250 ---
2025-12-21 06:27:10,747 - INFO - Train Loss: 0.9987 Acc: 0.6615
2025-12-21 06:27:12,689 - INFO -   [LR] Tasa de aprendizaje actual: 0.000031
2025-12-21 06:27:12,690 - INFO -   [Sin mejora Loss] Paciencia: 5/20
2025-12-21 06:27:12,691 - INFO - Val Loss: 1.0297 Acc: 0.6420
2025-12-21 06:27:12,692 - INFO - --- Época 153/250 ---
2025-12-21 06:28:01,146 - INFO - Train Loss: 1.0053 Acc: 0.6665
2025-12-21 06:28:03,220 - INFO -   [LR] Tasa de aprendizaje actual: 0.000016
2025-12-21 06:28:03,221 - INFO -   [Sin mejora Loss] Paciencia: 6/20
2025-12-21 06:28:03,223 - INFO - Val Loss: 1.0335 Acc: 0.6390
2025-12-21 06:28:03,227 - INFO - --- Época 154/250 ---
2025-12-21 06:29:05,523 - INFO - Train Loss: 1.0248 Acc: 0.6603
2025-12-21 06:29:08,452 - INFO -   [LR] Tasa de aprendizaje actual: 0.000016
2025-12-21 06:29:08,453 - INFO -   [Sin mejora Loss] Paciencia: 7/20
2025-12-21 06:29:08,455 - INFO - Val Loss: 1.0363 Acc: 0.6350
2025-12-21 06:29:08,457 - INFO - --- Época 155/250 ---
2025-12-21 06:30:17,064 - INFO - Train Loss: 1.0026 Acc: 0.6640
2025-12-21 06:30:19,780 - INFO -   [LR] Tasa de aprendizaje actual: 0.000016
2025-12-21 06:30:19,781 - INFO -   [Sin mejora Loss] Paciencia: 8/20
2025-12-21 06:30:19,782 - INFO - Val Loss: 1.0343 Acc: 0.6390
2025-12-21 06:30:19,783 - INFO - --- Época 156/250 ---
2025-12-21 06:31:18,973 - INFO - Train Loss: 1.0059 Acc: 0.6598
2025-12-21 06:31:21,365 - INFO -   [LR] Tasa de aprendizaje actual: 0.000016
2025-12-21 06:31:21,365 - INFO -   [Sin mejora Loss] Paciencia: 9/20
2025-12-21 06:31:21,367 - INFO - Val Loss: 1.0338 Acc: 0.6430
2025-12-21 06:31:21,368 - INFO - --- Época 157/250 ---
2025-12-21 06:32:25,650 - INFO - Train Loss: 0.9828 Acc: 0.6683
2025-12-21 06:32:29,083 - INFO -   [LR] Tasa de aprendizaje actual: 0.000016
2025-12-21 06:32:29,085 - INFO -   [Mejora Loss] 1.0293 -> 1.0285. Reseteando paciencia.
2025-12-21 06:32:29,088 - INFO - Val Loss: 1.0285 Acc: 0.6480
2025-12-21 06:32:29,090 - INFO - --- Época 158/250 ---
2025-12-21 06:33:37,684 - INFO - Train Loss: 0.9904 Acc: 0.6700
2025-12-21 06:33:41,123 - INFO -   [LR] Tasa de aprendizaje actual: 0.000016
2025-12-21 06:33:41,124 - INFO -   [Mejora Loss] 1.0285 -> 1.0262. Reseteando paciencia.
2025-12-21 06:33:41,126 - INFO - Val Loss: 1.0262 Acc: 0.6490
2025-12-21 06:33:41,127 - INFO - --- Época 159/250 ---
2025-12-21 06:34:30,565 - INFO - Train Loss: 1.0112 Acc: 0.6638
2025-12-21 06:34:32,410 - INFO -   [LR] Tasa de aprendizaje actual: 0.000016
2025-12-21 06:34:32,411 - INFO -   [Sin mejora Loss] Paciencia: 1/20
2025-12-21 06:34:32,411 - INFO - Val Loss: 1.0283 Acc: 0.6460
2025-12-21 06:34:32,413 - INFO - --- Época 160/250 ---
2025-12-21 06:35:18,536 - INFO - Train Loss: 0.9951 Acc: 0.6610
2025-12-21 06:35:22,021 - INFO -   [LR] Tasa de aprendizaje actual: 0.000016
2025-12-21 06:35:22,022 - INFO -   [Sin mejora Loss] Paciencia: 2/20
2025-12-21 06:35:22,023 - INFO - Val Loss: 1.0304 Acc: 0.6410
2025-12-21 06:35:22,025 - INFO - --- Época 161/250 ---
2025-12-21 06:36:30,575 - INFO - Train Loss: 1.0057 Acc: 0.6593
2025-12-21 06:36:32,580 - INFO -   [LR] Tasa de aprendizaje actual: 0.000016
2025-12-21 06:36:32,581 - INFO -   [Sin mejora Loss] Paciencia: 3/20
2025-12-21 06:36:32,582 - INFO - Val Loss: 1.0282 Acc: 0.6500
2025-12-21 06:36:32,584 - INFO - --- Época 162/250 ---
2025-12-21 06:37:36,716 - INFO - Train Loss: 1.0031 Acc: 0.6655
2025-12-21 06:37:38,756 - INFO -   [LR] Tasa de aprendizaje actual: 0.000016
2025-12-21 06:37:38,757 - INFO -   [Mejora Loss] 1.0262 -> 1.0260. Reseteando paciencia.
2025-12-21 06:37:38,758 - INFO - Val Loss: 1.0260 Acc: 0.6500
2025-12-21 06:37:38,759 - INFO - --- Época 163/250 ---
2025-12-21 06:38:36,644 - INFO - Train Loss: 1.0006 Acc: 0.6690
2025-12-21 06:38:40,393 - INFO -   [LR] Tasa de aprendizaje actual: 0.000016
2025-12-21 06:38:40,395 - INFO -   [Mejora Loss] 1.0260 -> 1.0259. Reseteando paciencia.
2025-12-21 06:38:40,396 - INFO - Val Loss: 1.0259 Acc: 0.6520
2025-12-21 06:38:40,398 - INFO - --- Época 164/250 ---
2025-12-21 06:39:43,768 - INFO - Train Loss: 0.9900 Acc: 0.6723
2025-12-21 06:39:46,918 - INFO -   [LR] Tasa de aprendizaje actual: 0.000016
2025-12-21 06:39:46,919 - INFO -   [Sin mejora Loss] Paciencia: 1/20
2025-12-21 06:39:46,920 - INFO - Val Loss: 1.0259 Acc: 0.6510
2025-12-21 06:39:46,925 - INFO - --- Época 165/250 ---
2025-12-21 06:40:58,609 - INFO - Train Loss: 0.9938 Acc: 0.6648
2025-12-21 06:41:01,398 - INFO -   [LR] Tasa de aprendizaje actual: 0.000016
2025-12-21 06:41:01,399 - INFO -   [Sin mejora Loss] Paciencia: 2/20
2025-12-21 06:41:01,400 - INFO - Val Loss: 1.0313 Acc: 0.6420
2025-12-21 06:41:01,401 - INFO - --- Época 166/250 ---
2025-12-21 06:41:50,200 - INFO - Train Loss: 0.9912 Acc: 0.6710
2025-12-21 06:41:52,065 - INFO -   [LR] Tasa de aprendizaje actual: 0.000016
2025-12-21 06:41:52,066 - INFO -   [Sin mejora Loss] Paciencia: 3/20
2025-12-21 06:41:52,067 - INFO - Val Loss: 1.0276 Acc: 0.6480
2025-12-21 06:41:52,068 - INFO - --- Época 167/250 ---
2025-12-21 06:42:33,450 - INFO - Train Loss: 0.9754 Acc: 0.6747
2025-12-21 06:42:35,219 - INFO -   [LR] Tasa de aprendizaje actual: 0.000016
2025-12-21 06:42:35,220 - INFO -   [Sin mejora Loss] Paciencia: 4/20
2025-12-21 06:42:35,221 - INFO - Val Loss: 1.0266 Acc: 0.6440
2025-12-21 06:42:35,222 - INFO - --- Época 168/250 ---
2025-12-21 06:43:18,031 - INFO - Train Loss: 0.9712 Acc: 0.6810
2025-12-21 06:43:19,813 - INFO -   [LR] Tasa de aprendizaje actual: 0.000016
2025-12-21 06:43:19,813 - INFO -   [Mejora Loss] 1.0259 -> 1.0227. Reseteando paciencia.
2025-12-21 06:43:19,814 - INFO - Val Loss: 1.0227 Acc: 0.6510
2025-12-21 06:43:19,815 - INFO - --- Época 169/250 ---
2025-12-21 06:44:00,924 - INFO - Train Loss: 0.9796 Acc: 0.6640
2025-12-21 06:44:02,822 - INFO -   [LR] Tasa de aprendizaje actual: 0.000016
2025-12-21 06:44:02,823 - INFO -   [Mejora Loss] 1.0227 -> 1.0207. Reseteando paciencia.
2025-12-21 06:44:02,824 - INFO - Val Loss: 1.0207 Acc: 0.6510
2025-12-21 06:44:02,826 - INFO - --- Época 170/250 ---
2025-12-21 06:44:44,376 - INFO - Train Loss: 0.9953 Acc: 0.6628
2025-12-21 06:44:46,408 - INFO -   [LR] Tasa de aprendizaje actual: 0.000016
2025-12-21 06:44:46,409 - INFO -   [Sin mejora Loss] Paciencia: 1/20
2025-12-21 06:44:46,410 - INFO - Val Loss: 1.0252 Acc: 0.6430
2025-12-21 06:44:46,414 - INFO - --- Época 171/250 ---
2025-12-21 06:45:29,117 - INFO - Train Loss: 0.9950 Acc: 0.6683
2025-12-21 06:45:30,964 - INFO -   [LR] Tasa de aprendizaje actual: 0.000016
2025-12-21 06:45:30,966 - INFO -   [Sin mejora Loss] Paciencia: 2/20
2025-12-21 06:45:30,967 - INFO - Val Loss: 1.0297 Acc: 0.6390
2025-12-21 06:45:30,968 - INFO - --- Época 172/250 ---
2025-12-21 06:47:13,462 - INFO - Train Loss: 0.9881 Acc: 0.6603
2025-12-21 06:47:23,868 - INFO -   [LR] Tasa de aprendizaje actual: 0.000016
2025-12-21 06:47:23,869 - INFO -   [Sin mejora Loss] Paciencia: 3/20
2025-12-21 06:47:23,873 - INFO - Val Loss: 1.0221 Acc: 0.6450
2025-12-21 06:47:23,879 - INFO - --- Época 173/250 ---
2025-12-21 06:50:47,244 - INFO - Train Loss: 0.9923 Acc: 0.6618
2025-12-21 06:51:20,097 - INFO -   [LR] Tasa de aprendizaje actual: 0.000016
2025-12-21 06:51:20,100 - INFO -   [Sin mejora Loss] Paciencia: 4/20
2025-12-21 06:51:20,106 - INFO - Val Loss: 1.0245 Acc: 0.6440
2025-12-21 06:51:20,113 - INFO - --- Época 174/250 ---
2025-12-21 06:55:55,510 - INFO - Train Loss: 0.9985 Acc: 0.6635
2025-12-21 06:56:14,938 - INFO -   [LR] Tasa de aprendizaje actual: 0.000016
2025-12-21 06:56:14,939 - INFO -   [Sin mejora Loss] Paciencia: 5/20
2025-12-21 06:56:14,940 - INFO - Val Loss: 1.0248 Acc: 0.6480
2025-12-21 06:56:14,941 - INFO - --- Época 175/250 ---
2025-12-21 07:01:20,218 - INFO - Train Loss: 1.0056 Acc: 0.6630
2025-12-21 07:01:49,623 - INFO -   [LR] Tasa de aprendizaje actual: 0.000008
2025-12-21 07:01:49,625 - INFO -   [Sin mejora Loss] Paciencia: 6/20
2025-12-21 07:01:49,631 - INFO - Val Loss: 1.0255 Acc: 0.6490
2025-12-21 07:01:49,636 - INFO - --- Época 176/250 ---
2025-12-21 07:06:48,619 - INFO - Train Loss: 0.9802 Acc: 0.6710
2025-12-21 07:07:08,440 - INFO -   [LR] Tasa de aprendizaje actual: 0.000008
2025-12-21 07:07:08,442 - INFO -   [Mejora Loss] 1.0207 -> 1.0204. Reseteando paciencia.
2025-12-21 07:07:08,447 - INFO - Val Loss: 1.0204 Acc: 0.6510
2025-12-21 07:07:08,455 - INFO - --- Época 177/250 ---
2025-12-21 07:12:15,939 - INFO - Train Loss: 0.9843 Acc: 0.6760
2025-12-21 07:12:31,937 - INFO -   [LR] Tasa de aprendizaje actual: 0.000008
2025-12-21 07:12:31,939 - INFO -   [Sin mejora Loss] Paciencia: 1/20
2025-12-21 07:12:31,941 - INFO - Val Loss: 1.0266 Acc: 0.6510
2025-12-21 07:12:31,946 - INFO - --- Época 178/250 ---
2025-12-21 07:14:36,458 - INFO - Train Loss: 0.9888 Acc: 0.6658
2025-12-21 07:14:38,255 - INFO -   [LR] Tasa de aprendizaje actual: 0.000008
2025-12-21 07:14:38,256 - INFO -   [Sin mejora Loss] Paciencia: 2/20
2025-12-21 07:14:38,257 - INFO - Val Loss: 1.0274 Acc: 0.6480
2025-12-21 07:14:38,258 - INFO - --- Época 179/250 ---
2025-12-21 07:15:18,400 - INFO - Train Loss: 0.9916 Acc: 0.6643
2025-12-21 07:15:20,178 - INFO -   [LR] Tasa de aprendizaje actual: 0.000008
2025-12-21 07:15:20,179 - INFO -   [Sin mejora Loss] Paciencia: 3/20
2025-12-21 07:15:20,180 - INFO - Val Loss: 1.0265 Acc: 0.6450
2025-12-21 07:15:20,181 - INFO - --- Época 180/250 ---
2025-12-21 07:16:00,210 - INFO - Train Loss: 1.0045 Acc: 0.6558
2025-12-21 07:16:01,966 - INFO -   [LR] Tasa de aprendizaje actual: 0.000008
2025-12-21 07:16:01,967 - INFO -   [Sin mejora Loss] Paciencia: 4/20
2025-12-21 07:16:01,968 - INFO - Val Loss: 1.0222 Acc: 0.6440
2025-12-21 07:16:01,969 - INFO - --- Época 181/250 ---
2025-12-21 07:16:42,730 - INFO - Train Loss: 0.9898 Acc: 0.6710
2025-12-21 07:16:44,672 - INFO -   [LR] Tasa de aprendizaje actual: 0.000008
2025-12-21 07:16:44,673 - INFO -   [Sin mejora Loss] Paciencia: 5/20
2025-12-21 07:16:44,674 - INFO - Val Loss: 1.0267 Acc: 0.6520
2025-12-21 07:16:44,675 - INFO - --- Época 182/250 ---
2025-12-21 07:17:25,269 - INFO - Train Loss: 0.9876 Acc: 0.6755
2025-12-21 07:17:27,189 - INFO -   [LR] Tasa de aprendizaje actual: 0.000008
2025-12-21 07:17:27,190 - INFO -   [Mejora Loss] 1.0204 -> 1.0185. Reseteando paciencia.
2025-12-21 07:17:27,191 - INFO - Val Loss: 1.0185 Acc: 0.6520
2025-12-21 07:17:27,192 - INFO - --- Época 183/250 ---
2025-12-21 07:18:07,750 - INFO - Train Loss: 0.9721 Acc: 0.6683
2025-12-21 07:18:09,569 - INFO -   [LR] Tasa de aprendizaje actual: 0.000008
2025-12-21 07:18:09,570 - INFO -   [Sin mejora Loss] Paciencia: 1/20
2025-12-21 07:18:09,571 - INFO - Val Loss: 1.0193 Acc: 0.6500
2025-12-21 07:18:09,572 - INFO - --- Época 184/250 ---
2025-12-21 07:18:50,121 - INFO - Train Loss: 0.9971 Acc: 0.6710
2025-12-21 07:18:51,878 - INFO -   [LR] Tasa de aprendizaje actual: 0.000008
2025-12-21 07:18:51,879 - INFO -   [Sin mejora Loss] Paciencia: 2/20
2025-12-21 07:18:51,880 - INFO - Val Loss: 1.0204 Acc: 0.6510
2025-12-21 07:18:51,881 - INFO - --- Época 185/250 ---
2025-12-21 07:19:32,111 - INFO - Train Loss: 0.9794 Acc: 0.6713
2025-12-21 07:19:34,019 - INFO -   [LR] Tasa de aprendizaje actual: 0.000008
2025-12-21 07:19:34,020 - INFO -   [Sin mejora Loss] Paciencia: 3/20
2025-12-21 07:19:34,021 - INFO - Val Loss: 1.0203 Acc: 0.6480
2025-12-21 07:19:34,022 - INFO - --- Época 186/250 ---
2025-12-21 07:20:14,168 - INFO - Train Loss: 0.9645 Acc: 0.6803
2025-12-21 07:20:15,978 - INFO -   [LR] Tasa de aprendizaje actual: 0.000008
2025-12-21 07:20:15,979 - INFO -   [Sin mejora Loss] Paciencia: 4/20
2025-12-21 07:20:15,980 - INFO - Val Loss: 1.0191 Acc: 0.6470
2025-12-21 07:20:15,981 - INFO - --- Época 187/250 ---
2025-12-21 07:20:55,876 - INFO - Train Loss: 0.9856 Acc: 0.6660
2025-12-21 07:20:57,733 - INFO -   [LR] Tasa de aprendizaje actual: 0.000008
2025-12-21 07:20:57,734 - INFO -   [Mejora Loss] 1.0185 -> 1.0167. Reseteando paciencia.
2025-12-21 07:20:57,735 - INFO - Val Loss: 1.0167 Acc: 0.6590
2025-12-21 07:20:58,206 - INFO -   [Nuevo Récord Acc] Guardado en: models/sbtaylor_kan_tiny_imagenet\run_20251221_040900\best_model.pth
2025-12-21 07:20:58,207 - INFO - --- Época 188/250 ---
2025-12-21 07:21:38,687 - INFO - Train Loss: 0.9836 Acc: 0.6710
2025-12-21 07:21:40,558 - INFO -   [LR] Tasa de aprendizaje actual: 0.000008
2025-12-21 07:21:40,559 - INFO -   [Mejora Loss] 1.0167 -> 1.0165. Reseteando paciencia.
2025-12-21 07:21:40,560 - INFO - Val Loss: 1.0165 Acc: 0.6520
2025-12-21 07:21:40,561 - INFO - --- Época 189/250 ---
2025-12-21 07:22:20,465 - INFO - Train Loss: 0.9818 Acc: 0.6705
2025-12-21 07:22:22,253 - INFO -   [LR] Tasa de aprendizaje actual: 0.000008
2025-12-21 07:22:22,255 - INFO -   [Sin mejora Loss] Paciencia: 1/20
2025-12-21 07:22:22,256 - INFO - Val Loss: 1.0185 Acc: 0.6510
2025-12-21 07:22:22,257 - INFO - --- Época 190/250 ---
2025-12-21 07:23:02,067 - INFO - Train Loss: 1.0009 Acc: 0.6603
2025-12-21 07:23:03,963 - INFO -   [LR] Tasa de aprendizaje actual: 0.000008
2025-12-21 07:23:03,963 - INFO -   [Sin mejora Loss] Paciencia: 2/20
2025-12-21 07:23:03,965 - INFO - Val Loss: 1.0204 Acc: 0.6510
2025-12-21 07:23:03,966 - INFO - --- Época 191/250 ---
2025-12-21 07:23:43,871 - INFO - Train Loss: 1.0079 Acc: 0.6688
2025-12-21 07:23:45,643 - INFO -   [LR] Tasa de aprendizaje actual: 0.000008
2025-12-21 07:23:45,643 - INFO -   [Sin mejora Loss] Paciencia: 3/20
2025-12-21 07:23:45,644 - INFO - Val Loss: 1.0193 Acc: 0.6490
2025-12-21 07:23:45,645 - INFO - --- Época 192/250 ---
2025-12-21 07:24:25,578 - INFO - Train Loss: 1.0053 Acc: 0.6713
2025-12-21 07:24:27,529 - INFO -   [LR] Tasa de aprendizaje actual: 0.000008
2025-12-21 07:24:27,530 - INFO -   [Sin mejora Loss] Paciencia: 4/20
2025-12-21 07:24:27,531 - INFO - Val Loss: 1.0185 Acc: 0.6580
2025-12-21 07:24:27,532 - INFO - --- Época 193/250 ---
2025-12-21 07:25:07,792 - INFO - Train Loss: 0.9868 Acc: 0.6720
2025-12-21 07:25:09,716 - INFO -   [LR] Tasa de aprendizaje actual: 0.000008
2025-12-21 07:25:09,717 - INFO -   [Sin mejora Loss] Paciencia: 5/20
2025-12-21 07:25:09,718 - INFO - Val Loss: 1.0215 Acc: 0.6560
2025-12-21 07:25:09,719 - INFO - --- Época 194/250 ---
2025-12-21 07:25:50,318 - INFO - Train Loss: 0.9597 Acc: 0.6777
2025-12-21 07:25:52,206 - INFO -   [LR] Tasa de aprendizaje actual: 0.000004
2025-12-21 07:25:52,207 - INFO -   [Sin mejora Loss] Paciencia: 6/20
2025-12-21 07:25:52,209 - INFO - Val Loss: 1.0205 Acc: 0.6570
2025-12-21 07:25:52,210 - INFO - --- Época 195/250 ---
2025-12-21 07:26:32,615 - INFO - Train Loss: 0.9971 Acc: 0.6552
2025-12-21 07:26:34,402 - INFO -   [LR] Tasa de aprendizaje actual: 0.000004
2025-12-21 07:26:34,403 - INFO -   [Sin mejora Loss] Paciencia: 7/20
2025-12-21 07:26:34,404 - INFO - Val Loss: 1.0217 Acc: 0.6510
2025-12-21 07:26:34,405 - INFO - --- Época 196/250 ---
2025-12-21 07:27:14,638 - INFO - Train Loss: 0.9785 Acc: 0.6700
2025-12-21 07:27:16,583 - INFO -   [LR] Tasa de aprendizaje actual: 0.000004
2025-12-21 07:27:16,584 - INFO -   [Sin mejora Loss] Paciencia: 8/20
2025-12-21 07:27:16,585 - INFO - Val Loss: 1.0185 Acc: 0.6550
2025-12-21 07:27:16,586 - INFO - --- Época 197/250 ---
2025-12-21 07:27:57,176 - INFO - Train Loss: 0.9927 Acc: 0.6730
2025-12-21 07:27:59,098 - INFO -   [LR] Tasa de aprendizaje actual: 0.000004
2025-12-21 07:27:59,099 - INFO -   [Sin mejora Loss] Paciencia: 9/20
2025-12-21 07:27:59,100 - INFO - Val Loss: 1.0200 Acc: 0.6480
2025-12-21 07:27:59,101 - INFO - --- Época 198/250 ---
2025-12-21 07:28:39,106 - INFO - Train Loss: 0.9717 Acc: 0.6755
2025-12-21 07:28:41,043 - INFO -   [LR] Tasa de aprendizaje actual: 0.000004
2025-12-21 07:28:41,044 - INFO -   [Sin mejora Loss] Paciencia: 10/20
2025-12-21 07:28:41,045 - INFO - Val Loss: 1.0195 Acc: 0.6580
2025-12-21 07:28:41,047 - INFO - --- Época 199/250 ---
2025-12-21 07:29:21,678 - INFO - Train Loss: 0.9897 Acc: 0.6635
2025-12-21 07:29:23,651 - INFO -   [LR] Tasa de aprendizaje actual: 0.000004
2025-12-21 07:29:23,652 - INFO -   [Sin mejora Loss] Paciencia: 11/20
2025-12-21 07:29:23,653 - INFO - Val Loss: 1.0217 Acc: 0.6490
2025-12-21 07:29:23,654 - INFO - --- Época 200/250 ---
2025-12-21 07:30:03,775 - INFO - Train Loss: 0.9904 Acc: 0.6723
2025-12-21 07:30:05,595 - INFO -   [LR] Tasa de aprendizaje actual: 0.000002
2025-12-21 07:30:05,595 - INFO -   [Sin mejora Loss] Paciencia: 12/20
2025-12-21 07:30:05,596 - INFO - Val Loss: 1.0220 Acc: 0.6480
2025-12-21 07:30:05,597 - INFO - --- Época 201/250 ---
2025-12-21 07:30:45,608 - INFO - Train Loss: 0.9918 Acc: 0.6660
2025-12-21 07:30:47,568 - INFO -   [LR] Tasa de aprendizaje actual: 0.000002
2025-12-21 07:30:47,569 - INFO -   [Sin mejora Loss] Paciencia: 13/20
2025-12-21 07:30:47,570 - INFO - Val Loss: 1.0203 Acc: 0.6480
2025-12-21 07:30:47,571 - INFO - --- Época 202/250 ---
2025-12-21 07:31:27,727 - INFO - Train Loss: 0.9759 Acc: 0.6727
2025-12-21 07:31:29,597 - INFO -   [LR] Tasa de aprendizaje actual: 0.000002
2025-12-21 07:31:29,598 - INFO -   [Sin mejora Loss] Paciencia: 14/20
2025-12-21 07:31:29,599 - INFO - Val Loss: 1.0272 Acc: 0.6520
2025-12-21 07:31:29,601 - INFO - --- Época 203/250 ---
2025-12-21 07:32:10,091 - INFO - Train Loss: 0.9881 Acc: 0.6770
2025-12-21 07:32:11,920 - INFO -   [LR] Tasa de aprendizaje actual: 0.000002
2025-12-21 07:32:11,920 - INFO -   [Sin mejora Loss] Paciencia: 15/20
2025-12-21 07:32:11,921 - INFO - Val Loss: 1.0191 Acc: 0.6500
2025-12-21 07:32:11,922 - INFO - --- Época 204/250 ---
2025-12-21 07:32:51,821 - INFO - Train Loss: 0.9833 Acc: 0.6698
2025-12-21 07:32:53,753 - INFO -   [LR] Tasa de aprendizaje actual: 0.000002
2025-12-21 07:32:53,754 - INFO -   [Sin mejora Loss] Paciencia: 16/20
2025-12-21 07:32:53,755 - INFO - Val Loss: 1.0183 Acc: 0.6540
2025-12-21 07:32:53,756 - INFO - --- Época 205/250 ---
2025-12-21 07:33:34,045 - INFO - Train Loss: 0.9692 Acc: 0.6753
2025-12-21 07:33:35,882 - INFO -   [LR] Tasa de aprendizaje actual: 0.000002
2025-12-21 07:33:35,883 - INFO -   [Sin mejora Loss] Paciencia: 17/20
2025-12-21 07:33:35,884 - INFO - Val Loss: 1.0181 Acc: 0.6500
2025-12-21 07:33:35,884 - INFO - --- Época 206/250 ---
2025-12-21 07:34:15,902 - INFO - Train Loss: 0.9801 Acc: 0.6695
2025-12-21 07:34:17,870 - INFO -   [LR] Tasa de aprendizaje actual: 0.000001
2025-12-21 07:34:17,871 - INFO -   [Sin mejora Loss] Paciencia: 18/20
2025-12-21 07:34:17,872 - INFO - Val Loss: 1.0196 Acc: 0.6480
2025-12-21 07:34:17,873 - INFO - --- Época 207/250 ---
2025-12-21 07:34:58,451 - INFO - Train Loss: 0.9747 Acc: 0.6678
2025-12-21 07:35:00,369 - INFO -   [LR] Tasa de aprendizaje actual: 0.000001
2025-12-21 07:35:00,369 - INFO -   [Sin mejora Loss] Paciencia: 19/20
2025-12-21 07:35:00,371 - INFO - Val Loss: 1.0213 Acc: 0.6520
2025-12-21 07:35:00,372 - INFO - --- Época 208/250 ---
2025-12-21 07:35:40,684 - INFO - Train Loss: 0.9914 Acc: 0.6645
2025-12-21 07:35:42,616 - INFO -   [LR] Tasa de aprendizaje actual: 0.000001
2025-12-21 07:35:42,616 - INFO -   [Sin mejora Loss] Paciencia: 20/20
2025-12-21 07:35:42,618 - INFO - ¡EARLY STOPPING ACTIVADO!
2025-12-21 07:35:42,619 - INFO - Val Loss: 1.0209 Acc: 0.6480
2025-12-21 07:35:42,620 - INFO - Entrenamiento finalizado en 205m 41s
2025-12-21 07:35:42,621 - INFO - Mejor Val Acc lograda: 0.6590
2025-12-21 07:35:46,043 - INFO - Cargando el mejor modelo para la evaluación...
2025-12-21 07:35:47,047 - INFO - 
========================================
2025-12-21 07:35:47,050 - INFO - --- INICIANDO EVALUACIÓN EN TEST SET ---
2025-12-21 07:35:47,053 - INFO - ========================================
2025-12-21 07:35:49,122 - INFO - Calculando métricas estadísticas...
2025-12-21 07:35:49,131 - INFO - Generando matriz de confusión...
2025-12-21 07:35:49,521 - INFO - Gráfico guardado en: models/sbtaylor_kan_tiny_imagenet\run_20251221_040900\confusion_matrix.png
2025-12-21 07:35:49,522 - INFO - Escribiendo reporte final...
2025-12-21 07:35:49,536 - INFO - Reporte de texto guardado en: models/sbtaylor_kan_tiny_imagenet\run_20251221_040900\test_metrics_report.txt
2025-12-21 07:35:49,538 - INFO - --- EVALUACIÓN FINALIZADA ---
