2026-01-02 04:53:01,586 - INFO - Modelo SBTAYLOR_KAN.Net importado correctamente.
2026-01-02 04:53:01,587 - INFO - Los pesos del modelo se guardarán en: 'models/sbtaylor_kan_cotton\run_20260102_045301\sbtaylor_kan.best_weights.pth'
2026-01-02 04:53:01,588 - INFO - El registro de entrenamiento se guardará en: 'models/sbtaylor_kan_cotton\run_20260102_045301\training_run.log'
2026-01-02 04:53:01,616 - INFO - Versión de PyTorch: 2.9.0+cu126
2026-01-02 04:53:01,617 - INFO - ¿CUDA está disponible?: True
2026-01-02 04:53:01,618 - INFO - Versión de CUDA con la que PyTorch fue compilado: 12.6
2026-01-02 04:53:01,620 - INFO - Número de GPUs disponibles: 1
2026-01-02 04:53:01,624 - INFO - Nombre de la GPU actual: NVIDIA GeForce RTX 4090
2026-01-02 04:53:01,647 - INFO - --- Hyperparámetros de Entrenamiento ---
2026-01-02 04:53:01,648 - INFO - Batch Size: 64
2026-01-02 04:53:01,649 - INFO - Num Epochs: 150
2026-01-02 04:53:01,650 - INFO - Learning Rate: 0.0001
2026-01-02 04:53:01,682 - INFO - 
Cargando dataset de ./processed_dataset...
2026-01-02 04:53:01,702 - INFO - Clases detectadas: ['Aphids', 'Army worm', 'Bacterial Blight', 'Healthy', 'Powdery Mildew', 'Target spot']
2026-01-02 04:53:01,723 - INFO - 
Usando dispositivo: cuda
2026-01-02 04:53:02,997 - INFO - Iniciando entrenamiento por 150 épocas...
2026-01-02 04:53:02,998 - INFO - Paciencia configurada: 10 épocas.
2026-01-02 04:53:02,999 - INFO - --- Época 1/150 ---
2026-01-02 04:53:49,831 - INFO - Train Loss: 1.6968 Acc: 0.2710
2026-01-02 04:53:52,946 - INFO -   [LR] Tasa de aprendizaje actual: 0.000100
2026-01-02 04:53:52,947 - INFO -   [Mejora Loss] inf -> 1.5723. Reseteando paciencia.
2026-01-02 04:53:52,948 - INFO - Val Loss: 1.5723 Acc: 0.4174
2026-01-02 04:53:53,484 - INFO -   [Nuevo Récord Acc] Guardado en: models/sbtaylor_kan_cotton\run_20260102_045301\best_model.pth
2026-01-02 04:53:53,486 - INFO - --- Época 2/150 ---
2026-01-02 04:54:40,000 - INFO - Train Loss: 1.5295 Acc: 0.3697
2026-01-02 04:54:43,106 - INFO -   [LR] Tasa de aprendizaje actual: 0.000100
2026-01-02 04:54:43,107 - INFO -   [Mejora Loss] 1.5723 -> 1.4297. Reseteando paciencia.
2026-01-02 04:54:43,108 - INFO - Val Loss: 1.4297 Acc: 0.4762
2026-01-02 04:54:43,583 - INFO -   [Nuevo Récord Acc] Guardado en: models/sbtaylor_kan_cotton\run_20260102_045301\best_model.pth
2026-01-02 04:54:43,585 - INFO - --- Época 3/150 ---
2026-01-02 04:55:30,168 - INFO - Train Loss: 1.4052 Acc: 0.4444
2026-01-02 04:55:33,403 - INFO -   [LR] Tasa de aprendizaje actual: 0.000100
2026-01-02 04:55:33,404 - INFO -   [Mejora Loss] 1.4297 -> 1.3586. Reseteando paciencia.
2026-01-02 04:55:33,405 - INFO - Val Loss: 1.3586 Acc: 0.4762
2026-01-02 04:55:33,406 - INFO - --- Época 4/150 ---
2026-01-02 04:56:20,575 - INFO - Train Loss: 1.3252 Acc: 0.4868
2026-01-02 04:56:23,644 - INFO -   [LR] Tasa de aprendizaje actual: 0.000100
2026-01-02 04:56:23,645 - INFO -   [Mejora Loss] 1.3586 -> 1.2389. Reseteando paciencia.
2026-01-02 04:56:23,647 - INFO - Val Loss: 1.2389 Acc: 0.5658
2026-01-02 04:56:24,174 - INFO -   [Nuevo Récord Acc] Guardado en: models/sbtaylor_kan_cotton\run_20260102_045301\best_model.pth
2026-01-02 04:56:24,175 - INFO - --- Época 5/150 ---
2026-01-02 04:57:08,943 - INFO - Train Loss: 1.2626 Acc: 0.5203
2026-01-02 04:57:11,928 - INFO -   [LR] Tasa de aprendizaje actual: 0.000100
2026-01-02 04:57:11,929 - INFO -   [Mejora Loss] 1.2389 -> 1.2354. Reseteando paciencia.
2026-01-02 04:57:11,930 - INFO - Val Loss: 1.2354 Acc: 0.5630
2026-01-02 04:57:11,932 - INFO - --- Época 6/150 ---
2026-01-02 04:57:56,720 - INFO - Train Loss: 1.2327 Acc: 0.5356
2026-01-02 04:57:59,609 - INFO -   [LR] Tasa de aprendizaje actual: 0.000100
2026-01-02 04:57:59,610 - INFO -   [Mejora Loss] 1.2354 -> 1.1583. Reseteando paciencia.
2026-01-02 04:57:59,611 - INFO - Val Loss: 1.1583 Acc: 0.5882
2026-01-02 04:58:00,054 - INFO -   [Nuevo Récord Acc] Guardado en: models/sbtaylor_kan_cotton\run_20260102_045301\best_model.pth
2026-01-02 04:58:00,055 - INFO - --- Época 7/150 ---
2026-01-02 04:58:44,626 - INFO - Train Loss: 1.1685 Acc: 0.5648
2026-01-02 04:58:47,440 - INFO -   [LR] Tasa de aprendizaje actual: 0.000100
2026-01-02 04:58:47,441 - INFO -   [Mejora Loss] 1.1583 -> 1.1301. Reseteando paciencia.
2026-01-02 04:58:47,442 - INFO - Val Loss: 1.1301 Acc: 0.5854
2026-01-02 04:58:47,443 - INFO - --- Época 8/150 ---
2026-01-02 04:59:31,735 - INFO - Train Loss: 1.1027 Acc: 0.5869
2026-01-02 04:59:34,492 - INFO -   [LR] Tasa de aprendizaje actual: 0.000100
2026-01-02 04:59:34,493 - INFO -   [Mejora Loss] 1.1301 -> 1.0868. Reseteando paciencia.
2026-01-02 04:59:34,494 - INFO - Val Loss: 1.0868 Acc: 0.6078
2026-01-02 04:59:34,904 - INFO -   [Nuevo Récord Acc] Guardado en: models/sbtaylor_kan_cotton\run_20260102_045301\best_model.pth
2026-01-02 04:59:34,906 - INFO - --- Época 9/150 ---
2026-01-02 05:00:17,958 - INFO - Train Loss: 1.0966 Acc: 0.5851
2026-01-02 05:00:20,747 - INFO -   [LR] Tasa de aprendizaje actual: 0.000100
2026-01-02 05:00:20,748 - INFO -   [Mejora Loss] 1.0868 -> 1.0827. Reseteando paciencia.
2026-01-02 05:00:20,749 - INFO - Val Loss: 1.0827 Acc: 0.5742
2026-01-02 05:00:20,750 - INFO - --- Época 10/150 ---
2026-01-02 05:01:04,394 - INFO - Train Loss: 1.0359 Acc: 0.6075
2026-01-02 05:01:07,142 - INFO -   [LR] Tasa de aprendizaje actual: 0.000100
2026-01-02 05:01:07,143 - INFO -   [Mejora Loss] 1.0827 -> 1.0808. Reseteando paciencia.
2026-01-02 05:01:07,144 - INFO - Val Loss: 1.0808 Acc: 0.5938
2026-01-02 05:01:07,145 - INFO - --- Época 11/150 ---
2026-01-02 05:01:50,370 - INFO - Train Loss: 1.0088 Acc: 0.6264
2026-01-02 05:01:53,053 - INFO -   [LR] Tasa de aprendizaje actual: 0.000100
2026-01-02 05:01:53,054 - INFO -   [Mejora Loss] 1.0808 -> 0.9565. Reseteando paciencia.
2026-01-02 05:01:53,055 - INFO - Val Loss: 0.9565 Acc: 0.6443
2026-01-02 05:01:53,461 - INFO -   [Nuevo Récord Acc] Guardado en: models/sbtaylor_kan_cotton\run_20260102_045301\best_model.pth
2026-01-02 05:01:53,462 - INFO - --- Época 12/150 ---
2026-01-02 05:02:37,587 - INFO - Train Loss: 1.0006 Acc: 0.6335
2026-01-02 05:02:40,322 - INFO -   [LR] Tasa de aprendizaje actual: 0.000100
2026-01-02 05:02:40,323 - INFO -   [Sin mejora Loss] Paciencia: 1/10
2026-01-02 05:02:40,324 - INFO - Val Loss: 1.0393 Acc: 0.6246
2026-01-02 05:02:40,326 - INFO - --- Época 13/150 ---
2026-01-02 05:03:23,527 - INFO - Train Loss: 0.9595 Acc: 0.6464
2026-01-02 05:03:26,829 - INFO -   [LR] Tasa de aprendizaje actual: 0.000100
2026-01-02 05:03:26,830 - INFO -   [Mejora Loss] 0.9565 -> 0.9523. Reseteando paciencia.
2026-01-02 05:03:26,831 - INFO - Val Loss: 0.9523 Acc: 0.6303
2026-01-02 05:03:26,833 - INFO - --- Época 14/150 ---
2026-01-02 05:04:10,156 - INFO - Train Loss: 0.9511 Acc: 0.6428
2026-01-02 05:04:12,924 - INFO -   [LR] Tasa de aprendizaje actual: 0.000100
2026-01-02 05:04:12,925 - INFO -   [Mejora Loss] 0.9523 -> 0.9477. Reseteando paciencia.
2026-01-02 05:04:12,926 - INFO - Val Loss: 0.9477 Acc: 0.6611
2026-01-02 05:04:14,464 - INFO -   [Nuevo Récord Acc] Guardado en: models/sbtaylor_kan_cotton\run_20260102_045301\best_model.pth
2026-01-02 05:04:14,466 - INFO - --- Época 15/150 ---
2026-01-02 05:04:57,216 - INFO - Train Loss: 0.9039 Acc: 0.6595
2026-01-02 05:04:59,878 - INFO -   [LR] Tasa de aprendizaje actual: 0.000100
2026-01-02 05:04:59,879 - INFO -   [Sin mejora Loss] Paciencia: 1/10
2026-01-02 05:04:59,880 - INFO - Val Loss: 0.9631 Acc: 0.6331
2026-01-02 05:04:59,881 - INFO - --- Época 16/150 ---
2026-01-02 05:05:42,210 - INFO - Train Loss: 0.8794 Acc: 0.6798
2026-01-02 05:05:44,886 - INFO -   [LR] Tasa de aprendizaje actual: 0.000100
2026-01-02 05:05:44,887 - INFO -   [Sin mejora Loss] Paciencia: 2/10
2026-01-02 05:05:44,888 - INFO - Val Loss: 1.0174 Acc: 0.6078
2026-01-02 05:05:44,889 - INFO - --- Época 17/150 ---
2026-01-02 05:06:27,108 - INFO - Train Loss: 0.9209 Acc: 0.6745
2026-01-02 05:06:29,847 - INFO -   [LR] Tasa de aprendizaje actual: 0.000100
2026-01-02 05:06:29,848 - INFO -   [Mejora Loss] 0.9477 -> 0.9348. Reseteando paciencia.
2026-01-02 05:06:29,849 - INFO - Val Loss: 0.9348 Acc: 0.6246
2026-01-02 05:06:29,851 - INFO - --- Época 18/150 ---
2026-01-02 05:07:12,378 - INFO - Train Loss: 0.8628 Acc: 0.6870
2026-01-02 05:07:15,127 - INFO -   [LR] Tasa de aprendizaje actual: 0.000100
2026-01-02 05:07:15,127 - INFO -   [Sin mejora Loss] Paciencia: 1/10
2026-01-02 05:07:15,129 - INFO - Val Loss: 1.0146 Acc: 0.6134
2026-01-02 05:07:15,130 - INFO - --- Época 19/150 ---
2026-01-02 05:07:58,036 - INFO - Train Loss: 0.8771 Acc: 0.6788
2026-01-02 05:08:00,840 - INFO -   [LR] Tasa de aprendizaje actual: 0.000100
2026-01-02 05:08:00,841 - INFO -   [Mejora Loss] 0.9348 -> 0.8655. Reseteando paciencia.
2026-01-02 05:08:00,843 - INFO - Val Loss: 0.8655 Acc: 0.6863
2026-01-02 05:08:01,295 - INFO -   [Nuevo Récord Acc] Guardado en: models/sbtaylor_kan_cotton\run_20260102_045301\best_model.pth
2026-01-02 05:08:01,296 - INFO - --- Época 20/150 ---
2026-01-02 05:08:46,271 - INFO - Train Loss: 0.8292 Acc: 0.6944
2026-01-02 05:08:50,960 - INFO -   [LR] Tasa de aprendizaje actual: 0.000100
2026-01-02 05:08:50,961 - INFO -   [Mejora Loss] 0.8655 -> 0.8363. Reseteando paciencia.
2026-01-02 05:08:50,962 - INFO - Val Loss: 0.8363 Acc: 0.6695
2026-01-02 05:08:50,963 - INFO - --- Época 21/150 ---
2026-01-02 05:10:25,778 - INFO - Train Loss: 0.8151 Acc: 0.7009
2026-01-02 05:10:46,289 - INFO -   [LR] Tasa de aprendizaje actual: 0.000100
2026-01-02 05:10:46,291 - INFO -   [Sin mejora Loss] Paciencia: 1/10
2026-01-02 05:10:46,292 - INFO - Val Loss: 0.9342 Acc: 0.6415
2026-01-02 05:10:46,295 - INFO - --- Época 22/150 ---
2026-01-02 05:15:09,909 - INFO - Train Loss: 0.8517 Acc: 0.6984
2026-01-02 05:15:38,466 - INFO -   [LR] Tasa de aprendizaje actual: 0.000100
2026-01-02 05:15:38,469 - INFO -   [Sin mejora Loss] Paciencia: 2/10
2026-01-02 05:15:38,472 - INFO - Val Loss: 0.8702 Acc: 0.6779
2026-01-02 05:15:38,475 - INFO - --- Época 23/150 ---
2026-01-02 05:20:52,832 - INFO - Train Loss: 0.8194 Acc: 0.7048
2026-01-02 05:21:08,981 - INFO -   [LR] Tasa de aprendizaje actual: 0.000100
2026-01-02 05:21:08,982 - INFO -   [Mejora Loss] 0.8363 -> 0.8166. Reseteando paciencia.
2026-01-02 05:21:08,984 - INFO - Val Loss: 0.8166 Acc: 0.7227
2026-01-02 05:21:09,805 - INFO -   [Nuevo Récord Acc] Guardado en: models/sbtaylor_kan_cotton\run_20260102_045301\best_model.pth
2026-01-02 05:21:09,808 - INFO - --- Época 24/150 ---
2026-01-02 05:26:05,748 - INFO - Train Loss: 0.8429 Acc: 0.6959
2026-01-02 05:26:32,306 - INFO -   [LR] Tasa de aprendizaje actual: 0.000100
2026-01-02 05:26:32,308 - INFO -   [Sin mejora Loss] Paciencia: 1/10
2026-01-02 05:26:32,311 - INFO - Val Loss: 0.8785 Acc: 0.6639
2026-01-02 05:26:32,314 - INFO - --- Época 25/150 ---
2026-01-02 05:31:31,051 - INFO - Train Loss: 0.8122 Acc: 0.6966
2026-01-02 05:31:53,966 - INFO -   [LR] Tasa de aprendizaje actual: 0.000100
2026-01-02 05:31:53,968 - INFO -   [Sin mejora Loss] Paciencia: 2/10
2026-01-02 05:31:53,971 - INFO - Val Loss: 0.8837 Acc: 0.6611
2026-01-02 05:31:53,974 - INFO - --- Época 26/150 ---
2026-01-02 05:36:34,511 - INFO - Train Loss: 0.8018 Acc: 0.7066
2026-01-02 05:36:52,582 - INFO -   [LR] Tasa de aprendizaje actual: 0.000100
2026-01-02 05:36:52,582 - INFO -   [Sin mejora Loss] Paciencia: 3/10
2026-01-02 05:36:52,583 - INFO - Val Loss: 0.8747 Acc: 0.6863
2026-01-02 05:36:52,584 - INFO - --- Época 27/150 ---
2026-01-02 05:41:43,243 - INFO - Train Loss: 0.7622 Acc: 0.7251
2026-01-02 05:42:05,584 - INFO -   [LR] Tasa de aprendizaje actual: 0.000100
2026-01-02 05:42:05,585 - INFO -   [Mejora Loss] 0.8166 -> 0.7582. Reseteando paciencia.
2026-01-02 05:42:05,586 - INFO - Val Loss: 0.7582 Acc: 0.7563
2026-01-02 05:42:06,412 - INFO -   [Nuevo Récord Acc] Guardado en: models/sbtaylor_kan_cotton\run_20260102_045301\best_model.pth
2026-01-02 05:42:06,414 - INFO - --- Época 28/150 ---
2026-01-02 05:46:44,769 - INFO - Train Loss: 0.7792 Acc: 0.7212
2026-01-02 05:47:07,785 - INFO -   [LR] Tasa de aprendizaje actual: 0.000100
2026-01-02 05:47:07,786 - INFO -   [Sin mejora Loss] Paciencia: 1/10
2026-01-02 05:47:07,788 - INFO - Val Loss: 0.8714 Acc: 0.7087
2026-01-02 05:47:07,789 - INFO - --- Época 29/150 ---
2026-01-02 05:51:52,684 - INFO - Train Loss: 0.7803 Acc: 0.7197
2026-01-02 05:52:11,000 - INFO -   [LR] Tasa de aprendizaje actual: 0.000100
2026-01-02 05:52:11,002 - INFO -   [Sin mejora Loss] Paciencia: 2/10
2026-01-02 05:52:11,005 - INFO - Val Loss: 0.7786 Acc: 0.7283
2026-01-02 05:52:11,021 - INFO - --- Época 30/150 ---
2026-01-02 05:56:39,384 - INFO - Train Loss: 0.7630 Acc: 0.7308
2026-01-02 05:57:03,528 - INFO -   [LR] Tasa de aprendizaje actual: 0.000100
2026-01-02 05:57:03,531 - INFO -   [Sin mejora Loss] Paciencia: 3/10
2026-01-02 05:57:03,534 - INFO - Val Loss: 0.8243 Acc: 0.6891
2026-01-02 05:57:03,537 - INFO - --- Época 31/150 ---
2026-01-02 06:01:47,046 - INFO - Train Loss: 0.7755 Acc: 0.7208
2026-01-02 06:02:10,936 - INFO -   [LR] Tasa de aprendizaje actual: 0.000100
2026-01-02 06:02:10,938 - INFO -   [Sin mejora Loss] Paciencia: 4/10
2026-01-02 06:02:10,941 - INFO - Val Loss: 0.7754 Acc: 0.7171
2026-01-02 06:02:10,944 - INFO - --- Época 32/150 ---
2026-01-02 06:06:55,167 - INFO - Train Loss: 0.7635 Acc: 0.7236
2026-01-02 06:07:16,963 - INFO -   [LR] Tasa de aprendizaje actual: 0.000100
2026-01-02 06:07:16,966 - INFO -   [Sin mejora Loss] Paciencia: 5/10
2026-01-02 06:07:16,968 - INFO - Val Loss: 0.8056 Acc: 0.7059
2026-01-02 06:07:16,972 - INFO - --- Época 33/150 ---
2026-01-02 06:11:43,683 - INFO - Train Loss: 0.7334 Acc: 0.7386
2026-01-02 06:12:06,851 - INFO -   [LR] Tasa de aprendizaje actual: 0.000050
2026-01-02 06:12:06,852 - INFO -   [Sin mejora Loss] Paciencia: 6/10
2026-01-02 06:12:06,855 - INFO - Val Loss: 0.8107 Acc: 0.6947
2026-01-02 06:12:06,857 - INFO - --- Época 34/150 ---
2026-01-02 06:16:54,180 - INFO - Train Loss: 0.6452 Acc: 0.7803
2026-01-02 06:17:18,149 - INFO -   [LR] Tasa de aprendizaje actual: 0.000050
2026-01-02 06:17:18,153 - INFO -   [Mejora Loss] 0.7582 -> 0.7322. Reseteando paciencia.
2026-01-02 06:17:18,156 - INFO - Val Loss: 0.7322 Acc: 0.7507
2026-01-02 06:17:18,160 - INFO - --- Época 35/150 ---
2026-01-02 06:22:07,496 - INFO - Train Loss: 0.6376 Acc: 0.7660
2026-01-02 06:22:32,247 - INFO -   [LR] Tasa de aprendizaje actual: 0.000050
2026-01-02 06:22:32,248 - INFO -   [Sin mejora Loss] Paciencia: 1/10
2026-01-02 06:22:32,250 - INFO - Val Loss: 0.7629 Acc: 0.7395
2026-01-02 06:22:32,252 - INFO - --- Época 36/150 ---
2026-01-02 06:27:13,027 - INFO - Train Loss: 0.6443 Acc: 0.7650
2026-01-02 06:27:35,425 - INFO -   [LR] Tasa de aprendizaje actual: 0.000050
2026-01-02 06:27:35,426 - INFO -   [Mejora Loss] 0.7322 -> 0.6856. Reseteando paciencia.
2026-01-02 06:27:35,431 - INFO - Val Loss: 0.6856 Acc: 0.7535
2026-01-02 06:27:35,435 - INFO - --- Época 37/150 ---
2026-01-02 06:32:20,726 - INFO - Train Loss: 0.6266 Acc: 0.7806
2026-01-02 06:32:42,383 - INFO -   [LR] Tasa de aprendizaje actual: 0.000050
2026-01-02 06:32:42,385 - INFO -   [Mejora Loss] 0.6856 -> 0.6725. Reseteando paciencia.
2026-01-02 06:32:42,386 - INFO - Val Loss: 0.6725 Acc: 0.7675
2026-01-02 06:32:43,187 - INFO -   [Nuevo Récord Acc] Guardado en: models/sbtaylor_kan_cotton\run_20260102_045301\best_model.pth
2026-01-02 06:32:43,189 - INFO - --- Época 38/150 ---
2026-01-02 06:37:43,618 - INFO - Train Loss: 0.6002 Acc: 0.7885
2026-01-02 06:38:06,097 - INFO -   [LR] Tasa de aprendizaje actual: 0.000050
2026-01-02 06:38:06,099 - INFO -   [Mejora Loss] 0.6725 -> 0.6630. Reseteando paciencia.
2026-01-02 06:38:06,101 - INFO - Val Loss: 0.6630 Acc: 0.7591
2026-01-02 06:38:06,104 - INFO - --- Época 39/150 ---
2026-01-02 06:42:40,554 - INFO - Train Loss: 0.6114 Acc: 0.7792
2026-01-02 06:43:03,412 - INFO -   [LR] Tasa de aprendizaje actual: 0.000050
2026-01-02 06:43:03,414 - INFO -   [Sin mejora Loss] Paciencia: 1/10
2026-01-02 06:43:03,418 - INFO - Val Loss: 0.6744 Acc: 0.7563
2026-01-02 06:43:03,422 - INFO - --- Época 40/150 ---
2026-01-02 06:47:50,638 - INFO - Train Loss: 0.6137 Acc: 0.7838
2026-01-02 06:48:15,385 - INFO -   [LR] Tasa de aprendizaje actual: 0.000050
2026-01-02 06:48:15,386 - INFO -   [Sin mejora Loss] Paciencia: 2/10
2026-01-02 06:48:15,387 - INFO - Val Loss: 0.6931 Acc: 0.7479
2026-01-02 06:48:15,389 - INFO - --- Época 41/150 ---
2026-01-02 06:53:02,365 - INFO - Train Loss: 0.6193 Acc: 0.7835
2026-01-02 06:53:25,013 - INFO -   [LR] Tasa de aprendizaje actual: 0.000050
2026-01-02 06:53:25,029 - INFO -   [Mejora Loss] 0.6630 -> 0.6602. Reseteando paciencia.
2026-01-02 06:53:25,032 - INFO - Val Loss: 0.6602 Acc: 0.7731
2026-01-02 06:53:25,761 - INFO -   [Nuevo Récord Acc] Guardado en: models/sbtaylor_kan_cotton\run_20260102_045301\best_model.pth
2026-01-02 06:53:25,763 - INFO - --- Época 42/150 ---
2026-01-02 06:57:55,688 - INFO - Train Loss: 0.6010 Acc: 0.7924
2026-01-02 06:58:20,819 - INFO -   [LR] Tasa de aprendizaje actual: 0.000050
2026-01-02 06:58:20,821 - INFO -   [Mejora Loss] 0.6602 -> 0.6592. Reseteando paciencia.
2026-01-02 06:58:20,823 - INFO - Val Loss: 0.6592 Acc: 0.7647
2026-01-02 06:58:20,826 - INFO - --- Época 43/150 ---
2026-01-02 07:03:07,538 - INFO - Train Loss: 0.6084 Acc: 0.7810
2026-01-02 07:03:30,980 - INFO -   [LR] Tasa de aprendizaje actual: 0.000050
2026-01-02 07:03:30,982 - INFO -   [Mejora Loss] 0.6592 -> 0.6220. Reseteando paciencia.
2026-01-02 07:03:30,983 - INFO - Val Loss: 0.6220 Acc: 0.7983
2026-01-02 07:03:31,697 - INFO -   [Nuevo Récord Acc] Guardado en: models/sbtaylor_kan_cotton\run_20260102_045301\best_model.pth
2026-01-02 07:03:31,708 - INFO - --- Época 44/150 ---
2026-01-02 07:08:17,269 - INFO - Train Loss: 0.6054 Acc: 0.7920
2026-01-02 07:08:41,174 - INFO -   [LR] Tasa de aprendizaje actual: 0.000050
2026-01-02 07:08:41,175 - INFO -   [Sin mejora Loss] Paciencia: 1/10
2026-01-02 07:08:41,177 - INFO - Val Loss: 0.6555 Acc: 0.7787
2026-01-02 07:08:41,178 - INFO - --- Época 45/150 ---
2026-01-02 07:13:18,608 - INFO - Train Loss: 0.6176 Acc: 0.7863
2026-01-02 07:13:42,948 - INFO -   [LR] Tasa de aprendizaje actual: 0.000050
2026-01-02 07:13:42,949 - INFO -   [Sin mejora Loss] Paciencia: 2/10
2026-01-02 07:13:42,951 - INFO - Val Loss: 0.6588 Acc: 0.7787
2026-01-02 07:13:42,956 - INFO - --- Época 46/150 ---
2026-01-02 07:18:29,503 - INFO - Train Loss: 0.5871 Acc: 0.7870
2026-01-02 07:18:53,871 - INFO -   [LR] Tasa de aprendizaje actual: 0.000050
2026-01-02 07:18:53,872 - INFO -   [Sin mejora Loss] Paciencia: 3/10
2026-01-02 07:18:53,874 - INFO - Val Loss: 0.6817 Acc: 0.7395
2026-01-02 07:18:53,876 - INFO - --- Época 47/150 ---
2026-01-02 07:23:37,523 - INFO - Train Loss: 0.5903 Acc: 0.7956
2026-01-02 07:24:01,048 - INFO -   [LR] Tasa de aprendizaje actual: 0.000050
2026-01-02 07:24:01,050 - INFO -   [Sin mejora Loss] Paciencia: 4/10
2026-01-02 07:24:01,053 - INFO - Val Loss: 0.6440 Acc: 0.7703
2026-01-02 07:24:01,056 - INFO - --- Época 48/150 ---
2026-01-02 07:28:35,087 - INFO - Train Loss: 0.5918 Acc: 0.7906
2026-01-02 07:28:57,105 - INFO -   [LR] Tasa de aprendizaje actual: 0.000050
2026-01-02 07:28:57,108 - INFO -   [Mejora Loss] 0.6220 -> 0.6219. Reseteando paciencia.
2026-01-02 07:28:57,111 - INFO - Val Loss: 0.6219 Acc: 0.7955
2026-01-02 07:28:57,114 - INFO - --- Época 49/150 ---
2026-01-02 07:33:40,807 - INFO - Train Loss: 0.5638 Acc: 0.8098
2026-01-02 07:34:03,565 - INFO -   [LR] Tasa de aprendizaje actual: 0.000050
2026-01-02 07:34:03,567 - INFO -   [Mejora Loss] 0.6219 -> 0.6024. Reseteando paciencia.
2026-01-02 07:34:03,569 - INFO - Val Loss: 0.6024 Acc: 0.7955
2026-01-02 07:34:03,571 - INFO - --- Época 50/150 ---
2026-01-02 07:38:41,110 - INFO - Train Loss: 0.5669 Acc: 0.7942
2026-01-02 07:39:05,029 - INFO -   [LR] Tasa de aprendizaje actual: 0.000050
2026-01-02 07:39:05,031 - INFO -   [Sin mejora Loss] Paciencia: 1/10
2026-01-02 07:39:05,047 - INFO - Val Loss: 0.7350 Acc: 0.7311
2026-01-02 07:39:05,050 - INFO - --- Época 51/150 ---
2026-01-02 07:43:41,557 - INFO - Train Loss: 0.5735 Acc: 0.8020
2026-01-02 07:44:02,126 - INFO -   [LR] Tasa de aprendizaje actual: 0.000050
2026-01-02 07:44:02,138 - INFO -   [Sin mejora Loss] Paciencia: 2/10
2026-01-02 07:44:02,141 - INFO - Val Loss: 0.6182 Acc: 0.7955
2026-01-02 07:44:02,144 - INFO - --- Época 52/150 ---
2026-01-02 07:48:44,744 - INFO - Train Loss: 0.5748 Acc: 0.8073
2026-01-02 07:49:06,796 - INFO -   [LR] Tasa de aprendizaje actual: 0.000050
2026-01-02 07:49:06,798 - INFO -   [Mejora Loss] 0.6024 -> 0.6001. Reseteando paciencia.
2026-01-02 07:49:06,800 - INFO - Val Loss: 0.6001 Acc: 0.8095
2026-01-02 07:49:07,552 - INFO -   [Nuevo Récord Acc] Guardado en: models/sbtaylor_kan_cotton\run_20260102_045301\best_model.pth
2026-01-02 07:49:07,554 - INFO - --- Época 53/150 ---
2026-01-02 07:53:46,645 - INFO - Train Loss: 0.5616 Acc: 0.8077
2026-01-02 07:54:11,216 - INFO -   [LR] Tasa de aprendizaje actual: 0.000050
2026-01-02 07:54:11,218 - INFO -   [Mejora Loss] 0.6001 -> 0.5992. Reseteando paciencia.
2026-01-02 07:54:11,221 - INFO - Val Loss: 0.5992 Acc: 0.7983
2026-01-02 07:54:11,223 - INFO - --- Época 54/150 ---
2026-01-02 07:58:53,742 - INFO - Train Loss: 0.5528 Acc: 0.8041
2026-01-02 07:59:03,345 - INFO -   [LR] Tasa de aprendizaje actual: 0.000050
2026-01-02 07:59:03,346 - INFO -   [Sin mejora Loss] Paciencia: 1/10
2026-01-02 07:59:03,347 - INFO - Val Loss: 0.6827 Acc: 0.7507
2026-01-02 07:59:03,349 - INFO - --- Época 55/150 ---
2026-01-02 08:03:41,078 - INFO - Train Loss: 0.5572 Acc: 0.8127
2026-01-02 08:04:05,573 - INFO -   [LR] Tasa de aprendizaje actual: 0.000050
2026-01-02 08:04:05,575 - INFO -   [Sin mejora Loss] Paciencia: 2/10
2026-01-02 08:04:05,578 - INFO - Val Loss: 0.6402 Acc: 0.7871
2026-01-02 08:04:05,582 - INFO - --- Época 56/150 ---
2026-01-02 08:08:53,166 - INFO - Train Loss: 0.5560 Acc: 0.8116
2026-01-02 08:09:15,167 - INFO -   [LR] Tasa de aprendizaje actual: 0.000050
2026-01-02 08:09:15,169 - INFO -   [Sin mejora Loss] Paciencia: 3/10
2026-01-02 08:09:15,174 - INFO - Val Loss: 0.6086 Acc: 0.8011
2026-01-02 08:09:15,177 - INFO - --- Época 57/150 ---
2026-01-02 08:14:07,691 - INFO - Train Loss: 0.5365 Acc: 0.8152
2026-01-02 08:14:24,136 - INFO -   [LR] Tasa de aprendizaje actual: 0.000050
2026-01-02 08:14:24,137 - INFO -   [Sin mejora Loss] Paciencia: 4/10
2026-01-02 08:14:24,139 - INFO - Val Loss: 0.6380 Acc: 0.7787
2026-01-02 08:14:24,140 - INFO - --- Época 58/150 ---
2026-01-02 08:19:03,784 - INFO - Train Loss: 0.5316 Acc: 0.8180
2026-01-02 08:19:27,935 - INFO -   [LR] Tasa de aprendizaje actual: 0.000050
2026-01-02 08:19:27,937 - INFO -   [Sin mejora Loss] Paciencia: 5/10
2026-01-02 08:19:27,939 - INFO - Val Loss: 0.6721 Acc: 0.7507
2026-01-02 08:19:27,942 - INFO - --- Época 59/150 ---
2026-01-02 08:24:11,112 - INFO - Train Loss: 0.5542 Acc: 0.8034
2026-01-02 08:24:34,267 - INFO -   [LR] Tasa de aprendizaje actual: 0.000025
2026-01-02 08:24:34,269 - INFO -   [Sin mejora Loss] Paciencia: 6/10
2026-01-02 08:24:34,270 - INFO - Val Loss: 0.6054 Acc: 0.7899
2026-01-02 08:24:34,272 - INFO - --- Época 60/150 ---
2026-01-02 08:29:16,034 - INFO - Train Loss: 0.5098 Acc: 0.8340
2026-01-02 08:29:38,443 - INFO -   [LR] Tasa de aprendizaje actual: 0.000025
2026-01-02 08:29:38,444 - INFO -   [Mejora Loss] 0.5992 -> 0.5507. Reseteando paciencia.
2026-01-02 08:29:38,445 - INFO - Val Loss: 0.5507 Acc: 0.8235
2026-01-02 08:29:39,200 - INFO -   [Nuevo Récord Acc] Guardado en: models/sbtaylor_kan_cotton\run_20260102_045301\best_model.pth
2026-01-02 08:29:39,209 - INFO - --- Época 61/150 ---
2026-01-02 08:30:37,404 - INFO - Train Loss: 0.4762 Acc: 0.8380
2026-01-02 08:30:40,251 - INFO -   [LR] Tasa de aprendizaje actual: 0.000025
2026-01-02 08:30:40,252 - INFO -   [Sin mejora Loss] Paciencia: 1/10
2026-01-02 08:30:40,253 - INFO - Val Loss: 0.5864 Acc: 0.8067
2026-01-02 08:30:40,254 - INFO - --- Época 62/150 ---
2026-01-02 08:31:27,949 - INFO - Train Loss: 0.4964 Acc: 0.8344
2026-01-02 08:31:30,841 - INFO -   [LR] Tasa de aprendizaje actual: 0.000025
2026-01-02 08:31:30,842 - INFO -   [Sin mejora Loss] Paciencia: 2/10
2026-01-02 08:31:30,843 - INFO - Val Loss: 0.5899 Acc: 0.7927
2026-01-02 08:31:30,844 - INFO - --- Época 63/150 ---
2026-01-02 08:32:16,041 - INFO - Train Loss: 0.4777 Acc: 0.8387
2026-01-02 08:32:19,375 - INFO -   [LR] Tasa de aprendizaje actual: 0.000025
2026-01-02 08:32:19,377 - INFO -   [Sin mejora Loss] Paciencia: 3/10
2026-01-02 08:32:19,378 - INFO - Val Loss: 0.5560 Acc: 0.8067
2026-01-02 08:32:19,380 - INFO - --- Época 64/150 ---
2026-01-02 08:33:04,465 - INFO - Train Loss: 0.4815 Acc: 0.8476
2026-01-02 08:33:08,501 - INFO -   [LR] Tasa de aprendizaje actual: 0.000025
2026-01-02 08:33:08,502 - INFO -   [Mejora Loss] 0.5507 -> 0.5467. Reseteando paciencia.
2026-01-02 08:33:08,503 - INFO - Val Loss: 0.5467 Acc: 0.8123
2026-01-02 08:33:08,505 - INFO - --- Época 65/150 ---
2026-01-02 08:33:54,572 - INFO - Train Loss: 0.4763 Acc: 0.8387
2026-01-02 08:33:57,523 - INFO -   [LR] Tasa de aprendizaje actual: 0.000025
2026-01-02 08:33:57,524 - INFO -   [Mejora Loss] 0.5467 -> 0.5421. Reseteando paciencia.
2026-01-02 08:33:57,525 - INFO - Val Loss: 0.5421 Acc: 0.8291
2026-01-02 08:33:57,937 - INFO -   [Nuevo Récord Acc] Guardado en: models/sbtaylor_kan_cotton\run_20260102_045301\best_model.pth
2026-01-02 08:33:57,939 - INFO - --- Época 66/150 ---
2026-01-02 08:34:43,358 - INFO - Train Loss: 0.4876 Acc: 0.8369
2026-01-02 08:34:46,186 - INFO -   [LR] Tasa de aprendizaje actual: 0.000025
2026-01-02 08:34:46,187 - INFO -   [Sin mejora Loss] Paciencia: 1/10
2026-01-02 08:34:46,188 - INFO - Val Loss: 0.5581 Acc: 0.8235
2026-01-02 08:34:46,189 - INFO - --- Época 67/150 ---
2026-01-02 08:35:31,385 - INFO - Train Loss: 0.4700 Acc: 0.8465
2026-01-02 08:35:34,268 - INFO -   [LR] Tasa de aprendizaje actual: 0.000025
2026-01-02 08:35:34,268 - INFO -   [Mejora Loss] 0.5421 -> 0.5363. Reseteando paciencia.
2026-01-02 08:35:34,269 - INFO - Val Loss: 0.5363 Acc: 0.8235
2026-01-02 08:35:34,270 - INFO - --- Época 68/150 ---
2026-01-02 08:36:19,020 - INFO - Train Loss: 0.4567 Acc: 0.8479
2026-01-02 08:36:21,767 - INFO -   [LR] Tasa de aprendizaje actual: 0.000025
2026-01-02 08:36:21,768 - INFO -   [Mejora Loss] 0.5363 -> 0.5064. Reseteando paciencia.
2026-01-02 08:36:21,770 - INFO - Val Loss: 0.5064 Acc: 0.8263
2026-01-02 08:36:21,771 - INFO - --- Época 69/150 ---
2026-01-02 08:37:06,785 - INFO - Train Loss: 0.4756 Acc: 0.8351
2026-01-02 08:37:09,758 - INFO -   [LR] Tasa de aprendizaje actual: 0.000025
2026-01-02 08:37:09,759 - INFO -   [Sin mejora Loss] Paciencia: 1/10
2026-01-02 08:37:09,760 - INFO - Val Loss: 0.5798 Acc: 0.8039
2026-01-02 08:37:09,761 - INFO - --- Época 70/150 ---
2026-01-02 08:37:55,414 - INFO - Train Loss: 0.4580 Acc: 0.8472
2026-01-02 08:37:58,745 - INFO -   [LR] Tasa de aprendizaje actual: 0.000025
2026-01-02 08:37:58,746 - INFO -   [Sin mejora Loss] Paciencia: 2/10
2026-01-02 08:37:58,747 - INFO - Val Loss: 0.5390 Acc: 0.8235
2026-01-02 08:37:58,748 - INFO - --- Época 71/150 ---
2026-01-02 08:38:46,438 - INFO - Train Loss: 0.4374 Acc: 0.8454
2026-01-02 08:38:49,402 - INFO -   [LR] Tasa de aprendizaje actual: 0.000025
2026-01-02 08:38:49,403 - INFO -   [Sin mejora Loss] Paciencia: 3/10
2026-01-02 08:38:49,404 - INFO - Val Loss: 0.5355 Acc: 0.8179
2026-01-02 08:38:49,405 - INFO - --- Época 72/150 ---
2026-01-02 08:39:34,665 - INFO - Train Loss: 0.4695 Acc: 0.8415
2026-01-02 08:39:37,475 - INFO -   [LR] Tasa de aprendizaje actual: 0.000025
2026-01-02 08:39:37,477 - INFO -   [Sin mejora Loss] Paciencia: 4/10
2026-01-02 08:39:37,478 - INFO - Val Loss: 0.5585 Acc: 0.8011
2026-01-02 08:39:37,479 - INFO - --- Época 73/150 ---
2026-01-02 08:40:21,559 - INFO - Train Loss: 0.4700 Acc: 0.8376
2026-01-02 08:40:24,329 - INFO -   [LR] Tasa de aprendizaje actual: 0.000025
2026-01-02 08:40:24,330 - INFO -   [Sin mejora Loss] Paciencia: 5/10
2026-01-02 08:40:24,332 - INFO - Val Loss: 0.5159 Acc: 0.8347
2026-01-02 08:40:24,770 - INFO -   [Nuevo Récord Acc] Guardado en: models/sbtaylor_kan_cotton\run_20260102_045301\best_model.pth
2026-01-02 08:40:24,771 - INFO - --- Época 74/150 ---
2026-01-02 08:41:08,615 - INFO - Train Loss: 0.4590 Acc: 0.8451
2026-01-02 08:41:11,587 - INFO -   [LR] Tasa de aprendizaje actual: 0.000025
2026-01-02 08:41:11,588 - INFO -   [Mejora Loss] 0.5064 -> 0.5013. Reseteando paciencia.
2026-01-02 08:41:11,589 - INFO - Val Loss: 0.5013 Acc: 0.8375
2026-01-02 08:41:12,031 - INFO -   [Nuevo Récord Acc] Guardado en: models/sbtaylor_kan_cotton\run_20260102_045301\best_model.pth
2026-01-02 08:41:12,033 - INFO - --- Época 75/150 ---
2026-01-02 08:41:58,256 - INFO - Train Loss: 0.4481 Acc: 0.8454
2026-01-02 08:42:01,136 - INFO -   [LR] Tasa de aprendizaje actual: 0.000025
2026-01-02 08:42:01,137 - INFO -   [Sin mejora Loss] Paciencia: 1/10
2026-01-02 08:42:01,138 - INFO - Val Loss: 0.5100 Acc: 0.8319
2026-01-02 08:42:01,140 - INFO - --- Época 76/150 ---
2026-01-02 08:42:47,074 - INFO - Train Loss: 0.4420 Acc: 0.8551
2026-01-02 08:42:49,739 - INFO -   [LR] Tasa de aprendizaje actual: 0.000025
2026-01-02 08:42:49,740 - INFO -   [Sin mejora Loss] Paciencia: 2/10
2026-01-02 08:42:49,741 - INFO - Val Loss: 0.5291 Acc: 0.8319
2026-01-02 08:42:49,742 - INFO - --- Época 77/150 ---
2026-01-02 08:43:34,260 - INFO - Train Loss: 0.4468 Acc: 0.8472
2026-01-02 08:43:37,305 - INFO -   [LR] Tasa de aprendizaje actual: 0.000025
2026-01-02 08:43:37,306 - INFO -   [Sin mejora Loss] Paciencia: 3/10
2026-01-02 08:43:37,308 - INFO - Val Loss: 0.5755 Acc: 0.8039
2026-01-02 08:43:37,309 - INFO - --- Época 78/150 ---
2026-01-02 08:44:22,044 - INFO - Train Loss: 0.4293 Acc: 0.8547
2026-01-02 08:44:25,516 - INFO -   [LR] Tasa de aprendizaje actual: 0.000025
2026-01-02 08:44:25,517 - INFO -   [Sin mejora Loss] Paciencia: 4/10
2026-01-02 08:44:25,517 - INFO - Val Loss: 0.5690 Acc: 0.7983
2026-01-02 08:44:25,518 - INFO - --- Época 79/150 ---
2026-01-02 08:45:08,671 - INFO - Train Loss: 0.4281 Acc: 0.8579
2026-01-02 08:45:11,484 - INFO -   [LR] Tasa de aprendizaje actual: 0.000025
2026-01-02 08:45:11,485 - INFO -   [Sin mejora Loss] Paciencia: 5/10
2026-01-02 08:45:11,486 - INFO - Val Loss: 0.5387 Acc: 0.8375
2026-01-02 08:45:11,487 - INFO - --- Época 80/150 ---
2026-01-02 08:45:55,620 - INFO - Train Loss: 0.4212 Acc: 0.8568
2026-01-02 08:45:58,341 - INFO -   [LR] Tasa de aprendizaje actual: 0.000013
2026-01-02 08:45:58,342 - INFO -   [Sin mejora Loss] Paciencia: 6/10
2026-01-02 08:45:58,344 - INFO - Val Loss: 0.5866 Acc: 0.7843
2026-01-02 08:45:58,345 - INFO - --- Época 81/150 ---
2026-01-02 08:46:43,677 - INFO - Train Loss: 0.4255 Acc: 0.8551
2026-01-02 08:46:46,781 - INFO -   [LR] Tasa de aprendizaje actual: 0.000013
2026-01-02 08:46:46,782 - INFO -   [Mejora Loss] 0.5013 -> 0.4830. Reseteando paciencia.
2026-01-02 08:46:46,783 - INFO - Val Loss: 0.4830 Acc: 0.8487
2026-01-02 08:46:47,201 - INFO -   [Nuevo Récord Acc] Guardado en: models/sbtaylor_kan_cotton\run_20260102_045301\best_model.pth
2026-01-02 08:46:47,203 - INFO - --- Época 82/150 ---
2026-01-02 08:47:32,819 - INFO - Train Loss: 0.4082 Acc: 0.8647
2026-01-02 08:47:35,713 - INFO -   [LR] Tasa de aprendizaje actual: 0.000013
2026-01-02 08:47:35,714 - INFO -   [Sin mejora Loss] Paciencia: 1/10
2026-01-02 08:47:35,715 - INFO - Val Loss: 0.4979 Acc: 0.8319
2026-01-02 08:47:35,716 - INFO - --- Época 83/150 ---
2026-01-02 08:48:22,738 - INFO - Train Loss: 0.4024 Acc: 0.8739
2026-01-02 08:48:25,506 - INFO -   [LR] Tasa de aprendizaje actual: 0.000013
2026-01-02 08:48:25,507 - INFO -   [Sin mejora Loss] Paciencia: 2/10
2026-01-02 08:48:25,508 - INFO - Val Loss: 0.4865 Acc: 0.8431
2026-01-02 08:48:25,509 - INFO - --- Época 84/150 ---
2026-01-02 08:49:11,092 - INFO - Train Loss: 0.3955 Acc: 0.8729
2026-01-02 08:49:13,924 - INFO -   [LR] Tasa de aprendizaje actual: 0.000013
2026-01-02 08:49:13,925 - INFO -   [Mejora Loss] 0.4830 -> 0.4700. Reseteando paciencia.
2026-01-02 08:49:13,926 - INFO - Val Loss: 0.4700 Acc: 0.8431
2026-01-02 08:49:13,927 - INFO - --- Época 85/150 ---
2026-01-02 08:50:00,590 - INFO - Train Loss: 0.3981 Acc: 0.8686
2026-01-02 08:50:03,439 - INFO -   [LR] Tasa de aprendizaje actual: 0.000013
2026-01-02 08:50:03,441 - INFO -   [Sin mejora Loss] Paciencia: 1/10
2026-01-02 08:50:03,442 - INFO - Val Loss: 0.4752 Acc: 0.8459
2026-01-02 08:50:03,443 - INFO - --- Época 86/150 ---
2026-01-02 08:50:48,690 - INFO - Train Loss: 0.3929 Acc: 0.8704
2026-01-02 08:50:52,134 - INFO -   [LR] Tasa de aprendizaje actual: 0.000013
2026-01-02 08:50:52,135 - INFO -   [Sin mejora Loss] Paciencia: 2/10
2026-01-02 08:50:52,137 - INFO - Val Loss: 0.4801 Acc: 0.8403
2026-01-02 08:50:52,138 - INFO - --- Época 87/150 ---
2026-01-02 08:51:37,798 - INFO - Train Loss: 0.4052 Acc: 0.8675
2026-01-02 08:51:40,680 - INFO -   [LR] Tasa de aprendizaje actual: 0.000013
2026-01-02 08:51:40,680 - INFO -   [Mejora Loss] 0.4700 -> 0.4567. Reseteando paciencia.
2026-01-02 08:51:40,681 - INFO - Val Loss: 0.4567 Acc: 0.8431
2026-01-02 08:51:40,683 - INFO - --- Época 88/150 ---
2026-01-02 08:52:26,449 - INFO - Train Loss: 0.4093 Acc: 0.8707
2026-01-02 08:52:29,338 - INFO -   [LR] Tasa de aprendizaje actual: 0.000013
2026-01-02 08:52:29,338 - INFO -   [Sin mejora Loss] Paciencia: 1/10
2026-01-02 08:52:29,340 - INFO - Val Loss: 0.4802 Acc: 0.8375
2026-01-02 08:52:29,341 - INFO - --- Época 89/150 ---
2026-01-02 08:53:13,960 - INFO - Train Loss: 0.4059 Acc: 0.8682
2026-01-02 08:53:16,707 - INFO -   [LR] Tasa de aprendizaje actual: 0.000013
2026-01-02 08:53:16,708 - INFO -   [Sin mejora Loss] Paciencia: 2/10
2026-01-02 08:53:16,709 - INFO - Val Loss: 0.4640 Acc: 0.8515
2026-01-02 08:53:17,118 - INFO -   [Nuevo Récord Acc] Guardado en: models/sbtaylor_kan_cotton\run_20260102_045301\best_model.pth
2026-01-02 08:53:17,120 - INFO - --- Época 90/150 ---
2026-01-02 08:54:03,439 - INFO - Train Loss: 0.3915 Acc: 0.8768
2026-01-02 08:54:06,272 - INFO -   [LR] Tasa de aprendizaje actual: 0.000013
2026-01-02 08:54:06,273 - INFO -   [Sin mejora Loss] Paciencia: 3/10
2026-01-02 08:54:06,274 - INFO - Val Loss: 0.4764 Acc: 0.8347
2026-01-02 08:54:06,276 - INFO - --- Época 91/150 ---
2026-01-02 08:54:51,487 - INFO - Train Loss: 0.4027 Acc: 0.8693
2026-01-02 08:54:54,308 - INFO -   [LR] Tasa de aprendizaje actual: 0.000013
2026-01-02 08:54:54,310 - INFO -   [Sin mejora Loss] Paciencia: 4/10
2026-01-02 08:54:54,313 - INFO - Val Loss: 0.4892 Acc: 0.8319
2026-01-02 08:54:54,314 - INFO - --- Época 92/150 ---
2026-01-02 08:55:40,279 - INFO - Train Loss: 0.3956 Acc: 0.8736
2026-01-02 08:55:44,145 - INFO -   [LR] Tasa de aprendizaje actual: 0.000013
2026-01-02 08:55:44,146 - INFO -   [Sin mejora Loss] Paciencia: 5/10
2026-01-02 08:55:44,147 - INFO - Val Loss: 0.4674 Acc: 0.8459
2026-01-02 08:55:44,148 - INFO - --- Época 93/150 ---
2026-01-02 08:56:30,270 - INFO - Train Loss: 0.3944 Acc: 0.8682
2026-01-02 08:56:33,182 - INFO -   [LR] Tasa de aprendizaje actual: 0.000006
2026-01-02 08:56:33,183 - INFO -   [Sin mejora Loss] Paciencia: 6/10
2026-01-02 08:56:33,184 - INFO - Val Loss: 0.4624 Acc: 0.8431
2026-01-02 08:56:33,185 - INFO - --- Época 94/150 ---
2026-01-02 08:57:18,019 - INFO - Train Loss: 0.3670 Acc: 0.8782
2026-01-02 08:57:20,884 - INFO -   [LR] Tasa de aprendizaje actual: 0.000006
2026-01-02 08:57:20,884 - INFO -   [Mejora Loss] 0.4567 -> 0.4409. Reseteando paciencia.
2026-01-02 08:57:20,885 - INFO - Val Loss: 0.4409 Acc: 0.8543
2026-01-02 08:57:21,294 - INFO -   [Nuevo Récord Acc] Guardado en: models/sbtaylor_kan_cotton\run_20260102_045301\best_model.pth
2026-01-02 08:57:21,295 - INFO - --- Época 95/150 ---
2026-01-02 08:58:06,468 - INFO - Train Loss: 0.3716 Acc: 0.8825
2026-01-02 08:58:09,223 - INFO -   [LR] Tasa de aprendizaje actual: 0.000006
2026-01-02 08:58:09,224 - INFO -   [Sin mejora Loss] Paciencia: 1/10
2026-01-02 08:58:09,225 - INFO - Val Loss: 0.4584 Acc: 0.8403
2026-01-02 08:58:09,226 - INFO - --- Época 96/150 ---
2026-01-02 08:58:54,114 - INFO - Train Loss: 0.3698 Acc: 0.8803
2026-01-02 08:58:57,037 - INFO -   [LR] Tasa de aprendizaje actual: 0.000006
2026-01-02 08:58:57,038 - INFO -   [Sin mejora Loss] Paciencia: 2/10
2026-01-02 08:58:57,039 - INFO - Val Loss: 0.4595 Acc: 0.8431
2026-01-02 08:58:57,041 - INFO - --- Época 97/150 ---
2026-01-02 08:59:43,068 - INFO - Train Loss: 0.3813 Acc: 0.8761
2026-01-02 08:59:45,938 - INFO -   [LR] Tasa de aprendizaje actual: 0.000006
2026-01-02 08:59:45,939 - INFO -   [Sin mejora Loss] Paciencia: 3/10
2026-01-02 08:59:45,941 - INFO - Val Loss: 0.4525 Acc: 0.8515
2026-01-02 08:59:45,944 - INFO - --- Época 98/150 ---
2026-01-02 09:00:31,996 - INFO - Train Loss: 0.3723 Acc: 0.8835
2026-01-02 09:00:34,933 - INFO -   [LR] Tasa de aprendizaje actual: 0.000006
2026-01-02 09:00:34,933 - INFO -   [Sin mejora Loss] Paciencia: 4/10
2026-01-02 09:00:34,935 - INFO - Val Loss: 0.4600 Acc: 0.8599
2026-01-02 09:00:35,337 - INFO -   [Nuevo Récord Acc] Guardado en: models/sbtaylor_kan_cotton\run_20260102_045301\best_model.pth
2026-01-02 09:00:35,338 - INFO - --- Época 99/150 ---
2026-01-02 09:01:20,641 - INFO - Train Loss: 0.3669 Acc: 0.8839
2026-01-02 09:01:23,537 - INFO -   [LR] Tasa de aprendizaje actual: 0.000006
2026-01-02 09:01:23,537 - INFO -   [Sin mejora Loss] Paciencia: 5/10
2026-01-02 09:01:23,539 - INFO - Val Loss: 0.4515 Acc: 0.8599
2026-01-02 09:01:23,541 - INFO - --- Época 100/150 ---
2026-01-02 09:02:07,249 - INFO - Train Loss: 0.3759 Acc: 0.8843
2026-01-02 09:02:10,153 - INFO -   [LR] Tasa de aprendizaje actual: 0.000003
2026-01-02 09:02:10,154 - INFO -   [Sin mejora Loss] Paciencia: 6/10
2026-01-02 09:02:10,155 - INFO - Val Loss: 0.4439 Acc: 0.8599
2026-01-02 09:02:10,156 - INFO - --- Época 101/150 ---
2026-01-02 09:02:55,915 - INFO - Train Loss: 0.3618 Acc: 0.8853
2026-01-02 09:02:59,678 - INFO -   [LR] Tasa de aprendizaje actual: 0.000003
2026-01-02 09:02:59,679 - INFO -   [Sin mejora Loss] Paciencia: 7/10
2026-01-02 09:02:59,680 - INFO - Val Loss: 0.4472 Acc: 0.8627
2026-01-02 09:03:04,616 - INFO -   [Nuevo Récord Acc] Guardado en: models/sbtaylor_kan_cotton\run_20260102_045301\best_model.pth
2026-01-02 09:03:04,617 - INFO - --- Época 102/150 ---
2026-01-02 09:03:50,625 - INFO - Train Loss: 0.3590 Acc: 0.8868
2026-01-02 09:03:53,436 - INFO -   [LR] Tasa de aprendizaje actual: 0.000003
2026-01-02 09:03:53,437 - INFO -   [Sin mejora Loss] Paciencia: 8/10
2026-01-02 09:03:53,438 - INFO - Val Loss: 0.4541 Acc: 0.8487
2026-01-02 09:03:53,438 - INFO - --- Época 103/150 ---
2026-01-02 09:04:39,213 - INFO - Train Loss: 0.3635 Acc: 0.8914
2026-01-02 09:04:42,077 - INFO -   [LR] Tasa de aprendizaje actual: 0.000003
2026-01-02 09:04:42,078 - INFO -   [Sin mejora Loss] Paciencia: 9/10
2026-01-02 09:04:42,079 - INFO - Val Loss: 0.4510 Acc: 0.8599
2026-01-02 09:04:42,080 - INFO - --- Época 104/150 ---
2026-01-02 09:05:27,023 - INFO - Train Loss: 0.3680 Acc: 0.8811
2026-01-02 09:05:29,805 - INFO -   [LR] Tasa de aprendizaje actual: 0.000003
2026-01-02 09:05:29,806 - INFO -   [Sin mejora Loss] Paciencia: 10/10
2026-01-02 09:05:29,807 - INFO - ¡EARLY STOPPING ACTIVADO! El modelo ya no mejora su pérdida.
2026-01-02 09:05:29,808 - INFO - Val Loss: 0.4459 Acc: 0.8543
2026-01-02 09:05:29,809 - INFO - Entrenamiento finalizado en 252m 27s
2026-01-02 09:05:29,810 - INFO - Mejor Val Acc lograda: 0.8627
2026-01-02 09:05:35,280 - INFO - Cargando el mejor modelo para la evaluación...
2026-01-02 09:05:37,017 - INFO - 
========================================
2026-01-02 09:05:37,018 - INFO - --- INICIANDO EVALUACIÓN EN TEST SET ---
2026-01-02 09:05:37,020 - INFO - ========================================
2026-01-02 09:05:40,287 - INFO - Calculando métricas estadísticas...
2026-01-02 09:05:40,296 - INFO - Generando matriz de confusión...
2026-01-02 09:05:40,557 - INFO - Gráfico guardado en: models/sbtaylor_kan_cotton\run_20260102_045301\confusion_matrix.png
2026-01-02 09:05:40,558 - INFO - Escribiendo reporte final...
2026-01-02 09:05:40,570 - INFO - Reporte de texto guardado en: models/sbtaylor_kan_cotton\run_20260102_045301\test_metrics_report.txt
2026-01-02 09:05:40,572 - INFO - --- EVALUACIÓN FINALIZADA ---
