2025-12-19 15:57:24,116 - INFO - Modelo SBTAYLOR_KAN.Net importado correctamente.
2025-12-19 15:57:24,118 - INFO - Los pesos del modelo se guardarán en: 'models/sbtaylor_kan_tiny_imagenet\run_20251219_155724\sbtaylor_kan.best_weights.pth'
2025-12-19 15:57:24,119 - INFO - El registro de entrenamiento se guardará en: 'models/sbtaylor_kan_tiny_imagenet\run_20251219_155724\training_run.log'
2025-12-19 15:57:24,145 - INFO - Versión de PyTorch: 2.9.0+cu126
2025-12-19 15:57:24,146 - INFO - ¿CUDA está disponible?: True
2025-12-19 15:57:24,147 - INFO - Versión de CUDA con la que PyTorch fue compilado: 12.6
2025-12-19 15:57:24,149 - INFO - Número de GPUs disponibles: 1
2025-12-19 15:57:24,154 - INFO - Nombre de la GPU actual: NVIDIA GeForce RTX 4090
2025-12-19 15:57:24,177 - INFO - --- Hyperparámetros de Entrenamiento ---
2025-12-19 15:57:24,179 - INFO - Batch Size: 64
2025-12-19 15:57:24,180 - INFO - Num Epochs: 250
2025-12-19 15:57:24,180 - INFO - Num Workers: 4
2025-12-19 15:58:49,015 - INFO - 
Usando dispositivo: cuda
2025-12-19 15:58:50,062 - INFO - Iniciando entrenamiento por 250 épocas...
2025-12-19 15:58:50,064 - INFO - Paciencia configurada: 20 épocas.
2025-12-19 15:58:50,065 - INFO - --- Época 1/250 ---
2025-12-19 15:59:17,236 - INFO - Train Loss: 2.3776 Acc: 0.1328
2025-12-19 15:59:19,214 - INFO -   [LR] Tasa de aprendizaje actual: 0.000999
2025-12-19 15:59:19,216 - INFO -   [Mejora Loss] inf -> 2.2005. Reseteando paciencia.
2025-12-19 15:59:19,217 - INFO - Val Loss: 2.2005 Acc: 0.2110
2025-12-19 15:59:19,675 - INFO -   [Nuevo Récord Acc] Guardado en: models/sbtaylor_kan_tiny_imagenet\run_20251219_155724\best_model.pth
2025-12-19 15:59:19,677 - INFO - --- Época 2/250 ---
2025-12-19 15:59:46,581 - INFO - Train Loss: 2.1393 Acc: 0.2120
2025-12-19 15:59:48,376 - INFO -   [LR] Tasa de aprendizaje actual: 0.001000
2025-12-19 15:59:48,377 - INFO -   [Mejora Loss] 2.2005 -> 2.0812. Reseteando paciencia.
2025-12-19 15:59:48,378 - INFO - Val Loss: 2.0812 Acc: 0.2330
2025-12-19 15:59:48,823 - INFO -   [Nuevo Récord Acc] Guardado en: models/sbtaylor_kan_tiny_imagenet\run_20251219_155724\best_model.pth
2025-12-19 15:59:48,825 - INFO - --- Época 3/250 ---
2025-12-19 16:00:15,575 - INFO - Train Loss: 2.0320 Acc: 0.2455
2025-12-19 16:00:17,528 - INFO -   [LR] Tasa de aprendizaje actual: 0.001000
2025-12-19 16:00:17,529 - INFO -   [Mejora Loss] 2.0812 -> 2.0089. Reseteando paciencia.
2025-12-19 16:00:17,530 - INFO - Val Loss: 2.0089 Acc: 0.2750
2025-12-19 16:00:18,027 - INFO -   [Nuevo Récord Acc] Guardado en: models/sbtaylor_kan_tiny_imagenet\run_20251219_155724\best_model.pth
2025-12-19 16:00:18,029 - INFO - --- Época 4/250 ---
2025-12-19 16:00:45,039 - INFO - Train Loss: 1.9963 Acc: 0.2553
2025-12-19 16:00:47,031 - INFO -   [LR] Tasa de aprendizaje actual: 0.001000
2025-12-19 16:00:47,032 - INFO -   [Mejora Loss] 2.0089 -> 1.9481. Reseteando paciencia.
2025-12-19 16:00:47,034 - INFO - Val Loss: 1.9481 Acc: 0.3080
2025-12-19 16:00:47,438 - INFO -   [Nuevo Récord Acc] Guardado en: models/sbtaylor_kan_tiny_imagenet\run_20251219_155724\best_model.pth
2025-12-19 16:00:47,439 - INFO - --- Época 5/250 ---
2025-12-19 16:01:13,961 - INFO - Train Loss: 1.9595 Acc: 0.2810
2025-12-19 16:01:15,897 - INFO -   [LR] Tasa de aprendizaje actual: 0.001000
2025-12-19 16:01:15,898 - INFO -   [Sin mejora Loss] Paciencia: 1/20
2025-12-19 16:01:15,899 - INFO - Val Loss: 1.9682 Acc: 0.2900
2025-12-19 16:01:15,900 - INFO - --- Época 6/250 ---
2025-12-19 16:01:42,446 - INFO - Train Loss: 1.9322 Acc: 0.2818
2025-12-19 16:01:44,410 - INFO -   [LR] Tasa de aprendizaje actual: 0.001000
2025-12-19 16:01:44,411 - INFO -   [Mejora Loss] 1.9481 -> 1.9068. Reseteando paciencia.
2025-12-19 16:01:44,411 - INFO - Val Loss: 1.9068 Acc: 0.3250
2025-12-19 16:01:44,874 - INFO -   [Nuevo Récord Acc] Guardado en: models/sbtaylor_kan_tiny_imagenet\run_20251219_155724\best_model.pth
2025-12-19 16:01:44,876 - INFO - --- Época 7/250 ---
2025-12-19 16:02:11,341 - INFO - Train Loss: 1.9029 Acc: 0.2970
2025-12-19 16:02:13,300 - INFO -   [LR] Tasa de aprendizaje actual: 0.001000
2025-12-19 16:02:13,301 - INFO -   [Mejora Loss] 1.9068 -> 1.8818. Reseteando paciencia.
2025-12-19 16:02:13,302 - INFO - Val Loss: 1.8818 Acc: 0.3240
2025-12-19 16:02:13,303 - INFO - --- Época 8/250 ---
2025-12-19 16:02:39,869 - INFO - Train Loss: 1.8866 Acc: 0.3133
2025-12-19 16:02:41,857 - INFO -   [LR] Tasa de aprendizaje actual: 0.001000
2025-12-19 16:02:41,857 - INFO -   [Mejora Loss] 1.8818 -> 1.8634. Reseteando paciencia.
2025-12-19 16:02:41,858 - INFO - Val Loss: 1.8634 Acc: 0.3570
2025-12-19 16:02:42,264 - INFO -   [Nuevo Récord Acc] Guardado en: models/sbtaylor_kan_tiny_imagenet\run_20251219_155724\best_model.pth
2025-12-19 16:02:42,266 - INFO - --- Época 9/250 ---
2025-12-19 16:03:07,870 - INFO - Train Loss: 1.8727 Acc: 0.3118
2025-12-19 16:03:09,712 - INFO -   [LR] Tasa de aprendizaje actual: 0.001000
2025-12-19 16:03:09,713 - INFO -   [Mejora Loss] 1.8634 -> 1.8416. Reseteando paciencia.
2025-12-19 16:03:09,714 - INFO - Val Loss: 1.8416 Acc: 0.3720
2025-12-19 16:03:10,160 - INFO -   [Nuevo Récord Acc] Guardado en: models/sbtaylor_kan_tiny_imagenet\run_20251219_155724\best_model.pth
2025-12-19 16:03:10,162 - INFO - --- Época 10/250 ---
2025-12-19 16:03:35,337 - INFO - Train Loss: 1.8584 Acc: 0.3230
2025-12-19 16:03:37,175 - INFO -   [LR] Tasa de aprendizaje actual: 0.001000
2025-12-19 16:03:37,176 - INFO -   [Mejora Loss] 1.8416 -> 1.8353. Reseteando paciencia.
2025-12-19 16:03:37,177 - INFO - Val Loss: 1.8353 Acc: 0.3780
2025-12-19 16:03:37,593 - INFO -   [Nuevo Récord Acc] Guardado en: models/sbtaylor_kan_tiny_imagenet\run_20251219_155724\best_model.pth
2025-12-19 16:03:37,595 - INFO - --- Época 11/250 ---
2025-12-19 16:04:02,894 - INFO - Train Loss: 1.8040 Acc: 0.3595
2025-12-19 16:04:04,727 - INFO -   [LR] Tasa de aprendizaje actual: 0.001000
2025-12-19 16:04:04,727 - INFO -   [Mejora Loss] 1.8353 -> 1.7594. Reseteando paciencia.
2025-12-19 16:04:04,728 - INFO - Val Loss: 1.7594 Acc: 0.3880
2025-12-19 16:04:05,152 - INFO -   [Nuevo Récord Acc] Guardado en: models/sbtaylor_kan_tiny_imagenet\run_20251219_155724\best_model.pth
2025-12-19 16:04:05,153 - INFO - --- Época 12/250 ---
2025-12-19 16:04:30,677 - INFO - Train Loss: 1.7695 Acc: 0.3660
2025-12-19 16:04:32,565 - INFO -   [LR] Tasa de aprendizaje actual: 0.001000
2025-12-19 16:04:32,566 - INFO -   [Mejora Loss] 1.7594 -> 1.7421. Reseteando paciencia.
2025-12-19 16:04:32,567 - INFO - Val Loss: 1.7421 Acc: 0.3900
2025-12-19 16:04:33,012 - INFO -   [Nuevo Récord Acc] Guardado en: models/sbtaylor_kan_tiny_imagenet\run_20251219_155724\best_model.pth
2025-12-19 16:04:33,014 - INFO - --- Época 13/250 ---
2025-12-19 16:04:58,492 - INFO - Train Loss: 1.7343 Acc: 0.3857
2025-12-19 16:05:00,394 - INFO -   [LR] Tasa de aprendizaje actual: 0.001000
2025-12-19 16:05:00,394 - INFO -   [Mejora Loss] 1.7421 -> 1.6879. Reseteando paciencia.
2025-12-19 16:05:00,395 - INFO - Val Loss: 1.6879 Acc: 0.4170
2025-12-19 16:05:00,815 - INFO -   [Nuevo Récord Acc] Guardado en: models/sbtaylor_kan_tiny_imagenet\run_20251219_155724\best_model.pth
2025-12-19 16:05:00,817 - INFO - --- Época 14/250 ---
2025-12-19 16:05:26,285 - INFO - Train Loss: 1.6984 Acc: 0.3995
2025-12-19 16:05:28,137 - INFO -   [LR] Tasa de aprendizaje actual: 0.001000
2025-12-19 16:05:28,138 - INFO -   [Mejora Loss] 1.6879 -> 1.6410. Reseteando paciencia.
2025-12-19 16:05:28,139 - INFO - Val Loss: 1.6410 Acc: 0.4380
2025-12-19 16:05:28,559 - INFO -   [Nuevo Récord Acc] Guardado en: models/sbtaylor_kan_tiny_imagenet\run_20251219_155724\best_model.pth
2025-12-19 16:05:28,561 - INFO - --- Época 15/250 ---
2025-12-19 16:05:54,315 - INFO - Train Loss: 1.6782 Acc: 0.4095
2025-12-19 16:05:56,134 - INFO -   [LR] Tasa de aprendizaje actual: 0.001000
2025-12-19 16:05:56,136 - INFO -   [Sin mejora Loss] Paciencia: 1/20
2025-12-19 16:05:56,137 - INFO - Val Loss: 1.6841 Acc: 0.4230
2025-12-19 16:05:56,138 - INFO - --- Época 16/250 ---
2025-12-19 16:06:21,556 - INFO - Train Loss: 1.6611 Acc: 0.4047
2025-12-19 16:06:23,402 - INFO -   [LR] Tasa de aprendizaje actual: 0.001000
2025-12-19 16:06:23,402 - INFO -   [Sin mejora Loss] Paciencia: 2/20
2025-12-19 16:06:23,403 - INFO - Val Loss: 1.6435 Acc: 0.4350
2025-12-19 16:06:23,404 - INFO - --- Época 17/250 ---
2025-12-19 16:06:48,495 - INFO - Train Loss: 1.6337 Acc: 0.4070
2025-12-19 16:06:50,346 - INFO -   [LR] Tasa de aprendizaje actual: 0.001000
2025-12-19 16:06:50,347 - INFO -   [Sin mejora Loss] Paciencia: 3/20
2025-12-19 16:06:50,348 - INFO - Val Loss: 1.6484 Acc: 0.4460
2025-12-19 16:06:50,825 - INFO -   [Nuevo Récord Acc] Guardado en: models/sbtaylor_kan_tiny_imagenet\run_20251219_155724\best_model.pth
2025-12-19 16:06:50,827 - INFO - --- Época 18/250 ---
2025-12-19 16:07:16,532 - INFO - Train Loss: 1.6090 Acc: 0.4315
2025-12-19 16:07:18,322 - INFO -   [LR] Tasa de aprendizaje actual: 0.001000
2025-12-19 16:07:18,323 - INFO -   [Mejora Loss] 1.6410 -> 1.6110. Reseteando paciencia.
2025-12-19 16:07:18,324 - INFO - Val Loss: 1.6110 Acc: 0.4410
2025-12-19 16:07:18,325 - INFO - --- Época 19/250 ---
2025-12-19 16:07:43,662 - INFO - Train Loss: 1.6010 Acc: 0.4295
2025-12-19 16:07:45,503 - INFO -   [LR] Tasa de aprendizaje actual: 0.001000
2025-12-19 16:07:45,504 - INFO -   [Mejora Loss] 1.6110 -> 1.6007. Reseteando paciencia.
2025-12-19 16:07:45,505 - INFO - Val Loss: 1.6007 Acc: 0.4750
2025-12-19 16:07:45,949 - INFO -   [Nuevo Récord Acc] Guardado en: models/sbtaylor_kan_tiny_imagenet\run_20251219_155724\best_model.pth
2025-12-19 16:07:45,950 - INFO - --- Época 20/250 ---
2025-12-19 16:08:12,807 - INFO - Train Loss: 1.5780 Acc: 0.4415
2025-12-19 16:08:14,783 - INFO -   [LR] Tasa de aprendizaje actual: 0.001000
2025-12-19 16:08:14,784 - INFO -   [Mejora Loss] 1.6007 -> 1.5706. Reseteando paciencia.
2025-12-19 16:08:14,785 - INFO - Val Loss: 1.5706 Acc: 0.4710
2025-12-19 16:08:14,786 - INFO - --- Época 21/250 ---
2025-12-19 16:08:41,676 - INFO - Train Loss: 1.5659 Acc: 0.4423
2025-12-19 16:08:43,620 - INFO -   [LR] Tasa de aprendizaje actual: 0.001000
2025-12-19 16:08:43,621 - INFO -   [Mejora Loss] 1.5706 -> 1.5617. Reseteando paciencia.
2025-12-19 16:08:43,623 - INFO - Val Loss: 1.5617 Acc: 0.4590
2025-12-19 16:08:43,624 - INFO - --- Época 22/250 ---
2025-12-19 16:09:10,101 - INFO - Train Loss: 1.5602 Acc: 0.4458
2025-12-19 16:09:12,062 - INFO -   [LR] Tasa de aprendizaje actual: 0.001000
2025-12-19 16:09:12,063 - INFO -   [Sin mejora Loss] Paciencia: 1/20
2025-12-19 16:09:12,064 - INFO - Val Loss: 1.5729 Acc: 0.4520
2025-12-19 16:09:12,065 - INFO - --- Época 23/250 ---
2025-12-19 16:09:38,906 - INFO - Train Loss: 1.5277 Acc: 0.4500
2025-12-19 16:09:40,872 - INFO -   [LR] Tasa de aprendizaje actual: 0.001000
2025-12-19 16:09:40,873 - INFO -   [Sin mejora Loss] Paciencia: 2/20
2025-12-19 16:09:40,874 - INFO - Val Loss: 1.5989 Acc: 0.4400
2025-12-19 16:09:40,875 - INFO - --- Época 24/250 ---
2025-12-19 16:10:07,649 - INFO - Train Loss: 1.5211 Acc: 0.4627
2025-12-19 16:10:09,599 - INFO -   [LR] Tasa de aprendizaje actual: 0.001000
2025-12-19 16:10:09,600 - INFO -   [Sin mejora Loss] Paciencia: 3/20
2025-12-19 16:10:09,601 - INFO - Val Loss: 1.5855 Acc: 0.4610
2025-12-19 16:10:09,601 - INFO - --- Época 25/250 ---
2025-12-19 16:10:36,459 - INFO - Train Loss: 1.5288 Acc: 0.4602
2025-12-19 16:10:38,403 - INFO -   [LR] Tasa de aprendizaje actual: 0.001000
2025-12-19 16:10:38,404 - INFO -   [Mejora Loss] 1.5617 -> 1.5102. Reseteando paciencia.
2025-12-19 16:10:38,406 - INFO - Val Loss: 1.5102 Acc: 0.4780
2025-12-19 16:10:38,833 - INFO -   [Nuevo Récord Acc] Guardado en: models/sbtaylor_kan_tiny_imagenet\run_20251219_155724\best_model.pth
2025-12-19 16:10:38,834 - INFO - --- Época 26/250 ---
2025-12-19 16:11:05,581 - INFO - Train Loss: 1.4988 Acc: 0.4720
2025-12-19 16:11:07,528 - INFO -   [LR] Tasa de aprendizaje actual: 0.001000
2025-12-19 16:11:07,529 - INFO -   [Sin mejora Loss] Paciencia: 1/20
2025-12-19 16:11:07,531 - INFO - Val Loss: 1.5154 Acc: 0.4740
2025-12-19 16:11:07,532 - INFO - --- Época 27/250 ---
2025-12-19 16:11:34,441 - INFO - Train Loss: 1.4964 Acc: 0.4667
2025-12-19 16:11:36,385 - INFO -   [LR] Tasa de aprendizaje actual: 0.001000
2025-12-19 16:11:36,386 - INFO -   [Mejora Loss] 1.5102 -> 1.5037. Reseteando paciencia.
2025-12-19 16:11:36,387 - INFO - Val Loss: 1.5037 Acc: 0.4850
2025-12-19 16:11:36,839 - INFO -   [Nuevo Récord Acc] Guardado en: models/sbtaylor_kan_tiny_imagenet\run_20251219_155724\best_model.pth
2025-12-19 16:11:36,840 - INFO - --- Época 28/250 ---
2025-12-19 16:12:03,480 - INFO - Train Loss: 1.4966 Acc: 0.4710
2025-12-19 16:12:05,422 - INFO -   [LR] Tasa de aprendizaje actual: 0.001000
2025-12-19 16:12:05,423 - INFO -   [Mejora Loss] 1.5037 -> 1.5006. Reseteando paciencia.
2025-12-19 16:12:05,424 - INFO - Val Loss: 1.5006 Acc: 0.4880
2025-12-19 16:12:05,841 - INFO -   [Nuevo Récord Acc] Guardado en: models/sbtaylor_kan_tiny_imagenet\run_20251219_155724\best_model.pth
2025-12-19 16:12:05,842 - INFO - --- Época 29/250 ---
2025-12-19 16:12:32,860 - INFO - Train Loss: 1.4591 Acc: 0.4795
2025-12-19 16:12:34,847 - INFO -   [LR] Tasa de aprendizaje actual: 0.001000
2025-12-19 16:12:34,848 - INFO -   [Mejora Loss] 1.5006 -> 1.4637. Reseteando paciencia.
2025-12-19 16:12:34,849 - INFO - Val Loss: 1.4637 Acc: 0.5140
2025-12-19 16:12:35,272 - INFO -   [Nuevo Récord Acc] Guardado en: models/sbtaylor_kan_tiny_imagenet\run_20251219_155724\best_model.pth
2025-12-19 16:12:35,274 - INFO - --- Época 30/250 ---
2025-12-19 16:13:01,689 - INFO - Train Loss: 1.4620 Acc: 0.4828
2025-12-19 16:13:03,650 - INFO -   [LR] Tasa de aprendizaje actual: 0.001000
2025-12-19 16:13:03,651 - INFO -   [Sin mejora Loss] Paciencia: 1/20
2025-12-19 16:13:03,652 - INFO - Val Loss: 1.5084 Acc: 0.4830
2025-12-19 16:13:03,653 - INFO - --- Época 31/250 ---
2025-12-19 16:13:30,634 - INFO - Train Loss: 1.4404 Acc: 0.4950
2025-12-19 16:13:32,633 - INFO -   [LR] Tasa de aprendizaje actual: 0.001000
2025-12-19 16:13:32,634 - INFO -   [Mejora Loss] 1.4637 -> 1.4421. Reseteando paciencia.
2025-12-19 16:13:32,635 - INFO - Val Loss: 1.4421 Acc: 0.5020
2025-12-19 16:13:32,637 - INFO - --- Época 32/250 ---
2025-12-19 16:13:59,552 - INFO - Train Loss: 1.4392 Acc: 0.4955
2025-12-19 16:14:01,580 - INFO -   [LR] Tasa de aprendizaje actual: 0.001000
2025-12-19 16:14:01,581 - INFO -   [Sin mejora Loss] Paciencia: 1/20
2025-12-19 16:14:01,582 - INFO - Val Loss: 1.5040 Acc: 0.4910
2025-12-19 16:14:01,583 - INFO - --- Época 33/250 ---
2025-12-19 16:14:28,407 - INFO - Train Loss: 1.4194 Acc: 0.5140
2025-12-19 16:14:30,379 - INFO -   [LR] Tasa de aprendizaje actual: 0.001000
2025-12-19 16:14:30,380 - INFO -   [Sin mejora Loss] Paciencia: 2/20
2025-12-19 16:14:30,381 - INFO - Val Loss: 1.4790 Acc: 0.5000
2025-12-19 16:14:30,382 - INFO - --- Época 34/250 ---
2025-12-19 16:14:57,156 - INFO - Train Loss: 1.3992 Acc: 0.4990
2025-12-19 16:14:59,091 - INFO -   [LR] Tasa de aprendizaje actual: 0.001000
2025-12-19 16:14:59,092 - INFO -   [Sin mejora Loss] Paciencia: 3/20
2025-12-19 16:14:59,093 - INFO - Val Loss: 1.4832 Acc: 0.4850
2025-12-19 16:14:59,094 - INFO - --- Época 35/250 ---
2025-12-19 16:15:26,123 - INFO - Train Loss: 1.4004 Acc: 0.5072
2025-12-19 16:15:28,080 - INFO -   [LR] Tasa de aprendizaje actual: 0.001000
2025-12-19 16:15:28,081 - INFO -   [Mejora Loss] 1.4421 -> 1.4385. Reseteando paciencia.
2025-12-19 16:15:28,082 - INFO - Val Loss: 1.4385 Acc: 0.5000
2025-12-19 16:15:28,083 - INFO - --- Época 36/250 ---
2025-12-19 16:15:55,144 - INFO - Train Loss: 1.3673 Acc: 0.5175
2025-12-19 16:15:57,113 - INFO -   [LR] Tasa de aprendizaje actual: 0.001000
2025-12-19 16:15:57,114 - INFO -   [Sin mejora Loss] Paciencia: 1/20
2025-12-19 16:15:57,115 - INFO - Val Loss: 1.4477 Acc: 0.4760
2025-12-19 16:15:57,116 - INFO - --- Época 37/250 ---
2025-12-19 16:16:23,870 - INFO - Train Loss: 1.3702 Acc: 0.5178
2025-12-19 16:16:25,795 - INFO -   [LR] Tasa de aprendizaje actual: 0.001000
2025-12-19 16:16:25,796 - INFO -   [Sin mejora Loss] Paciencia: 2/20
2025-12-19 16:16:25,797 - INFO - Val Loss: 1.4403 Acc: 0.5010
2025-12-19 16:16:25,798 - INFO - --- Época 38/250 ---
2025-12-19 16:16:52,571 - INFO - Train Loss: 1.3821 Acc: 0.5235
2025-12-19 16:16:54,591 - INFO -   [LR] Tasa de aprendizaje actual: 0.001000
2025-12-19 16:16:54,592 - INFO -   [Sin mejora Loss] Paciencia: 3/20
2025-12-19 16:16:54,593 - INFO - Val Loss: 1.5345 Acc: 0.4570
2025-12-19 16:16:54,594 - INFO - --- Época 39/250 ---
2025-12-19 16:17:21,584 - INFO - Train Loss: 1.3708 Acc: 0.5218
2025-12-19 16:17:23,542 - INFO -   [LR] Tasa de aprendizaje actual: 0.001000
2025-12-19 16:17:23,542 - INFO -   [Mejora Loss] 1.4385 -> 1.4242. Reseteando paciencia.
2025-12-19 16:17:23,543 - INFO - Val Loss: 1.4242 Acc: 0.5040
2025-12-19 16:17:23,544 - INFO - --- Época 40/250 ---
2025-12-19 16:17:50,567 - INFO - Train Loss: 1.3445 Acc: 0.5323
2025-12-19 16:17:52,320 - INFO -   [LR] Tasa de aprendizaje actual: 0.001000
2025-12-19 16:17:52,321 - INFO -   [Sin mejora Loss] Paciencia: 1/20
2025-12-19 16:17:52,323 - INFO - Val Loss: 1.4549 Acc: 0.5010
2025-12-19 16:17:52,324 - INFO - --- Época 41/250 ---
2025-12-19 16:18:18,896 - INFO - Train Loss: 1.3518 Acc: 0.5210
2025-12-19 16:18:20,843 - INFO -   [LR] Tasa de aprendizaje actual: 0.001000
2025-12-19 16:18:20,844 - INFO -   [Sin mejora Loss] Paciencia: 2/20
2025-12-19 16:18:20,845 - INFO - Val Loss: 1.4406 Acc: 0.4960
2025-12-19 16:18:20,847 - INFO - --- Época 42/250 ---
2025-12-19 16:18:47,446 - INFO - Train Loss: 1.3340 Acc: 0.5400
2025-12-19 16:18:49,319 - INFO -   [LR] Tasa de aprendizaje actual: 0.001000
2025-12-19 16:18:49,320 - INFO -   [Mejora Loss] 1.4242 -> 1.4211. Reseteando paciencia.
2025-12-19 16:18:49,321 - INFO - Val Loss: 1.4211 Acc: 0.5070
2025-12-19 16:18:49,322 - INFO - --- Época 43/250 ---
2025-12-19 16:19:16,461 - INFO - Train Loss: 1.3529 Acc: 0.5323
2025-12-19 16:19:18,324 - INFO -   [LR] Tasa de aprendizaje actual: 0.001000
2025-12-19 16:19:18,325 - INFO -   [Sin mejora Loss] Paciencia: 1/20
2025-12-19 16:19:18,326 - INFO - Val Loss: 1.4414 Acc: 0.5130
2025-12-19 16:19:18,327 - INFO - --- Época 44/250 ---
2025-12-19 16:19:45,206 - INFO - Train Loss: 1.3673 Acc: 0.5218
2025-12-19 16:19:47,172 - INFO -   [LR] Tasa de aprendizaje actual: 0.001000
2025-12-19 16:19:47,173 - INFO -   [Sin mejora Loss] Paciencia: 2/20
2025-12-19 16:19:47,173 - INFO - Val Loss: 1.4348 Acc: 0.4880
2025-12-19 16:19:47,174 - INFO - --- Época 45/250 ---
2025-12-19 16:20:13,920 - INFO - Train Loss: 1.3152 Acc: 0.5368
2025-12-19 16:20:15,703 - INFO -   [LR] Tasa de aprendizaje actual: 0.001000
2025-12-19 16:20:15,704 - INFO -   [Mejora Loss] 1.4211 -> 1.3854. Reseteando paciencia.
2025-12-19 16:20:15,705 - INFO - Val Loss: 1.3854 Acc: 0.5340
2025-12-19 16:20:16,217 - INFO -   [Nuevo Récord Acc] Guardado en: models/sbtaylor_kan_tiny_imagenet\run_20251219_155724\best_model.pth
2025-12-19 16:20:16,219 - INFO - --- Época 46/250 ---
2025-12-19 16:20:42,823 - INFO - Train Loss: 1.3021 Acc: 0.5547
2025-12-19 16:20:44,762 - INFO -   [LR] Tasa de aprendizaje actual: 0.001000
2025-12-19 16:20:44,763 - INFO -   [Sin mejora Loss] Paciencia: 1/20
2025-12-19 16:20:44,764 - INFO - Val Loss: 1.4238 Acc: 0.5030
2025-12-19 16:20:44,765 - INFO - --- Época 47/250 ---
2025-12-19 16:21:11,612 - INFO - Train Loss: 1.2995 Acc: 0.5450
2025-12-19 16:21:13,421 - INFO -   [LR] Tasa de aprendizaje actual: 0.001000
2025-12-19 16:21:13,422 - INFO -   [Mejora Loss] 1.3854 -> 1.3683. Reseteando paciencia.
2025-12-19 16:21:13,423 - INFO - Val Loss: 1.3683 Acc: 0.5200
2025-12-19 16:21:13,424 - INFO - --- Época 48/250 ---
2025-12-19 16:21:40,049 - INFO - Train Loss: 1.2995 Acc: 0.5485
2025-12-19 16:21:42,046 - INFO -   [LR] Tasa de aprendizaje actual: 0.001000
2025-12-19 16:21:42,047 - INFO -   [Sin mejora Loss] Paciencia: 1/20
2025-12-19 16:21:42,048 - INFO - Val Loss: 1.4184 Acc: 0.5160
2025-12-19 16:21:42,049 - INFO - --- Época 49/250 ---
2025-12-19 16:22:08,502 - INFO - Train Loss: 1.2839 Acc: 0.5590
2025-12-19 16:22:10,268 - INFO -   [LR] Tasa de aprendizaje actual: 0.001000
2025-12-19 16:22:10,268 - INFO -   [Sin mejora Loss] Paciencia: 2/20
2025-12-19 16:22:10,270 - INFO - Val Loss: 1.4218 Acc: 0.5190
2025-12-19 16:22:10,271 - INFO - --- Época 50/250 ---
2025-12-19 16:22:36,978 - INFO - Train Loss: 1.2564 Acc: 0.5537
2025-12-19 16:22:38,744 - INFO -   [LR] Tasa de aprendizaje actual: 0.001000
2025-12-19 16:22:38,745 - INFO -   [Sin mejora Loss] Paciencia: 3/20
2025-12-19 16:22:38,746 - INFO - Val Loss: 1.4319 Acc: 0.4900
2025-12-19 16:22:38,747 - INFO - --- Época 51/250 ---
2025-12-19 16:23:04,981 - INFO - Train Loss: 1.2689 Acc: 0.5483
2025-12-19 16:23:06,909 - INFO -   [LR] Tasa de aprendizaje actual: 0.001000
2025-12-19 16:23:06,911 - INFO -   [Sin mejora Loss] Paciencia: 4/20
2025-12-19 16:23:06,913 - INFO - Val Loss: 1.4292 Acc: 0.4940
2025-12-19 16:23:06,914 - INFO - --- Época 52/250 ---
2025-12-19 16:23:33,546 - INFO - Train Loss: 1.2634 Acc: 0.5567
2025-12-19 16:23:35,447 - INFO -   [LR] Tasa de aprendizaje actual: 0.001000
2025-12-19 16:23:35,448 - INFO -   [Sin mejora Loss] Paciencia: 5/20
2025-12-19 16:23:35,449 - INFO - Val Loss: 1.4060 Acc: 0.5240
2025-12-19 16:23:35,451 - INFO - --- Época 53/250 ---
2025-12-19 16:24:01,515 - INFO - Train Loss: 1.2315 Acc: 0.5733
2025-12-19 16:24:03,430 - INFO -   [LR] Tasa de aprendizaje actual: 0.001000
2025-12-19 16:24:03,431 - INFO -   [Sin mejora Loss] Paciencia: 6/20
2025-12-19 16:24:03,432 - INFO - Val Loss: 1.3733 Acc: 0.5280
2025-12-19 16:24:03,433 - INFO - --- Época 54/250 ---
2025-12-19 16:24:29,256 - INFO - Train Loss: 1.2358 Acc: 0.5737
2025-12-19 16:24:31,130 - INFO -   [LR] Tasa de aprendizaje actual: 0.001000
2025-12-19 16:24:31,131 - INFO -   [Sin mejora Loss] Paciencia: 7/20
2025-12-19 16:24:31,132 - INFO - Val Loss: 1.4122 Acc: 0.5080
2025-12-19 16:24:31,133 - INFO - --- Época 55/250 ---
2025-12-19 16:24:57,398 - INFO - Train Loss: 1.2323 Acc: 0.5715
2025-12-19 16:24:59,343 - INFO -   [LR] Tasa de aprendizaje actual: 0.001000
2025-12-19 16:24:59,344 - INFO -   [Sin mejora Loss] Paciencia: 8/20
2025-12-19 16:24:59,345 - INFO - Val Loss: 1.3732 Acc: 0.5150
2025-12-19 16:24:59,346 - INFO - --- Época 56/250 ---
2025-12-19 16:25:26,301 - INFO - Train Loss: 1.2106 Acc: 0.5880
2025-12-19 16:25:28,276 - INFO -   [LR] Tasa de aprendizaje actual: 0.001000
2025-12-19 16:25:28,278 - INFO -   [Sin mejora Loss] Paciencia: 9/20
2025-12-19 16:25:28,279 - INFO - Val Loss: 1.4030 Acc: 0.5230
2025-12-19 16:25:28,280 - INFO - --- Época 57/250 ---
2025-12-19 16:25:54,920 - INFO - Train Loss: 1.2163 Acc: 0.5735
2025-12-19 16:25:56,902 - INFO -   [LR] Tasa de aprendizaje actual: 0.001000
2025-12-19 16:25:56,904 - INFO -   [Sin mejora Loss] Paciencia: 10/20
2025-12-19 16:25:56,904 - INFO - Val Loss: 1.4389 Acc: 0.4980
2025-12-19 16:25:56,905 - INFO - --- Época 58/250 ---
2025-12-19 16:26:23,587 - INFO - Train Loss: 1.2293 Acc: 0.5650
2025-12-19 16:26:25,540 - INFO -   [LR] Tasa de aprendizaje actual: 0.001000
2025-12-19 16:26:25,541 - INFO -   [Sin mejora Loss] Paciencia: 11/20
2025-12-19 16:26:25,542 - INFO - Val Loss: 1.4061 Acc: 0.5160
2025-12-19 16:26:25,543 - INFO - --- Época 59/250 ---
2025-12-19 16:26:52,232 - INFO - Train Loss: 1.2092 Acc: 0.5793
2025-12-19 16:26:53,994 - INFO -   [LR] Tasa de aprendizaje actual: 0.001000
2025-12-19 16:26:53,995 - INFO -   [Sin mejora Loss] Paciencia: 12/20
2025-12-19 16:26:53,996 - INFO - Val Loss: 1.3845 Acc: 0.5340
2025-12-19 16:26:53,997 - INFO - --- Época 60/250 ---
2025-12-19 16:27:19,593 - INFO - Train Loss: 1.1915 Acc: 0.5840
2025-12-19 16:27:21,485 - INFO -   [LR] Tasa de aprendizaje actual: 0.001000
2025-12-19 16:27:21,486 - INFO -   [Mejora Loss] 1.3683 -> 1.3662. Reseteando paciencia.
2025-12-19 16:27:21,488 - INFO - Val Loss: 1.3662 Acc: 0.5490
2025-12-19 16:27:21,939 - INFO -   [Nuevo Récord Acc] Guardado en: models/sbtaylor_kan_tiny_imagenet\run_20251219_155724\best_model.pth
2025-12-19 16:27:21,941 - INFO - --- Época 61/250 ---
2025-12-19 16:27:48,155 - INFO - Train Loss: 1.2288 Acc: 0.5815
2025-12-19 16:27:50,093 - INFO -   [LR] Tasa de aprendizaje actual: 0.001000
2025-12-19 16:27:50,094 - INFO -   [Sin mejora Loss] Paciencia: 1/20
2025-12-19 16:27:50,095 - INFO - Val Loss: 1.4261 Acc: 0.5190
2025-12-19 16:27:50,096 - INFO - --- Época 62/250 ---
2025-12-19 16:28:16,624 - INFO - Train Loss: 1.1917 Acc: 0.5940
2025-12-19 16:28:18,571 - INFO -   [LR] Tasa de aprendizaje actual: 0.001000
2025-12-19 16:28:18,572 - INFO -   [Sin mejora Loss] Paciencia: 2/20
2025-12-19 16:28:18,573 - INFO - Val Loss: 1.3772 Acc: 0.5310
2025-12-19 16:28:18,574 - INFO - --- Época 63/250 ---
2025-12-19 16:28:44,827 - INFO - Train Loss: 1.1985 Acc: 0.5883
2025-12-19 16:28:46,789 - INFO -   [LR] Tasa de aprendizaje actual: 0.001000
2025-12-19 16:28:46,790 - INFO -   [Sin mejora Loss] Paciencia: 3/20
2025-12-19 16:28:46,791 - INFO - Val Loss: 1.3846 Acc: 0.5380
2025-12-19 16:28:46,792 - INFO - --- Época 64/250 ---
2025-12-19 16:29:12,639 - INFO - Train Loss: 1.1513 Acc: 0.6018
2025-12-19 16:29:14,415 - INFO -   [LR] Tasa de aprendizaje actual: 0.001000
2025-12-19 16:29:14,415 - INFO -   [Mejora Loss] 1.3662 -> 1.3538. Reseteando paciencia.
2025-12-19 16:29:14,417 - INFO - Val Loss: 1.3538 Acc: 0.5400
2025-12-19 16:29:14,418 - INFO - --- Época 65/250 ---
2025-12-19 16:29:40,666 - INFO - Train Loss: 1.1724 Acc: 0.5953
2025-12-19 16:29:42,434 - INFO -   [LR] Tasa de aprendizaje actual: 0.001000
2025-12-19 16:29:42,435 - INFO -   [Sin mejora Loss] Paciencia: 1/20
2025-12-19 16:29:42,435 - INFO - Val Loss: 1.3762 Acc: 0.5340
2025-12-19 16:29:42,436 - INFO - --- Época 66/250 ---
2025-12-19 16:30:08,667 - INFO - Train Loss: 1.1686 Acc: 0.5910
2025-12-19 16:30:10,610 - INFO -   [LR] Tasa de aprendizaje actual: 0.001000
2025-12-19 16:30:10,611 - INFO -   [Sin mejora Loss] Paciencia: 2/20
2025-12-19 16:30:10,612 - INFO - Val Loss: 1.3839 Acc: 0.5230
2025-12-19 16:30:10,613 - INFO - --- Época 67/250 ---
2025-12-19 16:30:37,021 - INFO - Train Loss: 1.1590 Acc: 0.5980
2025-12-19 16:30:38,993 - INFO -   [LR] Tasa de aprendizaje actual: 0.001000
2025-12-19 16:30:38,994 - INFO -   [Sin mejora Loss] Paciencia: 3/20
2025-12-19 16:30:38,996 - INFO - Val Loss: 1.4046 Acc: 0.5230
2025-12-19 16:30:38,997 - INFO - --- Época 68/250 ---
2025-12-19 16:31:05,983 - INFO - Train Loss: 1.1318 Acc: 0.6155
2025-12-19 16:31:07,792 - INFO -   [LR] Tasa de aprendizaje actual: 0.001000
2025-12-19 16:31:07,793 - INFO -   [Sin mejora Loss] Paciencia: 4/20
2025-12-19 16:31:07,794 - INFO - Val Loss: 1.3693 Acc: 0.5370
2025-12-19 16:31:07,795 - INFO - --- Época 69/250 ---
2025-12-19 16:31:34,568 - INFO - Train Loss: 1.1342 Acc: 0.6060
2025-12-19 16:31:36,488 - INFO -   [LR] Tasa de aprendizaje actual: 0.001000
2025-12-19 16:31:36,488 - INFO -   [Sin mejora Loss] Paciencia: 5/20
2025-12-19 16:31:36,490 - INFO - Val Loss: 1.3569 Acc: 0.5410
2025-12-19 16:31:36,491 - INFO - --- Época 70/250 ---
2025-12-19 16:32:03,159 - INFO - Train Loss: 1.1168 Acc: 0.6112
2025-12-19 16:32:05,130 - INFO -   [LR] Tasa de aprendizaje actual: 0.001000
2025-12-19 16:32:05,131 - INFO -   [Sin mejora Loss] Paciencia: 6/20
2025-12-19 16:32:05,133 - INFO - Val Loss: 1.3960 Acc: 0.5330
2025-12-19 16:32:05,134 - INFO - --- Época 71/250 ---
2025-12-19 16:32:31,711 - INFO - Train Loss: 1.1440 Acc: 0.6020
2025-12-19 16:32:33,639 - INFO -   [LR] Tasa de aprendizaje actual: 0.001000
2025-12-19 16:32:33,640 - INFO -   [Sin mejora Loss] Paciencia: 7/20
2025-12-19 16:32:33,641 - INFO - Val Loss: 1.3908 Acc: 0.5220
2025-12-19 16:32:33,642 - INFO - --- Época 72/250 ---
2025-12-19 16:33:00,145 - INFO - Train Loss: 1.1470 Acc: 0.6025
2025-12-19 16:33:02,109 - INFO -   [LR] Tasa de aprendizaje actual: 0.001000
2025-12-19 16:33:02,110 - INFO -   [Mejora Loss] 1.3538 -> 1.3433. Reseteando paciencia.
2025-12-19 16:33:02,111 - INFO - Val Loss: 1.3433 Acc: 0.5470
2025-12-19 16:33:02,112 - INFO - --- Época 73/250 ---
2025-12-19 16:33:28,840 - INFO - Train Loss: 1.1123 Acc: 0.6198
2025-12-19 16:33:30,830 - INFO -   [LR] Tasa de aprendizaje actual: 0.001000
2025-12-19 16:33:30,830 - INFO -   [Sin mejora Loss] Paciencia: 1/20
2025-12-19 16:33:30,831 - INFO - Val Loss: 1.3967 Acc: 0.5380
2025-12-19 16:33:30,832 - INFO - --- Época 74/250 ---
2025-12-19 16:33:57,604 - INFO - Train Loss: 1.1266 Acc: 0.6168
2025-12-19 16:33:59,553 - INFO -   [LR] Tasa de aprendizaje actual: 0.001000
2025-12-19 16:33:59,554 - INFO -   [Sin mejora Loss] Paciencia: 2/20
2025-12-19 16:33:59,555 - INFO - Val Loss: 1.3467 Acc: 0.5420
2025-12-19 16:33:59,555 - INFO - --- Época 75/250 ---
2025-12-19 16:34:26,070 - INFO - Train Loss: 1.0939 Acc: 0.6195
2025-12-19 16:34:28,017 - INFO -   [LR] Tasa de aprendizaje actual: 0.001000
2025-12-19 16:34:28,018 - INFO -   [Sin mejora Loss] Paciencia: 3/20
2025-12-19 16:34:28,019 - INFO - Val Loss: 1.3514 Acc: 0.5480
2025-12-19 16:34:28,020 - INFO - --- Época 76/250 ---
2025-12-19 16:34:54,876 - INFO - Train Loss: 1.1078 Acc: 0.6160
2025-12-19 16:34:57,095 - INFO -   [LR] Tasa de aprendizaje actual: 0.001000
2025-12-19 16:34:57,096 - INFO -   [Sin mejora Loss] Paciencia: 4/20
2025-12-19 16:34:57,097 - INFO - Val Loss: 1.3885 Acc: 0.5350
2025-12-19 16:34:57,097 - INFO - --- Época 77/250 ---
2025-12-19 16:35:24,721 - INFO - Train Loss: 1.0764 Acc: 0.6232
2025-12-19 16:35:26,650 - INFO -   [LR] Tasa de aprendizaje actual: 0.001000
2025-12-19 16:35:26,652 - INFO -   [Sin mejora Loss] Paciencia: 5/20
2025-12-19 16:35:26,653 - INFO - Val Loss: 1.3912 Acc: 0.5320
2025-12-19 16:35:26,655 - INFO - --- Época 78/250 ---
2025-12-19 16:35:53,438 - INFO - Train Loss: 1.0780 Acc: 0.6308
2025-12-19 16:35:55,160 - INFO -   [LR] Tasa de aprendizaje actual: 0.001000
2025-12-19 16:35:55,161 - INFO -   [Sin mejora Loss] Paciencia: 6/20
2025-12-19 16:35:55,161 - INFO - Val Loss: 1.3618 Acc: 0.5500
2025-12-19 16:35:55,580 - INFO -   [Nuevo Récord Acc] Guardado en: models/sbtaylor_kan_tiny_imagenet\run_20251219_155724\best_model.pth
2025-12-19 16:35:55,582 - INFO - --- Época 79/250 ---
2025-12-19 16:36:22,376 - INFO - Train Loss: 1.0525 Acc: 0.6402
2025-12-19 16:36:24,300 - INFO -   [LR] Tasa de aprendizaje actual: 0.001000
2025-12-19 16:36:24,301 - INFO -   [Sin mejora Loss] Paciencia: 7/20
2025-12-19 16:36:24,302 - INFO - Val Loss: 1.3609 Acc: 0.5360
2025-12-19 16:36:24,303 - INFO - --- Época 80/250 ---
2025-12-19 16:36:51,220 - INFO - Train Loss: 1.0759 Acc: 0.6228
2025-12-19 16:36:53,231 - INFO -   [LR] Tasa de aprendizaje actual: 0.001000
2025-12-19 16:36:53,232 - INFO -   [Sin mejora Loss] Paciencia: 8/20
2025-12-19 16:36:53,233 - INFO - Val Loss: 1.4175 Acc: 0.5170
2025-12-19 16:36:53,234 - INFO - --- Época 81/250 ---
2025-12-19 16:37:19,998 - INFO - Train Loss: 1.0651 Acc: 0.6260
2025-12-19 16:37:21,921 - INFO -   [LR] Tasa de aprendizaje actual: 0.001000
2025-12-19 16:37:21,922 - INFO -   [Sin mejora Loss] Paciencia: 9/20
2025-12-19 16:37:21,923 - INFO - Val Loss: 1.4000 Acc: 0.5340
2025-12-19 16:37:21,924 - INFO - --- Época 82/250 ---
2025-12-19 16:37:48,970 - INFO - Train Loss: 1.0575 Acc: 0.6320
2025-12-19 16:37:50,928 - INFO -   [LR] Tasa de aprendizaje actual: 0.001000
2025-12-19 16:37:50,929 - INFO -   [Sin mejora Loss] Paciencia: 10/20
2025-12-19 16:37:50,930 - INFO - Val Loss: 1.3885 Acc: 0.5330
2025-12-19 16:37:50,931 - INFO - --- Época 83/250 ---
2025-12-19 16:38:17,724 - INFO - Train Loss: 1.0228 Acc: 0.6500
2025-12-19 16:38:19,717 - INFO -   [LR] Tasa de aprendizaje actual: 0.001000
2025-12-19 16:38:19,718 - INFO -   [Sin mejora Loss] Paciencia: 11/20
2025-12-19 16:38:19,719 - INFO - Val Loss: 1.3864 Acc: 0.5370
2025-12-19 16:38:19,720 - INFO - --- Época 84/250 ---
2025-12-19 16:38:46,454 - INFO - Train Loss: 1.0380 Acc: 0.6428
2025-12-19 16:38:48,383 - INFO -   [LR] Tasa de aprendizaje actual: 0.001000
2025-12-19 16:38:48,383 - INFO -   [Sin mejora Loss] Paciencia: 12/20
2025-12-19 16:38:48,384 - INFO - Val Loss: 1.4013 Acc: 0.5430
2025-12-19 16:38:48,385 - INFO - --- Época 85/250 ---
2025-12-19 16:39:15,140 - INFO - Train Loss: 1.0519 Acc: 0.6448
2025-12-19 16:39:17,101 - INFO -   [LR] Tasa de aprendizaje actual: 0.001000
2025-12-19 16:39:17,102 - INFO -   [Sin mejora Loss] Paciencia: 13/20
2025-12-19 16:39:17,102 - INFO - Val Loss: 1.4029 Acc: 0.5230
2025-12-19 16:39:17,103 - INFO - --- Época 86/250 ---
2025-12-19 16:39:44,152 - INFO - Train Loss: 1.0297 Acc: 0.6430
2025-12-19 16:39:46,080 - INFO -   [LR] Tasa de aprendizaje actual: 0.001000
2025-12-19 16:39:46,081 - INFO -   [Sin mejora Loss] Paciencia: 14/20
2025-12-19 16:39:46,082 - INFO - Val Loss: 1.3968 Acc: 0.5420
2025-12-19 16:39:46,083 - INFO - --- Época 87/250 ---
2025-12-19 16:40:12,810 - INFO - Train Loss: 1.0319 Acc: 0.6415
2025-12-19 16:40:14,758 - INFO -   [LR] Tasa de aprendizaje actual: 0.001000
2025-12-19 16:40:14,759 - INFO -   [Sin mejora Loss] Paciencia: 15/20
2025-12-19 16:40:14,759 - INFO - Val Loss: 1.3985 Acc: 0.5360
2025-12-19 16:40:14,761 - INFO - --- Época 88/250 ---
2025-12-19 16:40:41,358 - INFO - Train Loss: 1.0542 Acc: 0.6358
2025-12-19 16:40:43,282 - INFO -   [LR] Tasa de aprendizaje actual: 0.001000
2025-12-19 16:40:43,283 - INFO -   [Sin mejora Loss] Paciencia: 16/20
2025-12-19 16:40:43,284 - INFO - Val Loss: 1.3849 Acc: 0.5500
2025-12-19 16:40:43,285 - INFO - --- Época 89/250 ---
2025-12-19 16:41:10,001 - INFO - Train Loss: 1.0365 Acc: 0.6478
2025-12-19 16:41:11,916 - INFO -   [LR] Tasa de aprendizaje actual: 0.001000
2025-12-19 16:41:11,916 - INFO -   [Sin mejora Loss] Paciencia: 17/20
2025-12-19 16:41:11,917 - INFO - Val Loss: 1.3947 Acc: 0.5420
2025-12-19 16:41:11,918 - INFO - --- Época 90/250 ---
2025-12-19 16:41:38,865 - INFO - Train Loss: 0.9694 Acc: 0.6675
2025-12-19 16:41:40,806 - INFO -   [LR] Tasa de aprendizaje actual: 0.001000
2025-12-19 16:41:40,807 - INFO -   [Sin mejora Loss] Paciencia: 18/20
2025-12-19 16:41:40,808 - INFO - Val Loss: 1.3996 Acc: 0.5280
2025-12-19 16:41:40,809 - INFO - --- Época 91/250 ---
2025-12-19 16:42:07,457 - INFO - Train Loss: 1.0107 Acc: 0.6495
2025-12-19 16:42:09,411 - INFO -   [LR] Tasa de aprendizaje actual: 0.001000
2025-12-19 16:42:09,412 - INFO -   [Sin mejora Loss] Paciencia: 19/20
2025-12-19 16:42:09,414 - INFO - Val Loss: 1.4081 Acc: 0.5290
2025-12-19 16:42:09,415 - INFO - --- Época 92/250 ---
2025-12-19 16:42:35,854 - INFO - Train Loss: 1.0228 Acc: 0.6498
2025-12-19 16:42:37,771 - INFO -   [LR] Tasa de aprendizaje actual: 0.001000
2025-12-19 16:42:37,772 - INFO -   [Sin mejora Loss] Paciencia: 20/20
2025-12-19 16:42:37,773 - INFO - ¡EARLY STOPPING ACTIVADO!
2025-12-19 16:42:37,774 - INFO - Val Loss: 1.3621 Acc: 0.5570
2025-12-19 16:42:38,218 - INFO -   [Nuevo Récord Acc] Guardado en: models/sbtaylor_kan_tiny_imagenet\run_20251219_155724\best_model.pth
2025-12-19 16:42:38,219 - INFO - Entrenamiento finalizado en 43m 48s
2025-12-19 16:42:38,221 - INFO - Mejor Val Acc lograda: 0.5570
2025-12-19 16:42:44,233 - INFO - Cargando el mejor modelo para la evaluación...
2025-12-19 16:42:45,450 - INFO - 
========================================
2025-12-19 16:42:45,452 - INFO - --- INICIANDO EVALUACIÓN EN TEST SET ---
2025-12-19 16:42:45,454 - INFO - ========================================
2025-12-19 16:42:47,520 - INFO - Calculando métricas estadísticas...
2025-12-19 16:42:47,536 - INFO - Generando matriz de confusión...
2025-12-19 16:42:47,913 - INFO - Gráfico guardado en: models/sbtaylor_kan_tiny_imagenet\run_20251219_155724\confusion_matrix.png
2025-12-19 16:42:47,915 - INFO - Escribiendo reporte final...
2025-12-19 16:42:47,925 - INFO - Reporte de texto guardado en: models/sbtaylor_kan_tiny_imagenet\run_20251219_155724\test_metrics_report.txt
2025-12-19 16:42:47,926 - INFO - --- EVALUACIÓN FINALIZADA ---
