2025-11-12 15:33:50,608 - INFO - Modelo SBTAYLOR_KAN.Net importado correctamente.
2025-11-12 15:33:50,609 - INFO - Los pesos del modelo se guardarán en: 'models/sbtaylor_kan_cotton\run_20251112_153347\sbtaylor_kan.best_weights.pth'
2025-11-12 15:33:50,611 - INFO - El registro de entrenamiento se guardará en: 'models/sbtaylor_kan_cotton\run_20251112_153347\training_run.log'
2025-11-12 15:33:52,030 - INFO - Versión de PyTorch: 2.9.0+cu126
2025-11-12 15:33:52,076 - INFO - ¿CUDA está disponible?: True
2025-11-12 15:33:52,078 - INFO - Versión de CUDA con la que PyTorch fue compilado: 12.6
2025-11-12 15:33:52,080 - INFO - Número de GPUs disponibles: 1
2025-11-12 15:33:52,086 - INFO - Nombre de la GPU actual: NVIDIA GeForce RTX 4090
2025-11-12 15:33:58,666 - INFO - --- Hyperparámetros de Entrenamiento ---
2025-11-12 15:33:58,668 - INFO - Batch Size: 32
2025-11-12 15:33:58,669 - INFO - Num Epochs: 300
2025-11-12 15:33:58,671 - INFO - Learning Rate: 0.0001
2025-11-12 15:33:58,672 - INFO - Num Classes: 4
2025-11-12 15:33:58,673 - INFO - Num Workers: 4
2025-11-12 15:34:01,582 - INFO - 
Cargando dataset de ./data...
2025-11-12 15:34:01,630 - INFO - Dataset cargado exitosamente.
2025-11-12 15:34:01,630 - INFO -   - 5160 imágenes de entrenamiento.
2025-11-12 15:34:01,630 - INFO -   - 120 imágenes de validación.
2025-11-12 15:34:08,925 - INFO - 
Usando dispositivo: cuda
