2025-11-09 01:20:14,334 - INFO - Modelo SBTAYLOR_KAN.Net importado correctamente.
2025-11-09 01:20:14,337 - INFO - Los pesos del modelo se guardarán en: 'models/sbtaylor_kan_imagenet\run_20251109_011916\sbtaylor_kan.best_weights.pth'
2025-11-09 01:20:14,338 - INFO - El registro de entrenamiento se guardará en: 'models/sbtaylor_kan_imagenet\run_20251109_011916\training_run.log'
2025-11-09 01:20:24,407 - INFO - Versión de PyTorch: 2.9.0+cu126
2025-11-09 01:20:24,440 - INFO - ¿CUDA está disponible?: True
2025-11-09 01:20:24,443 - INFO - Versión de CUDA con la que PyTorch fue compilado: 12.6
2025-11-09 01:20:24,446 - INFO - Número de GPUs disponibles: 1
2025-11-09 01:20:24,451 - INFO - Nombre de la GPU actual: NVIDIA GeForce RTX 4090
2025-11-09 01:20:46,451 - INFO - --- Hyperparámetros de Entrenamiento ---
2025-11-09 01:20:46,452 - INFO - Batch Size: 128
2025-11-09 01:20:46,454 - INFO - Num Epochs: 50
2025-11-09 01:20:46,455 - INFO - Learning Rate: 0.0001
2025-11-09 01:20:46,457 - INFO - Num Classes: 1000
2025-11-09 01:20:46,458 - INFO - Num Workers: 4
2025-11-09 01:20:56,542 - INFO - 
Cargando dataset de ImageNet...
2025-11-09 01:21:18,475 - INFO - Dataset cargado exitosamente.
2025-11-09 01:21:18,480 - INFO -   - 1281167 imágenes de entrenamiento.
2025-11-09 01:21:18,487 - INFO -   - 50000 imágenes de validación.
2025-11-09 01:21:18,529 - INFO - 
Usando dispositivo: cuda
2025-11-09 01:38:52,596 - INFO - 
--- INICIANDO ENTRENAMIENTO ---
2025-11-09 01:38:52,596 - INFO - 
--- Época 1/50 ---
2025-11-09 02:05:12,336 - INFO - Entrenamiento | Pérdida: 6.9289, Accuracy: 0.0010, Tiempo: 1579.74s
2025-11-09 02:06:50,422 - INFO - Validación    | Pérdida: 7.6395, Accuracy: 0.0010
2025-11-09 02:06:50,855 - INFO - [+] Mejora en val_loss. Guardando el mejor modelo en 'models/sbtaylor_kan_imagenet\run_20251109_011916\sbtaylor_kan.best_weights.pth'
2025-11-09 02:06:50,871 - INFO - 
--- Época 2/50 ---
2025-11-09 02:33:01,724 - INFO - Entrenamiento | Pérdida: 6.9159, Accuracy: 0.0010, Tiempo: 1570.85s
2025-11-09 02:34:38,813 - INFO - Validación    | Pérdida: 12.7137, Accuracy: 0.0009
2025-11-09 02:34:38,815 - INFO - 
--- Época 3/50 ---
2025-11-09 03:01:20,109 - INFO - Entrenamiento | Pérdida: 6.9159, Accuracy: 0.0010, Tiempo: 1601.29s
2025-11-09 03:02:59,421 - INFO - Validación    | Pérdida: 8.8995, Accuracy: 0.0010
2025-11-09 03:02:59,423 - INFO - 
--- Época 4/50 ---
2025-11-09 03:29:47,415 - INFO - Entrenamiento | Pérdida: 6.9164, Accuracy: 0.0010, Tiempo: 1607.99s
2025-11-09 03:31:24,618 - INFO - Validación    | Pérdida: 19236.7779, Accuracy: 0.0010
2025-11-09 03:31:24,620 - INFO - 
--- Época 5/50 ---
2025-11-09 03:58:19,073 - INFO - Entrenamiento | Pérdida: 6.9158, Accuracy: 0.0010, Tiempo: 1614.45s
2025-11-09 03:59:56,414 - INFO - Validación    | Pérdida: 8.1252, Accuracy: 0.0011
2025-11-09 03:59:56,416 - INFO - Tasa de aprendizaje reducida de 0.0001 a 1e-05
2025-11-09 03:59:56,417 - INFO - 
--- Época 6/50 ---
2025-11-09 04:54:27,003 - INFO - Entrenamiento | Pérdida: 6.9082, Accuracy: 0.0010, Tiempo: 3270.58s
2025-11-09 04:56:05,577 - INFO - Validación    | Pérdida: 8.1885, Accuracy: 0.0010
2025-11-09 04:56:05,579 - INFO - 
--- Época 7/50 ---
2025-11-09 05:38:30,730 - INFO - Entrenamiento | Pérdida: 6.9073, Accuracy: 0.0010, Tiempo: 2545.15s
2025-11-09 05:41:57,009 - INFO - Validación    | Pérdida: 7.2325, Accuracy: 0.0010
2025-11-09 05:41:57,626 - INFO - [+] Mejora en val_loss. Guardando el mejor modelo en 'models/sbtaylor_kan_imagenet\run_20251109_011916\sbtaylor_kan.best_weights.pth'
2025-11-09 05:41:57,629 - INFO - 
--- Época 8/50 ---
2025-11-09 06:38:28,603 - INFO - Entrenamiento | Pérdida: 6.9073, Accuracy: 0.0010, Tiempo: 3390.97s
2025-11-09 06:41:52,078 - INFO - Validación    | Pérdida: 7.3808, Accuracy: 0.0011
2025-11-09 06:41:52,081 - INFO - 
--- Época 9/50 ---
2025-11-09 07:09:42,745 - INFO - Entrenamiento | Pérdida: 6.9073, Accuracy: 0.0010, Tiempo: 1670.66s
2025-11-09 07:11:19,086 - INFO - Validación    | Pérdida: 7.2348, Accuracy: 0.0010
2025-11-09 07:11:19,091 - INFO - 
--- Época 10/50 ---
2025-11-09 07:37:14,052 - INFO - Entrenamiento | Pérdida: 6.9073, Accuracy: 0.0010, Tiempo: 1554.96s
2025-11-09 07:38:50,430 - INFO - Validación    | Pérdida: 7.2036, Accuracy: 0.0010
2025-11-09 07:38:50,853 - INFO - [+] Mejora en val_loss. Guardando el mejor modelo en 'models/sbtaylor_kan_imagenet\run_20251109_011916\sbtaylor_kan.best_weights.pth'
2025-11-09 07:38:50,854 - INFO - 
--- Época 11/50 ---
2025-11-09 08:04:44,465 - INFO - Entrenamiento | Pérdida: 6.9073, Accuracy: 0.0010, Tiempo: 1553.61s
2025-11-09 08:06:21,583 - INFO - Validación    | Pérdida: 7.1598, Accuracy: 0.0010
2025-11-09 08:06:22,017 - INFO - [+] Mejora en val_loss. Guardando el mejor modelo en 'models/sbtaylor_kan_imagenet\run_20251109_011916\sbtaylor_kan.best_weights.pth'
2025-11-09 08:06:22,018 - INFO - 
--- Época 12/50 ---
2025-11-09 08:32:30,262 - INFO - Entrenamiento | Pérdida: 6.9073, Accuracy: 0.0009, Tiempo: 1568.24s
2025-11-09 08:34:06,897 - INFO - Validación    | Pérdida: 7.2500, Accuracy: 0.0010
2025-11-09 08:34:06,897 - INFO - 
--- Época 13/50 ---
2025-11-09 09:00:05,256 - INFO - Entrenamiento | Pérdida: 6.9073, Accuracy: 0.0010, Tiempo: 1558.36s
2025-11-09 09:01:42,143 - INFO - Validación    | Pérdida: 7.1692, Accuracy: 0.0010
2025-11-09 09:01:42,143 - INFO - 
--- Época 14/50 ---
2025-11-09 09:27:40,461 - INFO - Entrenamiento | Pérdida: 6.9073, Accuracy: 0.0010, Tiempo: 1558.32s
2025-11-09 09:29:17,926 - INFO - Validación    | Pérdida: 7.6979, Accuracy: 0.0010
2025-11-09 09:29:17,926 - INFO - 
--- Época 15/50 ---
2025-11-09 09:55:15,917 - INFO - Entrenamiento | Pérdida: 6.9073, Accuracy: 0.0009, Tiempo: 1557.99s
2025-11-09 09:56:52,952 - INFO - Validación    | Pérdida: 7.3045, Accuracy: 0.0010
2025-11-09 09:56:52,952 - INFO - Tasa de aprendizaje reducida de 1e-05 a 1.0000000000000002e-06
2025-11-09 09:56:52,952 - INFO - 
--- Época 16/50 ---
2025-11-09 10:22:51,147 - INFO - Entrenamiento | Pérdida: 6.9066, Accuracy: 0.0010, Tiempo: 1558.19s
2025-11-09 10:24:28,482 - INFO - Validación    | Pérdida: 7.5067, Accuracy: 0.0010
2025-11-09 10:24:28,482 - INFO - 
--- Época 17/50 ---
2025-11-09 10:56:24,350 - INFO - Entrenamiento | Pérdida: 6.9064, Accuracy: 0.0010, Tiempo: 1915.87s
2025-11-09 10:58:23,253 - INFO - Validación    | Pérdida: 7.6626, Accuracy: 0.0010
2025-11-09 10:58:23,270 - INFO - 
--- Época 18/50 ---
2025-11-09 11:26:03,906 - INFO - Entrenamiento | Pérdida: 6.9063, Accuracy: 0.0010, Tiempo: 1660.64s
2025-11-09 11:27:40,680 - INFO - Validación    | Pérdida: 7.3852, Accuracy: 0.0010
2025-11-09 11:27:40,685 - INFO - 
--- Época 19/50 ---
2025-11-09 11:53:35,413 - INFO - Entrenamiento | Pérdida: 6.9063, Accuracy: 0.0010, Tiempo: 1554.73s
2025-11-09 11:55:12,015 - INFO - Validación    | Pérdida: 7.6572, Accuracy: 0.0010
2025-11-09 11:55:12,015 - INFO - Tasa de aprendizaje reducida de 1.0000000000000002e-06 a 1.0000000000000002e-07
2025-11-09 11:55:12,015 - INFO - 
--- Época 20/50 ---
2025-11-09 12:21:13,549 - INFO - Entrenamiento | Pérdida: 6.9061, Accuracy: 0.0010, Tiempo: 1561.53s
2025-11-09 12:22:50,861 - INFO - Validación    | Pérdida: 7.6062, Accuracy: 0.0010
2025-11-09 12:22:50,877 - INFO - 
--- Época 21/50 ---
2025-11-09 12:48:48,822 - INFO - Entrenamiento | Pérdida: 6.9061, Accuracy: 0.0010, Tiempo: 1557.94s
2025-11-09 12:50:26,175 - INFO - Validación    | Pérdida: 7.4135, Accuracy: 0.0010
2025-11-09 12:50:26,185 - INFO - 
--- Época 22/50 ---
2025-11-09 13:16:21,186 - INFO - Entrenamiento | Pérdida: 6.9061, Accuracy: 0.0010, Tiempo: 1555.00s
2025-11-09 13:17:57,512 - INFO - Validación    | Pérdida: 7.5082, Accuracy: 0.0010
2025-11-09 13:17:57,512 - INFO - 
--- Época 23/50 ---
2025-11-09 13:47:34,054 - INFO - Entrenamiento | Pérdida: 6.9061, Accuracy: 0.0010, Tiempo: 1776.54s
2025-11-09 13:49:34,860 - INFO - Validación    | Pérdida: 7.5712, Accuracy: 0.0010
2025-11-09 13:49:34,860 - INFO - Tasa de aprendizaje reducida de 1.0000000000000002e-07 a 1.0000000000000004e-08
2025-11-09 13:49:34,860 - INFO - 
--- Época 24/50 ---
2025-11-09 14:19:01,155 - INFO - Entrenamiento | Pérdida: 6.9061, Accuracy: 0.0010, Tiempo: 1766.29s
2025-11-09 14:20:40,683 - INFO - Validación    | Pérdida: 7.4943, Accuracy: 0.0010
2025-11-09 14:20:40,684 - INFO - 
--- Época 25/50 ---
2025-11-09 14:29:32,767 - INFO - Modelo SBTAYLOR_KAN.Net importado correctamente.
2025-11-09 14:29:32,769 - INFO - Los pesos del modelo se guardarán en: 'models/sbtaylor_kan_cotton\run_20251109_142923\sbtaylor_kan.best_weights.pth'
2025-11-09 14:29:32,772 - INFO - El registro de entrenamiento se guardará en: 'models/sbtaylor_kan_cotton\run_20251109_142923\training_run.log'
2025-11-09 14:29:36,061 - INFO - Versión de PyTorch: 2.9.0+cu126
2025-11-09 14:29:36,063 - INFO - ¿CUDA está disponible?: True
2025-11-09 14:29:36,065 - INFO - Versión de CUDA con la que PyTorch fue compilado: 12.6
2025-11-09 14:29:36,066 - INFO - Número de GPUs disponibles: 1
2025-11-09 14:29:36,067 - INFO - Nombre de la GPU actual: NVIDIA GeForce RTX 4090
2025-11-09 14:30:30,125 - INFO - 
Cargando dataset de ImageNet...
2025-11-09 14:30:30,167 - INFO - Dataset cargado exitosamente.
2025-11-09 14:30:30,169 - INFO -   - 1735 imágenes de entrenamiento.
2025-11-09 14:30:30,170 - INFO -   - 280 imágenes de validación.
2025-11-09 14:30:41,833 - INFO - 
Usando dispositivo: cuda
