2025-12-24 15:06:50,452 - INFO - Modelo SBTAYLOR_KAN.Net importado correctamente.
2025-12-24 15:06:50,454 - INFO - Los pesos del modelo se guardarán en: 'models/sbtaylor_kan_tiny_imagenet\run_20251224_150650\sbtaylor_kan.best_weights.pth'
2025-12-24 15:06:50,455 - INFO - El registro de entrenamiento se guardará en: 'models/sbtaylor_kan_tiny_imagenet\run_20251224_150650\training_run.log'
2025-12-24 15:06:50,486 - INFO - Versión de PyTorch: 2.9.0+cu126
2025-12-24 15:06:50,488 - INFO - ¿CUDA está disponible?: True
2025-12-24 15:06:50,489 - INFO - Versión de CUDA con la que PyTorch fue compilado: 12.6
2025-12-24 15:06:50,491 - INFO - Número de GPUs disponibles: 1
2025-12-24 15:06:50,495 - INFO - Nombre de la GPU actual: NVIDIA GeForce RTX 4090
2025-12-24 15:06:50,519 - INFO - --- Hyperparámetros de Entrenamiento ---
2025-12-24 15:06:50,521 - INFO - Batch Size: 64
2025-12-24 15:06:50,522 - INFO - Num Epochs: 250
2025-12-24 15:06:50,523 - INFO - Num Workers: 4
2025-12-24 15:07:26,156 - INFO - 
Usando dispositivo: cuda
2025-12-24 15:07:26,599 - INFO - Iniciando entrenamiento por 250 épocas...
2025-12-24 15:07:26,600 - INFO - Paciencia configurada: 50 épocas.
2025-12-24 15:07:26,602 - INFO - --- Época 1/250 ---
2025-12-24 16:00:44,761 - INFO - Train Loss: 2.1482 Acc: 0.2175
2025-12-24 16:00:46,919 - INFO -   [LR] Tasa de aprendizaje actual: 0.001000
2025-12-24 16:00:46,920 - INFO -   [Mejora Loss] inf -> 2.0485. Reseteando paciencia.
2025-12-24 16:00:46,922 - INFO - Val Loss: 2.0485 Acc: 0.2740
2025-12-24 16:00:47,005 - INFO -   [Nuevo Récord Acc] Guardado en: models/sbtaylor_kan_tiny_imagenet\run_20251224_150650\best_model.pth
2025-12-24 16:00:47,006 - INFO - --- Época 2/250 ---
