2025-12-17 04:05:25,483 - INFO - Modelo SBTAYLOR_KAN.Net importado correctamente.
2025-12-17 04:05:25,485 - INFO - Los pesos del modelo se guardarán en: 'models/sbtaylor_kan_tiny_imagenet\run_20251217_040525\sbtaylor_kan.best_weights.pth'
2025-12-17 04:05:25,487 - INFO - El registro de entrenamiento se guardará en: 'models/sbtaylor_kan_tiny_imagenet\run_20251217_040525\training_run.log'
2025-12-17 04:05:25,512 - INFO - Versión de PyTorch: 2.9.0+cu126
2025-12-17 04:05:25,514 - INFO - ¿CUDA está disponible?: True
2025-12-17 04:05:25,515 - INFO - Versión de CUDA con la que PyTorch fue compilado: 12.6
2025-12-17 04:05:25,517 - INFO - Número de GPUs disponibles: 1
2025-12-17 04:05:25,521 - INFO - Nombre de la GPU actual: NVIDIA GeForce RTX 4090
2025-12-17 04:05:25,547 - INFO - --- Hyperparámetros de Entrenamiento ---
2025-12-17 04:05:25,549 - INFO - Batch Size: 64
2025-12-17 04:05:25,551 - INFO - Num Epochs: 150
2025-12-17 04:05:25,552 - INFO - Learning Rate: 0.0001
2025-12-17 04:05:25,553 - INFO - Num Workers: 4
2025-12-17 04:06:17,984 - INFO - 
Usando dispositivo: cuda
2025-12-17 04:06:18,982 - INFO - Iniciando entrenamiento por 150 épocas...
2025-12-17 04:06:18,984 - INFO - Paciencia configurada: 10 épocas.
2025-12-17 04:06:18,985 - INFO - --- Época 1/150 ---
2025-12-17 04:07:09,664 - INFO - Iniciando entrenamiento por 150 épocas...
2025-12-17 04:07:09,665 - INFO - Paciencia configurada: 10 épocas.
2025-12-17 04:07:09,666 - INFO - --- Época 1/150 ---
