2025-11-12 15:41:46,203 - INFO - Modelo SBTAYLOR_KAN.Net importado correctamente.
2025-11-12 15:41:46,203 - INFO - Los pesos del modelo se guardarán en: 'models/sbtaylor_kan_cotton\run_20251112_154144\sbtaylor_kan.best_weights.pth'
2025-11-12 15:41:46,203 - INFO - El registro de entrenamiento se guardará en: 'models/sbtaylor_kan_cotton\run_20251112_154144\training_run.log'
2025-11-12 15:41:47,451 - INFO - Versión de PyTorch: 2.9.0+cu126
2025-11-12 15:41:47,472 - INFO - ¿CUDA está disponible?: True
2025-11-12 15:41:47,473 - INFO - Versión de CUDA con la que PyTorch fue compilado: 12.6
2025-11-12 15:41:47,475 - INFO - Número de GPUs disponibles: 1
2025-11-12 15:41:47,478 - INFO - Nombre de la GPU actual: NVIDIA GeForce RTX 4090
2025-11-12 15:41:48,445 - INFO - --- Hyperparámetros de Entrenamiento ---
2025-11-12 15:41:48,446 - INFO - Batch Size: 32
2025-11-12 15:41:48,447 - INFO - Num Epochs: 300
2025-11-12 15:41:48,447 - INFO - Learning Rate: 0.0001
2025-11-12 15:41:48,449 - INFO - Num Classes: 4
2025-11-12 15:41:48,450 - INFO - Num Workers: 4
2025-11-12 15:41:49,538 - INFO - 
Cargando dataset de ./data...
2025-11-12 15:41:49,586 - INFO - Dataset cargado exitosamente.
2025-11-12 15:41:49,588 - INFO -   - 5160 imágenes de entrenamiento.
2025-11-12 15:41:49,590 - INFO -   - 120 imágenes de validación.
2025-11-12 15:41:53,014 - INFO - 
Usando dispositivo: cuda
2025-11-12 15:43:50,785 - INFO - Aplicando pesos de clase a la función de pérdida CrossEntropyLoss.
2025-11-12 15:44:06,468 - INFO - 
--- INICIANDO ENTRENAMIENTO ---
2025-11-12 15:44:06,469 - INFO - 
--- Época 1/300 ---
